Namespace(batch_size=32, buffer_size=1, by_source=False, crop_pad_length=30, data='./acceptability_corpus/verb_classes_cola/dative', data_type='discriminator', dropout=0.5, embedding='glove.6B.300d', embedding_path='/scratch/asw462/models/elmo_encoder/elmo.emb', embedding_size=217, encoder_num_layers=2, encoder_path='/scratch/asw462/models/elmo_encoder/elmo.pth', encoding_size=528, encoding_type='lstm_pooling_classifier', epochs=1000, evaluate_train=False, experiment_name='experiment_linear_classifier_h_194_l_4_lr_0.0000_e_217_do_0.5', glove=False, gpu=True, hidden_size=194, imbalance=True, learning_rate=2e-05, lm_path=None, logs_dir='/scratch/asw462/logs/verb_classes_cola/dative', max_pool=False, model='linear_classifier', num_layers=4, output_dir='/scratch/asw462/logs/verb_classes_cola/outputs/dative', patience=20, preprocess_tokenizer='space', prints_per_stage=1, resume=True, resume_file=None, save_loc='/scratch/asw462/models/verb_classes_cola/dative', seed=1111, should_not_log=False, should_not_lowercase=False, should_not_preprocess_data=False, stages_per_epoch=2, train_embeddings=False, train_evaluate_interval=10, vocab_file='/scratch/asw462/data/vocab_100k.tsv')
======== General =======
Model: linear_classifier
GPU: True
Experiment Name: experiment_linear_classifier_h_194_l_4_lr_0.0000_e_217_do_0.5
Save location: /scratch/asw462/models/verb_classes_cola/dative
Logs dir: /scratch/asw462/logs/verb_classes_cola/dative
Timestamp: 2018/08/01 20:23:48
 
======== Data =======
Training set: 11015 examples
Validation set: 52 examples
Test set: 234 examples
 
======= Parameters =======
Learning Rate: 0.000020
Batch Size: 32
Epochs: 1000
Patience: 20
Stages per Epoch: 2
Embedding: 100004 x 217
Number of layers: 4
Hidden Size: 194
Encoder Size: 528
Resume: True
 
======= Model =======
LinearClassifierWithEncoder(
  (model): LinearClassifier(
    (dropout): Dropout(p=0.5)
    (enc2h): Linear(in_features=1056, out_features=194, bias=True)
    (h20): Linear(in_features=194, out_features=1, bias=True)
    (sigmoid): Sigmoid()
    (tanh): Tanh()
    (softmax): Softmax()
  )
  (encoder): LSTMPoolingClassifierWithELMo(
    (elmo): ELMOClassifier(
      (lm): LSTMLanguageModel(
        (dropout): Dropout(p=0.2)
        (embedding): Embedding(100003, 217)
        (lstm): LSTM(217, 891, num_layers=2, dropout=0.2)
        (fc): Linear(in_features=891, out_features=100003, bias=True)
      )
      (lstms): ModuleList(
        (0): LSTM(217, 891, batch_first=True)
        (1): LSTM(891, 891, batch_first=True)
      )
      (dropout): Dropout(p=0.2)
      (linear_comb): Linear(in_features=2, out_features=1, bias=True)
      (fc1): Linear(in_features=891, out_features=528, bias=True)
      (relu): ReLU()
      (out): Linear(in_features=528, out_features=1, bias=True)
      (sigmoid): Sigmoid()
    )
    (pooling_classifier): LSTMPoolingClassifier(
      (ih2h): LSTM(891, 528, num_layers=3, batch_first=True, dropout=0.2, bidirectional=True)
      (pool2o): Linear(in_features=1056, out_features=1, bias=True)
      (sigmoid): Sigmoid()
      (softmax): Softmax()
      (dropout): Dropout(p=0.2)
    )
  )
)
 
========= Epoch 1 =========
172/345: Matthews -0.21962, Accuracy: 44.23077, Loss: 0.149194305
344/345: Matthews -0.27196, Accuracy: 38.46154, Loss: 0.154621289
 
Best Matthews: 0.00000, Best Accuracy: 0.00000, Best Loss: inf at epoch 0
Time Elasped: 00:00:20
========= Epoch 2 =========
172/345: Matthews -0.20667, Accuracy: 38.46154, Loss: 0.157803260
344/345: Matthews -0.23674, Accuracy: 42.30769, Loss: 0.161730620
 
Best Matthews: 0.00000, Best Accuracy: 0.00000, Best Loss: inf at epoch 0
Time Elasped: 00:00:35
========= Epoch 3 =========
172/345: Matthews -0.17022, Accuracy: 42.30769, Loss: 0.160155535
344/345: Matthews -0.09452, Accuracy: 36.53846, Loss: 0.154223094
 
Best Matthews: 0.00000, Best Accuracy: 0.00000, Best Loss: inf at epoch 0
Time Elasped: 00:00:50
========= Epoch 4 =========
172/345: Matthews -0.22557, Accuracy: 36.53846, Loss: 0.158162851
344/345: Matthews -0.22557, Accuracy: 36.53846, Loss: 0.154346209
 
Best Matthews: 0.00000, Best Accuracy: 0.00000, Best Loss: inf at epoch 0
Time Elasped: 00:01:05
========= Epoch 5 =========
172/345: Matthews -0.20667, Accuracy: 38.46154, Loss: 0.155611020
344/345: Matthews -0.20667, Accuracy: 38.46154, Loss: 0.157598532
 
Best Matthews: 0.00000, Best Accuracy: 0.00000, Best Loss: inf at epoch 0
Time Elasped: 00:01:20
========= Epoch 6 =========
172/345: Matthews -0.20667, Accuracy: 38.46154, Loss: 0.157190690
344/345: Matthews -0.24505, Accuracy: 34.61538, Loss: 0.152033311
 
Best Matthews: 0.00000, Best Accuracy: 0.00000, Best Loss: inf at epoch 0
Time Elasped: 00:01:35
========= Epoch 7 =========
172/345: Matthews -0.24505, Accuracy: 34.61538, Loss: 0.153334535
344/345: Matthews -0.24505, Accuracy: 34.61538, Loss: 0.154356260
 
Best Matthews: 0.00000, Best Accuracy: 0.00000, Best Loss: inf at epoch 0
Time Elasped: 00:01:50
========= Epoch 8 =========
172/345: Matthews -0.16075, Accuracy: 36.53846, Loss: 0.150387388
344/345: Matthews -0.16075, Accuracy: 36.53846, Loss: 0.152425234
 
Best Matthews: 0.00000, Best Accuracy: 0.00000, Best Loss: inf at epoch 0
Time Elasped: 00:02:05
========= Epoch 9 =========
172/345: Matthews -0.16075, Accuracy: 36.53846, Loss: 0.154364788
344/345: Matthews -0.14145, Accuracy: 38.46154, Loss: 0.152509469
 
Best Matthews: 0.00000, Best Accuracy: 0.00000, Best Loss: inf at epoch 0
Time Elasped: 00:02:20
========= Epoch 10 =========
172/345: Matthews -0.17022, Accuracy: 42.30769, Loss: 0.151789262
344/345: Matthews -0.20137, Accuracy: 32.69231, Loss: 0.150597792
 
Best Matthews: 0.00000, Best Accuracy: 0.00000, Best Loss: inf at epoch 0
Time Elasped: 00:02:35
========= Epoch 11 =========
172/345: Matthews -0.12268, Accuracy: 40.38462, Loss: 0.151378100
344/345: Matthews -0.12268, Accuracy: 40.38462, Loss: 0.152904483
 
Best Matthews: 0.00000, Best Accuracy: 0.00000, Best Loss: inf at epoch 0
Time Elasped: 00:02:50
========= Epoch 12 =========
172/345: Matthews -0.10432, Accuracy: 42.30769, Loss: 0.150345215
344/345: Matthews -0.16075, Accuracy: 36.53846, Loss: 0.148725510
 
Best Matthews: 0.00000, Best Accuracy: 0.00000, Best Loss: inf at epoch 0
Time Elasped: 00:03:05
========= Epoch 13 =========
172/345: Matthews -0.08628, Accuracy: 44.23077, Loss: 0.151417833
344/345: Matthews -0.11462, Accuracy: 34.61538, Loss: 0.146178301
 
Best Matthews: 0.00000, Best Accuracy: 0.00000, Best Loss: inf at epoch 0
Time Elasped: 00:03:20
========= Epoch 14 =========
172/345: Matthews -0.17022, Accuracy: 42.30769, Loss: 0.153350903
344/345: Matthews -0.08628, Accuracy: 44.23077, Loss: 0.150271581
 
Best Matthews: 0.00000, Best Accuracy: 0.00000, Best Loss: inf at epoch 0
Time Elasped: 00:03:35
========= Epoch 15 =========
172/345: Matthews -0.08628, Accuracy: 44.23077, Loss: 0.149372568
344/345: Matthews -0.14145, Accuracy: 38.46154, Loss: 0.148114131
 
Best Matthews: 0.00000, Best Accuracy: 0.00000, Best Loss: inf at epoch 0
Time Elasped: 00:03:50
========= Epoch 16 =========
172/345: Matthews -0.08628, Accuracy: 44.23077, Loss: 0.148687005
344/345: Matthews -0.08628, Accuracy: 44.23077, Loss: 0.148575957
 
Best Matthews: 0.00000, Best Accuracy: 0.00000, Best Loss: inf at epoch 0
Time Elasped: 00:04:05
========= Epoch 17 =========
172/345: Matthews -0.07511, Accuracy: 38.46154, Loss: 0.144499229
344/345: Matthews -0.08628, Accuracy: 44.23077, Loss: 0.149537527
 
Best Matthews: 0.00000, Best Accuracy: 0.00000, Best Loss: inf at epoch 0
Time Elasped: 00:04:20
========= Epoch 18 =========
172/345: Matthews -0.08628, Accuracy: 44.23077, Loss: 0.151299972
344/345: Matthews -0.00197, Accuracy: 46.15385, Loss: 0.143606268
 
Best Matthews: 0.00000, Best Accuracy: 0.00000, Best Loss: inf at epoch 0
Time Elasped: 00:04:35
========= Epoch 19 =========
172/345: Matthews -0.08628, Accuracy: 44.23077, Loss: 0.146351823
344/345: Matthews -0.05626, Accuracy: 40.38462, Loss: 0.143718903
 
Best Matthews: 0.00000, Best Accuracy: 0.00000, Best Loss: inf at epoch 0
Time Elasped: 00:04:50
========= Epoch 20 =========
172/345: Matthews -0.08628, Accuracy: 44.23077, Loss: 0.147446596
344/345: Matthews -0.08628, Accuracy: 44.23077, Loss: 0.146799546
 
Best Matthews: 0.00000, Best Accuracy: 0.00000, Best Loss: inf at epoch 0
Time Elasped: 00:05:05
========= Epoch 21 =========
Early Stopping activated
 
Best Matthews: 0.00000, Best Accuracy: 0.00000, Best Loss: inf at epoch 0
Time Elasped: 00:05:17
Test Set:
0/0: Matthews 0.19899, Accuracy: 55.98291, Loss: 0.020195284
