Namespace(batch_size=32, buffer_size=1, by_source=False, crop_pad_length=30, data='./acceptability_corpus/verb_classes_cola/dative', data_type='discriminator', dropout=0.5, embedding='glove.6B.300d', embedding_path='/scratch/asw462/models/elmo_encoder/elmo.emb', embedding_size=217, encoder_num_layers=2, encoder_path='/scratch/asw462/models/elmo_encoder/elmo.pth', encoding_size=528, encoding_type='lstm_pooling_classifier', epochs=1000, evaluate_train=False, experiment_name='experiment_linear_classifier_h_136_l_3_lr_0.0001_e_217_do_0.5', glove=False, gpu=True, hidden_size=136, imbalance=True, learning_rate=0.00011, lm_path=None, logs_dir='/scratch/asw462/logs/verb_classes_cola/dative', max_pool=False, model='linear_classifier', num_layers=3, output_dir='/scratch/asw462/logs/verb_classes_cola/outputs/dative', patience=20, preprocess_tokenizer='space', prints_per_stage=1, resume=True, resume_file=None, save_loc='/scratch/asw462/models/verb_classes_cola/dative', seed=1111, should_not_log=False, should_not_lowercase=False, should_not_preprocess_data=False, stages_per_epoch=2, train_embeddings=False, train_evaluate_interval=10, vocab_file='/scratch/asw462/data/vocab_100k.tsv')
======== General =======
Model: linear_classifier
GPU: True
Experiment Name: experiment_linear_classifier_h_136_l_3_lr_0.0001_e_217_do_0.5
Save location: /scratch/asw462/models/verb_classes_cola/dative
Logs dir: /scratch/asw462/logs/verb_classes_cola/dative
Timestamp: 2018/08/01 20:23:14
 
======== Data =======
Training set: 11015 examples
Validation set: 52 examples
Test set: 234 examples
 
======= Parameters =======
Learning Rate: 0.000110
Batch Size: 32
Epochs: 1000
Patience: 20
Stages per Epoch: 2
Embedding: 100004 x 217
Number of layers: 3
Hidden Size: 136
Encoder Size: 528
Resume: True
 
======= Model =======
LinearClassifierWithEncoder(
  (model): LinearClassifier(
    (dropout): Dropout(p=0.5)
    (enc2h): Linear(in_features=1056, out_features=136, bias=True)
    (h20): Linear(in_features=136, out_features=1, bias=True)
    (sigmoid): Sigmoid()
    (tanh): Tanh()
    (softmax): Softmax()
  )
  (encoder): LSTMPoolingClassifierWithELMo(
    (elmo): ELMOClassifier(
      (lm): LSTMLanguageModel(
        (dropout): Dropout(p=0.2)
        (embedding): Embedding(100003, 217)
        (lstm): LSTM(217, 891, num_layers=2, dropout=0.2)
        (fc): Linear(in_features=891, out_features=100003, bias=True)
      )
      (lstms): ModuleList(
        (0): LSTM(217, 891, batch_first=True)
        (1): LSTM(891, 891, batch_first=True)
      )
      (dropout): Dropout(p=0.2)
      (linear_comb): Linear(in_features=2, out_features=1, bias=True)
      (fc1): Linear(in_features=891, out_features=528, bias=True)
      (relu): ReLU()
      (out): Linear(in_features=528, out_features=1, bias=True)
      (sigmoid): Sigmoid()
    )
    (pooling_classifier): LSTMPoolingClassifier(
      (ih2h): LSTM(891, 528, num_layers=3, batch_first=True, dropout=0.2, bidirectional=True)
      (pool2o): Linear(in_features=1056, out_features=1, bias=True)
      (sigmoid): Sigmoid()
      (softmax): Softmax()
      (dropout): Dropout(p=0.2)
    )
  )
)
 
========= Epoch 1 =========
172/345: Matthews -0.22557, Accuracy: 36.53846, Loss: 0.156895729
344/345: Matthews -0.16075, Accuracy: 36.53846, Loss: 0.158953960
 
Best Matthews: 0.00000, Best Accuracy: 0.00000, Best Loss: inf at epoch 0
Time Elasped: 00:00:22
========= Epoch 2 =========
172/345: Matthews -0.08805, Accuracy: 30.76923, Loss: 0.150283080
344/345: Matthews -0.02542, Accuracy: 36.53846, Loss: 0.146887706
 
Best Matthews: 0.00000, Best Accuracy: 0.00000, Best Loss: inf at epoch 0
Time Elasped: 00:00:40
========= Epoch 3 =========
172/345: Matthews 0.03045, Accuracy: 42.30769, Loss: 0.151355597
344/345: Matthews -0.18068, Accuracy: 34.61538, Loss: 0.149869130
 
Best Matthews: 0.03045, Best Accuracy: 42.30769, Best Loss: 0.151355597 at epoch 3
Time Elasped: 00:00:59
========= Epoch 4 =========
172/345: Matthews -0.12268, Accuracy: 40.38462, Loss: 0.148394713
344/345: Matthews -0.08628, Accuracy: 44.23077, Loss: 0.152583443
 
Best Matthews: 0.03045, Best Accuracy: 42.30769, Best Loss: 0.151355597 at epoch 3
Time Elasped: 00:01:16
========= Epoch 5 =========
172/345: Matthews -0.17022, Accuracy: 42.30769, Loss: 0.153589386
344/345: Matthews -0.08628, Accuracy: 44.23077, Loss: 0.157309385
 
Best Matthews: 0.03045, Best Accuracy: 42.30769, Best Loss: 0.151355597 at epoch 3
Time Elasped: 00:01:34
========= Epoch 6 =========
172/345: Matthews -0.08628, Accuracy: 44.23077, Loss: 0.146068894
344/345: Matthews -0.08628, Accuracy: 44.23077, Loss: 0.149845637
 
Best Matthews: 0.03045, Best Accuracy: 42.30769, Best Loss: 0.151355597 at epoch 3
Time Elasped: 00:01:51
========= Epoch 7 =========
172/345: Matthews 0.06575, Accuracy: 46.15385, Loss: 0.142265797
344/345: Matthews -0.08628, Accuracy: 44.23077, Loss: 0.153353636
 
Best Matthews: 0.06575, Best Accuracy: 46.15385, Best Loss: 0.142265797 at epoch 7
Time Elasped: 00:02:10
========= Epoch 8 =========
172/345: Matthews -0.08628, Accuracy: 44.23077, Loss: 0.148952943
344/345: Matthews 0.08310, Accuracy: 48.07692, Loss: 0.140337027
 
Best Matthews: 0.08310, Best Accuracy: 48.07692, Best Loss: 0.140337027 at epoch 8
Time Elasped: 00:02:30
========= Epoch 9 =========
172/345: Matthews -0.00197, Accuracy: 46.15385, Loss: 0.140210225
344/345: Matthews 0.10211, Accuracy: 42.30769, Loss: 0.142115675
 
Best Matthews: 0.10211, Best Accuracy: 42.30769, Best Loss: 0.142115675 at epoch 9
Time Elasped: 00:02:49
========= Epoch 10 =========
172/345: Matthews -0.00197, Accuracy: 46.15385, Loss: 0.145961110
344/345: Matthews -0.08628, Accuracy: 44.23077, Loss: 0.143669706
 
Best Matthews: 0.10211, Best Accuracy: 42.30769, Best Loss: 0.142115675 at epoch 9
Time Elasped: 00:03:06
========= Epoch 11 =========
172/345: Matthews 0.16935, Accuracy: 50.00000, Loss: 0.134500889
344/345: Matthews -0.00197, Accuracy: 46.15385, Loss: 0.142762037
 
Best Matthews: 0.16935, Best Accuracy: 50.00000, Best Loss: 0.134500889 at epoch 11
Time Elasped: 00:03:25
========= Epoch 12 =========
172/345: Matthews -0.08628, Accuracy: 44.23077, Loss: 0.145669414
344/345: Matthews -0.00197, Accuracy: 46.15385, Loss: 0.141250812
 
Best Matthews: 0.16935, Best Accuracy: 50.00000, Best Loss: 0.134500889 at epoch 11
Time Elasped: 00:03:42
========= Epoch 13 =========
172/345: Matthews -0.05083, Accuracy: 48.07692, Loss: 0.140021232
344/345: Matthews -0.08628, Accuracy: 44.23077, Loss: 0.155082171
 
Best Matthews: 0.16935, Best Accuracy: 50.00000, Best Loss: 0.134500889 at epoch 11
Time Elasped: 00:04:00
========= Epoch 14 =========
172/345: Matthews 0.15250, Accuracy: 55.76923, Loss: 0.137771661
344/345: Matthews -0.05083, Accuracy: 48.07692, Loss: 0.153275490
 
Best Matthews: 0.16935, Best Accuracy: 50.00000, Best Loss: 0.134500889 at epoch 11
Time Elasped: 00:04:17
========= Epoch 15 =========
172/345: Matthews 0.05083, Accuracy: 51.92308, Loss: 0.141857147
344/345: Matthews -0.00197, Accuracy: 46.15385, Loss: 0.143651054
 
Best Matthews: 0.16935, Best Accuracy: 50.00000, Best Loss: 0.134500889 at epoch 11
Time Elasped: 00:04:34
========= Epoch 16 =========
172/345: Matthews 0.13601, Accuracy: 46.15385, Loss: 0.139563395
344/345: Matthews 0.13500, Accuracy: 53.84615, Loss: 0.134228826
 
Best Matthews: 0.16935, Best Accuracy: 50.00000, Best Loss: 0.134500889 at epoch 11
Time Elasped: 00:04:52
========= Epoch 17 =========
172/345: Matthews 0.03326, Accuracy: 50.00000, Loss: 0.139971476
344/345: Matthews -0.00197, Accuracy: 46.15385, Loss: 0.144693796
 
Best Matthews: 0.16935, Best Accuracy: 50.00000, Best Loss: 0.134500889 at epoch 11
Time Elasped: 00:05:09
========= Epoch 18 =========
172/345: Matthews 0.26414, Accuracy: 42.30769, Loss: 0.128522763
344/345: Matthews 0.03326, Accuracy: 50.00000, Loss: 0.144415168
 
Best Matthews: 0.26414, Best Accuracy: 42.30769, Best Loss: 0.128522763 at epoch 18
Time Elasped: 00:05:28
========= Epoch 19 =========
172/345: Matthews -0.03326, Accuracy: 50.00000, Loss: 0.146829302
344/345: Matthews 0.01569, Accuracy: 48.07692, Loss: 0.149457125
 
Best Matthews: 0.26414, Best Accuracy: 42.30769, Best Loss: 0.128522763 at epoch 18
Time Elasped: 00:05:45
========= Epoch 20 =========
172/345: Matthews 0.31884, Accuracy: 50.00000, Loss: 0.137609592
344/345: Matthews 0.06575, Accuracy: 46.15385, Loss: 0.145121134
 
Best Matthews: 0.31884, Best Accuracy: 50.00000, Best Loss: 0.137609592 at epoch 20
Time Elasped: 00:06:04
========= Epoch 21 =========
172/345: Matthews 0.15250, Accuracy: 55.76923, Loss: 0.135387696
344/345: Matthews 0.08628, Accuracy: 55.76923, Loss: 0.143985097
 
Best Matthews: 0.31884, Best Accuracy: 50.00000, Best Loss: 0.137609592 at epoch 20
Time Elasped: 00:06:21
========= Epoch 22 =========
172/345: Matthews -0.00197, Accuracy: 46.15385, Loss: 0.145949602
344/345: Matthews 0.10038, Accuracy: 50.00000, Loss: 0.137587419
 
Best Matthews: 0.31884, Best Accuracy: 50.00000, Best Loss: 0.137609592 at epoch 20
Time Elasped: 00:06:39
========= Epoch 23 =========
172/345: Matthews 0.12268, Accuracy: 59.61538, Loss: 0.137504156
344/345: Matthews -0.03326, Accuracy: 50.00000, Loss: 0.147391007
 
Best Matthews: 0.31884, Best Accuracy: 50.00000, Best Loss: 0.137609592 at epoch 20
Time Elasped: 00:06:56
========= Epoch 24 =========
172/345: Matthews 0.23674, Accuracy: 57.69231, Loss: 0.129491861
344/345: Matthews -0.00197, Accuracy: 46.15385, Loss: 0.149549842
 
Best Matthews: 0.31884, Best Accuracy: 50.00000, Best Loss: 0.137609592 at epoch 20
Time Elasped: 00:07:14
========= Epoch 25 =========
172/345: Matthews 0.08310, Accuracy: 48.07692, Loss: 0.142064810
344/345: Matthews 0.18599, Accuracy: 51.92308, Loss: 0.136104822
 
Best Matthews: 0.31884, Best Accuracy: 50.00000, Best Loss: 0.137609592 at epoch 20
Time Elasped: 00:07:31
========= Epoch 26 =========
172/345: Matthews 0.03326, Accuracy: 50.00000, Loss: 0.145622263
344/345: Matthews 0.11766, Accuracy: 51.92308, Loss: 0.136779932
 
Best Matthews: 0.31884, Best Accuracy: 50.00000, Best Loss: 0.137609592 at epoch 20
Time Elasped: 00:07:48
========= Epoch 27 =========
172/345: Matthews 0.31884, Accuracy: 50.00000, Loss: 0.147596460
344/345: Matthews 0.01979, Accuracy: 55.76923, Loss: 0.139934329
 
Best Matthews: 0.31884, Best Accuracy: 50.00000, Best Loss: 0.137609592 at epoch 20
Time Elasped: 00:08:06
========= Epoch 28 =========
172/345: Matthews -0.00197, Accuracy: 46.15385, Loss: 0.143118189
344/345: Matthews 0.16935, Accuracy: 50.00000, Loss: 0.134068938
 
Best Matthews: 0.31884, Best Accuracy: 50.00000, Best Loss: 0.137609592 at epoch 20
Time Elasped: 00:08:23
========= Epoch 29 =========
172/345: Matthews 0.01569, Accuracy: 48.07692, Loss: 0.143938596
344/345: Matthews 0.25720, Accuracy: 51.92308, Loss: 0.136132635
 
Best Matthews: 0.31884, Best Accuracy: 50.00000, Best Loss: 0.137609592 at epoch 20
Time Elasped: 00:08:40
========= Epoch 30 =========
172/345: Matthews -0.06848, Accuracy: 46.15385, Loss: 0.144517899
344/345: Matthews 0.11766, Accuracy: 51.92308, Loss: 0.138591216
 
Best Matthews: 0.31884, Best Accuracy: 50.00000, Best Loss: 0.137609592 at epoch 20
Time Elasped: 00:08:58
========= Epoch 31 =========
172/345: Matthews 0.01569, Accuracy: 48.07692, Loss: 0.144901432
344/345: Matthews -0.10038, Accuracy: 50.00000, Loss: 0.151308830
 
Best Matthews: 0.31884, Best Accuracy: 50.00000, Best Loss: 0.137609592 at epoch 20
Time Elasped: 00:09:15
========= Epoch 32 =========
172/345: Matthews 0.24158, Accuracy: 50.00000, Loss: 0.145243223
344/345: Matthews 0.18599, Accuracy: 51.92308, Loss: 0.137963304
 
Best Matthews: 0.31884, Best Accuracy: 50.00000, Best Loss: 0.137609592 at epoch 20
Time Elasped: 00:09:33
========= Epoch 33 =========
172/345: Matthews -0.03326, Accuracy: 50.00000, Loss: 0.144440715
344/345: Matthews 0.25720, Accuracy: 51.92308, Loss: 0.131585433
 
Best Matthews: 0.31884, Best Accuracy: 50.00000, Best Loss: 0.137609592 at epoch 20
Time Elasped: 00:09:50
========= Epoch 34 =========
172/345: Matthews -0.06848, Accuracy: 46.15385, Loss: 0.143465060
344/345: Matthews 0.00197, Accuracy: 53.84615, Loss: 0.139578489
 
Best Matthews: 0.31884, Best Accuracy: 50.00000, Best Loss: 0.137609592 at epoch 20
Time Elasped: 00:10:07
========= Epoch 35 =========
172/345: Matthews 0.00197, Accuracy: 53.84615, Loss: 0.140908315
344/345: Matthews 0.31884, Accuracy: 50.00000, Loss: 0.140652372
 
Best Matthews: 0.31884, Best Accuracy: 50.00000, Best Loss: 0.137609592 at epoch 20
Time Elasped: 00:10:24
========= Epoch 36 =========
172/345: Matthews 0.06848, Accuracy: 53.84615, Loss: 0.137899069
344/345: Matthews 0.06848, Accuracy: 53.84615, Loss: 0.141245769
 
Best Matthews: 0.31884, Best Accuracy: 50.00000, Best Loss: 0.137609592 at epoch 20
Time Elasped: 00:10:42
========= Epoch 37 =========
172/345: Matthews 0.18825, Accuracy: 59.61538, Loss: 0.134840764
344/345: Matthews 0.27294, Accuracy: 53.84615, Loss: 0.136697366
 
Best Matthews: 0.31884, Best Accuracy: 50.00000, Best Loss: 0.137609592 at epoch 20
Time Elasped: 00:10:59
========= Epoch 38 =========
172/345: Matthews 0.00197, Accuracy: 53.84615, Loss: 0.137475646
344/345: Matthews 0.05083, Accuracy: 51.92308, Loss: 0.141400310
 
Best Matthews: 0.31884, Best Accuracy: 50.00000, Best Loss: 0.137609592 at epoch 20
Time Elasped: 00:11:17
========= Epoch 39 =========
172/345: Matthews -0.01569, Accuracy: 51.92308, Loss: 0.145510683
344/345: Matthews 0.00197, Accuracy: 53.84615, Loss: 0.145326468
 
Best Matthews: 0.31884, Best Accuracy: 50.00000, Best Loss: 0.137609592 at epoch 20
Time Elasped: 00:11:34
========= Epoch 40 =========
172/345: Matthews -0.03326, Accuracy: 50.00000, Loss: 0.147199246
344/345: Matthews -0.05083, Accuracy: 48.07692, Loss: 0.140203797
 
Best Matthews: 0.31884, Best Accuracy: 50.00000, Best Loss: 0.137609592 at epoch 20
Time Elasped: 00:11:51
========= Epoch 41 =========
Early Stopping activated
 
Best Matthews: 0.31884, Best Accuracy: 50.00000, Best Loss: 0.137609592 at epoch 20
Time Elasped: 00:12:03
Test Set:
0/0: Matthews 0.25394, Accuracy: 55.55556, Loss: 0.019380402
