Namespace(batch_size=32, buffer_size=1, by_source=False, crop_pad_length=30, data='./acceptability_corpus/verb_classes_cola/dative', data_type='discriminator', dropout=0.2, embedding='glove.6B.300d', embedding_path='/scratch/asw462/models/elmo_encoder/elmo.emb', embedding_size=217, encoder_num_layers=2, encoder_path='/scratch/asw462/models/elmo_encoder/elmo.pth', encoding_size=528, encoding_type='lstm_pooling_classifier', epochs=1000, evaluate_train=False, experiment_name='experiment_linear_classifier_h_127_l_1_lr_0.0001_e_217_do_0.2', glove=False, gpu=True, hidden_size=127, imbalance=True, learning_rate=0.00015, lm_path=None, logs_dir='/scratch/asw462/logs/verb_classes_cola/dative', max_pool=False, model='linear_classifier', num_layers=1, output_dir='/scratch/asw462/logs/verb_classes_cola/outputs/dative', patience=20, preprocess_tokenizer='space', prints_per_stage=1, resume=True, resume_file=None, save_loc='/scratch/asw462/models/verb_classes_cola/dative', seed=1111, should_not_log=False, should_not_lowercase=False, should_not_preprocess_data=False, stages_per_epoch=2, train_embeddings=False, train_evaluate_interval=10, vocab_file='/scratch/asw462/data/vocab_100k.tsv')
======== General =======
Model: linear_classifier
GPU: True
Experiment Name: experiment_linear_classifier_h_127_l_1_lr_0.0001_e_217_do_0.2
Save location: /scratch/asw462/models/verb_classes_cola/dative
Logs dir: /scratch/asw462/logs/verb_classes_cola/dative
Timestamp: 2018/08/01 21:17:21
 
======== Data =======
Training set: 11015 examples
Validation set: 52 examples
Test set: 234 examples
 
======= Parameters =======
Learning Rate: 0.000150
Batch Size: 32
Epochs: 1000
Patience: 20
Stages per Epoch: 2
Embedding: 100004 x 217
Number of layers: 1
Hidden Size: 127
Encoder Size: 528
Resume: True
 
======= Model =======
LinearClassifierWithEncoder(
  (model): LinearClassifier(
    (dropout): Dropout(p=0.2)
    (enc2h): Linear(in_features=1056, out_features=127, bias=True)
    (h20): Linear(in_features=127, out_features=1, bias=True)
    (sigmoid): Sigmoid()
    (tanh): Tanh()
    (softmax): Softmax()
  )
  (encoder): LSTMPoolingClassifierWithELMo(
    (elmo): ELMOClassifier(
      (lm): LSTMLanguageModel(
        (dropout): Dropout(p=0.2)
        (embedding): Embedding(100003, 217)
        (lstm): LSTM(217, 891, num_layers=2, dropout=0.2)
        (fc): Linear(in_features=891, out_features=100003, bias=True)
      )
      (lstms): ModuleList(
        (0): LSTM(217, 891, batch_first=True)
        (1): LSTM(891, 891, batch_first=True)
      )
      (dropout): Dropout(p=0.2)
      (linear_comb): Linear(in_features=2, out_features=1, bias=True)
      (fc1): Linear(in_features=891, out_features=528, bias=True)
      (relu): ReLU()
      (out): Linear(in_features=528, out_features=1, bias=True)
      (sigmoid): Sigmoid()
    )
    (pooling_classifier): LSTMPoolingClassifier(
      (ih2h): LSTM(891, 528, num_layers=3, batch_first=True, dropout=0.2, bidirectional=True)
      (pool2o): Linear(in_features=1056, out_features=1, bias=True)
      (sigmoid): Sigmoid()
      (softmax): Softmax()
      (dropout): Dropout(p=0.2)
    )
  )
)
 
========= Epoch 1 =========
172/345: Matthews -0.08805, Accuracy: 30.76923, Loss: 0.153996908
344/345: Matthews -0.20667, Accuracy: 38.46154, Loss: 0.151262668
 
Best Matthews: 0.00000, Best Accuracy: 0.00000, Best Loss: inf at epoch 0
Time Elasped: 00:00:22
========= Epoch 2 =========
172/345: Matthews 0.04849, Accuracy: 36.53846, Loss: 0.141170713
344/345: Matthews -0.03785, Accuracy: 42.30769, Loss: 0.152763339
 
Best Matthews: 0.04849, Best Accuracy: 36.53846, Best Loss: 0.141170713 at epoch 2
Time Elasped: 00:00:39
========= Epoch 3 =========
172/345: Matthews -0.15250, Accuracy: 44.23077, Loss: 0.160448790
344/345: Matthews -0.05626, Accuracy: 40.38462, Loss: 0.141748566
 
Best Matthews: 0.04849, Best Accuracy: 36.53846, Best Loss: 0.141170713 at epoch 2
Time Elasped: 00:00:55
========= Epoch 4 =========
172/345: Matthews -0.08628, Accuracy: 44.23077, Loss: 0.147418618
344/345: Matthews -0.10432, Accuracy: 42.30769, Loss: 0.142398046
 
Best Matthews: 0.04849, Best Accuracy: 36.53846, Best Loss: 0.141170713 at epoch 2
Time Elasped: 00:01:12
========= Epoch 5 =========
172/345: Matthews -0.08628, Accuracy: 44.23077, Loss: 0.146596413
344/345: Matthews 0.06689, Accuracy: 38.46154, Loss: 0.134322955
 
Best Matthews: 0.06689, Best Accuracy: 38.46154, Best Loss: 0.134322955 at epoch 5
Time Elasped: 00:01:30
========= Epoch 6 =========
172/345: Matthews -0.03785, Accuracy: 42.30769, Loss: 0.139518454
344/345: Matthews -0.17022, Accuracy: 42.30769, Loss: 0.152991891
 
Best Matthews: 0.06689, Best Accuracy: 38.46154, Best Loss: 0.134322955 at epoch 5
Time Elasped: 00:01:46
========= Epoch 7 =========
172/345: Matthews -0.09452, Accuracy: 36.53846, Loss: 0.142326080
344/345: Matthews -0.01979, Accuracy: 44.23077, Loss: 0.142366932
 
Best Matthews: 0.06689, Best Accuracy: 38.46154, Best Loss: 0.134322955 at epoch 5
Time Elasped: 00:02:02
========= Epoch 8 =========
172/345: Matthews -0.10432, Accuracy: 42.30769, Loss: 0.147157082
344/345: Matthews -0.07511, Accuracy: 38.46154, Loss: 0.141262293
 
Best Matthews: 0.06689, Best Accuracy: 38.46154, Best Loss: 0.134322955 at epoch 5
Time Elasped: 00:02:19
========= Epoch 9 =========
172/345: Matthews 0.03326, Accuracy: 50.00000, Loss: 0.139440197
344/345: Matthews -0.10432, Accuracy: 42.30769, Loss: 0.148679587
 
Best Matthews: 0.06689, Best Accuracy: 38.46154, Best Loss: 0.134322955 at epoch 5
Time Elasped: 00:02:35
========= Epoch 10 =========
172/345: Matthews 0.01569, Accuracy: 48.07692, Loss: 0.140109640
344/345: Matthews -0.10432, Accuracy: 42.30769, Loss: 0.139586770
 
Best Matthews: 0.06689, Best Accuracy: 38.46154, Best Loss: 0.134322955 at epoch 5
Time Elasped: 00:02:51
========= Epoch 11 =========
172/345: Matthews -0.10432, Accuracy: 42.30769, Loss: 0.149785977
344/345: Matthews 0.05083, Accuracy: 51.92308, Loss: 0.132531441
 
Best Matthews: 0.06689, Best Accuracy: 38.46154, Best Loss: 0.134322955 at epoch 5
Time Elasped: 00:03:08
========= Epoch 12 =========
172/345: Matthews -0.06575, Accuracy: 53.84615, Loss: 0.151510046
344/345: Matthews -0.04822, Accuracy: 55.76923, Loss: 0.141626376
 
Best Matthews: 0.06689, Best Accuracy: 38.46154, Best Loss: 0.134322955 at epoch 5
Time Elasped: 00:03:24
========= Epoch 13 =========
172/345: Matthews -0.03785, Accuracy: 42.30769, Loss: 0.146434711
344/345: Matthews -0.05083, Accuracy: 48.07692, Loss: 0.139243484
 
Best Matthews: 0.06689, Best Accuracy: 38.46154, Best Loss: 0.134322955 at epoch 5
Time Elasped: 00:03:41
========= Epoch 14 =========
172/345: Matthews 0.03326, Accuracy: 50.00000, Loss: 0.138758999
344/345: Matthews 0.29129, Accuracy: 46.15385, Loss: 0.127374631
 
Best Matthews: 0.29129, Best Accuracy: 46.15385, Best Loss: 0.127374631 at epoch 14
Time Elasped: 00:03:59
========= Epoch 15 =========
172/345: Matthews -0.05083, Accuracy: 48.07692, Loss: 0.141123845
344/345: Matthews -0.01979, Accuracy: 44.23077, Loss: 0.145216639
 
Best Matthews: 0.29129, Best Accuracy: 46.15385, Best Loss: 0.127374631 at epoch 14
Time Elasped: 00:04:15
========= Epoch 16 =========
172/345: Matthews -0.10038, Accuracy: 50.00000, Loss: 0.145506932
344/345: Matthews 0.04822, Accuracy: 44.23077, Loss: 0.139124595
 
Best Matthews: 0.29129, Best Accuracy: 46.15385, Best Loss: 0.127374631 at epoch 14
Time Elasped: 00:04:31
========= Epoch 17 =========
172/345: Matthews 0.08628, Accuracy: 55.76923, Loss: 0.130634069
344/345: Matthews 0.06848, Accuracy: 53.84615, Loss: 0.136511601
 
Best Matthews: 0.29129, Best Accuracy: 46.15385, Best Loss: 0.127374631 at epoch 14
Time Elasped: 00:04:48
========= Epoch 18 =========
172/345: Matthews -0.06575, Accuracy: 53.84615, Loss: 0.143625837
344/345: Matthews 0.11766, Accuracy: 51.92308, Loss: 0.131677022
 
Best Matthews: 0.29129, Best Accuracy: 46.15385, Best Loss: 0.127374631 at epoch 14
Time Elasped: 00:05:04
========= Epoch 19 =========
172/345: Matthews -0.06848, Accuracy: 46.15385, Loss: 0.142165954
344/345: Matthews -0.00197, Accuracy: 46.15385, Loss: 0.139587742
 
Best Matthews: 0.29129, Best Accuracy: 46.15385, Best Loss: 0.127374631 at epoch 14
Time Elasped: 00:05:21
========= Epoch 20 =========
172/345: Matthews 0.10432, Accuracy: 57.69231, Loss: 0.131972469
344/345: Matthews 0.04822, Accuracy: 44.23077, Loss: 0.139934292
 
Best Matthews: 0.29129, Best Accuracy: 46.15385, Best Loss: 0.127374631 at epoch 14
Time Elasped: 00:05:37
========= Epoch 21 =========
172/345: Matthews 0.06848, Accuracy: 53.84615, Loss: 0.137134130
344/345: Matthews 0.00197, Accuracy: 53.84615, Loss: 0.135042759
 
Best Matthews: 0.29129, Best Accuracy: 46.15385, Best Loss: 0.127374631 at epoch 14
Time Elasped: 00:05:54
========= Epoch 22 =========
172/345: Matthews 0.10038, Accuracy: 50.00000, Loss: 0.130779175
344/345: Matthews 0.24158, Accuracy: 50.00000, Loss: 0.128706419
 
Best Matthews: 0.29129, Best Accuracy: 46.15385, Best Loss: 0.127374631 at epoch 14
Time Elasped: 00:06:10
========= Epoch 23 =========
172/345: Matthews -0.06848, Accuracy: 46.15385, Loss: 0.136428778
344/345: Matthews 0.25720, Accuracy: 51.92308, Loss: 0.126939975
 
Best Matthews: 0.29129, Best Accuracy: 46.15385, Best Loss: 0.127374631 at epoch 14
Time Elasped: 00:06:27
========= Epoch 24 =========
172/345: Matthews 0.16935, Accuracy: 50.00000, Loss: 0.133379955
344/345: Matthews 0.20273, Accuracy: 53.84615, Loss: 0.131238057
 
Best Matthews: 0.29129, Best Accuracy: 46.15385, Best Loss: 0.127374631 at epoch 14
Time Elasped: 00:06:43
========= Epoch 25 =========
172/345: Matthews 0.20273, Accuracy: 53.84615, Loss: 0.130616940
344/345: Matthews 0.05083, Accuracy: 51.92308, Loss: 0.132868272
 
Best Matthews: 0.29129, Best Accuracy: 46.15385, Best Loss: 0.127374631 at epoch 14
Time Elasped: 00:06:59
========= Epoch 26 =========
172/345: Matthews 0.06848, Accuracy: 53.84615, Loss: 0.139695241
344/345: Matthews -0.04822, Accuracy: 55.76923, Loss: 0.134344229
 
Best Matthews: 0.29129, Best Accuracy: 46.15385, Best Loss: 0.127374631 at epoch 14
Time Elasped: 00:07:16
========= Epoch 27 =========
172/345: Matthews 0.15250, Accuracy: 55.76923, Loss: 0.134295152
344/345: Matthews 0.08310, Accuracy: 48.07692, Loss: 0.133924668
 
Best Matthews: 0.29129, Best Accuracy: 46.15385, Best Loss: 0.127374631 at epoch 14
Time Elasped: 00:07:32
========= Epoch 28 =========
172/345: Matthews 0.06575, Accuracy: 46.15385, Loss: 0.130692592
344/345: Matthews 0.24158, Accuracy: 50.00000, Loss: 0.133360991
 
Best Matthews: 0.29129, Best Accuracy: 46.15385, Best Loss: 0.127374631 at epoch 14
Time Elasped: 00:07:49
========= Epoch 29 =========
172/345: Matthews 0.34714, Accuracy: 53.84615, Loss: 0.124183453
344/345: Matthews 0.03326, Accuracy: 50.00000, Loss: 0.136139650
 
Best Matthews: 0.34714, Best Accuracy: 53.84615, Best Loss: 0.124183453 at epoch 29
Time Elasped: 00:08:07
========= Epoch 30 =========
172/345: Matthews -0.04822, Accuracy: 55.76923, Loss: 0.152881897
344/345: Matthews 0.20273, Accuracy: 53.84615, Loss: 0.131083709
 
Best Matthews: 0.34714, Best Accuracy: 53.84615, Best Loss: 0.124183453 at epoch 29
Time Elasped: 00:08:23
========= Epoch 31 =========
172/345: Matthews 0.10432, Accuracy: 57.69231, Loss: 0.124560622
344/345: Matthews 0.03326, Accuracy: 50.00000, Loss: 0.138480397
 
Best Matthews: 0.34714, Best Accuracy: 53.84615, Best Loss: 0.124183453 at epoch 29
Time Elasped: 00:08:39
========= Epoch 32 =========
172/345: Matthews 0.27294, Accuracy: 53.84615, Loss: 0.121652181
344/345: Matthews -0.01569, Accuracy: 51.92308, Loss: 0.142641508
 
Best Matthews: 0.34714, Best Accuracy: 53.84615, Best Loss: 0.124183453 at epoch 29
Time Elasped: 00:08:56
========= Epoch 33 =========
172/345: Matthews 0.25720, Accuracy: 51.92308, Loss: 0.125936756
344/345: Matthews 0.21962, Accuracy: 55.76923, Loss: 0.124980367
 
Best Matthews: 0.34714, Best Accuracy: 53.84615, Best Loss: 0.124183453 at epoch 29
Time Elasped: 00:09:12
========= Epoch 34 =========
172/345: Matthews -0.05083, Accuracy: 48.07692, Loss: 0.130745998
344/345: Matthews 0.20273, Accuracy: 53.84615, Loss: 0.124837949
 
Best Matthews: 0.34714, Best Accuracy: 53.84615, Best Loss: 0.124183453 at epoch 29
Time Elasped: 00:09:29
========= Epoch 35 =========
172/345: Matthews 0.11766, Accuracy: 51.92308, Loss: 0.133542675
344/345: Matthews 0.05083, Accuracy: 51.92308, Loss: 0.130103056
 
Best Matthews: 0.34714, Best Accuracy: 53.84615, Best Loss: 0.124183453 at epoch 29
Time Elasped: 00:09:45
========= Epoch 36 =========
172/345: Matthews -0.03326, Accuracy: 50.00000, Loss: 0.142204413
344/345: Matthews 0.13500, Accuracy: 53.84615, Loss: 0.129230628
 
Best Matthews: 0.34714, Best Accuracy: 53.84615, Best Loss: 0.124183453 at epoch 29
Time Elasped: 00:10:01
========= Epoch 37 =========
172/345: Matthews 0.13500, Accuracy: 53.84615, Loss: 0.131535952
344/345: Matthews -0.01233, Accuracy: 59.61538, Loss: 0.140682147
 
Best Matthews: 0.34714, Best Accuracy: 53.84615, Best Loss: 0.124183453 at epoch 29
Time Elasped: 00:10:18
========= Epoch 38 =========
172/345: Matthews 0.13500, Accuracy: 53.84615, Loss: 0.130520307
344/345: Matthews 0.20273, Accuracy: 53.84615, Loss: 0.128592363
 
Best Matthews: 0.34714, Best Accuracy: 53.84615, Best Loss: 0.124183453 at epoch 29
Time Elasped: 00:10:34
========= Epoch 39 =========
172/345: Matthews -0.01569, Accuracy: 51.92308, Loss: 0.141573282
344/345: Matthews 0.01979, Accuracy: 55.76923, Loss: 0.129932477
 
Best Matthews: 0.34714, Best Accuracy: 53.84615, Best Loss: 0.124183453 at epoch 29
Time Elasped: 00:10:51
========= Epoch 40 =========
172/345: Matthews 0.08628, Accuracy: 55.76923, Loss: 0.128525257
344/345: Matthews -0.01569, Accuracy: 51.92308, Loss: 0.137799648
 
Best Matthews: 0.34714, Best Accuracy: 53.84615, Best Loss: 0.124183453 at epoch 29
Time Elasped: 00:11:07
========= Epoch 41 =========
172/345: Matthews -0.01569, Accuracy: 51.92308, Loss: 0.140759706
344/345: Matthews 0.08628, Accuracy: 55.76923, Loss: 0.126536773
 
Best Matthews: 0.34714, Best Accuracy: 53.84615, Best Loss: 0.124183453 at epoch 29
Time Elasped: 00:11:23
========= Epoch 42 =========
172/345: Matthews 0.27294, Accuracy: 53.84615, Loss: 0.125219510
344/345: Matthews -0.01569, Accuracy: 51.92308, Loss: 0.139695993
 
Best Matthews: 0.34714, Best Accuracy: 53.84615, Best Loss: 0.124183453 at epoch 29
Time Elasped: 00:11:40
========= Epoch 43 =========
172/345: Matthews 0.29129, Accuracy: 46.15385, Loss: 0.126858739
344/345: Matthews -0.01569, Accuracy: 51.92308, Loss: 0.144071130
 
Best Matthews: 0.34714, Best Accuracy: 53.84615, Best Loss: 0.124183453 at epoch 29
Time Elasped: 00:11:56
========= Epoch 44 =========
172/345: Matthews 0.08310, Accuracy: 48.07692, Loss: 0.139659056
344/345: Matthews 0.27294, Accuracy: 53.84615, Loss: 0.123190623
 
Best Matthews: 0.34714, Best Accuracy: 53.84615, Best Loss: 0.124183453 at epoch 29
Time Elasped: 00:12:13
========= Epoch 45 =========
172/345: Matthews 0.08310, Accuracy: 48.07692, Loss: 0.133705616
344/345: Matthews 0.18825, Accuracy: 59.61538, Loss: 0.128166621
 
Best Matthews: 0.34714, Best Accuracy: 53.84615, Best Loss: 0.124183453 at epoch 29
Time Elasped: 00:12:29
========= Epoch 46 =========
172/345: Matthews 0.27196, Accuracy: 61.53846, Loss: 0.119571603
344/345: Matthews 0.06848, Accuracy: 53.84615, Loss: 0.141666834
 
Best Matthews: 0.34714, Best Accuracy: 53.84615, Best Loss: 0.124183453 at epoch 29
Time Elasped: 00:12:46
========= Epoch 47 =========
172/345: Matthews 0.08310, Accuracy: 48.07692, Loss: 0.131358990
344/345: Matthews 0.15250, Accuracy: 55.76923, Loss: 0.124458845
 
Best Matthews: 0.34714, Best Accuracy: 53.84615, Best Loss: 0.124183453 at epoch 29
Time Elasped: 00:13:02
========= Epoch 48 =========
172/345: Matthews 0.24158, Accuracy: 50.00000, Loss: 0.131258231
344/345: Matthews 0.27294, Accuracy: 53.84615, Loss: 0.122416955
 
Best Matthews: 0.34714, Best Accuracy: 53.84615, Best Loss: 0.124183453 at epoch 29
Time Elasped: 00:13:18
========= Epoch 49 =========
172/345: Matthews 0.27294, Accuracy: 53.84615, Loss: 0.123139748
344/345: Matthews 0.36168, Accuracy: 55.76923, Loss: 0.120463096
 
Best Matthews: 0.36168, Best Accuracy: 55.76923, Best Loss: 0.120463096 at epoch 49
Time Elasped: 00:13:36
========= Epoch 50 =========
172/345: Matthews 0.27294, Accuracy: 53.84615, Loss: 0.126709920
344/345: Matthews 0.08628, Accuracy: 55.76923, Loss: 0.136897133
 
Best Matthews: 0.36168, Best Accuracy: 55.76923, Best Loss: 0.120463096 at epoch 49
Time Elasped: 00:13:53
========= Epoch 51 =========
172/345: Matthews 0.27294, Accuracy: 53.84615, Loss: 0.128201677
344/345: Matthews 0.12268, Accuracy: 59.61538, Loss: 0.133371784
 
Best Matthews: 0.36168, Best Accuracy: 55.76923, Best Loss: 0.120463096 at epoch 49
Time Elasped: 00:14:09
========= Epoch 52 =========
172/345: Matthews 0.27294, Accuracy: 53.84615, Loss: 0.128206528
344/345: Matthews 0.05083, Accuracy: 51.92308, Loss: 0.128802951
 
Best Matthews: 0.36168, Best Accuracy: 55.76923, Best Loss: 0.120463096 at epoch 49
Time Elasped: 00:14:25
========= Epoch 53 =========
172/345: Matthews 0.15250, Accuracy: 55.76923, Loss: 0.128821235
344/345: Matthews 0.01569, Accuracy: 48.07692, Loss: 0.141650622
 
Best Matthews: 0.36168, Best Accuracy: 55.76923, Best Loss: 0.120463096 at epoch 49
Time Elasped: 00:14:42
========= Epoch 54 =========
172/345: Matthews 0.03326, Accuracy: 50.00000, Loss: 0.129073042
344/345: Matthews 0.01569, Accuracy: 48.07692, Loss: 0.136230946
 
Best Matthews: 0.36168, Best Accuracy: 55.76923, Best Loss: 0.120463096 at epoch 49
Time Elasped: 00:14:58
========= Epoch 55 =========
172/345: Matthews 0.01569, Accuracy: 48.07692, Loss: 0.134474919
344/345: Matthews 0.27294, Accuracy: 53.84615, Loss: 0.120328289
 
Best Matthews: 0.36168, Best Accuracy: 55.76923, Best Loss: 0.120463096 at epoch 49
Time Elasped: 00:15:15
========= Epoch 56 =========
172/345: Matthews 0.27294, Accuracy: 53.84615, Loss: 0.129381455
344/345: Matthews 0.10432, Accuracy: 57.69231, Loss: 0.127312449
 
Best Matthews: 0.36168, Best Accuracy: 55.76923, Best Loss: 0.120463096 at epoch 49
Time Elasped: 00:15:31
========= Epoch 57 =========
172/345: Matthews 0.05083, Accuracy: 51.92308, Loss: 0.139548779
344/345: Matthews 0.01569, Accuracy: 48.07692, Loss: 0.133980769
 
Best Matthews: 0.36168, Best Accuracy: 55.76923, Best Loss: 0.120463096 at epoch 49
Time Elasped: 00:15:47
========= Epoch 58 =========
172/345: Matthews 0.07511, Accuracy: 61.53846, Loss: 0.135534983
344/345: Matthews 0.05083, Accuracy: 51.92308, Loss: 0.125341122
 
Best Matthews: 0.36168, Best Accuracy: 55.76923, Best Loss: 0.120463096 at epoch 49
Time Elasped: 00:16:04
========= Epoch 59 =========
172/345: Matthews 0.03326, Accuracy: 50.00000, Loss: 0.135190432
344/345: Matthews 0.18599, Accuracy: 51.92308, Loss: 0.130155325
 
Best Matthews: 0.36168, Best Accuracy: 55.76923, Best Loss: 0.120463096 at epoch 49
Time Elasped: 00:16:20
========= Epoch 60 =========
172/345: Matthews 0.03326, Accuracy: 50.00000, Loss: 0.134255629
344/345: Matthews 0.20273, Accuracy: 53.84615, Loss: 0.123418835
 
Best Matthews: 0.36168, Best Accuracy: 55.76923, Best Loss: 0.120463096 at epoch 49
Time Elasped: 00:16:37
========= Epoch 61 =========
172/345: Matthews 0.30508, Accuracy: 57.69231, Loss: 0.118722668
344/345: Matthews 0.33288, Accuracy: 51.92308, Loss: 0.121133071
 
Best Matthews: 0.36168, Best Accuracy: 55.76923, Best Loss: 0.120463096 at epoch 49
Time Elasped: 00:16:53
========= Epoch 62 =========
172/345: Matthews 0.20273, Accuracy: 53.84615, Loss: 0.125830990
344/345: Matthews 0.27294, Accuracy: 53.84615, Loss: 0.123299874
 
Best Matthews: 0.36168, Best Accuracy: 55.76923, Best Loss: 0.120463096 at epoch 49
Time Elasped: 00:17:09
========= Epoch 63 =========
172/345: Matthews 0.10432, Accuracy: 57.69231, Loss: 0.128458271
344/345: Matthews 0.27294, Accuracy: 53.84615, Loss: 0.124751825
 
Best Matthews: 0.36168, Best Accuracy: 55.76923, Best Loss: 0.120463096 at epoch 49
Time Elasped: 00:17:26
========= Epoch 64 =========
172/345: Matthews 0.18599, Accuracy: 51.92308, Loss: 0.127637377
344/345: Matthews 0.27294, Accuracy: 53.84615, Loss: 0.121863182
 
Best Matthews: 0.36168, Best Accuracy: 55.76923, Best Loss: 0.120463096 at epoch 49
Time Elasped: 00:17:42
========= Epoch 65 =========
172/345: Matthews 0.15250, Accuracy: 55.76923, Loss: 0.120987030
344/345: Matthews 0.06848, Accuracy: 53.84615, Loss: 0.127899628
 
Best Matthews: 0.36168, Best Accuracy: 55.76923, Best Loss: 0.120463096 at epoch 49
Time Elasped: 00:17:59
========= Epoch 66 =========
172/345: Matthews 0.28889, Accuracy: 55.76923, Loss: 0.120784943
344/345: Matthews 0.28889, Accuracy: 55.76923, Loss: 0.119566917
 
Best Matthews: 0.36168, Best Accuracy: 55.76923, Best Loss: 0.120463096 at epoch 49
Time Elasped: 00:18:15
========= Epoch 67 =========
172/345: Matthews 0.17022, Accuracy: 57.69231, Loss: 0.125864983
344/345: Matthews 0.23674, Accuracy: 57.69231, Loss: 0.124444448
 
Best Matthews: 0.36168, Best Accuracy: 55.76923, Best Loss: 0.120463096 at epoch 49
Time Elasped: 00:18:31
========= Epoch 68 =========
172/345: Matthews 0.15250, Accuracy: 55.76923, Loss: 0.124077650
344/345: Matthews 0.05083, Accuracy: 51.92308, Loss: 0.131320623
 
Best Matthews: 0.36168, Best Accuracy: 55.76923, Best Loss: 0.120463096 at epoch 49
Time Elasped: 00:18:48
========= Epoch 69 =========
172/345: Matthews 0.20273, Accuracy: 53.84615, Loss: 0.132097318
344/345: Matthews 0.10038, Accuracy: 50.00000, Loss: 0.130474604
 
Best Matthews: 0.36168, Best Accuracy: 55.76923, Best Loss: 0.120463096 at epoch 49
Time Elasped: 00:19:04
========= Epoch 70 =========
Early Stopping activated
 
Best Matthews: 0.36168, Best Accuracy: 55.76923, Best Loss: 0.120463096 at epoch 49
Time Elasped: 00:19:14
Test Set:
0/0: Matthews 0.32513, Accuracy: 60.25641, Loss: 0.017994159
