Namespace(batch_size=32, buffer_size=1, by_source=False, crop_pad_length=30, data='./acceptability_corpus/verb_classes_cola/dative', data_type='discriminator', dropout=0.2, embedding='glove.6B.300d', embedding_path='/scratch/asw462/models/elmo_encoder/elmo.emb', embedding_size=217, encoder_num_layers=2, encoder_path='/scratch/asw462/models/elmo_encoder/elmo.pth', encoding_size=528, encoding_type='lstm_pooling_classifier', epochs=1000, evaluate_train=False, experiment_name='experiment_linear_classifier_h_130_l_1_lr_0.0000_e_217_do_0.2', glove=False, gpu=True, hidden_size=130, imbalance=True, learning_rate=1e-05, lm_path=None, logs_dir='/scratch/asw462/logs/verb_classes_cola/dative', max_pool=False, model='linear_classifier', num_layers=1, output_dir='/scratch/asw462/logs/verb_classes_cola/outputs/dative', patience=20, preprocess_tokenizer='space', prints_per_stage=1, resume=True, resume_file=None, save_loc='/scratch/asw462/models/verb_classes_cola/dative', seed=1111, should_not_log=False, should_not_lowercase=False, should_not_preprocess_data=False, stages_per_epoch=2, train_embeddings=False, train_evaluate_interval=10, vocab_file='/scratch/asw462/data/vocab_100k.tsv')
======== General =======
Model: linear_classifier
GPU: True
Experiment Name: experiment_linear_classifier_h_130_l_1_lr_0.0000_e_217_do_0.2
Save location: /scratch/asw462/models/verb_classes_cola/dative
Logs dir: /scratch/asw462/logs/verb_classes_cola/dative
Timestamp: 2018/08/01 20:27:28
 
======== Data =======
Training set: 11015 examples
Validation set: 52 examples
Test set: 234 examples
 
======= Parameters =======
Learning Rate: 0.000010
Batch Size: 32
Epochs: 1000
Patience: 20
Stages per Epoch: 2
Embedding: 100004 x 217
Number of layers: 1
Hidden Size: 130
Encoder Size: 528
Resume: True
 
======= Model =======
LinearClassifierWithEncoder(
  (model): LinearClassifier(
    (dropout): Dropout(p=0.2)
    (enc2h): Linear(in_features=1056, out_features=130, bias=True)
    (h20): Linear(in_features=130, out_features=1, bias=True)
    (sigmoid): Sigmoid()
    (tanh): Tanh()
    (softmax): Softmax()
  )
  (encoder): LSTMPoolingClassifierWithELMo(
    (elmo): ELMOClassifier(
      (lm): LSTMLanguageModel(
        (dropout): Dropout(p=0.2)
        (embedding): Embedding(100003, 217)
        (lstm): LSTM(217, 891, num_layers=2, dropout=0.2)
        (fc): Linear(in_features=891, out_features=100003, bias=True)
      )
      (lstms): ModuleList(
        (0): LSTM(217, 891, batch_first=True)
        (1): LSTM(891, 891, batch_first=True)
      )
      (dropout): Dropout(p=0.2)
      (linear_comb): Linear(in_features=2, out_features=1, bias=True)
      (fc1): Linear(in_features=891, out_features=528, bias=True)
      (relu): ReLU()
      (out): Linear(in_features=528, out_features=1, bias=True)
      (sigmoid): Sigmoid()
    )
    (pooling_classifier): LSTMPoolingClassifier(
      (ih2h): LSTM(891, 528, num_layers=3, batch_first=True, dropout=0.2, bidirectional=True)
      (pool2o): Linear(in_features=1056, out_features=1, bias=True)
      (sigmoid): Sigmoid()
      (softmax): Softmax()
      (dropout): Dropout(p=0.2)
    )
  )
)
 
========= Epoch 1 =========
172/345: Matthews -0.11766, Accuracy: 48.07692, Loss: 0.137030546
344/345: Matthews -0.21962, Accuracy: 44.23077, Loss: 0.146003842
 
Best Matthews: 0.00000, Best Accuracy: 0.00000, Best Loss: inf at epoch 0
Time Elasped: 00:00:22
========= Epoch 2 =========
172/345: Matthews -0.20273, Accuracy: 46.15385, Loss: 0.150724567
344/345: Matthews -0.10432, Accuracy: 42.30769, Loss: 0.149639405
 
Best Matthews: 0.00000, Best Accuracy: 0.00000, Best Loss: inf at epoch 0
Time Elasped: 00:00:39
========= Epoch 3 =========
172/345: Matthews -0.08628, Accuracy: 44.23077, Loss: 0.153856424
344/345: Matthews -0.08628, Accuracy: 44.23077, Loss: 0.153008085
 
Best Matthews: 0.00000, Best Accuracy: 0.00000, Best Loss: inf at epoch 0
Time Elasped: 00:00:56
========= Epoch 4 =========
172/345: Matthews -0.03785, Accuracy: 42.30769, Loss: 0.152543627
344/345: Matthews -0.01979, Accuracy: 44.23077, Loss: 0.153843861
 
Best Matthews: 0.00000, Best Accuracy: 0.00000, Best Loss: inf at epoch 0
Time Elasped: 00:01:13
========= Epoch 5 =========
172/345: Matthews -0.03785, Accuracy: 42.30769, Loss: 0.152343759
344/345: Matthews -0.01979, Accuracy: 44.23077, Loss: 0.154016770
 
Best Matthews: 0.00000, Best Accuracy: 0.00000, Best Loss: inf at epoch 0
Time Elasped: 00:01:30
========= Epoch 6 =========
172/345: Matthews -0.18825, Accuracy: 40.38462, Loss: 0.154967216
344/345: Matthews -0.07511, Accuracy: 38.46154, Loss: 0.152327427
 
Best Matthews: 0.00000, Best Accuracy: 0.00000, Best Loss: inf at epoch 0
Time Elasped: 00:01:47
========= Epoch 7 =========
172/345: Matthews -0.07511, Accuracy: 38.46154, Loss: 0.152194069
344/345: Matthews -0.03785, Accuracy: 42.30769, Loss: 0.153306393
 
Best Matthews: 0.00000, Best Accuracy: 0.00000, Best Loss: inf at epoch 0
Time Elasped: 00:02:04
========= Epoch 8 =========
172/345: Matthews -0.12268, Accuracy: 40.38462, Loss: 0.154794124
344/345: Matthews -0.07511, Accuracy: 38.46154, Loss: 0.151002673
 
Best Matthews: 0.00000, Best Accuracy: 0.00000, Best Loss: inf at epoch 0
Time Elasped: 00:02:21
========= Epoch 9 =========
172/345: Matthews -0.05626, Accuracy: 40.38462, Loss: 0.151927159
344/345: Matthews -0.05626, Accuracy: 40.38462, Loss: 0.152232253
 
Best Matthews: 0.00000, Best Accuracy: 0.00000, Best Loss: inf at epoch 0
Time Elasped: 00:02:39
========= Epoch 10 =========
172/345: Matthews -0.12268, Accuracy: 40.38462, Loss: 0.153504225
344/345: Matthews -0.05626, Accuracy: 40.38462, Loss: 0.152193867
 
Best Matthews: 0.00000, Best Accuracy: 0.00000, Best Loss: inf at epoch 0
Time Elasped: 00:02:56
========= Epoch 11 =========
172/345: Matthews -0.12268, Accuracy: 40.38462, Loss: 0.153029772
344/345: Matthews 0.01233, Accuracy: 40.38462, Loss: 0.150532016
 
Best Matthews: 0.01233, Best Accuracy: 40.38462, Best Loss: 0.150532016 at epoch 11
Time Elasped: 00:03:14
========= Epoch 12 =========
172/345: Matthews -0.05626, Accuracy: 40.38462, Loss: 0.151733417
344/345: Matthews -0.05626, Accuracy: 40.38462, Loss: 0.151325593
 
Best Matthews: 0.01233, Best Accuracy: 40.38462, Best Loss: 0.150532016 at epoch 11
Time Elasped: 00:03:31
========= Epoch 13 =========
172/345: Matthews 0.03045, Accuracy: 42.30769, Loss: 0.151231454
344/345: Matthews -0.14145, Accuracy: 38.46154, Loss: 0.151897320
 
Best Matthews: 0.03045, Best Accuracy: 42.30769, Best Loss: 0.151231454 at epoch 13
Time Elasped: 00:03:49
========= Epoch 14 =========
172/345: Matthews 0.03045, Accuracy: 42.30769, Loss: 0.151490101
344/345: Matthews 0.03045, Accuracy: 42.30769, Loss: 0.150804162
 
Best Matthews: 0.03045, Best Accuracy: 42.30769, Best Loss: 0.151231454 at epoch 13
Time Elasped: 00:04:06
========= Epoch 15 =========
172/345: Matthews -0.12268, Accuracy: 40.38462, Loss: 0.151274232
344/345: Matthews -0.05626, Accuracy: 40.38462, Loss: 0.151420080
 
Best Matthews: 0.03045, Best Accuracy: 42.30769, Best Loss: 0.151231454 at epoch 13
Time Elasped: 00:04:24
========= Epoch 16 =========
172/345: Matthews 0.03045, Accuracy: 42.30769, Loss: 0.150071456
344/345: Matthews -0.10432, Accuracy: 42.30769, Loss: 0.151655757
 
Best Matthews: 0.03045, Best Accuracy: 42.30769, Best Loss: 0.151231454 at epoch 13
Time Elasped: 00:04:41
========= Epoch 17 =========
172/345: Matthews -0.05626, Accuracy: 40.38462, Loss: 0.151044479
344/345: Matthews 0.03045, Accuracy: 42.30769, Loss: 0.149594105
 
Best Matthews: 0.03045, Best Accuracy: 42.30769, Best Loss: 0.151231454 at epoch 13
Time Elasped: 00:04:58
========= Epoch 18 =========
172/345: Matthews -0.05626, Accuracy: 40.38462, Loss: 0.150869755
344/345: Matthews -0.10432, Accuracy: 42.30769, Loss: 0.150819283
 
Best Matthews: 0.03045, Best Accuracy: 42.30769, Best Loss: 0.151231454 at epoch 13
Time Elasped: 00:05:15
========= Epoch 19 =========
172/345: Matthews 0.03045, Accuracy: 42.30769, Loss: 0.149285766
344/345: Matthews -0.10432, Accuracy: 42.30769, Loss: 0.150031447
 
Best Matthews: 0.03045, Best Accuracy: 42.30769, Best Loss: 0.151231454 at epoch 13
Time Elasped: 00:05:32
========= Epoch 20 =========
172/345: Matthews 0.03045, Accuracy: 42.30769, Loss: 0.148870817
344/345: Matthews -0.01979, Accuracy: 44.23077, Loss: 0.149699642
 
Best Matthews: 0.03045, Best Accuracy: 42.30769, Best Loss: 0.151231454 at epoch 13
Time Elasped: 00:05:49
========= Epoch 21 =========
172/345: Matthews -0.01979, Accuracy: 44.23077, Loss: 0.149940408
344/345: Matthews -0.08628, Accuracy: 44.23077, Loss: 0.150316193
 
Best Matthews: 0.03045, Best Accuracy: 42.30769, Best Loss: 0.151231454 at epoch 13
Time Elasped: 00:06:06
========= Epoch 22 =========
172/345: Matthews -0.01979, Accuracy: 44.23077, Loss: 0.149638479
344/345: Matthews -0.10432, Accuracy: 42.30769, Loss: 0.148506055
 
Best Matthews: 0.03045, Best Accuracy: 42.30769, Best Loss: 0.151231454 at epoch 13
Time Elasped: 00:06:23
========= Epoch 23 =========
172/345: Matthews -0.03785, Accuracy: 42.30769, Loss: 0.147978755
344/345: Matthews -0.10432, Accuracy: 42.30769, Loss: 0.148906634
 
Best Matthews: 0.03045, Best Accuracy: 42.30769, Best Loss: 0.151231454 at epoch 13
Time Elasped: 00:06:40
========= Epoch 24 =========
172/345: Matthews -0.01979, Accuracy: 44.23077, Loss: 0.149895705
344/345: Matthews -0.01979, Accuracy: 44.23077, Loss: 0.147383910
 
Best Matthews: 0.03045, Best Accuracy: 42.30769, Best Loss: 0.151231454 at epoch 13
Time Elasped: 00:06:57
========= Epoch 25 =========
172/345: Matthews -0.08628, Accuracy: 44.23077, Loss: 0.150014914
344/345: Matthews -0.01979, Accuracy: 44.23077, Loss: 0.147454115
 
Best Matthews: 0.03045, Best Accuracy: 42.30769, Best Loss: 0.151231454 at epoch 13
Time Elasped: 00:07:14
========= Epoch 26 =========
172/345: Matthews -0.01979, Accuracy: 44.23077, Loss: 0.146781894
344/345: Matthews -0.08628, Accuracy: 44.23077, Loss: 0.148495628
 
Best Matthews: 0.03045, Best Accuracy: 42.30769, Best Loss: 0.151231454 at epoch 13
Time Elasped: 00:07:31
========= Epoch 27 =========
172/345: Matthews -0.08628, Accuracy: 44.23077, Loss: 0.148390036
344/345: Matthews -0.08628, Accuracy: 44.23077, Loss: 0.148662118
 
Best Matthews: 0.03045, Best Accuracy: 42.30769, Best Loss: 0.151231454 at epoch 13
Time Elasped: 00:07:48
========= Epoch 28 =========
172/345: Matthews -0.08628, Accuracy: 44.23077, Loss: 0.148152489
344/345: Matthews -0.08628, Accuracy: 44.23077, Loss: 0.147737045
 
Best Matthews: 0.03045, Best Accuracy: 42.30769, Best Loss: 0.151231454 at epoch 13
Time Elasped: 00:08:05
========= Epoch 29 =========
172/345: Matthews -0.08628, Accuracy: 44.23077, Loss: 0.146072663
344/345: Matthews -0.08628, Accuracy: 44.23077, Loss: 0.147860380
 
Best Matthews: 0.03045, Best Accuracy: 42.30769, Best Loss: 0.151231454 at epoch 13
Time Elasped: 00:08:22
========= Epoch 30 =========
172/345: Matthews -0.08628, Accuracy: 44.23077, Loss: 0.145778234
344/345: Matthews -0.08628, Accuracy: 44.23077, Loss: 0.148062642
 
Best Matthews: 0.03045, Best Accuracy: 42.30769, Best Loss: 0.151231454 at epoch 13
Time Elasped: 00:08:39
========= Epoch 31 =========
172/345: Matthews -0.08628, Accuracy: 44.23077, Loss: 0.145808614
344/345: Matthews -0.08628, Accuracy: 44.23077, Loss: 0.146562072
 
Best Matthews: 0.03045, Best Accuracy: 42.30769, Best Loss: 0.151231454 at epoch 13
Time Elasped: 00:08:56
========= Epoch 32 =========
172/345: Matthews -0.08628, Accuracy: 44.23077, Loss: 0.146304827
344/345: Matthews -0.08628, Accuracy: 44.23077, Loss: 0.146550729
 
Best Matthews: 0.03045, Best Accuracy: 42.30769, Best Loss: 0.151231454 at epoch 13
Time Elasped: 00:09:13
========= Epoch 33 =========
172/345: Matthews -0.08628, Accuracy: 44.23077, Loss: 0.146295933
344/345: Matthews -0.08628, Accuracy: 44.23077, Loss: 0.146924001
 
Best Matthews: 0.03045, Best Accuracy: 42.30769, Best Loss: 0.151231454 at epoch 13
Time Elasped: 00:09:30
========= Epoch 34 =========
Early Stopping activated
 
Best Matthews: 0.03045, Best Accuracy: 42.30769, Best Loss: 0.151231454 at epoch 13
Time Elasped: 00:09:41
Test Set:
0/0: Matthews 0.17669, Accuracy: 55.12821, Loss: 0.020470106
