Namespace(batch_size=32, buffer_size=1, by_source=False, crop_pad_length=30, data='./acceptability_corpus/verb_classes_cola/dative', data_type='discriminator', dropout=0.5, embedding='glove.6B.300d', embedding_path='/scratch/asw462/models/elmo_encoder/elmo.emb', embedding_size=217, encoder_num_layers=2, encoder_path='/scratch/asw462/models/elmo_encoder/elmo.pth', encoding_size=528, encoding_type='lstm_pooling_classifier', epochs=1000, evaluate_train=False, experiment_name='experiment_linear_classifier_h_60_l_3_lr_0.0001_e_217_do_0.5', glove=False, gpu=True, hidden_size=60, imbalance=True, learning_rate=6e-05, lm_path=None, logs_dir='/scratch/asw462/logs/verb_classes_cola/dative', max_pool=False, model='linear_classifier', num_layers=3, output_dir='/scratch/asw462/logs/verb_classes_cola/outputs/dative', patience=20, preprocess_tokenizer='space', prints_per_stage=1, resume=True, resume_file=None, save_loc='/scratch/asw462/models/verb_classes_cola/dative', seed=1111, should_not_log=False, should_not_lowercase=False, should_not_preprocess_data=False, stages_per_epoch=2, train_embeddings=False, train_evaluate_interval=10, vocab_file='/scratch/asw462/data/vocab_100k.tsv')
======== General =======
Model: linear_classifier
GPU: True
Experiment Name: experiment_linear_classifier_h_60_l_3_lr_0.0001_e_217_do_0.5
Save location: /scratch/asw462/models/verb_classes_cola/dative
Logs dir: /scratch/asw462/logs/verb_classes_cola/dative
Timestamp: 2018/08/01 20:22:39
 
======== Data =======
Training set: 11015 examples
Validation set: 52 examples
Test set: 234 examples
 
======= Parameters =======
Learning Rate: 0.000060
Batch Size: 32
Epochs: 1000
Patience: 20
Stages per Epoch: 2
Embedding: 100004 x 217
Number of layers: 3
Hidden Size: 60
Encoder Size: 528
Resume: True
 
======= Model =======
LinearClassifierWithEncoder(
  (model): LinearClassifier(
    (dropout): Dropout(p=0.5)
    (enc2h): Linear(in_features=1056, out_features=60, bias=True)
    (h20): Linear(in_features=60, out_features=1, bias=True)
    (sigmoid): Sigmoid()
    (tanh): Tanh()
    (softmax): Softmax()
  )
  (encoder): LSTMPoolingClassifierWithELMo(
    (elmo): ELMOClassifier(
      (lm): LSTMLanguageModel(
        (dropout): Dropout(p=0.2)
        (embedding): Embedding(100003, 217)
        (lstm): LSTM(217, 891, num_layers=2, dropout=0.2)
        (fc): Linear(in_features=891, out_features=100003, bias=True)
      )
      (lstms): ModuleList(
        (0): LSTM(217, 891, batch_first=True)
        (1): LSTM(891, 891, batch_first=True)
      )
      (dropout): Dropout(p=0.2)
      (linear_comb): Linear(in_features=2, out_features=1, bias=True)
      (fc1): Linear(in_features=891, out_features=528, bias=True)
      (relu): ReLU()
      (out): Linear(in_features=528, out_features=1, bias=True)
      (sigmoid): Sigmoid()
    )
    (pooling_classifier): LSTMPoolingClassifier(
      (ih2h): LSTM(891, 528, num_layers=3, batch_first=True, dropout=0.2, bidirectional=True)
      (pool2o): Linear(in_features=1056, out_features=1, bias=True)
      (sigmoid): Sigmoid()
      (softmax): Softmax()
      (dropout): Dropout(p=0.2)
    )
  )
)
 
========= Epoch 1 =========
172/345: Matthews -0.20273, Accuracy: 46.15385, Loss: 0.154480879
344/345: Matthews -0.13500, Accuracy: 46.15385, Loss: 0.158396427
 
Best Matthews: 0.00000, Best Accuracy: 0.00000, Best Loss: inf at epoch 0
Time Elasped: 00:00:22
========= Epoch 2 =========
172/345: Matthews -0.15250, Accuracy: 44.23077, Loss: 0.162031394
344/345: Matthews -0.14145, Accuracy: 38.46154, Loss: 0.159524074
 
Best Matthews: 0.00000, Best Accuracy: 0.00000, Best Loss: inf at epoch 0
Time Elasped: 00:00:40
========= Epoch 3 =========
172/345: Matthews -0.20667, Accuracy: 38.46154, Loss: 0.160501260
344/345: Matthews -0.14145, Accuracy: 38.46154, Loss: 0.157546704
 
Best Matthews: 0.00000, Best Accuracy: 0.00000, Best Loss: inf at epoch 0
Time Elasped: 00:00:57
========= Epoch 4 =========
172/345: Matthews -0.05626, Accuracy: 40.38462, Loss: 0.156775621
344/345: Matthews -0.18825, Accuracy: 40.38462, Loss: 0.155811016
 
Best Matthews: 0.00000, Best Accuracy: 0.00000, Best Loss: inf at epoch 0
Time Elasped: 00:01:14
========= Epoch 5 =========
172/345: Matthews -0.18825, Accuracy: 40.38462, Loss: 0.154514826
344/345: Matthews -0.10432, Accuracy: 42.30769, Loss: 0.155356040
 
Best Matthews: 0.00000, Best Accuracy: 0.00000, Best Loss: inf at epoch 0
Time Elasped: 00:01:32
========= Epoch 6 =========
172/345: Matthews -0.05626, Accuracy: 40.38462, Loss: 0.153882962
344/345: Matthews -0.07511, Accuracy: 38.46154, Loss: 0.152256874
 
Best Matthews: 0.00000, Best Accuracy: 0.00000, Best Loss: inf at epoch 0
Time Elasped: 00:01:49
========= Epoch 7 =========
172/345: Matthews -0.12268, Accuracy: 40.38462, Loss: 0.151768565
344/345: Matthews -0.12268, Accuracy: 40.38462, Loss: 0.152320064
 
Best Matthews: 0.00000, Best Accuracy: 0.00000, Best Loss: inf at epoch 0
Time Elasped: 00:02:06
========= Epoch 8 =========
172/345: Matthews 0.10211, Accuracy: 42.30769, Loss: 0.143854361
344/345: Matthews -0.08628, Accuracy: 44.23077, Loss: 0.155254749
 
Best Matthews: 0.10211, Best Accuracy: 42.30769, Best Loss: 0.143854361 at epoch 8
Time Elasped: 00:02:25
========= Epoch 9 =========
172/345: Matthews -0.03785, Accuracy: 42.30769, Loss: 0.145074597
344/345: Matthews 0.03045, Accuracy: 42.30769, Loss: 0.149937153
 
Best Matthews: 0.10211, Best Accuracy: 42.30769, Best Loss: 0.143854361 at epoch 8
Time Elasped: 00:02:42
========= Epoch 10 =========
172/345: Matthews -0.14145, Accuracy: 38.46154, Loss: 0.147252514
344/345: Matthews -0.08628, Accuracy: 44.23077, Loss: 0.147383626
 
Best Matthews: 0.10211, Best Accuracy: 42.30769, Best Loss: 0.143854361 at epoch 8
Time Elasped: 00:03:00
========= Epoch 11 =========
172/345: Matthews 0.11918, Accuracy: 44.23077, Loss: 0.143610432
344/345: Matthews -0.08628, Accuracy: 44.23077, Loss: 0.149908864
 
Best Matthews: 0.11918, Best Accuracy: 44.23077, Best Loss: 0.143610432 at epoch 11
Time Elasped: 00:03:19
========= Epoch 12 =========
172/345: Matthews -0.08628, Accuracy: 44.23077, Loss: 0.151406233
344/345: Matthews -0.03785, Accuracy: 42.30769, Loss: 0.146064978
 
Best Matthews: 0.11918, Best Accuracy: 44.23077, Best Loss: 0.143610432 at epoch 11
Time Elasped: 00:03:36
========= Epoch 13 =========
172/345: Matthews -0.08628, Accuracy: 44.23077, Loss: 0.145092212
344/345: Matthews -0.08628, Accuracy: 44.23077, Loss: 0.151221028
 
Best Matthews: 0.11918, Best Accuracy: 44.23077, Best Loss: 0.143610432 at epoch 11
Time Elasped: 00:03:53
========= Epoch 14 =========
172/345: Matthews -0.08628, Accuracy: 44.23077, Loss: 0.145133321
344/345: Matthews -0.08628, Accuracy: 44.23077, Loss: 0.144708202
 
Best Matthews: 0.11918, Best Accuracy: 44.23077, Best Loss: 0.143610432 at epoch 11
Time Elasped: 00:04:11
========= Epoch 15 =========
172/345: Matthews -0.08628, Accuracy: 44.23077, Loss: 0.143496073
344/345: Matthews -0.00197, Accuracy: 46.15385, Loss: 0.141500326
 
Best Matthews: 0.11918, Best Accuracy: 44.23077, Best Loss: 0.143610432 at epoch 11
Time Elasped: 00:04:28
========= Epoch 16 =========
172/345: Matthews -0.08628, Accuracy: 44.23077, Loss: 0.144937515
344/345: Matthews -0.08628, Accuracy: 44.23077, Loss: 0.146039770
 
Best Matthews: 0.11918, Best Accuracy: 44.23077, Best Loss: 0.143610432 at epoch 11
Time Elasped: 00:04:45
========= Epoch 17 =========
172/345: Matthews -0.08628, Accuracy: 44.23077, Loss: 0.140917989
344/345: Matthews -0.00197, Accuracy: 46.15385, Loss: 0.141428957
 
Best Matthews: 0.11918, Best Accuracy: 44.23077, Best Loss: 0.143610432 at epoch 11
Time Elasped: 00:05:03
========= Epoch 18 =========
172/345: Matthews -0.00197, Accuracy: 46.15385, Loss: 0.141657563
344/345: Matthews -0.08628, Accuracy: 44.23077, Loss: 0.145013938
 
Best Matthews: 0.11918, Best Accuracy: 44.23077, Best Loss: 0.143610432 at epoch 11
Time Elasped: 00:05:20
========= Epoch 19 =========
172/345: Matthews 0.08310, Accuracy: 48.07692, Loss: 0.140542901
344/345: Matthews -0.08628, Accuracy: 44.23077, Loss: 0.142645827
 
Best Matthews: 0.11918, Best Accuracy: 44.23077, Best Loss: 0.143610432 at epoch 11
Time Elasped: 00:05:37
========= Epoch 20 =========
172/345: Matthews -0.08628, Accuracy: 44.23077, Loss: 0.146347367
344/345: Matthews -0.08628, Accuracy: 44.23077, Loss: 0.144758665
 
Best Matthews: 0.11918, Best Accuracy: 44.23077, Best Loss: 0.143610432 at epoch 11
Time Elasped: 00:05:55
========= Epoch 21 =========
172/345: Matthews -0.00197, Accuracy: 46.15385, Loss: 0.143793500
344/345: Matthews -0.00197, Accuracy: 46.15385, Loss: 0.139772360
 
Best Matthews: 0.11918, Best Accuracy: 44.23077, Best Loss: 0.143610432 at epoch 11
Time Elasped: 00:06:12
========= Epoch 22 =========
172/345: Matthews 0.08310, Accuracy: 48.07692, Loss: 0.137697330
344/345: Matthews -0.08628, Accuracy: 44.23077, Loss: 0.144083665
 
Best Matthews: 0.11918, Best Accuracy: 44.23077, Best Loss: 0.143610432 at epoch 11
Time Elasped: 00:06:29
========= Epoch 23 =========
172/345: Matthews -0.06848, Accuracy: 46.15385, Loss: 0.141064479
344/345: Matthews 0.08310, Accuracy: 48.07692, Loss: 0.141756397
 
Best Matthews: 0.11918, Best Accuracy: 44.23077, Best Loss: 0.143610432 at epoch 11
Time Elasped: 00:06:47
========= Epoch 24 =========
172/345: Matthews -0.00197, Accuracy: 46.15385, Loss: 0.141269161
344/345: Matthews -0.08628, Accuracy: 44.23077, Loss: 0.142942410
 
Best Matthews: 0.11918, Best Accuracy: 44.23077, Best Loss: 0.143610432 at epoch 11
Time Elasped: 00:07:04
========= Epoch 25 =========
172/345: Matthews -0.08628, Accuracy: 44.23077, Loss: 0.144915287
344/345: Matthews 0.10038, Accuracy: 50.00000, Loss: 0.136242316
 
Best Matthews: 0.11918, Best Accuracy: 44.23077, Best Loss: 0.143610432 at epoch 11
Time Elasped: 00:07:21
========= Epoch 26 =========
172/345: Matthews -0.03326, Accuracy: 50.00000, Loss: 0.142620243
344/345: Matthews 0.08310, Accuracy: 48.07692, Loss: 0.138660559
 
Best Matthews: 0.11918, Best Accuracy: 44.23077, Best Loss: 0.143610432 at epoch 11
Time Elasped: 00:07:39
========= Epoch 27 =========
172/345: Matthews -0.05083, Accuracy: 48.07692, Loss: 0.146415564
344/345: Matthews -0.01569, Accuracy: 51.92308, Loss: 0.137795687
 
Best Matthews: 0.11918, Best Accuracy: 44.23077, Best Loss: 0.143610432 at epoch 11
Time Elasped: 00:07:56
========= Epoch 28 =========
172/345: Matthews -0.06848, Accuracy: 46.15385, Loss: 0.144415122
344/345: Matthews 0.01569, Accuracy: 48.07692, Loss: 0.138898849
 
Best Matthews: 0.11918, Best Accuracy: 44.23077, Best Loss: 0.143610432 at epoch 11
Time Elasped: 00:08:13
========= Epoch 29 =========
172/345: Matthews 0.01569, Accuracy: 48.07692, Loss: 0.137113094
344/345: Matthews -0.00197, Accuracy: 46.15385, Loss: 0.141022013
 
Best Matthews: 0.11918, Best Accuracy: 44.23077, Best Loss: 0.143610432 at epoch 11
Time Elasped: 00:08:31
========= Epoch 30 =========
172/345: Matthews 0.06575, Accuracy: 46.15385, Loss: 0.138085989
344/345: Matthews 0.10038, Accuracy: 50.00000, Loss: 0.132509177
 
Best Matthews: 0.11918, Best Accuracy: 44.23077, Best Loss: 0.143610432 at epoch 11
Time Elasped: 00:08:48
========= Epoch 31 =========
172/345: Matthews 0.01569, Accuracy: 48.07692, Loss: 0.138245124
344/345: Matthews 0.01569, Accuracy: 48.07692, Loss: 0.139194378
 
Best Matthews: 0.11918, Best Accuracy: 44.23077, Best Loss: 0.143610432 at epoch 11
Time Elasped: 00:09:05
========= Epoch 32 =========
Early Stopping activated
 
Best Matthews: 0.11918, Best Accuracy: 44.23077, Best Loss: 0.143610432 at epoch 11
Time Elasped: 00:09:16
Test Set:
0/0: Matthews 0.19766, Accuracy: 52.56410, Loss: 0.019083048
