Namespace(batch_size=32, buffer_size=1, by_source=False, crop_pad_length=30, data='./acceptability_corpus/verb_classes_cola/dative', data_type='discriminator', dropout=0.5, embedding='glove.6B.300d', embedding_path='/scratch/asw462/models/elmo_encoder/elmo.emb', embedding_size=217, encoder_num_layers=2, encoder_path='/scratch/asw462/models/elmo_encoder/elmo.pth', encoding_size=528, encoding_type='lstm_pooling_classifier', epochs=1000, evaluate_train=False, experiment_name='experiment_linear_classifier_h_123_l_2_lr_0.0000_e_217_do_0.5', glove=False, gpu=True, hidden_size=123, imbalance=True, learning_rate=2e-05, lm_path=None, logs_dir='/scratch/asw462/logs/verb_classes_cola/dative', max_pool=False, model='linear_classifier', num_layers=2, output_dir='/scratch/asw462/logs/verb_classes_cola/outputs/dative', patience=20, preprocess_tokenizer='space', prints_per_stage=1, resume=True, resume_file=None, save_loc='/scratch/asw462/models/verb_classes_cola/dative', seed=1111, should_not_log=False, should_not_lowercase=False, should_not_preprocess_data=False, stages_per_epoch=2, train_embeddings=False, train_evaluate_interval=10, vocab_file='/scratch/asw462/data/vocab_100k.tsv')
======== General =======
Model: linear_classifier
GPU: True
Experiment Name: experiment_linear_classifier_h_123_l_2_lr_0.0000_e_217_do_0.5
Save location: /scratch/asw462/models/verb_classes_cola/dative
Logs dir: /scratch/asw462/logs/verb_classes_cola/dative
Timestamp: 2018/08/01 21:14:47
 
======== Data =======
Training set: 11015 examples
Validation set: 52 examples
Test set: 234 examples
 
======= Parameters =======
Learning Rate: 0.000020
Batch Size: 32
Epochs: 1000
Patience: 20
Stages per Epoch: 2
Embedding: 100004 x 217
Number of layers: 2
Hidden Size: 123
Encoder Size: 528
Resume: True
 
======= Model =======
LinearClassifierWithEncoder(
  (model): LinearClassifier(
    (dropout): Dropout(p=0.5)
    (enc2h): Linear(in_features=1056, out_features=123, bias=True)
    (h20): Linear(in_features=123, out_features=1, bias=True)
    (sigmoid): Sigmoid()
    (tanh): Tanh()
    (softmax): Softmax()
  )
  (encoder): LSTMPoolingClassifierWithELMo(
    (elmo): ELMOClassifier(
      (lm): LSTMLanguageModel(
        (dropout): Dropout(p=0.2)
        (embedding): Embedding(100003, 217)
        (lstm): LSTM(217, 891, num_layers=2, dropout=0.2)
        (fc): Linear(in_features=891, out_features=100003, bias=True)
      )
      (lstms): ModuleList(
        (0): LSTM(217, 891, batch_first=True)
        (1): LSTM(891, 891, batch_first=True)
      )
      (dropout): Dropout(p=0.2)
      (linear_comb): Linear(in_features=2, out_features=1, bias=True)
      (fc1): Linear(in_features=891, out_features=528, bias=True)
      (relu): ReLU()
      (out): Linear(in_features=528, out_features=1, bias=True)
      (sigmoid): Sigmoid()
    )
    (pooling_classifier): LSTMPoolingClassifier(
      (ih2h): LSTM(891, 528, num_layers=3, batch_first=True, dropout=0.2, bidirectional=True)
      (pool2o): Linear(in_features=1056, out_features=1, bias=True)
      (sigmoid): Sigmoid()
      (softmax): Softmax()
      (dropout): Dropout(p=0.2)
    )
  )
)
 
========= Epoch 1 =========
172/345: Matthews -0.06848, Accuracy: 46.15385, Loss: 0.142086350
344/345: Matthews -0.23674, Accuracy: 42.30769, Loss: 0.153153768
 
Best Matthews: 0.00000, Best Accuracy: 0.00000, Best Loss: inf at epoch 0
Time Elasped: 00:00:22
========= Epoch 2 =========
172/345: Matthews -0.23674, Accuracy: 42.30769, Loss: 0.154986308
344/345: Matthews -0.08628, Accuracy: 44.23077, Loss: 0.156981560
 
Best Matthews: 0.00000, Best Accuracy: 0.00000, Best Loss: inf at epoch 0
Time Elasped: 00:00:40
========= Epoch 3 =========
172/345: Matthews -0.15250, Accuracy: 44.23077, Loss: 0.159183612
344/345: Matthews -0.10432, Accuracy: 42.30769, Loss: 0.157167728
 
Best Matthews: 0.00000, Best Accuracy: 0.00000, Best Loss: inf at epoch 0
Time Elasped: 00:00:57
========= Epoch 4 =========
172/345: Matthews -0.07511, Accuracy: 38.46154, Loss: 0.155708460
344/345: Matthews -0.12268, Accuracy: 40.38462, Loss: 0.155631487
 
Best Matthews: 0.00000, Best Accuracy: 0.00000, Best Loss: inf at epoch 0
Time Elasped: 00:01:15
========= Epoch 5 =========
172/345: Matthews -0.07511, Accuracy: 38.46154, Loss: 0.154997716
344/345: Matthews -0.07511, Accuracy: 38.46154, Loss: 0.154739857
 
Best Matthews: 0.00000, Best Accuracy: 0.00000, Best Loss: inf at epoch 0
Time Elasped: 00:01:32
========= Epoch 6 =========
172/345: Matthews -0.20667, Accuracy: 38.46154, Loss: 0.157915482
344/345: Matthews -0.07511, Accuracy: 38.46154, Loss: 0.153791538
 
Best Matthews: 0.00000, Best Accuracy: 0.00000, Best Loss: inf at epoch 0
Time Elasped: 00:01:49
========= Epoch 7 =========
172/345: Matthews -0.14145, Accuracy: 38.46154, Loss: 0.155617879
344/345: Matthews -0.22557, Accuracy: 36.53846, Loss: 0.155536175
 
Best Matthews: 0.00000, Best Accuracy: 0.00000, Best Loss: inf at epoch 0
Time Elasped: 00:02:07
========= Epoch 8 =========
172/345: Matthews -0.07511, Accuracy: 38.46154, Loss: 0.155467198
344/345: Matthews -0.07511, Accuracy: 38.46154, Loss: 0.152355387
 
Best Matthews: 0.00000, Best Accuracy: 0.00000, Best Loss: inf at epoch 0
Time Elasped: 00:02:24
========= Epoch 9 =========
172/345: Matthews -0.14145, Accuracy: 38.46154, Loss: 0.154271713
344/345: Matthews -0.14145, Accuracy: 38.46154, Loss: 0.153528736
 
Best Matthews: 0.00000, Best Accuracy: 0.00000, Best Loss: inf at epoch 0
Time Elasped: 00:02:42
========= Epoch 10 =========
172/345: Matthews 0.01233, Accuracy: 40.38462, Loss: 0.150472017
344/345: Matthews -0.05626, Accuracy: 40.38462, Loss: 0.152800743
 
Best Matthews: 0.01233, Best Accuracy: 40.38462, Best Loss: 0.150472017 at epoch 10
Time Elasped: 00:03:00
========= Epoch 11 =========
172/345: Matthews -0.05626, Accuracy: 40.38462, Loss: 0.151313543
344/345: Matthews -0.05626, Accuracy: 40.38462, Loss: 0.152576777
 
Best Matthews: 0.01233, Best Accuracy: 40.38462, Best Loss: 0.150472017 at epoch 10
Time Elasped: 00:03:18
========= Epoch 12 =========
172/345: Matthews -0.22557, Accuracy: 36.53846, Loss: 0.154493038
344/345: Matthews -0.05626, Accuracy: 40.38462, Loss: 0.151350920
 
Best Matthews: 0.01233, Best Accuracy: 40.38462, Best Loss: 0.150472017 at epoch 10
Time Elasped: 00:03:35
========= Epoch 13 =========
172/345: Matthews -0.05626, Accuracy: 40.38462, Loss: 0.149968175
344/345: Matthews -0.00625, Accuracy: 38.46154, Loss: 0.149149702
 
Best Matthews: 0.01233, Best Accuracy: 40.38462, Best Loss: 0.150472017 at epoch 10
Time Elasped: 00:03:53
========= Epoch 14 =========
172/345: Matthews -0.07511, Accuracy: 38.46154, Loss: 0.149621450
344/345: Matthews -0.14145, Accuracy: 38.46154, Loss: 0.150798834
 
Best Matthews: 0.01233, Best Accuracy: 40.38462, Best Loss: 0.150472017 at epoch 10
Time Elasped: 00:04:10
========= Epoch 15 =========
172/345: Matthews -0.05626, Accuracy: 40.38462, Loss: 0.150577710
344/345: Matthews -0.14145, Accuracy: 38.46154, Loss: 0.150237138
 
Best Matthews: 0.01233, Best Accuracy: 40.38462, Best Loss: 0.150472017 at epoch 10
Time Elasped: 00:04:27
========= Epoch 16 =========
172/345: Matthews -0.14145, Accuracy: 38.46154, Loss: 0.153349950
344/345: Matthews -0.14145, Accuracy: 38.46154, Loss: 0.149048860
 
Best Matthews: 0.01233, Best Accuracy: 40.38462, Best Loss: 0.150472017 at epoch 10
Time Elasped: 00:04:45
========= Epoch 17 =========
172/345: Matthews -0.10432, Accuracy: 42.30769, Loss: 0.149311909
344/345: Matthews -0.14145, Accuracy: 38.46154, Loss: 0.149278081
 
Best Matthews: 0.01233, Best Accuracy: 40.38462, Best Loss: 0.150472017 at epoch 10
Time Elasped: 00:05:02
========= Epoch 18 =========
172/345: Matthews -0.16075, Accuracy: 36.53846, Loss: 0.148242474
344/345: Matthews -0.14145, Accuracy: 38.46154, Loss: 0.148102825
 
Best Matthews: 0.01233, Best Accuracy: 40.38462, Best Loss: 0.150472017 at epoch 10
Time Elasped: 00:05:20
========= Epoch 19 =========
172/345: Matthews -0.14145, Accuracy: 38.46154, Loss: 0.148299914
344/345: Matthews -0.08628, Accuracy: 44.23077, Loss: 0.150546441
 
Best Matthews: 0.01233, Best Accuracy: 40.38462, Best Loss: 0.150472017 at epoch 10
Time Elasped: 00:05:37
========= Epoch 20 =========
172/345: Matthews -0.08628, Accuracy: 44.23077, Loss: 0.148133645
344/345: Matthews -0.12268, Accuracy: 40.38462, Loss: 0.148776430
 
Best Matthews: 0.01233, Best Accuracy: 40.38462, Best Loss: 0.150472017 at epoch 10
Time Elasped: 00:05:55
========= Epoch 21 =========
172/345: Matthews -0.10432, Accuracy: 42.30769, Loss: 0.147345846
344/345: Matthews -0.16075, Accuracy: 36.53846, Loss: 0.146970290
 
Best Matthews: 0.01233, Best Accuracy: 40.38462, Best Loss: 0.150472017 at epoch 10
Time Elasped: 00:06:12
========= Epoch 22 =========
172/345: Matthews -0.07511, Accuracy: 38.46154, Loss: 0.146427008
344/345: Matthews -0.08628, Accuracy: 44.23077, Loss: 0.146249368
 
Best Matthews: 0.01233, Best Accuracy: 40.38462, Best Loss: 0.150472017 at epoch 10
Time Elasped: 00:06:30
========= Epoch 23 =========
172/345: Matthews -0.08628, Accuracy: 44.23077, Loss: 0.147606831
344/345: Matthews -0.08628, Accuracy: 44.23077, Loss: 0.145680061
 
Best Matthews: 0.01233, Best Accuracy: 40.38462, Best Loss: 0.150472017 at epoch 10
Time Elasped: 00:06:47
========= Epoch 24 =========
172/345: Matthews -0.08628, Accuracy: 44.23077, Loss: 0.145207964
344/345: Matthews -0.08628, Accuracy: 44.23077, Loss: 0.145668066
 
Best Matthews: 0.01233, Best Accuracy: 40.38462, Best Loss: 0.150472017 at epoch 10
Time Elasped: 00:07:04
========= Epoch 25 =========
172/345: Matthews -0.08628, Accuracy: 44.23077, Loss: 0.145581328
344/345: Matthews -0.10432, Accuracy: 42.30769, Loss: 0.145502054
 
Best Matthews: 0.01233, Best Accuracy: 40.38462, Best Loss: 0.150472017 at epoch 10
Time Elasped: 00:07:22
========= Epoch 26 =========
172/345: Matthews -0.12268, Accuracy: 40.38462, Loss: 0.144245166
344/345: Matthews -0.08628, Accuracy: 44.23077, Loss: 0.146679493
 
Best Matthews: 0.01233, Best Accuracy: 40.38462, Best Loss: 0.150472017 at epoch 10
Time Elasped: 00:07:39
========= Epoch 27 =========
172/345: Matthews -0.10432, Accuracy: 42.30769, Loss: 0.143390435
344/345: Matthews -0.08628, Accuracy: 44.23077, Loss: 0.146382460
 
Best Matthews: 0.01233, Best Accuracy: 40.38462, Best Loss: 0.150472017 at epoch 10
Time Elasped: 00:07:57
========= Epoch 28 =========
172/345: Matthews -0.08628, Accuracy: 44.23077, Loss: 0.146358380
344/345: Matthews -0.08628, Accuracy: 44.23077, Loss: 0.143701618
 
Best Matthews: 0.01233, Best Accuracy: 40.38462, Best Loss: 0.150472017 at epoch 10
Time Elasped: 00:08:14
========= Epoch 29 =========
172/345: Matthews -0.08628, Accuracy: 44.23077, Loss: 0.145743792
344/345: Matthews -0.08628, Accuracy: 44.23077, Loss: 0.144260654
 
Best Matthews: 0.01233, Best Accuracy: 40.38462, Best Loss: 0.150472017 at epoch 10
Time Elasped: 00:08:32
========= Epoch 30 =========
172/345: Matthews -0.08628, Accuracy: 44.23077, Loss: 0.143310987
344/345: Matthews -0.08628, Accuracy: 44.23077, Loss: 0.144247248
 
Best Matthews: 0.01233, Best Accuracy: 40.38462, Best Loss: 0.150472017 at epoch 10
Time Elasped: 00:08:49
========= Epoch 31 =========
Early Stopping activated
 
Best Matthews: 0.01233, Best Accuracy: 40.38462, Best Loss: 0.150472017 at epoch 10
Time Elasped: 00:08:59
Test Set:
0/0: Matthews 0.19119, Accuracy: 55.12821, Loss: 0.020299253
