Namespace(batch_size=32, buffer_size=1, by_source=False, crop_pad_length=30, data='./acceptability_corpus/verb_classes_cola/dative', data_type='discriminator', dropout=0.5, embedding='glove.6B.300d', embedding_path='/scratch/asw462/models/elmo_encoder/elmo.emb', embedding_size=217, encoder_num_layers=2, encoder_path='/scratch/asw462/models/elmo_encoder/elmo.pth', encoding_size=528, encoding_type='lstm_pooling_classifier', epochs=1000, evaluate_train=False, experiment_name='experiment_linear_classifier_h_109_l_3_lr_0.0000_e_217_do_0.5', glove=False, gpu=True, hidden_size=109, imbalance=True, learning_rate=2e-05, lm_path=None, logs_dir='/scratch/asw462/logs/verb_classes_cola/dative', max_pool=False, model='linear_classifier', num_layers=3, output_dir='/scratch/asw462/logs/verb_classes_cola/outputs/dative', patience=20, preprocess_tokenizer='space', prints_per_stage=1, resume=True, resume_file=None, save_loc='/scratch/asw462/models/verb_classes_cola/dative', seed=1111, should_not_log=False, should_not_lowercase=False, should_not_preprocess_data=False, stages_per_epoch=2, train_embeddings=False, train_evaluate_interval=10, vocab_file='/scratch/asw462/data/vocab_100k.tsv')
======== General =======
Model: linear_classifier
GPU: True
Experiment Name: experiment_linear_classifier_h_109_l_3_lr_0.0000_e_217_do_0.5
Save location: /scratch/asw462/models/verb_classes_cola/dative
Logs dir: /scratch/asw462/logs/verb_classes_cola/dative
Timestamp: 2018/08/01 21:14:42
 
======== Data =======
Training set: 11015 examples
Validation set: 52 examples
Test set: 234 examples
 
======= Parameters =======
Learning Rate: 0.000020
Batch Size: 32
Epochs: 1000
Patience: 20
Stages per Epoch: 2
Embedding: 100004 x 217
Number of layers: 3
Hidden Size: 109
Encoder Size: 528
Resume: True
 
======= Model =======
LinearClassifierWithEncoder(
  (model): LinearClassifier(
    (dropout): Dropout(p=0.5)
    (enc2h): Linear(in_features=1056, out_features=109, bias=True)
    (h20): Linear(in_features=109, out_features=1, bias=True)
    (sigmoid): Sigmoid()
    (tanh): Tanh()
    (softmax): Softmax()
  )
  (encoder): LSTMPoolingClassifierWithELMo(
    (elmo): ELMOClassifier(
      (lm): LSTMLanguageModel(
        (dropout): Dropout(p=0.2)
        (embedding): Embedding(100003, 217)
        (lstm): LSTM(217, 891, num_layers=2, dropout=0.2)
        (fc): Linear(in_features=891, out_features=100003, bias=True)
      )
      (lstms): ModuleList(
        (0): LSTM(217, 891, batch_first=True)
        (1): LSTM(891, 891, batch_first=True)
      )
      (dropout): Dropout(p=0.2)
      (linear_comb): Linear(in_features=2, out_features=1, bias=True)
      (fc1): Linear(in_features=891, out_features=528, bias=True)
      (relu): ReLU()
      (out): Linear(in_features=528, out_features=1, bias=True)
      (sigmoid): Sigmoid()
    )
    (pooling_classifier): LSTMPoolingClassifier(
      (ih2h): LSTM(891, 528, num_layers=3, batch_first=True, dropout=0.2, bidirectional=True)
      (pool2o): Linear(in_features=1056, out_features=1, bias=True)
      (sigmoid): Sigmoid()
      (softmax): Softmax()
      (dropout): Dropout(p=0.2)
    )
  )
)
 
========= Epoch 1 =========
172/345: Matthews -0.18599, Accuracy: 48.07692, Loss: 0.146306451
344/345: Matthews -0.20273, Accuracy: 46.15385, Loss: 0.154906365
 
Best Matthews: 0.00000, Best Accuracy: 0.00000, Best Loss: inf at epoch 0
Time Elasped: 00:00:56
========= Epoch 2 =========
172/345: Matthews -0.23674, Accuracy: 42.30769, Loss: 0.159600661
344/345: Matthews -0.23674, Accuracy: 42.30769, Loss: 0.159694323
 
Best Matthews: 0.00000, Best Accuracy: 0.00000, Best Loss: inf at epoch 0
Time Elasped: 00:01:46
========= Epoch 3 =========
172/345: Matthews -0.23674, Accuracy: 42.30769, Loss: 0.160174627
344/345: Matthews -0.23674, Accuracy: 42.30769, Loss: 0.161314011
 
Best Matthews: 0.00000, Best Accuracy: 0.00000, Best Loss: inf at epoch 0
Time Elasped: 00:02:36
========= Epoch 4 =========
172/345: Matthews -0.17022, Accuracy: 42.30769, Loss: 0.161370094
344/345: Matthews -0.17022, Accuracy: 42.30769, Loss: 0.159677194
 
Best Matthews: 0.00000, Best Accuracy: 0.00000, Best Loss: inf at epoch 0
Time Elasped: 00:03:26
========= Epoch 5 =========
172/345: Matthews -0.17022, Accuracy: 42.30769, Loss: 0.158878381
344/345: Matthews -0.20667, Accuracy: 38.46154, Loss: 0.158242537
 
Best Matthews: 0.00000, Best Accuracy: 0.00000, Best Loss: inf at epoch 0
Time Elasped: 00:04:17
========= Epoch 6 =========
172/345: Matthews -0.16075, Accuracy: 36.53846, Loss: 0.154706882
344/345: Matthews -0.20667, Accuracy: 38.46154, Loss: 0.158967147
 
Best Matthews: 0.00000, Best Accuracy: 0.00000, Best Loss: inf at epoch 0
Time Elasped: 00:05:07
========= Epoch 7 =========
172/345: Matthews -0.20667, Accuracy: 38.46154, Loss: 0.157500597
344/345: Matthews -0.24505, Accuracy: 34.61538, Loss: 0.155421440
 
Best Matthews: 0.00000, Best Accuracy: 0.00000, Best Loss: inf at epoch 0
Time Elasped: 00:05:57
========= Epoch 8 =========
172/345: Matthews -0.20667, Accuracy: 38.46154, Loss: 0.155973581
344/345: Matthews -0.20667, Accuracy: 38.46154, Loss: 0.156654780
 
Best Matthews: 0.00000, Best Accuracy: 0.00000, Best Loss: inf at epoch 0
Time Elasped: 00:06:48
========= Epoch 9 =========
172/345: Matthews -0.07511, Accuracy: 38.46154, Loss: 0.152590898
344/345: Matthews -0.20667, Accuracy: 38.46154, Loss: 0.155228358
 
Best Matthews: 0.00000, Best Accuracy: 0.00000, Best Loss: inf at epoch 0
Time Elasped: 00:07:39
========= Epoch 10 =========
172/345: Matthews -0.20667, Accuracy: 38.46154, Loss: 0.154177262
344/345: Matthews -0.12268, Accuracy: 40.38462, Loss: 0.153042628
 
Best Matthews: 0.00000, Best Accuracy: 0.00000, Best Loss: inf at epoch 0
Time Elasped: 00:08:29
========= Epoch 11 =========
172/345: Matthews -0.12268, Accuracy: 40.38462, Loss: 0.154827705
344/345: Matthews -0.20667, Accuracy: 38.46154, Loss: 0.155293831
 
Best Matthews: 0.00000, Best Accuracy: 0.00000, Best Loss: inf at epoch 0
Time Elasped: 00:09:19
========= Epoch 12 =========
172/345: Matthews -0.12268, Accuracy: 40.38462, Loss: 0.154479320
344/345: Matthews -0.12268, Accuracy: 40.38462, Loss: 0.153528773
 
Best Matthews: 0.00000, Best Accuracy: 0.00000, Best Loss: inf at epoch 0
Time Elasped: 00:10:10
========= Epoch 13 =========
172/345: Matthews -0.17022, Accuracy: 42.30769, Loss: 0.154483098
344/345: Matthews -0.14145, Accuracy: 38.46154, Loss: 0.150665907
 
Best Matthews: 0.00000, Best Accuracy: 0.00000, Best Loss: inf at epoch 0
Time Elasped: 00:11:01
========= Epoch 14 =========
172/345: Matthews -0.17022, Accuracy: 42.30769, Loss: 0.154799425
344/345: Matthews -0.12268, Accuracy: 40.38462, Loss: 0.153403301
 
Best Matthews: 0.00000, Best Accuracy: 0.00000, Best Loss: inf at epoch 0
Time Elasped: 00:11:52
========= Epoch 15 =========
172/345: Matthews -0.08628, Accuracy: 44.23077, Loss: 0.151475943
344/345: Matthews -0.10432, Accuracy: 42.30769, Loss: 0.152463913
 
Best Matthews: 0.00000, Best Accuracy: 0.00000, Best Loss: inf at epoch 0
Time Elasped: 00:12:43
========= Epoch 16 =========
172/345: Matthews -0.08628, Accuracy: 44.23077, Loss: 0.153084883
344/345: Matthews -0.10432, Accuracy: 42.30769, Loss: 0.150086201
 
Best Matthews: 0.00000, Best Accuracy: 0.00000, Best Loss: inf at epoch 0
Time Elasped: 00:13:34
========= Epoch 17 =========
172/345: Matthews -0.10432, Accuracy: 42.30769, Loss: 0.152398219
344/345: Matthews -0.08628, Accuracy: 44.23077, Loss: 0.151442399
 
Best Matthews: 0.00000, Best Accuracy: 0.00000, Best Loss: inf at epoch 0
Time Elasped: 00:14:24
========= Epoch 18 =========
172/345: Matthews -0.12268, Accuracy: 40.38462, Loss: 0.146566565
344/345: Matthews -0.08628, Accuracy: 44.23077, Loss: 0.150846775
 
Best Matthews: 0.00000, Best Accuracy: 0.00000, Best Loss: inf at epoch 0
Time Elasped: 00:15:15
========= Epoch 19 =========
172/345: Matthews -0.08628, Accuracy: 44.23077, Loss: 0.151842035
344/345: Matthews -0.10432, Accuracy: 42.30769, Loss: 0.148656222
 
Best Matthews: 0.00000, Best Accuracy: 0.00000, Best Loss: inf at epoch 0
Time Elasped: 00:16:05
========= Epoch 20 =========
172/345: Matthews -0.08628, Accuracy: 44.23077, Loss: 0.150574134
344/345: Matthews -0.08628, Accuracy: 44.23077, Loss: 0.148220282
 
Best Matthews: 0.00000, Best Accuracy: 0.00000, Best Loss: inf at epoch 0
Time Elasped: 00:16:56
========= Epoch 21 =========
Early Stopping activated
 
Best Matthews: 0.00000, Best Accuracy: 0.00000, Best Loss: inf at epoch 0
Time Elasped: 00:17:23
Test Set:
0/0: Matthews 0.20685, Accuracy: 56.83761, Loss: 0.020161107
