Namespace(batch_size=32, buffer_size=1, by_source=False, crop_pad_length=30, data='./acceptability_corpus/verb_classes_cola/dative', data_type='discriminator', dropout=0.5, embedding='glove.6B.300d', embedding_path='/scratch/asw462/models/elmo_encoder/elmo.emb', embedding_size=217, encoder_num_layers=2, encoder_path='/scratch/asw462/models/elmo_encoder/elmo.pth', encoding_size=528, encoding_type='lstm_pooling_classifier', epochs=1000, evaluate_train=False, experiment_name='experiment_linear_classifier_h_130_l_4_lr_0.0001_e_217_do_0.5', glove=False, gpu=True, hidden_size=130, imbalance=True, learning_rate=7e-05, lm_path=None, logs_dir='/scratch/asw462/logs/verb_classes_cola/dative', max_pool=False, model='linear_classifier', num_layers=4, output_dir='/scratch/asw462/logs/verb_classes_cola/outputs/dative', patience=20, preprocess_tokenizer='space', prints_per_stage=1, resume=True, resume_file=None, save_loc='/scratch/asw462/models/verb_classes_cola/dative', seed=1111, should_not_log=False, should_not_lowercase=False, should_not_preprocess_data=False, stages_per_epoch=2, train_embeddings=False, train_evaluate_interval=10, vocab_file='/scratch/asw462/data/vocab_100k.tsv')
======== General =======
Model: linear_classifier
GPU: True
Experiment Name: experiment_linear_classifier_h_130_l_4_lr_0.0001_e_217_do_0.5
Save location: /scratch/asw462/models/verb_classes_cola/dative
Logs dir: /scratch/asw462/logs/verb_classes_cola/dative
Timestamp: 2018/08/01 20:22:57
 
======== Data =======
Training set: 11015 examples
Validation set: 52 examples
Test set: 234 examples
 
======= Parameters =======
Learning Rate: 0.000070
Batch Size: 32
Epochs: 1000
Patience: 20
Stages per Epoch: 2
Embedding: 100004 x 217
Number of layers: 4
Hidden Size: 130
Encoder Size: 528
Resume: True
 
======= Model =======
LinearClassifierWithEncoder(
  (model): LinearClassifier(
    (dropout): Dropout(p=0.5)
    (enc2h): Linear(in_features=1056, out_features=130, bias=True)
    (h20): Linear(in_features=130, out_features=1, bias=True)
    (sigmoid): Sigmoid()
    (tanh): Tanh()
    (softmax): Softmax()
  )
  (encoder): LSTMPoolingClassifierWithELMo(
    (elmo): ELMOClassifier(
      (lm): LSTMLanguageModel(
        (dropout): Dropout(p=0.2)
        (embedding): Embedding(100003, 217)
        (lstm): LSTM(217, 891, num_layers=2, dropout=0.2)
        (fc): Linear(in_features=891, out_features=100003, bias=True)
      )
      (lstms): ModuleList(
        (0): LSTM(217, 891, batch_first=True)
        (1): LSTM(891, 891, batch_first=True)
      )
      (dropout): Dropout(p=0.2)
      (linear_comb): Linear(in_features=2, out_features=1, bias=True)
      (fc1): Linear(in_features=891, out_features=528, bias=True)
      (relu): ReLU()
      (out): Linear(in_features=528, out_features=1, bias=True)
      (sigmoid): Sigmoid()
    )
    (pooling_classifier): LSTMPoolingClassifier(
      (ih2h): LSTM(891, 528, num_layers=3, batch_first=True, dropout=0.2, bidirectional=True)
      (pool2o): Linear(in_features=1056, out_features=1, bias=True)
      (sigmoid): Sigmoid()
      (softmax): Softmax()
      (dropout): Dropout(p=0.2)
    )
  )
)
 
========= Epoch 1 =========
172/345: Matthews -0.17022, Accuracy: 42.30769, Loss: 0.155710257
344/345: Matthews -0.08628, Accuracy: 44.23077, Loss: 0.163820175
 
Best Matthews: 0.00000, Best Accuracy: 0.00000, Best Loss: inf at epoch 0
Time Elasped: 00:00:22
========= Epoch 2 =========
172/345: Matthews -0.03785, Accuracy: 42.30769, Loss: 0.155284148
344/345: Matthews -0.00625, Accuracy: 38.46154, Loss: 0.155533754
 
Best Matthews: 0.00000, Best Accuracy: 0.00000, Best Loss: inf at epoch 0
Time Elasped: 00:00:39
========= Epoch 3 =========
172/345: Matthews -0.00625, Accuracy: 38.46154, Loss: 0.156167470
344/345: Matthews -0.08628, Accuracy: 44.23077, Loss: 0.153692649
 
Best Matthews: 0.00000, Best Accuracy: 0.00000, Best Loss: inf at epoch 0
Time Elasped: 00:00:56
========= Epoch 4 =========
172/345: Matthews -0.02542, Accuracy: 36.53846, Loss: 0.151217928
344/345: Matthews -0.08628, Accuracy: 44.23077, Loss: 0.153492808
 
Best Matthews: 0.00000, Best Accuracy: 0.00000, Best Loss: inf at epoch 0
Time Elasped: 00:01:13
========= Epoch 5 =========
172/345: Matthews -0.15250, Accuracy: 44.23077, Loss: 0.153900678
344/345: Matthews -0.08628, Accuracy: 44.23077, Loss: 0.153891490
 
Best Matthews: 0.00000, Best Accuracy: 0.00000, Best Loss: inf at epoch 0
Time Elasped: 00:01:30
========= Epoch 6 =========
172/345: Matthews -0.08628, Accuracy: 44.23077, Loss: 0.153857745
344/345: Matthews -0.00197, Accuracy: 46.15385, Loss: 0.149019351
 
Best Matthews: 0.00000, Best Accuracy: 0.00000, Best Loss: inf at epoch 0
Time Elasped: 00:01:47
========= Epoch 7 =========
172/345: Matthews -0.08628, Accuracy: 44.23077, Loss: 0.150805162
344/345: Matthews -0.08628, Accuracy: 44.23077, Loss: 0.151578115
 
Best Matthews: 0.00000, Best Accuracy: 0.00000, Best Loss: inf at epoch 0
Time Elasped: 00:02:04
========= Epoch 8 =========
172/345: Matthews -0.08628, Accuracy: 44.23077, Loss: 0.149450009
344/345: Matthews -0.08628, Accuracy: 44.23077, Loss: 0.146931217
 
Best Matthews: 0.00000, Best Accuracy: 0.00000, Best Loss: inf at epoch 0
Time Elasped: 00:02:21
========= Epoch 9 =========
172/345: Matthews 0.25720, Accuracy: 51.92308, Loss: 0.145089342
344/345: Matthews -0.08628, Accuracy: 44.23077, Loss: 0.144537311
 
Best Matthews: 0.25720, Best Accuracy: 51.92308, Best Loss: 0.145089342 at epoch 9
Time Elasped: 00:02:39
========= Epoch 10 =========
172/345: Matthews -0.08628, Accuracy: 44.23077, Loss: 0.145487428
344/345: Matthews -0.00197, Accuracy: 46.15385, Loss: 0.143181517
 
Best Matthews: 0.25720, Best Accuracy: 51.92308, Best Loss: 0.145089342 at epoch 9
Time Elasped: 00:02:56
========= Epoch 11 =========
172/345: Matthews 0.17909, Accuracy: 42.30769, Loss: 0.144564849
344/345: Matthews 0.21048, Accuracy: 46.15385, Loss: 0.139249251
 
Best Matthews: 0.25720, Best Accuracy: 51.92308, Best Loss: 0.145089342 at epoch 9
Time Elasped: 00:03:13
========= Epoch 12 =========
172/345: Matthews 0.16935, Accuracy: 50.00000, Loss: 0.139746748
344/345: Matthews -0.08628, Accuracy: 44.23077, Loss: 0.143975469
 
Best Matthews: 0.25720, Best Accuracy: 51.92308, Best Loss: 0.145089342 at epoch 9
Time Elasped: 00:03:31
========= Epoch 13 =========
172/345: Matthews 0.08310, Accuracy: 48.07692, Loss: 0.144122784
344/345: Matthews -0.08628, Accuracy: 44.23077, Loss: 0.146968695
 
Best Matthews: 0.25720, Best Accuracy: 51.92308, Best Loss: 0.145089342 at epoch 9
Time Elasped: 00:03:48
========= Epoch 14 =========
172/345: Matthews -0.06848, Accuracy: 46.15385, Loss: 0.141579014
344/345: Matthews 0.01569, Accuracy: 48.07692, Loss: 0.138228481
 
Best Matthews: 0.25720, Best Accuracy: 51.92308, Best Loss: 0.145089342 at epoch 9
Time Elasped: 00:04:05
========= Epoch 15 =========
172/345: Matthews 0.01569, Accuracy: 48.07692, Loss: 0.139644568
344/345: Matthews -0.00197, Accuracy: 46.15385, Loss: 0.142003463
 
Best Matthews: 0.25720, Best Accuracy: 51.92308, Best Loss: 0.145089342 at epoch 9
Time Elasped: 00:04:22
========= Epoch 16 =========
172/345: Matthews 0.16935, Accuracy: 50.00000, Loss: 0.137884681
344/345: Matthews -0.00197, Accuracy: 46.15385, Loss: 0.140970588
 
Best Matthews: 0.25720, Best Accuracy: 51.92308, Best Loss: 0.145089342 at epoch 9
Time Elasped: 00:04:39
========= Epoch 17 =========
172/345: Matthews -0.06848, Accuracy: 46.15385, Loss: 0.142500932
344/345: Matthews 0.01569, Accuracy: 48.07692, Loss: 0.138780401
 
Best Matthews: 0.25720, Best Accuracy: 51.92308, Best Loss: 0.145089342 at epoch 9
Time Elasped: 00:04:56
========= Epoch 18 =========
172/345: Matthews 0.01569, Accuracy: 48.07692, Loss: 0.141949507
344/345: Matthews 0.01569, Accuracy: 48.07692, Loss: 0.142053989
 
Best Matthews: 0.25720, Best Accuracy: 51.92308, Best Loss: 0.145089342 at epoch 9
Time Elasped: 00:05:13
========= Epoch 19 =========
172/345: Matthews 0.01569, Accuracy: 48.07692, Loss: 0.141244393
344/345: Matthews 0.01569, Accuracy: 48.07692, Loss: 0.139321291
 
Best Matthews: 0.25720, Best Accuracy: 51.92308, Best Loss: 0.145089342 at epoch 9
Time Elasped: 00:05:30
========= Epoch 20 =========
172/345: Matthews -0.06848, Accuracy: 46.15385, Loss: 0.142864145
344/345: Matthews -0.05083, Accuracy: 48.07692, Loss: 0.142211987
 
Best Matthews: 0.25720, Best Accuracy: 51.92308, Best Loss: 0.145089342 at epoch 9
Time Elasped: 00:05:47
========= Epoch 21 =========
172/345: Matthews 0.01569, Accuracy: 48.07692, Loss: 0.144020255
344/345: Matthews -0.05083, Accuracy: 48.07692, Loss: 0.145726222
 
Best Matthews: 0.25720, Best Accuracy: 51.92308, Best Loss: 0.145089342 at epoch 9
Time Elasped: 00:06:04
========= Epoch 22 =========
172/345: Matthews 0.10038, Accuracy: 50.00000, Loss: 0.137320748
344/345: Matthews 0.16935, Accuracy: 50.00000, Loss: 0.133807127
 
Best Matthews: 0.25720, Best Accuracy: 51.92308, Best Loss: 0.145089342 at epoch 9
Time Elasped: 00:06:21
========= Epoch 23 =========
172/345: Matthews -0.05083, Accuracy: 48.07692, Loss: 0.143016705
344/345: Matthews 0.05083, Accuracy: 51.92308, Loss: 0.139203594
 
Best Matthews: 0.25720, Best Accuracy: 51.92308, Best Loss: 0.145089342 at epoch 9
Time Elasped: 00:06:38
========= Epoch 24 =========
172/345: Matthews -0.00197, Accuracy: 46.15385, Loss: 0.141611925
344/345: Matthews 0.10038, Accuracy: 50.00000, Loss: 0.138298310
 
Best Matthews: 0.25720, Best Accuracy: 51.92308, Best Loss: 0.145089342 at epoch 9
Time Elasped: 00:06:56
========= Epoch 25 =========
172/345: Matthews -0.08310, Accuracy: 51.92308, Loss: 0.147257667
344/345: Matthews 0.01569, Accuracy: 48.07692, Loss: 0.139868590
 
Best Matthews: 0.25720, Best Accuracy: 51.92308, Best Loss: 0.145089342 at epoch 9
Time Elasped: 00:07:13
========= Epoch 26 =========
172/345: Matthews 0.01569, Accuracy: 48.07692, Loss: 0.140218322
344/345: Matthews 0.01569, Accuracy: 48.07692, Loss: 0.140544158
 
Best Matthews: 0.25720, Best Accuracy: 51.92308, Best Loss: 0.145089342 at epoch 9
Time Elasped: 00:07:30
========= Epoch 27 =========
172/345: Matthews -0.05083, Accuracy: 48.07692, Loss: 0.143545242
344/345: Matthews 0.01569, Accuracy: 48.07692, Loss: 0.139406415
 
Best Matthews: 0.25720, Best Accuracy: 51.92308, Best Loss: 0.145089342 at epoch 9
Time Elasped: 00:07:47
========= Epoch 28 =========
172/345: Matthews 0.03326, Accuracy: 50.00000, Loss: 0.139214534
344/345: Matthews -0.01569, Accuracy: 51.92308, Loss: 0.139403141
 
Best Matthews: 0.25720, Best Accuracy: 51.92308, Best Loss: 0.145089342 at epoch 9
Time Elasped: 00:08:04
========= Epoch 29 =========
172/345: Matthews 0.05083, Accuracy: 51.92308, Loss: 0.134483457
344/345: Matthews 0.01569, Accuracy: 48.07692, Loss: 0.144933682
 
Best Matthews: 0.25720, Best Accuracy: 51.92308, Best Loss: 0.145089342 at epoch 9
Time Elasped: 00:08:21
========= Epoch 30 =========
Early Stopping activated
 
Best Matthews: 0.25720, Best Accuracy: 51.92308, Best Loss: 0.145089342 at epoch 9
Time Elasped: 00:08:31
Test Set:
0/0: Matthews 0.21283, Accuracy: 54.27350, Loss: 0.019857790
