Namespace(batch_size=32, buffer_size=1, by_source=False, crop_pad_length=30, data='./acceptability_corpus/verb_classes_cola/dative', data_type='discriminator', dropout=0.2, embedding='glove.6B.300d', embedding_path='/scratch/asw462/models/elmo_encoder/elmo.emb', embedding_size=217, encoder_num_layers=2, encoder_path='/scratch/asw462/models/elmo_encoder/elmo.pth', encoding_size=528, encoding_type='lstm_pooling_classifier', epochs=1000, evaluate_train=False, experiment_name='experiment_linear_classifier_h_27_l_4_lr_0.0000_e_217_do_0.2', glove=False, gpu=True, hidden_size=27, imbalance=True, learning_rate=1e-05, lm_path=None, logs_dir='/scratch/asw462/logs/verb_classes_cola/dative', max_pool=False, model='linear_classifier', num_layers=4, output_dir='/scratch/asw462/logs/verb_classes_cola/outputs/dative', patience=20, preprocess_tokenizer='space', prints_per_stage=1, resume=True, resume_file=None, save_loc='/scratch/asw462/models/verb_classes_cola/dative', seed=1111, should_not_log=False, should_not_lowercase=False, should_not_preprocess_data=False, stages_per_epoch=2, train_embeddings=False, train_evaluate_interval=10, vocab_file='/scratch/asw462/data/vocab_100k.tsv')
======== General =======
Model: linear_classifier
GPU: True
Experiment Name: experiment_linear_classifier_h_27_l_4_lr_0.0000_e_217_do_0.2
Save location: /scratch/asw462/models/verb_classes_cola/dative
Logs dir: /scratch/asw462/logs/verb_classes_cola/dative
Timestamp: 2018/08/01 20:23:49
 
======== Data =======
Training set: 11015 examples
Validation set: 52 examples
Test set: 234 examples
 
======= Parameters =======
Learning Rate: 0.000010
Batch Size: 32
Epochs: 1000
Patience: 20
Stages per Epoch: 2
Embedding: 100004 x 217
Number of layers: 4
Hidden Size: 27
Encoder Size: 528
Resume: True
 
======= Model =======
LinearClassifierWithEncoder(
  (model): LinearClassifier(
    (dropout): Dropout(p=0.2)
    (enc2h): Linear(in_features=1056, out_features=27, bias=True)
    (h20): Linear(in_features=27, out_features=1, bias=True)
    (sigmoid): Sigmoid()
    (tanh): Tanh()
    (softmax): Softmax()
  )
  (encoder): LSTMPoolingClassifierWithELMo(
    (elmo): ELMOClassifier(
      (lm): LSTMLanguageModel(
        (dropout): Dropout(p=0.2)
        (embedding): Embedding(100003, 217)
        (lstm): LSTM(217, 891, num_layers=2, dropout=0.2)
        (fc): Linear(in_features=891, out_features=100003, bias=True)
      )
      (lstms): ModuleList(
        (0): LSTM(217, 891, batch_first=True)
        (1): LSTM(891, 891, batch_first=True)
      )
      (dropout): Dropout(p=0.2)
      (linear_comb): Linear(in_features=2, out_features=1, bias=True)
      (fc1): Linear(in_features=891, out_features=528, bias=True)
      (relu): ReLU()
      (out): Linear(in_features=528, out_features=1, bias=True)
      (sigmoid): Sigmoid()
    )
    (pooling_classifier): LSTMPoolingClassifier(
      (ih2h): LSTM(891, 528, num_layers=3, batch_first=True, dropout=0.2, bidirectional=True)
      (pool2o): Linear(in_features=1056, out_features=1, bias=True)
      (sigmoid): Sigmoid()
      (softmax): Softmax()
      (dropout): Dropout(p=0.2)
    )
  )
)
 
========= Epoch 1 =========
172/345: Matthews -0.02935, Accuracy: 65.38462, Loss: 0.132179003
344/345: Matthews -0.16935, Accuracy: 50.00000, Loss: 0.136124116
 
Best Matthews: 0.00000, Best Accuracy: 0.00000, Best Loss: inf at epoch 0
Time Elasped: 00:00:23
========= Epoch 2 =========
172/345: Matthews -0.20273, Accuracy: 46.15385, Loss: 0.139910184
344/345: Matthews -0.20273, Accuracy: 46.15385, Loss: 0.143207046
 
Best Matthews: 0.00000, Best Accuracy: 0.00000, Best Loss: inf at epoch 0
Time Elasped: 00:00:41
========= Epoch 3 =========
172/345: Matthews -0.21962, Accuracy: 44.23077, Loss: 0.146236181
344/345: Matthews -0.21962, Accuracy: 44.23077, Loss: 0.146711973
 
Best Matthews: 0.00000, Best Accuracy: 0.00000, Best Loss: inf at epoch 0
Time Elasped: 00:00:59
========= Epoch 4 =========
172/345: Matthews -0.05083, Accuracy: 48.07692, Loss: 0.147762409
344/345: Matthews -0.21962, Accuracy: 44.23077, Loss: 0.149454319
 
Best Matthews: 0.00000, Best Accuracy: 0.00000, Best Loss: inf at epoch 0
Time Elasped: 00:01:17
========= Epoch 5 =========
172/345: Matthews -0.21962, Accuracy: 44.23077, Loss: 0.150909470
344/345: Matthews -0.21962, Accuracy: 44.23077, Loss: 0.151408214
 
Best Matthews: 0.00000, Best Accuracy: 0.00000, Best Loss: inf at epoch 0
Time Elasped: 00:01:35
========= Epoch 6 =========
172/345: Matthews -0.08628, Accuracy: 44.23077, Loss: 0.150986461
344/345: Matthews -0.05083, Accuracy: 48.07692, Loss: 0.152233509
 
Best Matthews: 0.00000, Best Accuracy: 0.00000, Best Loss: inf at epoch 0
Time Elasped: 00:01:53
========= Epoch 7 =========
172/345: Matthews -0.13500, Accuracy: 46.15385, Loss: 0.152992120
344/345: Matthews -0.06848, Accuracy: 46.15385, Loss: 0.152503078
 
Best Matthews: 0.00000, Best Accuracy: 0.00000, Best Loss: inf at epoch 0
Time Elasped: 00:02:11
========= Epoch 8 =========
172/345: Matthews -0.10432, Accuracy: 42.30769, Loss: 0.152583333
344/345: Matthews -0.10432, Accuracy: 42.30769, Loss: 0.152804173
 
Best Matthews: 0.00000, Best Accuracy: 0.00000, Best Loss: inf at epoch 0
Time Elasped: 00:02:29
========= Epoch 9 =========
172/345: Matthews -0.12268, Accuracy: 40.38462, Loss: 0.152451396
344/345: Matthews -0.10432, Accuracy: 42.30769, Loss: 0.152790436
 
Best Matthews: 0.00000, Best Accuracy: 0.00000, Best Loss: inf at epoch 0
Time Elasped: 00:02:48
========= Epoch 10 =========
172/345: Matthews -0.14145, Accuracy: 38.46154, Loss: 0.152942547
344/345: Matthews -0.14145, Accuracy: 38.46154, Loss: 0.152332489
 
Best Matthews: 0.00000, Best Accuracy: 0.00000, Best Loss: inf at epoch 0
Time Elasped: 00:03:06
========= Epoch 11 =========
172/345: Matthews -0.14145, Accuracy: 38.46154, Loss: 0.152078188
344/345: Matthews -0.14145, Accuracy: 38.46154, Loss: 0.151883189
 
Best Matthews: 0.00000, Best Accuracy: 0.00000, Best Loss: inf at epoch 0
Time Elasped: 00:03:24
========= Epoch 12 =========
172/345: Matthews -0.14145, Accuracy: 38.46154, Loss: 0.152536521
344/345: Matthews -0.14145, Accuracy: 38.46154, Loss: 0.151989552
 
Best Matthews: 0.00000, Best Accuracy: 0.00000, Best Loss: inf at epoch 0
Time Elasped: 00:03:42
========= Epoch 13 =========
172/345: Matthews -0.14145, Accuracy: 38.46154, Loss: 0.152583856
344/345: Matthews -0.14145, Accuracy: 38.46154, Loss: 0.151749079
 
Best Matthews: 0.00000, Best Accuracy: 0.00000, Best Loss: inf at epoch 0
Time Elasped: 00:04:01
========= Epoch 14 =========
172/345: Matthews -0.20667, Accuracy: 38.46154, Loss: 0.152215793
344/345: Matthews -0.14145, Accuracy: 38.46154, Loss: 0.151821989
 
Best Matthews: 0.00000, Best Accuracy: 0.00000, Best Loss: inf at epoch 0
Time Elasped: 00:04:19
========= Epoch 15 =========
172/345: Matthews -0.14145, Accuracy: 38.46154, Loss: 0.150727877
344/345: Matthews -0.14145, Accuracy: 38.46154, Loss: 0.151928883
 
Best Matthews: 0.00000, Best Accuracy: 0.00000, Best Loss: inf at epoch 0
Time Elasped: 00:04:37
========= Epoch 16 =========
172/345: Matthews -0.14145, Accuracy: 38.46154, Loss: 0.151641974
344/345: Matthews -0.14145, Accuracy: 38.46154, Loss: 0.151489881
 
Best Matthews: 0.00000, Best Accuracy: 0.00000, Best Loss: inf at epoch 0
Time Elasped: 00:04:56
========= Epoch 17 =========
172/345: Matthews -0.14145, Accuracy: 38.46154, Loss: 0.150301860
344/345: Matthews -0.14145, Accuracy: 38.46154, Loss: 0.151730372
 
Best Matthews: 0.00000, Best Accuracy: 0.00000, Best Loss: inf at epoch 0
Time Elasped: 00:05:14
========= Epoch 18 =========
172/345: Matthews -0.14145, Accuracy: 38.46154, Loss: 0.150441041
344/345: Matthews -0.14145, Accuracy: 38.46154, Loss: 0.151064268
 
Best Matthews: 0.00000, Best Accuracy: 0.00000, Best Loss: inf at epoch 0
Time Elasped: 00:05:32
========= Epoch 19 =========
172/345: Matthews -0.14145, Accuracy: 38.46154, Loss: 0.150648209
344/345: Matthews -0.22557, Accuracy: 36.53846, Loss: 0.151317331
 
Best Matthews: 0.00000, Best Accuracy: 0.00000, Best Loss: inf at epoch 0
Time Elasped: 00:05:50
========= Epoch 20 =========
172/345: Matthews -0.14145, Accuracy: 38.46154, Loss: 0.151110392
344/345: Matthews -0.05626, Accuracy: 40.38462, Loss: 0.149869295
 
Best Matthews: 0.00000, Best Accuracy: 0.00000, Best Loss: inf at epoch 0
Time Elasped: 00:06:08
========= Epoch 21 =========
Early Stopping activated
 
Best Matthews: 0.00000, Best Accuracy: 0.00000, Best Loss: inf at epoch 0
Time Elasped: 00:06:18
Test Set:
0/0: Matthews 0.18062, Accuracy: 55.55556, Loss: 0.020412765
