Namespace(batch_size=32, buffer_size=1, by_source=False, crop_pad_length=30, data='./acceptability_corpus/verb_classes_cola/dative', data_type='discriminator', dropout=0.2, embedding='glove.6B.300d', embedding_path='/scratch/asw462/models/elmo_encoder/elmo.emb', embedding_size=217, encoder_num_layers=2, encoder_path='/scratch/asw462/models/elmo_encoder/elmo.pth', encoding_size=528, encoding_type='lstm_pooling_classifier', epochs=1000, evaluate_train=False, experiment_name='experiment_linear_classifier_h_29_l_4_lr_0.0001_e_217_do_0.2', glove=False, gpu=True, hidden_size=29, imbalance=True, learning_rate=0.00013, lm_path=None, logs_dir='/scratch/asw462/logs/verb_classes_cola/dative', max_pool=False, model='linear_classifier', num_layers=4, output_dir='/scratch/asw462/logs/verb_classes_cola/outputs/dative', patience=20, preprocess_tokenizer='space', prints_per_stage=1, resume=True, resume_file=None, save_loc='/scratch/asw462/models/verb_classes_cola/dative', seed=1111, should_not_log=False, should_not_lowercase=False, should_not_preprocess_data=False, stages_per_epoch=2, train_embeddings=False, train_evaluate_interval=10, vocab_file='/scratch/asw462/data/vocab_100k.tsv')
======== General =======
Model: linear_classifier
GPU: True
Experiment Name: experiment_linear_classifier_h_29_l_4_lr_0.0001_e_217_do_0.2
Save location: /scratch/asw462/models/verb_classes_cola/dative
Logs dir: /scratch/asw462/logs/verb_classes_cola/dative
Timestamp: 2018/08/01 20:23:01
 
======== Data =======
Training set: 11015 examples
Validation set: 52 examples
Test set: 234 examples
 
======= Parameters =======
Learning Rate: 0.000130
Batch Size: 32
Epochs: 1000
Patience: 20
Stages per Epoch: 2
Embedding: 100004 x 217
Number of layers: 4
Hidden Size: 29
Encoder Size: 528
Resume: True
 
======= Model =======
LinearClassifierWithEncoder(
  (model): LinearClassifier(
    (dropout): Dropout(p=0.2)
    (enc2h): Linear(in_features=1056, out_features=29, bias=True)
    (h20): Linear(in_features=29, out_features=1, bias=True)
    (sigmoid): Sigmoid()
    (tanh): Tanh()
    (softmax): Softmax()
  )
  (encoder): LSTMPoolingClassifierWithELMo(
    (elmo): ELMOClassifier(
      (lm): LSTMLanguageModel(
        (dropout): Dropout(p=0.2)
        (embedding): Embedding(100003, 217)
        (lstm): LSTM(217, 891, num_layers=2, dropout=0.2)
        (fc): Linear(in_features=891, out_features=100003, bias=True)
      )
      (lstms): ModuleList(
        (0): LSTM(217, 891, batch_first=True)
        (1): LSTM(891, 891, batch_first=True)
      )
      (dropout): Dropout(p=0.2)
      (linear_comb): Linear(in_features=2, out_features=1, bias=True)
      (fc1): Linear(in_features=891, out_features=528, bias=True)
      (relu): ReLU()
      (out): Linear(in_features=528, out_features=1, bias=True)
      (sigmoid): Sigmoid()
    )
    (pooling_classifier): LSTMPoolingClassifier(
      (ih2h): LSTM(891, 528, num_layers=3, batch_first=True, dropout=0.2, bidirectional=True)
      (pool2o): Linear(in_features=1056, out_features=1, bias=True)
      (sigmoid): Sigmoid()
      (softmax): Softmax()
      (dropout): Dropout(p=0.2)
    )
  )
)
 
========= Epoch 1 =========
172/345: Matthews -0.27196, Accuracy: 38.46154, Loss: 0.154163544
344/345: Matthews -0.15250, Accuracy: 44.23077, Loss: 0.156213063
 
Best Matthews: 0.00000, Best Accuracy: 0.00000, Best Loss: inf at epoch 0
Time Elasped: 00:00:20
========= Epoch 2 =========
172/345: Matthews -0.17022, Accuracy: 42.30769, Loss: 0.151458612
344/345: Matthews -0.00625, Accuracy: 38.46154, Loss: 0.150014419
 
Best Matthews: 0.00000, Best Accuracy: 0.00000, Best Loss: inf at epoch 0
Time Elasped: 00:00:35
========= Epoch 3 =========
172/345: Matthews -0.18068, Accuracy: 34.61538, Loss: 0.151189391
344/345: Matthews -0.16075, Accuracy: 36.53846, Loss: 0.147019900
 
Best Matthews: 0.00000, Best Accuracy: 0.00000, Best Loss: inf at epoch 0
Time Elasped: 00:00:50
========= Epoch 4 =========
172/345: Matthews -0.14145, Accuracy: 38.46154, Loss: 0.149787059
344/345: Matthews -0.08628, Accuracy: 44.23077, Loss: 0.153203442
 
Best Matthews: 0.00000, Best Accuracy: 0.00000, Best Loss: inf at epoch 0
Time Elasped: 00:01:05
========= Epoch 5 =========
172/345: Matthews -0.08628, Accuracy: 44.23077, Loss: 0.146735155
344/345: Matthews -0.16075, Accuracy: 36.53846, Loss: 0.146734284
 
Best Matthews: 0.00000, Best Accuracy: 0.00000, Best Loss: inf at epoch 0
Time Elasped: 00:01:20
========= Epoch 6 =========
172/345: Matthews -0.10432, Accuracy: 42.30769, Loss: 0.146049573
344/345: Matthews -0.10432, Accuracy: 42.30769, Loss: 0.143564453
 
Best Matthews: 0.00000, Best Accuracy: 0.00000, Best Loss: inf at epoch 0
Time Elasped: 00:01:35
========= Epoch 7 =========
172/345: Matthews -0.10432, Accuracy: 42.30769, Loss: 0.141461657
344/345: Matthews -0.08628, Accuracy: 44.23077, Loss: 0.147807653
 
Best Matthews: 0.00000, Best Accuracy: 0.00000, Best Loss: inf at epoch 0
Time Elasped: 00:01:50
========= Epoch 8 =========
172/345: Matthews -0.08628, Accuracy: 44.23077, Loss: 0.142179801
344/345: Matthews -0.10432, Accuracy: 42.30769, Loss: 0.141046579
 
Best Matthews: 0.00000, Best Accuracy: 0.00000, Best Loss: inf at epoch 0
Time Elasped: 00:02:05
========= Epoch 9 =========
172/345: Matthews -0.08628, Accuracy: 44.23077, Loss: 0.142311903
344/345: Matthews -0.08628, Accuracy: 44.23077, Loss: 0.147666473
 
Best Matthews: 0.00000, Best Accuracy: 0.00000, Best Loss: inf at epoch 0
Time Elasped: 00:02:21
========= Epoch 10 =========
172/345: Matthews -0.08628, Accuracy: 44.23077, Loss: 0.142269410
344/345: Matthews -0.08628, Accuracy: 44.23077, Loss: 0.144651917
 
Best Matthews: 0.00000, Best Accuracy: 0.00000, Best Loss: inf at epoch 0
Time Elasped: 00:02:36
========= Epoch 11 =========
172/345: Matthews -0.08628, Accuracy: 44.23077, Loss: 0.144389684
344/345: Matthews -0.08628, Accuracy: 44.23077, Loss: 0.143580748
 
Best Matthews: 0.00000, Best Accuracy: 0.00000, Best Loss: inf at epoch 0
Time Elasped: 00:02:51
========= Epoch 12 =========
172/345: Matthews -0.08628, Accuracy: 44.23077, Loss: 0.147183913
344/345: Matthews -0.08628, Accuracy: 44.23077, Loss: 0.141704147
 
Best Matthews: 0.00000, Best Accuracy: 0.00000, Best Loss: inf at epoch 0
Time Elasped: 00:03:06
========= Epoch 13 =========
172/345: Matthews -0.00197, Accuracy: 46.15385, Loss: 0.138097167
344/345: Matthews -0.00197, Accuracy: 46.15385, Loss: 0.142404153
 
Best Matthews: 0.00000, Best Accuracy: 0.00000, Best Loss: inf at epoch 0
Time Elasped: 00:03:21
========= Epoch 14 =========
172/345: Matthews 0.26414, Accuracy: 42.30769, Loss: 0.130973733
344/345: Matthews 0.13601, Accuracy: 46.15385, Loss: 0.134184599
 
Best Matthews: 0.26414, Best Accuracy: 42.30769, Best Loss: 0.130973733 at epoch 14
Time Elasped: 00:03:39
========= Epoch 15 =========
172/345: Matthews 0.08310, Accuracy: 48.07692, Loss: 0.135002063
344/345: Matthews 0.03326, Accuracy: 50.00000, Loss: 0.134251521
 
Best Matthews: 0.26414, Best Accuracy: 42.30769, Best Loss: 0.130973733 at epoch 14
Time Elasped: 00:03:54
========= Epoch 16 =========
172/345: Matthews 0.16935, Accuracy: 50.00000, Loss: 0.130012035
344/345: Matthews -0.03785, Accuracy: 42.30769, Loss: 0.138427239
 
Best Matthews: 0.26414, Best Accuracy: 42.30769, Best Loss: 0.130973733 at epoch 14
Time Elasped: 00:04:09
========= Epoch 17 =========
172/345: Matthews 0.03326, Accuracy: 50.00000, Loss: 0.138035848
344/345: Matthews 0.15271, Accuracy: 48.07692, Loss: 0.133152118
 
Best Matthews: 0.26414, Best Accuracy: 42.30769, Best Loss: 0.130973733 at epoch 14
Time Elasped: 00:04:24
========= Epoch 18 =========
172/345: Matthews 0.03326, Accuracy: 50.00000, Loss: 0.136819509
344/345: Matthews -0.00197, Accuracy: 46.15385, Loss: 0.134565794
 
Best Matthews: 0.26414, Best Accuracy: 42.30769, Best Loss: 0.130973733 at epoch 14
Time Elasped: 00:04:40
========= Epoch 19 =========
172/345: Matthews 0.03326, Accuracy: 50.00000, Loss: 0.138172040
344/345: Matthews -0.01569, Accuracy: 51.92308, Loss: 0.140328077
 
Best Matthews: 0.26414, Best Accuracy: 42.30769, Best Loss: 0.130973733 at epoch 14
Time Elasped: 00:04:55
========= Epoch 20 =========
172/345: Matthews 0.06575, Accuracy: 46.15385, Loss: 0.139962398
344/345: Matthews 0.06848, Accuracy: 53.84615, Loss: 0.135161748
 
Best Matthews: 0.26414, Best Accuracy: 42.30769, Best Loss: 0.130973733 at epoch 14
Time Elasped: 00:05:10
========= Epoch 21 =========
172/345: Matthews 0.01569, Accuracy: 48.07692, Loss: 0.135363689
344/345: Matthews -0.10038, Accuracy: 50.00000, Loss: 0.143418816
 
Best Matthews: 0.26414, Best Accuracy: 42.30769, Best Loss: 0.130973733 at epoch 14
Time Elasped: 00:05:25
========= Epoch 22 =========
172/345: Matthews -0.10038, Accuracy: 50.00000, Loss: 0.140459528
344/345: Matthews 0.01569, Accuracy: 48.07692, Loss: 0.134122977
 
Best Matthews: 0.26414, Best Accuracy: 42.30769, Best Loss: 0.130973733 at epoch 14
Time Elasped: 00:05:40
========= Epoch 23 =========
172/345: Matthews 0.01569, Accuracy: 48.07692, Loss: 0.136754008
344/345: Matthews 0.05083, Accuracy: 51.92308, Loss: 0.132365740
 
Best Matthews: 0.26414, Best Accuracy: 42.30769, Best Loss: 0.130973733 at epoch 14
Time Elasped: 00:05:55
========= Epoch 24 =========
172/345: Matthews -0.01979, Accuracy: 44.23077, Loss: 0.144381156
344/345: Matthews 0.10038, Accuracy: 50.00000, Loss: 0.132955239
 
Best Matthews: 0.26414, Best Accuracy: 42.30769, Best Loss: 0.130973733 at epoch 14
Time Elasped: 00:06:10
========= Epoch 25 =========
172/345: Matthews 0.03326, Accuracy: 50.00000, Loss: 0.133164809
344/345: Matthews -0.06575, Accuracy: 53.84615, Loss: 0.137515105
 
Best Matthews: 0.26414, Best Accuracy: 42.30769, Best Loss: 0.130973733 at epoch 14
Time Elasped: 00:06:25
========= Epoch 26 =========
172/345: Matthews 0.06848, Accuracy: 53.84615, Loss: 0.131297368
344/345: Matthews 0.01979, Accuracy: 55.76923, Loss: 0.136474334
 
Best Matthews: 0.26414, Best Accuracy: 42.30769, Best Loss: 0.130973733 at epoch 14
Time Elasped: 00:06:40
========= Epoch 27 =========
172/345: Matthews 0.08628, Accuracy: 55.76923, Loss: 0.135542906
344/345: Matthews -0.00197, Accuracy: 46.15385, Loss: 0.135953023
 
Best Matthews: 0.26414, Best Accuracy: 42.30769, Best Loss: 0.130973733 at epoch 14
Time Elasped: 00:06:55
========= Epoch 28 =========
172/345: Matthews 0.16935, Accuracy: 50.00000, Loss: 0.132963456
344/345: Matthews 0.31884, Accuracy: 50.00000, Loss: 0.130197158
 
Best Matthews: 0.31884, Best Accuracy: 50.00000, Best Loss: 0.130197158 at epoch 28
Time Elasped: 00:07:12
========= Epoch 29 =========
172/345: Matthews 0.05083, Accuracy: 51.92308, Loss: 0.132055448
344/345: Matthews 0.16935, Accuracy: 50.00000, Loss: 0.136235741
 
Best Matthews: 0.31884, Best Accuracy: 50.00000, Best Loss: 0.130197158 at epoch 28
Time Elasped: 00:07:27
========= Epoch 30 =========
172/345: Matthews 0.08628, Accuracy: 55.76923, Loss: 0.134791649
344/345: Matthews 0.05083, Accuracy: 51.92308, Loss: 0.139084724
 
Best Matthews: 0.31884, Best Accuracy: 50.00000, Best Loss: 0.130197158 at epoch 28
Time Elasped: 00:07:42
========= Epoch 31 =========
172/345: Matthews 0.08628, Accuracy: 55.76923, Loss: 0.134967208
344/345: Matthews -0.01979, Accuracy: 44.23077, Loss: 0.134788128
 
Best Matthews: 0.31884, Best Accuracy: 50.00000, Best Loss: 0.130197158 at epoch 28
Time Elasped: 00:07:57
========= Epoch 32 =========
172/345: Matthews 0.05083, Accuracy: 51.92308, Loss: 0.132408720
344/345: Matthews 0.06575, Accuracy: 46.15385, Loss: 0.135772815
 
Best Matthews: 0.31884, Best Accuracy: 50.00000, Best Loss: 0.130197158 at epoch 28
Time Elasped: 00:08:12
========= Epoch 33 =========
172/345: Matthews 0.00197, Accuracy: 53.84615, Loss: 0.136867074
344/345: Matthews 0.00197, Accuracy: 53.84615, Loss: 0.138552005
 
Best Matthews: 0.31884, Best Accuracy: 50.00000, Best Loss: 0.130197158 at epoch 28
Time Elasped: 00:08:27
========= Epoch 34 =========
172/345: Matthews 0.06575, Accuracy: 46.15385, Loss: 0.134393830
344/345: Matthews 0.01979, Accuracy: 55.76923, Loss: 0.135670965
 
Best Matthews: 0.31884, Best Accuracy: 50.00000, Best Loss: 0.130197158 at epoch 28
Time Elasped: 00:08:42
========= Epoch 35 =========
172/345: Matthews 0.05083, Accuracy: 51.92308, Loss: 0.132268135
344/345: Matthews 0.01569, Accuracy: 48.07692, Loss: 0.132943694
 
Best Matthews: 0.31884, Best Accuracy: 50.00000, Best Loss: 0.130197158 at epoch 28
Time Elasped: 00:08:57
========= Epoch 36 =========
172/345: Matthews -0.00197, Accuracy: 46.15385, Loss: 0.134204993
344/345: Matthews 0.24158, Accuracy: 50.00000, Loss: 0.133347896
 
Best Matthews: 0.31884, Best Accuracy: 50.00000, Best Loss: 0.130197158 at epoch 28
Time Elasped: 00:09:12
========= Epoch 37 =========
172/345: Matthews -0.01569, Accuracy: 51.92308, Loss: 0.136718814
344/345: Matthews -0.01979, Accuracy: 44.23077, Loss: 0.135228891
 
Best Matthews: 0.31884, Best Accuracy: 50.00000, Best Loss: 0.130197158 at epoch 28
Time Elasped: 00:09:28
========= Epoch 38 =========
172/345: Matthews 0.20273, Accuracy: 53.84615, Loss: 0.128993227
344/345: Matthews -0.00197, Accuracy: 46.15385, Loss: 0.136436178
 
Best Matthews: 0.31884, Best Accuracy: 50.00000, Best Loss: 0.130197158 at epoch 28
Time Elasped: 00:09:43
========= Epoch 39 =========
172/345: Matthews -0.01569, Accuracy: 51.92308, Loss: 0.138451154
344/345: Matthews 0.01979, Accuracy: 55.76923, Loss: 0.132457385
 
Best Matthews: 0.31884, Best Accuracy: 50.00000, Best Loss: 0.130197158 at epoch 28
Time Elasped: 00:09:58
========= Epoch 40 =========
172/345: Matthews -0.03326, Accuracy: 50.00000, Loss: 0.136573516
344/345: Matthews 0.06575, Accuracy: 46.15385, Loss: 0.134576504
 
Best Matthews: 0.31884, Best Accuracy: 50.00000, Best Loss: 0.130197158 at epoch 28
Time Elasped: 00:10:14
========= Epoch 41 =========
172/345: Matthews 0.03326, Accuracy: 50.00000, Loss: 0.134156484
344/345: Matthews 0.08310, Accuracy: 48.07692, Loss: 0.137300033
 
Best Matthews: 0.31884, Best Accuracy: 50.00000, Best Loss: 0.130197158 at epoch 28
Time Elasped: 00:10:29
========= Epoch 42 =========
172/345: Matthews 0.10432, Accuracy: 57.69231, Loss: 0.132613365
344/345: Matthews 0.08310, Accuracy: 48.07692, Loss: 0.137666831
 
Best Matthews: 0.31884, Best Accuracy: 50.00000, Best Loss: 0.130197158 at epoch 28
Time Elasped: 00:10:45
========= Epoch 43 =========
172/345: Matthews 0.12268, Accuracy: 59.61538, Loss: 0.133654594
344/345: Matthews 0.06848, Accuracy: 53.84615, Loss: 0.141113886
 
Best Matthews: 0.31884, Best Accuracy: 50.00000, Best Loss: 0.130197158 at epoch 28
Time Elasped: 00:11:00
========= Epoch 44 =========
172/345: Matthews 0.05083, Accuracy: 51.92308, Loss: 0.139014721
344/345: Matthews -0.06575, Accuracy: 53.84615, Loss: 0.135641932
 
Best Matthews: 0.31884, Best Accuracy: 50.00000, Best Loss: 0.130197158 at epoch 28
Time Elasped: 00:11:16
========= Epoch 45 =========
172/345: Matthews 0.20273, Accuracy: 53.84615, Loss: 0.132192373
344/345: Matthews 0.20273, Accuracy: 53.84615, Loss: 0.129290159
 
Best Matthews: 0.31884, Best Accuracy: 50.00000, Best Loss: 0.130197158 at epoch 28
Time Elasped: 00:11:32
========= Epoch 46 =========
172/345: Matthews 0.11766, Accuracy: 51.92308, Loss: 0.131425922
344/345: Matthews 0.05083, Accuracy: 51.92308, Loss: 0.135879471
 
Best Matthews: 0.31884, Best Accuracy: 50.00000, Best Loss: 0.130197158 at epoch 28
Time Elasped: 00:11:47
========= Epoch 47 =========
172/345: Matthews 0.34714, Accuracy: 53.84615, Loss: 0.125825396
344/345: Matthews -0.06575, Accuracy: 53.84615, Loss: 0.143647928
 
Best Matthews: 0.34714, Best Accuracy: 53.84615, Best Loss: 0.125825396 at epoch 47
Time Elasped: 00:12:05
========= Epoch 48 =========
172/345: Matthews -0.08310, Accuracy: 51.92308, Loss: 0.140265767
344/345: Matthews 0.27294, Accuracy: 53.84615, Loss: 0.129563203
 
Best Matthews: 0.34714, Best Accuracy: 53.84615, Best Loss: 0.125825396 at epoch 47
Time Elasped: 00:12:20
========= Epoch 49 =========
172/345: Matthews 0.01979, Accuracy: 55.76923, Loss: 0.135699694
344/345: Matthews 0.11766, Accuracy: 51.92308, Loss: 0.135720106
 
Best Matthews: 0.34714, Best Accuracy: 53.84615, Best Loss: 0.125825396 at epoch 47
Time Elasped: 00:12:36
========= Epoch 50 =========
172/345: Matthews 0.11766, Accuracy: 51.92308, Loss: 0.129937355
344/345: Matthews 0.08310, Accuracy: 48.07692, Loss: 0.136308927
 
Best Matthews: 0.34714, Best Accuracy: 53.84615, Best Loss: 0.125825396 at epoch 47
Time Elasped: 00:12:51
========= Epoch 51 =========
172/345: Matthews 0.17022, Accuracy: 57.69231, Loss: 0.127993795
344/345: Matthews 0.06848, Accuracy: 53.84615, Loss: 0.133631981
 
Best Matthews: 0.34714, Best Accuracy: 53.84615, Best Loss: 0.125825396 at epoch 47
Time Elasped: 00:13:07
========= Epoch 52 =========
172/345: Matthews -0.08310, Accuracy: 51.92308, Loss: 0.141731950
344/345: Matthews 0.33288, Accuracy: 51.92308, Loss: 0.129235442
 
Best Matthews: 0.34714, Best Accuracy: 53.84615, Best Loss: 0.125825396 at epoch 47
Time Elasped: 00:13:23
========= Epoch 53 =========
172/345: Matthews 0.33288, Accuracy: 51.92308, Loss: 0.135813099
344/345: Matthews 0.10038, Accuracy: 50.00000, Loss: 0.130516419
 
Best Matthews: 0.34714, Best Accuracy: 53.84615, Best Loss: 0.125825396 at epoch 47
Time Elasped: 00:13:38
========= Epoch 54 =========
172/345: Matthews 0.27294, Accuracy: 53.84615, Loss: 0.128426680
344/345: Matthews 0.27294, Accuracy: 53.84615, Loss: 0.129979005
 
Best Matthews: 0.34714, Best Accuracy: 53.84615, Best Loss: 0.125825396 at epoch 47
Time Elasped: 00:13:54
========= Epoch 55 =========
172/345: Matthews 0.23674, Accuracy: 57.69231, Loss: 0.126680209
344/345: Matthews 0.25720, Accuracy: 51.92308, Loss: 0.129671977
 
Best Matthews: 0.34714, Best Accuracy: 53.84615, Best Loss: 0.125825396 at epoch 47
Time Elasped: 00:14:09
========= Epoch 56 =========
172/345: Matthews 0.27294, Accuracy: 53.84615, Loss: 0.126231652
344/345: Matthews 0.31884, Accuracy: 50.00000, Loss: 0.124059026
 
Best Matthews: 0.34714, Best Accuracy: 53.84615, Best Loss: 0.125825396 at epoch 47
Time Elasped: 00:14:25
========= Epoch 57 =========
172/345: Matthews 0.08628, Accuracy: 55.76923, Loss: 0.129510568
344/345: Matthews 0.25720, Accuracy: 51.92308, Loss: 0.130730666
 
Best Matthews: 0.34714, Best Accuracy: 53.84615, Best Loss: 0.125825396 at epoch 47
Time Elasped: 00:14:41
========= Epoch 58 =========
172/345: Matthews 0.08628, Accuracy: 55.76923, Loss: 0.126780730
344/345: Matthews -0.03326, Accuracy: 50.00000, Loss: 0.133412499
 
Best Matthews: 0.34714, Best Accuracy: 53.84615, Best Loss: 0.125825396 at epoch 47
Time Elasped: 00:14:56
========= Epoch 59 =========
172/345: Matthews 0.24158, Accuracy: 50.00000, Loss: 0.131482500
344/345: Matthews -0.01569, Accuracy: 51.92308, Loss: 0.137072178
 
Best Matthews: 0.34714, Best Accuracy: 53.84615, Best Loss: 0.125825396 at epoch 47
Time Elasped: 00:15:12
========= Epoch 60 =========
172/345: Matthews 0.30508, Accuracy: 57.69231, Loss: 0.122180719
344/345: Matthews 0.28889, Accuracy: 55.76923, Loss: 0.127952851
 
Best Matthews: 0.34714, Best Accuracy: 53.84615, Best Loss: 0.125825396 at epoch 47
Time Elasped: 00:15:28
========= Epoch 61 =========
172/345: Matthews 0.11766, Accuracy: 51.92308, Loss: 0.131462354
344/345: Matthews 0.01979, Accuracy: 55.76923, Loss: 0.133395433
 
Best Matthews: 0.34714, Best Accuracy: 53.84615, Best Loss: 0.125825396 at epoch 47
Time Elasped: 00:15:43
========= Epoch 62 =========
172/345: Matthews 0.01979, Accuracy: 55.76923, Loss: 0.131573741
344/345: Matthews 0.10432, Accuracy: 57.69231, Loss: 0.124842451
 
Best Matthews: 0.34714, Best Accuracy: 53.84615, Best Loss: 0.125825396 at epoch 47
Time Elasped: 00:15:59
========= Epoch 63 =========
172/345: Matthews 0.10432, Accuracy: 57.69231, Loss: 0.132997705
344/345: Matthews 0.20273, Accuracy: 53.84615, Loss: 0.130987021
 
Best Matthews: 0.34714, Best Accuracy: 53.84615, Best Loss: 0.125825396 at epoch 47
Time Elasped: 00:16:14
========= Epoch 64 =========
172/345: Matthews 0.06848, Accuracy: 53.84615, Loss: 0.131441978
344/345: Matthews 0.18599, Accuracy: 51.92308, Loss: 0.131834287
 
Best Matthews: 0.34714, Best Accuracy: 53.84615, Best Loss: 0.125825396 at epoch 47
Time Elasped: 00:16:30
========= Epoch 65 =========
172/345: Matthews 0.25720, Accuracy: 51.92308, Loss: 0.125768937
344/345: Matthews 0.01979, Accuracy: 55.76923, Loss: 0.136307496
 
Best Matthews: 0.34714, Best Accuracy: 53.84615, Best Loss: 0.125825396 at epoch 47
Time Elasped: 00:16:46
========= Epoch 66 =========
172/345: Matthews 0.27294, Accuracy: 53.84615, Loss: 0.124498826
344/345: Matthews 0.27294, Accuracy: 53.84615, Loss: 0.127283747
 
Best Matthews: 0.34714, Best Accuracy: 53.84615, Best Loss: 0.125825396 at epoch 47
Time Elasped: 00:17:01
========= Epoch 67 =========
172/345: Matthews -0.01569, Accuracy: 51.92308, Loss: 0.134632652
344/345: Matthews 0.27294, Accuracy: 53.84615, Loss: 0.127648775
 
Best Matthews: 0.34714, Best Accuracy: 53.84615, Best Loss: 0.125825396 at epoch 47
Time Elasped: 00:17:17
========= Epoch 68 =========
Early Stopping activated
 
Best Matthews: 0.34714, Best Accuracy: 53.84615, Best Loss: 0.125825396 at epoch 47
Time Elasped: 00:17:27
Test Set:
0/0: Matthews 0.32869, Accuracy: 58.97436, Loss: 0.017656184
