Namespace(batch_size=32, buffer_size=1, by_source=False, crop_pad_length=30, data='./acceptability_corpus/verb_classes_cola/dative', data_type='discriminator', dropout=0.2, embedding='glove.6B.300d', embedding_path='/scratch/asw462/models/elmo_encoder/elmo.emb', embedding_size=217, encoder_num_layers=2, encoder_path='/scratch/asw462/models/elmo_encoder/elmo.pth', encoding_size=528, encoding_type='lstm_pooling_classifier', epochs=1000, evaluate_train=False, experiment_name='experiment_linear_classifier_h_179_l_4_lr_0.0000_e_217_do_0.2', glove=False, gpu=True, hidden_size=179, imbalance=True, learning_rate=1e-05, lm_path=None, logs_dir='/scratch/asw462/logs/verb_classes_cola/dative', max_pool=False, model='linear_classifier', num_layers=4, output_dir='/scratch/asw462/logs/verb_classes_cola/outputs/dative', patience=20, preprocess_tokenizer='space', prints_per_stage=1, resume=True, resume_file=None, save_loc='/scratch/asw462/models/verb_classes_cola/dative', seed=1111, should_not_log=False, should_not_lowercase=False, should_not_preprocess_data=False, stages_per_epoch=2, train_embeddings=False, train_evaluate_interval=10, vocab_file='/scratch/asw462/data/vocab_100k.tsv')
======== General =======
Model: linear_classifier
GPU: True
Experiment Name: experiment_linear_classifier_h_179_l_4_lr_0.0000_e_217_do_0.2
Save location: /scratch/asw462/models/verb_classes_cola/dative
Logs dir: /scratch/asw462/logs/verb_classes_cola/dative
Timestamp: 2018/08/01 21:42:30
 
======== Data =======
Training set: 11015 examples
Validation set: 52 examples
Test set: 234 examples
 
======= Parameters =======
Learning Rate: 0.000010
Batch Size: 32
Epochs: 1000
Patience: 20
Stages per Epoch: 2
Embedding: 100004 x 217
Number of layers: 4
Hidden Size: 179
Encoder Size: 528
Resume: True
 
======= Model =======
LinearClassifierWithEncoder(
  (model): LinearClassifier(
    (dropout): Dropout(p=0.2)
    (enc2h): Linear(in_features=1056, out_features=179, bias=True)
    (h20): Linear(in_features=179, out_features=1, bias=True)
    (sigmoid): Sigmoid()
    (tanh): Tanh()
    (softmax): Softmax()
  )
  (encoder): LSTMPoolingClassifierWithELMo(
    (elmo): ELMOClassifier(
      (lm): LSTMLanguageModel(
        (dropout): Dropout(p=0.2)
        (embedding): Embedding(100003, 217)
        (lstm): LSTM(217, 891, num_layers=2, dropout=0.2)
        (fc): Linear(in_features=891, out_features=100003, bias=True)
      )
      (lstms): ModuleList(
        (0): LSTM(217, 891, batch_first=True)
        (1): LSTM(891, 891, batch_first=True)
      )
      (dropout): Dropout(p=0.2)
      (linear_comb): Linear(in_features=2, out_features=1, bias=True)
      (fc1): Linear(in_features=891, out_features=528, bias=True)
      (relu): ReLU()
      (out): Linear(in_features=528, out_features=1, bias=True)
      (sigmoid): Sigmoid()
    )
    (pooling_classifier): LSTMPoolingClassifier(
      (ih2h): LSTM(891, 528, num_layers=3, batch_first=True, dropout=0.2, bidirectional=True)
      (pool2o): Linear(in_features=1056, out_features=1, bias=True)
      (sigmoid): Sigmoid()
      (softmax): Softmax()
      (dropout): Dropout(p=0.2)
    )
  )
)
 
========= Epoch 1 =========
172/345: Matthews -0.18599, Accuracy: 48.07692, Loss: 0.141247731
344/345: Matthews -0.20273, Accuracy: 46.15385, Loss: 0.150081607
 
Best Matthews: 0.00000, Best Accuracy: 0.00000, Best Loss: inf at epoch 0
Time Elasped: 00:00:21
========= Epoch 2 =========
172/345: Matthews -0.23674, Accuracy: 42.30769, Loss: 0.152292178
344/345: Matthews -0.23674, Accuracy: 42.30769, Loss: 0.154214456
 
Best Matthews: 0.00000, Best Accuracy: 0.00000, Best Loss: inf at epoch 0
Time Elasped: 00:00:38
========= Epoch 3 =========
172/345: Matthews -0.25416, Accuracy: 40.38462, Loss: 0.153835535
344/345: Matthews -0.17022, Accuracy: 42.30769, Loss: 0.155593083
 
Best Matthews: 0.00000, Best Accuracy: 0.00000, Best Loss: inf at epoch 0
Time Elasped: 00:00:54
========= Epoch 4 =========
172/345: Matthews -0.18825, Accuracy: 40.38462, Loss: 0.153789676
344/345: Matthews -0.17022, Accuracy: 42.30769, Loss: 0.155518238
 
Best Matthews: 0.00000, Best Accuracy: 0.00000, Best Loss: inf at epoch 0
Time Elasped: 00:01:11
========= Epoch 5 =========
172/345: Matthews -0.18825, Accuracy: 40.38462, Loss: 0.154258013
344/345: Matthews -0.18825, Accuracy: 40.38462, Loss: 0.154030635
 
Best Matthews: 0.00000, Best Accuracy: 0.00000, Best Loss: inf at epoch 0
Time Elasped: 00:01:27
========= Epoch 6 =========
172/345: Matthews -0.17022, Accuracy: 42.30769, Loss: 0.154596934
344/345: Matthews -0.17022, Accuracy: 42.30769, Loss: 0.153523885
 
Best Matthews: 0.00000, Best Accuracy: 0.00000, Best Loss: inf at epoch 0
Time Elasped: 00:01:43
========= Epoch 7 =========
172/345: Matthews -0.22557, Accuracy: 36.53846, Loss: 0.151886271
344/345: Matthews -0.20667, Accuracy: 38.46154, Loss: 0.154071368
 
Best Matthews: 0.00000, Best Accuracy: 0.00000, Best Loss: inf at epoch 0
Time Elasped: 00:02:00
========= Epoch 8 =========
172/345: Matthews -0.20667, Accuracy: 38.46154, Loss: 0.154671339
344/345: Matthews -0.20667, Accuracy: 38.46154, Loss: 0.152776131
 
Best Matthews: 0.00000, Best Accuracy: 0.00000, Best Loss: inf at epoch 0
Time Elasped: 00:02:16
========= Epoch 9 =========
172/345: Matthews -0.20667, Accuracy: 38.46154, Loss: 0.154285798
344/345: Matthews -0.20667, Accuracy: 38.46154, Loss: 0.152195674
 
Best Matthews: 0.00000, Best Accuracy: 0.00000, Best Loss: inf at epoch 0
Time Elasped: 00:02:33
========= Epoch 10 =========
172/345: Matthews -0.20667, Accuracy: 38.46154, Loss: 0.152932662
344/345: Matthews -0.16075, Accuracy: 36.53846, Loss: 0.152385803
 
Best Matthews: 0.00000, Best Accuracy: 0.00000, Best Loss: inf at epoch 0
Time Elasped: 00:02:49
========= Epoch 11 =========
172/345: Matthews -0.12268, Accuracy: 40.38462, Loss: 0.152822403
344/345: Matthews -0.20667, Accuracy: 38.46154, Loss: 0.153339634
 
Best Matthews: 0.00000, Best Accuracy: 0.00000, Best Loss: inf at epoch 0
Time Elasped: 00:03:05
========= Epoch 12 =========
172/345: Matthews -0.17022, Accuracy: 42.30769, Loss: 0.153610981
344/345: Matthews -0.16075, Accuracy: 36.53846, Loss: 0.150567312
 
Best Matthews: 0.00000, Best Accuracy: 0.00000, Best Loss: inf at epoch 0
Time Elasped: 00:03:22
========= Epoch 13 =========
172/345: Matthews -0.16075, Accuracy: 36.53846, Loss: 0.150396494
344/345: Matthews -0.12268, Accuracy: 40.38462, Loss: 0.152398550
 
Best Matthews: 0.00000, Best Accuracy: 0.00000, Best Loss: inf at epoch 0
Time Elasped: 00:03:38
========= Epoch 14 =========
172/345: Matthews -0.14145, Accuracy: 38.46154, Loss: 0.151006873
344/345: Matthews -0.08628, Accuracy: 44.23077, Loss: 0.153073109
 
Best Matthews: 0.00000, Best Accuracy: 0.00000, Best Loss: inf at epoch 0
Time Elasped: 00:03:55
========= Epoch 15 =========
172/345: Matthews -0.14145, Accuracy: 38.46154, Loss: 0.152199085
344/345: Matthews -0.14145, Accuracy: 38.46154, Loss: 0.149419748
 
Best Matthews: 0.00000, Best Accuracy: 0.00000, Best Loss: inf at epoch 0
Time Elasped: 00:04:11
========= Epoch 16 =========
172/345: Matthews -0.10432, Accuracy: 42.30769, Loss: 0.149532722
344/345: Matthews -0.10432, Accuracy: 42.30769, Loss: 0.152250217
 
Best Matthews: 0.00000, Best Accuracy: 0.00000, Best Loss: inf at epoch 0
Time Elasped: 00:04:27
========= Epoch 17 =========
172/345: Matthews -0.12268, Accuracy: 40.38462, Loss: 0.151148943
344/345: Matthews -0.12268, Accuracy: 40.38462, Loss: 0.150540214
 
Best Matthews: 0.00000, Best Accuracy: 0.00000, Best Loss: inf at epoch 0
Time Elasped: 00:04:44
========= Epoch 18 =========
172/345: Matthews -0.14145, Accuracy: 38.46154, Loss: 0.148856401
344/345: Matthews -0.08628, Accuracy: 44.23077, Loss: 0.151159947
 
Best Matthews: 0.00000, Best Accuracy: 0.00000, Best Loss: inf at epoch 0
Time Elasped: 00:05:00
========= Epoch 19 =========
172/345: Matthews -0.10432, Accuracy: 42.30769, Loss: 0.148833431
344/345: Matthews -0.08628, Accuracy: 44.23077, Loss: 0.152046790
 
Best Matthews: 0.00000, Best Accuracy: 0.00000, Best Loss: inf at epoch 0
Time Elasped: 00:05:17
========= Epoch 20 =========
172/345: Matthews -0.10432, Accuracy: 42.30769, Loss: 0.149397410
344/345: Matthews -0.08628, Accuracy: 44.23077, Loss: 0.150957529
 
Best Matthews: 0.00000, Best Accuracy: 0.00000, Best Loss: inf at epoch 0
Time Elasped: 00:05:33
========= Epoch 21 =========
Early Stopping activated
 
Best Matthews: 0.00000, Best Accuracy: 0.00000, Best Loss: inf at epoch 0
Time Elasped: 00:05:43
Test Set:
0/0: Matthews 0.17669, Accuracy: 55.12821, Loss: 0.020640294
