Namespace(batch_size=32, buffer_size=1, by_source=False, crop_pad_length=30, data='./acceptability_corpus/verb_classes_cola/dative', data_type='discriminator', dropout=0.2, embedding='glove.6B.300d', embedding_path='/scratch/asw462/models/elmo_encoder/elmo.emb', embedding_size=217, encoder_num_layers=2, encoder_path='/scratch/asw462/models/elmo_encoder/elmo.pth', encoding_size=528, encoding_type='lstm_pooling_classifier', epochs=1000, evaluate_train=False, experiment_name='experiment_linear_classifier_h_59_l_2_lr_0.0000_e_217_do_0.2', glove=False, gpu=True, hidden_size=59, imbalance=True, learning_rate=1e-05, lm_path=None, logs_dir='/scratch/asw462/logs/verb_classes_cola/dative', max_pool=False, model='linear_classifier', num_layers=2, output_dir='/scratch/asw462/logs/verb_classes_cola/outputs/dative', patience=20, preprocess_tokenizer='space', prints_per_stage=1, resume=True, resume_file=None, save_loc='/scratch/asw462/models/verb_classes_cola/dative', seed=1111, should_not_log=False, should_not_lowercase=False, should_not_preprocess_data=False, stages_per_epoch=2, train_embeddings=False, train_evaluate_interval=10, vocab_file='/scratch/asw462/data/vocab_100k.tsv')
======== General =======
Model: linear_classifier
GPU: True
Experiment Name: experiment_linear_classifier_h_59_l_2_lr_0.0000_e_217_do_0.2
Save location: /scratch/asw462/models/verb_classes_cola/dative
Logs dir: /scratch/asw462/logs/verb_classes_cola/dative
Timestamp: 2018/08/01 20:24:33
 
======== Data =======
Training set: 11015 examples
Validation set: 52 examples
Test set: 234 examples
 
======= Parameters =======
Learning Rate: 0.000010
Batch Size: 32
Epochs: 1000
Patience: 20
Stages per Epoch: 2
Embedding: 100004 x 217
Number of layers: 2
Hidden Size: 59
Encoder Size: 528
Resume: True
 
======= Model =======
LinearClassifierWithEncoder(
  (model): LinearClassifier(
    (dropout): Dropout(p=0.2)
    (enc2h): Linear(in_features=1056, out_features=59, bias=True)
    (h20): Linear(in_features=59, out_features=1, bias=True)
    (sigmoid): Sigmoid()
    (tanh): Tanh()
    (softmax): Softmax()
  )
  (encoder): LSTMPoolingClassifierWithELMo(
    (elmo): ELMOClassifier(
      (lm): LSTMLanguageModel(
        (dropout): Dropout(p=0.2)
        (embedding): Embedding(100003, 217)
        (lstm): LSTM(217, 891, num_layers=2, dropout=0.2)
        (fc): Linear(in_features=891, out_features=100003, bias=True)
      )
      (lstms): ModuleList(
        (0): LSTM(217, 891, batch_first=True)
        (1): LSTM(891, 891, batch_first=True)
      )
      (dropout): Dropout(p=0.2)
      (linear_comb): Linear(in_features=2, out_features=1, bias=True)
      (fc1): Linear(in_features=891, out_features=528, bias=True)
      (relu): ReLU()
      (out): Linear(in_features=528, out_features=1, bias=True)
      (sigmoid): Sigmoid()
    )
    (pooling_classifier): LSTMPoolingClassifier(
      (ih2h): LSTM(891, 528, num_layers=3, batch_first=True, dropout=0.2, bidirectional=True)
      (pool2o): Linear(in_features=1056, out_features=1, bias=True)
      (sigmoid): Sigmoid()
      (softmax): Softmax()
      (dropout): Dropout(p=0.2)
    )
  )
)
 
========= Epoch 1 =========
172/345: Matthews -0.20273, Accuracy: 46.15385, Loss: 0.138714112
344/345: Matthews -0.20273, Accuracy: 46.15385, Loss: 0.144760480
 
Best Matthews: 0.00000, Best Accuracy: 0.00000, Best Loss: inf at epoch 0
Time Elasped: 00:00:21
========= Epoch 2 =========
172/345: Matthews -0.23674, Accuracy: 42.30769, Loss: 0.148170554
344/345: Matthews -0.23674, Accuracy: 42.30769, Loss: 0.152021757
 
Best Matthews: 0.00000, Best Accuracy: 0.00000, Best Loss: inf at epoch 0
Time Elasped: 00:00:36
========= Epoch 3 =========
172/345: Matthews -0.23674, Accuracy: 42.30769, Loss: 0.154149349
344/345: Matthews -0.25416, Accuracy: 40.38462, Loss: 0.155002942
 
Best Matthews: 0.00000, Best Accuracy: 0.00000, Best Loss: inf at epoch 0
Time Elasped: 00:00:51
========= Epoch 4 =========
172/345: Matthews -0.25416, Accuracy: 40.38462, Loss: 0.156822461
344/345: Matthews -0.25416, Accuracy: 40.38462, Loss: 0.156284626
 
Best Matthews: 0.00000, Best Accuracy: 0.00000, Best Loss: inf at epoch 0
Time Elasped: 00:01:07
========= Epoch 5 =========
172/345: Matthews -0.23674, Accuracy: 42.30769, Loss: 0.158019066
344/345: Matthews -0.29022, Accuracy: 36.53846, Loss: 0.156365230
 
Best Matthews: 0.00000, Best Accuracy: 0.00000, Best Loss: inf at epoch 0
Time Elasped: 00:01:22
========= Epoch 6 =========
172/345: Matthews -0.12268, Accuracy: 40.38462, Loss: 0.155455131
344/345: Matthews -0.27196, Accuracy: 38.46154, Loss: 0.157368036
 
Best Matthews: 0.00000, Best Accuracy: 0.00000, Best Loss: inf at epoch 0
Time Elasped: 00:01:38
========= Epoch 7 =========
172/345: Matthews -0.20667, Accuracy: 38.46154, Loss: 0.155998523
344/345: Matthews -0.29022, Accuracy: 36.53846, Loss: 0.156496030
 
Best Matthews: 0.00000, Best Accuracy: 0.00000, Best Loss: inf at epoch 0
Time Elasped: 00:01:53
========= Epoch 8 =========
172/345: Matthews -0.12268, Accuracy: 40.38462, Loss: 0.155589984
344/345: Matthews -0.20667, Accuracy: 38.46154, Loss: 0.156851879
 
Best Matthews: 0.00000, Best Accuracy: 0.00000, Best Loss: inf at epoch 0
Time Elasped: 00:02:09
========= Epoch 9 =========
172/345: Matthews -0.20667, Accuracy: 38.46154, Loss: 0.156940680
344/345: Matthews -0.16075, Accuracy: 36.53846, Loss: 0.155181316
 
Best Matthews: 0.00000, Best Accuracy: 0.00000, Best Loss: inf at epoch 0
Time Elasped: 00:02:24
========= Epoch 10 =========
172/345: Matthews -0.07511, Accuracy: 38.46154, Loss: 0.154286971
344/345: Matthews -0.20667, Accuracy: 38.46154, Loss: 0.156431932
 
Best Matthews: 0.00000, Best Accuracy: 0.00000, Best Loss: inf at epoch 0
Time Elasped: 00:02:40
========= Epoch 11 =========
172/345: Matthews -0.16075, Accuracy: 36.53846, Loss: 0.156233091
344/345: Matthews -0.24505, Accuracy: 34.61538, Loss: 0.155170734
 
Best Matthews: 0.00000, Best Accuracy: 0.00000, Best Loss: inf at epoch 0
Time Elasped: 00:02:55
========= Epoch 12 =========
172/345: Matthews -0.16075, Accuracy: 36.53846, Loss: 0.155322753
344/345: Matthews -0.16075, Accuracy: 36.53846, Loss: 0.154529663
 
Best Matthews: 0.00000, Best Accuracy: 0.00000, Best Loss: inf at epoch 0
Time Elasped: 00:03:10
========= Epoch 13 =========
172/345: Matthews -0.07511, Accuracy: 38.46154, Loss: 0.153427922
344/345: Matthews -0.16075, Accuracy: 36.53846, Loss: 0.153996468
 
Best Matthews: 0.00000, Best Accuracy: 0.00000, Best Loss: inf at epoch 0
Time Elasped: 00:03:26
========= Epoch 14 =========
172/345: Matthews -0.16075, Accuracy: 36.53846, Loss: 0.154065829
344/345: Matthews -0.16075, Accuracy: 36.53846, Loss: 0.154192228
 
Best Matthews: 0.00000, Best Accuracy: 0.00000, Best Loss: inf at epoch 0
Time Elasped: 00:03:41
========= Epoch 15 =========
172/345: Matthews -0.16075, Accuracy: 36.53846, Loss: 0.153767430
344/345: Matthews -0.16075, Accuracy: 36.53846, Loss: 0.153897084
 
Best Matthews: 0.00000, Best Accuracy: 0.00000, Best Loss: inf at epoch 0
Time Elasped: 00:03:57
========= Epoch 16 =========
172/345: Matthews -0.16075, Accuracy: 36.53846, Loss: 0.153495568
344/345: Matthews -0.16075, Accuracy: 36.53846, Loss: 0.153831042
 
Best Matthews: 0.00000, Best Accuracy: 0.00000, Best Loss: inf at epoch 0
Time Elasped: 00:04:12
========= Epoch 17 =========
172/345: Matthews 0.01233, Accuracy: 40.38462, Loss: 0.151906866
344/345: Matthews -0.24505, Accuracy: 34.61538, Loss: 0.154252933
 
Best Matthews: 0.01233, Best Accuracy: 40.38462, Best Loss: 0.151906866 at epoch 17
Time Elasped: 00:04:28
========= Epoch 18 =========
172/345: Matthews -0.16075, Accuracy: 36.53846, Loss: 0.154600107
344/345: Matthews -0.16075, Accuracy: 36.53846, Loss: 0.152614373
 
Best Matthews: 0.01233, Best Accuracy: 40.38462, Best Loss: 0.151906866 at epoch 17
Time Elasped: 00:04:44
========= Epoch 19 =========
172/345: Matthews -0.24505, Accuracy: 34.61538, Loss: 0.153115557
344/345: Matthews -0.07511, Accuracy: 38.46154, Loss: 0.151988992
 
Best Matthews: 0.01233, Best Accuracy: 40.38462, Best Loss: 0.151906866 at epoch 17
Time Elasped: 00:04:59
========= Epoch 20 =========
172/345: Matthews -0.24505, Accuracy: 34.61538, Loss: 0.152402924
344/345: Matthews -0.07511, Accuracy: 38.46154, Loss: 0.152402144
 
Best Matthews: 0.01233, Best Accuracy: 40.38462, Best Loss: 0.151906866 at epoch 17
Time Elasped: 00:05:15
========= Epoch 21 =========
172/345: Matthews -0.22557, Accuracy: 36.53846, Loss: 0.154351766
344/345: Matthews -0.07511, Accuracy: 38.46154, Loss: 0.152140388
 
Best Matthews: 0.01233, Best Accuracy: 40.38462, Best Loss: 0.151906866 at epoch 17
Time Elasped: 00:05:30
========= Epoch 22 =========
172/345: Matthews -0.22557, Accuracy: 36.53846, Loss: 0.151927306
344/345: Matthews -0.07511, Accuracy: 38.46154, Loss: 0.151644927
 
Best Matthews: 0.01233, Best Accuracy: 40.38462, Best Loss: 0.151906866 at epoch 17
Time Elasped: 00:05:46
========= Epoch 23 =========
172/345: Matthews -0.07511, Accuracy: 38.46154, Loss: 0.151357211
344/345: Matthews -0.16075, Accuracy: 36.53846, Loss: 0.152382291
 
Best Matthews: 0.01233, Best Accuracy: 40.38462, Best Loss: 0.151906866 at epoch 17
Time Elasped: 00:06:01
========= Epoch 24 =========
172/345: Matthews -0.07511, Accuracy: 38.46154, Loss: 0.151819257
344/345: Matthews -0.14145, Accuracy: 38.46154, Loss: 0.152163652
 
Best Matthews: 0.01233, Best Accuracy: 40.38462, Best Loss: 0.151906866 at epoch 17
Time Elasped: 00:06:17
========= Epoch 25 =========
172/345: Matthews -0.14145, Accuracy: 38.46154, Loss: 0.151512476
344/345: Matthews -0.07511, Accuracy: 38.46154, Loss: 0.151111539
 
Best Matthews: 0.01233, Best Accuracy: 40.38462, Best Loss: 0.151906866 at epoch 17
Time Elasped: 00:06:32
========= Epoch 26 =========
172/345: Matthews -0.14145, Accuracy: 38.46154, Loss: 0.151487213
344/345: Matthews -0.07511, Accuracy: 38.46154, Loss: 0.150312387
 
Best Matthews: 0.01233, Best Accuracy: 40.38462, Best Loss: 0.151906866 at epoch 17
Time Elasped: 00:06:47
========= Epoch 27 =========
172/345: Matthews -0.14145, Accuracy: 38.46154, Loss: 0.150865115
344/345: Matthews -0.14145, Accuracy: 38.46154, Loss: 0.151758066
 
Best Matthews: 0.01233, Best Accuracy: 40.38462, Best Loss: 0.151906866 at epoch 17
Time Elasped: 00:07:03
========= Epoch 28 =========
172/345: Matthews -0.14145, Accuracy: 38.46154, Loss: 0.150912633
344/345: Matthews -0.14145, Accuracy: 38.46154, Loss: 0.150448579
 
Best Matthews: 0.01233, Best Accuracy: 40.38462, Best Loss: 0.151906866 at epoch 17
Time Elasped: 00:07:18
========= Epoch 29 =========
172/345: Matthews -0.14145, Accuracy: 38.46154, Loss: 0.150251279
344/345: Matthews -0.12268, Accuracy: 40.38462, Loss: 0.150954622
 
Best Matthews: 0.01233, Best Accuracy: 40.38462, Best Loss: 0.151906866 at epoch 17
Time Elasped: 00:07:34
========= Epoch 30 =========
172/345: Matthews -0.07511, Accuracy: 38.46154, Loss: 0.149078947
344/345: Matthews -0.14145, Accuracy: 38.46154, Loss: 0.150576261
 
Best Matthews: 0.01233, Best Accuracy: 40.38462, Best Loss: 0.151906866 at epoch 17
Time Elasped: 00:07:49
========= Epoch 31 =========
172/345: Matthews -0.12268, Accuracy: 40.38462, Loss: 0.151808363
344/345: Matthews -0.12268, Accuracy: 40.38462, Loss: 0.150789976
 
Best Matthews: 0.01233, Best Accuracy: 40.38462, Best Loss: 0.151906866 at epoch 17
Time Elasped: 00:08:05
========= Epoch 32 =========
172/345: Matthews -0.12268, Accuracy: 40.38462, Loss: 0.151098407
344/345: Matthews -0.05626, Accuracy: 40.38462, Loss: 0.148903443
 
Best Matthews: 0.01233, Best Accuracy: 40.38462, Best Loss: 0.151906866 at epoch 17
Time Elasped: 00:08:20
========= Epoch 33 =========
172/345: Matthews -0.12268, Accuracy: 40.38462, Loss: 0.148886534
344/345: Matthews -0.12268, Accuracy: 40.38462, Loss: 0.148859758
 
Best Matthews: 0.01233, Best Accuracy: 40.38462, Best Loss: 0.151906866 at epoch 17
Time Elasped: 00:08:35
========= Epoch 34 =========
172/345: Matthews -0.10432, Accuracy: 42.30769, Loss: 0.150178267
344/345: Matthews -0.12268, Accuracy: 40.38462, Loss: 0.148433960
 
Best Matthews: 0.01233, Best Accuracy: 40.38462, Best Loss: 0.151906866 at epoch 17
Time Elasped: 00:08:51
========= Epoch 35 =========
172/345: Matthews -0.12268, Accuracy: 40.38462, Loss: 0.150687438
344/345: Matthews -0.10432, Accuracy: 42.30769, Loss: 0.148944424
 
Best Matthews: 0.01233, Best Accuracy: 40.38462, Best Loss: 0.151906866 at epoch 17
Time Elasped: 00:09:06
========= Epoch 36 =========
172/345: Matthews -0.10432, Accuracy: 42.30769, Loss: 0.149114380
344/345: Matthews -0.12268, Accuracy: 40.38462, Loss: 0.148210498
 
Best Matthews: 0.01233, Best Accuracy: 40.38462, Best Loss: 0.151906866 at epoch 17
Time Elasped: 00:09:22
========= Epoch 37 =========
172/345: Matthews -0.10432, Accuracy: 42.30769, Loss: 0.148476738
344/345: Matthews -0.12268, Accuracy: 40.38462, Loss: 0.148000690
 
Best Matthews: 0.01233, Best Accuracy: 40.38462, Best Loss: 0.151906866 at epoch 17
Time Elasped: 00:09:37
========= Epoch 38 =========
Early Stopping activated
 
Best Matthews: 0.01233, Best Accuracy: 40.38462, Best Loss: 0.151906866 at epoch 17
Time Elasped: 00:09:47
Test Set:
0/0: Matthews 0.16886, Accuracy: 54.27350, Loss: 0.020614970
