Namespace(batch_size=32, buffer_size=1, by_source=False, crop_pad_length=30, data='./acceptability_corpus/verb_classes_cola/dative', data_type='discriminator', dropout=0.2, embedding='glove.6B.300d', embedding_path='/scratch/asw462/models/elmo_encoder/elmo.emb', embedding_size=217, encoder_num_layers=2, encoder_path='/scratch/asw462/models/elmo_encoder/elmo.pth', encoding_size=528, encoding_type='lstm_pooling_classifier', epochs=1000, evaluate_train=False, experiment_name='experiment_linear_classifier_h_90_l_2_lr_0.0001_e_217_do_0.2', glove=False, gpu=True, hidden_size=90, imbalance=True, learning_rate=0.00012, lm_path=None, logs_dir='/scratch/asw462/logs/verb_classes_cola/dative', max_pool=False, model='linear_classifier', num_layers=2, output_dir='/scratch/asw462/logs/verb_classes_cola/outputs/dative', patience=20, preprocess_tokenizer='space', prints_per_stage=1, resume=True, resume_file=None, save_loc='/scratch/asw462/models/verb_classes_cola/dative', seed=1111, should_not_log=False, should_not_lowercase=False, should_not_preprocess_data=False, stages_per_epoch=2, train_embeddings=False, train_evaluate_interval=10, vocab_file='/scratch/asw462/data/vocab_100k.tsv')
======== General =======
Model: linear_classifier
GPU: True
Experiment Name: experiment_linear_classifier_h_90_l_2_lr_0.0001_e_217_do_0.2
Save location: /scratch/asw462/models/verb_classes_cola/dative
Logs dir: /scratch/asw462/logs/verb_classes_cola/dative
Timestamp: 2018/08/01 20:23:41
 
======== Data =======
Training set: 11015 examples
Validation set: 52 examples
Test set: 234 examples
 
======= Parameters =======
Learning Rate: 0.000120
Batch Size: 32
Epochs: 1000
Patience: 20
Stages per Epoch: 2
Embedding: 100004 x 217
Number of layers: 2
Hidden Size: 90
Encoder Size: 528
Resume: True
 
======= Model =======
LinearClassifierWithEncoder(
  (model): LinearClassifier(
    (dropout): Dropout(p=0.2)
    (enc2h): Linear(in_features=1056, out_features=90, bias=True)
    (h20): Linear(in_features=90, out_features=1, bias=True)
    (sigmoid): Sigmoid()
    (tanh): Tanh()
    (softmax): Softmax()
  )
  (encoder): LSTMPoolingClassifierWithELMo(
    (elmo): ELMOClassifier(
      (lm): LSTMLanguageModel(
        (dropout): Dropout(p=0.2)
        (embedding): Embedding(100003, 217)
        (lstm): LSTM(217, 891, num_layers=2, dropout=0.2)
        (fc): Linear(in_features=891, out_features=100003, bias=True)
      )
      (lstms): ModuleList(
        (0): LSTM(217, 891, batch_first=True)
        (1): LSTM(891, 891, batch_first=True)
      )
      (dropout): Dropout(p=0.2)
      (linear_comb): Linear(in_features=2, out_features=1, bias=True)
      (fc1): Linear(in_features=891, out_features=528, bias=True)
      (relu): ReLU()
      (out): Linear(in_features=528, out_features=1, bias=True)
      (sigmoid): Sigmoid()
    )
    (pooling_classifier): LSTMPoolingClassifier(
      (ih2h): LSTM(891, 528, num_layers=3, batch_first=True, dropout=0.2, bidirectional=True)
      (pool2o): Linear(in_features=1056, out_features=1, bias=True)
      (sigmoid): Sigmoid()
      (softmax): Softmax()
      (dropout): Dropout(p=0.2)
    )
  )
)
 
========= Epoch 1 =========
172/345: Matthews -0.07511, Accuracy: 38.46154, Loss: 0.154798508
344/345: Matthews -0.15250, Accuracy: 44.23077, Loss: 0.155492141
 
Best Matthews: 0.00000, Best Accuracy: 0.00000, Best Loss: inf at epoch 0
Time Elasped: 00:00:21
========= Epoch 2 =========
172/345: Matthews -0.00625, Accuracy: 38.46154, Loss: 0.152590055
344/345: Matthews -0.10432, Accuracy: 42.30769, Loss: 0.157328972
 
Best Matthews: 0.00000, Best Accuracy: 0.00000, Best Loss: inf at epoch 0
Time Elasped: 00:00:37
========= Epoch 3 =========
172/345: Matthews -0.08628, Accuracy: 44.23077, Loss: 0.154115714
344/345: Matthews -0.08628, Accuracy: 44.23077, Loss: 0.150125219
 
Best Matthews: 0.00000, Best Accuracy: 0.00000, Best Loss: inf at epoch 0
Time Elasped: 00:00:54
========= Epoch 4 =========
172/345: Matthews 0.04822, Accuracy: 44.23077, Loss: 0.138523790
344/345: Matthews -0.08628, Accuracy: 44.23077, Loss: 0.149501076
 
Best Matthews: 0.04822, Best Accuracy: 44.23077, Best Loss: 0.138523790 at epoch 4
Time Elasped: 00:01:11
========= Epoch 5 =========
172/345: Matthews -0.08628, Accuracy: 44.23077, Loss: 0.149094563
344/345: Matthews -0.10038, Accuracy: 50.00000, Loss: 0.154982585
 
Best Matthews: 0.04822, Best Accuracy: 44.23077, Best Loss: 0.138523790 at epoch 4
Time Elasped: 00:01:27
========= Epoch 6 =========
172/345: Matthews -0.08628, Accuracy: 44.23077, Loss: 0.140316010
344/345: Matthews 0.04849, Accuracy: 36.53846, Loss: 0.139017325
 
Best Matthews: 0.04849, Best Accuracy: 36.53846, Best Loss: 0.139017325 at epoch 6
Time Elasped: 00:01:46
========= Epoch 7 =========
172/345: Matthews -0.00197, Accuracy: 46.15385, Loss: 0.140816478
344/345: Matthews -0.08628, Accuracy: 44.23077, Loss: 0.148195533
 
Best Matthews: 0.04849, Best Accuracy: 36.53846, Best Loss: 0.139017325 at epoch 6
Time Elasped: 00:02:02
========= Epoch 8 =========
172/345: Matthews -0.01979, Accuracy: 44.23077, Loss: 0.138126107
344/345: Matthews -0.08628, Accuracy: 44.23077, Loss: 0.143592761
 
Best Matthews: 0.04849, Best Accuracy: 36.53846, Best Loss: 0.139017325 at epoch 6
Time Elasped: 00:02:18
========= Epoch 9 =========
172/345: Matthews -0.08628, Accuracy: 44.23077, Loss: 0.145807541
344/345: Matthews -0.08628, Accuracy: 44.23077, Loss: 0.144941825
 
Best Matthews: 0.04849, Best Accuracy: 36.53846, Best Loss: 0.139017325 at epoch 6
Time Elasped: 00:02:34
========= Epoch 10 =========
172/345: Matthews -0.08628, Accuracy: 44.23077, Loss: 0.139560223
344/345: Matthews -0.10432, Accuracy: 42.30769, Loss: 0.141042012
 
Best Matthews: 0.04849, Best Accuracy: 36.53846, Best Loss: 0.139017325 at epoch 6
Time Elasped: 00:02:51
========= Epoch 11 =========
172/345: Matthews 0.13601, Accuracy: 46.15385, Loss: 0.140142386
344/345: Matthews -0.11766, Accuracy: 48.07692, Loss: 0.144798957
 
Best Matthews: 0.13601, Best Accuracy: 46.15385, Best Loss: 0.140142386 at epoch 11
Time Elasped: 00:03:09
========= Epoch 12 =========
172/345: Matthews -0.10432, Accuracy: 42.30769, Loss: 0.141030321
344/345: Matthews -0.00197, Accuracy: 46.15385, Loss: 0.139114362
 
Best Matthews: 0.13601, Best Accuracy: 46.15385, Best Loss: 0.140142386 at epoch 11
Time Elasped: 00:03:25
========= Epoch 13 =========
172/345: Matthews -0.10432, Accuracy: 42.30769, Loss: 0.139607145
344/345: Matthews -0.01979, Accuracy: 44.23077, Loss: 0.139149868
 
Best Matthews: 0.13601, Best Accuracy: 46.15385, Best Loss: 0.140142386 at epoch 11
Time Elasped: 00:03:41
========= Epoch 14 =========
172/345: Matthews -0.08628, Accuracy: 44.23077, Loss: 0.140056252
344/345: Matthews -0.08628, Accuracy: 44.23077, Loss: 0.142592558
 
Best Matthews: 0.13601, Best Accuracy: 46.15385, Best Loss: 0.140142386 at epoch 11
Time Elasped: 00:03:58
========= Epoch 15 =========
172/345: Matthews -0.12268, Accuracy: 40.38462, Loss: 0.142695620
344/345: Matthews 0.17909, Accuracy: 42.30769, Loss: 0.133427987
 
Best Matthews: 0.17909, Best Accuracy: 42.30769, Best Loss: 0.133427987 at epoch 15
Time Elasped: 00:04:15
========= Epoch 16 =========
172/345: Matthews 0.25720, Accuracy: 51.92308, Loss: 0.129662532
344/345: Matthews 0.06575, Accuracy: 46.15385, Loss: 0.136944991
 
Best Matthews: 0.25720, Best Accuracy: 51.92308, Best Loss: 0.129662532 at epoch 16
Time Elasped: 00:04:33
========= Epoch 17 =========
172/345: Matthews -0.10038, Accuracy: 50.00000, Loss: 0.140787675
344/345: Matthews 0.04822, Accuracy: 44.23077, Loss: 0.138581313
 
Best Matthews: 0.25720, Best Accuracy: 51.92308, Best Loss: 0.129662532 at epoch 16
Time Elasped: 00:04:49
========= Epoch 18 =========
172/345: Matthews 0.08310, Accuracy: 48.07692, Loss: 0.136665179
344/345: Matthews 0.01569, Accuracy: 48.07692, Loss: 0.134650130
 
Best Matthews: 0.25720, Best Accuracy: 51.92308, Best Loss: 0.129662532 at epoch 16
Time Elasped: 00:05:06
========= Epoch 19 =========
172/345: Matthews -0.00197, Accuracy: 46.15385, Loss: 0.133864513
344/345: Matthews 0.13500, Accuracy: 53.84615, Loss: 0.130676893
 
Best Matthews: 0.25720, Best Accuracy: 51.92308, Best Loss: 0.129662532 at epoch 16
Time Elasped: 00:05:22
========= Epoch 20 =========
172/345: Matthews 0.27769, Accuracy: 44.23077, Loss: 0.131869133
344/345: Matthews 0.06848, Accuracy: 53.84615, Loss: 0.133952416
 
Best Matthews: 0.27769, Best Accuracy: 44.23077, Best Loss: 0.131869133 at epoch 20
Time Elasped: 00:05:40
========= Epoch 21 =========
172/345: Matthews 0.01569, Accuracy: 48.07692, Loss: 0.136817712
344/345: Matthews 0.30500, Accuracy: 48.07692, Loss: 0.127364727
 
Best Matthews: 0.30500, Best Accuracy: 48.07692, Best Loss: 0.127364727 at epoch 21
Time Elasped: 00:05:58
========= Epoch 22 =========
172/345: Matthews 0.01569, Accuracy: 48.07692, Loss: 0.137966248
344/345: Matthews -0.00197, Accuracy: 46.15385, Loss: 0.136511821
 
Best Matthews: 0.30500, Best Accuracy: 48.07692, Best Loss: 0.127364727 at epoch 21
Time Elasped: 00:06:14
========= Epoch 23 =========
172/345: Matthews -0.00197, Accuracy: 46.15385, Loss: 0.138762373
344/345: Matthews 0.19486, Accuracy: 44.23077, Loss: 0.128094297
 
Best Matthews: 0.30500, Best Accuracy: 48.07692, Best Loss: 0.127364727 at epoch 21
Time Elasped: 00:06:30
========= Epoch 24 =========
172/345: Matthews 0.10038, Accuracy: 50.00000, Loss: 0.134808119
344/345: Matthews 0.08310, Accuracy: 48.07692, Loss: 0.139644118
 
Best Matthews: 0.30500, Best Accuracy: 48.07692, Best Loss: 0.127364727 at epoch 21
Time Elasped: 00:06:47
========= Epoch 25 =========
172/345: Matthews 0.03326, Accuracy: 50.00000, Loss: 0.130724238
344/345: Matthews 0.22603, Accuracy: 48.07692, Loss: 0.133407373
 
Best Matthews: 0.30500, Best Accuracy: 48.07692, Best Loss: 0.127364727 at epoch 21
Time Elasped: 00:07:03
========= Epoch 26 =========
172/345: Matthews -0.03326, Accuracy: 50.00000, Loss: 0.138155332
344/345: Matthews -0.01979, Accuracy: 44.23077, Loss: 0.137851880
 
Best Matthews: 0.30500, Best Accuracy: 48.07692, Best Loss: 0.127364727 at epoch 21
Time Elasped: 00:07:19
========= Epoch 27 =========
172/345: Matthews 0.13601, Accuracy: 46.15385, Loss: 0.140360007
344/345: Matthews 0.10038, Accuracy: 50.00000, Loss: 0.134335784
 
Best Matthews: 0.30500, Best Accuracy: 48.07692, Best Loss: 0.127364727 at epoch 21
Time Elasped: 00:07:36
========= Epoch 28 =========
172/345: Matthews 0.00197, Accuracy: 53.84615, Loss: 0.135430043
344/345: Matthews 0.08310, Accuracy: 48.07692, Loss: 0.135347678
 
Best Matthews: 0.30500, Best Accuracy: 48.07692, Best Loss: 0.127364727 at epoch 21
Time Elasped: 00:07:52
========= Epoch 29 =========
172/345: Matthews 0.11766, Accuracy: 51.92308, Loss: 0.132539942
344/345: Matthews 0.08310, Accuracy: 48.07692, Loss: 0.136391594
 
Best Matthews: 0.30500, Best Accuracy: 48.07692, Best Loss: 0.127364727 at epoch 21
Time Elasped: 00:08:08
========= Epoch 30 =========
172/345: Matthews -0.03326, Accuracy: 50.00000, Loss: 0.140722403
344/345: Matthews 0.16935, Accuracy: 50.00000, Loss: 0.134414985
 
Best Matthews: 0.30500, Best Accuracy: 48.07692, Best Loss: 0.127364727 at epoch 21
Time Elasped: 00:08:25
========= Epoch 31 =========
172/345: Matthews 0.13500, Accuracy: 53.84615, Loss: 0.134965145
344/345: Matthews -0.06575, Accuracy: 53.84615, Loss: 0.137625914
 
Best Matthews: 0.30500, Best Accuracy: 48.07692, Best Loss: 0.127364727 at epoch 21
Time Elasped: 00:08:41
========= Epoch 32 =========
172/345: Matthews -0.08310, Accuracy: 51.92308, Loss: 0.142367280
344/345: Matthews 0.25720, Accuracy: 51.92308, Loss: 0.128447588
 
Best Matthews: 0.30500, Best Accuracy: 48.07692, Best Loss: 0.127364727 at epoch 21
Time Elasped: 00:08:57
========= Epoch 33 =========
172/345: Matthews 0.22603, Accuracy: 48.07692, Loss: 0.131968553
344/345: Matthews 0.24158, Accuracy: 50.00000, Loss: 0.138096965
 
Best Matthews: 0.30500, Best Accuracy: 48.07692, Best Loss: 0.127364727 at epoch 21
Time Elasped: 00:09:14
========= Epoch 34 =========
172/345: Matthews 0.30508, Accuracy: 57.69231, Loss: 0.126396894
344/345: Matthews -0.03326, Accuracy: 50.00000, Loss: 0.141459272
 
Best Matthews: 0.30508, Best Accuracy: 57.69231, Best Loss: 0.126396894 at epoch 34
Time Elasped: 00:09:31
========= Epoch 35 =========
172/345: Matthews 0.16935, Accuracy: 50.00000, Loss: 0.138568456
344/345: Matthews 0.28889, Accuracy: 55.76923, Loss: 0.128977106
 
Best Matthews: 0.30508, Best Accuracy: 57.69231, Best Loss: 0.126396894 at epoch 34
Time Elasped: 00:09:48
========= Epoch 36 =========
172/345: Matthews 0.06848, Accuracy: 53.84615, Loss: 0.135941249
344/345: Matthews 0.27294, Accuracy: 53.84615, Loss: 0.130364143
 
Best Matthews: 0.30508, Best Accuracy: 57.69231, Best Loss: 0.126396894 at epoch 34
Time Elasped: 00:10:04
========= Epoch 37 =========
172/345: Matthews 0.06848, Accuracy: 53.84615, Loss: 0.136420663
344/345: Matthews -0.03326, Accuracy: 50.00000, Loss: 0.138118790
 
Best Matthews: 0.30508, Best Accuracy: 57.69231, Best Loss: 0.126396894 at epoch 34
Time Elasped: 00:10:20
========= Epoch 38 =========
172/345: Matthews 0.10432, Accuracy: 57.69231, Loss: 0.132475449
344/345: Matthews -0.03326, Accuracy: 50.00000, Loss: 0.132550918
 
Best Matthews: 0.30508, Best Accuracy: 57.69231, Best Loss: 0.126396894 at epoch 34
Time Elasped: 00:10:37
========= Epoch 39 =========
172/345: Matthews 0.15271, Accuracy: 48.07692, Loss: 0.137720438
344/345: Matthews 0.06848, Accuracy: 53.84615, Loss: 0.133357140
 
Best Matthews: 0.30508, Best Accuracy: 57.69231, Best Loss: 0.126396894 at epoch 34
Time Elasped: 00:10:53
========= Epoch 40 =========
172/345: Matthews 0.08310, Accuracy: 48.07692, Loss: 0.134833116
344/345: Matthews 0.24158, Accuracy: 50.00000, Loss: 0.127410329
 
Best Matthews: 0.30508, Best Accuracy: 57.69231, Best Loss: 0.126396894 at epoch 34
Time Elasped: 00:11:09
========= Epoch 41 =========
172/345: Matthews 0.06575, Accuracy: 46.15385, Loss: 0.134471215
344/345: Matthews 0.00197, Accuracy: 53.84615, Loss: 0.144253621
 
Best Matthews: 0.30508, Best Accuracy: 57.69231, Best Loss: 0.126396894 at epoch 34
Time Elasped: 00:11:26
========= Epoch 42 =========
172/345: Matthews 0.01979, Accuracy: 55.76923, Loss: 0.133475872
344/345: Matthews 0.01569, Accuracy: 48.07692, Loss: 0.134305771
 
Best Matthews: 0.30508, Best Accuracy: 57.69231, Best Loss: 0.126396894 at epoch 34
Time Elasped: 00:11:42
========= Epoch 43 =========
172/345: Matthews 0.24158, Accuracy: 50.00000, Loss: 0.127979609
344/345: Matthews -0.01569, Accuracy: 51.92308, Loss: 0.132259937
 
Best Matthews: 0.30508, Best Accuracy: 57.69231, Best Loss: 0.126396894 at epoch 34
Time Elasped: 00:11:58
========= Epoch 44 =========
172/345: Matthews -0.01569, Accuracy: 51.92308, Loss: 0.136117385
344/345: Matthews 0.30508, Accuracy: 57.69231, Loss: 0.124137035
 
Best Matthews: 0.30508, Best Accuracy: 57.69231, Best Loss: 0.126396894 at epoch 34
Time Elasped: 00:12:15
========= Epoch 45 =========
172/345: Matthews 0.28889, Accuracy: 55.76923, Loss: 0.128515445
344/345: Matthews 0.01979, Accuracy: 55.76923, Loss: 0.142536402
 
Best Matthews: 0.30508, Best Accuracy: 57.69231, Best Loss: 0.126396894 at epoch 34
Time Elasped: 00:12:31
========= Epoch 46 =========
172/345: Matthews 0.28889, Accuracy: 55.76923, Loss: 0.123857425
344/345: Matthews -0.01569, Accuracy: 51.92308, Loss: 0.139162082
 
Best Matthews: 0.30508, Best Accuracy: 57.69231, Best Loss: 0.126396894 at epoch 34
Time Elasped: 00:12:47
========= Epoch 47 =========
172/345: Matthews 0.01979, Accuracy: 55.76923, Loss: 0.127258603
344/345: Matthews 0.13500, Accuracy: 53.84615, Loss: 0.129442435
 
Best Matthews: 0.30508, Best Accuracy: 57.69231, Best Loss: 0.126396894 at epoch 34
Time Elasped: 00:13:03
========= Epoch 48 =========
172/345: Matthews 0.11766, Accuracy: 51.92308, Loss: 0.129191069
344/345: Matthews 0.23674, Accuracy: 57.69231, Loss: 0.126049170
 
Best Matthews: 0.30508, Best Accuracy: 57.69231, Best Loss: 0.126396894 at epoch 34
Time Elasped: 00:13:20
========= Epoch 49 =========
172/345: Matthews 0.23674, Accuracy: 57.69231, Loss: 0.126151901
344/345: Matthews 0.25720, Accuracy: 51.92308, Loss: 0.128140688
 
Best Matthews: 0.30508, Best Accuracy: 57.69231, Best Loss: 0.126396894 at epoch 34
Time Elasped: 00:13:36
========= Epoch 50 =========
172/345: Matthews 0.31884, Accuracy: 50.00000, Loss: 0.128447212
344/345: Matthews 0.10432, Accuracy: 57.69231, Loss: 0.131539482
 
Best Matthews: 0.31884, Best Accuracy: 50.00000, Best Loss: 0.128447212 at epoch 50
Time Elasped: 00:13:54
========= Epoch 51 =========
172/345: Matthews 0.00197, Accuracy: 53.84615, Loss: 0.134875591
344/345: Matthews 0.25720, Accuracy: 51.92308, Loss: 0.128129216
 
Best Matthews: 0.31884, Best Accuracy: 50.00000, Best Loss: 0.128447212 at epoch 50
Time Elasped: 00:14:10
========= Epoch 52 =========
172/345: Matthews 0.28889, Accuracy: 55.76923, Loss: 0.123635861
344/345: Matthews 0.00197, Accuracy: 53.84615, Loss: 0.134143151
 
Best Matthews: 0.31884, Best Accuracy: 50.00000, Best Loss: 0.128447212 at epoch 50
Time Elasped: 00:14:27
========= Epoch 53 =========
172/345: Matthews 0.25720, Accuracy: 51.92308, Loss: 0.129453861
344/345: Matthews 0.25720, Accuracy: 51.92308, Loss: 0.122677418
 
Best Matthews: 0.31884, Best Accuracy: 50.00000, Best Loss: 0.128447212 at epoch 50
Time Elasped: 00:14:43
========= Epoch 54 =========
172/345: Matthews 0.24158, Accuracy: 50.00000, Loss: 0.124220362
344/345: Matthews 0.06848, Accuracy: 53.84615, Loss: 0.142384318
 
Best Matthews: 0.31884, Best Accuracy: 50.00000, Best Loss: 0.128447212 at epoch 50
Time Elasped: 00:14:59
========= Epoch 55 =========
172/345: Matthews 0.18599, Accuracy: 51.92308, Loss: 0.135996938
344/345: Matthews 0.27294, Accuracy: 53.84615, Loss: 0.126638229
 
Best Matthews: 0.31884, Best Accuracy: 50.00000, Best Loss: 0.128447212 at epoch 50
Time Elasped: 00:15:16
========= Epoch 56 =========
172/345: Matthews 0.06575, Accuracy: 46.15385, Loss: 0.137844498
344/345: Matthews 0.23674, Accuracy: 57.69231, Loss: 0.127953584
 
Best Matthews: 0.31884, Best Accuracy: 50.00000, Best Loss: 0.128447212 at epoch 50
Time Elasped: 00:15:32
========= Epoch 57 =========
172/345: Matthews 0.25720, Accuracy: 51.92308, Loss: 0.130332617
344/345: Matthews 0.28889, Accuracy: 55.76923, Loss: 0.126949640
 
Best Matthews: 0.31884, Best Accuracy: 50.00000, Best Loss: 0.128447212 at epoch 50
Time Elasped: 00:15:48
========= Epoch 58 =========
172/345: Matthews 0.17022, Accuracy: 57.69231, Loss: 0.126679384
344/345: Matthews 0.27294, Accuracy: 53.84615, Loss: 0.124591589
 
Best Matthews: 0.31884, Best Accuracy: 50.00000, Best Loss: 0.128447212 at epoch 50
Time Elasped: 00:16:05
========= Epoch 59 =========
172/345: Matthews 0.20667, Accuracy: 61.53846, Loss: 0.122360064
344/345: Matthews 0.27294, Accuracy: 53.84615, Loss: 0.127298474
 
Best Matthews: 0.31884, Best Accuracy: 50.00000, Best Loss: 0.128447212 at epoch 50
Time Elasped: 00:16:21
========= Epoch 60 =========
172/345: Matthews 0.18599, Accuracy: 51.92308, Loss: 0.131595336
344/345: Matthews 0.10432, Accuracy: 57.69231, Loss: 0.131813765
 
Best Matthews: 0.31884, Best Accuracy: 50.00000, Best Loss: 0.128447212 at epoch 50
Time Elasped: 00:16:37
========= Epoch 61 =========
172/345: Matthews 0.08628, Accuracy: 55.76923, Loss: 0.139411339
344/345: Matthews 0.11766, Accuracy: 51.92308, Loss: 0.129407534
 
Best Matthews: 0.31884, Best Accuracy: 50.00000, Best Loss: 0.128447212 at epoch 50
Time Elasped: 00:16:53
========= Epoch 62 =========
172/345: Matthews 0.10432, Accuracy: 57.69231, Loss: 0.130715022
344/345: Matthews 0.10038, Accuracy: 50.00000, Loss: 0.132839680
 
Best Matthews: 0.31884, Best Accuracy: 50.00000, Best Loss: 0.128447212 at epoch 50
Time Elasped: 00:17:10
========= Epoch 63 =========
172/345: Matthews 0.16935, Accuracy: 50.00000, Loss: 0.130838541
344/345: Matthews 0.28889, Accuracy: 55.76923, Loss: 0.123236509
 
Best Matthews: 0.31884, Best Accuracy: 50.00000, Best Loss: 0.128447212 at epoch 50
Time Elasped: 00:17:26
========= Epoch 64 =========
172/345: Matthews 0.27294, Accuracy: 53.84615, Loss: 0.123431151
344/345: Matthews 0.28889, Accuracy: 55.76923, Loss: 0.124684939
 
Best Matthews: 0.31884, Best Accuracy: 50.00000, Best Loss: 0.128447212 at epoch 50
Time Elasped: 00:17:42
========= Epoch 65 =========
172/345: Matthews 0.08628, Accuracy: 55.76923, Loss: 0.130285199
344/345: Matthews 0.10432, Accuracy: 57.69231, Loss: 0.133723442
 
Best Matthews: 0.31884, Best Accuracy: 50.00000, Best Loss: 0.128447212 at epoch 50
Time Elasped: 00:17:59
========= Epoch 66 =========
172/345: Matthews 0.15250, Accuracy: 55.76923, Loss: 0.125440854
344/345: Matthews 0.27294, Accuracy: 53.84615, Loss: 0.125540733
 
Best Matthews: 0.31884, Best Accuracy: 50.00000, Best Loss: 0.128447212 at epoch 50
Time Elasped: 00:18:15
========= Epoch 67 =========
172/345: Matthews 0.08628, Accuracy: 55.76923, Loss: 0.133640784
344/345: Matthews 0.11766, Accuracy: 51.92308, Loss: 0.127719136
 
Best Matthews: 0.31884, Best Accuracy: 50.00000, Best Loss: 0.128447212 at epoch 50
Time Elasped: 00:18:31
========= Epoch 68 =========
172/345: Matthews 0.08628, Accuracy: 55.76923, Loss: 0.130359961
344/345: Matthews 0.25720, Accuracy: 51.92308, Loss: 0.128995070
 
Best Matthews: 0.31884, Best Accuracy: 50.00000, Best Loss: 0.128447212 at epoch 50
Time Elasped: 00:18:48
========= Epoch 69 =========
172/345: Matthews 0.27294, Accuracy: 53.84615, Loss: 0.125049930
344/345: Matthews 0.23674, Accuracy: 57.69231, Loss: 0.121090009
 
Best Matthews: 0.31884, Best Accuracy: 50.00000, Best Loss: 0.128447212 at epoch 50
Time Elasped: 00:19:04
========= Epoch 70 =========
172/345: Matthews 0.08628, Accuracy: 55.76923, Loss: 0.129010430
344/345: Matthews 0.08628, Accuracy: 55.76923, Loss: 0.125445036
 
Best Matthews: 0.31884, Best Accuracy: 50.00000, Best Loss: 0.128447212 at epoch 50
Time Elasped: 00:19:20
========= Epoch 71 =========
Early Stopping activated
 
Best Matthews: 0.31884, Best Accuracy: 50.00000, Best Loss: 0.128447212 at epoch 50
Time Elasped: 00:19:30
Test Set:
0/0: Matthews 0.29595, Accuracy: 55.12821, Loss: 0.018935945
