Namespace(batch_size=32, buffer_size=1, by_source=False, crop_pad_length=30, data='./acceptability_corpus/verb_classes_cola/dative', data_type='discriminator', dropout=0.5, embedding='glove.6B.300d', embedding_path='/scratch/asw462/models/elmo_encoder/elmo.emb', embedding_size=217, encoder_num_layers=2, encoder_path='/scratch/asw462/models/elmo_encoder/elmo.pth', encoding_size=528, encoding_type='lstm_pooling_classifier', epochs=1000, evaluate_train=False, experiment_name='experiment_linear_classifier_h_89_l_2_lr_0.0000_e_217_do_0.5', glove=False, gpu=True, hidden_size=89, imbalance=True, learning_rate=2e-05, lm_path=None, logs_dir='/scratch/asw462/logs/verb_classes_cola/dative', max_pool=False, model='linear_classifier', num_layers=2, output_dir='/scratch/asw462/logs/verb_classes_cola/outputs/dative', patience=20, preprocess_tokenizer='space', prints_per_stage=1, resume=True, resume_file=None, save_loc='/scratch/asw462/models/verb_classes_cola/dative', seed=1111, should_not_log=False, should_not_lowercase=False, should_not_preprocess_data=False, stages_per_epoch=2, train_embeddings=False, train_evaluate_interval=10, vocab_file='/scratch/asw462/data/vocab_100k.tsv')
======== General =======
Model: linear_classifier
GPU: True
Experiment Name: experiment_linear_classifier_h_89_l_2_lr_0.0000_e_217_do_0.5
Save location: /scratch/asw462/models/verb_classes_cola/dative
Logs dir: /scratch/asw462/logs/verb_classes_cola/dative
Timestamp: 2018/08/01 21:36:41
 
======== Data =======
Training set: 11015 examples
Validation set: 52 examples
Test set: 234 examples
 
======= Parameters =======
Learning Rate: 0.000020
Batch Size: 32
Epochs: 1000
Patience: 20
Stages per Epoch: 2
Embedding: 100004 x 217
Number of layers: 2
Hidden Size: 89
Encoder Size: 528
Resume: True
 
======= Model =======
LinearClassifierWithEncoder(
  (model): LinearClassifier(
    (dropout): Dropout(p=0.5)
    (enc2h): Linear(in_features=1056, out_features=89, bias=True)
    (h20): Linear(in_features=89, out_features=1, bias=True)
    (sigmoid): Sigmoid()
    (tanh): Tanh()
    (softmax): Softmax()
  )
  (encoder): LSTMPoolingClassifierWithELMo(
    (elmo): ELMOClassifier(
      (lm): LSTMLanguageModel(
        (dropout): Dropout(p=0.2)
        (embedding): Embedding(100003, 217)
        (lstm): LSTM(217, 891, num_layers=2, dropout=0.2)
        (fc): Linear(in_features=891, out_features=100003, bias=True)
      )
      (lstms): ModuleList(
        (0): LSTM(217, 891, batch_first=True)
        (1): LSTM(891, 891, batch_first=True)
      )
      (dropout): Dropout(p=0.2)
      (linear_comb): Linear(in_features=2, out_features=1, bias=True)
      (fc1): Linear(in_features=891, out_features=528, bias=True)
      (relu): ReLU()
      (out): Linear(in_features=528, out_features=1, bias=True)
      (sigmoid): Sigmoid()
    )
    (pooling_classifier): LSTMPoolingClassifier(
      (ih2h): LSTM(891, 528, num_layers=3, batch_first=True, dropout=0.2, bidirectional=True)
      (pool2o): Linear(in_features=1056, out_features=1, bias=True)
      (sigmoid): Sigmoid()
      (softmax): Softmax()
      (dropout): Dropout(p=0.2)
    )
  )
)
 
========= Epoch 1 =========
172/345: Matthews -0.18599, Accuracy: 48.07692, Loss: 0.139553345
344/345: Matthews -0.20273, Accuracy: 46.15385, Loss: 0.148341509
 
Best Matthews: 0.00000, Best Accuracy: 0.00000, Best Loss: inf at epoch 0
Time Elasped: 00:00:21
========= Epoch 2 =========
172/345: Matthews -0.20273, Accuracy: 46.15385, Loss: 0.155207432
344/345: Matthews -0.17022, Accuracy: 42.30769, Loss: 0.155256455
 
Best Matthews: 0.00000, Best Accuracy: 0.00000, Best Loss: inf at epoch 0
Time Elasped: 00:00:38
========= Epoch 3 =========
172/345: Matthews -0.17022, Accuracy: 42.30769, Loss: 0.156448144
344/345: Matthews -0.17022, Accuracy: 42.30769, Loss: 0.156918911
 
Best Matthews: 0.00000, Best Accuracy: 0.00000, Best Loss: inf at epoch 0
Time Elasped: 00:00:54
========= Epoch 4 =========
172/345: Matthews -0.17022, Accuracy: 42.30769, Loss: 0.156180620
344/345: Matthews -0.20667, Accuracy: 38.46154, Loss: 0.155523924
 
Best Matthews: 0.00000, Best Accuracy: 0.00000, Best Loss: inf at epoch 0
Time Elasped: 00:01:11
========= Epoch 5 =========
172/345: Matthews -0.13500, Accuracy: 46.15385, Loss: 0.156177667
344/345: Matthews -0.20667, Accuracy: 38.46154, Loss: 0.155442806
 
Best Matthews: 0.00000, Best Accuracy: 0.00000, Best Loss: inf at epoch 0
Time Elasped: 00:01:27
========= Epoch 6 =========
172/345: Matthews -0.20667, Accuracy: 38.46154, Loss: 0.154125177
344/345: Matthews -0.22557, Accuracy: 36.53846, Loss: 0.154068452
 
Best Matthews: 0.00000, Best Accuracy: 0.00000, Best Loss: inf at epoch 0
Time Elasped: 00:01:43
========= Epoch 7 =========
172/345: Matthews -0.16075, Accuracy: 36.53846, Loss: 0.154228284
344/345: Matthews -0.18825, Accuracy: 40.38462, Loss: 0.154010002
 
Best Matthews: 0.00000, Best Accuracy: 0.00000, Best Loss: inf at epoch 0
Time Elasped: 00:02:00
========= Epoch 8 =========
172/345: Matthews -0.20667, Accuracy: 38.46154, Loss: 0.154979229
344/345: Matthews -0.17022, Accuracy: 42.30769, Loss: 0.154532231
 
Best Matthews: 0.00000, Best Accuracy: 0.00000, Best Loss: inf at epoch 0
Time Elasped: 00:02:16
========= Epoch 9 =========
172/345: Matthews -0.20667, Accuracy: 38.46154, Loss: 0.153508140
344/345: Matthews -0.12268, Accuracy: 40.38462, Loss: 0.151996163
 
Best Matthews: 0.00000, Best Accuracy: 0.00000, Best Loss: inf at epoch 0
Time Elasped: 00:02:32
========= Epoch 10 =========
172/345: Matthews -0.12268, Accuracy: 40.38462, Loss: 0.151977777
344/345: Matthews -0.10432, Accuracy: 42.30769, Loss: 0.153091046
 
Best Matthews: 0.00000, Best Accuracy: 0.00000, Best Loss: inf at epoch 0
Time Elasped: 00:02:49
========= Epoch 11 =========
172/345: Matthews -0.12268, Accuracy: 40.38462, Loss: 0.151717764
344/345: Matthews -0.18825, Accuracy: 40.38462, Loss: 0.152642470
 
Best Matthews: 0.00000, Best Accuracy: 0.00000, Best Loss: inf at epoch 0
Time Elasped: 00:03:05
========= Epoch 12 =========
172/345: Matthews -0.14145, Accuracy: 38.46154, Loss: 0.151262265
344/345: Matthews -0.17022, Accuracy: 42.30769, Loss: 0.153186257
 
Best Matthews: 0.00000, Best Accuracy: 0.00000, Best Loss: inf at epoch 0
Time Elasped: 00:03:22
========= Epoch 13 =========
172/345: Matthews -0.10432, Accuracy: 42.30769, Loss: 0.152547781
344/345: Matthews -0.16075, Accuracy: 36.53846, Loss: 0.148361701
 
Best Matthews: 0.00000, Best Accuracy: 0.00000, Best Loss: inf at epoch 0
Time Elasped: 00:03:38
========= Epoch 14 =========
172/345: Matthews -0.08628, Accuracy: 44.23077, Loss: 0.151790041
344/345: Matthews -0.10432, Accuracy: 42.30769, Loss: 0.150701816
 
Best Matthews: 0.00000, Best Accuracy: 0.00000, Best Loss: inf at epoch 0
Time Elasped: 00:03:55
========= Epoch 15 =========
172/345: Matthews -0.10432, Accuracy: 42.30769, Loss: 0.151628815
344/345: Matthews -0.10432, Accuracy: 42.30769, Loss: 0.149988275
 
Best Matthews: 0.00000, Best Accuracy: 0.00000, Best Loss: inf at epoch 0
Time Elasped: 00:04:11
========= Epoch 16 =========
172/345: Matthews -0.10432, Accuracy: 42.30769, Loss: 0.150676535
344/345: Matthews -0.10432, Accuracy: 42.30769, Loss: 0.148260575
 
Best Matthews: 0.00000, Best Accuracy: 0.00000, Best Loss: inf at epoch 0
Time Elasped: 00:04:28
========= Epoch 17 =========
172/345: Matthews -0.08628, Accuracy: 44.23077, Loss: 0.150225969
344/345: Matthews -0.08628, Accuracy: 44.23077, Loss: 0.148735092
 
Best Matthews: 0.00000, Best Accuracy: 0.00000, Best Loss: inf at epoch 0
Time Elasped: 00:04:44
========= Epoch 18 =========
172/345: Matthews -0.10432, Accuracy: 42.30769, Loss: 0.148282335
344/345: Matthews -0.08628, Accuracy: 44.23077, Loss: 0.148531776
 
Best Matthews: 0.00000, Best Accuracy: 0.00000, Best Loss: inf at epoch 0
Time Elasped: 00:05:00
========= Epoch 19 =========
172/345: Matthews -0.10432, Accuracy: 42.30769, Loss: 0.147975041
344/345: Matthews -0.08628, Accuracy: 44.23077, Loss: 0.147360389
 
Best Matthews: 0.00000, Best Accuracy: 0.00000, Best Loss: inf at epoch 0
Time Elasped: 00:05:17
========= Epoch 20 =========
172/345: Matthews -0.08628, Accuracy: 44.23077, Loss: 0.149099460
344/345: Matthews -0.08628, Accuracy: 44.23077, Loss: 0.148604604
 
Best Matthews: 0.00000, Best Accuracy: 0.00000, Best Loss: inf at epoch 0
Time Elasped: 00:05:33
========= Epoch 21 =========
Early Stopping activated
 
Best Matthews: 0.00000, Best Accuracy: 0.00000, Best Loss: inf at epoch 0
Time Elasped: 00:05:43
Test Set:
0/0: Matthews 0.20191, Accuracy: 54.70085, Loss: 0.020046387
