Namespace(batch_size=32, buffer_size=1, by_source=False, crop_pad_length=30, data='./acceptability_corpus/verb_classes_cola/spray_load', data_type='discriminator', dropout=0.5, embedding='glove.6B.300d', embedding_path='/scratch/asw462/models/elmo_encoder/elmo.emb', embedding_size=217, encoder_num_layers=2, encoder_path='/scratch/asw462/models/elmo_encoder/elmo.pth', encoding_size=528, encoding_type='lstm_pooling_classifier', epochs=1000, evaluate_train=False, experiment_name='experiment_linear_classifier_h_83_l_4_lr_0.0001_e_217_do_0.5', glove=False, gpu=True, hidden_size=83, imbalance=True, learning_rate=5e-05, lm_path=None, logs_dir='/scratch/asw462/logs/verb_classes_cola/spray_load', max_pool=False, model='linear_classifier', num_layers=4, output_dir='/scratch/asw462/logs/verb_classes_cola/outputs/spray_load', patience=20, preprocess_tokenizer='space', prints_per_stage=1, resume=True, resume_file=None, save_loc='/scratch/asw462/models/verb_classes_cola/spray_load', seed=1111, should_not_log=False, should_not_lowercase=False, should_not_preprocess_data=False, stages_per_epoch=2, train_embeddings=False, train_evaluate_interval=10, vocab_file='/scratch/asw462/data/vocab_100k.tsv')
======== General =======
Model: linear_classifier
GPU: True
Experiment Name: experiment_linear_classifier_h_83_l_4_lr_0.0001_e_217_do_0.5
Save location: /scratch/asw462/models/verb_classes_cola/spray_load
Logs dir: /scratch/asw462/logs/verb_classes_cola/spray_load
Timestamp: 2018/08/01 20:12:37
 
======== Data =======
Training set: 13345 examples
Validation set: 490 examples
Test set: 1902 examples
 
======= Parameters =======
Learning Rate: 0.000050
Batch Size: 32
Epochs: 1000
Patience: 20
Stages per Epoch: 2
Embedding: 100004 x 217
Number of layers: 4
Hidden Size: 83
Encoder Size: 528
Resume: True
 
======= Model =======
LinearClassifierWithEncoder(
  (model): LinearClassifier(
    (dropout): Dropout(p=0.5)
    (enc2h): Linear(in_features=1056, out_features=83, bias=True)
    (h20): Linear(in_features=83, out_features=1, bias=True)
    (sigmoid): Sigmoid()
    (tanh): Tanh()
    (softmax): Softmax()
  )
  (encoder): LSTMPoolingClassifierWithELMo(
    (elmo): ELMOClassifier(
      (lm): LSTMLanguageModel(
        (dropout): Dropout(p=0.2)
        (embedding): Embedding(100003, 217)
        (lstm): LSTM(217, 891, num_layers=2, dropout=0.2)
        (fc): Linear(in_features=891, out_features=100003, bias=True)
      )
      (lstms): ModuleList(
        (0): LSTM(217, 891, batch_first=True)
        (1): LSTM(891, 891, batch_first=True)
      )
      (dropout): Dropout(p=0.2)
      (linear_comb): Linear(in_features=2, out_features=1, bias=True)
      (fc1): Linear(in_features=891, out_features=528, bias=True)
      (relu): ReLU()
      (out): Linear(in_features=528, out_features=1, bias=True)
      (sigmoid): Sigmoid()
    )
    (pooling_classifier): LSTMPoolingClassifier(
      (ih2h): LSTM(891, 528, num_layers=3, batch_first=True, dropout=0.2, bidirectional=True)
      (pool2o): Linear(in_features=1056, out_features=1, bias=True)
      (sigmoid): Sigmoid()
      (softmax): Softmax()
      (dropout): Dropout(p=0.2)
    )
  )
)
 
========= Epoch 1 =========
209/418: Matthews 0.13371, Accuracy: 64.28571, Loss: 0.007184323
418/418: Matthews 0.15032, Accuracy: 61.63265, Loss: 0.006757625
 
Best Matthews: 0.15032, Best Accuracy: 61.63265, Best Loss: 0.006757625 at epoch 1
Time Elasped: 00:01:08
========= Epoch 2 =========
209/418: Matthews 0.11539, Accuracy: 56.32653, Loss: 0.006446978
418/418: Matthews 0.12251, Accuracy: 55.71429, Loss: 0.006260580
 
Best Matthews: 0.15032, Best Accuracy: 61.63265, Best Loss: 0.006757625 at epoch 1
Time Elasped: 00:02:08
========= Epoch 3 =========
209/418: Matthews 0.10655, Accuracy: 54.48980, Loss: 0.006115261
418/418: Matthews 0.09766, Accuracy: 55.91837, Loss: 0.006153602
 
Best Matthews: 0.15032, Best Accuracy: 61.63265, Best Loss: 0.006757625 at epoch 1
Time Elasped: 00:03:09
========= Epoch 4 =========
209/418: Matthews 0.11332, Accuracy: 55.10204, Loss: 0.005963654
418/418: Matthews 0.08578, Accuracy: 52.44898, Loss: 0.005831393
 
Best Matthews: 0.15032, Best Accuracy: 61.63265, Best Loss: 0.006757625 at epoch 1
Time Elasped: 00:04:09
========= Epoch 5 =========
209/418: Matthews 0.09129, Accuracy: 53.46939, Loss: 0.005853529
418/418: Matthews 0.06880, Accuracy: 52.44898, Loss: 0.005799650
 
Best Matthews: 0.15032, Best Accuracy: 61.63265, Best Loss: 0.006757625 at epoch 1
Time Elasped: 00:05:10
========= Epoch 6 =========
209/418: Matthews 0.07845, Accuracy: 52.44898, Loss: 0.005741442
418/418: Matthews 0.02163, Accuracy: 47.55102, Loss: 0.005555603
 
Best Matthews: 0.15032, Best Accuracy: 61.63265, Best Loss: 0.006757625 at epoch 1
Time Elasped: 00:06:11
========= Epoch 7 =========
209/418: Matthews 0.06946, Accuracy: 52.65306, Loss: 0.005792047
418/418: Matthews 0.05273, Accuracy: 50.40816, Loss: 0.005576911
 
Best Matthews: 0.15032, Best Accuracy: 61.63265, Best Loss: 0.006757625 at epoch 1
Time Elasped: 00:07:12
========= Epoch 8 =========
209/418: Matthews 0.05462, Accuracy: 51.02041, Loss: 0.005585785
418/418: Matthews 0.05857, Accuracy: 52.24490, Loss: 0.005626837
 
Best Matthews: 0.15032, Best Accuracy: 61.63265, Best Loss: 0.006757625 at epoch 1
Time Elasped: 00:08:13
========= Epoch 9 =========
209/418: Matthews 0.04202, Accuracy: 52.24490, Loss: 0.005720605
418/418: Matthews 0.06880, Accuracy: 52.44898, Loss: 0.005591271
 
Best Matthews: 0.15032, Best Accuracy: 61.63265, Best Loss: 0.006757625 at epoch 1
Time Elasped: 00:09:14
========= Epoch 10 =========
209/418: Matthews 0.02763, Accuracy: 50.81633, Loss: 0.005611279
418/418: Matthews 0.03619, Accuracy: 49.79592, Loss: 0.005459261
 
Best Matthews: 0.15032, Best Accuracy: 61.63265, Best Loss: 0.006757625 at epoch 1
Time Elasped: 00:10:15
========= Epoch 11 =========
209/418: Matthews 0.03246, Accuracy: 49.38776, Loss: 0.005440511
418/418: Matthews 0.03210, Accuracy: 51.42857, Loss: 0.005643553
 
Best Matthews: 0.15032, Best Accuracy: 61.63265, Best Loss: 0.006757625 at epoch 1
Time Elasped: 00:11:15
========= Epoch 12 =========
209/418: Matthews 0.02124, Accuracy: 51.02041, Loss: 0.005615897
418/418: Matthews 0.00684, Accuracy: 49.59184, Loss: 0.005540768
 
Best Matthews: 0.15032, Best Accuracy: 61.63265, Best Loss: 0.006757625 at epoch 1
Time Elasped: 00:12:16
========= Epoch 13 =========
209/418: Matthews -0.00310, Accuracy: 48.77551, Loss: 0.005530707
418/418: Matthews 0.01561, Accuracy: 51.42857, Loss: 0.005627612
 
Best Matthews: 0.15032, Best Accuracy: 61.63265, Best Loss: 0.006757625 at epoch 1
Time Elasped: 00:13:17
========= Epoch 14 =========
209/418: Matthews 0.02339, Accuracy: 51.63265, Loss: 0.005609353
418/418: Matthews 0.00921, Accuracy: 49.59184, Loss: 0.005432204
 
Best Matthews: 0.15032, Best Accuracy: 61.63265, Best Loss: 0.006757625 at epoch 1
Time Elasped: 00:14:18
========= Epoch 15 =========
209/418: Matthews 0.01563, Accuracy: 49.38776, Loss: 0.005406018
418/418: Matthews 0.00568, Accuracy: 48.57143, Loss: 0.005377515
 
Best Matthews: 0.15032, Best Accuracy: 61.63265, Best Loss: 0.006757625 at epoch 1
Time Elasped: 00:15:18
========= Epoch 16 =========
209/418: Matthews -0.00876, Accuracy: 46.53061, Loss: 0.005240546
418/418: Matthews 0.02124, Accuracy: 51.02041, Loss: 0.005497428
 
Best Matthews: 0.15032, Best Accuracy: 61.63265, Best Loss: 0.006757625 at epoch 1
Time Elasped: 00:16:19
========= Epoch 17 =========
209/418: Matthews 0.00546, Accuracy: 51.22449, Loss: 0.005634629
418/418: Matthews 0.00238, Accuracy: 51.02041, Loss: 0.005595214
 
Best Matthews: 0.15032, Best Accuracy: 61.63265, Best Loss: 0.006757625 at epoch 1
Time Elasped: 00:17:20
========= Epoch 18 =========
209/418: Matthews -0.00732, Accuracy: 49.59184, Loss: 0.005408399
418/418: Matthews 0.00736, Accuracy: 48.36735, Loss: 0.005219338
 
Best Matthews: 0.15032, Best Accuracy: 61.63265, Best Loss: 0.006757625 at epoch 1
Time Elasped: 00:18:21
========= Epoch 19 =========
209/418: Matthews 0.00710, Accuracy: 51.02041, Loss: 0.005550917
418/418: Matthews -0.00310, Accuracy: 48.77551, Loss: 0.005296048
 
Best Matthews: 0.15032, Best Accuracy: 61.63265, Best Loss: 0.006757625 at epoch 1
Time Elasped: 00:19:22
========= Epoch 20 =========
209/418: Matthews -0.02032, Accuracy: 48.57143, Loss: 0.005359833
418/418: Matthews 0.00806, Accuracy: 48.57143, Loss: 0.005228085
 
Best Matthews: 0.15032, Best Accuracy: 61.63265, Best Loss: 0.006757625 at epoch 1
Time Elasped: 00:20:22
========= Epoch 21 =========
209/418: Matthews 0.01493, Accuracy: 49.18367, Loss: 0.005208617
418/418: Matthews 0.00448, Accuracy: 49.59184, Loss: 0.005342400
 
Best Matthews: 0.15032, Best Accuracy: 61.63265, Best Loss: 0.006757625 at epoch 1
Time Elasped: 00:21:23
========= Epoch 22 =========
Early Stopping activated
 
Best Matthews: 0.15032, Best Accuracy: 61.63265, Best Loss: 0.006757625 at epoch 1
Time Elasped: 00:21:56
Test Set:
0/0: Matthews 0.24653, Accuracy: 64.61619, Loss: 0.002522084
