Namespace(batch_size=32, buffer_size=1, by_source=False, crop_pad_length=30, data='./acceptability_corpus/verb_classes_cola/spray_load', data_type='discriminator', dropout=0.5, embedding='glove.6B.300d', embedding_path='/scratch/asw462/models/elmo_encoder/elmo.emb', embedding_size=217, encoder_num_layers=2, encoder_path='/scratch/asw462/models/elmo_encoder/elmo.pth', encoding_size=528, encoding_type='lstm_pooling_classifier', epochs=1000, evaluate_train=False, experiment_name='experiment_linear_classifier_h_32_l_1_lr_0.0000_e_217_do_0.5', glove=False, gpu=True, hidden_size=32, imbalance=True, learning_rate=2e-05, lm_path=None, logs_dir='/scratch/asw462/logs/verb_classes_cola/spray_load', max_pool=False, model='linear_classifier', num_layers=1, output_dir='/scratch/asw462/logs/verb_classes_cola/outputs/spray_load', patience=20, preprocess_tokenizer='space', prints_per_stage=1, resume=True, resume_file=None, save_loc='/scratch/asw462/models/verb_classes_cola/spray_load', seed=1111, should_not_log=False, should_not_lowercase=False, should_not_preprocess_data=False, stages_per_epoch=2, train_embeddings=False, train_evaluate_interval=10, vocab_file='/scratch/asw462/data/vocab_100k.tsv')
======== General =======
Model: linear_classifier
GPU: True
Experiment Name: experiment_linear_classifier_h_32_l_1_lr_0.0000_e_217_do_0.5
Save location: /scratch/asw462/models/verb_classes_cola/spray_load
Logs dir: /scratch/asw462/logs/verb_classes_cola/spray_load
Timestamp: 2018/08/01 22:09:49
 
======== Data =======
Training set: 13345 examples
Validation set: 490 examples
Test set: 1902 examples
 
======= Parameters =======
Learning Rate: 0.000020
Batch Size: 32
Epochs: 1000
Patience: 20
Stages per Epoch: 2
Embedding: 100004 x 217
Number of layers: 1
Hidden Size: 32
Encoder Size: 528
Resume: True
 
======= Model =======
LinearClassifierWithEncoder(
  (model): LinearClassifier(
    (dropout): Dropout(p=0.5)
    (enc2h): Linear(in_features=1056, out_features=32, bias=True)
    (h20): Linear(in_features=32, out_features=1, bias=True)
    (sigmoid): Sigmoid()
    (tanh): Tanh()
    (softmax): Softmax()
  )
  (encoder): LSTMPoolingClassifierWithELMo(
    (elmo): ELMOClassifier(
      (lm): LSTMLanguageModel(
        (dropout): Dropout(p=0.2)
        (embedding): Embedding(100003, 217)
        (lstm): LSTM(217, 891, num_layers=2, dropout=0.2)
        (fc): Linear(in_features=891, out_features=100003, bias=True)
      )
      (lstms): ModuleList(
        (0): LSTM(217, 891, batch_first=True)
        (1): LSTM(891, 891, batch_first=True)
      )
      (dropout): Dropout(p=0.2)
      (linear_comb): Linear(in_features=2, out_features=1, bias=True)
      (fc1): Linear(in_features=891, out_features=528, bias=True)
      (relu): ReLU()
      (out): Linear(in_features=528, out_features=1, bias=True)
      (sigmoid): Sigmoid()
    )
    (pooling_classifier): LSTMPoolingClassifier(
      (ih2h): LSTM(891, 528, num_layers=3, batch_first=True, dropout=0.2, bidirectional=True)
      (pool2o): Linear(in_features=1056, out_features=1, bias=True)
      (sigmoid): Sigmoid()
      (softmax): Softmax()
      (dropout): Dropout(p=0.2)
    )
  )
)
 
========= Epoch 1 =========
209/418: Matthews 0.14268, Accuracy: 64.28571, Loss: 0.007161436
418/418: Matthews 0.12496, Accuracy: 64.08163, Loss: 0.007257741
 
Best Matthews: 0.14268, Best Accuracy: 64.28571, Best Loss: 0.007161436 at epoch 1
Time Elasped: 00:00:30
========= Epoch 2 =========
209/418: Matthews 0.14161, Accuracy: 64.08163, Loss: 0.007180320
418/418: Matthews 0.12321, Accuracy: 63.06122, Loss: 0.007136896
 
Best Matthews: 0.14268, Best Accuracy: 64.28571, Best Loss: 0.007161436 at epoch 1
Time Elasped: 00:00:51
========= Epoch 3 =========
209/418: Matthews 0.13534, Accuracy: 63.26531, Loss: 0.007092780
418/418: Matthews 0.13712, Accuracy: 62.24490, Loss: 0.006950032
 
Best Matthews: 0.14268, Best Accuracy: 64.28571, Best Loss: 0.007161436 at epoch 1
Time Elasped: 00:01:13
========= Epoch 4 =========
209/418: Matthews 0.12791, Accuracy: 61.63265, Loss: 0.006920168
418/418: Matthews 0.15438, Accuracy: 61.63265, Loss: 0.006822690
 
Best Matthews: 0.15438, Best Accuracy: 61.63265, Best Loss: 0.006822690 at epoch 4
Time Elasped: 00:01:36
========= Epoch 5 =========
209/418: Matthews 0.13863, Accuracy: 61.42857, Loss: 0.006832123
418/418: Matthews 0.16979, Accuracy: 60.81633, Loss: 0.006655295
 
Best Matthews: 0.16979, Best Accuracy: 60.81633, Best Loss: 0.006655295 at epoch 5
Time Elasped: 00:01:59
========= Epoch 6 =========
209/418: Matthews 0.16016, Accuracy: 60.61224, Loss: 0.006638832
418/418: Matthews 0.16557, Accuracy: 60.81633, Loss: 0.006607550
 
Best Matthews: 0.16979, Best Accuracy: 60.81633, Best Loss: 0.006655295 at epoch 5
Time Elasped: 00:02:21
========= Epoch 7 =========
209/418: Matthews 0.14601, Accuracy: 60.00000, Loss: 0.006573630
418/418: Matthews 0.13719, Accuracy: 57.75510, Loss: 0.006444806
 
Best Matthews: 0.16979, Best Accuracy: 60.81633, Best Loss: 0.006655295 at epoch 5
Time Elasped: 00:02:42
========= Epoch 8 =========
209/418: Matthews 0.13492, Accuracy: 57.75510, Loss: 0.006407960
418/418: Matthews 0.12098, Accuracy: 57.14286, Loss: 0.006407617
 
Best Matthews: 0.16979, Best Accuracy: 60.81633, Best Loss: 0.006655295 at epoch 5
Time Elasped: 00:03:04
========= Epoch 9 =========
209/418: Matthews 0.12013, Accuracy: 56.93878, Loss: 0.006375907
418/418: Matthews 0.11851, Accuracy: 55.91837, Loss: 0.006270999
 
Best Matthews: 0.16979, Best Accuracy: 60.81633, Best Loss: 0.006655295 at epoch 5
Time Elasped: 00:03:26
========= Epoch 10 =========
209/418: Matthews 0.11384, Accuracy: 55.91837, Loss: 0.006244150
418/418: Matthews 0.10767, Accuracy: 55.51020, Loss: 0.006222555
 
Best Matthews: 0.16979, Best Accuracy: 60.81633, Best Loss: 0.006655295 at epoch 5
Time Elasped: 00:03:47
========= Epoch 11 =========
209/418: Matthews 0.10998, Accuracy: 56.12245, Loss: 0.006235961
418/418: Matthews 0.09565, Accuracy: 54.08163, Loss: 0.006134669
 
Best Matthews: 0.16979, Best Accuracy: 60.81633, Best Loss: 0.006655295 at epoch 5
Time Elasped: 00:04:09
========= Epoch 12 =========
209/418: Matthews 0.11259, Accuracy: 54.08163, Loss: 0.006055200
418/418: Matthews 0.08686, Accuracy: 54.28571, Loss: 0.006141631
 
Best Matthews: 0.16979, Best Accuracy: 60.81633, Best Loss: 0.006655295 at epoch 5
Time Elasped: 00:04:31
========= Epoch 13 =========
209/418: Matthews 0.11136, Accuracy: 54.48980, Loss: 0.006049308
418/418: Matthews 0.08833, Accuracy: 54.69388, Loss: 0.006132420
 
Best Matthews: 0.16979, Best Accuracy: 60.81633, Best Loss: 0.006655295 at epoch 5
Time Elasped: 00:04:52
========= Epoch 14 =========
209/418: Matthews 0.10044, Accuracy: 54.08163, Loss: 0.006014294
418/418: Matthews 0.08144, Accuracy: 54.08163, Loss: 0.006082071
 
Best Matthews: 0.16979, Best Accuracy: 60.81633, Best Loss: 0.006655295 at epoch 5
Time Elasped: 00:05:14
========= Epoch 15 =========
209/418: Matthews 0.07459, Accuracy: 53.46939, Loss: 0.006047085
418/418: Matthews 0.08715, Accuracy: 53.67347, Loss: 0.005988950
 
Best Matthews: 0.16979, Best Accuracy: 60.81633, Best Loss: 0.006655295 at epoch 5
Time Elasped: 00:05:35
========= Epoch 16 =========
209/418: Matthews 0.10044, Accuracy: 54.08163, Loss: 0.005947712
418/418: Matthews 0.08476, Accuracy: 53.67347, Loss: 0.005950320
 
Best Matthews: 0.16979, Best Accuracy: 60.81633, Best Loss: 0.006655295 at epoch 5
Time Elasped: 00:05:57
========= Epoch 17 =========
209/418: Matthews 0.08451, Accuracy: 54.28571, Loss: 0.006015407
418/418: Matthews 0.08638, Accuracy: 52.65306, Loss: 0.005858990
 
Best Matthews: 0.16979, Best Accuracy: 60.81633, Best Loss: 0.006655295 at epoch 5
Time Elasped: 00:06:19
========= Epoch 18 =========
209/418: Matthews 0.08239, Accuracy: 53.67347, Loss: 0.005953313
418/418: Matthews 0.07491, Accuracy: 52.85714, Loss: 0.005865821
 
Best Matthews: 0.16979, Best Accuracy: 60.81633, Best Loss: 0.006655295 at epoch 5
Time Elasped: 00:06:41
========= Epoch 19 =========
209/418: Matthews 0.07797, Accuracy: 53.06122, Loss: 0.005873340
418/418: Matthews 0.07426, Accuracy: 52.65306, Loss: 0.005836358
 
Best Matthews: 0.16979, Best Accuracy: 60.81633, Best Loss: 0.006655295 at epoch 5
Time Elasped: 00:07:02
========= Epoch 20 =========
209/418: Matthews 0.08476, Accuracy: 53.67347, Loss: 0.005879568
418/418: Matthews 0.07417, Accuracy: 51.83673, Loss: 0.005758799
 
Best Matthews: 0.16979, Best Accuracy: 60.81633, Best Loss: 0.006655295 at epoch 5
Time Elasped: 00:07:24
========= Epoch 21 =========
209/418: Matthews 0.08308, Accuracy: 53.87755, Loss: 0.005882221
418/418: Matthews 0.07186, Accuracy: 52.65306, Loss: 0.005804730
 
Best Matthews: 0.16979, Best Accuracy: 60.81633, Best Loss: 0.006655295 at epoch 5
Time Elasped: 00:07:45
========= Epoch 22 =========
209/418: Matthews 0.07797, Accuracy: 53.06122, Loss: 0.005815019
418/418: Matthews 0.06317, Accuracy: 51.42857, Loss: 0.005716597
 
Best Matthews: 0.16979, Best Accuracy: 60.81633, Best Loss: 0.006655295 at epoch 5
Time Elasped: 00:08:07
========= Epoch 23 =========
209/418: Matthews 0.05723, Accuracy: 51.83673, Loss: 0.005745356
418/418: Matthews 0.06444, Accuracy: 51.83673, Loss: 0.005715298
 
Best Matthews: 0.16979, Best Accuracy: 60.81633, Best Loss: 0.006655295 at epoch 5
Time Elasped: 00:08:29
========= Epoch 24 =========
209/418: Matthews 0.06074, Accuracy: 51.42857, Loss: 0.005677578
418/418: Matthews 0.05591, Accuracy: 51.42857, Loss: 0.005680713
 
Best Matthews: 0.16979, Best Accuracy: 60.81633, Best Loss: 0.006655295 at epoch 5
Time Elasped: 00:08:50
========= Epoch 25 =========
209/418: Matthews 0.02428, Accuracy: 48.36735, Loss: 0.005566644
418/418: Matthews 0.08308, Accuracy: 53.87755, Loss: 0.005767551
 
Best Matthews: 0.16979, Best Accuracy: 60.81633, Best Loss: 0.006655295 at epoch 5
Time Elasped: 00:09:12
========= Epoch 26 =========
Early Stopping activated
 
Best Matthews: 0.16979, Best Accuracy: 60.81633, Best Loss: 0.006655295 at epoch 5
Time Elasped: 00:09:27
Test Set:
0/0: Matthews 0.24190, Accuracy: 63.56467, Loss: 0.002511652
