Namespace(batch_size=32, buffer_size=1, by_source=False, crop_pad_length=30, data='./acceptability_corpus/verb_classes_cola/spray_load', data_type='discriminator', dropout=0.2, embedding='glove.6B.300d', embedding_path='/scratch/asw462/models/elmo_encoder/elmo.emb', embedding_size=217, encoder_num_layers=2, encoder_path='/scratch/asw462/models/elmo_encoder/elmo.pth', encoding_size=528, encoding_type='lstm_pooling_classifier', epochs=1000, evaluate_train=False, experiment_name='experiment_linear_classifier_h_124_l_2_lr_0.0001_e_217_do_0.2', glove=False, gpu=True, hidden_size=124, imbalance=True, learning_rate=0.00015, lm_path=None, logs_dir='/scratch/asw462/logs/verb_classes_cola/spray_load', max_pool=False, model='linear_classifier', num_layers=2, output_dir='/scratch/asw462/logs/verb_classes_cola/outputs/spray_load', patience=20, preprocess_tokenizer='space', prints_per_stage=1, resume=True, resume_file=None, save_loc='/scratch/asw462/models/verb_classes_cola/spray_load', seed=1111, should_not_log=False, should_not_lowercase=False, should_not_preprocess_data=False, stages_per_epoch=2, train_embeddings=False, train_evaluate_interval=10, vocab_file='/scratch/asw462/data/vocab_100k.tsv')
======== General =======
Model: linear_classifier
GPU: True
Experiment Name: experiment_linear_classifier_h_124_l_2_lr_0.0001_e_217_do_0.2
Save location: /scratch/asw462/models/verb_classes_cola/spray_load
Logs dir: /scratch/asw462/logs/verb_classes_cola/spray_load
Timestamp: 2018/08/01 20:14:09
 
======== Data =======
Training set: 13345 examples
Validation set: 490 examples
Test set: 1902 examples
 
======= Parameters =======
Learning Rate: 0.000150
Batch Size: 32
Epochs: 1000
Patience: 20
Stages per Epoch: 2
Embedding: 100004 x 217
Number of layers: 2
Hidden Size: 124
Encoder Size: 528
Resume: True
 
======= Model =======
LinearClassifierWithEncoder(
  (model): LinearClassifier(
    (dropout): Dropout(p=0.2)
    (enc2h): Linear(in_features=1056, out_features=124, bias=True)
    (h20): Linear(in_features=124, out_features=1, bias=True)
    (sigmoid): Sigmoid()
    (tanh): Tanh()
    (softmax): Softmax()
  )
  (encoder): LSTMPoolingClassifierWithELMo(
    (elmo): ELMOClassifier(
      (lm): LSTMLanguageModel(
        (dropout): Dropout(p=0.2)
        (embedding): Embedding(100003, 217)
        (lstm): LSTM(217, 891, num_layers=2, dropout=0.2)
        (fc): Linear(in_features=891, out_features=100003, bias=True)
      )
      (lstms): ModuleList(
        (0): LSTM(217, 891, batch_first=True)
        (1): LSTM(891, 891, batch_first=True)
      )
      (dropout): Dropout(p=0.2)
      (linear_comb): Linear(in_features=2, out_features=1, bias=True)
      (fc1): Linear(in_features=891, out_features=528, bias=True)
      (relu): ReLU()
      (out): Linear(in_features=528, out_features=1, bias=True)
      (sigmoid): Sigmoid()
    )
    (pooling_classifier): LSTMPoolingClassifier(
      (ih2h): LSTM(891, 528, num_layers=3, batch_first=True, dropout=0.2, bidirectional=True)
      (pool2o): Linear(in_features=1056, out_features=1, bias=True)
      (sigmoid): Sigmoid()
      (softmax): Softmax()
      (dropout): Dropout(p=0.2)
    )
  )
)
 
========= Epoch 1 =========
209/418: Matthews 0.08896, Accuracy: 58.36735, Loss: 0.006618741
418/418: Matthews 0.10619, Accuracy: 56.32653, Loss: 0.005959079
 
Best Matthews: 0.10619, Best Accuracy: 56.32653, Best Loss: 0.005959079 at epoch 1
Time Elasped: 00:00:28
========= Epoch 2 =========
209/418: Matthews 0.08134, Accuracy: 54.69388, Loss: 0.005839756
418/418: Matthews 0.01532, Accuracy: 47.14286, Loss: 0.005395667
 
Best Matthews: 0.10619, Best Accuracy: 56.32653, Best Loss: 0.005959079 at epoch 1
Time Elasped: 00:00:48
========= Epoch 3 =========
209/418: Matthews 0.05245, Accuracy: 51.83673, Loss: 0.005776245
418/418: Matthews 0.02495, Accuracy: 48.57143, Loss: 0.005395188
 
Best Matthews: 0.10619, Best Accuracy: 56.32653, Best Loss: 0.005959079 at epoch 1
Time Elasped: 00:01:09
========= Epoch 4 =========
209/418: Matthews -0.01687, Accuracy: 43.26531, Loss: 0.005254827
418/418: Matthews 0.04964, Accuracy: 53.06122, Loss: 0.005544539
 
Best Matthews: 0.10619, Best Accuracy: 56.32653, Best Loss: 0.005959079 at epoch 1
Time Elasped: 00:01:29
========= Epoch 5 =========
209/418: Matthews 0.04431, Accuracy: 50.81633, Loss: 0.005533975
418/418: Matthews -0.00665, Accuracy: 51.83673, Loss: 0.006109271
 
Best Matthews: 0.10619, Best Accuracy: 56.32653, Best Loss: 0.005959079 at epoch 1
Time Elasped: 00:01:49
========= Epoch 6 =========
209/418: Matthews -0.00940, Accuracy: 45.71429, Loss: 0.005370250
418/418: Matthews -0.00926, Accuracy: 48.36735, Loss: 0.005578190
 
Best Matthews: 0.10619, Best Accuracy: 56.32653, Best Loss: 0.005959079 at epoch 1
Time Elasped: 00:02:10
========= Epoch 7 =========
209/418: Matthews 0.00095, Accuracy: 50.61224, Loss: 0.005588120
418/418: Matthews -0.00472, Accuracy: 51.02041, Loss: 0.005753806
 
Best Matthews: 0.10619, Best Accuracy: 56.32653, Best Loss: 0.005959079 at epoch 1
Time Elasped: 00:02:30
========= Epoch 8 =========
209/418: Matthews -0.02386, Accuracy: 49.59184, Loss: 0.005398095
418/418: Matthews -0.02738, Accuracy: 48.57143, Loss: 0.005476085
 
Best Matthews: 0.10619, Best Accuracy: 56.32653, Best Loss: 0.005959079 at epoch 1
Time Elasped: 00:02:51
========= Epoch 9 =========
209/418: Matthews 0.00164, Accuracy: 48.77551, Loss: 0.005382408
418/418: Matthews -0.00579, Accuracy: 47.34694, Loss: 0.005001730
 
Best Matthews: 0.10619, Best Accuracy: 56.32653, Best Loss: 0.005959079 at epoch 1
Time Elasped: 00:03:11
========= Epoch 10 =========
209/418: Matthews -0.05019, Accuracy: 42.44898, Loss: 0.005008458
418/418: Matthews -0.00568, Accuracy: 43.46939, Loss: 0.004588403
 
Best Matthews: 0.10619, Best Accuracy: 56.32653, Best Loss: 0.005959079 at epoch 1
Time Elasped: 00:03:31
========= Epoch 11 =========
209/418: Matthews -0.00947, Accuracy: 51.02041, Loss: 0.005300797
418/418: Matthews 0.02280, Accuracy: 49.38776, Loss: 0.004963476
 
Best Matthews: 0.10619, Best Accuracy: 56.32653, Best Loss: 0.005959079 at epoch 1
Time Elasped: 00:03:52
========= Epoch 12 =========
209/418: Matthews 0.04606, Accuracy: 50.61224, Loss: 0.004968200
418/418: Matthews -0.01745, Accuracy: 45.51020, Loss: 0.004839454
 
Best Matthews: 0.10619, Best Accuracy: 56.32653, Best Loss: 0.005959079 at epoch 1
Time Elasped: 00:04:12
========= Epoch 13 =========
209/418: Matthews -0.00101, Accuracy: 47.34694, Loss: 0.005018076
418/418: Matthews -0.03533, Accuracy: 44.08163, Loss: 0.004682169
 
Best Matthews: 0.10619, Best Accuracy: 56.32653, Best Loss: 0.005959079 at epoch 1
Time Elasped: 00:04:32
========= Epoch 14 =========
209/418: Matthews 0.00510, Accuracy: 46.32653, Loss: 0.004739434
418/418: Matthews 0.02694, Accuracy: 49.18367, Loss: 0.005142599
 
Best Matthews: 0.10619, Best Accuracy: 56.32653, Best Loss: 0.005959079 at epoch 1
Time Elasped: 00:04:53
========= Epoch 15 =========
209/418: Matthews 0.05335, Accuracy: 50.61224, Loss: 0.004987284
418/418: Matthews -0.04909, Accuracy: 47.75510, Loss: 0.005113479
 
Best Matthews: 0.10619, Best Accuracy: 56.32653, Best Loss: 0.005959079 at epoch 1
Time Elasped: 00:05:13
========= Epoch 16 =========
209/418: Matthews 0.01040, Accuracy: 47.14286, Loss: 0.004673662
418/418: Matthews -0.00613, Accuracy: 50.61224, Loss: 0.005221275
 
Best Matthews: 0.10619, Best Accuracy: 56.32653, Best Loss: 0.005959079 at epoch 1
Time Elasped: 00:05:34
========= Epoch 17 =========
209/418: Matthews 0.00991, Accuracy: 49.79592, Loss: 0.004921713
418/418: Matthews 0.00474, Accuracy: 51.02041, Loss: 0.005074516
 
Best Matthews: 0.10619, Best Accuracy: 56.32653, Best Loss: 0.005959079 at epoch 1
Time Elasped: 00:05:54
========= Epoch 18 =========
209/418: Matthews 0.01991, Accuracy: 53.26531, Loss: 0.005321880
418/418: Matthews -0.00727, Accuracy: 46.93878, Loss: 0.004548573
 
Best Matthews: 0.10619, Best Accuracy: 56.32653, Best Loss: 0.005959079 at epoch 1
Time Elasped: 00:06:14
========= Epoch 19 =========
209/418: Matthews 0.02463, Accuracy: 53.26531, Loss: 0.005094408
418/418: Matthews -0.01796, Accuracy: 48.57143, Loss: 0.004767728
 
Best Matthews: 0.10619, Best Accuracy: 56.32653, Best Loss: 0.005959079 at epoch 1
Time Elasped: 00:06:35
========= Epoch 20 =========
209/418: Matthews 0.01525, Accuracy: 48.57143, Loss: 0.004586871
418/418: Matthews 0.01831, Accuracy: 53.46939, Loss: 0.005268700
 
Best Matthews: 0.10619, Best Accuracy: 56.32653, Best Loss: 0.005959079 at epoch 1
Time Elasped: 00:06:55
========= Epoch 21 =========
209/418: Matthews -0.00897, Accuracy: 49.79592, Loss: 0.004748156
418/418: Matthews -0.02775, Accuracy: 46.53061, Loss: 0.004382870
 
Best Matthews: 0.10619, Best Accuracy: 56.32653, Best Loss: 0.005959079 at epoch 1
Time Elasped: 00:07:16
========= Epoch 22 =========
Early Stopping activated
 
Best Matthews: 0.10619, Best Accuracy: 56.32653, Best Loss: 0.005959079 at epoch 1
Time Elasped: 00:07:28
Test Set:
0/0: Matthews 0.19087, Accuracy: 59.98948, Loss: 0.002389750
