Namespace(batch_size=32, buffer_size=1, by_source=False, crop_pad_length=30, data='./acceptability_corpus/verb_classes_cola/spray_load', data_type='discriminator', dropout=0.5, embedding='glove.6B.300d', embedding_path='/scratch/asw462/models/elmo_encoder/elmo.emb', embedding_size=217, encoder_num_layers=2, encoder_path='/scratch/asw462/models/elmo_encoder/elmo.pth', encoding_size=528, encoding_type='lstm_pooling_classifier', epochs=1000, evaluate_train=False, experiment_name='experiment_linear_classifier_h_115_l_4_lr_0.0001_e_217_do_0.5', glove=False, gpu=True, hidden_size=115, imbalance=True, learning_rate=8e-05, lm_path=None, logs_dir='/scratch/asw462/logs/verb_classes_cola/spray_load', max_pool=False, model='linear_classifier', num_layers=4, output_dir='/scratch/asw462/logs/verb_classes_cola/outputs/spray_load', patience=20, preprocess_tokenizer='space', prints_per_stage=1, resume=True, resume_file=None, save_loc='/scratch/asw462/models/verb_classes_cola/spray_load', seed=1111, should_not_log=False, should_not_lowercase=False, should_not_preprocess_data=False, stages_per_epoch=2, train_embeddings=False, train_evaluate_interval=10, vocab_file='/scratch/asw462/data/vocab_100k.tsv')
======== General =======
Model: linear_classifier
GPU: True
Experiment Name: experiment_linear_classifier_h_115_l_4_lr_0.0001_e_217_do_0.5
Save location: /scratch/asw462/models/verb_classes_cola/spray_load
Logs dir: /scratch/asw462/logs/verb_classes_cola/spray_load
Timestamp: 2018/08/01 20:13:44
 
======== Data =======
Training set: 13345 examples
Validation set: 490 examples
Test set: 1902 examples
 
======= Parameters =======
Learning Rate: 0.000080
Batch Size: 32
Epochs: 1000
Patience: 20
Stages per Epoch: 2
Embedding: 100004 x 217
Number of layers: 4
Hidden Size: 115
Encoder Size: 528
Resume: True
 
======= Model =======
LinearClassifierWithEncoder(
  (model): LinearClassifier(
    (dropout): Dropout(p=0.5)
    (enc2h): Linear(in_features=1056, out_features=115, bias=True)
    (h20): Linear(in_features=115, out_features=1, bias=True)
    (sigmoid): Sigmoid()
    (tanh): Tanh()
    (softmax): Softmax()
  )
  (encoder): LSTMPoolingClassifierWithELMo(
    (elmo): ELMOClassifier(
      (lm): LSTMLanguageModel(
        (dropout): Dropout(p=0.2)
        (embedding): Embedding(100003, 217)
        (lstm): LSTM(217, 891, num_layers=2, dropout=0.2)
        (fc): Linear(in_features=891, out_features=100003, bias=True)
      )
      (lstms): ModuleList(
        (0): LSTM(217, 891, batch_first=True)
        (1): LSTM(891, 891, batch_first=True)
      )
      (dropout): Dropout(p=0.2)
      (linear_comb): Linear(in_features=2, out_features=1, bias=True)
      (fc1): Linear(in_features=891, out_features=528, bias=True)
      (relu): ReLU()
      (out): Linear(in_features=528, out_features=1, bias=True)
      (sigmoid): Sigmoid()
    )
    (pooling_classifier): LSTMPoolingClassifier(
      (ih2h): LSTM(891, 528, num_layers=3, batch_first=True, dropout=0.2, bidirectional=True)
      (pool2o): Linear(in_features=1056, out_features=1, bias=True)
      (sigmoid): Sigmoid()
      (softmax): Softmax()
      (dropout): Dropout(p=0.2)
    )
  )
)
 
========= Epoch 1 =========
209/418: Matthews 0.18298, Accuracy: 60.00000, Loss: 0.006608851
418/418: Matthews 0.17669, Accuracy: 59.59184, Loss: 0.006364582
 
Best Matthews: 0.18298, Best Accuracy: 60.00000, Best Loss: 0.006608851 at epoch 1
Time Elasped: 00:00:25
========= Epoch 2 =========
209/418: Matthews 0.14635, Accuracy: 57.14286, Loss: 0.006271071
418/418: Matthews 0.11948, Accuracy: 53.87755, Loss: 0.005953488
 
Best Matthews: 0.18298, Best Accuracy: 60.00000, Best Loss: 0.006608851 at epoch 1
Time Elasped: 00:00:43
========= Epoch 3 =========
209/418: Matthews 0.12159, Accuracy: 56.12245, Loss: 0.006067563
418/418: Matthews 0.09609, Accuracy: 54.89796, Loss: 0.005989233
 
Best Matthews: 0.18298, Best Accuracy: 60.00000, Best Loss: 0.006608851 at epoch 1
Time Elasped: 00:01:02
========= Epoch 4 =========
209/418: Matthews 0.06317, Accuracy: 51.42857, Loss: 0.005732974
418/418: Matthews 0.09326, Accuracy: 54.08163, Loss: 0.005717245
 
Best Matthews: 0.18298, Best Accuracy: 60.00000, Best Loss: 0.006608851 at epoch 1
Time Elasped: 00:01:21
========= Epoch 5 =========
209/418: Matthews 0.03795, Accuracy: 54.28571, Loss: 0.006088558
418/418: Matthews 0.00309, Accuracy: 47.14286, Loss: 0.005433625
 
Best Matthews: 0.18298, Best Accuracy: 60.00000, Best Loss: 0.006608851 at epoch 1
Time Elasped: 00:01:40
========= Epoch 6 =========
209/418: Matthews 0.05350, Accuracy: 51.42857, Loss: 0.005538023
418/418: Matthews 0.05110, Accuracy: 51.42857, Loss: 0.005553182
 
Best Matthews: 0.18298, Best Accuracy: 60.00000, Best Loss: 0.006608851 at epoch 1
Time Elasped: 00:01:59
========= Epoch 7 =========
209/418: Matthews 0.03271, Accuracy: 50.20408, Loss: 0.005526384
418/418: Matthews 0.04724, Accuracy: 53.67347, Loss: 0.005857437
 
Best Matthews: 0.18298, Best Accuracy: 60.00000, Best Loss: 0.006608851 at epoch 1
Time Elasped: 00:02:18
========= Epoch 8 =========
209/418: Matthews 0.02896, Accuracy: 49.79592, Loss: 0.005349859
418/418: Matthews 0.02829, Accuracy: 49.59184, Loss: 0.005362597
 
Best Matthews: 0.18298, Best Accuracy: 60.00000, Best Loss: 0.006608851 at epoch 1
Time Elasped: 00:02:36
========= Epoch 9 =========
209/418: Matthews -0.00561, Accuracy: 46.73469, Loss: 0.005334901
418/418: Matthews 0.00897, Accuracy: 50.20408, Loss: 0.005581797
 
Best Matthews: 0.18298, Best Accuracy: 60.00000, Best Loss: 0.006608851 at epoch 1
Time Elasped: 00:02:55
========= Epoch 10 =========
209/418: Matthews 0.00524, Accuracy: 47.75510, Loss: 0.005308480
418/418: Matthews 0.02829, Accuracy: 49.59184, Loss: 0.005374587
 
Best Matthews: 0.18298, Best Accuracy: 60.00000, Best Loss: 0.006608851 at epoch 1
Time Elasped: 00:03:14
========= Epoch 11 =========
209/418: Matthews 0.02219, Accuracy: 50.61224, Loss: 0.005593822
418/418: Matthews 0.03544, Accuracy: 51.02041, Loss: 0.005481022
 
Best Matthews: 0.18298, Best Accuracy: 60.00000, Best Loss: 0.006608851 at epoch 1
Time Elasped: 00:03:33
========= Epoch 12 =========
209/418: Matthews 0.01440, Accuracy: 50.40816, Loss: 0.005514887
418/418: Matthews 0.00639, Accuracy: 48.77551, Loss: 0.005326026
 
Best Matthews: 0.18298, Best Accuracy: 60.00000, Best Loss: 0.006608851 at epoch 1
Time Elasped: 00:03:52
========= Epoch 13 =========
209/418: Matthews 0.00189, Accuracy: 50.20408, Loss: 0.005559569
418/418: Matthews 0.01179, Accuracy: 47.55102, Loss: 0.005115709
 
Best Matthews: 0.18298, Best Accuracy: 60.00000, Best Loss: 0.006608851 at epoch 1
Time Elasped: 00:04:11
========= Epoch 14 =========
209/418: Matthews -0.00331, Accuracy: 49.38776, Loss: 0.005422285
418/418: Matthews -0.02412, Accuracy: 48.16327, Loss: 0.005407243
 
Best Matthews: 0.18298, Best Accuracy: 60.00000, Best Loss: 0.006608851 at epoch 1
Time Elasped: 00:04:30
========= Epoch 15 =========
209/418: Matthews 0.00212, Accuracy: 49.59184, Loss: 0.005406459
418/418: Matthews 0.01698, Accuracy: 48.36735, Loss: 0.005185476
 
Best Matthews: 0.18298, Best Accuracy: 60.00000, Best Loss: 0.006608851 at epoch 1
Time Elasped: 00:04:48
========= Epoch 16 =========
209/418: Matthews 0.01601, Accuracy: 47.34694, Loss: 0.005008940
418/418: Matthews -0.00525, Accuracy: 48.16327, Loss: 0.005259293
 
Best Matthews: 0.18298, Best Accuracy: 60.00000, Best Loss: 0.006608851 at epoch 1
Time Elasped: 00:05:07
========= Epoch 17 =========
209/418: Matthews -0.00189, Accuracy: 49.79592, Loss: 0.005432091
418/418: Matthews 0.01873, Accuracy: 48.16327, Loss: 0.005185600
 
Best Matthews: 0.18298, Best Accuracy: 60.00000, Best Loss: 0.006608851 at epoch 1
Time Elasped: 00:05:26
========= Epoch 18 =========
209/418: Matthews 0.01158, Accuracy: 49.59184, Loss: 0.005308783
418/418: Matthews 0.01772, Accuracy: 50.00000, Loss: 0.005249018
 
Best Matthews: 0.18298, Best Accuracy: 60.00000, Best Loss: 0.006608851 at epoch 1
Time Elasped: 00:05:45
========= Epoch 19 =========
209/418: Matthews -0.00123, Accuracy: 47.95918, Loss: 0.005104837
418/418: Matthews -0.00568, Accuracy: 51.42857, Loss: 0.005605837
 
Best Matthews: 0.18298, Best Accuracy: 60.00000, Best Loss: 0.006608851 at epoch 1
Time Elasped: 00:06:04
========= Epoch 20 =========
209/418: Matthews 0.00189, Accuracy: 50.20408, Loss: 0.005280682
418/418: Matthews -0.03446, Accuracy: 48.57143, Loss: 0.005222469
 
Best Matthews: 0.18298, Best Accuracy: 60.00000, Best Loss: 0.006608851 at epoch 1
Time Elasped: 00:06:23
========= Epoch 21 =========
209/418: Matthews 0.01369, Accuracy: 50.20408, Loss: 0.005287443
418/418: Matthews -0.01563, Accuracy: 50.61224, Loss: 0.005414456
 
Best Matthews: 0.18298, Best Accuracy: 60.00000, Best Loss: 0.006608851 at epoch 1
Time Elasped: 00:06:42
========= Epoch 22 =========
Early Stopping activated
 
Best Matthews: 0.18298, Best Accuracy: 60.00000, Best Loss: 0.006608851 at epoch 1
Time Elasped: 00:06:52
Test Set:
0/0: Matthews 0.26065, Accuracy: 63.40694, Loss: 0.002472341
