Namespace(batch_size=32, buffer_size=1, by_source=False, crop_pad_length=30, data='./acceptability_corpus/verb_classes_cola/spray_load', data_type='discriminator', dropout=0.5, embedding='glove.6B.300d', embedding_path='/scratch/asw462/models/elmo_encoder/elmo.emb', embedding_size=217, encoder_num_layers=2, encoder_path='/scratch/asw462/models/elmo_encoder/elmo.pth', encoding_size=528, encoding_type='lstm_pooling_classifier', epochs=1000, evaluate_train=False, experiment_name='experiment_linear_classifier_h_93_l_3_lr_0.0000_e_217_do_0.5', glove=False, gpu=True, hidden_size=93, imbalance=True, learning_rate=2e-05, lm_path=None, logs_dir='/scratch/asw462/logs/verb_classes_cola/spray_load', max_pool=False, model='linear_classifier', num_layers=3, output_dir='/scratch/asw462/logs/verb_classes_cola/outputs/spray_load', patience=20, preprocess_tokenizer='space', prints_per_stage=1, resume=True, resume_file=None, save_loc='/scratch/asw462/models/verb_classes_cola/spray_load', seed=1111, should_not_log=False, should_not_lowercase=False, should_not_preprocess_data=False, stages_per_epoch=2, train_embeddings=False, train_evaluate_interval=10, vocab_file='/scratch/asw462/data/vocab_100k.tsv')
======== General =======
Model: linear_classifier
GPU: True
Experiment Name: experiment_linear_classifier_h_93_l_3_lr_0.0000_e_217_do_0.5
Save location: /scratch/asw462/models/verb_classes_cola/spray_load
Logs dir: /scratch/asw462/logs/verb_classes_cola/spray_load
Timestamp: 2018/08/01 22:10:50
 
======== Data =======
Training set: 13345 examples
Validation set: 490 examples
Test set: 1902 examples
 
======= Parameters =======
Learning Rate: 0.000020
Batch Size: 32
Epochs: 1000
Patience: 20
Stages per Epoch: 2
Embedding: 100004 x 217
Number of layers: 3
Hidden Size: 93
Encoder Size: 528
Resume: True
 
======= Model =======
LinearClassifierWithEncoder(
  (model): LinearClassifier(
    (dropout): Dropout(p=0.5)
    (enc2h): Linear(in_features=1056, out_features=93, bias=True)
    (h20): Linear(in_features=93, out_features=1, bias=True)
    (sigmoid): Sigmoid()
    (tanh): Tanh()
    (softmax): Softmax()
  )
  (encoder): LSTMPoolingClassifierWithELMo(
    (elmo): ELMOClassifier(
      (lm): LSTMLanguageModel(
        (dropout): Dropout(p=0.2)
        (embedding): Embedding(100003, 217)
        (lstm): LSTM(217, 891, num_layers=2, dropout=0.2)
        (fc): Linear(in_features=891, out_features=100003, bias=True)
      )
      (lstms): ModuleList(
        (0): LSTM(217, 891, batch_first=True)
        (1): LSTM(891, 891, batch_first=True)
      )
      (dropout): Dropout(p=0.2)
      (linear_comb): Linear(in_features=2, out_features=1, bias=True)
      (fc1): Linear(in_features=891, out_features=528, bias=True)
      (relu): ReLU()
      (out): Linear(in_features=528, out_features=1, bias=True)
      (sigmoid): Sigmoid()
    )
    (pooling_classifier): LSTMPoolingClassifier(
      (ih2h): LSTM(891, 528, num_layers=3, batch_first=True, dropout=0.2, bidirectional=True)
      (pool2o): Linear(in_features=1056, out_features=1, bias=True)
      (sigmoid): Sigmoid()
      (softmax): Softmax()
      (dropout): Dropout(p=0.2)
    )
  )
)
 
========= Epoch 1 =========
209/418: Matthews 0.10463, Accuracy: 63.06122, Loss: 0.007302934
418/418: Matthews 0.09757, Accuracy: 61.02041, Loss: 0.007092408
 
Best Matthews: 0.10463, Best Accuracy: 63.06122, Best Loss: 0.007302934 at epoch 1
Time Elasped: 00:00:28
========= Epoch 2 =========
209/418: Matthews 0.10699, Accuracy: 61.63265, Loss: 0.007073329
418/418: Matthews 0.12109, Accuracy: 61.02041, Loss: 0.006947896
 
Best Matthews: 0.12109, Best Accuracy: 61.02041, Best Loss: 0.006947896 at epoch 2
Time Elasped: 00:00:52
========= Epoch 3 =========
209/418: Matthews 0.13298, Accuracy: 59.59184, Loss: 0.006755170
418/418: Matthews 0.12684, Accuracy: 60.00000, Loss: 0.006754014
 
Best Matthews: 0.13298, Best Accuracy: 59.59184, Best Loss: 0.006755170 at epoch 3
Time Elasped: 00:01:15
========= Epoch 4 =========
209/418: Matthews 0.14259, Accuracy: 57.95918, Loss: 0.006500194
418/418: Matthews 0.12875, Accuracy: 58.36735, Loss: 0.006544177
 
Best Matthews: 0.14259, Best Accuracy: 57.95918, Best Loss: 0.006500194 at epoch 4
Time Elasped: 00:01:38
========= Epoch 5 =========
209/418: Matthews 0.10777, Accuracy: 58.57143, Loss: 0.006595894
418/418: Matthews 0.10378, Accuracy: 55.71429, Loss: 0.006342179
 
Best Matthews: 0.14259, Best Accuracy: 57.95918, Best Loss: 0.006500194 at epoch 4
Time Elasped: 00:02:00
========= Epoch 6 =========
209/418: Matthews 0.10721, Accuracy: 54.69388, Loss: 0.006220604
418/418: Matthews 0.10307, Accuracy: 56.12245, Loss: 0.006275961
 
Best Matthews: 0.14259, Best Accuracy: 57.95918, Best Loss: 0.006500194 at epoch 4
Time Elasped: 00:02:21
========= Epoch 7 =========
209/418: Matthews 0.09632, Accuracy: 54.28571, Loss: 0.006151608
418/418: Matthews 0.10687, Accuracy: 55.91837, Loss: 0.006178294
 
Best Matthews: 0.14259, Best Accuracy: 57.95918, Best Loss: 0.006500194 at epoch 4
Time Elasped: 00:02:43
========= Epoch 8 =========
209/418: Matthews 0.09193, Accuracy: 53.67347, Loss: 0.006048002
418/418: Matthews 0.12171, Accuracy: 54.69388, Loss: 0.005989807
 
Best Matthews: 0.14259, Best Accuracy: 57.95918, Best Loss: 0.006500194 at epoch 4
Time Elasped: 00:03:04
========= Epoch 9 =========
209/418: Matthews 0.10290, Accuracy: 53.26531, Loss: 0.005913310
418/418: Matthews 0.08072, Accuracy: 53.87755, Loss: 0.006027977
 
Best Matthews: 0.14259, Best Accuracy: 57.95918, Best Loss: 0.006500194 at epoch 4
Time Elasped: 00:03:26
========= Epoch 10 =========
209/418: Matthews 0.10895, Accuracy: 54.48980, Loss: 0.005949016
418/418: Matthews 0.08150, Accuracy: 52.65306, Loss: 0.005893372
 
Best Matthews: 0.14259, Best Accuracy: 57.95918, Best Loss: 0.006500194 at epoch 4
Time Elasped: 00:03:48
========= Epoch 11 =========
209/418: Matthews 0.08409, Accuracy: 53.46939, Loss: 0.005927830
418/418: Matthews 0.09395, Accuracy: 54.28571, Loss: 0.005937347
 
Best Matthews: 0.14259, Best Accuracy: 57.95918, Best Loss: 0.006500194 at epoch 4
Time Elasped: 00:04:10
========= Epoch 12 =========
209/418: Matthews 0.07603, Accuracy: 52.44898, Loss: 0.005832860
418/418: Matthews 0.07172, Accuracy: 51.83673, Loss: 0.005801630
 
Best Matthews: 0.14259, Best Accuracy: 57.95918, Best Loss: 0.006500194 at epoch 4
Time Elasped: 00:04:31
========= Epoch 13 =========
209/418: Matthews 0.09326, Accuracy: 54.08163, Loss: 0.005863237
418/418: Matthews 0.06946, Accuracy: 52.65306, Loss: 0.005840366
 
Best Matthews: 0.14259, Best Accuracy: 57.95918, Best Loss: 0.006500194 at epoch 4
Time Elasped: 00:04:53
========= Epoch 14 =========
209/418: Matthews 0.06268, Accuracy: 52.04082, Loss: 0.005810957
418/418: Matthews 0.06814, Accuracy: 52.24490, Loss: 0.005792302
 
Best Matthews: 0.14259, Best Accuracy: 57.95918, Best Loss: 0.006500194 at epoch 4
Time Elasped: 00:05:15
========= Epoch 15 =========
209/418: Matthews 0.05580, Accuracy: 50.61224, Loss: 0.005703629
418/418: Matthews 0.06845, Accuracy: 53.06122, Loss: 0.005847605
 
Best Matthews: 0.14259, Best Accuracy: 57.95918, Best Loss: 0.006500194 at epoch 4
Time Elasped: 00:05:36
========= Epoch 16 =========
209/418: Matthews 0.06776, Accuracy: 52.85714, Loss: 0.005801613
418/418: Matthews 0.06203, Accuracy: 51.83673, Loss: 0.005724502
 
Best Matthews: 0.14259, Best Accuracy: 57.95918, Best Loss: 0.006500194 at epoch 4
Time Elasped: 00:05:58
========= Epoch 17 =========
209/418: Matthews 0.05417, Accuracy: 51.63265, Loss: 0.005713029
418/418: Matthews 0.06380, Accuracy: 51.63265, Loss: 0.005683204
 
Best Matthews: 0.14259, Best Accuracy: 57.95918, Best Loss: 0.006500194 at epoch 4
Time Elasped: 00:06:20
========= Epoch 18 =========
209/418: Matthews 0.04871, Accuracy: 51.42857, Loss: 0.005720979
418/418: Matthews 0.05790, Accuracy: 52.04082, Loss: 0.005726505
 
Best Matthews: 0.14259, Best Accuracy: 57.95918, Best Loss: 0.006500194 at epoch 4
Time Elasped: 00:06:41
========= Epoch 19 =========
209/418: Matthews 0.06138, Accuracy: 51.63265, Loss: 0.005664253
418/418: Matthews 0.00694, Accuracy: 47.55102, Loss: 0.005549826
 
Best Matthews: 0.14259, Best Accuracy: 57.95918, Best Loss: 0.006500194 at epoch 4
Time Elasped: 00:07:03
========= Epoch 20 =========
209/418: Matthews 0.05245, Accuracy: 51.83673, Loss: 0.005723037
418/418: Matthews 0.02937, Accuracy: 49.18367, Loss: 0.005573422
 
Best Matthews: 0.14259, Best Accuracy: 57.95918, Best Loss: 0.006500194 at epoch 4
Time Elasped: 00:07:24
========= Epoch 21 =========
209/418: Matthews 0.06203, Accuracy: 51.83673, Loss: 0.005665731
418/418: Matthews 0.04498, Accuracy: 51.02041, Loss: 0.005641544
 
Best Matthews: 0.14259, Best Accuracy: 57.95918, Best Loss: 0.006500194 at epoch 4
Time Elasped: 00:07:46
========= Epoch 22 =========
209/418: Matthews 0.06029, Accuracy: 52.04082, Loss: 0.005661902
418/418: Matthews 0.03895, Accuracy: 52.04082, Loss: 0.005767355
 
Best Matthews: 0.14259, Best Accuracy: 57.95918, Best Loss: 0.006500194 at epoch 4
Time Elasped: 00:08:08
========= Epoch 23 =========
209/418: Matthews 0.02656, Accuracy: 49.79592, Loss: 0.005588595
418/418: Matthews 0.01732, Accuracy: 49.18367, Loss: 0.005562357
 
Best Matthews: 0.14259, Best Accuracy: 57.95918, Best Loss: 0.006500194 at epoch 4
Time Elasped: 00:08:29
========= Epoch 24 =========
209/418: Matthews 0.03578, Accuracy: 50.40816, Loss: 0.005612540
418/418: Matthews 0.03203, Accuracy: 50.00000, Loss: 0.005558855
 
Best Matthews: 0.14259, Best Accuracy: 57.95918, Best Loss: 0.006500194 at epoch 4
Time Elasped: 00:08:51
========= Epoch 25 =========
Early Stopping activated
 
Best Matthews: 0.14259, Best Accuracy: 57.95918, Best Loss: 0.006500194 at epoch 4
Time Elasped: 00:09:03
Test Set:
0/0: Matthews 0.22271, Accuracy: 61.51420, Loss: 0.002497738
