Namespace(batch_size=32, buffer_size=1, by_source=False, crop_pad_length=30, data='./acceptability_corpus/verb_classes_cola/spray_load', data_type='discriminator', dropout=0.5, embedding='glove.6B.300d', embedding_path='/scratch/asw462/models/elmo_encoder/elmo.emb', embedding_size=217, encoder_num_layers=2, encoder_path='/scratch/asw462/models/elmo_encoder/elmo.pth', encoding_size=528, encoding_type='lstm_pooling_classifier', epochs=1000, evaluate_train=False, experiment_name='experiment_linear_classifier_h_170_l_4_lr_0.0002_e_217_do_0.5', glove=False, gpu=True, hidden_size=170, imbalance=True, learning_rate=0.00016, lm_path=None, logs_dir='/scratch/asw462/logs/verb_classes_cola/spray_load', max_pool=False, model='linear_classifier', num_layers=4, output_dir='/scratch/asw462/logs/verb_classes_cola/outputs/spray_load', patience=20, preprocess_tokenizer='space', prints_per_stage=1, resume=True, resume_file=None, save_loc='/scratch/asw462/models/verb_classes_cola/spray_load', seed=1111, should_not_log=False, should_not_lowercase=False, should_not_preprocess_data=False, stages_per_epoch=2, train_embeddings=False, train_evaluate_interval=10, vocab_file='/scratch/asw462/data/vocab_100k.tsv')
======== General =======
Model: linear_classifier
GPU: True
Experiment Name: experiment_linear_classifier_h_170_l_4_lr_0.0002_e_217_do_0.5
Save location: /scratch/asw462/models/verb_classes_cola/spray_load
Logs dir: /scratch/asw462/logs/verb_classes_cola/spray_load
Timestamp: 2018/08/01 22:07:30
 
======== Data =======
Training set: 13345 examples
Validation set: 490 examples
Test set: 1902 examples
 
======= Parameters =======
Learning Rate: 0.000160
Batch Size: 32
Epochs: 1000
Patience: 20
Stages per Epoch: 2
Embedding: 100004 x 217
Number of layers: 4
Hidden Size: 170
Encoder Size: 528
Resume: True
 
======= Model =======
LinearClassifierWithEncoder(
  (model): LinearClassifier(
    (dropout): Dropout(p=0.5)
    (enc2h): Linear(in_features=1056, out_features=170, bias=True)
    (h20): Linear(in_features=170, out_features=1, bias=True)
    (sigmoid): Sigmoid()
    (tanh): Tanh()
    (softmax): Softmax()
  )
  (encoder): LSTMPoolingClassifierWithELMo(
    (elmo): ELMOClassifier(
      (lm): LSTMLanguageModel(
        (dropout): Dropout(p=0.2)
        (embedding): Embedding(100003, 217)
        (lstm): LSTM(217, 891, num_layers=2, dropout=0.2)
        (fc): Linear(in_features=891, out_features=100003, bias=True)
      )
      (lstms): ModuleList(
        (0): LSTM(217, 891, batch_first=True)
        (1): LSTM(891, 891, batch_first=True)
      )
      (dropout): Dropout(p=0.2)
      (linear_comb): Linear(in_features=2, out_features=1, bias=True)
      (fc1): Linear(in_features=891, out_features=528, bias=True)
      (relu): ReLU()
      (out): Linear(in_features=528, out_features=1, bias=True)
      (sigmoid): Sigmoid()
    )
    (pooling_classifier): LSTMPoolingClassifier(
      (ih2h): LSTM(891, 528, num_layers=3, batch_first=True, dropout=0.2, bidirectional=True)
      (pool2o): Linear(in_features=1056, out_features=1, bias=True)
      (sigmoid): Sigmoid()
      (softmax): Softmax()
      (dropout): Dropout(p=0.2)
    )
  )
)
 
========= Epoch 1 =========
209/418: Matthews 0.09577, Accuracy: 51.42857, Loss: 0.005844509
418/418: Matthews 0.12653, Accuracy: 59.59184, Loss: 0.006374341
 
Best Matthews: 0.12653, Best Accuracy: 59.59184, Best Loss: 0.006374341 at epoch 1
Time Elasped: 00:00:28
========= Epoch 2 =========
209/418: Matthews 0.06029, Accuracy: 52.04082, Loss: 0.005558391
418/418: Matthews 0.03489, Accuracy: 49.38776, Loss: 0.005410817
 
Best Matthews: 0.12653, Best Accuracy: 59.59184, Best Loss: 0.006374341 at epoch 1
Time Elasped: 00:00:48
========= Epoch 3 =========
209/418: Matthews 0.05926, Accuracy: 52.44898, Loss: 0.005405974
418/418: Matthews 0.04350, Accuracy: 49.79592, Loss: 0.005217713
 
Best Matthews: 0.12653, Best Accuracy: 59.59184, Best Loss: 0.006374341 at epoch 1
Time Elasped: 00:01:09
========= Epoch 4 =========
209/418: Matthews 0.04060, Accuracy: 51.83673, Loss: 0.005308291
418/418: Matthews 0.03003, Accuracy: 49.38776, Loss: 0.005041177
 
Best Matthews: 0.12653, Best Accuracy: 59.59184, Best Loss: 0.006374341 at epoch 1
Time Elasped: 00:01:29
========= Epoch 5 =========
209/418: Matthews 0.01561, Accuracy: 51.42857, Loss: 0.005238407
418/418: Matthews -0.05256, Accuracy: 42.44898, Loss: 0.004689528
 
Best Matthews: 0.12653, Best Accuracy: 59.59184, Best Loss: 0.006374341 at epoch 1
Time Elasped: 00:01:50
========= Epoch 6 =========
209/418: Matthews -0.01298, Accuracy: 50.00000, Loss: 0.005300253
418/418: Matthews -0.00921, Accuracy: 50.40816, Loss: 0.005124501
 
Best Matthews: 0.12653, Best Accuracy: 59.59184, Best Loss: 0.006374341 at epoch 1
Time Elasped: 00:02:10
========= Epoch 7 =========
209/418: Matthews -0.02974, Accuracy: 48.57143, Loss: 0.005051012
418/418: Matthews -0.00401, Accuracy: 51.22449, Loss: 0.005303548
 
Best Matthews: 0.12653, Best Accuracy: 59.59184, Best Loss: 0.006374341 at epoch 1
Time Elasped: 00:02:30
========= Epoch 8 =========
209/418: Matthews -0.04804, Accuracy: 48.77551, Loss: 0.005233657
418/418: Matthews -0.03918, Accuracy: 44.28571, Loss: 0.004597422
 
Best Matthews: 0.12653, Best Accuracy: 59.59184, Best Loss: 0.006374341 at epoch 1
Time Elasped: 00:02:51
========= Epoch 9 =========
209/418: Matthews 0.00336, Accuracy: 46.53061, Loss: 0.004706701
418/418: Matthews -0.02588, Accuracy: 50.40816, Loss: 0.005164238
 
Best Matthews: 0.12653, Best Accuracy: 59.59184, Best Loss: 0.006374341 at epoch 1
Time Elasped: 00:03:11
========= Epoch 10 =========
209/418: Matthews -0.06048, Accuracy: 46.53061, Loss: 0.004800406
418/418: Matthews -0.02456, Accuracy: 49.38776, Loss: 0.005100373
 
Best Matthews: 0.12653, Best Accuracy: 59.59184, Best Loss: 0.006374341 at epoch 1
Time Elasped: 00:03:32
========= Epoch 11 =========
209/418: Matthews -0.06121, Accuracy: 45.71429, Loss: 0.004720739
418/418: Matthews -0.05733, Accuracy: 46.12245, Loss: 0.004697040
 
Best Matthews: 0.12653, Best Accuracy: 59.59184, Best Loss: 0.006374341 at epoch 1
Time Elasped: 00:03:52
========= Epoch 12 =========
209/418: Matthews -0.02387, Accuracy: 45.10204, Loss: 0.004473842
418/418: Matthews -0.03660, Accuracy: 47.95918, Loss: 0.004775712
 
Best Matthews: 0.12653, Best Accuracy: 59.59184, Best Loss: 0.006374341 at epoch 1
Time Elasped: 00:04:13
========= Epoch 13 =========
209/418: Matthews -0.02693, Accuracy: 49.38776, Loss: 0.004891417
418/418: Matthews -0.05193, Accuracy: 45.71429, Loss: 0.004478982
 
Best Matthews: 0.12653, Best Accuracy: 59.59184, Best Loss: 0.006374341 at epoch 1
Time Elasped: 00:04:33
========= Epoch 14 =========
209/418: Matthews -0.00425, Accuracy: 49.79592, Loss: 0.005016380
418/418: Matthews -0.04348, Accuracy: 47.34694, Loss: 0.004543357
 
Best Matthews: 0.12653, Best Accuracy: 59.59184, Best Loss: 0.006374341 at epoch 1
Time Elasped: 00:04:53
========= Epoch 15 =========
209/418: Matthews 0.01055, Accuracy: 52.65306, Loss: 0.005010593
418/418: Matthews -0.04127, Accuracy: 44.89796, Loss: 0.004227930
 
Best Matthews: 0.12653, Best Accuracy: 59.59184, Best Loss: 0.006374341 at epoch 1
Time Elasped: 00:05:14
========= Epoch 16 =========
209/418: Matthews -0.03237, Accuracy: 49.18367, Loss: 0.004790737
418/418: Matthews -0.06527, Accuracy: 42.24490, Loss: 0.004063496
 
Best Matthews: 0.12653, Best Accuracy: 59.59184, Best Loss: 0.006374341 at epoch 1
Time Elasped: 00:05:34
========= Epoch 17 =========
209/418: Matthews -0.04745, Accuracy: 47.55102, Loss: 0.004495034
418/418: Matthews -0.02041, Accuracy: 50.61224, Loss: 0.004964756
 
Best Matthews: 0.12653, Best Accuracy: 59.59184, Best Loss: 0.006374341 at epoch 1
Time Elasped: 00:05:55
========= Epoch 18 =========
209/418: Matthews -0.01255, Accuracy: 50.81633, Loss: 0.004875595
418/418: Matthews 0.01432, Accuracy: 53.67347, Loss: 0.005025955
 
Best Matthews: 0.12653, Best Accuracy: 59.59184, Best Loss: 0.006374341 at epoch 1
Time Elasped: 00:06:15
========= Epoch 19 =========
209/418: Matthews -0.01228, Accuracy: 50.20408, Loss: 0.004584186
418/418: Matthews -0.06194, Accuracy: 43.87755, Loss: 0.004073055
 
Best Matthews: 0.12653, Best Accuracy: 59.59184, Best Loss: 0.006374341 at epoch 1
Time Elasped: 00:06:35
========= Epoch 20 =========
209/418: Matthews -0.05652, Accuracy: 43.06122, Loss: 0.003847378
418/418: Matthews -0.06616, Accuracy: 44.48980, Loss: 0.004027205
 
Best Matthews: 0.12653, Best Accuracy: 59.59184, Best Loss: 0.006374341 at epoch 1
Time Elasped: 00:06:56
========= Epoch 21 =========
209/418: Matthews -0.00021, Accuracy: 51.63265, Loss: 0.004866743
418/418: Matthews -0.05130, Accuracy: 43.67347, Loss: 0.003825451
 
Best Matthews: 0.12653, Best Accuracy: 59.59184, Best Loss: 0.006374341 at epoch 1
Time Elasped: 00:07:16
========= Epoch 22 =========
Early Stopping activated
 
Best Matthews: 0.12653, Best Accuracy: 59.59184, Best Loss: 0.006374341 at epoch 1
Time Elasped: 00:07:28
Test Set:
0/0: Matthews 0.19708, Accuracy: 61.82965, Loss: 0.002569118
