Namespace(batch_size=32, buffer_size=1, by_source=False, crop_pad_length=30, data='./acceptability_corpus/verb_classes_cola/spray_load', data_type='discriminator', dropout=0.2, embedding='glove.6B.300d', embedding_path='/scratch/asw462/models/elmo_encoder/elmo.emb', embedding_size=217, encoder_num_layers=2, encoder_path='/scratch/asw462/models/elmo_encoder/elmo.pth', encoding_size=528, encoding_type='lstm_pooling_classifier', epochs=1000, evaluate_train=False, experiment_name='experiment_linear_classifier_h_128_l_4_lr_0.0001_e_217_do_0.2', glove=False, gpu=True, hidden_size=128, imbalance=True, learning_rate=0.0001, lm_path=None, logs_dir='/scratch/asw462/logs/verb_classes_cola/spray_load', max_pool=False, model='linear_classifier', num_layers=4, output_dir='/scratch/asw462/logs/verb_classes_cola/outputs/spray_load', patience=20, preprocess_tokenizer='space', prints_per_stage=1, resume=True, resume_file=None, save_loc='/scratch/asw462/models/verb_classes_cola/spray_load', seed=1111, should_not_log=False, should_not_lowercase=False, should_not_preprocess_data=False, stages_per_epoch=2, train_embeddings=False, train_evaluate_interval=10, vocab_file='/scratch/asw462/data/vocab_100k.tsv')
======== General =======
Model: linear_classifier
GPU: True
Experiment Name: experiment_linear_classifier_h_128_l_4_lr_0.0001_e_217_do_0.2
Save location: /scratch/asw462/models/verb_classes_cola/spray_load
Logs dir: /scratch/asw462/logs/verb_classes_cola/spray_load
Timestamp: 2018/08/01 20:12:58
 
======== Data =======
Training set: 13345 examples
Validation set: 490 examples
Test set: 1902 examples
 
======= Parameters =======
Learning Rate: 0.000100
Batch Size: 32
Epochs: 1000
Patience: 20
Stages per Epoch: 2
Embedding: 100004 x 217
Number of layers: 4
Hidden Size: 128
Encoder Size: 528
Resume: True
 
======= Model =======
LinearClassifierWithEncoder(
  (model): LinearClassifier(
    (dropout): Dropout(p=0.2)
    (enc2h): Linear(in_features=1056, out_features=128, bias=True)
    (h20): Linear(in_features=128, out_features=1, bias=True)
    (sigmoid): Sigmoid()
    (tanh): Tanh()
    (softmax): Softmax()
  )
  (encoder): LSTMPoolingClassifierWithELMo(
    (elmo): ELMOClassifier(
      (lm): LSTMLanguageModel(
        (dropout): Dropout(p=0.2)
        (embedding): Embedding(100003, 217)
        (lstm): LSTM(217, 891, num_layers=2, dropout=0.2)
        (fc): Linear(in_features=891, out_features=100003, bias=True)
      )
      (lstms): ModuleList(
        (0): LSTM(217, 891, batch_first=True)
        (1): LSTM(891, 891, batch_first=True)
      )
      (dropout): Dropout(p=0.2)
      (linear_comb): Linear(in_features=2, out_features=1, bias=True)
      (fc1): Linear(in_features=891, out_features=528, bias=True)
      (relu): ReLU()
      (out): Linear(in_features=528, out_features=1, bias=True)
      (sigmoid): Sigmoid()
    )
    (pooling_classifier): LSTMPoolingClassifier(
      (ih2h): LSTM(891, 528, num_layers=3, batch_first=True, dropout=0.2, bidirectional=True)
      (pool2o): Linear(in_features=1056, out_features=1, bias=True)
      (sigmoid): Sigmoid()
      (softmax): Softmax()
      (dropout): Dropout(p=0.2)
    )
  )
)
 
========= Epoch 1 =========
209/418: Matthews 0.14620, Accuracy: 55.51020, Loss: 0.006335167
418/418: Matthews 0.12597, Accuracy: 55.30612, Loss: 0.006044851
 
Best Matthews: 0.14620, Best Accuracy: 55.51020, Best Loss: 0.006335167 at epoch 1
Time Elasped: 00:00:24
========= Epoch 2 =========
209/418: Matthews 0.10225, Accuracy: 55.30612, Loss: 0.006047860
418/418: Matthews 0.01395, Accuracy: 46.73469, Loss: 0.005713104
 
Best Matthews: 0.14620, Best Accuracy: 55.51020, Best Loss: 0.006335167 at epoch 1
Time Elasped: 00:00:43
========= Epoch 3 =========
209/418: Matthews 0.06317, Accuracy: 51.42857, Loss: 0.005717498
418/418: Matthews 0.03645, Accuracy: 50.61224, Loss: 0.005800622
 
Best Matthews: 0.14620, Best Accuracy: 55.51020, Best Loss: 0.006335167 at epoch 1
Time Elasped: 00:01:02
========= Epoch 4 =========
209/418: Matthews 0.01630, Accuracy: 48.16327, Loss: 0.005621636
418/418: Matthews -0.02726, Accuracy: 42.65306, Loss: 0.005147183
 
Best Matthews: 0.14620, Best Accuracy: 55.51020, Best Loss: 0.006335167 at epoch 1
Time Elasped: 00:01:20
========= Epoch 5 =========
209/418: Matthews 0.04060, Accuracy: 51.83673, Loss: 0.005531589
418/418: Matthews 0.03554, Accuracy: 49.59184, Loss: 0.005472978
 
Best Matthews: 0.14620, Best Accuracy: 55.51020, Best Loss: 0.006335167 at epoch 1
Time Elasped: 00:01:39
========= Epoch 6 =========
209/418: Matthews 0.00259, Accuracy: 48.36735, Loss: 0.005484553
418/418: Matthews -0.00116, Accuracy: 52.04082, Loss: 0.005881898
 
Best Matthews: 0.14620, Best Accuracy: 55.51020, Best Loss: 0.006335167 at epoch 1
Time Elasped: 00:01:57
========= Epoch 7 =========
209/418: Matthews -0.01633, Accuracy: 50.40816, Loss: 0.005780354
418/418: Matthews 0.00448, Accuracy: 49.59184, Loss: 0.005496795
 
Best Matthews: 0.14620, Best Accuracy: 55.51020, Best Loss: 0.006335167 at epoch 1
Time Elasped: 00:02:16
========= Epoch 8 =========
209/418: Matthews -0.00401, Accuracy: 51.22449, Loss: 0.005743909
418/418: Matthews 0.00310, Accuracy: 51.22449, Loss: 0.005491408
 
Best Matthews: 0.14620, Best Accuracy: 55.51020, Best Loss: 0.006335167 at epoch 1
Time Elasped: 00:02:34
========= Epoch 9 =========
209/418: Matthews -0.01510, Accuracy: 49.38776, Loss: 0.005384038
418/418: Matthews -0.01493, Accuracy: 50.81633, Loss: 0.005616619
 
Best Matthews: 0.14620, Best Accuracy: 55.51020, Best Loss: 0.006335167 at epoch 1
Time Elasped: 00:02:53
========= Epoch 10 =========
209/418: Matthews -0.05287, Accuracy: 47.34694, Loss: 0.005337824
418/418: Matthews 0.04225, Accuracy: 49.38776, Loss: 0.005187397
 
Best Matthews: 0.14620, Best Accuracy: 55.51020, Best Loss: 0.006335167 at epoch 1
Time Elasped: 00:03:11
========= Epoch 11 =========
209/418: Matthews 0.00590, Accuracy: 50.00000, Loss: 0.005428627
418/418: Matthews 0.02503, Accuracy: 51.42857, Loss: 0.005280556
 
Best Matthews: 0.14620, Best Accuracy: 55.51020, Best Loss: 0.006335167 at epoch 1
Time Elasped: 00:03:30
========= Epoch 12 =========
209/418: Matthews 0.00288, Accuracy: 51.83673, Loss: 0.005603536
418/418: Matthews 0.02920, Accuracy: 48.36735, Loss: 0.004960319
 
Best Matthews: 0.14620, Best Accuracy: 55.51020, Best Loss: 0.006335167 at epoch 1
Time Elasped: 00:03:49
========= Epoch 13 =========
209/418: Matthews 0.00998, Accuracy: 51.83673, Loss: 0.005567810
418/418: Matthews -0.00921, Accuracy: 50.40816, Loss: 0.005538440
 
Best Matthews: 0.14620, Best Accuracy: 55.51020, Best Loss: 0.006335167 at epoch 1
Time Elasped: 00:04:07
========= Epoch 14 =========
209/418: Matthews -0.01842, Accuracy: 49.79592, Loss: 0.005439996
418/418: Matthews -0.01563, Accuracy: 50.61224, Loss: 0.005440883
 
Best Matthews: 0.14620, Best Accuracy: 55.51020, Best Loss: 0.006335167 at epoch 1
Time Elasped: 00:04:26
========= Epoch 15 =========
209/418: Matthews 0.01346, Accuracy: 50.81633, Loss: 0.005430604
418/418: Matthews 0.01158, Accuracy: 49.59184, Loss: 0.005071314
 
Best Matthews: 0.14620, Best Accuracy: 55.51020, Best Loss: 0.006335167 at epoch 1
Time Elasped: 00:04:44
========= Epoch 16 =========
209/418: Matthews 0.03306, Accuracy: 51.02041, Loss: 0.005104950
418/418: Matthews -0.01325, Accuracy: 50.61224, Loss: 0.005446603
 
Best Matthews: 0.14620, Best Accuracy: 55.51020, Best Loss: 0.006335167 at epoch 1
Time Elasped: 00:05:03
========= Epoch 17 =========
209/418: Matthews 0.03003, Accuracy: 49.38776, Loss: 0.004938717
418/418: Matthews 0.00567, Accuracy: 50.61224, Loss: 0.005305582
 
Best Matthews: 0.14620, Best Accuracy: 55.51020, Best Loss: 0.006335167 at epoch 1
Time Elasped: 00:05:21
========= Epoch 18 =========
209/418: Matthews 0.00543, Accuracy: 49.18367, Loss: 0.005119606
418/418: Matthews 0.03306, Accuracy: 51.02041, Loss: 0.005119421
 
Best Matthews: 0.14620, Best Accuracy: 55.51020, Best Loss: 0.006335167 at epoch 1
Time Elasped: 00:05:40
========= Epoch 19 =========
209/418: Matthews 0.00330, Accuracy: 48.57143, Loss: 0.004880945
418/418: Matthews 0.00690, Accuracy: 51.63265, Loss: 0.005527490
 
Best Matthews: 0.14620, Best Accuracy: 55.51020, Best Loss: 0.006335167 at epoch 1
Time Elasped: 00:05:58
========= Epoch 20 =========
209/418: Matthews 0.02032, Accuracy: 51.42857, Loss: 0.005093450
418/418: Matthews -0.00212, Accuracy: 50.40816, Loss: 0.005098792
 
Best Matthews: 0.14620, Best Accuracy: 55.51020, Best Loss: 0.006335167 at epoch 1
Time Elasped: 00:06:17
========= Epoch 21 =========
209/418: Matthews -0.01346, Accuracy: 49.18367, Loss: 0.005018894
418/418: Matthews 0.01355, Accuracy: 47.34694, Loss: 0.004740874
 
Best Matthews: 0.14620, Best Accuracy: 55.51020, Best Loss: 0.006335167 at epoch 1
Time Elasped: 00:06:36
========= Epoch 22 =========
Early Stopping activated
 
Best Matthews: 0.14620, Best Accuracy: 55.51020, Best Loss: 0.006335167 at epoch 1
Time Elasped: 00:06:46
Test Set:
0/0: Matthews 0.22531, Accuracy: 60.04206, Loss: 0.002434910
