Namespace(batch_size=32, buffer_size=1, by_source=False, crop_pad_length=30, data='./acceptability_corpus/verb_classes_cola/spray_load', data_type='discriminator', dropout=0.2, embedding='glove.6B.300d', embedding_path='/scratch/asw462/models/elmo_encoder/elmo.emb', embedding_size=217, encoder_num_layers=2, encoder_path='/scratch/asw462/models/elmo_encoder/elmo.pth', encoding_size=528, encoding_type='lstm_pooling_classifier', epochs=1000, evaluate_train=False, experiment_name='experiment_linear_classifier_h_132_l_2_lr_0.0000_e_217_do_0.2', glove=False, gpu=True, hidden_size=132, imbalance=True, learning_rate=3e-05, lm_path=None, logs_dir='/scratch/asw462/logs/verb_classes_cola/spray_load', max_pool=False, model='linear_classifier', num_layers=2, output_dir='/scratch/asw462/logs/verb_classes_cola/outputs/spray_load', patience=20, preprocess_tokenizer='space', prints_per_stage=1, resume=True, resume_file=None, save_loc='/scratch/asw462/models/verb_classes_cola/spray_load', seed=1111, should_not_log=False, should_not_lowercase=False, should_not_preprocess_data=False, stages_per_epoch=2, train_embeddings=False, train_evaluate_interval=10, vocab_file='/scratch/asw462/data/vocab_100k.tsv')
======== General =======
Model: linear_classifier
GPU: True
Experiment Name: experiment_linear_classifier_h_132_l_2_lr_0.0000_e_217_do_0.2
Save location: /scratch/asw462/models/verb_classes_cola/spray_load
Logs dir: /scratch/asw462/logs/verb_classes_cola/spray_load
Timestamp: 2018/08/01 20:12:39
 
======== Data =======
Training set: 13345 examples
Validation set: 490 examples
Test set: 1902 examples
 
======= Parameters =======
Learning Rate: 0.000030
Batch Size: 32
Epochs: 1000
Patience: 20
Stages per Epoch: 2
Embedding: 100004 x 217
Number of layers: 2
Hidden Size: 132
Encoder Size: 528
Resume: True
 
======= Model =======
LinearClassifierWithEncoder(
  (model): LinearClassifier(
    (dropout): Dropout(p=0.2)
    (enc2h): Linear(in_features=1056, out_features=132, bias=True)
    (h20): Linear(in_features=132, out_features=1, bias=True)
    (sigmoid): Sigmoid()
    (tanh): Tanh()
    (softmax): Softmax()
  )
  (encoder): LSTMPoolingClassifierWithELMo(
    (elmo): ELMOClassifier(
      (lm): LSTMLanguageModel(
        (dropout): Dropout(p=0.2)
        (embedding): Embedding(100003, 217)
        (lstm): LSTM(217, 891, num_layers=2, dropout=0.2)
        (fc): Linear(in_features=891, out_features=100003, bias=True)
      )
      (lstms): ModuleList(
        (0): LSTM(217, 891, batch_first=True)
        (1): LSTM(891, 891, batch_first=True)
      )
      (dropout): Dropout(p=0.2)
      (linear_comb): Linear(in_features=2, out_features=1, bias=True)
      (fc1): Linear(in_features=891, out_features=528, bias=True)
      (relu): ReLU()
      (out): Linear(in_features=528, out_features=1, bias=True)
      (sigmoid): Sigmoid()
    )
    (pooling_classifier): LSTMPoolingClassifier(
      (ih2h): LSTM(891, 528, num_layers=3, batch_first=True, dropout=0.2, bidirectional=True)
      (pool2o): Linear(in_features=1056, out_features=1, bias=True)
      (sigmoid): Sigmoid()
      (softmax): Softmax()
      (dropout): Dropout(p=0.2)
    )
  )
)
 
========= Epoch 1 =========
209/418: Matthews 0.10880, Accuracy: 63.67347, Loss: 0.007434358
418/418: Matthews 0.13301, Accuracy: 61.22449, Loss: 0.006896746
 
Best Matthews: 0.13301, Best Accuracy: 61.22449, Best Loss: 0.006896746 at epoch 1
Time Elasped: 00:00:28
========= Epoch 2 =========
209/418: Matthews 0.12098, Accuracy: 60.40816, Loss: 0.006794186
418/418: Matthews 0.13400, Accuracy: 58.97959, Loss: 0.006547613
 
Best Matthews: 0.13400, Best Accuracy: 58.97959, Best Loss: 0.006547613 at epoch 2
Time Elasped: 00:00:50
========= Epoch 3 =========
209/418: Matthews 0.13097, Accuracy: 58.36735, Loss: 0.006415162
418/418: Matthews 0.09193, Accuracy: 53.67347, Loss: 0.006248009
 
Best Matthews: 0.13400, Best Accuracy: 58.97959, Best Loss: 0.006547613 at epoch 2
Time Elasped: 00:01:10
========= Epoch 4 =========
209/418: Matthews 0.10146, Accuracy: 55.71429, Loss: 0.006259116
418/418: Matthews 0.09465, Accuracy: 54.48980, Loss: 0.006141435
 
Best Matthews: 0.13400, Best Accuracy: 58.97959, Best Loss: 0.006547613 at epoch 2
Time Elasped: 00:01:31
========= Epoch 5 =========
209/418: Matthews 0.06602, Accuracy: 49.79592, Loss: 0.005874106
418/418: Matthews 0.09450, Accuracy: 55.10204, Loss: 0.006119807
 
Best Matthews: 0.13400, Best Accuracy: 58.97959, Best Loss: 0.006547613 at epoch 2
Time Elasped: 00:01:51
========= Epoch 6 =========
209/418: Matthews 0.01645, Accuracy: 46.73469, Loss: 0.005760359
418/418: Matthews 0.05589, Accuracy: 49.79592, Loss: 0.005834815
 
Best Matthews: 0.13400, Best Accuracy: 58.97959, Best Loss: 0.006547613 at epoch 2
Time Elasped: 00:02:12
========= Epoch 7 =========
209/418: Matthews 0.08342, Accuracy: 53.26531, Loss: 0.005880444
418/418: Matthews 0.07252, Accuracy: 52.85714, Loss: 0.005931538
 
Best Matthews: 0.13400, Best Accuracy: 58.97959, Best Loss: 0.006547613 at epoch 2
Time Elasped: 00:02:32
========= Epoch 8 =========
209/418: Matthews 0.07626, Accuracy: 53.26531, Loss: 0.005855193
418/418: Matthews 0.09605, Accuracy: 55.51020, Loss: 0.006065774
 
Best Matthews: 0.13400, Best Accuracy: 58.97959, Best Loss: 0.006547613 at epoch 2
Time Elasped: 00:02:52
========= Epoch 9 =========
209/418: Matthews 0.03479, Accuracy: 53.46939, Loss: 0.006123178
418/418: Matthews 0.02805, Accuracy: 48.77551, Loss: 0.005698440
 
Best Matthews: 0.13400, Best Accuracy: 58.97959, Best Loss: 0.006547613 at epoch 2
Time Elasped: 00:03:13
========= Epoch 10 =========
209/418: Matthews 0.05832, Accuracy: 51.42857, Loss: 0.005796229
418/418: Matthews 0.02251, Accuracy: 48.57143, Loss: 0.005658579
 
Best Matthews: 0.13400, Best Accuracy: 58.97959, Best Loss: 0.006547613 at epoch 2
Time Elasped: 00:03:33
========= Epoch 11 =========
209/418: Matthews 0.05268, Accuracy: 53.87755, Loss: 0.006002284
418/418: Matthews 0.02739, Accuracy: 48.57143, Loss: 0.005650508
 
Best Matthews: 0.13400, Best Accuracy: 58.97959, Best Loss: 0.006547613 at epoch 2
Time Elasped: 00:03:54
========= Epoch 12 =========
209/418: Matthews 0.05028, Accuracy: 50.40816, Loss: 0.005721082
418/418: Matthews 0.04113, Accuracy: 52.65306, Loss: 0.005873526
 
Best Matthews: 0.13400, Best Accuracy: 58.97959, Best Loss: 0.006547613 at epoch 2
Time Elasped: 00:04:14
========= Epoch 13 =========
209/418: Matthews 0.01387, Accuracy: 48.16327, Loss: 0.005561981
418/418: Matthews 0.01492, Accuracy: 47.75510, Loss: 0.005563972
 
Best Matthews: 0.13400, Best Accuracy: 58.97959, Best Loss: 0.006547613 at epoch 2
Time Elasped: 00:04:34
========= Epoch 14 =========
209/418: Matthews 0.03306, Accuracy: 51.02041, Loss: 0.005670004
418/418: Matthews 0.02963, Accuracy: 50.00000, Loss: 0.005621205
 
Best Matthews: 0.13400, Best Accuracy: 58.97959, Best Loss: 0.006547613 at epoch 2
Time Elasped: 00:04:55
========= Epoch 15 =========
209/418: Matthews -0.00195, Accuracy: 47.75510, Loss: 0.005538170
418/418: Matthews 0.01889, Accuracy: 51.02041, Loss: 0.005696445
 
Best Matthews: 0.13400, Best Accuracy: 58.97959, Best Loss: 0.006547613 at epoch 2
Time Elasped: 00:05:15
========= Epoch 16 =========
209/418: Matthews 0.01817, Accuracy: 50.81633, Loss: 0.005666489
418/418: Matthews 0.03406, Accuracy: 50.61224, Loss: 0.005587023
 
Best Matthews: 0.13400, Best Accuracy: 58.97959, Best Loss: 0.006547613 at epoch 2
Time Elasped: 00:05:36
========= Epoch 17 =========
209/418: Matthews 0.00590, Accuracy: 50.00000, Loss: 0.005661428
418/418: Matthews 0.01561, Accuracy: 51.42857, Loss: 0.005795437
 
Best Matthews: 0.13400, Best Accuracy: 58.97959, Best Loss: 0.006547613 at epoch 2
Time Elasped: 00:05:56
========= Epoch 18 =========
209/418: Matthews 0.00116, Accuracy: 47.95918, Loss: 0.005472271
418/418: Matthews 0.02485, Accuracy: 50.00000, Loss: 0.005554741
 
Best Matthews: 0.13400, Best Accuracy: 58.97959, Best Loss: 0.006547613 at epoch 2
Time Elasped: 00:06:16
========= Epoch 19 =========
209/418: Matthews 0.01605, Accuracy: 50.20408, Loss: 0.005600905
418/418: Matthews -0.00394, Accuracy: 46.53061, Loss: 0.005360833
 
Best Matthews: 0.13400, Best Accuracy: 58.97959, Best Loss: 0.006547613 at epoch 2
Time Elasped: 00:06:37
========= Epoch 20 =========
209/418: Matthews 0.01133, Accuracy: 50.20408, Loss: 0.005630167
418/418: Matthews 0.01535, Accuracy: 50.00000, Loss: 0.005576880
 
Best Matthews: 0.13400, Best Accuracy: 58.97959, Best Loss: 0.006547613 at epoch 2
Time Elasped: 00:06:57
========= Epoch 21 =========
209/418: Matthews -0.00921, Accuracy: 50.40816, Loss: 0.005783912
418/418: Matthews -0.00567, Accuracy: 49.38776, Loss: 0.005624975
 
Best Matthews: 0.13400, Best Accuracy: 58.97959, Best Loss: 0.006547613 at epoch 2
Time Elasped: 00:07:18
========= Epoch 22 =========
209/418: Matthews -0.01960, Accuracy: 48.77551, Loss: 0.005698572
418/418: Matthews 0.00826, Accuracy: 50.00000, Loss: 0.005594750
 
Best Matthews: 0.13400, Best Accuracy: 58.97959, Best Loss: 0.006547613 at epoch 2
Time Elasped: 00:07:38
========= Epoch 23 =========
Early Stopping activated
 
Best Matthews: 0.13400, Best Accuracy: 58.97959, Best Loss: 0.006547613 at epoch 2
Time Elasped: 00:07:50
Test Set:
0/0: Matthews 0.22800, Accuracy: 62.72345, Loss: 0.002486621
