Namespace(batch_size=32, buffer_size=1, by_source=False, crop_pad_length=30, data='./acceptability_corpus/verb_classes_cola/spray_load', data_type='discriminator', dropout=0.2, embedding='glove.6B.300d', embedding_path='/scratch/asw462/models/elmo_encoder/elmo.emb', embedding_size=217, encoder_num_layers=2, encoder_path='/scratch/asw462/models/elmo_encoder/elmo.pth', encoding_size=528, encoding_type='lstm_pooling_classifier', epochs=1000, evaluate_train=False, experiment_name='experiment_linear_classifier_h_97_l_3_lr_0.0001_e_217_do_0.2', glove=False, gpu=True, hidden_size=97, imbalance=True, learning_rate=0.00014, lm_path=None, logs_dir='/scratch/asw462/logs/verb_classes_cola/spray_load', max_pool=False, model='linear_classifier', num_layers=3, output_dir='/scratch/asw462/logs/verb_classes_cola/outputs/spray_load', patience=20, preprocess_tokenizer='space', prints_per_stage=1, resume=True, resume_file=None, save_loc='/scratch/asw462/models/verb_classes_cola/spray_load', seed=1111, should_not_log=False, should_not_lowercase=False, should_not_preprocess_data=False, stages_per_epoch=2, train_embeddings=False, train_evaluate_interval=10, vocab_file='/scratch/asw462/data/vocab_100k.tsv')
======== General =======
Model: linear_classifier
GPU: True
Experiment Name: experiment_linear_classifier_h_97_l_3_lr_0.0001_e_217_do_0.2
Save location: /scratch/asw462/models/verb_classes_cola/spray_load
Logs dir: /scratch/asw462/logs/verb_classes_cola/spray_load
Timestamp: 2018/08/01 20:14:02
 
======== Data =======
Training set: 13345 examples
Validation set: 490 examples
Test set: 1902 examples
 
======= Parameters =======
Learning Rate: 0.000140
Batch Size: 32
Epochs: 1000
Patience: 20
Stages per Epoch: 2
Embedding: 100004 x 217
Number of layers: 3
Hidden Size: 97
Encoder Size: 528
Resume: True
 
======= Model =======
LinearClassifierWithEncoder(
  (model): LinearClassifier(
    (dropout): Dropout(p=0.2)
    (enc2h): Linear(in_features=1056, out_features=97, bias=True)
    (h20): Linear(in_features=97, out_features=1, bias=True)
    (sigmoid): Sigmoid()
    (tanh): Tanh()
    (softmax): Softmax()
  )
  (encoder): LSTMPoolingClassifierWithELMo(
    (elmo): ELMOClassifier(
      (lm): LSTMLanguageModel(
        (dropout): Dropout(p=0.2)
        (embedding): Embedding(100003, 217)
        (lstm): LSTM(217, 891, num_layers=2, dropout=0.2)
        (fc): Linear(in_features=891, out_features=100003, bias=True)
      )
      (lstms): ModuleList(
        (0): LSTM(217, 891, batch_first=True)
        (1): LSTM(891, 891, batch_first=True)
      )
      (dropout): Dropout(p=0.2)
      (linear_comb): Linear(in_features=2, out_features=1, bias=True)
      (fc1): Linear(in_features=891, out_features=528, bias=True)
      (relu): ReLU()
      (out): Linear(in_features=528, out_features=1, bias=True)
      (sigmoid): Sigmoid()
    )
    (pooling_classifier): LSTMPoolingClassifier(
      (ih2h): LSTM(891, 528, num_layers=3, batch_first=True, dropout=0.2, bidirectional=True)
      (pool2o): Linear(in_features=1056, out_features=1, bias=True)
      (sigmoid): Sigmoid()
      (softmax): Softmax()
      (dropout): Dropout(p=0.2)
    )
  )
)
 
========= Epoch 1 =========
209/418: Matthews 0.12287, Accuracy: 62.44898, Loss: 0.006983467
418/418: Matthews 0.08215, Accuracy: 52.04082, Loss: 0.006083115
 
Best Matthews: 0.12287, Best Accuracy: 62.44898, Best Loss: 0.006983467 at epoch 1
Time Elasped: 00:00:27
========= Epoch 2 =========
209/418: Matthews -0.00226, Accuracy: 46.32653, Loss: 0.005860846
418/418: Matthews 0.06741, Accuracy: 54.08163, Loss: 0.005842147
 
Best Matthews: 0.12287, Best Accuracy: 62.44898, Best Loss: 0.006983467 at epoch 1
Time Elasped: 00:00:47
========= Epoch 3 =========
209/418: Matthews 0.04978, Accuracy: 51.02041, Loss: 0.005676950
418/418: Matthews 0.02543, Accuracy: 54.69388, Loss: 0.006066741
 
Best Matthews: 0.12287, Best Accuracy: 62.44898, Best Loss: 0.006983467 at epoch 1
Time Elasped: 00:01:07
========= Epoch 4 =========
209/418: Matthews 0.01986, Accuracy: 53.87755, Loss: 0.006099184
418/418: Matthews 0.01698, Accuracy: 48.36735, Loss: 0.005414583
 
Best Matthews: 0.12287, Best Accuracy: 62.44898, Best Loss: 0.006983467 at epoch 1
Time Elasped: 00:01:27
========= Epoch 5 =========
209/418: Matthews 0.04582, Accuracy: 52.65306, Loss: 0.005552257
418/418: Matthews 0.02810, Accuracy: 51.63265, Loss: 0.005656093
 
Best Matthews: 0.12287, Best Accuracy: 62.44898, Best Loss: 0.006983467 at epoch 1
Time Elasped: 00:01:48
========= Epoch 6 =========
209/418: Matthews 0.03180, Accuracy: 49.18367, Loss: 0.005385081
418/418: Matthews 0.03511, Accuracy: 50.20408, Loss: 0.005435227
 
Best Matthews: 0.12287, Best Accuracy: 62.44898, Best Loss: 0.006983467 at epoch 1
Time Elasped: 00:02:08
========= Epoch 7 =========
209/418: Matthews 0.00567, Accuracy: 50.61224, Loss: 0.005640917
418/418: Matthews 0.01561, Accuracy: 51.42857, Loss: 0.005565599
 
Best Matthews: 0.12287, Best Accuracy: 62.44898, Best Loss: 0.006983467 at epoch 1
Time Elasped: 00:02:29
========= Epoch 8 =========
209/418: Matthews 0.01532, Accuracy: 47.14286, Loss: 0.005186494
418/418: Matthews 0.02477, Accuracy: 47.75510, Loss: 0.005062670
 
Best Matthews: 0.12287, Best Accuracy: 62.44898, Best Loss: 0.006983467 at epoch 1
Time Elasped: 00:02:49
========= Epoch 9 =========
209/418: Matthews -0.02009, Accuracy: 50.00000, Loss: 0.005498627
418/418: Matthews 0.03210, Accuracy: 51.42857, Loss: 0.005346614
 
Best Matthews: 0.12287, Best Accuracy: 62.44898, Best Loss: 0.006983467 at epoch 1
Time Elasped: 00:03:09
========= Epoch 10 =========
209/418: Matthews -0.01561, Accuracy: 48.57143, Loss: 0.005184729
418/418: Matthews 0.02896, Accuracy: 49.79592, Loss: 0.005026442
 
Best Matthews: 0.12287, Best Accuracy: 62.44898, Best Loss: 0.006983467 at epoch 1
Time Elasped: 00:03:30
========= Epoch 11 =========
209/418: Matthews 0.03016, Accuracy: 52.85714, Loss: 0.005556924
418/418: Matthews 0.02726, Accuracy: 47.75510, Loss: 0.004844904
 
Best Matthews: 0.12287, Best Accuracy: 62.44898, Best Loss: 0.006983467 at epoch 1
Time Elasped: 00:03:50
========= Epoch 12 =========
209/418: Matthews 0.01941, Accuracy: 48.36735, Loss: 0.004899691
418/418: Matthews 0.02404, Accuracy: 46.73469, Loss: 0.004720633
 
Best Matthews: 0.12287, Best Accuracy: 62.44898, Best Loss: 0.006983467 at epoch 1
Time Elasped: 00:04:10
========= Epoch 13 =========
209/418: Matthews 0.01147, Accuracy: 46.73469, Loss: 0.004814616
418/418: Matthews 0.03104, Accuracy: 48.16327, Loss: 0.004827079
 
Best Matthews: 0.12287, Best Accuracy: 62.44898, Best Loss: 0.006983467 at epoch 1
Time Elasped: 00:04:31
========= Epoch 14 =========
209/418: Matthews -0.02014, Accuracy: 47.95918, Loss: 0.004863761
418/418: Matthews 0.02793, Accuracy: 52.24490, Loss: 0.005271229
 
Best Matthews: 0.12287, Best Accuracy: 62.44898, Best Loss: 0.006983467 at epoch 1
Time Elasped: 00:04:51
========= Epoch 15 =========
209/418: Matthews -0.01255, Accuracy: 50.81633, Loss: 0.005378537
418/418: Matthews 0.00998, Accuracy: 51.83673, Loss: 0.005262136
 
Best Matthews: 0.12287, Best Accuracy: 62.44898, Best Loss: 0.006983467 at epoch 1
Time Elasped: 00:05:11
========= Epoch 16 =========
209/418: Matthews 0.00757, Accuracy: 46.32653, Loss: 0.004620803
418/418: Matthews 0.03139, Accuracy: 51.22449, Loss: 0.004863322
 
Best Matthews: 0.12287, Best Accuracy: 62.44898, Best Loss: 0.006983467 at epoch 1
Time Elasped: 00:05:32
========= Epoch 17 =========
209/418: Matthews -0.00474, Accuracy: 48.97959, Loss: 0.004898249
418/418: Matthews -0.00401, Accuracy: 51.22449, Loss: 0.005018272
 
Best Matthews: 0.12287, Best Accuracy: 62.44898, Best Loss: 0.006983467 at epoch 1
Time Elasped: 00:05:52
========= Epoch 18 =========
209/418: Matthews -0.01986, Accuracy: 46.12245, Loss: 0.004449214
418/418: Matthews 0.01835, Accuracy: 48.77551, Loss: 0.004560591
 
Best Matthews: 0.12287, Best Accuracy: 62.44898, Best Loss: 0.006983467 at epoch 1
Time Elasped: 00:06:12
========= Epoch 19 =========
209/418: Matthews -0.00164, Accuracy: 51.22449, Loss: 0.005104169
418/418: Matthews 0.02304, Accuracy: 53.46939, Loss: 0.005302406
 
Best Matthews: 0.12287, Best Accuracy: 62.44898, Best Loss: 0.006983467 at epoch 1
Time Elasped: 00:06:33
========= Epoch 20 =========
209/418: Matthews 0.02318, Accuracy: 48.77551, Loss: 0.004639301
418/418: Matthews -0.02456, Accuracy: 49.38776, Loss: 0.005009589
 
Best Matthews: 0.12287, Best Accuracy: 62.44898, Best Loss: 0.006983467 at epoch 1
Time Elasped: 00:06:53
========= Epoch 21 =========
209/418: Matthews 0.02861, Accuracy: 50.40816, Loss: 0.004718770
418/418: Matthews -0.01346, Accuracy: 45.91837, Loss: 0.004420799
 
Best Matthews: 0.12287, Best Accuracy: 62.44898, Best Loss: 0.006983467 at epoch 1
Time Elasped: 00:07:13
========= Epoch 22 =========
Early Stopping activated
 
Best Matthews: 0.12287, Best Accuracy: 62.44898, Best Loss: 0.006983467 at epoch 1
Time Elasped: 00:07:25
Test Set:
0/0: Matthews 0.23500, Accuracy: 64.87907, Loss: 0.002680535
