Namespace(batch_size=32, buffer_size=1, by_source=False, crop_pad_length=30, data='./acceptability_corpus/verb_classes/combined', data_type='discriminator', dropout=0.2, embedding='glove.6B.300d', embedding_path='/scratch/asw462/models/elmo_encoder/elmo.emb', embedding_size=217, encoder_num_layers=2, encoder_path='/scratch/asw462/models/elmo_encoder/elmo.pth', encoding_size=528, encoding_type='lstm_pooling_classifier', epochs=1000, evaluate_train=False, experiment_name='experiment_linear_classifier_h_117_l_4_lr_0.0000_e_217_do_0.2', glove=False, gpu=True, hidden_size=117, imbalance=True, learning_rate=3e-05, lm_path=None, logs_dir='/scratch/asw462/logs/verb_classes/combined', max_pool=False, model='linear_classifier', num_layers=4, output_dir='/scratch/asw462/logs/verb_classes/outputs/combined', patience=20, preprocess_tokenizer='space', prints_per_stage=1, resume=True, resume_file=None, save_loc='/scratch/asw462/models/verb_classes/combined', seed=1111, should_not_log=False, should_not_lowercase=False, should_not_preprocess_data=False, stages_per_epoch=2, train_embeddings=False, train_evaluate_interval=10, vocab_file='/scratch/asw462/data/vocab_100k.tsv')
======== General =======
Model: linear_classifier
GPU: True
Experiment Name: experiment_linear_classifier_h_117_l_4_lr_0.0000_e_217_do_0.2
Save location: /scratch/asw462/models/verb_classes/combined
Logs dir: /scratch/asw462/logs/verb_classes/combined
Timestamp: 2018/08/02 04:16:50
 
======== Data =======
Training set: 4838 examples
Validation set: 968 examples
Test set: 3608 examples
 
======= Parameters =======
Learning Rate: 0.000030
Batch Size: 32
Epochs: 1000
Patience: 20
Stages per Epoch: 2
Embedding: 100004 x 217
Number of layers: 4
Hidden Size: 117
Encoder Size: 528
Resume: True
 
======= Model =======
LinearClassifierWithEncoder(
  (model): LinearClassifier(
    (dropout): Dropout(p=0.2)
    (enc2h): Linear(in_features=1056, out_features=117, bias=True)
    (h20): Linear(in_features=117, out_features=1, bias=True)
    (sigmoid): Sigmoid()
    (tanh): Tanh()
    (softmax): Softmax()
  )
  (encoder): LSTMPoolingClassifierWithELMo(
    (elmo): ELMOClassifier(
      (lm): LSTMLanguageModel(
        (dropout): Dropout(p=0.2)
        (embedding): Embedding(100003, 217)
        (lstm): LSTM(217, 891, num_layers=2, dropout=0.2)
        (fc): Linear(in_features=891, out_features=100003, bias=True)
      )
      (lstms): ModuleList(
        (0): LSTM(217, 891, batch_first=True)
        (1): LSTM(891, 891, batch_first=True)
      )
      (dropout): Dropout(p=0.2)
      (linear_comb): Linear(in_features=2, out_features=1, bias=True)
      (fc1): Linear(in_features=891, out_features=528, bias=True)
      (relu): ReLU()
      (out): Linear(in_features=528, out_features=1, bias=True)
      (sigmoid): Sigmoid()
    )
    (pooling_classifier): LSTMPoolingClassifier(
      (ih2h): LSTM(891, 528, num_layers=3, batch_first=True, dropout=0.2, bidirectional=True)
      (pool2o): Linear(in_features=1056, out_features=1, bias=True)
      (sigmoid): Sigmoid()
      (softmax): Softmax()
      (dropout): Dropout(p=0.2)
    )
  )
)
 
========= Epoch 1 =========
76/152: Matthews 0.16208, Accuracy: 61.46694, Loss: 0.002160021
Namespace(batch_size=32, buffer_size=1, by_source=False, crop_pad_length=30, data='./acceptability_corpus/verb_classes/combined', data_type='discriminator', dropout=0.2, embedding='glove.6B.300d', embedding_path='/scratch/asw462/models/elmo_encoder/elmo.emb', embedding_size=217, encoder_num_layers=2, encoder_path='/scratch/asw462/models/elmo_encoder/elmo.pth', encoding_size=528, encoding_type='lstm_pooling_classifier', epochs=1000, evaluate_train=False, experiment_name='experiment_linear_classifier_h_117_l_4_lr_0.0000_e_217_do_0.2', glove=False, gpu=True, hidden_size=117, imbalance=True, learning_rate=3e-05, lm_path=None, logs_dir='/scratch/asw462/logs/verb_classes/combined', max_pool=False, model='linear_classifier', num_layers=4, output_dir='/scratch/asw462/logs/verb_classes/outputs/combined', patience=20, preprocess_tokenizer='space', prints_per_stage=1, resume=True, resume_file=None, save_loc='/scratch/asw462/models/verb_classes/combined', seed=1111, should_not_log=False, should_not_lowercase=False, should_not_preprocess_data=False, stages_per_epoch=2, train_embeddings=False, train_evaluate_interval=10, vocab_file='/scratch/asw462/data/vocab_100k.tsv')
======== General =======
Model: linear_classifier
GPU: True
Experiment Name: experiment_linear_classifier_h_117_l_4_lr_0.0000_e_217_do_0.2
Save location: /scratch/asw462/models/verb_classes/combined
Logs dir: /scratch/asw462/logs/verb_classes/combined
Timestamp: 2018/08/02 04:19:29
 
======== Data =======
Training set: 4838 examples
Validation set: 968 examples
Test set: 3608 examples
 
======= Parameters =======
Learning Rate: 0.000030
Batch Size: 32
Epochs: 1000
Patience: 20
Stages per Epoch: 2
Embedding: 100004 x 217
Number of layers: 4
Hidden Size: 117
Encoder Size: 528
Resume: True
 
======= Model =======
LinearClassifierWithEncoder(
  (model): LinearClassifier(
    (dropout): Dropout(p=0.2)
    (enc2h): Linear(in_features=1056, out_features=117, bias=True)
    (h20): Linear(in_features=117, out_features=1, bias=True)
    (sigmoid): Sigmoid()
    (tanh): Tanh()
    (softmax): Softmax()
  )
  (encoder): LSTMPoolingClassifierWithELMo(
    (elmo): ELMOClassifier(
      (lm): LSTMLanguageModel(
        (dropout): Dropout(p=0.2)
        (embedding): Embedding(100003, 217)
        (lstm): LSTM(217, 891, num_layers=2, dropout=0.2)
        (fc): Linear(in_features=891, out_features=100003, bias=True)
      )
      (lstms): ModuleList(
        (0): LSTM(217, 891, batch_first=True)
        (1): LSTM(891, 891, batch_first=True)
      )
      (dropout): Dropout(p=0.2)
      (linear_comb): Linear(in_features=2, out_features=1, bias=True)
      (fc1): Linear(in_features=891, out_features=528, bias=True)
      (relu): ReLU()
      (out): Linear(in_features=528, out_features=1, bias=True)
      (sigmoid): Sigmoid()
    )
    (pooling_classifier): LSTMPoolingClassifier(
      (ih2h): LSTM(891, 528, num_layers=3, batch_first=True, dropout=0.2, bidirectional=True)
      (pool2o): Linear(in_features=1056, out_features=1, bias=True)
      (sigmoid): Sigmoid()
      (softmax): Softmax()
      (dropout): Dropout(p=0.2)
    )
  )
)
 
========= Epoch 2 =========
76/152: Matthews 0.13935, Accuracy: 58.57438, Loss: 0.001813185
152/152: Matthews 0.13331, Accuracy: 62.39669, Loss: 0.001687662
 
Best Matthews: 0.16208, Best Accuracy: 61.46694, Best Loss: 0.002160021 at epoch 1
Time Elasped: 00:00:15
========= Epoch 3 =========
76/152: Matthews 0.13657, Accuracy: 58.36777, Loss: 0.001626013
152/152: Matthews 0.13839, Accuracy: 57.85124, Loss: 0.001593059
 
Best Matthews: 0.16208, Best Accuracy: 61.46694, Best Loss: 0.002160021 at epoch 1
Time Elasped: 00:00:23
========= Epoch 4 =========
76/152: Matthews 0.14510, Accuracy: 56.19835, Loss: 0.001615734
152/152: Matthews 0.13525, Accuracy: 57.74793, Loss: 0.001583617
 
Best Matthews: 0.16208, Best Accuracy: 61.46694, Best Loss: 0.002160021 at epoch 1
Time Elasped: 00:00:32
========= Epoch 5 =========
76/152: Matthews 0.13493, Accuracy: 54.85537, Loss: 0.001604044
152/152: Matthews 0.14557, Accuracy: 56.92149, Loss: 0.001644218
 
Best Matthews: 0.16208, Best Accuracy: 61.46694, Best Loss: 0.002160021 at epoch 1
Time Elasped: 00:00:41
========= Epoch 6 =========
76/152: Matthews 0.14013, Accuracy: 56.09504, Loss: 0.001685021
152/152: Matthews 0.14465, Accuracy: 56.71488, Loss: 0.001623221
 
Best Matthews: 0.16208, Best Accuracy: 61.46694, Best Loss: 0.002160021 at epoch 1
Time Elasped: 00:00:50
========= Epoch 7 =========
76/152: Matthews 0.13702, Accuracy: 55.57851, Loss: 0.001659687
152/152: Matthews 0.13293, Accuracy: 55.68182, Loss: 0.001673370
 
Best Matthews: 0.16208, Best Accuracy: 61.46694, Best Loss: 0.002160021 at epoch 1
Time Elasped: 00:00:59
========= Epoch 8 =========
76/152: Matthews 0.13563, Accuracy: 55.88843, Loss: 0.001718516
152/152: Matthews 0.12527, Accuracy: 55.78512, Loss: 0.001616376
 
Best Matthews: 0.16208, Best Accuracy: 61.46694, Best Loss: 0.002160021 at epoch 1
Time Elasped: 00:01:08
========= Epoch 9 =========
76/152: Matthews 0.12590, Accuracy: 54.44215, Loss: 0.001744795
152/152: Matthews 0.14389, Accuracy: 57.33471, Loss: 0.001628108
 
Best Matthews: 0.16208, Best Accuracy: 61.46694, Best Loss: 0.002160021 at epoch 1
Time Elasped: 00:01:17
========= Epoch 10 =========
76/152: Matthews 0.14283, Accuracy: 54.75207, Loss: 0.001707263
152/152: Matthews 0.13663, Accuracy: 55.26860, Loss: 0.001622054
 
Best Matthews: 0.16208, Best Accuracy: 61.46694, Best Loss: 0.002160021 at epoch 1
Time Elasped: 00:01:26
========= Epoch 11 =========
76/152: Matthews 0.13512, Accuracy: 53.71901, Loss: 0.001718188
152/152: Matthews 0.14014, Accuracy: 56.50826, Loss: 0.001651282
 
Best Matthews: 0.16208, Best Accuracy: 61.46694, Best Loss: 0.002160021 at epoch 1
Time Elasped: 00:01:35
========= Epoch 12 =========
76/152: Matthews 0.14046, Accuracy: 54.85537, Loss: 0.001663051
152/152: Matthews 0.15817, Accuracy: 57.33471, Loss: 0.001774652
 
Best Matthews: 0.16208, Best Accuracy: 61.46694, Best Loss: 0.002160021 at epoch 1
Time Elasped: 00:01:44
========= Epoch 13 =========
76/152: Matthews 0.16654, Accuracy: 55.57851, Loss: 0.001690094
152/152: Matthews 0.17712, Accuracy: 57.54132, Loss: 0.001701091
 
Best Matthews: 0.17712, Best Accuracy: 57.54132, Best Loss: 0.001701091 at epoch 13
Time Elasped: 00:01:56
========= Epoch 14 =========
76/152: Matthews 0.18069, Accuracy: 57.95455, Loss: 0.001709404
152/152: Matthews 0.15823, Accuracy: 54.33884, Loss: 0.001681944
 
Best Matthews: 0.18069, Best Accuracy: 57.95455, Best Loss: 0.001709404 at epoch 14
Time Elasped: 00:02:06
========= Epoch 15 =========
76/152: Matthews 0.18225, Accuracy: 57.23140, Loss: 0.001698855
152/152: Matthews 0.18309, Accuracy: 57.43802, Loss: 0.001752978
 
Best Matthews: 0.18309, Best Accuracy: 57.43802, Best Loss: 0.001752978 at epoch 15
Time Elasped: 00:02:18
========= Epoch 16 =========
76/152: Matthews 0.21233, Accuracy: 60.22727, Loss: 0.001748764
152/152: Matthews 0.18492, Accuracy: 57.43802, Loss: 0.001706731
 
Best Matthews: 0.21233, Best Accuracy: 60.22727, Best Loss: 0.001748764 at epoch 16
Time Elasped: 00:02:29
========= Epoch 17 =========
76/152: Matthews 0.18760, Accuracy: 57.64463, Loss: 0.001744544
152/152: Matthews 0.19261, Accuracy: 57.74793, Loss: 0.001679614
 
Best Matthews: 0.21233, Best Accuracy: 60.22727, Best Loss: 0.001748764 at epoch 16
Time Elasped: 00:02:37
========= Epoch 18 =========
76/152: Matthews 0.18316, Accuracy: 55.99174, Loss: 0.001734861
152/152: Matthews 0.20458, Accuracy: 59.50413, Loss: 0.001674451
 
Best Matthews: 0.21233, Best Accuracy: 60.22727, Best Loss: 0.001748764 at epoch 16
Time Elasped: 00:02:46
========= Epoch 19 =========
76/152: Matthews 0.21149, Accuracy: 58.78099, Loss: 0.001757382
152/152: Matthews 0.21517, Accuracy: 58.78099, Loss: 0.001689943
 
Best Matthews: 0.21517, Best Accuracy: 58.78099, Best Loss: 0.001689943 at epoch 19
Time Elasped: 00:02:57
========= Epoch 20 =========
76/152: Matthews 0.22668, Accuracy: 60.64050, Loss: 0.001656178
152/152: Matthews 0.20826, Accuracy: 57.95455, Loss: 0.001666688
 
Best Matthews: 0.22668, Best Accuracy: 60.64050, Best Loss: 0.001656178 at epoch 20
Time Elasped: 00:03:07
========= Epoch 21 =========
76/152: Matthews 0.22051, Accuracy: 59.19421, Loss: 0.001782587
152/152: Matthews 0.23331, Accuracy: 61.67355, Loss: 0.001649504
 
Best Matthews: 0.23331, Best Accuracy: 61.67355, Best Loss: 0.001649504 at epoch 21
Time Elasped: 00:03:18
========= Epoch 22 =========
76/152: Matthews 0.23792, Accuracy: 60.95041, Loss: 0.001800164
152/152: Matthews 0.22238, Accuracy: 58.47107, Loss: 0.001598786
 
Best Matthews: 0.23792, Best Accuracy: 60.95041, Best Loss: 0.001800164 at epoch 22
Time Elasped: 00:03:28
========= Epoch 23 =========
76/152: Matthews 0.25414, Accuracy: 61.36364, Loss: 0.001714291
152/152: Matthews 0.23907, Accuracy: 59.91736, Loss: 0.001660208
 
Best Matthews: 0.25414, Best Accuracy: 61.36364, Best Loss: 0.001714291 at epoch 23
Time Elasped: 00:03:39
========= Epoch 24 =========
76/152: Matthews 0.23937, Accuracy: 61.46694, Loss: 0.001560239
152/152: Matthews 0.23428, Accuracy: 59.40083, Loss: 0.001716412
 
Best Matthews: 0.25414, Best Accuracy: 61.36364, Best Loss: 0.001714291 at epoch 23
Time Elasped: 00:03:48
========= Epoch 25 =========
76/152: Matthews 0.23375, Accuracy: 59.50413, Loss: 0.001542572
152/152: Matthews 0.23959, Accuracy: 59.81405, Loss: 0.001679246
 
Best Matthews: 0.25414, Best Accuracy: 61.36364, Best Loss: 0.001714291 at epoch 23
Time Elasped: 00:03:57
========= Epoch 26 =========
76/152: Matthews 0.25459, Accuracy: 61.67355, Loss: 0.001587600
152/152: Matthews 0.25145, Accuracy: 61.15702, Loss: 0.001457957
 
Best Matthews: 0.25459, Best Accuracy: 61.67355, Best Loss: 0.001587600 at epoch 26
Time Elasped: 00:04:07
========= Epoch 27 =========
76/152: Matthews 0.26095, Accuracy: 62.29339, Loss: 0.001538874
152/152: Matthews 0.26095, Accuracy: 62.29339, Loss: 0.001667266
 
Best Matthews: 0.26095, Best Accuracy: 62.29339, Best Loss: 0.001538874 at epoch 27
Time Elasped: 00:04:18
========= Epoch 28 =========
76/152: Matthews 0.22792, Accuracy: 58.16116, Loss: 0.001584116
152/152: Matthews 0.24040, Accuracy: 60.02066, Loss: 0.001440203
 
Best Matthews: 0.26095, Best Accuracy: 62.29339, Best Loss: 0.001538874 at epoch 27
Time Elasped: 00:04:27
========= Epoch 29 =========
76/152: Matthews 0.23274, Accuracy: 58.98760, Loss: 0.001509978
152/152: Matthews 0.25909, Accuracy: 61.88017, Loss: 0.001438790
 
Best Matthews: 0.26095, Best Accuracy: 62.29339, Best Loss: 0.001538874 at epoch 27
Time Elasped: 00:04:35
========= Epoch 30 =========
76/152: Matthews 0.26724, Accuracy: 62.50000, Loss: 0.001509846
152/152: Matthews 0.24676, Accuracy: 60.22727, Loss: 0.001545739
 
Best Matthews: 0.26724, Best Accuracy: 62.50000, Best Loss: 0.001509846 at epoch 30
Time Elasped: 00:04:46
========= Epoch 31 =========
76/152: Matthews 0.27115, Accuracy: 63.32645, Loss: 0.001470733
152/152: Matthews 0.26877, Accuracy: 63.01653, Loss: 0.001465052
 
Best Matthews: 0.27115, Best Accuracy: 63.32645, Best Loss: 0.001470733 at epoch 31
Time Elasped: 00:04:57
========= Epoch 32 =========
76/152: Matthews 0.23938, Accuracy: 60.22727, Loss: 0.001487347
152/152: Matthews 0.26724, Accuracy: 62.50000, Loss: 0.001226963
 
Best Matthews: 0.27115, Best Accuracy: 63.32645, Best Loss: 0.001470733 at epoch 31
Time Elasped: 00:05:06
========= Epoch 33 =========
76/152: Matthews 0.26724, Accuracy: 62.50000, Loss: 0.001226009
152/152: Matthews 0.26095, Accuracy: 62.29339, Loss: 0.001451083
 
Best Matthews: 0.27115, Best Accuracy: 63.32645, Best Loss: 0.001470733 at epoch 31
Time Elasped: 00:05:15
========= Epoch 34 =========
76/152: Matthews 0.27704, Accuracy: 63.63636, Loss: 0.001382892
152/152: Matthews 0.27741, Accuracy: 63.53306, Loss: 0.001394255
 
Best Matthews: 0.27741, Best Accuracy: 63.53306, Best Loss: 0.001394255 at epoch 34
Time Elasped: 00:05:27
========= Epoch 35 =========
76/152: Matthews 0.27053, Accuracy: 63.01653, Loss: 0.001384056
152/152: Matthews 0.26135, Accuracy: 61.77686, Loss: 0.001449584
 
Best Matthews: 0.27741, Best Accuracy: 63.53306, Best Loss: 0.001394255 at epoch 34
Time Elasped: 00:05:36
========= Epoch 36 =========
76/152: Matthews 0.27669, Accuracy: 63.73967, Loss: 0.001366004
152/152: Matthews 0.25692, Accuracy: 61.15702, Loss: 0.001305419
 
Best Matthews: 0.27741, Best Accuracy: 63.53306, Best Loss: 0.001394255 at epoch 34
Time Elasped: 00:05:45
========= Epoch 37 =========
76/152: Matthews 0.27808, Accuracy: 63.84298, Loss: 0.001244646
152/152: Matthews 0.27270, Accuracy: 62.91322, Loss: 0.001389431
 
Best Matthews: 0.27808, Best Accuracy: 63.84298, Best Loss: 0.001244646 at epoch 37
Time Elasped: 00:05:55
========= Epoch 38 =========
76/152: Matthews 0.27808, Accuracy: 63.84298, Loss: 0.001321926
152/152: Matthews 0.25608, Accuracy: 60.95041, Loss: 0.001358522
 
Best Matthews: 0.27808, Best Accuracy: 63.84298, Best Loss: 0.001244646 at epoch 37
Time Elasped: 00:06:04
========= Epoch 39 =========
76/152: Matthews 0.27680, Accuracy: 63.22314, Loss: 0.001314433
152/152: Matthews 0.25260, Accuracy: 60.53719, Loss: 0.001319019
 
Best Matthews: 0.27808, Best Accuracy: 63.84298, Best Loss: 0.001244646 at epoch 37
Time Elasped: 00:06:13
========= Epoch 40 =========
76/152: Matthews 0.26855, Accuracy: 62.19008, Loss: 0.001275976
152/152: Matthews 0.25742, Accuracy: 61.05372, Loss: 0.001277556
 
Best Matthews: 0.27808, Best Accuracy: 63.84298, Best Loss: 0.001244646 at epoch 37
Time Elasped: 00:06:22
========= Epoch 41 =========
76/152: Matthews 0.25461, Accuracy: 61.26033, Loss: 0.001565059
152/152: Matthews 0.27054, Accuracy: 64.04959, Loss: 0.001229995
 
Best Matthews: 0.27808, Best Accuracy: 63.84298, Best Loss: 0.001244646 at epoch 37
Time Elasped: 00:06:31
========= Epoch 42 =========
76/152: Matthews 0.24809, Accuracy: 60.33058, Loss: 0.001416719
152/152: Matthews 0.27762, Accuracy: 63.01653, Loss: 0.001247217
 
Best Matthews: 0.27808, Best Accuracy: 63.84298, Best Loss: 0.001244646 at epoch 37
Time Elasped: 00:06:40
========= Epoch 43 =========
76/152: Matthews 0.27591, Accuracy: 65.28926, Loss: 0.001070250
152/152: Matthews 0.25157, Accuracy: 60.74380, Loss: 0.001211359
 
Best Matthews: 0.27808, Best Accuracy: 63.84298, Best Loss: 0.001244646 at epoch 37
Time Elasped: 00:06:49
========= Epoch 44 =========
76/152: Matthews 0.26628, Accuracy: 63.22314, Loss: 0.001244680
152/152: Matthews 0.26871, Accuracy: 63.53306, Loss: 0.001055586
 
Best Matthews: 0.27808, Best Accuracy: 63.84298, Best Loss: 0.001244646 at epoch 37
Time Elasped: 00:06:58
========= Epoch 45 =========
76/152: Matthews 0.27093, Accuracy: 62.91322, Loss: 0.001120276
152/152: Matthews 0.27353, Accuracy: 62.70661, Loss: 0.001145553
 
Best Matthews: 0.27808, Best Accuracy: 63.84298, Best Loss: 0.001244646 at epoch 37
Time Elasped: 00:07:07
========= Epoch 46 =========
76/152: Matthews 0.25208, Accuracy: 60.64050, Loss: 0.001108691
152/152: Matthews 0.27149, Accuracy: 63.73967, Loss: 0.000976851
 
Best Matthews: 0.27808, Best Accuracy: 63.84298, Best Loss: 0.001244646 at epoch 37
Time Elasped: 00:07:16
========= Epoch 47 =========
76/152: Matthews 0.26941, Accuracy: 63.32645, Loss: 0.001077326
152/152: Matthews 0.27060, Accuracy: 64.66942, Loss: 0.001116307
 
Best Matthews: 0.27808, Best Accuracy: 63.84298, Best Loss: 0.001244646 at epoch 37
Time Elasped: 00:07:25
========= Epoch 48 =========
76/152: Matthews 0.25778, Accuracy: 61.36364, Loss: 0.001092253
152/152: Matthews 0.27353, Accuracy: 62.70661, Loss: 0.001092186
 
Best Matthews: 0.27808, Best Accuracy: 63.84298, Best Loss: 0.001244646 at epoch 37
Time Elasped: 00:07:34
========= Epoch 49 =========
76/152: Matthews 0.27762, Accuracy: 63.01653, Loss: 0.001129406
152/152: Matthews 0.26871, Accuracy: 63.53306, Loss: 0.000932704
 
Best Matthews: 0.27808, Best Accuracy: 63.84298, Best Loss: 0.001244646 at epoch 37
Time Elasped: 00:07:43
========= Epoch 50 =========
76/152: Matthews 0.28171, Accuracy: 63.32645, Loss: 0.001213893
152/152: Matthews 0.27625, Accuracy: 62.91322, Loss: 0.001013976
 
Best Matthews: 0.28171, Best Accuracy: 63.32645, Best Loss: 0.001213893 at epoch 50
Time Elasped: 00:07:53
========= Epoch 51 =========
76/152: Matthews 0.26941, Accuracy: 63.32645, Loss: 0.001000002
152/152: Matthews 0.27322, Accuracy: 63.73967, Loss: 0.000991230
 
Best Matthews: 0.28171, Best Accuracy: 63.32645, Best Loss: 0.001213893 at epoch 50
Time Elasped: 00:08:02
========= Epoch 52 =========
76/152: Matthews 0.27447, Accuracy: 62.91322, Loss: 0.001024336
152/152: Matthews 0.26855, Accuracy: 64.15289, Loss: 0.001011600
 
Best Matthews: 0.28171, Best Accuracy: 63.32645, Best Loss: 0.001213893 at epoch 50
Time Elasped: 00:08:11
========= Epoch 53 =========
76/152: Matthews 0.28171, Accuracy: 63.32645, Loss: 0.001106188
152/152: Matthews 0.28610, Accuracy: 66.01240, Loss: 0.001015511
 
Best Matthews: 0.28610, Best Accuracy: 66.01240, Best Loss: 0.001015511 at epoch 53
Time Elasped: 00:08:22
========= Epoch 54 =========
76/152: Matthews 0.25692, Accuracy: 61.15702, Loss: 0.001045463
152/152: Matthews 0.27641, Accuracy: 63.32645, Loss: 0.001089383
 
Best Matthews: 0.28610, Best Accuracy: 66.01240, Best Loss: 0.001015511 at epoch 53
Time Elasped: 00:08:31
========= Epoch 55 =========
76/152: Matthews 0.26996, Accuracy: 64.25620, Loss: 0.000970906
152/152: Matthews 0.27967, Accuracy: 65.08264, Loss: 0.000956407
 
Best Matthews: 0.28610, Best Accuracy: 66.01240, Best Loss: 0.001015511 at epoch 53
Time Elasped: 00:08:40
========= Epoch 56 =========
76/152: Matthews 0.27720, Accuracy: 63.11983, Loss: 0.000932130
152/152: Matthews 0.27397, Accuracy: 62.60331, Loss: 0.000997621
 
Best Matthews: 0.28610, Best Accuracy: 66.01240, Best Loss: 0.001015511 at epoch 53
Time Elasped: 00:08:49
========= Epoch 57 =========
76/152: Matthews 0.26628, Accuracy: 63.22314, Loss: 0.000933197
152/152: Matthews 0.26805, Accuracy: 63.73967, Loss: 0.001081073
 
Best Matthews: 0.28610, Best Accuracy: 66.01240, Best Loss: 0.001015511 at epoch 53
Time Elasped: 00:08:57
========= Epoch 58 =========
76/152: Matthews 0.26837, Accuracy: 63.63636, Loss: 0.000957796
152/152: Matthews 0.26942, Accuracy: 64.46281, Loss: 0.001077319
 
Best Matthews: 0.28610, Best Accuracy: 66.01240, Best Loss: 0.001015511 at epoch 53
Time Elasped: 00:09:06
========= Epoch 59 =========
76/152: Matthews 0.27136, Accuracy: 65.08264, Loss: 0.000986346
152/152: Matthews 0.26664, Accuracy: 63.11983, Loss: 0.000914169
 
Best Matthews: 0.28610, Best Accuracy: 66.01240, Best Loss: 0.001015511 at epoch 53
Time Elasped: 00:09:15
========= Epoch 60 =========
76/152: Matthews 0.26642, Accuracy: 62.70661, Loss: 0.000821026
152/152: Matthews 0.26193, Accuracy: 61.26033, Loss: 0.001044266
 
Best Matthews: 0.28610, Best Accuracy: 66.01240, Best Loss: 0.001015511 at epoch 53
Time Elasped: 00:09:24
========= Epoch 61 =========
76/152: Matthews 0.24733, Accuracy: 63.22314, Loss: 0.001173288
152/152: Matthews 0.26946, Accuracy: 62.39669, Loss: 0.000882429
 
Best Matthews: 0.28610, Best Accuracy: 66.01240, Best Loss: 0.001015511 at epoch 53
Time Elasped: 00:09:33
========= Epoch 62 =========
76/152: Matthews 0.25742, Accuracy: 60.33058, Loss: 0.000966294
152/152: Matthews 0.26454, Accuracy: 63.22314, Loss: 0.000868135
 
Best Matthews: 0.28610, Best Accuracy: 66.01240, Best Loss: 0.001015511 at epoch 53
Time Elasped: 00:09:42
========= Epoch 63 =========
76/152: Matthews 0.26664, Accuracy: 63.11983, Loss: 0.000876706
152/152: Matthews 0.27898, Accuracy: 63.11983, Loss: 0.000982257
 
Best Matthews: 0.28610, Best Accuracy: 66.01240, Best Loss: 0.001015511 at epoch 53
Time Elasped: 00:09:51
========= Epoch 64 =========
76/152: Matthews 0.26516, Accuracy: 64.15289, Loss: 0.000906457
152/152: Matthews 0.27571, Accuracy: 65.39256, Loss: 0.000972600
 
Best Matthews: 0.28610, Best Accuracy: 66.01240, Best Loss: 0.001015511 at epoch 53
Time Elasped: 00:10:00
========= Epoch 65 =========
76/152: Matthews 0.27817, Accuracy: 63.32645, Loss: 0.000925757
152/152: Matthews 0.27576, Accuracy: 62.60331, Loss: 0.001009715
 
Best Matthews: 0.28610, Best Accuracy: 66.01240, Best Loss: 0.001015511 at epoch 53
Time Elasped: 00:10:09
========= Epoch 66 =========
76/152: Matthews 0.27217, Accuracy: 62.19008, Loss: 0.000989295
152/152: Matthews 0.27762, Accuracy: 63.01653, Loss: 0.000962422
 
Best Matthews: 0.28610, Best Accuracy: 66.01240, Best Loss: 0.001015511 at epoch 53
Time Elasped: 00:10:18
========= Epoch 67 =========
76/152: Matthews 0.26291, Accuracy: 63.73967, Loss: 0.000942694
152/152: Matthews 0.26177, Accuracy: 63.01653, Loss: 0.000972473
 
Best Matthews: 0.28610, Best Accuracy: 66.01240, Best Loss: 0.001015511 at epoch 53
Time Elasped: 00:10:27
========= Epoch 68 =========
76/152: Matthews 0.26280, Accuracy: 63.22314, Loss: 0.000976153
152/152: Matthews 0.27892, Accuracy: 62.70661, Loss: 0.000931787
 
Best Matthews: 0.28610, Best Accuracy: 66.01240, Best Loss: 0.001015511 at epoch 53
Time Elasped: 00:10:36
========= Epoch 69 =========
76/152: Matthews 0.28797, Accuracy: 67.35537, Loss: 0.000905524
152/152: Matthews 0.26905, Accuracy: 63.42975, Loss: 0.000796856
 
Best Matthews: 0.28797, Best Accuracy: 67.35537, Best Loss: 0.000905524 at epoch 69
Time Elasped: 00:10:47
========= Epoch 70 =========
76/152: Matthews 0.26698, Accuracy: 63.53306, Loss: 0.000792372
152/152: Matthews 0.27757, Accuracy: 62.60331, Loss: 0.000984546
 
Best Matthews: 0.28797, Best Accuracy: 67.35537, Best Loss: 0.000905524 at epoch 69
Time Elasped: 00:10:56
========= Epoch 71 =========
76/152: Matthews 0.27328, Accuracy: 63.22314, Loss: 0.000921030
152/152: Matthews 0.25327, Accuracy: 63.53306, Loss: 0.000983907
 
Best Matthews: 0.28797, Best Accuracy: 67.35537, Best Loss: 0.000905524 at epoch 69
Time Elasped: 00:11:05
========= Epoch 72 =========
76/152: Matthews 0.26702, Accuracy: 64.77273, Loss: 0.000866588
152/152: Matthews 0.27367, Accuracy: 63.11983, Loss: 0.000975727
 
Best Matthews: 0.28797, Best Accuracy: 67.35537, Best Loss: 0.000905524 at epoch 69
Time Elasped: 00:11:14
========= Epoch 73 =========
76/152: Matthews 0.26315, Accuracy: 63.11983, Loss: 0.000905901
152/152: Matthews 0.27530, Accuracy: 63.63636, Loss: 0.000931731
 
Best Matthews: 0.28797, Best Accuracy: 67.35537, Best Loss: 0.000905524 at epoch 69
Time Elasped: 00:11:23
========= Epoch 74 =========
76/152: Matthews 0.26489, Accuracy: 63.11983, Loss: 0.000857061
152/152: Matthews 0.27356, Accuracy: 63.63636, Loss: 0.000889277
 
Best Matthews: 0.28797, Best Accuracy: 67.35537, Best Loss: 0.000905524 at epoch 69
Time Elasped: 00:11:32
========= Epoch 75 =========
76/152: Matthews 0.27079, Accuracy: 63.42975, Loss: 0.000842678
152/152: Matthews 0.27217, Accuracy: 62.60331, Loss: 0.000919893
 
Best Matthews: 0.28797, Best Accuracy: 67.35537, Best Loss: 0.000905524 at epoch 69
Time Elasped: 00:11:41
========= Epoch 76 =========
76/152: Matthews 0.25867, Accuracy: 64.04959, Loss: 0.000892732
152/152: Matthews 0.25979, Accuracy: 63.63636, Loss: 0.000928110
 
Best Matthews: 0.28797, Best Accuracy: 67.35537, Best Loss: 0.000905524 at epoch 69
Time Elasped: 00:11:50
========= Epoch 77 =========
76/152: Matthews 0.26683, Accuracy: 62.60331, Loss: 0.001018269
152/152: Matthews 0.28818, Accuracy: 63.94628, Loss: 0.000761401
 
Best Matthews: 0.28818, Best Accuracy: 63.94628, Best Loss: 0.000761401 at epoch 77
Time Elasped: 00:12:00
========= Epoch 78 =========
76/152: Matthews 0.26905, Accuracy: 63.42975, Loss: 0.000787077
152/152: Matthews 0.27601, Accuracy: 63.94628, Loss: 0.000818881
 
Best Matthews: 0.28818, Best Accuracy: 63.94628, Best Loss: 0.000761401 at epoch 77
Time Elasped: 00:12:09
========= Epoch 79 =========
76/152: Matthews 0.26728, Accuracy: 61.67355, Loss: 0.000959900
152/152: Matthews 0.27025, Accuracy: 64.15289, Loss: 0.000774032
 
Best Matthews: 0.28818, Best Accuracy: 63.94628, Best Loss: 0.000761401 at epoch 77
Time Elasped: 00:12:18
========= Epoch 80 =========
76/152: Matthews 0.26349, Accuracy: 64.87603, Loss: 0.000824782
152/152: Matthews 0.28367, Accuracy: 63.73967, Loss: 0.000714194
 
Best Matthews: 0.28818, Best Accuracy: 63.94628, Best Loss: 0.000761401 at epoch 77
Time Elasped: 00:12:27
========= Epoch 81 =========
76/152: Matthews 0.28485, Accuracy: 63.42975, Loss: 0.000791653
152/152: Matthews 0.26884, Accuracy: 64.04959, Loss: 0.000733187
 
Best Matthews: 0.28818, Best Accuracy: 63.94628, Best Loss: 0.000761401 at epoch 77
Time Elasped: 00:12:36
========= Epoch 82 =========
76/152: Matthews 0.29446, Accuracy: 67.04545, Loss: 0.000702057
152/152: Matthews 0.27844, Accuracy: 65.70248, Loss: 0.000784482
 
Best Matthews: 0.29446, Best Accuracy: 67.04545, Best Loss: 0.000702057 at epoch 82
Time Elasped: 00:12:46
========= Epoch 83 =========
76/152: Matthews 0.26977, Accuracy: 63.73967, Loss: 0.000854343
152/152: Matthews 0.27054, Accuracy: 64.04959, Loss: 0.000754956
 
Best Matthews: 0.29446, Best Accuracy: 67.04545, Best Loss: 0.000702057 at epoch 82
Time Elasped: 00:12:55
========= Epoch 84 =========
76/152: Matthews 0.27183, Accuracy: 63.63636, Loss: 0.000734423
152/152: Matthews 0.27447, Accuracy: 62.91322, Loss: 0.000827008
 
Best Matthews: 0.29446, Best Accuracy: 67.04545, Best Loss: 0.000702057 at epoch 82
Time Elasped: 00:13:04
========= Epoch 85 =========
76/152: Matthews 0.27397, Accuracy: 64.04959, Loss: 0.000784044
152/152: Matthews 0.28092, Accuracy: 63.53306, Loss: 0.000755568
 
Best Matthews: 0.29446, Best Accuracy: 67.04545, Best Loss: 0.000702057 at epoch 82
Time Elasped: 00:13:13
========= Epoch 86 =========
76/152: Matthews 0.27712, Accuracy: 62.70661, Loss: 0.000708458
152/152: Matthews 0.27994, Accuracy: 63.32645, Loss: 0.000758722
 
Best Matthews: 0.29446, Best Accuracy: 67.04545, Best Loss: 0.000702057 at epoch 82
Time Elasped: 00:13:22
========= Epoch 87 =========
76/152: Matthews 0.27947, Accuracy: 63.94628, Loss: 0.000674570
152/152: Matthews 0.28543, Accuracy: 63.73967, Loss: 0.000767749
 
Best Matthews: 0.29446, Best Accuracy: 67.04545, Best Loss: 0.000702057 at epoch 82
Time Elasped: 00:13:31
========= Epoch 88 =========
76/152: Matthews 0.28485, Accuracy: 63.42975, Loss: 0.000747095
152/152: Matthews 0.27397, Accuracy: 64.04959, Loss: 0.000718364
 
Best Matthews: 0.29446, Best Accuracy: 67.04545, Best Loss: 0.000702057 at epoch 82
Time Elasped: 00:13:40
========= Epoch 89 =========
76/152: Matthews 0.26665, Accuracy: 63.63636, Loss: 0.000751916
152/152: Matthews 0.27634, Accuracy: 63.84298, Loss: 0.000814895
 
Best Matthews: 0.29446, Best Accuracy: 67.04545, Best Loss: 0.000702057 at epoch 82
Time Elasped: 00:13:49
========= Epoch 90 =========
76/152: Matthews 0.27260, Accuracy: 65.28926, Loss: 0.000774998
152/152: Matthews 0.26463, Accuracy: 64.35950, Loss: 0.000795216
 
Best Matthews: 0.29446, Best Accuracy: 67.04545, Best Loss: 0.000702057 at epoch 82
Time Elasped: 00:13:58
========= Epoch 91 =========
76/152: Matthews 0.26536, Accuracy: 64.77273, Loss: 0.000750123
152/152: Matthews 0.26631, Accuracy: 64.35950, Loss: 0.000829104
 
Best Matthews: 0.29446, Best Accuracy: 67.04545, Best Loss: 0.000702057 at epoch 82
Time Elasped: 00:14:07
========= Epoch 92 =========
76/152: Matthews 0.26152, Accuracy: 64.25620, Loss: 0.000802103
152/152: Matthews 0.28026, Accuracy: 65.59917, Loss: 0.000660691
 
Best Matthews: 0.29446, Best Accuracy: 67.04545, Best Loss: 0.000702057 at epoch 82
Time Elasped: 00:14:16
========= Epoch 93 =========
76/152: Matthews 0.28308, Accuracy: 63.42975, Loss: 0.000793256
152/152: Matthews 0.29131, Accuracy: 64.04959, Loss: 0.000752038
 
Best Matthews: 0.29446, Best Accuracy: 67.04545, Best Loss: 0.000702057 at epoch 82
Time Elasped: 00:14:25
========= Epoch 94 =========
76/152: Matthews 0.27756, Accuracy: 65.28926, Loss: 0.000743731
152/152: Matthews 0.27992, Accuracy: 64.97934, Loss: 0.000654623
 
Best Matthews: 0.29446, Best Accuracy: 67.04545, Best Loss: 0.000702057 at epoch 82
Time Elasped: 00:14:34
========= Epoch 95 =========
76/152: Matthews 0.26374, Accuracy: 64.04959, Loss: 0.000771015
152/152: Matthews 0.28364, Accuracy: 64.25620, Loss: 0.000705263
 
Best Matthews: 0.29446, Best Accuracy: 67.04545, Best Loss: 0.000702057 at epoch 82
Time Elasped: 00:14:43
========= Epoch 96 =========
76/152: Matthews 0.28356, Accuracy: 65.59917, Loss: 0.000711320
152/152: Matthews 0.28160, Accuracy: 64.35950, Loss: 0.000738690
 
Best Matthews: 0.29446, Best Accuracy: 67.04545, Best Loss: 0.000702057 at epoch 82
Time Elasped: 00:14:52
========= Epoch 97 =========
76/152: Matthews 0.27138, Accuracy: 64.35950, Loss: 0.000685694
152/152: Matthews 0.27947, Accuracy: 63.94628, Loss: 0.000747764
 
Best Matthews: 0.29446, Best Accuracy: 67.04545, Best Loss: 0.000702057 at epoch 82
Time Elasped: 00:15:01
========= Epoch 98 =========
76/152: Matthews 0.27774, Accuracy: 63.94628, Loss: 0.000796232
152/152: Matthews 0.27677, Accuracy: 64.25620, Loss: 0.000680362
 
Best Matthews: 0.29446, Best Accuracy: 67.04545, Best Loss: 0.000702057 at epoch 82
Time Elasped: 00:15:10
========= Epoch 99 =========
76/152: Matthews 0.27740, Accuracy: 64.04959, Loss: 0.000647338
152/152: Matthews 0.29346, Accuracy: 63.94628, Loss: 0.000736965
 
Best Matthews: 0.29446, Best Accuracy: 67.04545, Best Loss: 0.000702057 at epoch 82
Time Elasped: 00:15:19
========= Epoch 100 =========
76/152: Matthews 0.27025, Accuracy: 64.15289, Loss: 0.000737008
152/152: Matthews 0.27397, Accuracy: 64.04959, Loss: 0.000831769
 
Best Matthews: 0.29446, Best Accuracy: 67.04545, Best Loss: 0.000702057 at epoch 82
Time Elasped: 00:15:28
========= Epoch 101 =========
76/152: Matthews 0.26774, Accuracy: 64.46281, Loss: 0.000754850
152/152: Matthews 0.26104, Accuracy: 64.46281, Loss: 0.000760223
 
Best Matthews: 0.29446, Best Accuracy: 67.04545, Best Loss: 0.000702057 at epoch 82
Time Elasped: 00:15:37
========= Epoch 102 =========
76/152: Matthews 0.28924, Accuracy: 64.66942, Loss: 0.000736010
152/152: Matthews 0.29758, Accuracy: 64.25620, Loss: 0.000661845
 
Best Matthews: 0.29758, Best Accuracy: 64.25620, Best Loss: 0.000661845 at epoch 102
Time Elasped: 00:15:47
========= Epoch 103 =========
76/152: Matthews 0.28722, Accuracy: 64.77273, Loss: 0.000694239
152/152: Matthews 0.29023, Accuracy: 64.35950, Loss: 0.000650993
 
Best Matthews: 0.29758, Best Accuracy: 64.25620, Best Loss: 0.000661845 at epoch 102
Time Elasped: 00:15:56
========= Epoch 104 =========
76/152: Matthews 0.29131, Accuracy: 64.04959, Loss: 0.000686149
152/152: Matthews 0.26505, Accuracy: 62.60331, Loss: 0.000882680
 
Best Matthews: 0.29758, Best Accuracy: 64.25620, Best Loss: 0.000661845 at epoch 102
Time Elasped: 00:16:05
========= Epoch 105 =========
76/152: Matthews 0.26969, Accuracy: 64.35950, Loss: 0.000738510
152/152: Matthews 0.29292, Accuracy: 63.63636, Loss: 0.000729500
 
Best Matthews: 0.29758, Best Accuracy: 64.25620, Best Loss: 0.000661845 at epoch 102
Time Elasped: 00:16:14
========= Epoch 106 =========
76/152: Matthews 0.29483, Accuracy: 64.04959, Loss: 0.000725431
152/152: Matthews 0.26827, Accuracy: 64.25620, Loss: 0.000742680
 
Best Matthews: 0.29758, Best Accuracy: 64.25620, Best Loss: 0.000661845 at epoch 102
Time Elasped: 00:16:23
========= Epoch 107 =========
76/152: Matthews 0.28130, Accuracy: 64.46281, Loss: 0.000716227
152/152: Matthews 0.27136, Accuracy: 65.08264, Loss: 0.000719450
 
Best Matthews: 0.29758, Best Accuracy: 64.25620, Best Loss: 0.000661845 at epoch 102
Time Elasped: 00:16:32
========= Epoch 108 =========
76/152: Matthews 0.25728, Accuracy: 64.66942, Loss: 0.000837858
152/152: Matthews 0.26996, Accuracy: 64.25620, Loss: 0.000711038
 
Best Matthews: 0.29758, Best Accuracy: 64.25620, Best Loss: 0.000661845 at epoch 102
Time Elasped: 00:16:41
========= Epoch 109 =========
76/152: Matthews 0.29376, Accuracy: 64.87603, Loss: 0.000659619
152/152: Matthews 0.28160, Accuracy: 64.35950, Loss: 0.000806713
 
Best Matthews: 0.29758, Best Accuracy: 64.25620, Best Loss: 0.000661845 at epoch 102
Time Elasped: 00:16:50
========= Epoch 110 =========
76/152: Matthews 0.28441, Accuracy: 64.56612, Loss: 0.000676805
152/152: Matthews 0.28676, Accuracy: 64.35950, Loss: 0.000778052
 
Best Matthews: 0.29758, Best Accuracy: 64.25620, Best Loss: 0.000661845 at epoch 102
Time Elasped: 00:16:59
========= Epoch 111 =========
76/152: Matthews 0.26311, Accuracy: 65.08264, Loss: 0.000812451
152/152: Matthews 0.26572, Accuracy: 63.94628, Loss: 0.000827204
 
Best Matthews: 0.29758, Best Accuracy: 64.25620, Best Loss: 0.000661845 at epoch 102
Time Elasped: 00:17:08
========= Epoch 112 =========
76/152: Matthews 0.28505, Accuracy: 63.84298, Loss: 0.000801548
152/152: Matthews 0.28192, Accuracy: 64.25620, Loss: 0.000678683
 
Best Matthews: 0.29758, Best Accuracy: 64.25620, Best Loss: 0.000661845 at epoch 102
Time Elasped: 00:17:17
========= Epoch 113 =========
76/152: Matthews 0.27849, Accuracy: 64.25620, Loss: 0.000799274
152/152: Matthews 0.28332, Accuracy: 64.35950, Loss: 0.000672972
 
Best Matthews: 0.29758, Best Accuracy: 64.25620, Best Loss: 0.000661845 at epoch 102
Time Elasped: 00:17:26
========= Epoch 114 =========
76/152: Matthews 0.27537, Accuracy: 64.15289, Loss: 0.000698315
152/152: Matthews 0.25530, Accuracy: 64.04959, Loss: 0.000701061
 
Best Matthews: 0.29758, Best Accuracy: 64.25620, Best Loss: 0.000661845 at epoch 102
Time Elasped: 00:17:35
========= Epoch 115 =========
76/152: Matthews 0.27336, Accuracy: 64.25620, Loss: 0.000722361
152/152: Matthews 0.29335, Accuracy: 64.46281, Loss: 0.000649444
 
Best Matthews: 0.29758, Best Accuracy: 64.25620, Best Loss: 0.000661845 at epoch 102
Time Elasped: 00:17:44
========= Epoch 116 =========
76/152: Matthews 0.26942, Accuracy: 64.46281, Loss: 0.000669085
152/152: Matthews 0.25771, Accuracy: 64.46281, Loss: 0.000695645
 
Best Matthews: 0.29758, Best Accuracy: 64.25620, Best Loss: 0.000661845 at epoch 102
Time Elasped: 00:17:53
========= Epoch 117 =========
76/152: Matthews 0.27339, Accuracy: 65.80579, Loss: 0.000647577
152/152: Matthews 0.28270, Accuracy: 64.56612, Loss: 0.000654987
 
Best Matthews: 0.29758, Best Accuracy: 64.25620, Best Loss: 0.000661845 at epoch 102
Time Elasped: 00:18:02
========= Epoch 118 =========
76/152: Matthews 0.29720, Accuracy: 64.35950, Loss: 0.000601930
152/152: Matthews 0.28936, Accuracy: 63.63636, Loss: 0.000682774
 
Best Matthews: 0.29758, Best Accuracy: 64.25620, Best Loss: 0.000661845 at epoch 102
Time Elasped: 00:18:11
========= Epoch 119 =========
76/152: Matthews 0.26950, Accuracy: 65.18595, Loss: 0.000652150
152/152: Matthews 0.28956, Accuracy: 64.56612, Loss: 0.000683171
 
Best Matthews: 0.29758, Best Accuracy: 64.25620, Best Loss: 0.000661845 at epoch 102
Time Elasped: 00:18:20
========= Epoch 120 =========
76/152: Matthews 0.29370, Accuracy: 64.35950, Loss: 0.000633577
152/152: Matthews 0.28569, Accuracy: 63.22314, Loss: 0.000656622
 
Best Matthews: 0.29758, Best Accuracy: 64.25620, Best Loss: 0.000661845 at epoch 102
Time Elasped: 00:18:29
========= Epoch 121 =========
76/152: Matthews 0.27789, Accuracy: 64.46281, Loss: 0.000626524
152/152: Matthews 0.27901, Accuracy: 65.39256, Loss: 0.000610340
 
Best Matthews: 0.29758, Best Accuracy: 64.25620, Best Loss: 0.000661845 at epoch 102
Time Elasped: 00:18:38
========= Epoch 122 =========
76/152: Matthews 0.28693, Accuracy: 64.87603, Loss: 0.000622932
152/152: Matthews 0.27446, Accuracy: 65.18595, Loss: 0.000615546
 
Best Matthews: 0.29758, Best Accuracy: 64.25620, Best Loss: 0.000661845 at epoch 102
Time Elasped: 00:18:47
========= Epoch 123 =========
Early Stopping activated
 
Best Matthews: 0.29758, Best Accuracy: 64.25620, Best Loss: 0.000661845 at epoch 102
Time Elasped: 00:18:53
Test Set:
0/0: Matthews 0.28227, Accuracy: 63.77494, Loss: 0.001290478
