Namespace(batch_size=32, buffer_size=1, by_source=False, crop_pad_length=30, data='./acceptability_corpus/verb_classes/combined', data_type='discriminator', dropout=0.2, embedding='glove.6B.300d', embedding_path='/scratch/asw462/models/elmo_encoder/elmo.emb', embedding_size=217, encoder_num_layers=2, encoder_path='/scratch/asw462/models/elmo_encoder/elmo.pth', encoding_size=528, encoding_type='lstm_pooling_classifier', epochs=1000, evaluate_train=False, experiment_name='experiment_linear_classifier_h_22_l_3_lr_0.0001_e_217_do_0.2', glove=False, gpu=True, hidden_size=22, imbalance=True, learning_rate=7e-05, lm_path=None, logs_dir='/scratch/asw462/logs/verb_classes/combined', max_pool=False, model='linear_classifier', num_layers=3, output_dir='/scratch/asw462/logs/verb_classes/outputs/combined', patience=20, preprocess_tokenizer='space', prints_per_stage=1, resume=True, resume_file=None, save_loc='/scratch/asw462/models/verb_classes/combined', seed=1111, should_not_log=False, should_not_lowercase=False, should_not_preprocess_data=False, stages_per_epoch=2, train_embeddings=False, train_evaluate_interval=10, vocab_file='/scratch/asw462/data/vocab_100k.tsv')
======== General =======
Model: linear_classifier
GPU: True
Experiment Name: experiment_linear_classifier_h_22_l_3_lr_0.0001_e_217_do_0.2
Save location: /scratch/asw462/models/verb_classes/combined
Logs dir: /scratch/asw462/logs/verb_classes/combined
Timestamp: 2018/08/02 04:19:33
 
======== Data =======
Training set: 4838 examples
Validation set: 968 examples
Test set: 3608 examples
 
======= Parameters =======
Learning Rate: 0.000070
Batch Size: 32
Epochs: 1000
Patience: 20
Stages per Epoch: 2
Embedding: 100004 x 217
Number of layers: 3
Hidden Size: 22
Encoder Size: 528
Resume: True
 
======= Model =======
LinearClassifierWithEncoder(
  (model): LinearClassifier(
    (dropout): Dropout(p=0.2)
    (enc2h): Linear(in_features=1056, out_features=22, bias=True)
    (h20): Linear(in_features=22, out_features=1, bias=True)
    (sigmoid): Sigmoid()
    (tanh): Tanh()
    (softmax): Softmax()
  )
  (encoder): LSTMPoolingClassifierWithELMo(
    (elmo): ELMOClassifier(
      (lm): LSTMLanguageModel(
        (dropout): Dropout(p=0.2)
        (embedding): Embedding(100003, 217)
        (lstm): LSTM(217, 891, num_layers=2, dropout=0.2)
        (fc): Linear(in_features=891, out_features=100003, bias=True)
      )
      (lstms): ModuleList(
        (0): LSTM(217, 891, batch_first=True)
        (1): LSTM(891, 891, batch_first=True)
      )
      (dropout): Dropout(p=0.2)
      (linear_comb): Linear(in_features=2, out_features=1, bias=True)
      (fc1): Linear(in_features=891, out_features=528, bias=True)
      (relu): ReLU()
      (out): Linear(in_features=528, out_features=1, bias=True)
      (sigmoid): Sigmoid()
    )
    (pooling_classifier): LSTMPoolingClassifier(
      (ih2h): LSTM(891, 528, num_layers=3, batch_first=True, dropout=0.2, bidirectional=True)
      (pool2o): Linear(in_features=1056, out_features=1, bias=True)
      (sigmoid): Sigmoid()
      (softmax): Softmax()
      (dropout): Dropout(p=0.2)
    )
  )
)
 
========= Epoch 1 =========
76/152: Matthews 0.08305, Accuracy: 56.61157, Loss: 0.002246300
152/152: Matthews 0.11351, Accuracy: 57.95455, Loss: 0.001897467
 
Best Matthews: 0.11351, Best Accuracy: 57.95455, Best Loss: 0.001897467 at epoch 1
Time Elasped: 00:00:17
========= Epoch 2 =========
76/152: Matthews 0.09993, Accuracy: 56.81818, Loss: 0.001765897
152/152: Matthews 0.11012, Accuracy: 56.92149, Loss: 0.001650530
 
Best Matthews: 0.11351, Best Accuracy: 57.95455, Best Loss: 0.001897467 at epoch 1
Time Elasped: 00:00:26
========= Epoch 3 =========
76/152: Matthews 0.10589, Accuracy: 54.44215, Loss: 0.001650966
152/152: Matthews 0.11424, Accuracy: 56.30165, Loss: 0.001590562
 
Best Matthews: 0.11424, Best Accuracy: 56.30165, Best Loss: 0.001590562 at epoch 3
Time Elasped: 00:00:36
========= Epoch 4 =========
76/152: Matthews 0.11955, Accuracy: 54.23554, Loss: 0.001618470
152/152: Matthews 0.12349, Accuracy: 54.95868, Loss: 0.001603168
 
Best Matthews: 0.12349, Best Accuracy: 54.95868, Best Loss: 0.001603168 at epoch 4
Time Elasped: 00:00:48
========= Epoch 5 =========
76/152: Matthews 0.13069, Accuracy: 56.19835, Loss: 0.001590441
152/152: Matthews 0.10967, Accuracy: 53.61570, Loss: 0.001696387
 
Best Matthews: 0.13069, Best Accuracy: 56.19835, Best Loss: 0.001590441 at epoch 5
Time Elasped: 00:00:58
========= Epoch 6 =========
76/152: Matthews 0.12175, Accuracy: 54.54545, Loss: 0.001632708
152/152: Matthews 0.11004, Accuracy: 53.92562, Loss: 0.001691503
 
Best Matthews: 0.13069, Best Accuracy: 56.19835, Best Loss: 0.001590441 at epoch 5
Time Elasped: 00:01:07
========= Epoch 7 =========
76/152: Matthews 0.10699, Accuracy: 53.40909, Loss: 0.001672830
152/152: Matthews 0.11676, Accuracy: 54.44215, Loss: 0.001615658
 
Best Matthews: 0.13069, Best Accuracy: 56.19835, Best Loss: 0.001590441 at epoch 5
Time Elasped: 00:01:16
========= Epoch 8 =========
76/152: Matthews 0.13994, Accuracy: 57.43802, Loss: 0.001619124
152/152: Matthews 0.11897, Accuracy: 55.57851, Loss: 0.001613672
 
Best Matthews: 0.13994, Best Accuracy: 57.43802, Best Loss: 0.001619124 at epoch 8
Time Elasped: 00:01:26
========= Epoch 9 =========
76/152: Matthews 0.13520, Accuracy: 56.40496, Loss: 0.001640232
152/152: Matthews 0.13702, Accuracy: 55.57851, Loss: 0.001633111
 
Best Matthews: 0.13994, Best Accuracy: 57.43802, Best Loss: 0.001619124 at epoch 8
Time Elasped: 00:01:35
========= Epoch 10 =========
76/152: Matthews 0.13885, Accuracy: 56.81818, Loss: 0.001607550
152/152: Matthews 0.14686, Accuracy: 54.33884, Loss: 0.001645619
 
Best Matthews: 0.14686, Best Accuracy: 54.33884, Best Loss: 0.001645619 at epoch 10
Time Elasped: 00:01:45
========= Epoch 11 =========
76/152: Matthews 0.16056, Accuracy: 58.05785, Loss: 0.001406216
152/152: Matthews 0.16226, Accuracy: 55.68182, Loss: 0.001714602
 
Best Matthews: 0.16226, Best Accuracy: 55.68182, Best Loss: 0.001714602 at epoch 11
Time Elasped: 00:01:57
========= Epoch 12 =========
76/152: Matthews 0.16187, Accuracy: 56.50826, Loss: 0.001652247
152/152: Matthews 0.17743, Accuracy: 56.71488, Loss: 0.001702314
 
Best Matthews: 0.17743, Best Accuracy: 56.71488, Best Loss: 0.001702314 at epoch 12
Time Elasped: 00:02:08
========= Epoch 13 =========
76/152: Matthews 0.16880, Accuracy: 55.16529, Loss: 0.001686687
152/152: Matthews 0.18885, Accuracy: 58.98760, Loss: 0.001579520
 
Best Matthews: 0.18885, Best Accuracy: 58.98760, Best Loss: 0.001579520 at epoch 13
Time Elasped: 00:02:18
========= Epoch 14 =========
76/152: Matthews 0.18626, Accuracy: 57.54132, Loss: 0.001537468
152/152: Matthews 0.20415, Accuracy: 59.60744, Loss: 0.001668298
 
Best Matthews: 0.20415, Best Accuracy: 59.60744, Best Loss: 0.001668298 at epoch 14
Time Elasped: 00:02:29
========= Epoch 15 =========
76/152: Matthews 0.19872, Accuracy: 58.78099, Loss: 0.001751691
152/152: Matthews 0.18161, Accuracy: 55.26860, Loss: 0.001594747
 
Best Matthews: 0.20415, Best Accuracy: 59.60744, Best Loss: 0.001668298 at epoch 14
Time Elasped: 00:02:38
========= Epoch 16 =========
76/152: Matthews 0.20282, Accuracy: 58.67769, Loss: 0.001745787
152/152: Matthews 0.19746, Accuracy: 58.26446, Loss: 0.001534184
 
Best Matthews: 0.20415, Best Accuracy: 59.60744, Best Loss: 0.001668298 at epoch 14
Time Elasped: 00:02:46
========= Epoch 17 =========
76/152: Matthews 0.20320, Accuracy: 57.85124, Loss: 0.001713435
152/152: Matthews 0.21944, Accuracy: 59.81405, Loss: 0.001515216
 
Best Matthews: 0.21944, Best Accuracy: 59.81405, Best Loss: 0.001515216 at epoch 17
Time Elasped: 00:02:57
========= Epoch 18 =========
76/152: Matthews 0.23085, Accuracy: 61.88017, Loss: 0.001517297
152/152: Matthews 0.21842, Accuracy: 58.16116, Loss: 0.001669918
 
Best Matthews: 0.23085, Best Accuracy: 61.88017, Best Loss: 0.001517297 at epoch 18
Time Elasped: 00:03:07
========= Epoch 19 =========
76/152: Matthews 0.23434, Accuracy: 60.95041, Loss: 0.001518559
152/152: Matthews 0.23755, Accuracy: 60.22727, Loss: 0.001702603
 
Best Matthews: 0.23755, Best Accuracy: 60.22727, Best Loss: 0.001702603 at epoch 19
Time Elasped: 00:03:19
========= Epoch 20 =========
76/152: Matthews 0.21636, Accuracy: 57.85124, Loss: 0.001677962
152/152: Matthews 0.23820, Accuracy: 61.77686, Loss: 0.001477478
 
Best Matthews: 0.23820, Best Accuracy: 61.77686, Best Loss: 0.001477478 at epoch 20
Time Elasped: 00:03:30
========= Epoch 21 =========
76/152: Matthews 0.24648, Accuracy: 61.05372, Loss: 0.001640539
152/152: Matthews 0.25330, Accuracy: 61.98347, Loss: 0.001535551
 
Best Matthews: 0.25330, Best Accuracy: 61.98347, Best Loss: 0.001535551 at epoch 21
Time Elasped: 00:03:42
========= Epoch 22 =========
76/152: Matthews 0.23747, Accuracy: 59.50413, Loss: 0.001619442
152/152: Matthews 0.25918, Accuracy: 62.29339, Loss: 0.001395732
 
Best Matthews: 0.25918, Best Accuracy: 62.29339, Best Loss: 0.001395732 at epoch 22
Time Elasped: 00:03:52
========= Epoch 23 =========
76/152: Matthews 0.22879, Accuracy: 58.67769, Loss: 0.001419959
152/152: Matthews 0.26593, Accuracy: 63.32645, Loss: 0.001708777
 
Best Matthews: 0.26593, Best Accuracy: 63.32645, Best Loss: 0.001708777 at epoch 23
Time Elasped: 00:04:03
========= Epoch 24 =========
76/152: Matthews 0.23428, Accuracy: 59.40083, Loss: 0.001564536
152/152: Matthews 0.25508, Accuracy: 61.98347, Loss: 0.001465697
 
Best Matthews: 0.26593, Best Accuracy: 63.32645, Best Loss: 0.001708777 at epoch 23
Time Elasped: 00:04:12
========= Epoch 25 =========
76/152: Matthews 0.23572, Accuracy: 60.22727, Loss: 0.001495970
152/152: Matthews 0.24109, Accuracy: 60.64050, Loss: 0.001585824
 
Best Matthews: 0.26593, Best Accuracy: 63.32645, Best Loss: 0.001708777 at epoch 23
Time Elasped: 00:04:20
========= Epoch 26 =========
76/152: Matthews 0.25864, Accuracy: 62.91322, Loss: 0.001529062
152/152: Matthews 0.24925, Accuracy: 60.84711, Loss: 0.001287077
 
Best Matthews: 0.26593, Best Accuracy: 63.32645, Best Loss: 0.001708777 at epoch 23
Time Elasped: 00:04:29
========= Epoch 27 =========
76/152: Matthews 0.25279, Accuracy: 61.67355, Loss: 0.001368588
152/152: Matthews 0.23004, Accuracy: 59.50413, Loss: 0.001294718
 
Best Matthews: 0.26593, Best Accuracy: 63.32645, Best Loss: 0.001708777 at epoch 23
Time Elasped: 00:04:38
========= Epoch 28 =========
76/152: Matthews 0.24072, Accuracy: 60.33058, Loss: 0.001242880
152/152: Matthews 0.23975, Accuracy: 60.53719, Loss: 0.001458635
 
Best Matthews: 0.26593, Best Accuracy: 63.32645, Best Loss: 0.001708777 at epoch 23
Time Elasped: 00:04:47
========= Epoch 29 =========
76/152: Matthews 0.23706, Accuracy: 60.33058, Loss: 0.001430824
152/152: Matthews 0.24291, Accuracy: 60.64050, Loss: 0.001252430
 
Best Matthews: 0.26593, Best Accuracy: 63.32645, Best Loss: 0.001708777 at epoch 23
Time Elasped: 00:04:56
========= Epoch 30 =========
76/152: Matthews 0.25377, Accuracy: 62.80992, Loss: 0.001093012
152/152: Matthews 0.25372, Accuracy: 61.88017, Loss: 0.001280732
 
Best Matthews: 0.26593, Best Accuracy: 63.32645, Best Loss: 0.001708777 at epoch 23
Time Elasped: 00:05:05
========= Epoch 31 =========
76/152: Matthews 0.25016, Accuracy: 61.88017, Loss: 0.001270646
152/152: Matthews 0.24737, Accuracy: 61.26033, Loss: 0.001290185
 
Best Matthews: 0.26593, Best Accuracy: 63.32645, Best Loss: 0.001708777 at epoch 23
Time Elasped: 00:05:14
========= Epoch 32 =========
76/152: Matthews 0.26063, Accuracy: 63.94628, Loss: 0.001312237
152/152: Matthews 0.24474, Accuracy: 60.64050, Loss: 0.001196469
 
Best Matthews: 0.26593, Best Accuracy: 63.32645, Best Loss: 0.001708777 at epoch 23
Time Elasped: 00:05:22
========= Epoch 33 =========
76/152: Matthews 0.25604, Accuracy: 62.19008, Loss: 0.001276855
152/152: Matthews 0.25372, Accuracy: 61.88017, Loss: 0.001196814
 
Best Matthews: 0.26593, Best Accuracy: 63.32645, Best Loss: 0.001708777 at epoch 23
Time Elasped: 00:05:31
========= Epoch 34 =========
76/152: Matthews 0.25762, Accuracy: 62.70661, Loss: 0.001124847
152/152: Matthews 0.24340, Accuracy: 60.53719, Loss: 0.001419237
 
Best Matthews: 0.26593, Best Accuracy: 63.32645, Best Loss: 0.001708777 at epoch 23
Time Elasped: 00:05:40
========= Epoch 35 =========
76/152: Matthews 0.26075, Accuracy: 62.80992, Loss: 0.001175094
152/152: Matthews 0.25280, Accuracy: 61.26033, Loss: 0.001204608
 
Best Matthews: 0.26593, Best Accuracy: 63.32645, Best Loss: 0.001708777 at epoch 23
Time Elasped: 00:05:49
========= Epoch 36 =========
76/152: Matthews 0.26047, Accuracy: 61.57025, Loss: 0.001254190
152/152: Matthews 0.26038, Accuracy: 62.91322, Loss: 0.001284708
 
Best Matthews: 0.26593, Best Accuracy: 63.32645, Best Loss: 0.001708777 at epoch 23
Time Elasped: 00:05:58
========= Epoch 37 =========
76/152: Matthews 0.24891, Accuracy: 60.53719, Loss: 0.001168813
152/152: Matthews 0.25549, Accuracy: 61.46694, Loss: 0.001132461
 
Best Matthews: 0.26593, Best Accuracy: 63.32645, Best Loss: 0.001708777 at epoch 23
Time Elasped: 00:06:07
========= Epoch 38 =========
76/152: Matthews 0.26054, Accuracy: 62.39669, Loss: 0.001215184
152/152: Matthews 0.25823, Accuracy: 62.08678, Loss: 0.000970104
 
Best Matthews: 0.26593, Best Accuracy: 63.32645, Best Loss: 0.001708777 at epoch 23
Time Elasped: 00:06:16
========= Epoch 39 =========
76/152: Matthews 0.25348, Accuracy: 62.39669, Loss: 0.000927129
152/152: Matthews 0.25829, Accuracy: 63.01653, Loss: 0.001151422
 
Best Matthews: 0.26593, Best Accuracy: 63.32645, Best Loss: 0.001708777 at epoch 23
Time Elasped: 00:06:25
========= Epoch 40 =========
76/152: Matthews 0.26714, Accuracy: 64.04959, Loss: 0.001075143
152/152: Matthews 0.25188, Accuracy: 61.46694, Loss: 0.001287394
 
Best Matthews: 0.26714, Best Accuracy: 64.04959, Best Loss: 0.001075143 at epoch 40
Time Elasped: 00:06:35
========= Epoch 41 =========
76/152: Matthews 0.25208, Accuracy: 60.64050, Loss: 0.001068180
152/152: Matthews 0.25011, Accuracy: 61.05372, Loss: 0.001143372
 
Best Matthews: 0.26714, Best Accuracy: 64.04959, Best Loss: 0.001075143 at epoch 40
Time Elasped: 00:06:44
========= Epoch 42 =========
76/152: Matthews 0.25016, Accuracy: 61.88017, Loss: 0.001212190
152/152: Matthews 0.26767, Accuracy: 62.39669, Loss: 0.000949432
 
Best Matthews: 0.26767, Best Accuracy: 62.39669, Best Loss: 0.000949432 at epoch 42
Time Elasped: 00:06:55
========= Epoch 43 =========
76/152: Matthews 0.25193, Accuracy: 61.05372, Loss: 0.000972846
152/152: Matthews 0.27396, Accuracy: 64.66942, Loss: 0.000906308
 
Best Matthews: 0.27396, Best Accuracy: 64.66942, Best Loss: 0.000906308 at epoch 43
Time Elasped: 00:07:05
========= Epoch 44 =========
76/152: Matthews 0.26041, Accuracy: 63.42975, Loss: 0.001001891
152/152: Matthews 0.26089, Accuracy: 61.88017, Loss: 0.000984669
 
Best Matthews: 0.27396, Best Accuracy: 64.66942, Best Loss: 0.000906308 at epoch 43
Time Elasped: 00:07:14
========= Epoch 45 =========
76/152: Matthews 0.25624, Accuracy: 62.60331, Loss: 0.000931260
152/152: Matthews 0.26316, Accuracy: 61.77686, Loss: 0.001014066
 
Best Matthews: 0.27396, Best Accuracy: 64.66942, Best Loss: 0.000906308 at epoch 43
Time Elasped: 00:07:23
========= Epoch 46 =========
76/152: Matthews 0.26526, Accuracy: 63.01653, Loss: 0.000857315
152/152: Matthews 0.26814, Accuracy: 61.88017, Loss: 0.001027423
 
Best Matthews: 0.27396, Best Accuracy: 64.66942, Best Loss: 0.000906308 at epoch 43
Time Elasped: 00:07:32
========= Epoch 47 =========
76/152: Matthews 0.26805, Accuracy: 63.73967, Loss: 0.000872431
152/152: Matthews 0.29035, Accuracy: 66.42562, Loss: 0.000854136
 
Best Matthews: 0.29035, Best Accuracy: 66.42562, Best Loss: 0.000854136 at epoch 47
Time Elasped: 00:07:43
========= Epoch 48 =========
76/152: Matthews 0.26945, Accuracy: 63.84298, Loss: 0.000994636
152/152: Matthews 0.25503, Accuracy: 61.57025, Loss: 0.000929468
 
Best Matthews: 0.29035, Best Accuracy: 66.42562, Best Loss: 0.000854136 at epoch 47
Time Elasped: 00:07:51
========= Epoch 49 =========
76/152: Matthews 0.26977, Accuracy: 63.73967, Loss: 0.000909223
152/152: Matthews 0.26454, Accuracy: 63.22314, Loss: 0.000794567
 
Best Matthews: 0.29035, Best Accuracy: 66.42562, Best Loss: 0.000854136 at epoch 47
Time Elasped: 00:08:00
========= Epoch 50 =========
76/152: Matthews 0.27564, Accuracy: 64.66942, Loss: 0.000848700
152/152: Matthews 0.27175, Accuracy: 62.70661, Loss: 0.000953243
 
Best Matthews: 0.29035, Best Accuracy: 66.42562, Best Loss: 0.000854136 at epoch 47
Time Elasped: 00:08:09
========= Epoch 51 =========
76/152: Matthews 0.24406, Accuracy: 62.60331, Loss: 0.001113395
152/152: Matthews 0.27797, Accuracy: 66.01240, Loss: 0.000834119
 
Best Matthews: 0.29035, Best Accuracy: 66.42562, Best Loss: 0.000854136 at epoch 47
Time Elasped: 00:08:18
========= Epoch 52 =========
76/152: Matthews 0.25582, Accuracy: 63.84298, Loss: 0.000833869
152/152: Matthews 0.27183, Accuracy: 63.63636, Loss: 0.000856101
 
Best Matthews: 0.29035, Best Accuracy: 66.42562, Best Loss: 0.000854136 at epoch 47
Time Elasped: 00:08:27
========= Epoch 53 =========
76/152: Matthews 0.26914, Accuracy: 63.94628, Loss: 0.000804515
152/152: Matthews 0.27733, Accuracy: 64.66942, Loss: 0.000800343
 
Best Matthews: 0.29035, Best Accuracy: 66.42562, Best Loss: 0.000854136 at epoch 47
Time Elasped: 00:08:36
========= Epoch 54 =========
76/152: Matthews 0.26247, Accuracy: 65.49587, Loss: 0.000856017
152/152: Matthews 0.26633, Accuracy: 63.73967, Loss: 0.000793705
 
Best Matthews: 0.29035, Best Accuracy: 66.42562, Best Loss: 0.000854136 at epoch 47
Time Elasped: 00:08:45
========= Epoch 55 =========
76/152: Matthews 0.27422, Accuracy: 64.56612, Loss: 0.000768905
152/152: Matthews 0.26038, Accuracy: 62.91322, Loss: 0.000920328
 
Best Matthews: 0.29035, Best Accuracy: 66.42562, Best Loss: 0.000854136 at epoch 47
Time Elasped: 00:08:54
========= Epoch 56 =========
76/152: Matthews 0.26232, Accuracy: 62.39669, Loss: 0.000810460
152/152: Matthews 0.27983, Accuracy: 62.91322, Loss: 0.000865578
 
Best Matthews: 0.29035, Best Accuracy: 66.42562, Best Loss: 0.000854136 at epoch 47
Time Elasped: 00:09:03
========= Epoch 57 =========
76/152: Matthews 0.27078, Accuracy: 65.39256, Loss: 0.000848455
152/152: Matthews 0.26914, Accuracy: 63.94628, Loss: 0.000920300
 
Best Matthews: 0.29035, Best Accuracy: 66.42562, Best Loss: 0.000854136 at epoch 47
Time Elasped: 00:09:11
========= Epoch 58 =========
76/152: Matthews 0.25610, Accuracy: 63.73967, Loss: 0.000905363
152/152: Matthews 0.27712, Accuracy: 62.70661, Loss: 0.000839930
 
Best Matthews: 0.29035, Best Accuracy: 66.42562, Best Loss: 0.000854136 at epoch 47
Time Elasped: 00:09:20
========= Epoch 59 =========
76/152: Matthews 0.26956, Accuracy: 62.80992, Loss: 0.000797196
152/152: Matthews 0.28441, Accuracy: 64.56612, Loss: 0.000771538
 
Best Matthews: 0.29035, Best Accuracy: 66.42562, Best Loss: 0.000854136 at epoch 47
Time Elasped: 00:09:29
========= Epoch 60 =========
76/152: Matthews 0.26392, Accuracy: 64.66942, Loss: 0.000787611
152/152: Matthews 0.26942, Accuracy: 64.46281, Loss: 0.000793611
 
Best Matthews: 0.29035, Best Accuracy: 66.42562, Best Loss: 0.000854136 at epoch 47
Time Elasped: 00:09:38
========= Epoch 61 =========
76/152: Matthews 0.28086, Accuracy: 64.04959, Loss: 0.000709953
152/152: Matthews 0.27741, Accuracy: 63.53306, Loss: 0.000767306
 
Best Matthews: 0.29035, Best Accuracy: 66.42562, Best Loss: 0.000854136 at epoch 47
Time Elasped: 00:09:47
========= Epoch 62 =========
76/152: Matthews 0.25937, Accuracy: 64.46281, Loss: 0.000810176
152/152: Matthews 0.26660, Accuracy: 64.97934, Loss: 0.000741555
 
Best Matthews: 0.29035, Best Accuracy: 66.42562, Best Loss: 0.000854136 at epoch 47
Time Elasped: 00:09:56
========= Epoch 63 =========
76/152: Matthews 0.28119, Accuracy: 63.01653, Loss: 0.000707820
152/152: Matthews 0.26374, Accuracy: 64.04959, Loss: 0.000792859
 
Best Matthews: 0.29035, Best Accuracy: 66.42562, Best Loss: 0.000854136 at epoch 47
Time Elasped: 00:10:05
========= Epoch 64 =========
76/152: Matthews 0.26540, Accuracy: 62.08678, Loss: 0.000840656
152/152: Matthews 0.27010, Accuracy: 63.63636, Loss: 0.000729268
 
Best Matthews: 0.29035, Best Accuracy: 66.42562, Best Loss: 0.000854136 at epoch 47
Time Elasped: 00:10:14
========= Epoch 65 =========
76/152: Matthews 0.28569, Accuracy: 63.22314, Loss: 0.000713974
152/152: Matthews 0.25771, Accuracy: 64.46281, Loss: 0.000820957
 
Best Matthews: 0.29035, Best Accuracy: 66.42562, Best Loss: 0.000854136 at epoch 47
Time Elasped: 00:10:22
========= Epoch 66 =========
76/152: Matthews 0.25749, Accuracy: 64.56612, Loss: 0.000724407
152/152: Matthews 0.25874, Accuracy: 64.77273, Loss: 0.000843031
 
Best Matthews: 0.29035, Best Accuracy: 66.42562, Best Loss: 0.000854136 at epoch 47
Time Elasped: 00:10:31
========= Epoch 67 =========
76/152: Matthews 0.27195, Accuracy: 64.15289, Loss: 0.000710805
152/152: Matthews 0.27802, Accuracy: 62.50000, Loss: 0.000728433
 
Best Matthews: 0.29035, Best Accuracy: 66.42562, Best Loss: 0.000854136 at epoch 47
Time Elasped: 00:10:40
========= Epoch 68 =========
Early Stopping activated
 
Best Matthews: 0.29035, Best Accuracy: 66.42562, Best Loss: 0.000854136 at epoch 47
Time Elasped: 00:10:46
Test Set:
0/0: Matthews 0.26787, Accuracy: 65.18847, Loss: 0.001468673
