Namespace(batch_size=32, buffer_size=1, by_source=False, crop_pad_length=30, data='./acceptability_corpus/verb_classes/combined', data_type='discriminator', dropout=0.5, embedding='glove.6B.300d', embedding_path='/scratch/asw462/models/elmo_encoder/elmo.emb', embedding_size=217, encoder_num_layers=2, encoder_path='/scratch/asw462/models/elmo_encoder/elmo.pth', encoding_size=528, encoding_type='lstm_pooling_classifier', epochs=1000, evaluate_train=False, experiment_name='experiment_linear_classifier_h_108_l_2_lr_0.0002_e_217_do_0.5', glove=False, gpu=True, hidden_size=108, imbalance=True, learning_rate=0.00016, lm_path=None, logs_dir='/scratch/asw462/logs/verb_classes/combined', max_pool=False, model='linear_classifier', num_layers=2, output_dir='/scratch/asw462/logs/verb_classes/outputs/combined', patience=20, preprocess_tokenizer='space', prints_per_stage=1, resume=True, resume_file=None, save_loc='/scratch/asw462/models/verb_classes/combined', seed=1111, should_not_log=False, should_not_lowercase=False, should_not_preprocess_data=False, stages_per_epoch=2, train_embeddings=False, train_evaluate_interval=10, vocab_file='/scratch/asw462/data/vocab_100k.tsv')
======== General =======
Model: linear_classifier
GPU: True
Experiment Name: experiment_linear_classifier_h_108_l_2_lr_0.0002_e_217_do_0.5
Save location: /scratch/asw462/models/verb_classes/combined
Logs dir: /scratch/asw462/logs/verb_classes/combined
Timestamp: 2018/08/02 04:19:32
 
======== Data =======
Training set: 4838 examples
Validation set: 968 examples
Test set: 3608 examples
 
======= Parameters =======
Learning Rate: 0.000160
Batch Size: 32
Epochs: 1000
Patience: 20
Stages per Epoch: 2
Embedding: 100004 x 217
Number of layers: 2
Hidden Size: 108
Encoder Size: 528
Resume: True
 
======= Model =======
LinearClassifierWithEncoder(
  (model): LinearClassifier(
    (dropout): Dropout(p=0.5)
    (enc2h): Linear(in_features=1056, out_features=108, bias=True)
    (h20): Linear(in_features=108, out_features=1, bias=True)
    (sigmoid): Sigmoid()
    (tanh): Tanh()
    (softmax): Softmax()
  )
  (encoder): LSTMPoolingClassifierWithELMo(
    (elmo): ELMOClassifier(
      (lm): LSTMLanguageModel(
        (dropout): Dropout(p=0.2)
        (embedding): Embedding(100003, 217)
        (lstm): LSTM(217, 891, num_layers=2, dropout=0.2)
        (fc): Linear(in_features=891, out_features=100003, bias=True)
      )
      (lstms): ModuleList(
        (0): LSTM(217, 891, batch_first=True)
        (1): LSTM(891, 891, batch_first=True)
      )
      (dropout): Dropout(p=0.2)
      (linear_comb): Linear(in_features=2, out_features=1, bias=True)
      (fc1): Linear(in_features=891, out_features=528, bias=True)
      (relu): ReLU()
      (out): Linear(in_features=528, out_features=1, bias=True)
      (sigmoid): Sigmoid()
    )
    (pooling_classifier): LSTMPoolingClassifier(
      (ih2h): LSTM(891, 528, num_layers=3, batch_first=True, dropout=0.2, bidirectional=True)
      (pool2o): Linear(in_features=1056, out_features=1, bias=True)
      (sigmoid): Sigmoid()
      (softmax): Softmax()
      (dropout): Dropout(p=0.2)
    )
  )
)
 
========= Epoch 1 =========
76/152: Matthews 0.08990, Accuracy: 46.90083, Loss: 0.001635036
152/152: Matthews 0.11698, Accuracy: 56.50826, Loss: 0.001627955
 
Best Matthews: 0.11698, Best Accuracy: 56.50826, Best Loss: 0.001627955 at epoch 1
Time Elasped: 00:00:17
========= Epoch 2 =========
76/152: Matthews 0.12842, Accuracy: 55.47521, Loss: 0.001437114
152/152: Matthews 0.11491, Accuracy: 49.89669, Loss: 0.001850322
 
Best Matthews: 0.12842, Best Accuracy: 55.47521, Best Loss: 0.001437114 at epoch 2
Time Elasped: 00:00:27
========= Epoch 3 =========
76/152: Matthews 0.14469, Accuracy: 55.88843, Loss: 0.001769311
152/152: Matthews 0.16113, Accuracy: 58.36777, Loss: 0.001913328
 
Best Matthews: 0.16113, Best Accuracy: 58.36777, Best Loss: 0.001913328 at epoch 3
Time Elasped: 00:00:39
========= Epoch 4 =========
76/152: Matthews 0.17491, Accuracy: 58.47107, Loss: 0.001869391
152/152: Matthews 0.19421, Accuracy: 58.98760, Loss: 0.002007944
 
Best Matthews: 0.19421, Best Accuracy: 58.98760, Best Loss: 0.002007944 at epoch 4
Time Elasped: 00:00:51
========= Epoch 5 =========
76/152: Matthews 0.19826, Accuracy: 58.88430, Loss: 0.001505872
152/152: Matthews 0.21213, Accuracy: 60.74380, Loss: 0.001823534
 
Best Matthews: 0.21213, Best Accuracy: 60.74380, Best Loss: 0.001823534 at epoch 5
Time Elasped: 00:01:03
========= Epoch 6 =========
76/152: Matthews 0.20773, Accuracy: 59.19421, Loss: 0.001632691
152/152: Matthews 0.21133, Accuracy: 62.08678, Loss: 0.001431453
 
Best Matthews: 0.21213, Best Accuracy: 60.74380, Best Loss: 0.001823534 at epoch 5
Time Elasped: 00:01:12
========= Epoch 7 =========
76/152: Matthews 0.22686, Accuracy: 59.40083, Loss: 0.001786997
152/152: Matthews 0.22769, Accuracy: 59.60744, Loss: 0.001508909
 
Best Matthews: 0.22769, Best Accuracy: 59.60744, Best Loss: 0.001508909 at epoch 7
Time Elasped: 00:01:24
========= Epoch 8 =========
76/152: Matthews 0.21522, Accuracy: 58.05785, Loss: 0.001249561
152/152: Matthews 0.20575, Accuracy: 56.71488, Loss: 0.001642494
 
Best Matthews: 0.22769, Best Accuracy: 59.60744, Best Loss: 0.001508909 at epoch 7
Time Elasped: 00:01:33
========= Epoch 9 =========
76/152: Matthews 0.22899, Accuracy: 58.98760, Loss: 0.001261703
152/152: Matthews 0.22502, Accuracy: 59.40083, Loss: 0.001230635
 
Best Matthews: 0.22899, Best Accuracy: 58.98760, Best Loss: 0.001261703 at epoch 9
Time Elasped: 00:01:43
========= Epoch 10 =========
76/152: Matthews 0.24579, Accuracy: 62.60331, Loss: 0.001124564
152/152: Matthews 0.25482, Accuracy: 63.01653, Loss: 0.001393876
 
Best Matthews: 0.25482, Best Accuracy: 63.01653, Best Loss: 0.001393876 at epoch 10
Time Elasped: 00:01:56
========= Epoch 11 =========
76/152: Matthews 0.22106, Accuracy: 58.36777, Loss: 0.001290428
152/152: Matthews 0.25053, Accuracy: 61.36364, Loss: 0.001290613
 
Best Matthews: 0.25482, Best Accuracy: 63.01653, Best Loss: 0.001393876 at epoch 10
Time Elasped: 00:02:05
========= Epoch 12 =========
76/152: Matthews 0.25690, Accuracy: 62.91322, Loss: 0.001004005
152/152: Matthews 0.24818, Accuracy: 63.53306, Loss: 0.001192433
 
Best Matthews: 0.25690, Best Accuracy: 62.91322, Best Loss: 0.001004005 at epoch 12
Time Elasped: 00:02:15
========= Epoch 13 =========
76/152: Matthews 0.23584, Accuracy: 61.46694, Loss: 0.001064509
152/152: Matthews 0.26892, Accuracy: 64.66942, Loss: 0.000923082
 
Best Matthews: 0.26892, Best Accuracy: 64.66942, Best Loss: 0.000923082 at epoch 13
Time Elasped: 00:02:26
========= Epoch 14 =========
76/152: Matthews 0.24040, Accuracy: 60.02066, Loss: 0.000931585
152/152: Matthews 0.29882, Accuracy: 68.28512, Loss: 0.000845907
 
Best Matthews: 0.29882, Best Accuracy: 68.28512, Best Loss: 0.000845907 at epoch 14
Time Elasped: 00:02:36
========= Epoch 15 =========
76/152: Matthews 0.26525, Accuracy: 63.53306, Loss: 0.000970437
152/152: Matthews 0.24389, Accuracy: 60.43388, Loss: 0.000898488
 
Best Matthews: 0.29882, Best Accuracy: 68.28512, Best Loss: 0.000845907 at epoch 14
Time Elasped: 00:02:45
========= Epoch 16 =========
76/152: Matthews 0.26426, Accuracy: 62.80992, Loss: 0.000785049
152/152: Matthews 0.26377, Accuracy: 61.26033, Loss: 0.000807688
 
Best Matthews: 0.29882, Best Accuracy: 68.28512, Best Loss: 0.000845907 at epoch 14
Time Elasped: 00:02:54
========= Epoch 17 =========
76/152: Matthews 0.26766, Accuracy: 63.32645, Loss: 0.000836027
152/152: Matthews 0.26363, Accuracy: 61.67355, Loss: 0.000859341
 
Best Matthews: 0.29882, Best Accuracy: 68.28512, Best Loss: 0.000845907 at epoch 14
Time Elasped: 00:03:03
========= Epoch 18 =========
76/152: Matthews 0.26947, Accuracy: 66.52893, Loss: 0.000932856
152/152: Matthews 0.28335, Accuracy: 67.14876, Loss: 0.000693121
 
Best Matthews: 0.29882, Best Accuracy: 68.28512, Best Loss: 0.000845907 at epoch 14
Time Elasped: 00:03:12
========= Epoch 19 =========
76/152: Matthews 0.25915, Accuracy: 64.56612, Loss: 0.001092278
152/152: Matthews 0.27356, Accuracy: 63.63636, Loss: 0.000731597
 
Best Matthews: 0.29882, Best Accuracy: 68.28512, Best Loss: 0.000845907 at epoch 14
Time Elasped: 00:03:21
========= Epoch 20 =========
76/152: Matthews 0.27849, Accuracy: 64.25620, Loss: 0.000685342
152/152: Matthews 0.27490, Accuracy: 64.97934, Loss: 0.000703174
 
Best Matthews: 0.29882, Best Accuracy: 68.28512, Best Loss: 0.000845907 at epoch 14
Time Elasped: 00:03:29
========= Epoch 21 =========
76/152: Matthews 0.25640, Accuracy: 65.18595, Loss: 0.000943161
152/152: Matthews 0.27396, Accuracy: 64.66942, Loss: 0.000536878
 
Best Matthews: 0.29882, Best Accuracy: 68.28512, Best Loss: 0.000845907 at epoch 14
Time Elasped: 00:03:38
========= Epoch 22 =========
76/152: Matthews 0.26767, Accuracy: 62.39669, Loss: 0.000642371
152/152: Matthews 0.26006, Accuracy: 60.53719, Loss: 0.000774011
 
Best Matthews: 0.29882, Best Accuracy: 68.28512, Best Loss: 0.000845907 at epoch 14
Time Elasped: 00:03:47
========= Epoch 23 =========
76/152: Matthews 0.27397, Accuracy: 62.60331, Loss: 0.000814495
152/152: Matthews 0.25524, Accuracy: 62.39669, Loss: 0.000788784
 
Best Matthews: 0.29882, Best Accuracy: 68.28512, Best Loss: 0.000845907 at epoch 14
Time Elasped: 00:03:56
========= Epoch 24 =========
76/152: Matthews 0.27112, Accuracy: 66.42562, Loss: 0.000650732
152/152: Matthews 0.24838, Accuracy: 64.15289, Loss: 0.000731199
 
Best Matthews: 0.29882, Best Accuracy: 68.28512, Best Loss: 0.000845907 at epoch 14
Time Elasped: 00:04:05
========= Epoch 25 =========
76/152: Matthews 0.25330, Accuracy: 65.08264, Loss: 0.000907790
152/152: Matthews 0.27190, Accuracy: 63.11983, Loss: 0.000644939
 
Best Matthews: 0.29882, Best Accuracy: 68.28512, Best Loss: 0.000845907 at epoch 14
Time Elasped: 00:04:14
========= Epoch 26 =========
76/152: Matthews 0.27152, Accuracy: 63.22314, Loss: 0.000629232
152/152: Matthews 0.26882, Accuracy: 65.59917, Loss: 0.000626189
 
Best Matthews: 0.29882, Best Accuracy: 68.28512, Best Loss: 0.000845907 at epoch 14
Time Elasped: 00:04:23
========= Epoch 27 =========
76/152: Matthews 0.28582, Accuracy: 63.63636, Loss: 0.000565614
152/152: Matthews 0.27563, Accuracy: 66.83884, Loss: 0.000612475
 
Best Matthews: 0.29882, Best Accuracy: 68.28512, Best Loss: 0.000845907 at epoch 14
Time Elasped: 00:04:32
========= Epoch 28 =========
76/152: Matthews 0.26945, Accuracy: 63.84298, Loss: 0.000554576
152/152: Matthews 0.29114, Accuracy: 63.63636, Loss: 0.000619495
 
Best Matthews: 0.29882, Best Accuracy: 68.28512, Best Loss: 0.000845907 at epoch 14
Time Elasped: 00:04:41
========= Epoch 29 =========
76/152: Matthews 0.26485, Accuracy: 59.40083, Loss: 0.000642155
152/152: Matthews 0.26749, Accuracy: 64.56612, Loss: 0.000588372
 
Best Matthews: 0.29882, Best Accuracy: 68.28512, Best Loss: 0.000845907 at epoch 14
Time Elasped: 00:04:50
========= Epoch 30 =========
76/152: Matthews 0.27677, Accuracy: 64.25620, Loss: 0.000515883
152/152: Matthews 0.28616, Accuracy: 62.70661, Loss: 0.000641382
 
Best Matthews: 0.29882, Best Accuracy: 68.28512, Best Loss: 0.000845907 at epoch 14
Time Elasped: 00:04:59
========= Epoch 31 =========
76/152: Matthews 0.27429, Accuracy: 63.94628, Loss: 0.000612950
152/152: Matthews 0.28268, Accuracy: 66.11570, Loss: 0.000550042
 
Best Matthews: 0.29882, Best Accuracy: 68.28512, Best Loss: 0.000845907 at epoch 14
Time Elasped: 00:05:08
========= Epoch 32 =========
76/152: Matthews 0.29428, Accuracy: 63.73967, Loss: 0.000530135
152/152: Matthews 0.27649, Accuracy: 65.90909, Loss: 0.000554052
 
Best Matthews: 0.29882, Best Accuracy: 68.28512, Best Loss: 0.000845907 at epoch 14
Time Elasped: 00:05:16
========= Epoch 33 =========
76/152: Matthews 0.27762, Accuracy: 63.01653, Loss: 0.000572036
152/152: Matthews 0.27490, Accuracy: 64.97934, Loss: 0.000589445
 
Best Matthews: 0.29882, Best Accuracy: 68.28512, Best Loss: 0.000845907 at epoch 14
Time Elasped: 00:05:25
========= Epoch 34 =========
76/152: Matthews 0.27555, Accuracy: 67.35537, Loss: 0.000541916
152/152: Matthews 0.27967, Accuracy: 65.08264, Loss: 0.000460770
 
Best Matthews: 0.29882, Best Accuracy: 68.28512, Best Loss: 0.000845907 at epoch 14
Time Elasped: 00:05:34
========= Epoch 35 =========
Early Stopping activated
 
Best Matthews: 0.29882, Best Accuracy: 68.28512, Best Loss: 0.000845907 at epoch 14
Time Elasped: 00:05:41
Test Set:
0/0: Matthews 0.25599, Accuracy: 66.07539, Loss: 0.001486553
