Namespace(batch_size=32, buffer_size=1, by_source=False, crop_pad_length=30, data='./acceptability_corpus/verb_classes/combined', data_type='discriminator', dropout=0.2, embedding='glove.6B.300d', embedding_path='/scratch/asw462/models/elmo_encoder/elmo.emb', embedding_size=217, encoder_num_layers=2, encoder_path='/scratch/asw462/models/elmo_encoder/elmo.pth', encoding_size=528, encoding_type='lstm_pooling_classifier', epochs=1000, evaluate_train=False, experiment_name='experiment_linear_classifier_h_111_l_1_lr_0.0001_e_217_do_0.2', glove=False, gpu=True, hidden_size=111, imbalance=True, learning_rate=9e-05, lm_path=None, logs_dir='/scratch/asw462/logs/verb_classes/combined', max_pool=False, model='linear_classifier', num_layers=1, output_dir='/scratch/asw462/logs/verb_classes/outputs/combined', patience=20, preprocess_tokenizer='space', prints_per_stage=1, resume=True, resume_file=None, save_loc='/scratch/asw462/models/verb_classes/combined', seed=1111, should_not_log=False, should_not_lowercase=False, should_not_preprocess_data=False, stages_per_epoch=2, train_embeddings=False, train_evaluate_interval=10, vocab_file='/scratch/asw462/data/vocab_100k.tsv')
======== General =======
Model: linear_classifier
GPU: True
Experiment Name: experiment_linear_classifier_h_111_l_1_lr_0.0001_e_217_do_0.2
Save location: /scratch/asw462/models/verb_classes/combined
Logs dir: /scratch/asw462/logs/verb_classes/combined
Timestamp: 2018/08/02 04:19:28
 
======== Data =======
Training set: 4838 examples
Validation set: 968 examples
Test set: 3608 examples
 
======= Parameters =======
Learning Rate: 0.000090
Batch Size: 32
Epochs: 1000
Patience: 20
Stages per Epoch: 2
Embedding: 100004 x 217
Number of layers: 1
Hidden Size: 111
Encoder Size: 528
Resume: True
 
======= Model =======
LinearClassifierWithEncoder(
  (model): LinearClassifier(
    (dropout): Dropout(p=0.2)
    (enc2h): Linear(in_features=1056, out_features=111, bias=True)
    (h20): Linear(in_features=111, out_features=1, bias=True)
    (sigmoid): Sigmoid()
    (tanh): Tanh()
    (softmax): Softmax()
  )
  (encoder): LSTMPoolingClassifierWithELMo(
    (elmo): ELMOClassifier(
      (lm): LSTMLanguageModel(
        (dropout): Dropout(p=0.2)
        (embedding): Embedding(100003, 217)
        (lstm): LSTM(217, 891, num_layers=2, dropout=0.2)
        (fc): Linear(in_features=891, out_features=100003, bias=True)
      )
      (lstms): ModuleList(
        (0): LSTM(217, 891, batch_first=True)
        (1): LSTM(891, 891, batch_first=True)
      )
      (dropout): Dropout(p=0.2)
      (linear_comb): Linear(in_features=2, out_features=1, bias=True)
      (fc1): Linear(in_features=891, out_features=528, bias=True)
      (relu): ReLU()
      (out): Linear(in_features=528, out_features=1, bias=True)
      (sigmoid): Sigmoid()
    )
    (pooling_classifier): LSTMPoolingClassifier(
      (ih2h): LSTM(891, 528, num_layers=3, batch_first=True, dropout=0.2, bidirectional=True)
      (pool2o): Linear(in_features=1056, out_features=1, bias=True)
      (sigmoid): Sigmoid()
      (softmax): Softmax()
      (dropout): Dropout(p=0.2)
    )
  )
)
 
========= Epoch 1 =========
76/152: Matthews 0.12114, Accuracy: 60.74380, Loss: 0.001483944
152/152: Matthews 0.12638, Accuracy: 60.02066, Loss: 0.001521178
 
Best Matthews: 0.12638, Best Accuracy: 60.02066, Best Loss: 0.001521178 at epoch 1
Time Elasped: 00:00:17
========= Epoch 2 =========
76/152: Matthews 0.14583, Accuracy: 57.74793, Loss: 0.001530786
152/152: Matthews 0.14034, Accuracy: 57.33471, Loss: 0.001509047
 
Best Matthews: 0.14583, Best Accuracy: 57.74793, Best Loss: 0.001530786 at epoch 2
Time Elasped: 00:00:28
========= Epoch 3 =========
76/152: Matthews 0.13483, Accuracy: 54.13223, Loss: 0.001591072
152/152: Matthews 0.14180, Accuracy: 54.95868, Loss: 0.001720972
 
Best Matthews: 0.14583, Best Accuracy: 57.74793, Best Loss: 0.001530786 at epoch 2
Time Elasped: 00:00:37
========= Epoch 4 =========
76/152: Matthews 0.15383, Accuracy: 55.88843, Loss: 0.001592419
152/152: Matthews 0.15406, Accuracy: 53.40909, Loss: 0.001528423
 
Best Matthews: 0.15406, Best Accuracy: 53.40909, Best Loss: 0.001528423 at epoch 4
Time Elasped: 00:00:51
========= Epoch 5 =========
76/152: Matthews 0.17662, Accuracy: 56.50826, Loss: 0.001536379
152/152: Matthews 0.20605, Accuracy: 60.02066, Loss: 0.001702859
 
Best Matthews: 0.20605, Best Accuracy: 60.02066, Best Loss: 0.001702859 at epoch 5
Time Elasped: 00:01:04
========= Epoch 6 =========
76/152: Matthews 0.16649, Accuracy: 53.92562, Loss: 0.001733612
152/152: Matthews 0.21998, Accuracy: 60.53719, Loss: 0.001828249
 
Best Matthews: 0.21998, Best Accuracy: 60.53719, Best Loss: 0.001828249 at epoch 6
Time Elasped: 00:01:15
========= Epoch 7 =========
76/152: Matthews 0.20817, Accuracy: 59.50413, Loss: 0.001426319
152/152: Matthews 0.20968, Accuracy: 57.02479, Loss: 0.001562739
 
Best Matthews: 0.21998, Best Accuracy: 60.53719, Best Loss: 0.001828249 at epoch 6
Time Elasped: 00:01:24
========= Epoch 8 =========
76/152: Matthews 0.23193, Accuracy: 61.57025, Loss: 0.001412441
152/152: Matthews 0.22615, Accuracy: 58.47107, Loss: 0.001556202
 
Best Matthews: 0.23193, Best Accuracy: 61.57025, Best Loss: 0.001412441 at epoch 8
Time Elasped: 00:01:35
========= Epoch 9 =========
76/152: Matthews 0.20699, Accuracy: 56.19835, Loss: 0.001607157
152/152: Matthews 0.23538, Accuracy: 59.19421, Loss: 0.001311433
 
Best Matthews: 0.23538, Best Accuracy: 59.19421, Best Loss: 0.001311433 at epoch 9
Time Elasped: 00:01:46
========= Epoch 10 =========
76/152: Matthews 0.24752, Accuracy: 62.60331, Loss: 0.001069199
152/152: Matthews 0.25587, Accuracy: 62.70661, Loss: 0.001608854
 
Best Matthews: 0.25587, Best Accuracy: 62.70661, Best Loss: 0.001608854 at epoch 10
Time Elasped: 00:02:00
========= Epoch 11 =========
76/152: Matthews 0.24873, Accuracy: 61.36364, Loss: 0.001218239
152/152: Matthews 0.25065, Accuracy: 62.70661, Loss: 0.001711938
 
Best Matthews: 0.25587, Best Accuracy: 62.70661, Best Loss: 0.001608854 at epoch 10
Time Elasped: 00:02:09
========= Epoch 12 =========
76/152: Matthews 0.27760, Accuracy: 64.56612, Loss: 0.001198828
152/152: Matthews 0.25173, Accuracy: 62.39669, Loss: 0.001229260
 
Best Matthews: 0.27760, Best Accuracy: 64.56612, Best Loss: 0.001198828 at epoch 12
Time Elasped: 00:02:21
========= Epoch 13 =========
76/152: Matthews 0.26526, Accuracy: 63.01653, Loss: 0.001244873
152/152: Matthews 0.24093, Accuracy: 57.64463, Loss: 0.001305068
 
Best Matthews: 0.27760, Best Accuracy: 64.56612, Best Loss: 0.001198828 at epoch 12
Time Elasped: 00:02:30
========= Epoch 14 =========
76/152: Matthews 0.25549, Accuracy: 61.46694, Loss: 0.000994652
152/152: Matthews 0.26468, Accuracy: 67.04545, Loss: 0.001087797
 
Best Matthews: 0.27760, Best Accuracy: 64.56612, Best Loss: 0.001198828 at epoch 12
Time Elasped: 00:02:39
========= Epoch 15 =========
76/152: Matthews 0.22933, Accuracy: 56.71488, Loss: 0.001195218
152/152: Matthews 0.26452, Accuracy: 62.29339, Loss: 0.001320228
 
Best Matthews: 0.27760, Best Accuracy: 64.56612, Best Loss: 0.001198828 at epoch 12
Time Elasped: 00:02:48
========= Epoch 16 =========
76/152: Matthews 0.26002, Accuracy: 62.08678, Loss: 0.000973594
152/152: Matthews 0.27756, Accuracy: 65.28926, Loss: 0.001105425
 
Best Matthews: 0.27760, Best Accuracy: 64.56612, Best Loss: 0.001198828 at epoch 12
Time Elasped: 00:02:56
========= Epoch 17 =========
76/152: Matthews 0.24891, Accuracy: 60.53719, Loss: 0.001192828
152/152: Matthews 0.24873, Accuracy: 61.36364, Loss: 0.000911580
 
Best Matthews: 0.27760, Best Accuracy: 64.56612, Best Loss: 0.001198828 at epoch 12
Time Elasped: 00:03:05
========= Epoch 18 =========
76/152: Matthews 0.25058, Accuracy: 61.77686, Loss: 0.001144332
152/152: Matthews 0.26357, Accuracy: 59.91736, Loss: 0.001008341
 
Best Matthews: 0.27760, Best Accuracy: 64.56612, Best Loss: 0.001198828 at epoch 12
Time Elasped: 00:03:14
========= Epoch 19 =========
76/152: Matthews 0.26594, Accuracy: 61.57025, Loss: 0.000988517
152/152: Matthews 0.26954, Accuracy: 66.42562, Loss: 0.000930741
 
Best Matthews: 0.27760, Best Accuracy: 64.56612, Best Loss: 0.001198828 at epoch 12
Time Elasped: 00:03:23
========= Epoch 20 =========
76/152: Matthews 0.28416, Accuracy: 66.21901, Loss: 0.000565059
152/152: Matthews 0.28233, Accuracy: 61.98347, Loss: 0.000796543
 
Best Matthews: 0.28416, Best Accuracy: 66.21901, Best Loss: 0.000565059 at epoch 20
Time Elasped: 00:03:33
========= Epoch 21 =========
76/152: Matthews 0.26997, Accuracy: 62.70661, Loss: 0.000738406
152/152: Matthews 0.27352, Accuracy: 62.29339, Loss: 0.000761057
 
Best Matthews: 0.28416, Best Accuracy: 66.21901, Best Loss: 0.000565059 at epoch 20
Time Elasped: 00:03:42
========= Epoch 22 =========
76/152: Matthews 0.27323, Accuracy: 64.97934, Loss: 0.000720774
152/152: Matthews 0.27516, Accuracy: 61.57025, Loss: 0.000815109
 
Best Matthews: 0.28416, Best Accuracy: 66.21901, Best Loss: 0.000565059 at epoch 20
Time Elasped: 00:03:51
========= Epoch 23 =========
76/152: Matthews 0.27328, Accuracy: 63.22314, Loss: 0.000830839
152/152: Matthews 0.27044, Accuracy: 63.53306, Loss: 0.000875306
 
Best Matthews: 0.28416, Best Accuracy: 66.21901, Best Loss: 0.000565059 at epoch 20
Time Elasped: 00:04:00
========= Epoch 24 =========
76/152: Matthews 0.26495, Accuracy: 64.97934, Loss: 0.000714888
152/152: Matthews 0.27166, Accuracy: 64.25620, Loss: 0.000838716
 
Best Matthews: 0.28416, Best Accuracy: 66.21901, Best Loss: 0.000565059 at epoch 20
Time Elasped: 00:04:09
========= Epoch 25 =========
76/152: Matthews 0.27280, Accuracy: 65.18595, Loss: 0.000877114
152/152: Matthews 0.28259, Accuracy: 64.04959, Loss: 0.000834997
 
Best Matthews: 0.28416, Best Accuracy: 66.21901, Best Loss: 0.000565059 at epoch 20
Time Elasped: 00:04:18
========= Epoch 26 =========
76/152: Matthews 0.26685, Accuracy: 64.15289, Loss: 0.000845407
152/152: Matthews 0.30309, Accuracy: 64.66942, Loss: 0.000644262
 
Best Matthews: 0.30309, Best Accuracy: 64.66942, Best Loss: 0.000644262 at epoch 26
Time Elasped: 00:04:28
========= Epoch 27 =========
76/152: Matthews 0.28192, Accuracy: 63.73967, Loss: 0.000676647
152/152: Matthews 0.26311, Accuracy: 65.08264, Loss: 0.000843898
 
Best Matthews: 0.30309, Best Accuracy: 64.66942, Best Loss: 0.000644262 at epoch 26
Time Elasped: 00:04:37
========= Epoch 28 =========
76/152: Matthews 0.27325, Accuracy: 65.90909, Loss: 0.000743028
152/152: Matthews 0.28680, Accuracy: 63.84298, Loss: 0.000651224
 
Best Matthews: 0.30309, Best Accuracy: 64.66942, Best Loss: 0.000644262 at epoch 26
Time Elasped: 00:04:46
========= Epoch 29 =========
76/152: Matthews 0.26465, Accuracy: 62.70661, Loss: 0.000941528
152/152: Matthews 0.27361, Accuracy: 61.15702, Loss: 0.000659235
 
Best Matthews: 0.30309, Best Accuracy: 64.66942, Best Loss: 0.000644262 at epoch 26
Time Elasped: 00:04:55
========= Epoch 30 =========
76/152: Matthews 0.24820, Accuracy: 59.60744, Loss: 0.000826503
152/152: Matthews 0.28860, Accuracy: 66.52893, Loss: 0.000603262
 
Best Matthews: 0.30309, Best Accuracy: 64.66942, Best Loss: 0.000644262 at epoch 26
Time Elasped: 00:05:04
========= Epoch 31 =========
76/152: Matthews 0.26271, Accuracy: 64.46281, Loss: 0.000616842
152/152: Matthews 0.26681, Accuracy: 64.87603, Loss: 0.000667988
 
Best Matthews: 0.30309, Best Accuracy: 64.66942, Best Loss: 0.000644262 at epoch 26
Time Elasped: 00:05:13
========= Epoch 32 =========
76/152: Matthews 0.27891, Accuracy: 66.63223, Loss: 0.000653976
152/152: Matthews 0.27762, Accuracy: 63.01653, Loss: 0.000670675
 
Best Matthews: 0.30309, Best Accuracy: 64.66942, Best Loss: 0.000644262 at epoch 26
Time Elasped: 00:05:22
========= Epoch 33 =========
76/152: Matthews 0.25236, Accuracy: 61.77686, Loss: 0.000982018
152/152: Matthews 0.28402, Accuracy: 66.32231, Loss: 0.000465186
 
Best Matthews: 0.30309, Best Accuracy: 64.66942, Best Loss: 0.000644262 at epoch 26
Time Elasped: 00:05:31
========= Epoch 34 =========
76/152: Matthews 0.26426, Accuracy: 62.80992, Loss: 0.000826810
152/152: Matthews 0.27538, Accuracy: 64.77273, Loss: 0.000576963
 
Best Matthews: 0.30309, Best Accuracy: 64.66942, Best Loss: 0.000644262 at epoch 26
Time Elasped: 00:05:40
========= Epoch 35 =========
76/152: Matthews 0.27085, Accuracy: 64.56612, Loss: 0.000834210
152/152: Matthews 0.26916, Accuracy: 62.91322, Loss: 0.000720037
 
Best Matthews: 0.30309, Best Accuracy: 64.66942, Best Loss: 0.000644262 at epoch 26
Time Elasped: 00:05:49
========= Epoch 36 =========
76/152: Matthews 0.26901, Accuracy: 62.08678, Loss: 0.000692277
152/152: Matthews 0.27465, Accuracy: 63.32645, Loss: 0.000623999
 
Best Matthews: 0.30309, Best Accuracy: 64.66942, Best Loss: 0.000644262 at epoch 26
Time Elasped: 00:05:58
========= Epoch 37 =========
76/152: Matthews 0.24558, Accuracy: 61.26033, Loss: 0.000742351
152/152: Matthews 0.26557, Accuracy: 65.59917, Loss: 0.000598019
 
Best Matthews: 0.30309, Best Accuracy: 64.66942, Best Loss: 0.000644262 at epoch 26
Time Elasped: 00:06:07
========= Epoch 38 =========
76/152: Matthews 0.27549, Accuracy: 61.15702, Loss: 0.000644172
152/152: Matthews 0.26680, Accuracy: 65.90909, Loss: 0.000560066
 
Best Matthews: 0.30309, Best Accuracy: 64.66942, Best Loss: 0.000644262 at epoch 26
Time Elasped: 00:06:16
========= Epoch 39 =========
76/152: Matthews 0.25015, Accuracy: 63.42975, Loss: 0.000802114
152/152: Matthews 0.27166, Accuracy: 64.25620, Loss: 0.000581929
 
Best Matthews: 0.30309, Best Accuracy: 64.66942, Best Loss: 0.000644262 at epoch 26
Time Elasped: 00:06:25
========= Epoch 40 =========
76/152: Matthews 0.28745, Accuracy: 64.15289, Loss: 0.000556857
152/152: Matthews 0.27036, Accuracy: 64.77273, Loss: 0.000691910
 
Best Matthews: 0.30309, Best Accuracy: 64.66942, Best Loss: 0.000644262 at epoch 26
Time Elasped: 00:06:33
========= Epoch 41 =========
76/152: Matthews 0.28066, Accuracy: 65.39256, Loss: 0.000542362
152/152: Matthews 0.25954, Accuracy: 61.77686, Loss: 0.000710357
 
Best Matthews: 0.30309, Best Accuracy: 64.66942, Best Loss: 0.000644262 at epoch 26
Time Elasped: 00:06:42
========= Epoch 42 =========
76/152: Matthews 0.25508, Accuracy: 61.98347, Loss: 0.000894635
152/152: Matthews 0.26119, Accuracy: 60.33058, Loss: 0.000633974
 
Best Matthews: 0.30309, Best Accuracy: 64.66942, Best Loss: 0.000644262 at epoch 26
Time Elasped: 00:06:51
========= Epoch 43 =========
76/152: Matthews 0.25464, Accuracy: 65.28926, Loss: 0.000704256
152/152: Matthews 0.28044, Accuracy: 64.77273, Loss: 0.000551013
 
Best Matthews: 0.30309, Best Accuracy: 64.66942, Best Loss: 0.000644262 at epoch 26
Time Elasped: 00:07:00
========= Epoch 44 =========
76/152: Matthews 0.27843, Accuracy: 63.73967, Loss: 0.000627947
152/152: Matthews 0.27564, Accuracy: 64.66942, Loss: 0.000584393
 
Best Matthews: 0.30309, Best Accuracy: 64.66942, Best Loss: 0.000644262 at epoch 26
Time Elasped: 00:07:09
========= Epoch 45 =========
76/152: Matthews 0.26489, Accuracy: 64.25620, Loss: 0.000559212
152/152: Matthews 0.29073, Accuracy: 63.73967, Loss: 0.000584861
 
Best Matthews: 0.30309, Best Accuracy: 64.66942, Best Loss: 0.000644262 at epoch 26
Time Elasped: 00:07:18
========= Epoch 46 =========
76/152: Matthews 0.30015, Accuracy: 64.04959, Loss: 0.000552474
152/152: Matthews 0.26680, Accuracy: 65.90909, Loss: 0.000631713
 
Best Matthews: 0.30309, Best Accuracy: 64.66942, Best Loss: 0.000644262 at epoch 26
Time Elasped: 00:07:27
========= Epoch 47 =========
Early Stopping activated
 
Best Matthews: 0.30309, Best Accuracy: 64.66942, Best Loss: 0.000644262 at epoch 26
Time Elasped: 00:07:33
Test Set:
0/0: Matthews 0.29042, Accuracy: 64.55100, Loss: 0.001314136
