Namespace(batch_size=32, buffer_size=1, by_source=False, crop_pad_length=30, data='./acceptability_corpus/verb_classes/combined', data_type='discriminator', dropout=0.5, embedding='glove.6B.300d', embedding_path='/scratch/asw462/models/elmo_encoder/elmo.emb', embedding_size=217, encoder_num_layers=2, encoder_path='/scratch/asw462/models/elmo_encoder/elmo.pth', encoding_size=528, encoding_type='lstm_pooling_classifier', epochs=1000, evaluate_train=False, experiment_name='experiment_linear_classifier_h_199_l_4_lr_0.0000_e_217_do_0.5', glove=False, gpu=True, hidden_size=199, imbalance=True, learning_rate=1e-05, lm_path=None, logs_dir='/scratch/asw462/logs/verb_classes/combined', max_pool=False, model='linear_classifier', num_layers=4, output_dir='/scratch/asw462/logs/verb_classes/outputs/combined', patience=20, preprocess_tokenizer='space', prints_per_stage=1, resume=True, resume_file=None, save_loc='/scratch/asw462/models/verb_classes/combined', seed=1111, should_not_log=False, should_not_lowercase=False, should_not_preprocess_data=False, stages_per_epoch=2, train_embeddings=False, train_evaluate_interval=10, vocab_file='/scratch/asw462/data/vocab_100k.tsv')
======== General =======
Model: linear_classifier
GPU: True
Experiment Name: experiment_linear_classifier_h_199_l_4_lr_0.0000_e_217_do_0.5
Save location: /scratch/asw462/models/verb_classes/combined
Logs dir: /scratch/asw462/logs/verb_classes/combined
Timestamp: 2018/08/02 04:19:33
 
======== Data =======
Training set: 4838 examples
Validation set: 968 examples
Test set: 3608 examples
 
======= Parameters =======
Learning Rate: 0.000010
Batch Size: 32
Epochs: 1000
Patience: 20
Stages per Epoch: 2
Embedding: 100004 x 217
Number of layers: 4
Hidden Size: 199
Encoder Size: 528
Resume: True
 
======= Model =======
LinearClassifierWithEncoder(
  (model): LinearClassifier(
    (dropout): Dropout(p=0.5)
    (enc2h): Linear(in_features=1056, out_features=199, bias=True)
    (h20): Linear(in_features=199, out_features=1, bias=True)
    (sigmoid): Sigmoid()
    (tanh): Tanh()
    (softmax): Softmax()
  )
  (encoder): LSTMPoolingClassifierWithELMo(
    (elmo): ELMOClassifier(
      (lm): LSTMLanguageModel(
        (dropout): Dropout(p=0.2)
        (embedding): Embedding(100003, 217)
        (lstm): LSTM(217, 891, num_layers=2, dropout=0.2)
        (fc): Linear(in_features=891, out_features=100003, bias=True)
      )
      (lstms): ModuleList(
        (0): LSTM(217, 891, batch_first=True)
        (1): LSTM(891, 891, batch_first=True)
      )
      (dropout): Dropout(p=0.2)
      (linear_comb): Linear(in_features=2, out_features=1, bias=True)
      (fc1): Linear(in_features=891, out_features=528, bias=True)
      (relu): ReLU()
      (out): Linear(in_features=528, out_features=1, bias=True)
      (sigmoid): Sigmoid()
    )
    (pooling_classifier): LSTMPoolingClassifier(
      (ih2h): LSTM(891, 528, num_layers=3, batch_first=True, dropout=0.2, bidirectional=True)
      (pool2o): Linear(in_features=1056, out_features=1, bias=True)
      (sigmoid): Sigmoid()
      (softmax): Softmax()
      (dropout): Dropout(p=0.2)
    )
  )
)
 
========= Epoch 1 =========
76/152: Matthews 0.12665, Accuracy: 65.90909, Loss: 0.002395886
152/152: Matthews 0.17498, Accuracy: 63.84298, Loss: 0.002145917
 
Best Matthews: 0.17498, Best Accuracy: 63.84298, Best Loss: 0.002145917 at epoch 1
Time Elasped: 00:00:17
========= Epoch 2 =========
76/152: Matthews 0.15020, Accuracy: 62.39669, Loss: 0.001991603
152/152: Matthews 0.17345, Accuracy: 62.50000, Loss: 0.001903862
 
Best Matthews: 0.17498, Best Accuracy: 63.84298, Best Loss: 0.002145917 at epoch 1
Time Elasped: 00:00:26
========= Epoch 3 =========
76/152: Matthews 0.16714, Accuracy: 62.29339, Loss: 0.001816321
152/152: Matthews 0.15917, Accuracy: 61.26033, Loss: 0.001772065
 
Best Matthews: 0.17498, Best Accuracy: 63.84298, Best Loss: 0.002145917 at epoch 1
Time Elasped: 00:00:35
========= Epoch 4 =========
76/152: Matthews 0.14194, Accuracy: 60.64050, Loss: 0.001703665
152/152: Matthews 0.15997, Accuracy: 59.71074, Loss: 0.001660669
 
Best Matthews: 0.17498, Best Accuracy: 63.84298, Best Loss: 0.002145917 at epoch 1
Time Elasped: 00:00:44
========= Epoch 5 =========
76/152: Matthews 0.14901, Accuracy: 59.91736, Loss: 0.001630416
152/152: Matthews 0.15749, Accuracy: 59.40083, Loss: 0.001609151
 
Best Matthews: 0.17498, Best Accuracy: 63.84298, Best Loss: 0.002145917 at epoch 1
Time Elasped: 00:00:52
========= Epoch 6 =========
76/152: Matthews 0.16549, Accuracy: 59.60744, Loss: 0.001613117
152/152: Matthews 0.16625, Accuracy: 58.88430, Loss: 0.001590727
 
Best Matthews: 0.17498, Best Accuracy: 63.84298, Best Loss: 0.002145917 at epoch 1
Time Elasped: 00:01:01
========= Epoch 7 =========
76/152: Matthews 0.15546, Accuracy: 58.47107, Loss: 0.001595552
152/152: Matthews 0.17040, Accuracy: 58.26446, Loss: 0.001590212
 
Best Matthews: 0.17498, Best Accuracy: 63.84298, Best Loss: 0.002145917 at epoch 1
Time Elasped: 00:01:10
========= Epoch 8 =========
76/152: Matthews 0.16976, Accuracy: 58.88430, Loss: 0.001594852
152/152: Matthews 0.16604, Accuracy: 58.47107, Loss: 0.001564136
 
Best Matthews: 0.17498, Best Accuracy: 63.84298, Best Loss: 0.002145917 at epoch 1
Time Elasped: 00:01:19
========= Epoch 9 =========
76/152: Matthews 0.16958, Accuracy: 58.47107, Loss: 0.001556483
152/152: Matthews 0.16267, Accuracy: 57.54132, Loss: 0.001566524
 
Best Matthews: 0.17498, Best Accuracy: 63.84298, Best Loss: 0.002145917 at epoch 1
Time Elasped: 00:01:28
========= Epoch 10 =========
76/152: Matthews 0.15997, Accuracy: 56.92149, Loss: 0.001579365
152/152: Matthews 0.15725, Accuracy: 57.12810, Loss: 0.001564446
 
Best Matthews: 0.17498, Best Accuracy: 63.84298, Best Loss: 0.002145917 at epoch 1
Time Elasped: 00:01:37
========= Epoch 11 =========
76/152: Matthews 0.15320, Accuracy: 56.81818, Loss: 0.001549754
152/152: Matthews 0.15502, Accuracy: 57.23140, Loss: 0.001570042
 
Best Matthews: 0.17498, Best Accuracy: 63.84298, Best Loss: 0.002145917 at epoch 1
Time Elasped: 00:01:45
========= Epoch 12 =========
76/152: Matthews 0.14965, Accuracy: 57.23140, Loss: 0.001581092
152/152: Matthews 0.15320, Accuracy: 56.81818, Loss: 0.001562967
 
Best Matthews: 0.17498, Best Accuracy: 63.84298, Best Loss: 0.002145917 at epoch 1
Time Elasped: 00:01:54
========= Epoch 13 =========
76/152: Matthews 0.14824, Accuracy: 56.71488, Loss: 0.001571157
152/152: Matthews 0.15285, Accuracy: 56.09504, Loss: 0.001583088
 
Best Matthews: 0.17498, Best Accuracy: 63.84298, Best Loss: 0.002145917 at epoch 1
Time Elasped: 00:02:03
========= Epoch 14 =========
76/152: Matthews 0.15500, Accuracy: 56.81818, Loss: 0.001587480
152/152: Matthews 0.14780, Accuracy: 56.81818, Loss: 0.001593788
 
Best Matthews: 0.17498, Best Accuracy: 63.84298, Best Loss: 0.002145917 at epoch 1
Time Elasped: 00:02:12
========= Epoch 15 =========
76/152: Matthews 0.14738, Accuracy: 56.09504, Loss: 0.001592873
152/152: Matthews 0.14240, Accuracy: 55.99174, Loss: 0.001609865
 
Best Matthews: 0.17498, Best Accuracy: 63.84298, Best Loss: 0.002145917 at epoch 1
Time Elasped: 00:02:21
========= Epoch 16 =========
76/152: Matthews 0.14465, Accuracy: 56.71488, Loss: 0.001644255
152/152: Matthews 0.14106, Accuracy: 55.88843, Loss: 0.001617446
 
Best Matthews: 0.17498, Best Accuracy: 63.84298, Best Loss: 0.002145917 at epoch 1
Time Elasped: 00:02:30
========= Epoch 17 =========
76/152: Matthews 0.13386, Accuracy: 55.47521, Loss: 0.001622970
152/152: Matthews 0.14194, Accuracy: 56.50826, Loss: 0.001595458
 
Best Matthews: 0.17498, Best Accuracy: 63.84298, Best Loss: 0.002145917 at epoch 1
Time Elasped: 00:02:38
========= Epoch 18 =========
76/152: Matthews 0.13386, Accuracy: 55.47521, Loss: 0.001609103
152/152: Matthews 0.14013, Accuracy: 56.09504, Loss: 0.001577558
 
Best Matthews: 0.17498, Best Accuracy: 63.84298, Best Loss: 0.002145917 at epoch 1
Time Elasped: 00:02:47
========= Epoch 19 =========
76/152: Matthews 0.13743, Accuracy: 56.30165, Loss: 0.001543656
152/152: Matthews 0.13520, Accuracy: 55.57851, Loss: 0.001575701
 
Best Matthews: 0.17498, Best Accuracy: 63.84298, Best Loss: 0.002145917 at epoch 1
Time Elasped: 00:02:56
========= Epoch 20 =========
76/152: Matthews 0.13520, Accuracy: 55.57851, Loss: 0.001598593
152/152: Matthews 0.13655, Accuracy: 55.68182, Loss: 0.001580264
 
Best Matthews: 0.17498, Best Accuracy: 63.84298, Best Loss: 0.002145917 at epoch 1
Time Elasped: 00:03:05
========= Epoch 21 =========
76/152: Matthews 0.13836, Accuracy: 55.68182, Loss: 0.001575252
152/152: Matthews 0.13655, Accuracy: 55.68182, Loss: 0.001597670
 
Best Matthews: 0.17498, Best Accuracy: 63.84298, Best Loss: 0.002145917 at epoch 1
Time Elasped: 00:03:14
========= Epoch 22 =========
Early Stopping activated
 
Best Matthews: 0.17498, Best Accuracy: 63.84298, Best Loss: 0.002145917 at epoch 1
Time Elasped: 00:03:20
Test Set:
0/0: Matthews 0.24431, Accuracy: 66.29712, Loss: 0.001918082
