Namespace(batch_size=32, buffer_size=1, by_source=False, crop_pad_length=30, data='./acceptability_corpus/verb_classes/combined', data_type='discriminator', dropout=0.2, embedding='glove.6B.300d', embedding_path='/scratch/asw462/models/elmo_encoder/elmo.emb', embedding_size=217, encoder_num_layers=2, encoder_path='/scratch/asw462/models/elmo_encoder/elmo.pth', encoding_size=528, encoding_type='lstm_pooling_classifier', epochs=1000, evaluate_train=False, experiment_name='experiment_linear_classifier_h_158_l_2_lr_0.0001_e_217_do_0.2', glove=False, gpu=True, hidden_size=158, imbalance=True, learning_rate=6e-05, lm_path=None, logs_dir='/scratch/asw462/logs/verb_classes/combined', max_pool=False, model='linear_classifier', num_layers=2, output_dir='/scratch/asw462/logs/verb_classes/outputs/combined', patience=20, preprocess_tokenizer='space', prints_per_stage=1, resume=True, resume_file=None, save_loc='/scratch/asw462/models/verb_classes/combined', seed=1111, should_not_log=False, should_not_lowercase=False, should_not_preprocess_data=False, stages_per_epoch=2, train_embeddings=False, train_evaluate_interval=10, vocab_file='/scratch/asw462/data/vocab_100k.tsv')
======== General =======
Model: linear_classifier
GPU: True
Experiment Name: experiment_linear_classifier_h_158_l_2_lr_0.0001_e_217_do_0.2
Save location: /scratch/asw462/models/verb_classes/combined
Logs dir: /scratch/asw462/logs/verb_classes/combined
Timestamp: 2018/08/02 04:19:33
 
======== Data =======
Training set: 4838 examples
Validation set: 968 examples
Test set: 3608 examples
 
======= Parameters =======
Learning Rate: 0.000060
Batch Size: 32
Epochs: 1000
Patience: 20
Stages per Epoch: 2
Embedding: 100004 x 217
Number of layers: 2
Hidden Size: 158
Encoder Size: 528
Resume: True
 
======= Model =======
LinearClassifierWithEncoder(
  (model): LinearClassifier(
    (dropout): Dropout(p=0.2)
    (enc2h): Linear(in_features=1056, out_features=158, bias=True)
    (h20): Linear(in_features=158, out_features=1, bias=True)
    (sigmoid): Sigmoid()
    (tanh): Tanh()
    (softmax): Softmax()
  )
  (encoder): LSTMPoolingClassifierWithELMo(
    (elmo): ELMOClassifier(
      (lm): LSTMLanguageModel(
        (dropout): Dropout(p=0.2)
        (embedding): Embedding(100003, 217)
        (lstm): LSTM(217, 891, num_layers=2, dropout=0.2)
        (fc): Linear(in_features=891, out_features=100003, bias=True)
      )
      (lstms): ModuleList(
        (0): LSTM(217, 891, batch_first=True)
        (1): LSTM(891, 891, batch_first=True)
      )
      (dropout): Dropout(p=0.2)
      (linear_comb): Linear(in_features=2, out_features=1, bias=True)
      (fc1): Linear(in_features=891, out_features=528, bias=True)
      (relu): ReLU()
      (out): Linear(in_features=528, out_features=1, bias=True)
      (sigmoid): Sigmoid()
    )
    (pooling_classifier): LSTMPoolingClassifier(
      (ih2h): LSTM(891, 528, num_layers=3, batch_first=True, dropout=0.2, bidirectional=True)
      (pool2o): Linear(in_features=1056, out_features=1, bias=True)
      (sigmoid): Sigmoid()
      (softmax): Softmax()
      (dropout): Dropout(p=0.2)
    )
  )
)
 
========= Epoch 1 =========
76/152: Matthews 0.12138, Accuracy: 60.64050, Loss: 0.001780584
152/152: Matthews 0.14840, Accuracy: 57.54132, Loss: 0.001506386
 
Best Matthews: 0.14840, Best Accuracy: 57.54132, Best Loss: 0.001506386 at epoch 1
Time Elasped: 00:00:33
========= Epoch 2 =========
76/152: Matthews 0.14691, Accuracy: 56.19835, Loss: 0.001538290
152/152: Matthews 0.14314, Accuracy: 55.06198, Loss: 0.001563929
 
Best Matthews: 0.14840, Best Accuracy: 57.54132, Best Loss: 0.001506386 at epoch 1
Time Elasped: 00:00:58
========= Epoch 3 =========
76/152: Matthews 0.13004, Accuracy: 53.61570, Loss: 0.001606853
152/152: Matthews 0.13529, Accuracy: 55.16529, Loss: 0.001571161
 
Best Matthews: 0.14840, Best Accuracy: 57.54132, Best Loss: 0.001506386 at epoch 1
Time Elasped: 00:01:22
========= Epoch 4 =========
76/152: Matthews 0.13761, Accuracy: 55.06198, Loss: 0.001659305
152/152: Matthews 0.14839, Accuracy: 53.71901, Loss: 0.001581400
 
Best Matthews: 0.14840, Best Accuracy: 57.54132, Best Loss: 0.001506386 at epoch 1
Time Elasped: 00:01:47
========= Epoch 5 =========
76/152: Matthews 0.15084, Accuracy: 54.64876, Loss: 0.001856588
152/152: Matthews 0.17753, Accuracy: 57.85124, Loss: 0.001663245
 
Best Matthews: 0.17753, Best Accuracy: 57.85124, Best Loss: 0.001663245 at epoch 5
Time Elasped: 00:02:15
========= Epoch 6 =========
76/152: Matthews 0.16938, Accuracy: 58.98760, Loss: 0.001812008
152/152: Matthews 0.18886, Accuracy: 57.02479, Loss: 0.001689629
 
Best Matthews: 0.18886, Best Accuracy: 57.02479, Best Loss: 0.001689629 at epoch 6
Time Elasped: 00:02:42
========= Epoch 7 =========
76/152: Matthews 0.19608, Accuracy: 59.40083, Loss: 0.001576143
152/152: Matthews 0.17321, Accuracy: 55.06198, Loss: 0.001817293
 
Best Matthews: 0.19608, Best Accuracy: 59.40083, Best Loss: 0.001576143 at epoch 7
Time Elasped: 00:03:08
========= Epoch 8 =========
76/152: Matthews 0.20730, Accuracy: 57.43802, Loss: 0.001733612
152/152: Matthews 0.17668, Accuracy: 52.99587, Loss: 0.001828038
 
Best Matthews: 0.20730, Best Accuracy: 57.43802, Best Loss: 0.001733612 at epoch 8
Time Elasped: 00:03:35
========= Epoch 9 =========
76/152: Matthews 0.21540, Accuracy: 59.50413, Loss: 0.001396031
152/152: Matthews 0.21785, Accuracy: 62.19008, Loss: 0.001743076
 
Best Matthews: 0.21785, Best Accuracy: 62.19008, Best Loss: 0.001743076 at epoch 9
Time Elasped: 00:04:03
========= Epoch 10 =========
76/152: Matthews 0.19199, Accuracy: 55.47521, Loss: 0.001604182
152/152: Matthews 0.26683, Accuracy: 62.60331, Loss: 0.001736516
 
Best Matthews: 0.26683, Best Accuracy: 62.60331, Best Loss: 0.001736516 at epoch 10
Time Elasped: 00:04:29
========= Epoch 11 =========
76/152: Matthews 0.25188, Accuracy: 61.46694, Loss: 0.001477508
152/152: Matthews 0.26225, Accuracy: 61.98347, Loss: 0.001557525
 
Best Matthews: 0.26683, Best Accuracy: 62.60331, Best Loss: 0.001736516 at epoch 10
Time Elasped: 00:04:54
========= Epoch 12 =========
76/152: Matthews 0.26177, Accuracy: 63.01653, Loss: 0.001489845
152/152: Matthews 0.25059, Accuracy: 60.95041, Loss: 0.001624621
 
Best Matthews: 0.26683, Best Accuracy: 62.60331, Best Loss: 0.001736516 at epoch 10
Time Elasped: 00:05:19
========= Epoch 13 =========
76/152: Matthews 0.21710, Accuracy: 58.05785, Loss: 0.001767874
152/152: Matthews 0.25954, Accuracy: 61.77686, Loss: 0.001017738
 
Best Matthews: 0.26683, Best Accuracy: 62.60331, Best Loss: 0.001736516 at epoch 10
Time Elasped: 00:05:44
========= Epoch 14 =========
76/152: Matthews 0.24624, Accuracy: 60.33058, Loss: 0.001375844
152/152: Matthews 0.23331, Accuracy: 58.88430, Loss: 0.001454883
 
Best Matthews: 0.26683, Best Accuracy: 62.60331, Best Loss: 0.001736516 at epoch 10
Time Elasped: 00:06:09
========= Epoch 15 =========
76/152: Matthews 0.22675, Accuracy: 56.50826, Loss: 0.001408195
152/152: Matthews 0.21598, Accuracy: 58.26446, Loss: 0.001752464
 
Best Matthews: 0.26683, Best Accuracy: 62.60331, Best Loss: 0.001736516 at epoch 10
Time Elasped: 00:06:35
========= Epoch 16 =========
76/152: Matthews 0.27704, Accuracy: 63.63636, Loss: 0.001316745
152/152: Matthews 0.27230, Accuracy: 63.01653, Loss: 0.001267810
 
Best Matthews: 0.27704, Best Accuracy: 63.63636, Best Loss: 0.001316745 at epoch 16
Time Elasped: 00:07:01
========= Epoch 17 =========
76/152: Matthews 0.26916, Accuracy: 62.91322, Loss: 0.001243230
152/152: Matthews 0.26675, Accuracy: 62.19008, Loss: 0.001345965
 
Best Matthews: 0.27704, Best Accuracy: 63.63636, Best Loss: 0.001316745 at epoch 16
Time Elasped: 00:07:26
========= Epoch 18 =========
76/152: Matthews 0.26289, Accuracy: 62.70661, Loss: 0.001130269
152/152: Matthews 0.24757, Accuracy: 60.43388, Loss: 0.001143824
 
Best Matthews: 0.27704, Best Accuracy: 63.63636, Best Loss: 0.001316745 at epoch 16
Time Elasped: 00:07:51
========= Epoch 19 =========
76/152: Matthews 0.21676, Accuracy: 56.81818, Loss: 0.001554294
152/152: Matthews 0.25959, Accuracy: 62.19008, Loss: 0.001097338
 
Best Matthews: 0.27704, Best Accuracy: 63.63636, Best Loss: 0.001316745 at epoch 16
Time Elasped: 00:08:17
========= Epoch 20 =========
76/152: Matthews 0.24783, Accuracy: 61.15702, Loss: 0.001144390
152/152: Matthews 0.26137, Accuracy: 62.19008, Loss: 0.001169772
 
Best Matthews: 0.27704, Best Accuracy: 63.63636, Best Loss: 0.001316745 at epoch 16
Time Elasped: 00:08:42
========= Epoch 21 =========
76/152: Matthews 0.26465, Accuracy: 62.70661, Loss: 0.000993973
152/152: Matthews 0.26328, Accuracy: 62.60331, Loss: 0.000957734
 
Best Matthews: 0.27704, Best Accuracy: 63.63636, Best Loss: 0.001316745 at epoch 16
Time Elasped: 00:09:07
========= Epoch 22 =========
76/152: Matthews 0.25075, Accuracy: 60.53719, Loss: 0.001042102
152/152: Matthews 0.27388, Accuracy: 65.49587, Loss: 0.000868319
 
Best Matthews: 0.27704, Best Accuracy: 63.63636, Best Loss: 0.001316745 at epoch 16
Time Elasped: 00:09:32
========= Epoch 23 =========
76/152: Matthews 0.27280, Accuracy: 65.18595, Loss: 0.001056311
152/152: Matthews 0.26225, Accuracy: 61.98347, Loss: 0.000840609
 
Best Matthews: 0.27704, Best Accuracy: 63.63636, Best Loss: 0.001316745 at epoch 16
Time Elasped: 00:09:58
========= Epoch 24 =========
76/152: Matthews 0.25459, Accuracy: 61.67355, Loss: 0.000937587
152/152: Matthews 0.26452, Accuracy: 62.29339, Loss: 0.001045569
 
Best Matthews: 0.27704, Best Accuracy: 63.63636, Best Loss: 0.001316745 at epoch 16
Time Elasped: 00:10:23
========= Epoch 25 =========
76/152: Matthews 0.26743, Accuracy: 63.94628, Loss: 0.001132578
152/152: Matthews 0.26525, Accuracy: 63.53306, Loss: 0.000833149
 
Best Matthews: 0.27704, Best Accuracy: 63.63636, Best Loss: 0.001316745 at epoch 16
Time Elasped: 00:10:48
========= Epoch 26 =========
76/152: Matthews 0.26945, Accuracy: 63.84298, Loss: 0.000828151
152/152: Matthews 0.27601, Accuracy: 63.94628, Loss: 0.000916285
 
Best Matthews: 0.27704, Best Accuracy: 63.63636, Best Loss: 0.001316745 at epoch 16
Time Elasped: 00:11:14
========= Epoch 27 =========
76/152: Matthews 0.27591, Accuracy: 65.28926, Loss: 0.000949140
152/152: Matthews 0.27023, Accuracy: 60.74380, Loss: 0.000891294
 
Best Matthews: 0.27704, Best Accuracy: 63.63636, Best Loss: 0.001316745 at epoch 16
Time Elasped: 00:11:39
========= Epoch 28 =========
76/152: Matthews 0.26681, Accuracy: 64.87603, Loss: 0.000815586
152/152: Matthews 0.28255, Accuracy: 63.11983, Loss: 0.000790713
 
Best Matthews: 0.28255, Best Accuracy: 63.11983, Best Loss: 0.000790713 at epoch 28
Time Elasped: 00:12:06
========= Epoch 29 =========
76/152: Matthews 0.28835, Accuracy: 64.97934, Loss: 0.000702310
152/152: Matthews 0.25316, Accuracy: 59.09091, Loss: 0.000891318
 
Best Matthews: 0.28835, Best Accuracy: 64.97934, Best Loss: 0.000702310 at epoch 29
Time Elasped: 00:12:33
========= Epoch 30 =========
76/152: Matthews 0.28919, Accuracy: 64.15289, Loss: 0.000730885
152/152: Matthews 0.27913, Accuracy: 64.04959, Loss: 0.000812155
 
Best Matthews: 0.28919, Best Accuracy: 64.15289, Best Loss: 0.000730885 at epoch 30
Time Elasped: 00:12:59
========= Epoch 31 =========
76/152: Matthews 0.24253, Accuracy: 57.12810, Loss: 0.000904904
152/152: Matthews 0.27195, Accuracy: 64.15289, Loss: 0.000807962
 
Best Matthews: 0.28919, Best Accuracy: 64.15289, Best Loss: 0.000730885 at epoch 30
Time Elasped: 00:13:25
========= Epoch 32 =========
76/152: Matthews 0.26702, Accuracy: 60.64050, Loss: 0.000762865
152/152: Matthews 0.28527, Accuracy: 63.32645, Loss: 0.000779057
 
Best Matthews: 0.28919, Best Accuracy: 64.15289, Best Loss: 0.000730885 at epoch 30
Time Elasped: 00:13:50
========= Epoch 33 =========
76/152: Matthews 0.26884, Accuracy: 64.04959, Loss: 0.000654570
152/152: Matthews 0.29156, Accuracy: 63.53306, Loss: 0.000736452
 
Best Matthews: 0.29156, Best Accuracy: 63.53306, Best Loss: 0.000736452 at epoch 33
Time Elasped: 00:14:17
========= Epoch 34 =========
76/152: Matthews 0.27843, Accuracy: 63.73967, Loss: 0.000832302
152/152: Matthews 0.27537, Accuracy: 64.15289, Loss: 0.000745251
 
Best Matthews: 0.29156, Best Accuracy: 63.53306, Best Loss: 0.000736452 at epoch 33
Time Elasped: 00:14:42
========= Epoch 35 =========
76/152: Matthews 0.25977, Accuracy: 60.95041, Loss: 0.000934479
152/152: Matthews 0.29720, Accuracy: 66.21901, Loss: 0.000626261
 
Best Matthews: 0.29720, Best Accuracy: 66.21901, Best Loss: 0.000626261 at epoch 35
Time Elasped: 00:15:09
========= Epoch 36 =========
76/152: Matthews 0.29267, Accuracy: 64.66942, Loss: 0.000626608
152/152: Matthews 0.28492, Accuracy: 67.87190, Loss: 0.000819631
 
Best Matthews: 0.29720, Best Accuracy: 66.21901, Best Loss: 0.000626261 at epoch 35
Time Elasped: 00:15:35
========= Epoch 37 =========
76/152: Matthews 0.28849, Accuracy: 64.35950, Loss: 0.000577704
152/152: Matthews 0.29267, Accuracy: 67.35537, Loss: 0.000606250
 
Best Matthews: 0.29720, Best Accuracy: 66.21901, Best Loss: 0.000626261 at epoch 35
Time Elasped: 00:16:00
========= Epoch 38 =========
76/152: Matthews 0.27571, Accuracy: 65.39256, Loss: 0.000741360
152/152: Matthews 0.28710, Accuracy: 64.25620, Loss: 0.000792777
 
Best Matthews: 0.29720, Best Accuracy: 66.21901, Best Loss: 0.000626261 at epoch 35
Time Elasped: 00:16:25
========= Epoch 39 =========
76/152: Matthews 0.28332, Accuracy: 64.35950, Loss: 0.000683921
152/152: Matthews 0.28100, Accuracy: 64.56612, Loss: 0.000686565
 
Best Matthews: 0.29720, Best Accuracy: 66.21901, Best Loss: 0.000626261 at epoch 35
Time Elasped: 00:16:50
========= Epoch 40 =========
76/152: Matthews 0.29407, Accuracy: 64.77273, Loss: 0.000644816
152/152: Matthews 0.29232, Accuracy: 64.25620, Loss: 0.000725977
 
Best Matthews: 0.29720, Best Accuracy: 66.21901, Best Loss: 0.000626261 at epoch 35
Time Elasped: 00:17:15
========= Epoch 41 =========
76/152: Matthews 0.28505, Accuracy: 63.84298, Loss: 0.000874496
152/152: Matthews 0.29157, Accuracy: 66.73554, Loss: 0.000567257
 
Best Matthews: 0.29720, Best Accuracy: 66.21901, Best Loss: 0.000626261 at epoch 35
Time Elasped: 00:17:41
========= Epoch 42 =========
76/152: Matthews 0.27537, Accuracy: 64.15289, Loss: 0.000864821
152/152: Matthews 0.29721, Accuracy: 67.87190, Loss: 0.000605585
 
Best Matthews: 0.29721, Best Accuracy: 67.87190, Best Loss: 0.000605585 at epoch 42
Time Elasped: 00:18:08
========= Epoch 43 =========
76/152: Matthews 0.26450, Accuracy: 61.88017, Loss: 0.000848469
152/152: Matthews 0.29879, Accuracy: 63.94628, Loss: 0.000590692
 
Best Matthews: 0.29879, Best Accuracy: 63.94628, Best Loss: 0.000590692 at epoch 43
Time Elasped: 00:18:35
========= Epoch 44 =========
76/152: Matthews 0.28607, Accuracy: 64.04959, Loss: 0.000765805
152/152: Matthews 0.27992, Accuracy: 64.97934, Loss: 0.000667487
 
Best Matthews: 0.29879, Best Accuracy: 63.94628, Best Loss: 0.000590692 at epoch 43
Time Elasped: 00:19:00
========= Epoch 45 =========
76/152: Matthews 0.27251, Accuracy: 61.36364, Loss: 0.000694743
152/152: Matthews 0.29196, Accuracy: 64.35950, Loss: 0.000719300
 
Best Matthews: 0.29879, Best Accuracy: 63.94628, Best Loss: 0.000590692 at epoch 43
Time Elasped: 00:19:25
========= Epoch 46 =========
76/152: Matthews 0.27054, Accuracy: 64.04959, Loss: 0.000639190
152/152: Matthews 0.27136, Accuracy: 65.08264, Loss: 0.000670086
 
Best Matthews: 0.29879, Best Accuracy: 63.94628, Best Loss: 0.000590692 at epoch 43
Time Elasped: 00:19:51
========= Epoch 47 =========
76/152: Matthews 0.29033, Accuracy: 63.84298, Loss: 0.000708361
152/152: Matthews 0.27495, Accuracy: 63.73967, Loss: 0.000633797
 
Best Matthews: 0.29879, Best Accuracy: 63.94628, Best Loss: 0.000590692 at epoch 43
Time Elasped: 00:20:16
========= Epoch 48 =========
76/152: Matthews 0.30111, Accuracy: 64.25620, Loss: 0.000713221
152/152: Matthews 0.25438, Accuracy: 64.46281, Loss: 0.000744849
 
Best Matthews: 0.30111, Best Accuracy: 64.25620, Best Loss: 0.000713221 at epoch 48
Time Elasped: 00:20:43
========= Epoch 49 =========
76/152: Matthews 0.29267, Accuracy: 64.66942, Loss: 0.000633660
152/152: Matthews 0.27371, Accuracy: 64.77273, Loss: 0.000746807
 
Best Matthews: 0.30111, Best Accuracy: 64.25620, Best Loss: 0.000713221 at epoch 48
Time Elasped: 00:21:08
========= Epoch 50 =========
76/152: Matthews 0.27449, Accuracy: 64.46281, Loss: 0.000650110
152/152: Matthews 0.27944, Accuracy: 65.18595, Loss: 0.000657081
 
Best Matthews: 0.30111, Best Accuracy: 64.25620, Best Loss: 0.000713221 at epoch 48
Time Elasped: 00:21:34
========= Epoch 51 =========
76/152: Matthews 0.27136, Accuracy: 65.08264, Loss: 0.000737897
152/152: Matthews 0.28376, Accuracy: 65.49587, Loss: 0.000570174
 
Best Matthews: 0.30111, Best Accuracy: 64.25620, Best Loss: 0.000713221 at epoch 48
Time Elasped: 00:21:59
========= Epoch 52 =========
76/152: Matthews 0.28364, Accuracy: 64.25620, Loss: 0.000700211
152/152: Matthews 0.26515, Accuracy: 64.87603, Loss: 0.000853002
 
Best Matthews: 0.30111, Best Accuracy: 64.25620, Best Loss: 0.000713221 at epoch 48
Time Elasped: 00:22:24
========= Epoch 53 =========
76/152: Matthews 0.29407, Accuracy: 64.77273, Loss: 0.000829545
152/152: Matthews 0.28044, Accuracy: 64.77273, Loss: 0.000580212
 
Best Matthews: 0.30111, Best Accuracy: 64.25620, Best Loss: 0.000713221 at epoch 48
Time Elasped: 00:22:49
========= Epoch 54 =========
76/152: Matthews 0.26905, Accuracy: 63.42975, Loss: 0.000676802
152/152: Matthews 0.28017, Accuracy: 64.87603, Loss: 0.000633380
 
Best Matthews: 0.30111, Best Accuracy: 64.25620, Best Loss: 0.000713221 at epoch 48
Time Elasped: 00:23:15
========= Epoch 55 =========
76/152: Matthews 0.29234, Accuracy: 65.39256, Loss: 0.000604959
152/152: Matthews 0.30056, Accuracy: 63.53306, Loss: 0.000635368
 
Best Matthews: 0.30111, Best Accuracy: 64.25620, Best Loss: 0.000713221 at epoch 48
Time Elasped: 00:23:40
========= Epoch 56 =========
76/152: Matthews 0.27716, Accuracy: 65.49587, Loss: 0.000735230
152/152: Matthews 0.27044, Accuracy: 65.59917, Loss: 0.000585036
 
Best Matthews: 0.30111, Best Accuracy: 64.25620, Best Loss: 0.000713221 at epoch 48
Time Elasped: 00:24:05
========= Epoch 57 =========
76/152: Matthews 0.26604, Accuracy: 65.28926, Loss: 0.000580578
152/152: Matthews 0.26395, Accuracy: 65.59917, Loss: 0.000676124
 
Best Matthews: 0.30111, Best Accuracy: 64.25620, Best Loss: 0.000713221 at epoch 48
Time Elasped: 00:24:30
========= Epoch 58 =========
76/152: Matthews 0.26825, Accuracy: 64.97934, Loss: 0.000649452
152/152: Matthews 0.27490, Accuracy: 64.97934, Loss: 0.000750478
 
Best Matthews: 0.30111, Best Accuracy: 64.25620, Best Loss: 0.000713221 at epoch 48
Time Elasped: 00:24:55
========= Epoch 59 =========
76/152: Matthews 0.27749, Accuracy: 66.42562, Loss: 0.000698295
152/152: Matthews 0.27680, Accuracy: 65.70248, Loss: 0.000789961
 
Best Matthews: 0.30111, Best Accuracy: 64.25620, Best Loss: 0.000713221 at epoch 48
Time Elasped: 00:25:21
========= Epoch 60 =========
76/152: Matthews 0.28119, Accuracy: 63.01653, Loss: 0.000646114
152/152: Matthews 0.29023, Accuracy: 64.35950, Loss: 0.000662165
 
Best Matthews: 0.30111, Best Accuracy: 64.25620, Best Loss: 0.000713221 at epoch 48
Time Elasped: 00:25:46
========= Epoch 61 =========
76/152: Matthews 0.28956, Accuracy: 64.56612, Loss: 0.000564007
152/152: Matthews 0.28278, Accuracy: 65.18595, Loss: 0.000628927
 
Best Matthews: 0.30111, Best Accuracy: 64.25620, Best Loss: 0.000713221 at epoch 48
Time Elasped: 00:26:11
========= Epoch 62 =========
76/152: Matthews 0.28230, Accuracy: 63.63636, Loss: 0.000698247
152/152: Matthews 0.25899, Accuracy: 65.70248, Loss: 0.000707929
 
Best Matthews: 0.30111, Best Accuracy: 64.25620, Best Loss: 0.000713221 at epoch 48
Time Elasped: 00:26:36
========= Epoch 63 =========
76/152: Matthews 0.27095, Accuracy: 66.73554, Loss: 0.000702893
152/152: Matthews 0.27706, Accuracy: 64.77273, Loss: 0.000655909
 
Best Matthews: 0.30111, Best Accuracy: 64.25620, Best Loss: 0.000713221 at epoch 48
Time Elasped: 00:27:02
========= Epoch 64 =========
76/152: Matthews 0.29829, Accuracy: 63.63636, Loss: 0.000663730
152/152: Matthews 0.27446, Accuracy: 65.18595, Loss: 0.000828690
 
Best Matthews: 0.30111, Best Accuracy: 64.25620, Best Loss: 0.000713221 at epoch 48
Time Elasped: 00:27:27
========= Epoch 65 =========
76/152: Matthews 0.27664, Accuracy: 65.80579, Loss: 0.000583329
152/152: Matthews 0.28582, Accuracy: 64.66942, Loss: 0.000896137
 
Best Matthews: 0.30111, Best Accuracy: 64.25620, Best Loss: 0.000713221 at epoch 48
Time Elasped: 00:27:52
========= Epoch 66 =========
76/152: Matthews 0.27581, Accuracy: 66.52893, Loss: 0.000722947
152/152: Matthews 0.27477, Accuracy: 64.35950, Loss: 0.000717442
 
Best Matthews: 0.30111, Best Accuracy: 64.25620, Best Loss: 0.000713221 at epoch 48
Time Elasped: 00:28:18
========= Epoch 67 =========
76/152: Matthews 0.26571, Accuracy: 65.49587, Loss: 0.000619449
152/152: Matthews 0.23935, Accuracy: 59.50413, Loss: 0.000914733
 
Best Matthews: 0.30111, Best Accuracy: 64.25620, Best Loss: 0.000713221 at epoch 48
Time Elasped: 00:28:43
========= Epoch 68 =========
76/152: Matthews 0.25894, Accuracy: 64.66942, Loss: 0.000684391
152/152: Matthews 0.26681, Accuracy: 64.87603, Loss: 0.000690918
 
Best Matthews: 0.30111, Best Accuracy: 64.25620, Best Loss: 0.000713221 at epoch 48
Time Elasped: 00:29:08
========= Epoch 69 =========
Early Stopping activated
 
Best Matthews: 0.30111, Best Accuracy: 64.25620, Best Loss: 0.000713221 at epoch 48
Time Elasped: 00:29:22
Test Set:
0/0: Matthews 0.28239, Accuracy: 63.96896, Loss: 0.001333999
