Namespace(batch_size=32, buffer_size=1, by_source=False, crop_pad_length=30, data='./acceptability_corpus/verb_classes/combined', data_type='discriminator', dropout=0.5, embedding='glove.6B.300d', embedding_path='/scratch/asw462/models/elmo_encoder/elmo.emb', embedding_size=217, encoder_num_layers=2, encoder_path='/scratch/asw462/models/elmo_encoder/elmo.pth', encoding_size=528, encoding_type='lstm_pooling_classifier', epochs=1000, evaluate_train=False, experiment_name='experiment_linear_classifier_h_141_l_3_lr_0.0000_e_217_do_0.5', glove=False, gpu=True, hidden_size=141, imbalance=True, learning_rate=3e-05, lm_path=None, logs_dir='/scratch/asw462/logs/verb_classes/combined', max_pool=False, model='linear_classifier', num_layers=3, output_dir='/scratch/asw462/logs/verb_classes/outputs/combined', patience=20, preprocess_tokenizer='space', prints_per_stage=1, resume=True, resume_file=None, save_loc='/scratch/asw462/models/verb_classes/combined', seed=1111, should_not_log=False, should_not_lowercase=False, should_not_preprocess_data=False, stages_per_epoch=2, train_embeddings=False, train_evaluate_interval=10, vocab_file='/scratch/asw462/data/vocab_100k.tsv')
======== General =======
Model: linear_classifier
GPU: True
Experiment Name: experiment_linear_classifier_h_141_l_3_lr_0.0000_e_217_do_0.5
Save location: /scratch/asw462/models/verb_classes/combined
Logs dir: /scratch/asw462/logs/verb_classes/combined
Timestamp: 2018/08/02 04:19:33
 
======== Data =======
Training set: 4838 examples
Validation set: 968 examples
Test set: 3608 examples
 
======= Parameters =======
Learning Rate: 0.000030
Batch Size: 32
Epochs: 1000
Patience: 20
Stages per Epoch: 2
Embedding: 100004 x 217
Number of layers: 3
Hidden Size: 141
Encoder Size: 528
Resume: True
 
======= Model =======
LinearClassifierWithEncoder(
  (model): LinearClassifier(
    (dropout): Dropout(p=0.5)
    (enc2h): Linear(in_features=1056, out_features=141, bias=True)
    (h20): Linear(in_features=141, out_features=1, bias=True)
    (sigmoid): Sigmoid()
    (tanh): Tanh()
    (softmax): Softmax()
  )
  (encoder): LSTMPoolingClassifierWithELMo(
    (elmo): ELMOClassifier(
      (lm): LSTMLanguageModel(
        (dropout): Dropout(p=0.2)
        (embedding): Embedding(100003, 217)
        (lstm): LSTM(217, 891, num_layers=2, dropout=0.2)
        (fc): Linear(in_features=891, out_features=100003, bias=True)
      )
      (lstms): ModuleList(
        (0): LSTM(217, 891, batch_first=True)
        (1): LSTM(891, 891, batch_first=True)
      )
      (dropout): Dropout(p=0.2)
      (linear_comb): Linear(in_features=2, out_features=1, bias=True)
      (fc1): Linear(in_features=891, out_features=528, bias=True)
      (relu): ReLU()
      (out): Linear(in_features=528, out_features=1, bias=True)
      (sigmoid): Sigmoid()
    )
    (pooling_classifier): LSTMPoolingClassifier(
      (ih2h): LSTM(891, 528, num_layers=3, batch_first=True, dropout=0.2, bidirectional=True)
      (pool2o): Linear(in_features=1056, out_features=1, bias=True)
      (sigmoid): Sigmoid()
      (softmax): Softmax()
      (dropout): Dropout(p=0.2)
    )
  )
)
 
========= Epoch 1 =========
76/152: Matthews 0.09811, Accuracy: 57.85124, Loss: 0.002370880
152/152: Matthews 0.12704, Accuracy: 60.43388, Loss: 0.001910111
 
Best Matthews: 0.12704, Best Accuracy: 60.43388, Best Loss: 0.001910111 at epoch 1
Time Elasped: 00:00:17
========= Epoch 2 =========
76/152: Matthews 0.12262, Accuracy: 58.36777, Loss: 0.001714712
152/152: Matthews 0.12208, Accuracy: 57.02479, Loss: 0.001630071
 
Best Matthews: 0.12704, Best Accuracy: 60.43388, Best Loss: 0.001910111 at epoch 1
Time Elasped: 00:00:26
========= Epoch 3 =========
76/152: Matthews 0.14780, Accuracy: 56.40496, Loss: 0.001622764
152/152: Matthews 0.14786, Accuracy: 55.99174, Loss: 0.001554544
 
Best Matthews: 0.14786, Best Accuracy: 55.99174, Best Loss: 0.001554544 at epoch 3
Time Elasped: 00:00:40
========= Epoch 4 =========
76/152: Matthews 0.13434, Accuracy: 56.61157, Loss: 0.001498954
152/152: Matthews 0.12012, Accuracy: 56.61157, Loss: 0.001528850
 
Best Matthews: 0.14786, Best Accuracy: 55.99174, Best Loss: 0.001554544 at epoch 3
Time Elasped: 00:00:49
========= Epoch 5 =========
76/152: Matthews 0.13269, Accuracy: 57.02479, Loss: 0.001521207
152/152: Matthews 0.11704, Accuracy: 52.16942, Loss: 0.001604586
 
Best Matthews: 0.14786, Best Accuracy: 55.99174, Best Loss: 0.001554544 at epoch 3
Time Elasped: 00:00:58
========= Epoch 6 =========
76/152: Matthews 0.13968, Accuracy: 56.19835, Loss: 0.001618385
152/152: Matthews 0.13743, Accuracy: 55.88843, Loss: 0.001528265
 
Best Matthews: 0.14786, Best Accuracy: 55.99174, Best Loss: 0.001554544 at epoch 3
Time Elasped: 00:01:06
========= Epoch 7 =========
76/152: Matthews 0.12444, Accuracy: 54.75207, Loss: 0.001524375
152/152: Matthews 0.13341, Accuracy: 56.40496, Loss: 0.001611524
 
Best Matthews: 0.14786, Best Accuracy: 55.99174, Best Loss: 0.001554544 at epoch 3
Time Elasped: 00:01:15
========= Epoch 8 =========
76/152: Matthews 0.12273, Accuracy: 54.33884, Loss: 0.001562986
152/152: Matthews 0.12662, Accuracy: 55.88843, Loss: 0.001600867
 
Best Matthews: 0.14786, Best Accuracy: 55.99174, Best Loss: 0.001554544 at epoch 3
Time Elasped: 00:01:24
========= Epoch 9 =========
76/152: Matthews 0.12935, Accuracy: 55.26860, Loss: 0.001689962
152/152: Matthews 0.11993, Accuracy: 54.54545, Loss: 0.001620917
 
Best Matthews: 0.14786, Best Accuracy: 55.99174, Best Loss: 0.001554544 at epoch 3
Time Elasped: 00:01:33
========= Epoch 10 =========
76/152: Matthews 0.12887, Accuracy: 55.78512, Loss: 0.001586172
152/152: Matthews 0.12978, Accuracy: 55.99174, Loss: 0.001643400
 
Best Matthews: 0.14786, Best Accuracy: 55.99174, Best Loss: 0.001554544 at epoch 3
Time Elasped: 00:01:42
========= Epoch 11 =========
76/152: Matthews 0.13677, Accuracy: 54.85537, Loss: 0.001637411
152/152: Matthews 0.14150, Accuracy: 54.64876, Loss: 0.001665791
 
Best Matthews: 0.14786, Best Accuracy: 55.99174, Best Loss: 0.001554544 at epoch 3
Time Elasped: 00:01:51
========= Epoch 12 =========
76/152: Matthews 0.13846, Accuracy: 55.26860, Loss: 0.001633491
152/152: Matthews 0.14148, Accuracy: 56.19835, Loss: 0.001606274
 
Best Matthews: 0.14786, Best Accuracy: 55.99174, Best Loss: 0.001554544 at epoch 3
Time Elasped: 00:01:59
========= Epoch 13 =========
76/152: Matthews 0.14419, Accuracy: 56.40496, Loss: 0.001633946
152/152: Matthews 0.16179, Accuracy: 55.06198, Loss: 0.001577391
 
Best Matthews: 0.16179, Best Accuracy: 55.06198, Best Loss: 0.001577391 at epoch 13
Time Elasped: 00:02:12
========= Epoch 14 =========
76/152: Matthews 0.16091, Accuracy: 56.71488, Loss: 0.001722727
152/152: Matthews 0.15782, Accuracy: 54.75207, Loss: 0.001672196
 
Best Matthews: 0.16179, Best Accuracy: 55.06198, Best Loss: 0.001577391 at epoch 13
Time Elasped: 00:02:21
========= Epoch 15 =========
76/152: Matthews 0.18309, Accuracy: 57.43802, Loss: 0.001629581
152/152: Matthews 0.18790, Accuracy: 58.36777, Loss: 0.001705102
 
Best Matthews: 0.18790, Best Accuracy: 58.36777, Best Loss: 0.001705102 at epoch 15
Time Elasped: 00:02:34
========= Epoch 16 =========
76/152: Matthews 0.18434, Accuracy: 58.78099, Loss: 0.001507941
152/152: Matthews 0.18380, Accuracy: 56.92149, Loss: 0.001657401
 
Best Matthews: 0.18790, Best Accuracy: 58.36777, Best Loss: 0.001705102 at epoch 15
Time Elasped: 00:02:43
========= Epoch 17 =========
76/152: Matthews 0.17616, Accuracy: 55.88843, Loss: 0.001779527
152/152: Matthews 0.19261, Accuracy: 57.74793, Loss: 0.001643974
 
Best Matthews: 0.19261, Best Accuracy: 57.74793, Best Loss: 0.001643974 at epoch 17
Time Elasped: 00:02:53
========= Epoch 18 =========
76/152: Matthews 0.20412, Accuracy: 59.19421, Loss: 0.001580728
152/152: Matthews 0.18145, Accuracy: 56.30165, Loss: 0.001681019
 
Best Matthews: 0.20412, Best Accuracy: 59.19421, Best Loss: 0.001580728 at epoch 18
Time Elasped: 00:03:03
========= Epoch 19 =========
76/152: Matthews 0.19414, Accuracy: 56.40496, Loss: 0.001769324
152/152: Matthews 0.18487, Accuracy: 56.71488, Loss: 0.001625651
 
Best Matthews: 0.20412, Best Accuracy: 59.19421, Best Loss: 0.001580728 at epoch 18
Time Elasped: 00:03:12
========= Epoch 20 =========
76/152: Matthews 0.20235, Accuracy: 58.78099, Loss: 0.001624685
152/152: Matthews 0.20380, Accuracy: 58.47107, Loss: 0.001597577
 
Best Matthews: 0.20412, Best Accuracy: 59.19421, Best Loss: 0.001580728 at epoch 18
Time Elasped: 00:03:21
========= Epoch 21 =========
76/152: Matthews 0.21224, Accuracy: 59.40083, Loss: 0.001819825
152/152: Matthews 0.20267, Accuracy: 57.95455, Loss: 0.001556221
 
Best Matthews: 0.21224, Best Accuracy: 59.40083, Best Loss: 0.001819825 at epoch 21
Time Elasped: 00:03:31
========= Epoch 22 =========
76/152: Matthews 0.21282, Accuracy: 58.88430, Loss: 0.001660858
152/152: Matthews 0.21066, Accuracy: 58.57438, Loss: 0.001675988
 
Best Matthews: 0.21282, Best Accuracy: 58.88430, Best Loss: 0.001660858 at epoch 22
Time Elasped: 00:03:42
========= Epoch 23 =========
76/152: Matthews 0.20550, Accuracy: 60.64050, Loss: 0.001570647
152/152: Matthews 0.19072, Accuracy: 55.68182, Loss: 0.001656346
 
Best Matthews: 0.21282, Best Accuracy: 58.88430, Best Loss: 0.001660858 at epoch 22
Time Elasped: 00:03:51
========= Epoch 24 =========
76/152: Matthews 0.22634, Accuracy: 58.78099, Loss: 0.001584885
152/152: Matthews 0.23755, Accuracy: 60.22727, Loss: 0.001803099
 
Best Matthews: 0.23755, Best Accuracy: 60.22727, Best Loss: 0.001803099 at epoch 24
Time Elasped: 00:04:02
========= Epoch 25 =========
76/152: Matthews 0.22820, Accuracy: 59.50413, Loss: 0.001529993
152/152: Matthews 0.23483, Accuracy: 59.29752, Loss: 0.001818798
 
Best Matthews: 0.23755, Best Accuracy: 60.22727, Best Loss: 0.001803099 at epoch 24
Time Elasped: 00:04:11
========= Epoch 26 =========
76/152: Matthews 0.22254, Accuracy: 61.26033, Loss: 0.001654155
152/152: Matthews 0.22426, Accuracy: 58.47107, Loss: 0.001710350
 
Best Matthews: 0.23755, Best Accuracy: 60.22727, Best Loss: 0.001803099 at epoch 24
Time Elasped: 00:04:20
========= Epoch 27 =========
76/152: Matthews 0.23004, Accuracy: 59.50413, Loss: 0.001530372
152/152: Matthews 0.24467, Accuracy: 61.05372, Loss: 0.001605940
 
Best Matthews: 0.24467, Best Accuracy: 61.05372, Best Loss: 0.001605940 at epoch 27
Time Elasped: 00:04:31
========= Epoch 28 =========
76/152: Matthews 0.24891, Accuracy: 60.53719, Loss: 0.001718703
152/152: Matthews 0.24072, Accuracy: 60.33058, Loss: 0.001407249
 
Best Matthews: 0.24891, Best Accuracy: 60.53719, Best Loss: 0.001718703 at epoch 28
Time Elasped: 00:04:41
========= Epoch 29 =========
76/152: Matthews 0.23351, Accuracy: 59.19421, Loss: 0.001398977
152/152: Matthews 0.24040, Accuracy: 60.02066, Loss: 0.001590280
 
Best Matthews: 0.24891, Best Accuracy: 60.53719, Best Loss: 0.001718703 at epoch 28
Time Elasped: 00:04:50
========= Epoch 30 =========
76/152: Matthews 0.24256, Accuracy: 60.33058, Loss: 0.001522010
152/152: Matthews 0.24793, Accuracy: 63.01653, Loss: 0.001557822
 
Best Matthews: 0.24891, Best Accuracy: 60.53719, Best Loss: 0.001718703 at epoch 28
Time Elasped: 00:04:59
========= Epoch 31 =========
76/152: Matthews 0.25059, Accuracy: 60.95041, Loss: 0.001539609
152/152: Matthews 0.25604, Accuracy: 62.19008, Loss: 0.001461890
 
Best Matthews: 0.25604, Best Accuracy: 62.19008, Best Loss: 0.001461890 at epoch 31
Time Elasped: 00:05:10
========= Epoch 32 =========
76/152: Matthews 0.23086, Accuracy: 58.98760, Loss: 0.001499159
152/152: Matthews 0.25662, Accuracy: 62.50000, Loss: 0.001469840
 
Best Matthews: 0.25662, Best Accuracy: 62.50000, Best Loss: 0.001469840 at epoch 32
Time Elasped: 00:05:21
========= Epoch 33 =========
76/152: Matthews 0.26151, Accuracy: 62.60331, Loss: 0.001541342
152/152: Matthews 0.26045, Accuracy: 61.98347, Loss: 0.001447110
 
Best Matthews: 0.26151, Best Accuracy: 62.60331, Best Loss: 0.001541342 at epoch 33
Time Elasped: 00:05:31
========= Epoch 34 =========
76/152: Matthews 0.25193, Accuracy: 61.05372, Loss: 0.001494578
152/152: Matthews 0.23561, Accuracy: 59.50413, Loss: 0.001372922
 
Best Matthews: 0.26151, Best Accuracy: 62.60331, Best Loss: 0.001541342 at epoch 33
Time Elasped: 00:05:40
========= Epoch 35 =========
76/152: Matthews 0.25108, Accuracy: 60.84711, Loss: 0.001380029
152/152: Matthews 0.25503, Accuracy: 61.57025, Loss: 0.001469683
 
Best Matthews: 0.26151, Best Accuracy: 62.60331, Best Loss: 0.001541342 at epoch 33
Time Elasped: 00:05:49
========= Epoch 36 =========
76/152: Matthews 0.25024, Accuracy: 60.64050, Loss: 0.001530589
152/152: Matthews 0.26871, Accuracy: 63.53306, Loss: 0.001535771
 
Best Matthews: 0.26871, Best Accuracy: 63.53306, Best Loss: 0.001535771 at epoch 36
Time Elasped: 00:05:59
========= Epoch 37 =========
76/152: Matthews 0.25193, Accuracy: 61.05372, Loss: 0.001416401
152/152: Matthews 0.24918, Accuracy: 61.26033, Loss: 0.001386783
 
Best Matthews: 0.26871, Best Accuracy: 63.53306, Best Loss: 0.001535771 at epoch 36
Time Elasped: 00:06:08
========= Epoch 38 =========
76/152: Matthews 0.25467, Accuracy: 62.08678, Loss: 0.001491144
152/152: Matthews 0.23406, Accuracy: 59.09091, Loss: 0.001546839
 
Best Matthews: 0.26871, Best Accuracy: 63.53306, Best Loss: 0.001535771 at epoch 36
Time Elasped: 00:06:17
========= Epoch 39 =========
76/152: Matthews 0.26002, Accuracy: 62.08678, Loss: 0.001392242
152/152: Matthews 0.24964, Accuracy: 61.57025, Loss: 0.001384686
 
Best Matthews: 0.26871, Best Accuracy: 63.53306, Best Loss: 0.001535771 at epoch 36
Time Elasped: 00:06:26
========= Epoch 40 =========
76/152: Matthews 0.26593, Accuracy: 63.32645, Loss: 0.001341250
152/152: Matthews 0.24199, Accuracy: 59.71074, Loss: 0.001279786
 
Best Matthews: 0.26871, Best Accuracy: 63.53306, Best Loss: 0.001535771 at epoch 36
Time Elasped: 00:06:35
========= Epoch 41 =========
76/152: Matthews 0.24964, Accuracy: 61.57025, Loss: 0.001324425
152/152: Matthews 0.24358, Accuracy: 60.12397, Loss: 0.001265697
 
Best Matthews: 0.26871, Best Accuracy: 63.53306, Best Loss: 0.001535771 at epoch 36
Time Elasped: 00:06:43
========= Epoch 42 =========
76/152: Matthews 0.26724, Accuracy: 62.50000, Loss: 0.001276923
152/152: Matthews 0.26316, Accuracy: 62.19008, Loss: 0.001233415
 
Best Matthews: 0.26871, Best Accuracy: 63.53306, Best Loss: 0.001535771 at epoch 36
Time Elasped: 00:06:52
========= Epoch 43 =========
76/152: Matthews 0.27115, Accuracy: 63.32645, Loss: 0.001265658
152/152: Matthews 0.25684, Accuracy: 61.57025, Loss: 0.001291516
 
Best Matthews: 0.27115, Best Accuracy: 63.32645, Best Loss: 0.001265658 at epoch 43
Time Elasped: 00:07:03
========= Epoch 44 =========
76/152: Matthews 0.26002, Accuracy: 62.08678, Loss: 0.001203343
152/152: Matthews 0.25145, Accuracy: 61.15702, Loss: 0.001309128
 
Best Matthews: 0.27115, Best Accuracy: 63.32645, Best Loss: 0.001265658 at epoch 43
Time Elasped: 00:07:12
========= Epoch 45 =========
76/152: Matthews 0.27947, Accuracy: 63.94628, Loss: 0.001211003
152/152: Matthews 0.25145, Accuracy: 61.15702, Loss: 0.001248507
 
Best Matthews: 0.27947, Best Accuracy: 63.94628, Best Loss: 0.001211003 at epoch 45
Time Elasped: 00:07:22
========= Epoch 46 =========
76/152: Matthews 0.25778, Accuracy: 61.36364, Loss: 0.001161755
152/152: Matthews 0.25823, Accuracy: 62.08678, Loss: 0.001262967
 
Best Matthews: 0.27947, Best Accuracy: 63.94628, Best Loss: 0.001211003 at epoch 45
Time Elasped: 00:07:31
========= Epoch 47 =========
76/152: Matthews 0.24573, Accuracy: 60.43388, Loss: 0.001310249
152/152: Matthews 0.27015, Accuracy: 63.11983, Loss: 0.001119095
 
Best Matthews: 0.27947, Best Accuracy: 63.94628, Best Loss: 0.001211003 at epoch 45
Time Elasped: 00:07:40
========= Epoch 48 =========
76/152: Matthews 0.26089, Accuracy: 61.88017, Loss: 0.001067629
152/152: Matthews 0.25877, Accuracy: 62.39669, Loss: 0.001180974
 
Best Matthews: 0.27947, Best Accuracy: 63.94628, Best Loss: 0.001211003 at epoch 45
Time Elasped: 00:07:48
========= Epoch 49 =========
76/152: Matthews 0.25740, Accuracy: 62.29339, Loss: 0.001231629
152/152: Matthews 0.26905, Accuracy: 63.42975, Loss: 0.001086300
 
Best Matthews: 0.27947, Best Accuracy: 63.94628, Best Loss: 0.001211003 at epoch 45
Time Elasped: 00:07:57
========= Epoch 50 =========
76/152: Matthews 0.26316, Accuracy: 62.19008, Loss: 0.001090391
152/152: Matthews 0.27641, Accuracy: 63.32645, Loss: 0.001077417
 
Best Matthews: 0.27947, Best Accuracy: 63.94628, Best Loss: 0.001211003 at epoch 45
Time Elasped: 00:08:06
========= Epoch 51 =========
76/152: Matthews 0.27289, Accuracy: 63.84298, Loss: 0.001126070
152/152: Matthews 0.23389, Accuracy: 58.78099, Loss: 0.001231363
 
Best Matthews: 0.27947, Best Accuracy: 63.94628, Best Loss: 0.001211003 at epoch 45
Time Elasped: 00:08:15
========= Epoch 52 =========
76/152: Matthews 0.27428, Accuracy: 63.42975, Loss: 0.000959653
152/152: Matthews 0.25323, Accuracy: 61.57025, Loss: 0.001139369
 
Best Matthews: 0.27947, Best Accuracy: 63.94628, Best Loss: 0.001211003 at epoch 45
Time Elasped: 00:08:24
========= Epoch 53 =========
76/152: Matthews 0.26977, Accuracy: 63.22314, Loss: 0.001176709
152/152: Matthews 0.25596, Accuracy: 61.36364, Loss: 0.001034532
 
Best Matthews: 0.27947, Best Accuracy: 63.94628, Best Loss: 0.001211003 at epoch 45
Time Elasped: 00:08:33
========= Epoch 54 =========
76/152: Matthews 0.27879, Accuracy: 63.63636, Loss: 0.000943381
152/152: Matthews 0.27507, Accuracy: 64.25620, Loss: 0.001135201
 
Best Matthews: 0.27947, Best Accuracy: 63.94628, Best Loss: 0.001211003 at epoch 45
Time Elasped: 00:08:42
========= Epoch 55 =========
76/152: Matthews 0.28071, Accuracy: 64.66942, Loss: 0.001043685
152/152: Matthews 0.25368, Accuracy: 61.46694, Loss: 0.001067062
 
Best Matthews: 0.28071, Best Accuracy: 64.66942, Best Loss: 0.001043685 at epoch 55
Time Elasped: 00:08:52
========= Epoch 56 =========
76/152: Matthews 0.26779, Accuracy: 62.80992, Loss: 0.000986245
152/152: Matthews 0.26232, Accuracy: 62.39669, Loss: 0.001083755
 
Best Matthews: 0.28071, Best Accuracy: 64.66942, Best Loss: 0.001043685 at epoch 55
Time Elasped: 00:09:01
========= Epoch 57 =========
76/152: Matthews 0.26977, Accuracy: 63.73967, Loss: 0.001093223
152/152: Matthews 0.27311, Accuracy: 62.80992, Loss: 0.000957276
 
Best Matthews: 0.28071, Best Accuracy: 64.66942, Best Loss: 0.001043685 at epoch 55
Time Elasped: 00:09:10
========= Epoch 58 =========
76/152: Matthews 0.27025, Accuracy: 64.15289, Loss: 0.000912953
152/152: Matthews 0.26698, Accuracy: 63.53306, Loss: 0.001045056
 
Best Matthews: 0.28071, Best Accuracy: 64.66942, Best Loss: 0.001043685 at epoch 55
Time Elasped: 00:09:19
========= Epoch 59 =========
76/152: Matthews 0.28130, Accuracy: 64.46281, Loss: 0.000977731
152/152: Matthews 0.27741, Accuracy: 63.53306, Loss: 0.000924246
 
Best Matthews: 0.28130, Best Accuracy: 64.46281, Best Loss: 0.000977731 at epoch 59
Time Elasped: 00:09:29
========= Epoch 60 =========
76/152: Matthews 0.25549, Accuracy: 61.46694, Loss: 0.000970713
152/152: Matthews 0.27328, Accuracy: 63.22314, Loss: 0.000949796
 
Best Matthews: 0.28130, Best Accuracy: 64.46281, Best Loss: 0.000977731 at epoch 59
Time Elasped: 00:09:38
========= Epoch 61 =========
76/152: Matthews 0.28364, Accuracy: 64.25620, Loss: 0.000921393
152/152: Matthews 0.27568, Accuracy: 64.04959, Loss: 0.000940695
 
Best Matthews: 0.28364, Best Accuracy: 64.25620, Best Loss: 0.000921393 at epoch 61
Time Elasped: 00:09:48
========= Epoch 62 =========
76/152: Matthews 0.27422, Accuracy: 64.56612, Loss: 0.000964477
152/152: Matthews 0.27843, Accuracy: 63.73967, Loss: 0.000893176
 
Best Matthews: 0.28364, Best Accuracy: 64.25620, Best Loss: 0.000921393 at epoch 61
Time Elasped: 00:09:57
========= Epoch 63 =========
76/152: Matthews 0.27322, Accuracy: 63.73967, Loss: 0.000958333
152/152: Matthews 0.26732, Accuracy: 63.42975, Loss: 0.000973737
 
Best Matthews: 0.28364, Best Accuracy: 64.25620, Best Loss: 0.000921393 at epoch 61
Time Elasped: 00:10:06
========= Epoch 64 =========
76/152: Matthews 0.24964, Accuracy: 61.15702, Loss: 0.000990244
152/152: Matthews 0.27253, Accuracy: 63.42975, Loss: 0.000888815
 
Best Matthews: 0.28364, Best Accuracy: 64.25620, Best Loss: 0.000921393 at epoch 61
Time Elasped: 00:10:15
========= Epoch 65 =========
76/152: Matthews 0.28054, Accuracy: 63.63636, Loss: 0.000887867
152/152: Matthews 0.27126, Accuracy: 62.39669, Loss: 0.000853440
 
Best Matthews: 0.28364, Best Accuracy: 64.25620, Best Loss: 0.000921393 at epoch 61
Time Elasped: 00:10:24
========= Epoch 66 =========
76/152: Matthews 0.28433, Accuracy: 64.04959, Loss: 0.000834245
152/152: Matthews 0.26903, Accuracy: 62.50000, Loss: 0.000860584
 
Best Matthews: 0.28433, Best Accuracy: 64.04959, Best Loss: 0.000834245 at epoch 66
Time Elasped: 00:10:34
========= Epoch 67 =========
76/152: Matthews 0.24157, Accuracy: 60.53719, Loss: 0.001047229
152/152: Matthews 0.27680, Accuracy: 63.22314, Loss: 0.000827129
 
Best Matthews: 0.28433, Best Accuracy: 64.04959, Best Loss: 0.000834245 at epoch 66
Time Elasped: 00:10:43
========= Epoch 68 =========
76/152: Matthews 0.27504, Accuracy: 63.22314, Loss: 0.000803463
152/152: Matthews 0.27311, Accuracy: 62.80992, Loss: 0.000901645
 
Best Matthews: 0.28433, Best Accuracy: 64.04959, Best Loss: 0.000834245 at epoch 66
Time Elasped: 00:10:52
========= Epoch 69 =========
76/152: Matthews 0.26516, Accuracy: 64.15289, Loss: 0.000859159
152/152: Matthews 0.28919, Accuracy: 64.15289, Loss: 0.000756484
 
Best Matthews: 0.28919, Best Accuracy: 64.15289, Best Loss: 0.000756484 at epoch 69
Time Elasped: 00:11:02
========= Epoch 70 =========
76/152: Matthews 0.26977, Accuracy: 63.73967, Loss: 0.000847960
152/152: Matthews 0.26685, Accuracy: 64.15289, Loss: 0.000803074
 
Best Matthews: 0.28919, Best Accuracy: 64.15289, Best Loss: 0.000756484 at epoch 69
Time Elasped: 00:11:11
========= Epoch 71 =========
76/152: Matthews 0.26633, Accuracy: 63.73967, Loss: 0.000916547
152/152: Matthews 0.27779, Accuracy: 63.42975, Loss: 0.000869955
 
Best Matthews: 0.28919, Best Accuracy: 64.15289, Best Loss: 0.000756484 at epoch 69
Time Elasped: 00:11:20
========= Epoch 72 =========
76/152: Matthews 0.26892, Accuracy: 64.66942, Loss: 0.000779867
152/152: Matthews 0.27603, Accuracy: 63.42975, Loss: 0.000875432
 
Best Matthews: 0.28919, Best Accuracy: 64.15289, Best Loss: 0.000756484 at epoch 69
Time Elasped: 00:11:29
========= Epoch 73 =========
76/152: Matthews 0.26454, Accuracy: 63.22314, Loss: 0.001015542
152/152: Matthews 0.27397, Accuracy: 64.04959, Loss: 0.000795497
 
Best Matthews: 0.28919, Best Accuracy: 64.15289, Best Loss: 0.000756484 at epoch 69
Time Elasped: 00:11:38
========= Epoch 74 =========
76/152: Matthews 0.28818, Accuracy: 63.94628, Loss: 0.000807806
152/152: Matthews 0.27532, Accuracy: 62.70661, Loss: 0.000904440
 
Best Matthews: 0.28919, Best Accuracy: 64.15289, Best Loss: 0.000756484 at epoch 69
Time Elasped: 00:11:47
========= Epoch 75 =========
76/152: Matthews 0.27029, Accuracy: 65.70248, Loss: 0.000835414
152/152: Matthews 0.27261, Accuracy: 62.50000, Loss: 0.000811658
 
Best Matthews: 0.28919, Best Accuracy: 64.15289, Best Loss: 0.000756484 at epoch 69
Time Elasped: 00:11:56
========= Epoch 76 =========
76/152: Matthews 0.27225, Accuracy: 64.04959, Loss: 0.000785703
152/152: Matthews 0.26714, Accuracy: 64.04959, Loss: 0.000841802
 
Best Matthews: 0.28919, Best Accuracy: 64.15289, Best Loss: 0.000756484 at epoch 69
Time Elasped: 00:12:04
========= Epoch 77 =========
76/152: Matthews 0.26970, Accuracy: 65.08264, Loss: 0.000754508
152/152: Matthews 0.28956, Accuracy: 64.04959, Loss: 0.000841413
 
Best Matthews: 0.28956, Best Accuracy: 64.04959, Best Loss: 0.000841413 at epoch 77
Time Elasped: 00:12:15
========= Epoch 78 =========
76/152: Matthews 0.28719, Accuracy: 63.73967, Loss: 0.000836683
152/152: Matthews 0.27804, Accuracy: 62.91322, Loss: 0.000774739
 
Best Matthews: 0.28956, Best Accuracy: 64.04959, Best Loss: 0.000841413 at epoch 77
Time Elasped: 00:12:24
========= Epoch 79 =========
76/152: Matthews 0.25742, Accuracy: 60.33058, Loss: 0.000808829
152/152: Matthews 0.26719, Accuracy: 65.59917, Loss: 0.000888592
 
Best Matthews: 0.28956, Best Accuracy: 64.04959, Best Loss: 0.000841413 at epoch 77
Time Elasped: 00:12:33
========= Epoch 80 =========
76/152: Matthews 0.27111, Accuracy: 64.46281, Loss: 0.000808365
152/152: Matthews 0.27217, Accuracy: 62.19008, Loss: 0.000816975
 
Best Matthews: 0.28956, Best Accuracy: 64.04959, Best Loss: 0.000841413 at epoch 77
Time Elasped: 00:12:41
========= Epoch 81 =========
76/152: Matthews 0.27774, Accuracy: 63.94628, Loss: 0.000770788
152/152: Matthews 0.27495, Accuracy: 63.73967, Loss: 0.000842655
 
Best Matthews: 0.28956, Best Accuracy: 64.04959, Best Loss: 0.000841413 at epoch 77
Time Elasped: 00:12:50
========= Epoch 82 =========
76/152: Matthews 0.26431, Accuracy: 63.84298, Loss: 0.000761566
152/152: Matthews 0.26392, Accuracy: 64.66942, Loss: 0.000796294
 
Best Matthews: 0.28956, Best Accuracy: 64.04959, Best Loss: 0.000841413 at epoch 77
Time Elasped: 00:12:59
========= Epoch 83 =========
76/152: Matthews 0.27115, Accuracy: 63.32645, Loss: 0.000844783
152/152: Matthews 0.28543, Accuracy: 63.73967, Loss: 0.000747780
 
Best Matthews: 0.28956, Best Accuracy: 64.04959, Best Loss: 0.000841413 at epoch 77
Time Elasped: 00:13:08
========= Epoch 84 =========
76/152: Matthews 0.27994, Accuracy: 63.32645, Loss: 0.000742388
152/152: Matthews 0.26582, Accuracy: 64.56612, Loss: 0.000844652
 
Best Matthews: 0.28956, Best Accuracy: 64.04959, Best Loss: 0.000841413 at epoch 77
Time Elasped: 00:13:17
========= Epoch 85 =========
76/152: Matthews 0.27367, Accuracy: 63.11983, Loss: 0.000826846
152/152: Matthews 0.28086, Accuracy: 64.04959, Loss: 0.000804413
 
Best Matthews: 0.28956, Best Accuracy: 64.04959, Best Loss: 0.000841413 at epoch 77
Time Elasped: 00:13:26
========= Epoch 86 =========
76/152: Matthews 0.28816, Accuracy: 64.46281, Loss: 0.000764412
152/152: Matthews 0.26991, Accuracy: 64.97934, Loss: 0.000846927
 
Best Matthews: 0.28956, Best Accuracy: 64.04959, Best Loss: 0.000841413 at epoch 77
Time Elasped: 00:13:35
========= Epoch 87 =========
76/152: Matthews 0.25984, Accuracy: 64.25620, Loss: 0.000781167
152/152: Matthews 0.28472, Accuracy: 64.46281, Loss: 0.000767902
 
Best Matthews: 0.28956, Best Accuracy: 64.04959, Best Loss: 0.000841413 at epoch 77
Time Elasped: 00:13:44
========= Epoch 88 =========
76/152: Matthews 0.28710, Accuracy: 64.25620, Loss: 0.000744970
152/152: Matthews 0.27668, Accuracy: 62.80992, Loss: 0.000833304
 
Best Matthews: 0.28956, Best Accuracy: 64.04959, Best Loss: 0.000841413 at epoch 77
Time Elasped: 00:13:53
========= Epoch 89 =========
76/152: Matthews 0.28382, Accuracy: 64.77273, Loss: 0.000854281
152/152: Matthews 0.27093, Accuracy: 62.91322, Loss: 0.000829077
 
Best Matthews: 0.28956, Best Accuracy: 64.04959, Best Loss: 0.000841413 at epoch 77
Time Elasped: 00:14:01
========= Epoch 90 =========
76/152: Matthews 0.26606, Accuracy: 64.46281, Loss: 0.000733285
152/152: Matthews 0.27336, Accuracy: 64.25620, Loss: 0.000808259
 
Best Matthews: 0.28956, Best Accuracy: 64.04959, Best Loss: 0.000841413 at epoch 77
Time Elasped: 00:14:10
========= Epoch 91 =========
76/152: Matthews 0.26271, Accuracy: 64.46281, Loss: 0.000815037
152/152: Matthews 0.26606, Accuracy: 64.46281, Loss: 0.000705004
 
Best Matthews: 0.28956, Best Accuracy: 64.04959, Best Loss: 0.000841413 at epoch 77
Time Elasped: 00:14:19
========= Epoch 92 =========
76/152: Matthews 0.27253, Accuracy: 63.42975, Loss: 0.000715623
152/152: Matthews 0.27289, Accuracy: 63.84298, Loss: 0.000768942
 
Best Matthews: 0.28956, Best Accuracy: 64.04959, Best Loss: 0.000841413 at epoch 77
Time Elasped: 00:14:28
========= Epoch 93 =========
76/152: Matthews 0.24908, Accuracy: 63.84298, Loss: 0.000801464
152/152: Matthews 0.27166, Accuracy: 64.25620, Loss: 0.000705946
 
Best Matthews: 0.28956, Best Accuracy: 64.04959, Best Loss: 0.000841413 at epoch 77
Time Elasped: 00:14:37
========= Epoch 94 =========
76/152: Matthews 0.28156, Accuracy: 63.84298, Loss: 0.000762519
152/152: Matthews 0.26714, Accuracy: 64.04959, Loss: 0.000722240
 
Best Matthews: 0.28956, Best Accuracy: 64.04959, Best Loss: 0.000841413 at epoch 77
Time Elasped: 00:14:46
========= Epoch 95 =========
76/152: Matthews 0.26869, Accuracy: 64.77273, Loss: 0.000800571
152/152: Matthews 0.27603, Accuracy: 63.42975, Loss: 0.000791916
 
Best Matthews: 0.28956, Best Accuracy: 64.04959, Best Loss: 0.000841413 at epoch 77
Time Elasped: 00:14:55
========= Epoch 96 =========
76/152: Matthews 0.26060, Accuracy: 64.66942, Loss: 0.000714791
152/152: Matthews 0.27422, Accuracy: 64.56612, Loss: 0.000782803
 
Best Matthews: 0.28956, Best Accuracy: 64.04959, Best Loss: 0.000841413 at epoch 77
Time Elasped: 00:15:04
========= Epoch 97 =========
76/152: Matthews 0.27779, Accuracy: 63.42975, Loss: 0.000803500
152/152: Matthews 0.27397, Accuracy: 62.60331, Loss: 0.000813084
 
Best Matthews: 0.28956, Best Accuracy: 64.04959, Best Loss: 0.000841413 at epoch 77
Time Elasped: 00:15:13
========= Epoch 98 =========
Early Stopping activated
 
Best Matthews: 0.28956, Best Accuracy: 64.04959, Best Loss: 0.000841413 at epoch 77
Time Elasped: 00:15:19
Test Set:
0/0: Matthews 0.26325, Accuracy: 63.55322, Loss: 0.001414016
