Namespace(batch_size=32, buffer_size=1, by_source=False, crop_pad_length=30, data='./acceptability_corpus/verb_classes/combined', data_type='discriminator', dropout=0.5, embedding='glove.6B.300d', embedding_path='/scratch/asw462/models/elmo_encoder/elmo.emb', embedding_size=217, encoder_num_layers=2, encoder_path='/scratch/asw462/models/elmo_encoder/elmo.pth', encoding_size=528, encoding_type='lstm_pooling_classifier', epochs=1000, evaluate_train=False, experiment_name='experiment_linear_classifier_h_59_l_1_lr_0.0000_e_217_do_0.5', glove=False, gpu=True, hidden_size=59, imbalance=True, learning_rate=2e-05, lm_path=None, logs_dir='/scratch/asw462/logs/verb_classes/combined', max_pool=False, model='linear_classifier', num_layers=1, output_dir='/scratch/asw462/logs/verb_classes/outputs/combined', patience=20, preprocess_tokenizer='space', prints_per_stage=1, resume=True, resume_file=None, save_loc='/scratch/asw462/models/verb_classes/combined', seed=1111, should_not_log=False, should_not_lowercase=False, should_not_preprocess_data=False, stages_per_epoch=2, train_embeddings=False, train_evaluate_interval=10, vocab_file='/scratch/asw462/data/vocab_100k.tsv')
======== General =======
Model: linear_classifier
GPU: True
Experiment Name: experiment_linear_classifier_h_59_l_1_lr_0.0000_e_217_do_0.5
Save location: /scratch/asw462/models/verb_classes/combined
Logs dir: /scratch/asw462/logs/verb_classes/combined
Timestamp: 2018/08/02 04:19:33
 
======== Data =======
Training set: 4838 examples
Validation set: 968 examples
Test set: 3608 examples
 
======= Parameters =======
Learning Rate: 0.000020
Batch Size: 32
Epochs: 1000
Patience: 20
Stages per Epoch: 2
Embedding: 100004 x 217
Number of layers: 1
Hidden Size: 59
Encoder Size: 528
Resume: True
 
======= Model =======
LinearClassifierWithEncoder(
  (model): LinearClassifier(
    (dropout): Dropout(p=0.5)
    (enc2h): Linear(in_features=1056, out_features=59, bias=True)
    (h20): Linear(in_features=59, out_features=1, bias=True)
    (sigmoid): Sigmoid()
    (tanh): Tanh()
    (softmax): Softmax()
  )
  (encoder): LSTMPoolingClassifierWithELMo(
    (elmo): ELMOClassifier(
      (lm): LSTMLanguageModel(
        (dropout): Dropout(p=0.2)
        (embedding): Embedding(100003, 217)
        (lstm): LSTM(217, 891, num_layers=2, dropout=0.2)
        (fc): Linear(in_features=891, out_features=100003, bias=True)
      )
      (lstms): ModuleList(
        (0): LSTM(217, 891, batch_first=True)
        (1): LSTM(891, 891, batch_first=True)
      )
      (dropout): Dropout(p=0.2)
      (linear_comb): Linear(in_features=2, out_features=1, bias=True)
      (fc1): Linear(in_features=891, out_features=528, bias=True)
      (relu): ReLU()
      (out): Linear(in_features=528, out_features=1, bias=True)
      (sigmoid): Sigmoid()
    )
    (pooling_classifier): LSTMPoolingClassifier(
      (ih2h): LSTM(891, 528, num_layers=3, batch_first=True, dropout=0.2, bidirectional=True)
      (pool2o): Linear(in_features=1056, out_features=1, bias=True)
      (sigmoid): Sigmoid()
      (softmax): Softmax()
      (dropout): Dropout(p=0.2)
    )
  )
)
 
========= Epoch 1 =========
76/152: Matthews 0.12175, Accuracy: 54.54545, Loss: 0.002599737
152/152: Matthews 0.11706, Accuracy: 61.88017, Loss: 0.002329484
 
Best Matthews: 0.12175, Best Accuracy: 54.54545, Best Loss: 0.002599737 at epoch 1
Time Elasped: 00:00:31
========= Epoch 2 =========
76/152: Matthews 0.10884, Accuracy: 60.12397, Loss: 0.002149453
152/152: Matthews 0.11498, Accuracy: 60.43388, Loss: 0.002024004
 
Best Matthews: 0.12175, Best Accuracy: 54.54545, Best Loss: 0.002599737 at epoch 1
Time Elasped: 00:00:56
========= Epoch 3 =========
76/152: Matthews 0.16412, Accuracy: 58.98760, Loss: 0.001900550
152/152: Matthews 0.12121, Accuracy: 58.26446, Loss: 0.001846285
 
Best Matthews: 0.16412, Best Accuracy: 58.98760, Best Loss: 0.001900550 at epoch 3
Time Elasped: 00:01:22
========= Epoch 4 =========
76/152: Matthews 0.14669, Accuracy: 58.47107, Loss: 0.001797838
152/152: Matthews 0.14505, Accuracy: 57.95455, Loss: 0.001754066
 
Best Matthews: 0.16412, Best Accuracy: 58.98760, Best Loss: 0.001900550 at epoch 3
Time Elasped: 00:01:47
========= Epoch 5 =========
76/152: Matthews 0.15773, Accuracy: 57.43802, Loss: 0.001722406
152/152: Matthews 0.14650, Accuracy: 57.12810, Loss: 0.001694762
 
Best Matthews: 0.16412, Best Accuracy: 58.98760, Best Loss: 0.001900550 at epoch 3
Time Elasped: 00:02:12
========= Epoch 6 =========
76/152: Matthews 0.13543, Accuracy: 57.23140, Loss: 0.001646649
152/152: Matthews 0.13836, Accuracy: 55.68182, Loss: 0.001673596
 
Best Matthews: 0.16412, Best Accuracy: 58.98760, Best Loss: 0.001900550 at epoch 3
Time Elasped: 00:02:37
========= Epoch 7 =========
76/152: Matthews 0.13162, Accuracy: 56.40496, Loss: 0.001643115
152/152: Matthews 0.12751, Accuracy: 55.68182, Loss: 0.001640876
 
Best Matthews: 0.16412, Best Accuracy: 58.98760, Best Loss: 0.001900550 at epoch 3
Time Elasped: 00:03:02
========= Epoch 8 =========
76/152: Matthews 0.13624, Accuracy: 57.02479, Loss: 0.001612901
152/152: Matthews 0.14615, Accuracy: 55.57851, Loss: 0.001641692
 
Best Matthews: 0.16412, Best Accuracy: 58.98760, Best Loss: 0.001900550 at epoch 3
Time Elasped: 00:03:27
========= Epoch 9 =========
76/152: Matthews 0.15189, Accuracy: 56.30165, Loss: 0.001624198
152/152: Matthews 0.15237, Accuracy: 56.19835, Loss: 0.001651845
 
Best Matthews: 0.16412, Best Accuracy: 58.98760, Best Loss: 0.001900550 at epoch 3
Time Elasped: 00:03:52
========= Epoch 10 =========
76/152: Matthews 0.15055, Accuracy: 56.19835, Loss: 0.001635145
152/152: Matthews 0.15017, Accuracy: 55.88843, Loss: 0.001646674
 
Best Matthews: 0.16412, Best Accuracy: 58.98760, Best Loss: 0.001900550 at epoch 3
Time Elasped: 00:04:17
========= Epoch 11 =========
76/152: Matthews 0.14915, Accuracy: 56.50826, Loss: 0.001657471
152/152: Matthews 0.13728, Accuracy: 54.75207, Loss: 0.001665603
 
Best Matthews: 0.16412, Best Accuracy: 58.98760, Best Loss: 0.001900550 at epoch 3
Time Elasped: 00:04:42
========= Epoch 12 =========
76/152: Matthews 0.14029, Accuracy: 55.26860, Loss: 0.001627692
152/152: Matthews 0.13884, Accuracy: 55.57851, Loss: 0.001654273
 
Best Matthews: 0.16412, Best Accuracy: 58.98760, Best Loss: 0.001900550 at epoch 3
Time Elasped: 00:05:08
========= Epoch 13 =========
76/152: Matthews 0.14194, Accuracy: 56.09504, Loss: 0.001658810
152/152: Matthews 0.12793, Accuracy: 54.02893, Loss: 0.001684740
 
Best Matthews: 0.16412, Best Accuracy: 58.98760, Best Loss: 0.001900550 at epoch 3
Time Elasped: 00:05:33
========= Epoch 14 =========
76/152: Matthews 0.12809, Accuracy: 54.75207, Loss: 0.001654691
152/152: Matthews 0.12541, Accuracy: 54.54545, Loss: 0.001702168
 
Best Matthews: 0.16412, Best Accuracy: 58.98760, Best Loss: 0.001900550 at epoch 3
Time Elasped: 00:05:58
========= Epoch 15 =========
76/152: Matthews 0.13339, Accuracy: 55.57851, Loss: 0.001681557
152/152: Matthews 0.12761, Accuracy: 54.85537, Loss: 0.001674741
 
Best Matthews: 0.16412, Best Accuracy: 58.98760, Best Loss: 0.001900550 at epoch 3
Time Elasped: 00:06:23
========= Epoch 16 =========
76/152: Matthews 0.12982, Accuracy: 55.16529, Loss: 0.001687211
152/152: Matthews 0.14106, Accuracy: 55.88843, Loss: 0.001665266
 
Best Matthews: 0.16412, Best Accuracy: 58.98760, Best Loss: 0.001900550 at epoch 3
Time Elasped: 00:06:48
========= Epoch 17 =========
76/152: Matthews 0.13226, Accuracy: 54.64876, Loss: 0.001689970
152/152: Matthews 0.13520, Accuracy: 55.57851, Loss: 0.001652910
 
Best Matthews: 0.16412, Best Accuracy: 58.98760, Best Loss: 0.001900550 at epoch 3
Time Elasped: 00:07:13
========= Epoch 18 =========
76/152: Matthews 0.13386, Accuracy: 55.47521, Loss: 0.001678459
152/152: Matthews 0.12713, Accuracy: 54.95868, Loss: 0.001654995
 
Best Matthews: 0.16412, Best Accuracy: 58.98760, Best Loss: 0.001900550 at epoch 3
Time Elasped: 00:07:38
========= Epoch 19 =========
76/152: Matthews 0.13790, Accuracy: 55.78512, Loss: 0.001631268
152/152: Matthews 0.13030, Accuracy: 55.06198, Loss: 0.001679333
 
Best Matthews: 0.16412, Best Accuracy: 58.98760, Best Loss: 0.001900550 at epoch 3
Time Elasped: 00:08:03
========= Epoch 20 =========
76/152: Matthews 0.13790, Accuracy: 55.78512, Loss: 0.001677366
152/152: Matthews 0.13116, Accuracy: 55.26860, Loss: 0.001701541
 
Best Matthews: 0.16412, Best Accuracy: 58.98760, Best Loss: 0.001900550 at epoch 3
Time Elasped: 00:08:28
========= Epoch 21 =========
76/152: Matthews 0.13395, Accuracy: 55.06198, Loss: 0.001747193
152/152: Matthews 0.13261, Accuracy: 54.95868, Loss: 0.001709666
 
Best Matthews: 0.16412, Best Accuracy: 58.98760, Best Loss: 0.001900550 at epoch 3
Time Elasped: 00:08:53
========= Epoch 22 =========
76/152: Matthews 0.13663, Accuracy: 55.26860, Loss: 0.001705588
152/152: Matthews 0.12935, Accuracy: 55.26860, Loss: 0.001683488
 
Best Matthews: 0.16412, Best Accuracy: 58.98760, Best Loss: 0.001900550 at epoch 3
Time Elasped: 00:09:18
========= Epoch 23 =========
76/152: Matthews 0.13968, Accuracy: 56.19835, Loss: 0.001699925
152/152: Matthews 0.13386, Accuracy: 55.47521, Loss: 0.001732370
 
Best Matthews: 0.16412, Best Accuracy: 58.98760, Best Loss: 0.001900550 at epoch 3
Time Elasped: 00:09:43
========= Epoch 24 =========
Early Stopping activated
 
Best Matthews: 0.16412, Best Accuracy: 58.98760, Best Loss: 0.001900550 at epoch 3
Time Elasped: 00:09:58
Test Set:
0/0: Matthews 0.24566, Accuracy: 64.02439, Loss: 0.001829852
