Namespace(batch_size=32, buffer_size=1, by_source=False, crop_pad_length=30, data='./acceptability_corpus/verb_classes_cola/understood', data_type='discriminator', dropout=0.2, embedding='glove.6B.300d', embedding_path='/scratch/asw462/models/elmo_encoder/elmo.emb', embedding_size=217, encoder_num_layers=2, encoder_path='/scratch/asw462/models/elmo_encoder/elmo.pth', encoding_size=528, encoding_type='lstm_pooling_classifier', epochs=1000, evaluate_train=False, experiment_name='experiment_linear_classifier_h_92_l_4_lr_0.0001_e_217_do_0.2', glove=False, gpu=True, hidden_size=92, imbalance=True, learning_rate=7e-05, lm_path=None, logs_dir='/scratch/asw462/logs/verb_classes_cola/understood', max_pool=False, model='linear_classifier', num_layers=4, output_dir='/scratch/asw462/logs/verb_classes_cola/outputs/understood', patience=20, preprocess_tokenizer='space', prints_per_stage=1, resume=True, resume_file=None, save_loc='/scratch/asw462/models/verb_classes_cola/understood', seed=1111, should_not_log=False, should_not_lowercase=False, should_not_preprocess_data=False, stages_per_epoch=2, train_embeddings=False, train_evaluate_interval=10, vocab_file='/scratch/asw462/data/vocab_100k.tsv')
======== General =======
Model: linear_classifier
GPU: True
Experiment Name: experiment_linear_classifier_h_92_l_4_lr_0.0001_e_217_do_0.2
Save location: /scratch/asw462/models/verb_classes_cola/understood
Logs dir: /scratch/asw462/logs/verb_classes_cola/understood
Timestamp: 2018/08/01 20:34:46
 
======== Data =======
Training set: 10953 examples
Validation set: 90 examples
Test set: 318 examples
 
======= Parameters =======
Learning Rate: 0.000070
Batch Size: 32
Epochs: 1000
Patience: 20
Stages per Epoch: 2
Embedding: 100004 x 217
Number of layers: 4
Hidden Size: 92
Encoder Size: 528
Resume: True
 
======= Model =======
LinearClassifierWithEncoder(
  (model): LinearClassifier(
    (dropout): Dropout(p=0.2)
    (enc2h): Linear(in_features=1056, out_features=92, bias=True)
    (h20): Linear(in_features=92, out_features=1, bias=True)
    (sigmoid): Sigmoid()
    (tanh): Tanh()
    (softmax): Softmax()
  )
  (encoder): LSTMPoolingClassifierWithELMo(
    (elmo): ELMOClassifier(
      (lm): LSTMLanguageModel(
        (dropout): Dropout(p=0.2)
        (embedding): Embedding(100003, 217)
        (lstm): LSTM(217, 891, num_layers=2, dropout=0.2)
        (fc): Linear(in_features=891, out_features=100003, bias=True)
      )
      (lstms): ModuleList(
        (0): LSTM(217, 891, batch_first=True)
        (1): LSTM(891, 891, batch_first=True)
      )
      (dropout): Dropout(p=0.2)
      (linear_comb): Linear(in_features=2, out_features=1, bias=True)
      (fc1): Linear(in_features=891, out_features=528, bias=True)
      (relu): ReLU()
      (out): Linear(in_features=528, out_features=1, bias=True)
      (sigmoid): Sigmoid()
    )
    (pooling_classifier): LSTMPoolingClassifier(
      (ih2h): LSTM(891, 528, num_layers=3, batch_first=True, dropout=0.2, bidirectional=True)
      (pool2o): Linear(in_features=1056, out_features=1, bias=True)
      (sigmoid): Sigmoid()
      (softmax): Softmax()
      (dropout): Dropout(p=0.2)
    )
  )
)
 
========= Epoch 1 =========
171/343: Matthews 0.26671, Accuracy: 62.22222, Loss: 0.073910088
342/343: Matthews 0.22326, Accuracy: 60.00000, Loss: 0.071756956
 
Best Matthews: 0.26671, Best Accuracy: 62.22222, Best Loss: 0.073910088 at epoch 1
Time Elasped: 00:00:54
========= Epoch 2 =========
171/343: Matthews 0.44721, Accuracy: 72.22222, Loss: 0.064561605
342/343: Matthews 0.43809, Accuracy: 71.11111, Loss: 0.067241828
 
Best Matthews: 0.44721, Best Accuracy: 72.22222, Best Loss: 0.064561605 at epoch 2
Time Elasped: 00:01:44
========= Epoch 3 =========
171/343: Matthews 0.60059, Accuracy: 80.00000, Loss: 0.061628045
342/343: Matthews 0.55611, Accuracy: 77.77778, Loss: 0.062242397
 
Best Matthews: 0.60059, Best Accuracy: 80.00000, Best Loss: 0.061628045 at epoch 3
Time Elasped: 00:02:34
========= Epoch 4 =========
171/343: Matthews 0.62361, Accuracy: 81.11111, Loss: 0.059147877
342/343: Matthews 0.55611, Accuracy: 77.77778, Loss: 0.059204170
 
Best Matthews: 0.62361, Best Accuracy: 81.11111, Best Loss: 0.059147877 at epoch 4
Time Elasped: 00:03:24
========= Epoch 5 =========
171/343: Matthews 0.55556, Accuracy: 77.77778, Loss: 0.057888699
342/343: Matthews 0.57792, Accuracy: 78.88889, Loss: 0.058327468
 
Best Matthews: 0.62361, Best Accuracy: 81.11111, Best Loss: 0.059147877 at epoch 4
Time Elasped: 00:04:13
========= Epoch 6 =========
171/343: Matthews 0.60059, Accuracy: 80.00000, Loss: 0.055207851
342/343: Matthews 0.57792, Accuracy: 78.88889, Loss: 0.060413912
 
Best Matthews: 0.62361, Best Accuracy: 81.11111, Best Loss: 0.059147877 at epoch 4
Time Elasped: 00:05:02
========= Epoch 7 =========
171/343: Matthews 0.69510, Accuracy: 84.44444, Loss: 0.056289424
342/343: Matthews 0.57792, Accuracy: 78.88889, Loss: 0.054750819
 
Best Matthews: 0.69510, Best Accuracy: 84.44444, Best Loss: 0.056289424 at epoch 7
Time Elasped: 00:05:52
========= Epoch 8 =========
171/343: Matthews 0.69510, Accuracy: 84.44444, Loss: 0.054650211
342/343: Matthews 0.57792, Accuracy: 78.88889, Loss: 0.054303768
 
Best Matthews: 0.69510, Best Accuracy: 84.44444, Best Loss: 0.056289424 at epoch 7
Time Elasped: 00:06:40
========= Epoch 9 =========
171/343: Matthews 0.62361, Accuracy: 81.11111, Loss: 0.053337203
342/343: Matthews 0.69510, Accuracy: 84.44444, Loss: 0.051739025
 
Best Matthews: 0.69510, Best Accuracy: 84.44444, Best Loss: 0.056289424 at epoch 7
Time Elasped: 00:07:29
========= Epoch 10 =========
171/343: Matthews 0.53347, Accuracy: 76.66667, Loss: 0.052070623
342/343: Matthews 0.69510, Accuracy: 84.44444, Loss: 0.053769239
 
Best Matthews: 0.69510, Best Accuracy: 84.44444, Best Loss: 0.056289424 at epoch 7
Time Elasped: 00:08:18
========= Epoch 11 =========
171/343: Matthews 0.67488, Accuracy: 83.33333, Loss: 0.051436594
342/343: Matthews 0.69510, Accuracy: 84.44444, Loss: 0.050485129
 
Best Matthews: 0.69510, Best Accuracy: 84.44444, Best Loss: 0.056289424 at epoch 7
Time Elasped: 00:09:07
========= Epoch 12 =========
171/343: Matthews 0.69510, Accuracy: 84.44444, Loss: 0.054180887
342/343: Matthews 0.69510, Accuracy: 84.44444, Loss: 0.051464987
 
Best Matthews: 0.69510, Best Accuracy: 84.44444, Best Loss: 0.056289424 at epoch 7
Time Elasped: 00:09:56
========= Epoch 13 =========
171/343: Matthews 0.55556, Accuracy: 77.77778, Loss: 0.050148254
342/343: Matthews 0.69510, Accuracy: 84.44444, Loss: 0.052264579
 
Best Matthews: 0.69510, Best Accuracy: 84.44444, Best Loss: 0.056289424 at epoch 7
Time Elasped: 00:10:45
========= Epoch 14 =========
171/343: Matthews 0.67082, Accuracy: 83.33333, Loss: 0.051682070
342/343: Matthews 0.60059, Accuracy: 80.00000, Loss: 0.050513490
 
Best Matthews: 0.69510, Best Accuracy: 84.44444, Best Loss: 0.056289424 at epoch 7
Time Elasped: 00:11:34
========= Epoch 15 =========
171/343: Matthews 0.60059, Accuracy: 80.00000, Loss: 0.050532171
342/343: Matthews 0.67082, Accuracy: 83.33333, Loss: 0.051522732
 
Best Matthews: 0.69510, Best Accuracy: 84.44444, Best Loss: 0.056289424 at epoch 7
Time Elasped: 00:12:22
========= Epoch 16 =========
171/343: Matthews 0.67082, Accuracy: 83.33333, Loss: 0.052143118
342/343: Matthews 0.69510, Accuracy: 84.44444, Loss: 0.050392564
 
Best Matthews: 0.69510, Best Accuracy: 84.44444, Best Loss: 0.056289424 at epoch 7
Time Elasped: 00:13:11
========= Epoch 17 =========
171/343: Matthews 0.67082, Accuracy: 83.33333, Loss: 0.048887592
342/343: Matthews 0.57792, Accuracy: 78.88889, Loss: 0.052067937
 
Best Matthews: 0.69510, Best Accuracy: 84.44444, Best Loss: 0.056289424 at epoch 7
Time Elasped: 00:14:00
========= Epoch 18 =========
171/343: Matthews 0.67082, Accuracy: 83.33333, Loss: 0.049947506
342/343: Matthews 0.60059, Accuracy: 80.00000, Loss: 0.049442016
 
Best Matthews: 0.69510, Best Accuracy: 84.44444, Best Loss: 0.056289424 at epoch 7
Time Elasped: 00:14:48
========= Epoch 19 =========
171/343: Matthews 0.67082, Accuracy: 83.33333, Loss: 0.048774343
342/343: Matthews 0.69510, Accuracy: 84.44444, Loss: 0.049115870
 
Best Matthews: 0.69510, Best Accuracy: 84.44444, Best Loss: 0.056289424 at epoch 7
Time Elasped: 00:15:37
========= Epoch 20 =========
171/343: Matthews 0.57792, Accuracy: 78.88889, Loss: 0.049353229
342/343: Matthews 0.69510, Accuracy: 84.44444, Loss: 0.048323308
 
Best Matthews: 0.69510, Best Accuracy: 84.44444, Best Loss: 0.056289424 at epoch 7
Time Elasped: 00:16:26
========= Epoch 21 =========
171/343: Matthews 0.69510, Accuracy: 84.44444, Loss: 0.050446659
342/343: Matthews 0.69510, Accuracy: 84.44444, Loss: 0.047762606
 
Best Matthews: 0.69510, Best Accuracy: 84.44444, Best Loss: 0.056289424 at epoch 7
Time Elasped: 00:17:15
========= Epoch 22 =========
171/343: Matthews 0.68041, Accuracy: 83.33333, Loss: 0.047251108
342/343: Matthews 0.69510, Accuracy: 84.44444, Loss: 0.048684735
 
Best Matthews: 0.69510, Best Accuracy: 84.44444, Best Loss: 0.056289424 at epoch 7
Time Elasped: 00:18:04
========= Epoch 23 =========
171/343: Matthews 0.62238, Accuracy: 81.11111, Loss: 0.045812670
342/343: Matthews 0.68041, Accuracy: 83.33333, Loss: 0.048834334
 
Best Matthews: 0.69510, Best Accuracy: 84.44444, Best Loss: 0.056289424 at epoch 7
Time Elasped: 00:18:52
========= Epoch 24 =========
171/343: Matthews 0.60059, Accuracy: 80.00000, Loss: 0.046166839
342/343: Matthews 0.68041, Accuracy: 83.33333, Loss: 0.048942682
 
Best Matthews: 0.69510, Best Accuracy: 84.44444, Best Loss: 0.056289424 at epoch 7
Time Elasped: 00:19:41
========= Epoch 25 =========
171/343: Matthews 0.67082, Accuracy: 83.33333, Loss: 0.047879240
342/343: Matthews 0.69510, Accuracy: 84.44444, Loss: 0.048626566
 
Best Matthews: 0.69510, Best Accuracy: 84.44444, Best Loss: 0.056289424 at epoch 7
Time Elasped: 00:20:30
========= Epoch 26 =========
171/343: Matthews 0.62238, Accuracy: 81.11111, Loss: 0.048820633
342/343: Matthews 0.67082, Accuracy: 83.33333, Loss: 0.046354400
 
Best Matthews: 0.69510, Best Accuracy: 84.44444, Best Loss: 0.056289424 at epoch 7
Time Elasped: 00:21:18
========= Epoch 27 =========
171/343: Matthews 0.69510, Accuracy: 84.44444, Loss: 0.044700294
342/343: Matthews 0.69510, Accuracy: 84.44444, Loss: 0.049079174
 
Best Matthews: 0.69510, Best Accuracy: 84.44444, Best Loss: 0.056289424 at epoch 7
Time Elasped: 00:22:07
========= Epoch 28 =========
171/343: Matthews 0.71987, Accuracy: 85.55556, Loss: 0.046263875
342/343: Matthews 0.69510, Accuracy: 84.44444, Loss: 0.047016462
 
Best Matthews: 0.71987, Best Accuracy: 85.55556, Best Loss: 0.046263875 at epoch 28
Time Elasped: 00:22:57
========= Epoch 29 =========
171/343: Matthews 0.69510, Accuracy: 84.44444, Loss: 0.049331485
342/343: Matthews 0.67082, Accuracy: 83.33333, Loss: 0.045823701
 
Best Matthews: 0.71987, Best Accuracy: 85.55556, Best Loss: 0.046263875 at epoch 28
Time Elasped: 00:23:46
========= Epoch 30 =========
171/343: Matthews 0.71987, Accuracy: 85.55556, Loss: 0.047913451
342/343: Matthews 0.60059, Accuracy: 80.00000, Loss: 0.045069763
 
Best Matthews: 0.71987, Best Accuracy: 85.55556, Best Loss: 0.046263875 at epoch 28
Time Elasped: 00:24:34
========= Epoch 31 =========
171/343: Matthews 0.70004, Accuracy: 84.44444, Loss: 0.045102077
342/343: Matthews 0.64444, Accuracy: 82.22222, Loss: 0.046784041
 
Best Matthews: 0.71987, Best Accuracy: 85.55556, Best Loss: 0.046263875 at epoch 28
Time Elasped: 00:25:23
========= Epoch 32 =========
171/343: Matthews 0.69510, Accuracy: 84.44444, Loss: 0.049214819
342/343: Matthews 0.71987, Accuracy: 85.55556, Loss: 0.045824226
 
Best Matthews: 0.71987, Best Accuracy: 85.55556, Best Loss: 0.046263875 at epoch 28
Time Elasped: 00:26:12
========= Epoch 33 =========
171/343: Matthews 0.67082, Accuracy: 83.33333, Loss: 0.045388455
342/343: Matthews 0.69510, Accuracy: 84.44444, Loss: 0.045452436
 
Best Matthews: 0.71987, Best Accuracy: 85.55556, Best Loss: 0.046263875 at epoch 28
Time Elasped: 00:27:00
========= Epoch 34 =========
171/343: Matthews 0.62238, Accuracy: 81.11111, Loss: 0.047238710
342/343: Matthews 0.67082, Accuracy: 83.33333, Loss: 0.045920838
 
Best Matthews: 0.71987, Best Accuracy: 85.55556, Best Loss: 0.046263875 at epoch 28
Time Elasped: 00:27:49
========= Epoch 35 =========
171/343: Matthews 0.68041, Accuracy: 83.33333, Loss: 0.046035878
342/343: Matthews 0.69510, Accuracy: 84.44444, Loss: 0.046203640
 
Best Matthews: 0.71987, Best Accuracy: 85.55556, Best Loss: 0.046263875 at epoch 28
Time Elasped: 00:28:38
========= Epoch 36 =========
171/343: Matthews 0.67082, Accuracy: 83.33333, Loss: 0.047460037
342/343: Matthews 0.62238, Accuracy: 81.11111, Loss: 0.045271481
 
Best Matthews: 0.71987, Best Accuracy: 85.55556, Best Loss: 0.046263875 at epoch 28
Time Elasped: 00:29:27
========= Epoch 37 =========
171/343: Matthews 0.66866, Accuracy: 82.22222, Loss: 0.047261959
342/343: Matthews 0.70004, Accuracy: 84.44444, Loss: 0.046710597
 
Best Matthews: 0.71987, Best Accuracy: 85.55556, Best Loss: 0.046263875 at epoch 28
Time Elasped: 00:30:15
========= Epoch 38 =========
171/343: Matthews 0.64444, Accuracy: 82.22222, Loss: 0.047540410
342/343: Matthews 0.64444, Accuracy: 82.22222, Loss: 0.047150347
 
Best Matthews: 0.71987, Best Accuracy: 85.55556, Best Loss: 0.046263875 at epoch 28
Time Elasped: 00:31:04
========= Epoch 39 =========
171/343: Matthews 0.62238, Accuracy: 81.11111, Loss: 0.047079791
342/343: Matthews 0.70004, Accuracy: 84.44444, Loss: 0.046095032
 
Best Matthews: 0.71987, Best Accuracy: 85.55556, Best Loss: 0.046263875 at epoch 28
Time Elasped: 00:31:53
========= Epoch 40 =========
171/343: Matthews 0.69163, Accuracy: 84.44444, Loss: 0.045756319
342/343: Matthews 0.69510, Accuracy: 84.44444, Loss: 0.046405935
 
Best Matthews: 0.71987, Best Accuracy: 85.55556, Best Loss: 0.046263875 at epoch 28
Time Elasped: 00:32:41
========= Epoch 41 =========
171/343: Matthews 0.69163, Accuracy: 84.44444, Loss: 0.047311809
342/343: Matthews 0.70004, Accuracy: 84.44444, Loss: 0.046037292
 
Best Matthews: 0.71987, Best Accuracy: 85.55556, Best Loss: 0.046263875 at epoch 28
Time Elasped: 00:33:30
========= Epoch 42 =========
171/343: Matthews 0.70656, Accuracy: 84.44444, Loss: 0.047403081
342/343: Matthews 0.67082, Accuracy: 83.33333, Loss: 0.045859655
 
Best Matthews: 0.71987, Best Accuracy: 85.55556, Best Loss: 0.046263875 at epoch 28
Time Elasped: 00:34:18
========= Epoch 43 =========
171/343: Matthews 0.67082, Accuracy: 83.33333, Loss: 0.047211885
342/343: Matthews 0.71987, Accuracy: 85.55556, Loss: 0.045285368
 
Best Matthews: 0.71987, Best Accuracy: 85.55556, Best Loss: 0.046263875 at epoch 28
Time Elasped: 00:35:07
========= Epoch 44 =========
171/343: Matthews 0.68752, Accuracy: 83.33333, Loss: 0.047188102
342/343: Matthews 0.68041, Accuracy: 83.33333, Loss: 0.046446519
 
Best Matthews: 0.71987, Best Accuracy: 85.55556, Best Loss: 0.046263875 at epoch 28
Time Elasped: 00:35:56
========= Epoch 45 =========
171/343: Matthews 0.71987, Accuracy: 85.55556, Loss: 0.046442461
342/343: Matthews 0.69163, Accuracy: 84.44444, Loss: 0.046294795
 
Best Matthews: 0.71987, Best Accuracy: 85.55556, Best Loss: 0.046263875 at epoch 28
Time Elasped: 00:36:45
========= Epoch 46 =========
171/343: Matthews 0.67082, Accuracy: 83.33333, Loss: 0.045833789
342/343: Matthews 0.71987, Accuracy: 85.55556, Loss: 0.045380343
 
Best Matthews: 0.71987, Best Accuracy: 85.55556, Best Loss: 0.046263875 at epoch 28
Time Elasped: 00:37:33
========= Epoch 47 =========
171/343: Matthews 0.70004, Accuracy: 84.44444, Loss: 0.047196515
342/343: Matthews 0.62238, Accuracy: 81.11111, Loss: 0.044915422
 
Best Matthews: 0.71987, Best Accuracy: 85.55556, Best Loss: 0.046263875 at epoch 28
Time Elasped: 00:38:22
========= Epoch 48 =========
171/343: Matthews 0.71987, Accuracy: 85.55556, Loss: 0.045057382
342/343: Matthews 0.72577, Accuracy: 85.55556, Loss: 0.045624320
 
Best Matthews: 0.72577, Best Accuracy: 85.55556, Best Loss: 0.045624320 at epoch 48
Time Elasped: 00:39:12
========= Epoch 49 =========
171/343: Matthews 0.71554, Accuracy: 85.55556, Loss: 0.046061415
342/343: Matthews 0.70004, Accuracy: 84.44444, Loss: 0.045760282
 
Best Matthews: 0.72577, Best Accuracy: 85.55556, Best Loss: 0.045624320 at epoch 48
Time Elasped: 00:40:01
========= Epoch 50 =========
171/343: Matthews 0.70004, Accuracy: 84.44444, Loss: 0.046854862
342/343: Matthews 0.71270, Accuracy: 85.55556, Loss: 0.044708655
 
Best Matthews: 0.72577, Best Accuracy: 85.55556, Best Loss: 0.045624320 at epoch 48
Time Elasped: 00:40:50
========= Epoch 51 =========
171/343: Matthews 0.69510, Accuracy: 84.44444, Loss: 0.045375654
342/343: Matthews 0.69163, Accuracy: 84.44444, Loss: 0.046210453
 
Best Matthews: 0.72577, Best Accuracy: 85.55556, Best Loss: 0.045624320 at epoch 48
Time Elasped: 00:41:38
========= Epoch 52 =========
171/343: Matthews 0.69163, Accuracy: 84.44444, Loss: 0.043953058
342/343: Matthews 0.70004, Accuracy: 84.44444, Loss: 0.045594618
 
Best Matthews: 0.72577, Best Accuracy: 85.55556, Best Loss: 0.045624320 at epoch 48
Time Elasped: 00:42:27
========= Epoch 53 =========
171/343: Matthews 0.71554, Accuracy: 85.55556, Loss: 0.044223298
342/343: Matthews 0.70004, Accuracy: 84.44444, Loss: 0.045953528
 
Best Matthews: 0.72577, Best Accuracy: 85.55556, Best Loss: 0.045624320 at epoch 48
Time Elasped: 00:43:15
========= Epoch 54 =========
171/343: Matthews 0.70004, Accuracy: 84.44444, Loss: 0.045369063
342/343: Matthews 0.69510, Accuracy: 84.44444, Loss: 0.044253127
 
Best Matthews: 0.72577, Best Accuracy: 85.55556, Best Loss: 0.045624320 at epoch 48
Time Elasped: 00:44:04
========= Epoch 55 =========
171/343: Matthews 0.69163, Accuracy: 84.44444, Loss: 0.045954556
342/343: Matthews 0.69510, Accuracy: 84.44444, Loss: 0.044681893
 
Best Matthews: 0.72577, Best Accuracy: 85.55556, Best Loss: 0.045624320 at epoch 48
Time Elasped: 00:44:52
========= Epoch 56 =========
171/343: Matthews 0.70004, Accuracy: 84.44444, Loss: 0.044349056
342/343: Matthews 0.70004, Accuracy: 84.44444, Loss: 0.045096376
 
Best Matthews: 0.72577, Best Accuracy: 85.55556, Best Loss: 0.045624320 at epoch 48
Time Elasped: 00:45:41
========= Epoch 57 =========
171/343: Matthews 0.71129, Accuracy: 85.55556, Loss: 0.048067310
342/343: Matthews 0.70004, Accuracy: 84.44444, Loss: 0.045711422
 
Best Matthews: 0.72577, Best Accuracy: 85.55556, Best Loss: 0.045624320 at epoch 48
Time Elasped: 00:46:30
========= Epoch 58 =========
171/343: Matthews 0.64444, Accuracy: 82.22222, Loss: 0.044965511
342/343: Matthews 0.71554, Accuracy: 85.55556, Loss: 0.045244747
 
Best Matthews: 0.72577, Best Accuracy: 85.55556, Best Loss: 0.045624320 at epoch 48
Time Elasped: 00:47:19
========= Epoch 59 =========
171/343: Matthews 0.69163, Accuracy: 84.44444, Loss: 0.045755725
342/343: Matthews 0.71987, Accuracy: 85.55556, Loss: 0.044963879
 
Best Matthews: 0.72577, Best Accuracy: 85.55556, Best Loss: 0.045624320 at epoch 48
Time Elasped: 00:48:08
========= Epoch 60 =========
171/343: Matthews 0.70004, Accuracy: 84.44444, Loss: 0.045430321
342/343: Matthews 0.69510, Accuracy: 84.44444, Loss: 0.045005263
 
Best Matthews: 0.72577, Best Accuracy: 85.55556, Best Loss: 0.045624320 at epoch 48
Time Elasped: 00:48:56
========= Epoch 61 =========
171/343: Matthews 0.66866, Accuracy: 82.22222, Loss: 0.046452639
342/343: Matthews 0.71987, Accuracy: 85.55556, Loss: 0.044694975
 
Best Matthews: 0.72577, Best Accuracy: 85.55556, Best Loss: 0.045624320 at epoch 48
Time Elasped: 00:49:45
========= Epoch 62 =========
171/343: Matthews 0.69163, Accuracy: 84.44444, Loss: 0.043708920
342/343: Matthews 0.71554, Accuracy: 85.55556, Loss: 0.046388753
 
Best Matthews: 0.72577, Best Accuracy: 85.55556, Best Loss: 0.045624320 at epoch 48
Time Elasped: 00:50:34
========= Epoch 63 =========
171/343: Matthews 0.71987, Accuracy: 85.55556, Loss: 0.042509818
342/343: Matthews 0.68752, Accuracy: 83.33333, Loss: 0.044365772
 
Best Matthews: 0.72577, Best Accuracy: 85.55556, Best Loss: 0.045624320 at epoch 48
Time Elasped: 00:51:23
========= Epoch 64 =========
171/343: Matthews 0.73994, Accuracy: 86.66667, Loss: 0.045832438
342/343: Matthews 0.73994, Accuracy: 86.66667, Loss: 0.044914463
 
Best Matthews: 0.73994, Best Accuracy: 86.66667, Best Loss: 0.045832438 at epoch 64
Time Elasped: 00:52:13
========= Epoch 65 =========
171/343: Matthews 0.73994, Accuracy: 86.66667, Loss: 0.046358781
342/343: Matthews 0.73994, Accuracy: 86.66667, Loss: 0.044740513
 
Best Matthews: 0.73994, Best Accuracy: 86.66667, Best Loss: 0.045832438 at epoch 64
Time Elasped: 00:53:02
========= Epoch 66 =========
171/343: Matthews 0.72577, Accuracy: 85.55556, Loss: 0.043791360
342/343: Matthews 0.70004, Accuracy: 84.44444, Loss: 0.045790397
 
Best Matthews: 0.73994, Best Accuracy: 86.66667, Best Loss: 0.045832438 at epoch 64
Time Elasped: 00:53:51
========= Epoch 67 =========
171/343: Matthews 0.73994, Accuracy: 86.66667, Loss: 0.043748318
342/343: Matthews 0.70656, Accuracy: 84.44444, Loss: 0.046435632
 
Best Matthews: 0.73994, Best Accuracy: 86.66667, Best Loss: 0.045832438 at epoch 64
Time Elasped: 00:54:40
========= Epoch 68 =========
171/343: Matthews 0.71987, Accuracy: 85.55556, Loss: 0.045123254
342/343: Matthews 0.71987, Accuracy: 85.55556, Loss: 0.045082707
 
Best Matthews: 0.73994, Best Accuracy: 86.66667, Best Loss: 0.045832438 at epoch 64
Time Elasped: 00:55:29
========= Epoch 69 =========
171/343: Matthews 0.71270, Accuracy: 85.55556, Loss: 0.046011617
342/343: Matthews 0.72577, Accuracy: 85.55556, Loss: 0.045550972
 
Best Matthews: 0.73994, Best Accuracy: 86.66667, Best Loss: 0.045832438 at epoch 64
Time Elasped: 00:56:18
========= Epoch 70 =========
171/343: Matthews 0.69163, Accuracy: 84.44444, Loss: 0.045002206
342/343: Matthews 0.68752, Accuracy: 83.33333, Loss: 0.044761446
 
Best Matthews: 0.73994, Best Accuracy: 86.66667, Best Loss: 0.045832438 at epoch 64
Time Elasped: 00:57:06
========= Epoch 71 =========
171/343: Matthews 0.70004, Accuracy: 84.44444, Loss: 0.045555856
342/343: Matthews 0.73994, Accuracy: 86.66667, Loss: 0.044067227
 
Best Matthews: 0.73994, Best Accuracy: 86.66667, Best Loss: 0.045832438 at epoch 64
Time Elasped: 00:57:55
========= Epoch 72 =========
171/343: Matthews 0.73994, Accuracy: 86.66667, Loss: 0.044308037
342/343: Matthews 0.70004, Accuracy: 84.44444, Loss: 0.044002215
 
Best Matthews: 0.73994, Best Accuracy: 86.66667, Best Loss: 0.045832438 at epoch 64
Time Elasped: 00:58:44
========= Epoch 73 =========
171/343: Matthews 0.71554, Accuracy: 85.55556, Loss: 0.046947241
342/343: Matthews 0.70656, Accuracy: 84.44444, Loss: 0.043326924
 
Best Matthews: 0.73994, Best Accuracy: 86.66667, Best Loss: 0.045832438 at epoch 64
Time Elasped: 00:59:32
========= Epoch 74 =========
171/343: Matthews 0.73994, Accuracy: 86.66667, Loss: 0.042084254
342/343: Matthews 0.73994, Accuracy: 86.66667, Loss: 0.044740057
 
Best Matthews: 0.73994, Best Accuracy: 86.66667, Best Loss: 0.045832438 at epoch 64
Time Elasped: 01:00:21
========= Epoch 75 =========
171/343: Matthews 0.73994, Accuracy: 86.66667, Loss: 0.044059261
342/343: Matthews 0.73994, Accuracy: 86.66667, Loss: 0.044128529
 
Best Matthews: 0.73994, Best Accuracy: 86.66667, Best Loss: 0.045832438 at epoch 64
Time Elasped: 01:01:10
========= Epoch 76 =========
171/343: Matthews 0.73994, Accuracy: 86.66667, Loss: 0.044461600
342/343: Matthews 0.73994, Accuracy: 86.66667, Loss: 0.043758917
 
Best Matthews: 0.73994, Best Accuracy: 86.66667, Best Loss: 0.045832438 at epoch 64
Time Elasped: 01:01:59
========= Epoch 77 =========
171/343: Matthews 0.71129, Accuracy: 85.55556, Loss: 0.044772567
342/343: Matthews 0.73994, Accuracy: 86.66667, Loss: 0.043356371
 
Best Matthews: 0.73994, Best Accuracy: 86.66667, Best Loss: 0.045832438 at epoch 64
Time Elasped: 01:02:48
========= Epoch 78 =========
171/343: Matthews 0.73994, Accuracy: 86.66667, Loss: 0.042930857
342/343: Matthews 0.73994, Accuracy: 86.66667, Loss: 0.043287283
 
Best Matthews: 0.73994, Best Accuracy: 86.66667, Best Loss: 0.045832438 at epoch 64
Time Elasped: 01:03:36
========= Epoch 79 =========
171/343: Matthews 0.71554, Accuracy: 85.55556, Loss: 0.044374355
342/343: Matthews 0.71554, Accuracy: 85.55556, Loss: 0.044258290
 
Best Matthews: 0.73994, Best Accuracy: 86.66667, Best Loss: 0.045832438 at epoch 64
Time Elasped: 01:04:25
========= Epoch 80 =========
171/343: Matthews 0.71987, Accuracy: 85.55556, Loss: 0.043594517
342/343: Matthews 0.71987, Accuracy: 85.55556, Loss: 0.044174200
 
Best Matthews: 0.73994, Best Accuracy: 86.66667, Best Loss: 0.045832438 at epoch 64
Time Elasped: 01:05:14
========= Epoch 81 =========
171/343: Matthews 0.73994, Accuracy: 86.66667, Loss: 0.043786947
342/343: Matthews 0.73994, Accuracy: 86.66667, Loss: 0.044634528
 
Best Matthews: 0.73994, Best Accuracy: 86.66667, Best Loss: 0.045832438 at epoch 64
Time Elasped: 01:06:03
========= Epoch 82 =========
171/343: Matthews 0.71129, Accuracy: 85.55556, Loss: 0.045334180
342/343: Matthews 0.71554, Accuracy: 85.55556, Loss: 0.043107017
 
Best Matthews: 0.73994, Best Accuracy: 86.66667, Best Loss: 0.045832438 at epoch 64
Time Elasped: 01:06:52
========= Epoch 83 =========
171/343: Matthews 0.71987, Accuracy: 85.55556, Loss: 0.044868734
342/343: Matthews 0.68752, Accuracy: 83.33333, Loss: 0.045858267
 
Best Matthews: 0.73994, Best Accuracy: 86.66667, Best Loss: 0.045832438 at epoch 64
Time Elasped: 01:07:40
========= Epoch 84 =========
171/343: Matthews 0.73994, Accuracy: 86.66667, Loss: 0.043198758
342/343: Matthews 0.73994, Accuracy: 86.66667, Loss: 0.043001676
 
Best Matthews: 0.73994, Best Accuracy: 86.66667, Best Loss: 0.045832438 at epoch 64
Time Elasped: 01:08:29
========= Epoch 85 =========
Early Stopping activated
 
Best Matthews: 0.73994, Best Accuracy: 86.66667, Best Loss: 0.045832438 at epoch 64
Time Elasped: 01:08:55
Test Set:
0/0: Matthews 0.57750, Accuracy: 78.93082, Loss: 0.015461863
