Namespace(batch_size=32, buffer_size=1, by_source=False, crop_pad_length=30, data='./acceptability_corpus/verb_classes_cola/understood', data_type='discriminator', dropout=0.2, embedding='glove.6B.300d', embedding_path='/scratch/asw462/models/elmo_encoder/elmo.emb', embedding_size=217, encoder_num_layers=2, encoder_path='/scratch/asw462/models/elmo_encoder/elmo.pth', encoding_size=528, encoding_type='lstm_pooling_classifier', epochs=1000, evaluate_train=False, experiment_name='experiment_linear_classifier_h_125_l_2_lr_0.0001_e_217_do_0.2', glove=False, gpu=True, hidden_size=125, imbalance=True, learning_rate=0.0001, lm_path=None, logs_dir='/scratch/asw462/logs/verb_classes_cola/understood', max_pool=False, model='linear_classifier', num_layers=2, output_dir='/scratch/asw462/logs/verb_classes_cola/outputs/understood', patience=20, preprocess_tokenizer='space', prints_per_stage=1, resume=True, resume_file=None, save_loc='/scratch/asw462/models/verb_classes_cola/understood', seed=1111, should_not_log=False, should_not_lowercase=False, should_not_preprocess_data=False, stages_per_epoch=2, train_embeddings=False, train_evaluate_interval=10, vocab_file='/scratch/asw462/data/vocab_100k.tsv')
======== General =======
Model: linear_classifier
GPU: True
Experiment Name: experiment_linear_classifier_h_125_l_2_lr_0.0001_e_217_do_0.2
Save location: /scratch/asw462/models/verb_classes_cola/understood
Logs dir: /scratch/asw462/logs/verb_classes_cola/understood
Timestamp: 2018/08/01 20:35:57
 
======== Data =======
Training set: 10953 examples
Validation set: 90 examples
Test set: 318 examples
 
======= Parameters =======
Learning Rate: 0.000100
Batch Size: 32
Epochs: 1000
Patience: 20
Stages per Epoch: 2
Embedding: 100004 x 217
Number of layers: 2
Hidden Size: 125
Encoder Size: 528
Resume: True
 
======= Model =======
LinearClassifierWithEncoder(
  (model): LinearClassifier(
    (dropout): Dropout(p=0.2)
    (enc2h): Linear(in_features=1056, out_features=125, bias=True)
    (h20): Linear(in_features=125, out_features=1, bias=True)
    (sigmoid): Sigmoid()
    (tanh): Tanh()
    (softmax): Softmax()
  )
  (encoder): LSTMPoolingClassifierWithELMo(
    (elmo): ELMOClassifier(
      (lm): LSTMLanguageModel(
        (dropout): Dropout(p=0.2)
        (embedding): Embedding(100003, 217)
        (lstm): LSTM(217, 891, num_layers=2, dropout=0.2)
        (fc): Linear(in_features=891, out_features=100003, bias=True)
      )
      (lstms): ModuleList(
        (0): LSTM(217, 891, batch_first=True)
        (1): LSTM(891, 891, batch_first=True)
      )
      (dropout): Dropout(p=0.2)
      (linear_comb): Linear(in_features=2, out_features=1, bias=True)
      (fc1): Linear(in_features=891, out_features=528, bias=True)
      (relu): ReLU()
      (out): Linear(in_features=528, out_features=1, bias=True)
      (sigmoid): Sigmoid()
    )
    (pooling_classifier): LSTMPoolingClassifier(
      (ih2h): LSTM(891, 528, num_layers=3, batch_first=True, dropout=0.2, bidirectional=True)
      (pool2o): Linear(in_features=1056, out_features=1, bias=True)
      (sigmoid): Sigmoid()
      (softmax): Softmax()
      (dropout): Dropout(p=0.2)
    )
  )
)
 
========= Epoch 1 =========
171/343: Matthews 0.40687, Accuracy: 65.55556, Loss: 0.075536686
342/343: Matthews 0.41251, Accuracy: 70.00000, Loss: 0.066785950
 
Best Matthews: 0.41251, Best Accuracy: 70.00000, Best Loss: 0.066785950 at epoch 1
Time Elasped: 00:00:25
========= Epoch 2 =========
171/343: Matthews 0.55611, Accuracy: 77.77778, Loss: 0.058954419
342/343: Matthews 0.60000, Accuracy: 80.00000, Loss: 0.059763161
 
Best Matthews: 0.60000, Best Accuracy: 80.00000, Best Loss: 0.059763161 at epoch 2
Time Elasped: 00:00:45
========= Epoch 3 =========
171/343: Matthews 0.62361, Accuracy: 81.11111, Loss: 0.059644169
342/343: Matthews 0.67488, Accuracy: 83.33333, Loss: 0.055028004
 
Best Matthews: 0.67488, Best Accuracy: 83.33333, Best Loss: 0.055028004 at epoch 3
Time Elasped: 00:01:05
========= Epoch 4 =========
171/343: Matthews 0.69510, Accuracy: 84.44444, Loss: 0.055003723
342/343: Matthews 0.67488, Accuracy: 83.33333, Loss: 0.058868663
 
Best Matthews: 0.69510, Best Accuracy: 84.44444, Best Loss: 0.055003723 at epoch 4
Time Elasped: 00:01:24
========= Epoch 5 =========
171/343: Matthews 0.57792, Accuracy: 78.88889, Loss: 0.052989377
342/343: Matthews 0.69510, Accuracy: 84.44444, Loss: 0.057248063
 
Best Matthews: 0.69510, Best Accuracy: 84.44444, Best Loss: 0.055003723 at epoch 4
Time Elasped: 00:01:41
========= Epoch 6 =========
171/343: Matthews 0.69510, Accuracy: 84.44444, Loss: 0.054416858
342/343: Matthews 0.67488, Accuracy: 83.33333, Loss: 0.054217466
 
Best Matthews: 0.69510, Best Accuracy: 84.44444, Best Loss: 0.055003723 at epoch 4
Time Elasped: 00:01:58
========= Epoch 7 =========
171/343: Matthews 0.67082, Accuracy: 83.33333, Loss: 0.050227451
342/343: Matthews 0.55556, Accuracy: 77.77778, Loss: 0.053604995
 
Best Matthews: 0.69510, Best Accuracy: 84.44444, Best Loss: 0.055003723 at epoch 4
Time Elasped: 00:02:16
========= Epoch 8 =========
171/343: Matthews 0.57792, Accuracy: 78.88889, Loss: 0.053939332
342/343: Matthews 0.69510, Accuracy: 84.44444, Loss: 0.049982633
 
Best Matthews: 0.69510, Best Accuracy: 84.44444, Best Loss: 0.055003723 at epoch 4
Time Elasped: 00:02:33
========= Epoch 9 =========
171/343: Matthews 0.71987, Accuracy: 85.55556, Loss: 0.049658272
342/343: Matthews 0.62361, Accuracy: 81.11111, Loss: 0.052074528
 
Best Matthews: 0.71987, Best Accuracy: 85.55556, Best Loss: 0.049658272 at epoch 9
Time Elasped: 00:02:51
========= Epoch 10 =========
171/343: Matthews 0.55556, Accuracy: 77.77778, Loss: 0.052892367
342/343: Matthews 0.57792, Accuracy: 78.88889, Loss: 0.049978712
 
Best Matthews: 0.71987, Best Accuracy: 85.55556, Best Loss: 0.049658272 at epoch 9
Time Elasped: 00:03:09
========= Epoch 11 =========
171/343: Matthews 0.57792, Accuracy: 78.88889, Loss: 0.051981809
342/343: Matthews 0.71987, Accuracy: 85.55556, Loss: 0.051142756
 
Best Matthews: 0.71987, Best Accuracy: 85.55556, Best Loss: 0.049658272 at epoch 9
Time Elasped: 00:03:26
========= Epoch 12 =========
171/343: Matthews 0.71987, Accuracy: 85.55556, Loss: 0.050830364
342/343: Matthews 0.69510, Accuracy: 84.44444, Loss: 0.047982142
 
Best Matthews: 0.71987, Best Accuracy: 85.55556, Best Loss: 0.049658272 at epoch 9
Time Elasped: 00:03:43
========= Epoch 13 =========
171/343: Matthews 0.69510, Accuracy: 84.44444, Loss: 0.048796161
342/343: Matthews 0.69510, Accuracy: 84.44444, Loss: 0.047776948
 
Best Matthews: 0.71987, Best Accuracy: 85.55556, Best Loss: 0.049658272 at epoch 9
Time Elasped: 00:04:00
========= Epoch 14 =========
171/343: Matthews 0.66815, Accuracy: 83.33333, Loss: 0.052361006
342/343: Matthews 0.71987, Accuracy: 85.55556, Loss: 0.047327058
 
Best Matthews: 0.71987, Best Accuracy: 85.55556, Best Loss: 0.049658272 at epoch 9
Time Elasped: 00:04:17
========= Epoch 15 =========
171/343: Matthews 0.71987, Accuracy: 85.55556, Loss: 0.046103075
342/343: Matthews 0.57792, Accuracy: 78.88889, Loss: 0.051452176
 
Best Matthews: 0.71987, Best Accuracy: 85.55556, Best Loss: 0.049658272 at epoch 9
Time Elasped: 00:04:35
========= Epoch 16 =========
171/343: Matthews 0.69510, Accuracy: 84.44444, Loss: 0.050688722
342/343: Matthews 0.70004, Accuracy: 84.44444, Loss: 0.051563692
 
Best Matthews: 0.71987, Best Accuracy: 85.55556, Best Loss: 0.049658272 at epoch 9
Time Elasped: 00:04:52
========= Epoch 17 =========
171/343: Matthews 0.69510, Accuracy: 84.44444, Loss: 0.046349631
342/343: Matthews 0.60059, Accuracy: 80.00000, Loss: 0.046959649
 
Best Matthews: 0.71987, Best Accuracy: 85.55556, Best Loss: 0.049658272 at epoch 9
Time Elasped: 00:05:09
========= Epoch 18 =========
171/343: Matthews 0.69510, Accuracy: 84.44444, Loss: 0.046036339
342/343: Matthews 0.71987, Accuracy: 85.55556, Loss: 0.047430627
 
Best Matthews: 0.71987, Best Accuracy: 85.55556, Best Loss: 0.049658272 at epoch 9
Time Elasped: 00:05:26
========= Epoch 19 =========
171/343: Matthews 0.57792, Accuracy: 78.88889, Loss: 0.047676775
342/343: Matthews 0.68041, Accuracy: 83.33333, Loss: 0.047109667
 
Best Matthews: 0.71987, Best Accuracy: 85.55556, Best Loss: 0.049658272 at epoch 9
Time Elasped: 00:05:44
========= Epoch 20 =========
171/343: Matthews 0.71987, Accuracy: 85.55556, Loss: 0.045924033
342/343: Matthews 0.70004, Accuracy: 84.44444, Loss: 0.049348593
 
Best Matthews: 0.71987, Best Accuracy: 85.55556, Best Loss: 0.049658272 at epoch 9
Time Elasped: 00:06:01
========= Epoch 21 =========
171/343: Matthews 0.71987, Accuracy: 85.55556, Loss: 0.046742333
342/343: Matthews 0.71987, Accuracy: 85.55556, Loss: 0.048681842
 
Best Matthews: 0.71987, Best Accuracy: 85.55556, Best Loss: 0.049658272 at epoch 9
Time Elasped: 00:06:18
========= Epoch 22 =========
171/343: Matthews 0.68041, Accuracy: 83.33333, Loss: 0.047422102
342/343: Matthews 0.70004, Accuracy: 84.44444, Loss: 0.046659385
 
Best Matthews: 0.71987, Best Accuracy: 85.55556, Best Loss: 0.049658272 at epoch 9
Time Elasped: 00:06:35
========= Epoch 23 =========
171/343: Matthews 0.62238, Accuracy: 81.11111, Loss: 0.046345112
342/343: Matthews 0.70004, Accuracy: 84.44444, Loss: 0.047706461
 
Best Matthews: 0.71987, Best Accuracy: 85.55556, Best Loss: 0.049658272 at epoch 9
Time Elasped: 00:06:53
========= Epoch 24 =========
171/343: Matthews 0.66866, Accuracy: 82.22222, Loss: 0.048657894
342/343: Matthews 0.71554, Accuracy: 85.55556, Loss: 0.046992207
 
Best Matthews: 0.71987, Best Accuracy: 85.55556, Best Loss: 0.049658272 at epoch 9
Time Elasped: 00:07:10
========= Epoch 25 =========
171/343: Matthews 0.71987, Accuracy: 85.55556, Loss: 0.045043421
342/343: Matthews 0.71987, Accuracy: 85.55556, Loss: 0.046030696
 
Best Matthews: 0.71987, Best Accuracy: 85.55556, Best Loss: 0.049658272 at epoch 9
Time Elasped: 00:07:27
========= Epoch 26 =========
171/343: Matthews 0.69510, Accuracy: 84.44444, Loss: 0.046262471
342/343: Matthews 0.70004, Accuracy: 84.44444, Loss: 0.048427815
 
Best Matthews: 0.71987, Best Accuracy: 85.55556, Best Loss: 0.049658272 at epoch 9
Time Elasped: 00:07:44
========= Epoch 27 =========
171/343: Matthews 0.70004, Accuracy: 84.44444, Loss: 0.046602901
342/343: Matthews 0.71987, Accuracy: 85.55556, Loss: 0.047461383
 
Best Matthews: 0.71987, Best Accuracy: 85.55556, Best Loss: 0.049658272 at epoch 9
Time Elasped: 00:08:02
========= Epoch 28 =========
171/343: Matthews 0.55776, Accuracy: 77.77778, Loss: 0.047360648
342/343: Matthews 0.70004, Accuracy: 84.44444, Loss: 0.045121262
 
Best Matthews: 0.71987, Best Accuracy: 85.55556, Best Loss: 0.049658272 at epoch 9
Time Elasped: 00:08:19
========= Epoch 29 =========
171/343: Matthews 0.71987, Accuracy: 85.55556, Loss: 0.046352784
342/343: Matthews 0.66866, Accuracy: 82.22222, Loss: 0.043481612
 
Best Matthews: 0.71987, Best Accuracy: 85.55556, Best Loss: 0.049658272 at epoch 9
Time Elasped: 00:08:36
========= Epoch 30 =========
171/343: Matthews 0.72577, Accuracy: 85.55556, Loss: 0.043871254
342/343: Matthews 0.56455, Accuracy: 77.77778, Loss: 0.047197628
 
Best Matthews: 0.72577, Best Accuracy: 85.55556, Best Loss: 0.043871254 at epoch 30
Time Elasped: 00:08:55
========= Epoch 31 =========
171/343: Matthews 0.70004, Accuracy: 84.44444, Loss: 0.047176425
342/343: Matthews 0.69510, Accuracy: 84.44444, Loss: 0.044418589
 
Best Matthews: 0.72577, Best Accuracy: 85.55556, Best Loss: 0.043871254 at epoch 30
Time Elasped: 00:09:12
========= Epoch 32 =========
171/343: Matthews 0.70004, Accuracy: 84.44444, Loss: 0.045642943
342/343: Matthews 0.62238, Accuracy: 81.11111, Loss: 0.043800735
 
Best Matthews: 0.72577, Best Accuracy: 85.55556, Best Loss: 0.043871254 at epoch 30
Time Elasped: 00:09:29
========= Epoch 33 =========
171/343: Matthews 0.72577, Accuracy: 85.55556, Loss: 0.043786086
342/343: Matthews 0.66683, Accuracy: 83.33333, Loss: 0.045668189
 
Best Matthews: 0.72577, Best Accuracy: 85.55556, Best Loss: 0.043871254 at epoch 30
Time Elasped: 00:09:47
========= Epoch 34 =========
171/343: Matthews 0.73994, Accuracy: 86.66667, Loss: 0.044440413
342/343: Matthews 0.56455, Accuracy: 77.77778, Loss: 0.045167526
 
Best Matthews: 0.73994, Best Accuracy: 86.66667, Best Loss: 0.044440413 at epoch 34
Time Elasped: 00:10:05
========= Epoch 35 =========
171/343: Matthews 0.71554, Accuracy: 85.55556, Loss: 0.046202490
342/343: Matthews 0.64444, Accuracy: 82.22222, Loss: 0.044429975
 
Best Matthews: 0.73994, Best Accuracy: 86.66667, Best Loss: 0.044440413 at epoch 34
Time Elasped: 00:10:22
========= Epoch 36 =========
171/343: Matthews 0.66815, Accuracy: 83.33333, Loss: 0.045938190
342/343: Matthews 0.73625, Accuracy: 86.66667, Loss: 0.044332308
 
Best Matthews: 0.73994, Best Accuracy: 86.66667, Best Loss: 0.044440413 at epoch 34
Time Elasped: 00:10:39
========= Epoch 37 =========
171/343: Matthews 0.76026, Accuracy: 87.77778, Loss: 0.043553236
342/343: Matthews 0.73625, Accuracy: 86.66667, Loss: 0.044417061
 
Best Matthews: 0.76026, Best Accuracy: 87.77778, Best Loss: 0.043553236 at epoch 37
Time Elasped: 00:10:58
========= Epoch 38 =========
171/343: Matthews 0.72577, Accuracy: 85.55556, Loss: 0.043442665
342/343: Matthews 0.73625, Accuracy: 86.66667, Loss: 0.045167372
 
Best Matthews: 0.76026, Best Accuracy: 87.77778, Best Loss: 0.043553236 at epoch 37
Time Elasped: 00:11:15
========= Epoch 39 =========
171/343: Matthews 0.70656, Accuracy: 84.44444, Loss: 0.045286518
342/343: Matthews 0.72577, Accuracy: 85.55556, Loss: 0.044387658
 
Best Matthews: 0.76026, Best Accuracy: 87.77778, Best Loss: 0.043553236 at epoch 37
Time Elasped: 00:11:33
========= Epoch 40 =========
171/343: Matthews 0.73625, Accuracy: 86.66667, Loss: 0.042731561
342/343: Matthews 0.72577, Accuracy: 85.55556, Loss: 0.046712918
 
Best Matthews: 0.76026, Best Accuracy: 87.77778, Best Loss: 0.043553236 at epoch 37
Time Elasped: 00:11:50
========= Epoch 41 =========
171/343: Matthews 0.60541, Accuracy: 80.00000, Loss: 0.046043942
342/343: Matthews 0.73406, Accuracy: 86.66667, Loss: 0.043882685
 
Best Matthews: 0.76026, Best Accuracy: 87.77778, Best Loss: 0.043553236 at epoch 37
Time Elasped: 00:12:07
========= Epoch 42 =========
171/343: Matthews 0.71554, Accuracy: 85.55556, Loss: 0.045984300
342/343: Matthews 0.72577, Accuracy: 85.55556, Loss: 0.044538699
 
Best Matthews: 0.76026, Best Accuracy: 87.77778, Best Loss: 0.043553236 at epoch 37
Time Elasped: 00:12:24
========= Epoch 43 =========
171/343: Matthews 0.68957, Accuracy: 84.44444, Loss: 0.046135065
342/343: Matthews 0.73994, Accuracy: 86.66667, Loss: 0.044066151
 
Best Matthews: 0.76026, Best Accuracy: 87.77778, Best Loss: 0.043553236 at epoch 37
Time Elasped: 00:12:42
========= Epoch 44 =========
171/343: Matthews 0.71987, Accuracy: 85.55556, Loss: 0.042904944
342/343: Matthews 0.76026, Accuracy: 87.77778, Loss: 0.044454167
 
Best Matthews: 0.76026, Best Accuracy: 87.77778, Best Loss: 0.043553236 at epoch 37
Time Elasped: 00:12:59
========= Epoch 45 =========
171/343: Matthews 0.70004, Accuracy: 84.44444, Loss: 0.043189075
342/343: Matthews 0.68752, Accuracy: 83.33333, Loss: 0.045415115
 
Best Matthews: 0.76026, Best Accuracy: 87.77778, Best Loss: 0.043553236 at epoch 37
Time Elasped: 00:13:16
========= Epoch 46 =========
171/343: Matthews 0.73625, Accuracy: 86.66667, Loss: 0.044737085
342/343: Matthews 0.76026, Accuracy: 87.77778, Loss: 0.044385619
 
Best Matthews: 0.76026, Best Accuracy: 87.77778, Best Loss: 0.043553236 at epoch 37
Time Elasped: 00:13:33
========= Epoch 47 =========
171/343: Matthews 0.71987, Accuracy: 85.55556, Loss: 0.043647493
342/343: Matthews 0.71987, Accuracy: 85.55556, Loss: 0.043358866
 
Best Matthews: 0.76026, Best Accuracy: 87.77778, Best Loss: 0.043553236 at epoch 37
Time Elasped: 00:13:51
========= Epoch 48 =========
171/343: Matthews 0.70004, Accuracy: 84.44444, Loss: 0.044120042
342/343: Matthews 0.71987, Accuracy: 85.55556, Loss: 0.043088677
 
Best Matthews: 0.76026, Best Accuracy: 87.77778, Best Loss: 0.043553236 at epoch 37
Time Elasped: 00:14:08
========= Epoch 49 =========
171/343: Matthews 0.73625, Accuracy: 86.66667, Loss: 0.041893042
342/343: Matthews 0.71987, Accuracy: 85.55556, Loss: 0.042371813
 
Best Matthews: 0.76026, Best Accuracy: 87.77778, Best Loss: 0.043553236 at epoch 37
Time Elasped: 00:14:25
========= Epoch 50 =========
171/343: Matthews 0.71554, Accuracy: 85.55556, Loss: 0.043126615
342/343: Matthews 0.73625, Accuracy: 86.66667, Loss: 0.044477463
 
Best Matthews: 0.76026, Best Accuracy: 87.77778, Best Loss: 0.043553236 at epoch 37
Time Elasped: 00:14:43
========= Epoch 51 =========
171/343: Matthews 0.73625, Accuracy: 86.66667, Loss: 0.041243866
342/343: Matthews 0.73625, Accuracy: 86.66667, Loss: 0.043778115
 
Best Matthews: 0.76026, Best Accuracy: 87.77778, Best Loss: 0.043553236 at epoch 37
Time Elasped: 00:15:00
========= Epoch 52 =========
171/343: Matthews 0.73625, Accuracy: 86.66667, Loss: 0.042360873
342/343: Matthews 0.73994, Accuracy: 86.66667, Loss: 0.042500761
 
Best Matthews: 0.76026, Best Accuracy: 87.77778, Best Loss: 0.043553236 at epoch 37
Time Elasped: 00:15:17
========= Epoch 53 =========
171/343: Matthews 0.66866, Accuracy: 82.22222, Loss: 0.041515546
342/343: Matthews 0.73406, Accuracy: 86.66667, Loss: 0.043176707
 
Best Matthews: 0.76026, Best Accuracy: 87.77778, Best Loss: 0.043553236 at epoch 37
Time Elasped: 00:15:34
========= Epoch 54 =========
171/343: Matthews 0.74520, Accuracy: 86.66667, Loss: 0.043786547
342/343: Matthews 0.73625, Accuracy: 86.66667, Loss: 0.041845769
 
Best Matthews: 0.76026, Best Accuracy: 87.77778, Best Loss: 0.043553236 at epoch 37
Time Elasped: 00:15:52
========= Epoch 55 =========
171/343: Matthews 0.70656, Accuracy: 84.44444, Loss: 0.042437892
342/343: Matthews 0.74520, Accuracy: 86.66667, Loss: 0.042952328
 
Best Matthews: 0.76026, Best Accuracy: 87.77778, Best Loss: 0.043553236 at epoch 37
Time Elasped: 00:16:09
========= Epoch 56 =========
171/343: Matthews 0.72577, Accuracy: 85.55556, Loss: 0.041019286
342/343: Matthews 0.72577, Accuracy: 85.55556, Loss: 0.043573475
 
Best Matthews: 0.76026, Best Accuracy: 87.77778, Best Loss: 0.043553236 at epoch 37
Time Elasped: 00:16:26
========= Epoch 57 =========
171/343: Matthews 0.74520, Accuracy: 86.66667, Loss: 0.041194423
342/343: Matthews 0.71554, Accuracy: 85.55556, Loss: 0.043052472
 
Best Matthews: 0.76026, Best Accuracy: 87.77778, Best Loss: 0.043553236 at epoch 37
Time Elasped: 00:16:43
========= Epoch 58 =========
Early Stopping activated
 
Best Matthews: 0.76026, Best Accuracy: 87.77778, Best Loss: 0.043553236 at epoch 37
Time Elasped: 00:16:54
Test Set:
0/0: Matthews 0.56428, Accuracy: 78.30189, Loss: 0.014323403
