Namespace(batch_size=32, buffer_size=1, by_source=False, crop_pad_length=30, data='./acceptability_corpus/verb_classes_cola/understood', data_type='discriminator', dropout=0.5, embedding='glove.6B.300d', embedding_path='/scratch/asw462/models/elmo_encoder/elmo.emb', embedding_size=217, encoder_num_layers=2, encoder_path='/scratch/asw462/models/elmo_encoder/elmo.pth', encoding_size=528, encoding_type='lstm_pooling_classifier', epochs=1000, evaluate_train=False, experiment_name='experiment_linear_classifier_h_32_l_3_lr_0.0000_e_217_do_0.5', glove=False, gpu=True, hidden_size=32, imbalance=True, learning_rate=2e-05, lm_path=None, logs_dir='/scratch/asw462/logs/verb_classes_cola/understood', max_pool=False, model='linear_classifier', num_layers=3, output_dir='/scratch/asw462/logs/verb_classes_cola/outputs/understood', patience=20, preprocess_tokenizer='space', prints_per_stage=1, resume=True, resume_file=None, save_loc='/scratch/asw462/models/verb_classes_cola/understood', seed=1111, should_not_log=False, should_not_lowercase=False, should_not_preprocess_data=False, stages_per_epoch=2, train_embeddings=False, train_evaluate_interval=10, vocab_file='/scratch/asw462/data/vocab_100k.tsv')
======== General =======
Model: linear_classifier
GPU: True
Experiment Name: experiment_linear_classifier_h_32_l_3_lr_0.0000_e_217_do_0.5
Save location: /scratch/asw462/models/verb_classes_cola/understood
Logs dir: /scratch/asw462/logs/verb_classes_cola/understood
Timestamp: 2018/08/01 22:34:24
 
======== Data =======
Training set: 10953 examples
Validation set: 90 examples
Test set: 318 examples
 
======= Parameters =======
Learning Rate: 0.000020
Batch Size: 32
Epochs: 1000
Patience: 20
Stages per Epoch: 2
Embedding: 100004 x 217
Number of layers: 3
Hidden Size: 32
Encoder Size: 528
Resume: True
 
======= Model =======
LinearClassifierWithEncoder(
  (model): LinearClassifier(
    (dropout): Dropout(p=0.5)
    (enc2h): Linear(in_features=1056, out_features=32, bias=True)
    (h20): Linear(in_features=32, out_features=1, bias=True)
    (sigmoid): Sigmoid()
    (tanh): Tanh()
    (softmax): Softmax()
  )
  (encoder): LSTMPoolingClassifierWithELMo(
    (elmo): ELMOClassifier(
      (lm): LSTMLanguageModel(
        (dropout): Dropout(p=0.2)
        (embedding): Embedding(100003, 217)
        (lstm): LSTM(217, 891, num_layers=2, dropout=0.2)
        (fc): Linear(in_features=891, out_features=100003, bias=True)
      )
      (lstms): ModuleList(
        (0): LSTM(217, 891, batch_first=True)
        (1): LSTM(891, 891, batch_first=True)
      )
      (dropout): Dropout(p=0.2)
      (linear_comb): Linear(in_features=2, out_features=1, bias=True)
      (fc1): Linear(in_features=891, out_features=528, bias=True)
      (relu): ReLU()
      (out): Linear(in_features=528, out_features=1, bias=True)
      (sigmoid): Sigmoid()
    )
    (pooling_classifier): LSTMPoolingClassifier(
      (ih2h): LSTM(891, 528, num_layers=3, batch_first=True, dropout=0.2, bidirectional=True)
      (pool2o): Linear(in_features=1056, out_features=1, bias=True)
      (sigmoid): Sigmoid()
      (softmax): Softmax()
      (dropout): Dropout(p=0.2)
    )
  )
)
 
========= Epoch 1 =========
171/343: Matthews 0.28897, Accuracy: 62.22222, Loss: 0.090806982
342/343: Matthews 0.27778, Accuracy: 61.11111, Loss: 0.085676596
 
Best Matthews: 0.28897, Best Accuracy: 62.22222, Best Loss: 0.090806982 at epoch 1
Time Elasped: 00:00:54
========= Epoch 2 =========
171/343: Matthews 0.28897, Accuracy: 62.22222, Loss: 0.081787067
342/343: Matthews 0.28897, Accuracy: 62.22222, Loss: 0.079340606
 
Best Matthews: 0.28897, Best Accuracy: 62.22222, Best Loss: 0.090806982 at epoch 1
Time Elasped: 00:01:42
========= Epoch 3 =========
171/343: Matthews 0.28897, Accuracy: 62.22222, Loss: 0.077503962
342/343: Matthews 0.28897, Accuracy: 62.22222, Loss: 0.076455212
 
Best Matthews: 0.28897, Best Accuracy: 62.22222, Best Loss: 0.090806982 at epoch 1
Time Elasped: 00:02:30
========= Epoch 4 =========
171/343: Matthews 0.28897, Accuracy: 62.22222, Loss: 0.074995020
342/343: Matthews 0.28897, Accuracy: 62.22222, Loss: 0.073740694
 
Best Matthews: 0.28897, Best Accuracy: 62.22222, Best Loss: 0.090806982 at epoch 1
Time Elasped: 00:03:19
========= Epoch 5 =========
171/343: Matthews 0.31025, Accuracy: 63.33333, Loss: 0.073132420
342/343: Matthews 0.30151, Accuracy: 63.33333, Loss: 0.072279072
 
Best Matthews: 0.31025, Best Accuracy: 63.33333, Best Loss: 0.073132420 at epoch 5
Time Elasped: 00:04:08
========= Epoch 6 =========
171/343: Matthews 0.32998, Accuracy: 65.55556, Loss: 0.070514446
342/343: Matthews 0.36370, Accuracy: 66.66667, Loss: 0.070676687
 
Best Matthews: 0.36370, Best Accuracy: 66.66667, Best Loss: 0.070676687 at epoch 6
Time Elasped: 00:05:00
========= Epoch 7 =========
171/343: Matthews 0.35664, Accuracy: 66.66667, Loss: 0.069778421
342/343: Matthews 0.32998, Accuracy: 65.55556, Loss: 0.068559917
 
Best Matthews: 0.36370, Best Accuracy: 66.66667, Best Loss: 0.070676687 at epoch 6
Time Elasped: 00:05:48
========= Epoch 8 =========
171/343: Matthews 0.32998, Accuracy: 65.55556, Loss: 0.067934508
342/343: Matthews 0.32998, Accuracy: 65.55556, Loss: 0.067551104
 
Best Matthews: 0.36370, Best Accuracy: 66.66667, Best Loss: 0.070676687 at epoch 6
Time Elasped: 00:06:37
========= Epoch 9 =========
171/343: Matthews 0.37712, Accuracy: 67.77778, Loss: 0.066949410
342/343: Matthews 0.41251, Accuracy: 70.00000, Loss: 0.066338205
 
Best Matthews: 0.41251, Best Accuracy: 70.00000, Best Loss: 0.066338205 at epoch 9
Time Elasped: 00:07:28
========= Epoch 10 =========
171/343: Matthews 0.41251, Accuracy: 70.00000, Loss: 0.066210789
342/343: Matthews 0.45361, Accuracy: 72.22222, Loss: 0.065173488
 
Best Matthews: 0.45361, Best Accuracy: 72.22222, Best Loss: 0.065173488 at epoch 10
Time Elasped: 00:08:19
========= Epoch 11 =========
171/343: Matthews 0.45361, Accuracy: 72.22222, Loss: 0.064601194
342/343: Matthews 0.41251, Accuracy: 70.00000, Loss: 0.064880673
 
Best Matthews: 0.45361, Best Accuracy: 72.22222, Best Loss: 0.065173488 at epoch 10
Time Elasped: 00:09:07
========= Epoch 12 =========
171/343: Matthews 0.44992, Accuracy: 72.22222, Loss: 0.063729101
342/343: Matthews 0.47863, Accuracy: 73.33333, Loss: 0.064348560
 
Best Matthews: 0.47863, Best Accuracy: 73.33333, Best Loss: 0.064348560 at epoch 12
Time Elasped: 00:09:58
========= Epoch 13 =========
171/343: Matthews 0.47087, Accuracy: 73.33333, Loss: 0.063332727
342/343: Matthews 0.49491, Accuracy: 74.44444, Loss: 0.063257207
 
Best Matthews: 0.49491, Best Accuracy: 74.44444, Best Loss: 0.063257207 at epoch 13
Time Elasped: 00:10:48
========= Epoch 14 =========
171/343: Matthews 0.49491, Accuracy: 74.44444, Loss: 0.062704282
342/343: Matthews 0.60059, Accuracy: 80.00000, Loss: 0.062552367
 
Best Matthews: 0.60059, Best Accuracy: 80.00000, Best Loss: 0.062552367 at epoch 14
Time Elasped: 00:11:38
========= Epoch 15 =========
171/343: Matthews 0.53666, Accuracy: 76.66667, Loss: 0.062605879
342/343: Matthews 0.60059, Accuracy: 80.00000, Loss: 0.061600563
 
Best Matthews: 0.60059, Best Accuracy: 80.00000, Best Loss: 0.062552367 at epoch 14
Time Elasped: 00:12:26
========= Epoch 16 =========
171/343: Matthews 0.60059, Accuracy: 80.00000, Loss: 0.061808247
342/343: Matthews 0.60059, Accuracy: 80.00000, Loss: 0.061593564
 
Best Matthews: 0.60059, Best Accuracy: 80.00000, Best Loss: 0.062552367 at epoch 14
Time Elasped: 00:13:15
========= Epoch 17 =========
171/343: Matthews 0.60059, Accuracy: 80.00000, Loss: 0.061194229
342/343: Matthews 0.60059, Accuracy: 80.00000, Loss: 0.061250443
 
Best Matthews: 0.60059, Best Accuracy: 80.00000, Best Loss: 0.062552367 at epoch 14
Time Elasped: 00:14:04
========= Epoch 18 =========
171/343: Matthews 0.60059, Accuracy: 80.00000, Loss: 0.060651382
342/343: Matthews 0.60059, Accuracy: 80.00000, Loss: 0.060468992
 
Best Matthews: 0.60059, Best Accuracy: 80.00000, Best Loss: 0.062552367 at epoch 14
Time Elasped: 00:14:52
========= Epoch 19 =========
171/343: Matthews 0.62238, Accuracy: 81.11111, Loss: 0.060314364
342/343: Matthews 0.60059, Accuracy: 80.00000, Loss: 0.059913042
 
Best Matthews: 0.62238, Best Accuracy: 81.11111, Best Loss: 0.060314364 at epoch 19
Time Elasped: 00:15:42
========= Epoch 20 =========
171/343: Matthews 0.64508, Accuracy: 82.22222, Loss: 0.059067504
342/343: Matthews 0.60059, Accuracy: 80.00000, Loss: 0.059604888
 
Best Matthews: 0.64508, Best Accuracy: 82.22222, Best Loss: 0.059067504 at epoch 20
Time Elasped: 00:16:33
========= Epoch 21 =========
171/343: Matthews 0.57792, Accuracy: 78.88889, Loss: 0.059321006
342/343: Matthews 0.62238, Accuracy: 81.11111, Loss: 0.058591663
 
Best Matthews: 0.64508, Best Accuracy: 82.22222, Best Loss: 0.059067504 at epoch 20
Time Elasped: 00:17:22
========= Epoch 22 =========
171/343: Matthews 0.57792, Accuracy: 78.88889, Loss: 0.058569680
342/343: Matthews 0.62361, Accuracy: 81.11111, Loss: 0.058155441
 
Best Matthews: 0.64508, Best Accuracy: 82.22222, Best Loss: 0.059067504 at epoch 20
Time Elasped: 00:18:10
========= Epoch 23 =========
171/343: Matthews 0.62361, Accuracy: 81.11111, Loss: 0.057537338
342/343: Matthews 0.62238, Accuracy: 81.11111, Loss: 0.058170515
 
Best Matthews: 0.64508, Best Accuracy: 82.22222, Best Loss: 0.059067504 at epoch 20
Time Elasped: 00:18:59
========= Epoch 24 =========
171/343: Matthews 0.60000, Accuracy: 80.00000, Loss: 0.058249850
342/343: Matthews 0.62361, Accuracy: 81.11111, Loss: 0.057708587
 
Best Matthews: 0.64508, Best Accuracy: 82.22222, Best Loss: 0.059067504 at epoch 20
Time Elasped: 00:19:48
========= Epoch 25 =========
171/343: Matthews 0.62361, Accuracy: 81.11111, Loss: 0.057553175
342/343: Matthews 0.62361, Accuracy: 81.11111, Loss: 0.057352500
 
Best Matthews: 0.64508, Best Accuracy: 82.22222, Best Loss: 0.059067504 at epoch 20
Time Elasped: 00:20:37
========= Epoch 26 =========
171/343: Matthews 0.62361, Accuracy: 81.11111, Loss: 0.056850052
342/343: Matthews 0.62361, Accuracy: 81.11111, Loss: 0.056846507
 
Best Matthews: 0.64508, Best Accuracy: 82.22222, Best Loss: 0.059067504 at epoch 20
Time Elasped: 00:21:26
========= Epoch 27 =========
171/343: Matthews 0.62361, Accuracy: 81.11111, Loss: 0.056442854
342/343: Matthews 0.62361, Accuracy: 81.11111, Loss: 0.056677283
 
Best Matthews: 0.64508, Best Accuracy: 82.22222, Best Loss: 0.059067504 at epoch 20
Time Elasped: 00:22:15
========= Epoch 28 =========
171/343: Matthews 0.62361, Accuracy: 81.11111, Loss: 0.056801324
342/343: Matthews 0.62361, Accuracy: 81.11111, Loss: 0.056175306
 
Best Matthews: 0.64508, Best Accuracy: 82.22222, Best Loss: 0.059067504 at epoch 20
Time Elasped: 00:23:03
========= Epoch 29 =========
171/343: Matthews 0.62361, Accuracy: 81.11111, Loss: 0.056114727
342/343: Matthews 0.62361, Accuracy: 81.11111, Loss: 0.056088087
 
Best Matthews: 0.64508, Best Accuracy: 82.22222, Best Loss: 0.059067504 at epoch 20
Time Elasped: 00:23:52
========= Epoch 30 =========
171/343: Matthews 0.62361, Accuracy: 81.11111, Loss: 0.055918439
342/343: Matthews 0.62361, Accuracy: 81.11111, Loss: 0.055796014
 
Best Matthews: 0.64508, Best Accuracy: 82.22222, Best Loss: 0.059067504 at epoch 20
Time Elasped: 00:24:40
========= Epoch 31 =========
171/343: Matthews 0.62361, Accuracy: 81.11111, Loss: 0.055895795
342/343: Matthews 0.62361, Accuracy: 81.11111, Loss: 0.055476676
 
Best Matthews: 0.64508, Best Accuracy: 82.22222, Best Loss: 0.059067504 at epoch 20
Time Elasped: 00:25:29
========= Epoch 32 =========
171/343: Matthews 0.62361, Accuracy: 81.11111, Loss: 0.055212662
342/343: Matthews 0.62361, Accuracy: 81.11111, Loss: 0.055078612
 
Best Matthews: 0.64508, Best Accuracy: 82.22222, Best Loss: 0.059067504 at epoch 20
Time Elasped: 00:26:18
========= Epoch 33 =========
171/343: Matthews 0.62361, Accuracy: 81.11111, Loss: 0.055342372
342/343: Matthews 0.62361, Accuracy: 81.11111, Loss: 0.054938926
 
Best Matthews: 0.64508, Best Accuracy: 82.22222, Best Loss: 0.059067504 at epoch 20
Time Elasped: 00:27:07
========= Epoch 34 =========
171/343: Matthews 0.62361, Accuracy: 81.11111, Loss: 0.054689572
342/343: Matthews 0.62361, Accuracy: 81.11111, Loss: 0.054798449
 
Best Matthews: 0.64508, Best Accuracy: 82.22222, Best Loss: 0.059067504 at epoch 20
Time Elasped: 00:27:56
========= Epoch 35 =========
171/343: Matthews 0.62361, Accuracy: 81.11111, Loss: 0.054750495
342/343: Matthews 0.62361, Accuracy: 81.11111, Loss: 0.054619477
 
Best Matthews: 0.64508, Best Accuracy: 82.22222, Best Loss: 0.059067504 at epoch 20
Time Elasped: 00:28:45
========= Epoch 36 =========
171/343: Matthews 0.62361, Accuracy: 81.11111, Loss: 0.054313596
342/343: Matthews 0.62361, Accuracy: 81.11111, Loss: 0.054195563
 
Best Matthews: 0.64508, Best Accuracy: 82.22222, Best Loss: 0.059067504 at epoch 20
Time Elasped: 00:29:34
========= Epoch 37 =========
171/343: Matthews 0.62361, Accuracy: 81.11111, Loss: 0.053766833
342/343: Matthews 0.62361, Accuracy: 81.11111, Loss: 0.053876898
 
Best Matthews: 0.64508, Best Accuracy: 82.22222, Best Loss: 0.059067504 at epoch 20
Time Elasped: 00:30:23
========= Epoch 38 =========
171/343: Matthews 0.62361, Accuracy: 81.11111, Loss: 0.053929239
342/343: Matthews 0.62361, Accuracy: 81.11111, Loss: 0.054089144
 
Best Matthews: 0.64508, Best Accuracy: 82.22222, Best Loss: 0.059067504 at epoch 20
Time Elasped: 00:31:12
========= Epoch 39 =========
171/343: Matthews 0.62361, Accuracy: 81.11111, Loss: 0.054084799
342/343: Matthews 0.62361, Accuracy: 81.11111, Loss: 0.053739707
 
Best Matthews: 0.64508, Best Accuracy: 82.22222, Best Loss: 0.059067504 at epoch 20
Time Elasped: 00:32:01
========= Epoch 40 =========
171/343: Matthews 0.62361, Accuracy: 81.11111, Loss: 0.053432284
342/343: Matthews 0.60059, Accuracy: 80.00000, Loss: 0.053865348
 
Best Matthews: 0.64508, Best Accuracy: 82.22222, Best Loss: 0.059067504 at epoch 20
Time Elasped: 00:32:51
========= Epoch 41 =========
Early Stopping activated
 
Best Matthews: 0.64508, Best Accuracy: 82.22222, Best Loss: 0.059067504 at epoch 20
Time Elasped: 00:33:17
Test Set:
0/0: Matthews 0.47349, Accuracy: 73.89937, Loss: 0.018172591
