Namespace(batch_size=32, buffer_size=1, by_source=False, crop_pad_length=30, data='./acceptability_corpus/verb_classes_cola/understood', data_type='discriminator', dropout=0.2, embedding='glove.6B.300d', embedding_path='/scratch/asw462/models/elmo_encoder/elmo.emb', embedding_size=217, encoder_num_layers=2, encoder_path='/scratch/asw462/models/elmo_encoder/elmo.pth', encoding_size=528, encoding_type='lstm_pooling_classifier', epochs=1000, evaluate_train=False, experiment_name='experiment_linear_classifier_h_81_l_1_lr_0.0001_e_217_do_0.2', glove=False, gpu=True, hidden_size=81, imbalance=True, learning_rate=7e-05, lm_path=None, logs_dir='/scratch/asw462/logs/verb_classes_cola/understood', max_pool=False, model='linear_classifier', num_layers=1, output_dir='/scratch/asw462/logs/verb_classes_cola/outputs/understood', patience=20, preprocess_tokenizer='space', prints_per_stage=1, resume=True, resume_file=None, save_loc='/scratch/asw462/models/verb_classes_cola/understood', seed=1111, should_not_log=False, should_not_lowercase=False, should_not_preprocess_data=False, stages_per_epoch=2, train_embeddings=False, train_evaluate_interval=10, vocab_file='/scratch/asw462/data/vocab_100k.tsv')
======== General =======
Model: linear_classifier
GPU: True
Experiment Name: experiment_linear_classifier_h_81_l_1_lr_0.0001_e_217_do_0.2
Save location: /scratch/asw462/models/verb_classes_cola/understood
Logs dir: /scratch/asw462/logs/verb_classes_cola/understood
Timestamp: 2018/08/01 22:30:54
 
======== Data =======
Training set: 10953 examples
Validation set: 90 examples
Test set: 318 examples
 
======= Parameters =======
Learning Rate: 0.000070
Batch Size: 32
Epochs: 1000
Patience: 20
Stages per Epoch: 2
Embedding: 100004 x 217
Number of layers: 1
Hidden Size: 81
Encoder Size: 528
Resume: True
 
======= Model =======
LinearClassifierWithEncoder(
  (model): LinearClassifier(
    (dropout): Dropout(p=0.2)
    (enc2h): Linear(in_features=1056, out_features=81, bias=True)
    (h20): Linear(in_features=81, out_features=1, bias=True)
    (sigmoid): Sigmoid()
    (tanh): Tanh()
    (softmax): Softmax()
  )
  (encoder): LSTMPoolingClassifierWithELMo(
    (elmo): ELMOClassifier(
      (lm): LSTMLanguageModel(
        (dropout): Dropout(p=0.2)
        (embedding): Embedding(100003, 217)
        (lstm): LSTM(217, 891, num_layers=2, dropout=0.2)
        (fc): Linear(in_features=891, out_features=100003, bias=True)
      )
      (lstms): ModuleList(
        (0): LSTM(217, 891, batch_first=True)
        (1): LSTM(891, 891, batch_first=True)
      )
      (dropout): Dropout(p=0.2)
      (linear_comb): Linear(in_features=2, out_features=1, bias=True)
      (fc1): Linear(in_features=891, out_features=528, bias=True)
      (relu): ReLU()
      (out): Linear(in_features=528, out_features=1, bias=True)
      (sigmoid): Sigmoid()
    )
    (pooling_classifier): LSTMPoolingClassifier(
      (ih2h): LSTM(891, 528, num_layers=3, batch_first=True, dropout=0.2, bidirectional=True)
      (pool2o): Linear(in_features=1056, out_features=1, bias=True)
      (sigmoid): Sigmoid()
      (softmax): Softmax()
      (dropout): Dropout(p=0.2)
    )
  )
)
 
========= Epoch 1 =========
171/343: Matthews 0.28897, Accuracy: 62.22222, Loss: 0.077078263
342/343: Matthews 0.29417, Accuracy: 63.33333, Loss: 0.070670838
 
Best Matthews: 0.29417, Best Accuracy: 63.33333, Best Loss: 0.070670838 at epoch 1
Time Elasped: 00:00:24
========= Epoch 2 =========
171/343: Matthews 0.40825, Accuracy: 70.00000, Loss: 0.067454174
342/343: Matthews 0.43305, Accuracy: 71.11111, Loss: 0.064751784
 
Best Matthews: 0.43305, Best Accuracy: 71.11111, Best Loss: 0.064751784 at epoch 2
Time Elasped: 00:00:44
========= Epoch 3 =========
171/343: Matthews 0.57907, Accuracy: 78.88889, Loss: 0.062744819
342/343: Matthews 0.57907, Accuracy: 78.88889, Loss: 0.060968124
 
Best Matthews: 0.57907, Best Accuracy: 78.88889, Best Loss: 0.062744819 at epoch 3
Time Elasped: 00:01:02
========= Epoch 4 =========
171/343: Matthews 0.60238, Accuracy: 80.00000, Loss: 0.059289959
342/343: Matthews 0.57907, Accuracy: 78.88889, Loss: 0.060246584
 
Best Matthews: 0.60238, Best Accuracy: 80.00000, Best Loss: 0.059289959 at epoch 4
Time Elasped: 00:01:20
========= Epoch 5 =========
171/343: Matthews 0.60238, Accuracy: 80.00000, Loss: 0.057591523
342/343: Matthews 0.58138, Accuracy: 78.88889, Loss: 0.057679314
 
Best Matthews: 0.60238, Best Accuracy: 80.00000, Best Loss: 0.059289959 at epoch 4
Time Elasped: 00:01:36
========= Epoch 6 =========
171/343: Matthews 0.60238, Accuracy: 80.00000, Loss: 0.056895293
342/343: Matthews 0.62361, Accuracy: 81.11111, Loss: 0.057671335
 
Best Matthews: 0.62361, Best Accuracy: 81.11111, Best Loss: 0.057671335 at epoch 6
Time Elasped: 00:01:54
========= Epoch 7 =========
171/343: Matthews 0.62361, Accuracy: 81.11111, Loss: 0.055279059
342/343: Matthews 0.57792, Accuracy: 78.88889, Loss: 0.054863485
 
Best Matthews: 0.62361, Best Accuracy: 81.11111, Best Loss: 0.057671335 at epoch 6
Time Elasped: 00:02:10
========= Epoch 8 =========
171/343: Matthews 0.57792, Accuracy: 78.88889, Loss: 0.054609882
342/343: Matthews 0.60059, Accuracy: 80.00000, Loss: 0.057136589
 
Best Matthews: 0.62361, Best Accuracy: 81.11111, Best Loss: 0.057671335 at epoch 6
Time Elasped: 00:02:27
========= Epoch 9 =========
171/343: Matthews 0.60059, Accuracy: 80.00000, Loss: 0.054236110
342/343: Matthews 0.69510, Accuracy: 84.44444, Loss: 0.053250021
 
Best Matthews: 0.69510, Best Accuracy: 84.44444, Best Loss: 0.053250021 at epoch 9
Time Elasped: 00:02:45
========= Epoch 10 =========
171/343: Matthews 0.62361, Accuracy: 81.11111, Loss: 0.053182750
342/343: Matthews 0.62361, Accuracy: 81.11111, Loss: 0.052055491
 
Best Matthews: 0.69510, Best Accuracy: 84.44444, Best Loss: 0.053250021 at epoch 9
Time Elasped: 00:03:01
========= Epoch 11 =========
171/343: Matthews 0.55556, Accuracy: 77.77778, Loss: 0.053011878
342/343: Matthews 0.62361, Accuracy: 81.11111, Loss: 0.052505716
 
Best Matthews: 0.69510, Best Accuracy: 84.44444, Best Loss: 0.053250021 at epoch 9
Time Elasped: 00:03:18
========= Epoch 12 =========
171/343: Matthews 0.62361, Accuracy: 81.11111, Loss: 0.050066974
342/343: Matthews 0.60059, Accuracy: 80.00000, Loss: 0.051913537
 
Best Matthews: 0.69510, Best Accuracy: 84.44444, Best Loss: 0.053250021 at epoch 9
Time Elasped: 00:03:34
========= Epoch 13 =========
171/343: Matthews 0.60059, Accuracy: 80.00000, Loss: 0.052075365
342/343: Matthews 0.62361, Accuracy: 81.11111, Loss: 0.052302668
 
Best Matthews: 0.69510, Best Accuracy: 84.44444, Best Loss: 0.053250021 at epoch 9
Time Elasped: 00:03:50
========= Epoch 14 =========
171/343: Matthews 0.60059, Accuracy: 80.00000, Loss: 0.051820676
342/343: Matthews 0.62238, Accuracy: 81.11111, Loss: 0.054202705
 
Best Matthews: 0.69510, Best Accuracy: 84.44444, Best Loss: 0.053250021 at epoch 9
Time Elasped: 00:04:07
========= Epoch 15 =========
171/343: Matthews 0.69510, Accuracy: 84.44444, Loss: 0.050835207
342/343: Matthews 0.69510, Accuracy: 84.44444, Loss: 0.050050084
 
Best Matthews: 0.69510, Best Accuracy: 84.44444, Best Loss: 0.053250021 at epoch 9
Time Elasped: 00:04:23
========= Epoch 16 =========
171/343: Matthews 0.67082, Accuracy: 83.33333, Loss: 0.050212071
342/343: Matthews 0.57792, Accuracy: 78.88889, Loss: 0.050206460
 
Best Matthews: 0.69510, Best Accuracy: 84.44444, Best Loss: 0.053250021 at epoch 9
Time Elasped: 00:04:40
========= Epoch 17 =========
171/343: Matthews 0.60059, Accuracy: 80.00000, Loss: 0.050482512
342/343: Matthews 0.60059, Accuracy: 80.00000, Loss: 0.049058533
 
Best Matthews: 0.69510, Best Accuracy: 84.44444, Best Loss: 0.053250021 at epoch 9
Time Elasped: 00:04:56
========= Epoch 18 =========
171/343: Matthews 0.69510, Accuracy: 84.44444, Loss: 0.048969332
342/343: Matthews 0.60059, Accuracy: 80.00000, Loss: 0.048772022
 
Best Matthews: 0.69510, Best Accuracy: 84.44444, Best Loss: 0.053250021 at epoch 9
Time Elasped: 00:05:13
========= Epoch 19 =========
171/343: Matthews 0.60059, Accuracy: 80.00000, Loss: 0.051033852
342/343: Matthews 0.60000, Accuracy: 80.00000, Loss: 0.049676323
 
Best Matthews: 0.69510, Best Accuracy: 84.44444, Best Loss: 0.053250021 at epoch 9
Time Elasped: 00:05:29
========= Epoch 20 =========
171/343: Matthews 0.62238, Accuracy: 81.11111, Loss: 0.048439810
342/343: Matthews 0.49193, Accuracy: 74.44444, Loss: 0.050133271
 
Best Matthews: 0.69510, Best Accuracy: 84.44444, Best Loss: 0.053250021 at epoch 9
Time Elasped: 00:05:45
========= Epoch 21 =========
171/343: Matthews 0.69510, Accuracy: 84.44444, Loss: 0.048126454
342/343: Matthews 0.56455, Accuracy: 77.77778, Loss: 0.052308305
 
Best Matthews: 0.69510, Best Accuracy: 84.44444, Best Loss: 0.053250021 at epoch 9
Time Elasped: 00:06:02
========= Epoch 22 =========
171/343: Matthews 0.68041, Accuracy: 83.33333, Loss: 0.049854199
342/343: Matthews 0.69510, Accuracy: 84.44444, Loss: 0.047524685
 
Best Matthews: 0.69510, Best Accuracy: 84.44444, Best Loss: 0.053250021 at epoch 9
Time Elasped: 00:06:18
========= Epoch 23 =========
171/343: Matthews 0.71987, Accuracy: 85.55556, Loss: 0.048017046
342/343: Matthews 0.70004, Accuracy: 84.44444, Loss: 0.048462900
 
Best Matthews: 0.71987, Best Accuracy: 85.55556, Best Loss: 0.048017046 at epoch 23
Time Elasped: 00:06:36
========= Epoch 24 =========
171/343: Matthews 0.71987, Accuracy: 85.55556, Loss: 0.049998008
342/343: Matthews 0.66097, Accuracy: 82.22222, Loss: 0.047798983
 
Best Matthews: 0.71987, Best Accuracy: 85.55556, Best Loss: 0.048017046 at epoch 23
Time Elasped: 00:06:52
========= Epoch 25 =========
171/343: Matthews 0.71987, Accuracy: 85.55556, Loss: 0.047981432
342/343: Matthews 0.57792, Accuracy: 78.88889, Loss: 0.046689373
 
Best Matthews: 0.71987, Best Accuracy: 85.55556, Best Loss: 0.048017046 at epoch 23
Time Elasped: 00:07:09
========= Epoch 26 =========
171/343: Matthews 0.60000, Accuracy: 80.00000, Loss: 0.048128192
342/343: Matthews 0.73994, Accuracy: 86.66667, Loss: 0.049334473
 
Best Matthews: 0.73994, Best Accuracy: 86.66667, Best Loss: 0.049334473 at epoch 26
Time Elasped: 00:07:27
========= Epoch 27 =========
171/343: Matthews 0.68041, Accuracy: 83.33333, Loss: 0.047163566
342/343: Matthews 0.60000, Accuracy: 80.00000, Loss: 0.047957442
 
Best Matthews: 0.73994, Best Accuracy: 86.66667, Best Loss: 0.049334473 at epoch 26
Time Elasped: 00:07:43
========= Epoch 28 =========
171/343: Matthews 0.69163, Accuracy: 84.44444, Loss: 0.046314356
342/343: Matthews 0.60000, Accuracy: 80.00000, Loss: 0.047877873
 
Best Matthews: 0.73994, Best Accuracy: 86.66667, Best Loss: 0.049334473 at epoch 26
Time Elasped: 00:08:00
========= Epoch 29 =========
171/343: Matthews 0.71554, Accuracy: 85.55556, Loss: 0.047406207
342/343: Matthews 0.70004, Accuracy: 84.44444, Loss: 0.047623168
 
Best Matthews: 0.73994, Best Accuracy: 86.66667, Best Loss: 0.049334473 at epoch 26
Time Elasped: 00:08:16
========= Epoch 30 =========
171/343: Matthews 0.69163, Accuracy: 84.44444, Loss: 0.047405476
342/343: Matthews 0.73994, Accuracy: 86.66667, Loss: 0.045708333
 
Best Matthews: 0.73994, Best Accuracy: 86.66667, Best Loss: 0.049334473 at epoch 26
Time Elasped: 00:08:32
========= Epoch 31 =========
171/343: Matthews 0.69163, Accuracy: 84.44444, Loss: 0.044943094
342/343: Matthews 0.70004, Accuracy: 84.44444, Loss: 0.046683566
 
Best Matthews: 0.73994, Best Accuracy: 86.66667, Best Loss: 0.049334473 at epoch 26
Time Elasped: 00:08:49
========= Epoch 32 =========
171/343: Matthews 0.71554, Accuracy: 85.55556, Loss: 0.045310953
342/343: Matthews 0.71987, Accuracy: 85.55556, Loss: 0.045772854
 
Best Matthews: 0.73994, Best Accuracy: 86.66667, Best Loss: 0.049334473 at epoch 26
Time Elasped: 00:09:05
========= Epoch 33 =========
171/343: Matthews 0.66866, Accuracy: 82.22222, Loss: 0.047486454
342/343: Matthews 0.69163, Accuracy: 84.44444, Loss: 0.047642612
 
Best Matthews: 0.73994, Best Accuracy: 86.66667, Best Loss: 0.049334473 at epoch 26
Time Elasped: 00:09:22
========= Epoch 34 =========
171/343: Matthews 0.69163, Accuracy: 84.44444, Loss: 0.048141257
342/343: Matthews 0.71270, Accuracy: 85.55556, Loss: 0.046870481
 
Best Matthews: 0.73994, Best Accuracy: 86.66667, Best Loss: 0.049334473 at epoch 26
Time Elasped: 00:09:38
========= Epoch 35 =========
171/343: Matthews 0.69163, Accuracy: 84.44444, Loss: 0.047058201
342/343: Matthews 0.69163, Accuracy: 84.44444, Loss: 0.048925029
 
Best Matthews: 0.73994, Best Accuracy: 86.66667, Best Loss: 0.049334473 at epoch 26
Time Elasped: 00:09:54
========= Epoch 36 =========
171/343: Matthews 0.62238, Accuracy: 81.11111, Loss: 0.047230381
342/343: Matthews 0.66097, Accuracy: 82.22222, Loss: 0.045668326
 
Best Matthews: 0.73994, Best Accuracy: 86.66667, Best Loss: 0.049334473 at epoch 26
Time Elasped: 00:10:11
========= Epoch 37 =========
171/343: Matthews 0.69510, Accuracy: 84.44444, Loss: 0.045438035
342/343: Matthews 0.71270, Accuracy: 85.55556, Loss: 0.047620233
 
Best Matthews: 0.73994, Best Accuracy: 86.66667, Best Loss: 0.049334473 at epoch 26
Time Elasped: 00:10:27
========= Epoch 38 =========
171/343: Matthews 0.69510, Accuracy: 84.44444, Loss: 0.046895165
342/343: Matthews 0.71270, Accuracy: 85.55556, Loss: 0.046487660
 
Best Matthews: 0.73994, Best Accuracy: 86.66667, Best Loss: 0.049334473 at epoch 26
Time Elasped: 00:10:44
========= Epoch 39 =========
171/343: Matthews 0.69510, Accuracy: 84.44444, Loss: 0.045966249
342/343: Matthews 0.71270, Accuracy: 85.55556, Loss: 0.045948135
 
Best Matthews: 0.73994, Best Accuracy: 86.66667, Best Loss: 0.049334473 at epoch 26
Time Elasped: 00:11:00
========= Epoch 40 =========
171/343: Matthews 0.69510, Accuracy: 84.44444, Loss: 0.047001558
342/343: Matthews 0.67082, Accuracy: 83.33333, Loss: 0.044791105
 
Best Matthews: 0.73994, Best Accuracy: 86.66667, Best Loss: 0.049334473 at epoch 26
Time Elasped: 00:11:16
========= Epoch 41 =========
171/343: Matthews 0.69510, Accuracy: 84.44444, Loss: 0.046263430
342/343: Matthews 0.71554, Accuracy: 85.55556, Loss: 0.048170853
 
Best Matthews: 0.73994, Best Accuracy: 86.66667, Best Loss: 0.049334473 at epoch 26
Time Elasped: 00:11:33
========= Epoch 42 =========
171/343: Matthews 0.72577, Accuracy: 85.55556, Loss: 0.047503111
342/343: Matthews 0.70004, Accuracy: 84.44444, Loss: 0.046626414
 
Best Matthews: 0.73994, Best Accuracy: 86.66667, Best Loss: 0.049334473 at epoch 26
Time Elasped: 00:11:49
========= Epoch 43 =========
171/343: Matthews 0.62238, Accuracy: 81.11111, Loss: 0.046666686
342/343: Matthews 0.71554, Accuracy: 85.55556, Loss: 0.046809324
 
Best Matthews: 0.73994, Best Accuracy: 86.66667, Best Loss: 0.049334473 at epoch 26
Time Elasped: 00:12:06
========= Epoch 44 =========
171/343: Matthews 0.64508, Accuracy: 82.22222, Loss: 0.048165014
342/343: Matthews 0.70004, Accuracy: 84.44444, Loss: 0.043917012
 
Best Matthews: 0.73994, Best Accuracy: 86.66667, Best Loss: 0.049334473 at epoch 26
Time Elasped: 00:12:22
========= Epoch 45 =========
171/343: Matthews 0.71987, Accuracy: 85.55556, Loss: 0.046068621
342/343: Matthews 0.64508, Accuracy: 82.22222, Loss: 0.047112841
 
Best Matthews: 0.73994, Best Accuracy: 86.66667, Best Loss: 0.049334473 at epoch 26
Time Elasped: 00:12:39
========= Epoch 46 =========
171/343: Matthews 0.73994, Accuracy: 86.66667, Loss: 0.049503798
342/343: Matthews 0.71554, Accuracy: 85.55556, Loss: 0.044520399
 
Best Matthews: 0.73994, Best Accuracy: 86.66667, Best Loss: 0.049334473 at epoch 26
Time Elasped: 00:12:55
========= Epoch 47 =========
Early Stopping activated
 
Best Matthews: 0.73994, Best Accuracy: 86.66667, Best Loss: 0.049334473 at epoch 26
Time Elasped: 00:13:05
Test Set:
0/0: Matthews 0.59919, Accuracy: 79.87421, Loss: 0.016101620
