Namespace(batch_size=32, buffer_size=1, by_source=False, crop_pad_length=30, data='./acceptability_corpus/verb_classes_cola/understood', data_type='discriminator', dropout=0.5, embedding='glove.6B.300d', embedding_path='/scratch/asw462/models/elmo_encoder/elmo.emb', embedding_size=217, encoder_num_layers=2, encoder_path='/scratch/asw462/models/elmo_encoder/elmo.pth', encoding_size=528, encoding_type='lstm_pooling_classifier', epochs=1000, evaluate_train=False, experiment_name='experiment_linear_classifier_h_30_l_1_lr_0.0001_e_217_do_0.5', glove=False, gpu=True, hidden_size=30, imbalance=True, learning_rate=0.00011, lm_path=None, logs_dir='/scratch/asw462/logs/verb_classes_cola/understood', max_pool=False, model='linear_classifier', num_layers=1, output_dir='/scratch/asw462/logs/verb_classes_cola/outputs/understood', patience=20, preprocess_tokenizer='space', prints_per_stage=1, resume=True, resume_file=None, save_loc='/scratch/asw462/models/verb_classes_cola/understood', seed=1111, should_not_log=False, should_not_lowercase=False, should_not_preprocess_data=False, stages_per_epoch=2, train_embeddings=False, train_evaluate_interval=10, vocab_file='/scratch/asw462/data/vocab_100k.tsv')
======== General =======
Model: linear_classifier
GPU: True
Experiment Name: experiment_linear_classifier_h_30_l_1_lr_0.0001_e_217_do_0.5
Save location: /scratch/asw462/models/verb_classes_cola/understood
Logs dir: /scratch/asw462/logs/verb_classes_cola/understood
Timestamp: 2018/08/01 20:37:06
 
======== Data =======
Training set: 10953 examples
Validation set: 90 examples
Test set: 318 examples
 
======= Parameters =======
Learning Rate: 0.000110
Batch Size: 32
Epochs: 1000
Patience: 20
Stages per Epoch: 2
Embedding: 100004 x 217
Number of layers: 1
Hidden Size: 30
Encoder Size: 528
Resume: True
 
======= Model =======
LinearClassifierWithEncoder(
  (model): LinearClassifier(
    (dropout): Dropout(p=0.5)
    (enc2h): Linear(in_features=1056, out_features=30, bias=True)
    (h20): Linear(in_features=30, out_features=1, bias=True)
    (sigmoid): Sigmoid()
    (tanh): Tanh()
    (softmax): Softmax()
  )
  (encoder): LSTMPoolingClassifierWithELMo(
    (elmo): ELMOClassifier(
      (lm): LSTMLanguageModel(
        (dropout): Dropout(p=0.2)
        (embedding): Embedding(100003, 217)
        (lstm): LSTM(217, 891, num_layers=2, dropout=0.2)
        (fc): Linear(in_features=891, out_features=100003, bias=True)
      )
      (lstms): ModuleList(
        (0): LSTM(217, 891, batch_first=True)
        (1): LSTM(891, 891, batch_first=True)
      )
      (dropout): Dropout(p=0.2)
      (linear_comb): Linear(in_features=2, out_features=1, bias=True)
      (fc1): Linear(in_features=891, out_features=528, bias=True)
      (relu): ReLU()
      (out): Linear(in_features=528, out_features=1, bias=True)
      (sigmoid): Sigmoid()
    )
    (pooling_classifier): LSTMPoolingClassifier(
      (ih2h): LSTM(891, 528, num_layers=3, batch_first=True, dropout=0.2, bidirectional=True)
      (pool2o): Linear(in_features=1056, out_features=1, bias=True)
      (sigmoid): Sigmoid()
      (softmax): Softmax()
      (dropout): Dropout(p=0.2)
    )
  )
)
 
========= Epoch 1 =========
171/343: Matthews 0.21822, Accuracy: 60.00000, Loss: 0.072574955
342/343: Matthews 0.30151, Accuracy: 63.33333, Loss: 0.070753935
 
Best Matthews: 0.30151, Best Accuracy: 63.33333, Best Loss: 0.070753935 at epoch 1
Time Elasped: 00:00:25
========= Epoch 2 =========
171/343: Matthews 0.38118, Accuracy: 68.88889, Loss: 0.065993510
342/343: Matthews 0.39750, Accuracy: 68.88889, Loss: 0.065457408
 
Best Matthews: 0.39750, Best Accuracy: 68.88889, Best Loss: 0.065457408 at epoch 2
Time Elasped: 00:00:46
========= Epoch 3 =========
171/343: Matthews 0.41251, Accuracy: 70.00000, Loss: 0.062311655
342/343: Matthews 0.57907, Accuracy: 78.88889, Loss: 0.061898210
 
Best Matthews: 0.57907, Best Accuracy: 78.88889, Best Loss: 0.061898210 at epoch 3
Time Elasped: 00:01:07
========= Epoch 4 =========
171/343: Matthews 0.55611, Accuracy: 77.77778, Loss: 0.060218901
342/343: Matthews 0.55611, Accuracy: 77.77778, Loss: 0.062317525
 
Best Matthews: 0.57907, Best Accuracy: 78.88889, Best Loss: 0.061898210 at epoch 3
Time Elasped: 00:01:25
========= Epoch 5 =========
171/343: Matthews 0.60059, Accuracy: 80.00000, Loss: 0.058142810
342/343: Matthews 0.60059, Accuracy: 80.00000, Loss: 0.058081966
 
Best Matthews: 0.60059, Best Accuracy: 80.00000, Best Loss: 0.058142810 at epoch 5
Time Elasped: 00:01:44
========= Epoch 6 =========
171/343: Matthews 0.62238, Accuracy: 81.11111, Loss: 0.056142558
342/343: Matthews 0.60059, Accuracy: 80.00000, Loss: 0.055859396
 
Best Matthews: 0.62238, Best Accuracy: 81.11111, Best Loss: 0.056142558 at epoch 6
Time Elasped: 00:02:03
========= Epoch 7 =========
171/343: Matthews 0.57907, Accuracy: 78.88889, Loss: 0.054259210
342/343: Matthews 0.57907, Accuracy: 78.88889, Loss: 0.053963333
 
Best Matthews: 0.62238, Best Accuracy: 81.11111, Best Loss: 0.056142558 at epoch 6
Time Elasped: 00:02:21
========= Epoch 8 =========
171/343: Matthews 0.57907, Accuracy: 78.88889, Loss: 0.053138161
342/343: Matthews 0.67488, Accuracy: 83.33333, Loss: 0.052073489
 
Best Matthews: 0.67488, Best Accuracy: 83.33333, Best Loss: 0.052073489 at epoch 8
Time Elasped: 00:02:40
========= Epoch 9 =========
171/343: Matthews 0.65488, Accuracy: 82.22222, Loss: 0.050608868
342/343: Matthews 0.60059, Accuracy: 80.00000, Loss: 0.051636171
 
Best Matthews: 0.67488, Best Accuracy: 83.33333, Best Loss: 0.052073489 at epoch 8
Time Elasped: 00:02:57
========= Epoch 10 =========
171/343: Matthews 0.60059, Accuracy: 80.00000, Loss: 0.050811927
342/343: Matthews 0.60059, Accuracy: 80.00000, Loss: 0.051468155
 
Best Matthews: 0.67488, Best Accuracy: 83.33333, Best Loss: 0.052073489 at epoch 8
Time Elasped: 00:03:15
========= Epoch 11 =========
171/343: Matthews 0.60059, Accuracy: 80.00000, Loss: 0.052674770
342/343: Matthews 0.65488, Accuracy: 82.22222, Loss: 0.049225993
 
Best Matthews: 0.67488, Best Accuracy: 83.33333, Best Loss: 0.052073489 at epoch 8
Time Elasped: 00:03:33
========= Epoch 12 =========
171/343: Matthews 0.60059, Accuracy: 80.00000, Loss: 0.049441576
342/343: Matthews 0.67082, Accuracy: 83.33333, Loss: 0.048971028
 
Best Matthews: 0.67488, Best Accuracy: 83.33333, Best Loss: 0.052073489 at epoch 8
Time Elasped: 00:03:51
========= Epoch 13 =========
171/343: Matthews 0.62238, Accuracy: 81.11111, Loss: 0.052236668
342/343: Matthews 0.60059, Accuracy: 80.00000, Loss: 0.049385940
 
Best Matthews: 0.67488, Best Accuracy: 83.33333, Best Loss: 0.052073489 at epoch 8
Time Elasped: 00:04:08
========= Epoch 14 =========
171/343: Matthews 0.67488, Accuracy: 83.33333, Loss: 0.048726675
342/343: Matthews 0.63505, Accuracy: 81.11111, Loss: 0.050431199
 
Best Matthews: 0.67488, Best Accuracy: 83.33333, Best Loss: 0.052073489 at epoch 8
Time Elasped: 00:04:26
========= Epoch 15 =========
171/343: Matthews 0.63505, Accuracy: 81.11111, Loss: 0.049569029
342/343: Matthews 0.60059, Accuracy: 80.00000, Loss: 0.047872284
 
Best Matthews: 0.67488, Best Accuracy: 83.33333, Best Loss: 0.052073489 at epoch 8
Time Elasped: 00:04:44
========= Epoch 16 =========
171/343: Matthews 0.65488, Accuracy: 82.22222, Loss: 0.048662472
342/343: Matthews 0.60059, Accuracy: 80.00000, Loss: 0.048097875
 
Best Matthews: 0.67488, Best Accuracy: 83.33333, Best Loss: 0.052073489 at epoch 8
Time Elasped: 00:05:02
========= Epoch 17 =========
171/343: Matthews 0.60059, Accuracy: 80.00000, Loss: 0.046645694
342/343: Matthews 0.60059, Accuracy: 80.00000, Loss: 0.047161139
 
Best Matthews: 0.67488, Best Accuracy: 83.33333, Best Loss: 0.052073489 at epoch 8
Time Elasped: 00:05:19
========= Epoch 18 =========
171/343: Matthews 0.60059, Accuracy: 80.00000, Loss: 0.048397467
342/343: Matthews 0.60000, Accuracy: 80.00000, Loss: 0.047232829
 
Best Matthews: 0.67488, Best Accuracy: 83.33333, Best Loss: 0.052073489 at epoch 8
Time Elasped: 00:05:37
========= Epoch 19 =========
171/343: Matthews 0.60059, Accuracy: 80.00000, Loss: 0.046599770
342/343: Matthews 0.67082, Accuracy: 83.33333, Loss: 0.046852907
 
Best Matthews: 0.67488, Best Accuracy: 83.33333, Best Loss: 0.052073489 at epoch 8
Time Elasped: 00:05:55
========= Epoch 20 =========
171/343: Matthews 0.66097, Accuracy: 82.22222, Loss: 0.049003384
342/343: Matthews 0.69510, Accuracy: 84.44444, Loss: 0.045668178
 
Best Matthews: 0.69510, Best Accuracy: 84.44444, Best Loss: 0.045668178 at epoch 20
Time Elasped: 00:06:14
========= Epoch 21 =========
171/343: Matthews 0.67082, Accuracy: 83.33333, Loss: 0.046407975
342/343: Matthews 0.60059, Accuracy: 80.00000, Loss: 0.045924091
 
Best Matthews: 0.69510, Best Accuracy: 84.44444, Best Loss: 0.045668178 at epoch 20
Time Elasped: 00:06:31
========= Epoch 22 =========
171/343: Matthews 0.55556, Accuracy: 77.77778, Loss: 0.046335326
342/343: Matthews 0.69510, Accuracy: 84.44444, Loss: 0.045114994
 
Best Matthews: 0.69510, Best Accuracy: 84.44444, Best Loss: 0.045668178 at epoch 20
Time Elasped: 00:06:49
========= Epoch 23 =========
171/343: Matthews 0.60059, Accuracy: 80.00000, Loss: 0.045816512
342/343: Matthews 0.69510, Accuracy: 84.44444, Loss: 0.046538766
 
Best Matthews: 0.69510, Best Accuracy: 84.44444, Best Loss: 0.045668178 at epoch 20
Time Elasped: 00:07:06
========= Epoch 24 =========
171/343: Matthews 0.69510, Accuracy: 84.44444, Loss: 0.046223439
342/343: Matthews 0.68041, Accuracy: 83.33333, Loss: 0.045514213
 
Best Matthews: 0.69510, Best Accuracy: 84.44444, Best Loss: 0.045668178 at epoch 20
Time Elasped: 00:07:24
========= Epoch 25 =========
171/343: Matthews 0.57792, Accuracy: 78.88889, Loss: 0.045855300
342/343: Matthews 0.70004, Accuracy: 84.44444, Loss: 0.046012545
 
Best Matthews: 0.70004, Best Accuracy: 84.44444, Best Loss: 0.046012545 at epoch 25
Time Elasped: 00:07:43
========= Epoch 26 =========
171/343: Matthews 0.60059, Accuracy: 80.00000, Loss: 0.044919989
342/343: Matthews 0.70004, Accuracy: 84.44444, Loss: 0.044923645
 
Best Matthews: 0.70004, Best Accuracy: 84.44444, Best Loss: 0.046012545 at epoch 25
Time Elasped: 00:08:01
========= Epoch 27 =========
171/343: Matthews 0.60059, Accuracy: 80.00000, Loss: 0.044184597
342/343: Matthews 0.66097, Accuracy: 82.22222, Loss: 0.046109279
 
Best Matthews: 0.70004, Best Accuracy: 84.44444, Best Loss: 0.046012545 at epoch 25
Time Elasped: 00:08:19
========= Epoch 28 =========
171/343: Matthews 0.60059, Accuracy: 80.00000, Loss: 0.044889037
342/343: Matthews 0.69510, Accuracy: 84.44444, Loss: 0.046085469
 
Best Matthews: 0.70004, Best Accuracy: 84.44444, Best Loss: 0.046012545 at epoch 25
Time Elasped: 00:08:36
========= Epoch 29 =========
171/343: Matthews 0.60059, Accuracy: 80.00000, Loss: 0.045347812
342/343: Matthews 0.60059, Accuracy: 80.00000, Loss: 0.044417530
 
Best Matthews: 0.70004, Best Accuracy: 84.44444, Best Loss: 0.046012545 at epoch 25
Time Elasped: 00:08:54
========= Epoch 30 =========
171/343: Matthews 0.71987, Accuracy: 85.55556, Loss: 0.043265939
342/343: Matthews 0.69510, Accuracy: 84.44444, Loss: 0.044698328
 
Best Matthews: 0.71987, Best Accuracy: 85.55556, Best Loss: 0.043265939 at epoch 30
Time Elasped: 00:09:13
========= Epoch 31 =========
171/343: Matthews 0.71987, Accuracy: 85.55556, Loss: 0.044843653
342/343: Matthews 0.60059, Accuracy: 80.00000, Loss: 0.042880294
 
Best Matthews: 0.71987, Best Accuracy: 85.55556, Best Loss: 0.043265939 at epoch 30
Time Elasped: 00:09:31
========= Epoch 32 =========
171/343: Matthews 0.67082, Accuracy: 83.33333, Loss: 0.042184862
342/343: Matthews 0.71987, Accuracy: 85.55556, Loss: 0.042721258
 
Best Matthews: 0.71987, Best Accuracy: 85.55556, Best Loss: 0.043265939 at epoch 30
Time Elasped: 00:09:48
========= Epoch 33 =========
171/343: Matthews 0.66097, Accuracy: 82.22222, Loss: 0.044635057
342/343: Matthews 0.62238, Accuracy: 81.11111, Loss: 0.046069272
 
Best Matthews: 0.71987, Best Accuracy: 85.55556, Best Loss: 0.043265939 at epoch 30
Time Elasped: 00:10:06
========= Epoch 34 =========
171/343: Matthews 0.67082, Accuracy: 83.33333, Loss: 0.044507260
342/343: Matthews 0.71987, Accuracy: 85.55556, Loss: 0.042560339
 
Best Matthews: 0.71987, Best Accuracy: 85.55556, Best Loss: 0.043265939 at epoch 30
Time Elasped: 00:10:24
========= Epoch 35 =========
171/343: Matthews 0.71987, Accuracy: 85.55556, Loss: 0.043910901
342/343: Matthews 0.67082, Accuracy: 83.33333, Loss: 0.042995702
 
Best Matthews: 0.71987, Best Accuracy: 85.55556, Best Loss: 0.043265939 at epoch 30
Time Elasped: 00:10:42
========= Epoch 36 =========
171/343: Matthews 0.70004, Accuracy: 84.44444, Loss: 0.043535818
342/343: Matthews 0.69510, Accuracy: 84.44444, Loss: 0.043002219
 
Best Matthews: 0.71987, Best Accuracy: 85.55556, Best Loss: 0.043265939 at epoch 30
Time Elasped: 00:10:59
========= Epoch 37 =========
171/343: Matthews 0.67082, Accuracy: 83.33333, Loss: 0.044217581
342/343: Matthews 0.67082, Accuracy: 83.33333, Loss: 0.042779560
 
Best Matthews: 0.71987, Best Accuracy: 85.55556, Best Loss: 0.043265939 at epoch 30
Time Elasped: 00:11:17
========= Epoch 38 =========
171/343: Matthews 0.70004, Accuracy: 84.44444, Loss: 0.042773170
342/343: Matthews 0.67082, Accuracy: 83.33333, Loss: 0.044057711
 
Best Matthews: 0.71987, Best Accuracy: 85.55556, Best Loss: 0.043265939 at epoch 30
Time Elasped: 00:11:34
========= Epoch 39 =========
171/343: Matthews 0.67082, Accuracy: 83.33333, Loss: 0.043357076
342/343: Matthews 0.60000, Accuracy: 80.00000, Loss: 0.043998758
 
Best Matthews: 0.71987, Best Accuracy: 85.55556, Best Loss: 0.043265939 at epoch 30
Time Elasped: 00:11:52
========= Epoch 40 =========
171/343: Matthews 0.70004, Accuracy: 84.44444, Loss: 0.042196642
342/343: Matthews 0.69510, Accuracy: 84.44444, Loss: 0.044850519
 
Best Matthews: 0.71987, Best Accuracy: 85.55556, Best Loss: 0.043265939 at epoch 30
Time Elasped: 00:12:09
========= Epoch 41 =========
171/343: Matthews 0.68752, Accuracy: 83.33333, Loss: 0.044600275
342/343: Matthews 0.68041, Accuracy: 83.33333, Loss: 0.043188667
 
Best Matthews: 0.71987, Best Accuracy: 85.55556, Best Loss: 0.043265939 at epoch 30
Time Elasped: 00:12:27
========= Epoch 42 =========
171/343: Matthews 0.68752, Accuracy: 83.33333, Loss: 0.045987988
342/343: Matthews 0.62238, Accuracy: 81.11111, Loss: 0.042703377
 
Best Matthews: 0.71987, Best Accuracy: 85.55556, Best Loss: 0.043265939 at epoch 30
Time Elasped: 00:12:45
========= Epoch 43 =========
171/343: Matthews 0.68041, Accuracy: 83.33333, Loss: 0.043445539
342/343: Matthews 0.71987, Accuracy: 85.55556, Loss: 0.043005149
 
Best Matthews: 0.71987, Best Accuracy: 85.55556, Best Loss: 0.043265939 at epoch 30
Time Elasped: 00:13:02
========= Epoch 44 =========
171/343: Matthews 0.62238, Accuracy: 81.11111, Loss: 0.044984796
342/343: Matthews 0.69510, Accuracy: 84.44444, Loss: 0.043113094
 
Best Matthews: 0.71987, Best Accuracy: 85.55556, Best Loss: 0.043265939 at epoch 30
Time Elasped: 00:13:20
========= Epoch 45 =========
171/343: Matthews 0.70004, Accuracy: 84.44444, Loss: 0.043212342
342/343: Matthews 0.70656, Accuracy: 84.44444, Loss: 0.043448340
 
Best Matthews: 0.71987, Best Accuracy: 85.55556, Best Loss: 0.043265939 at epoch 30
Time Elasped: 00:13:38
========= Epoch 46 =========
171/343: Matthews 0.73994, Accuracy: 86.66667, Loss: 0.043102140
342/343: Matthews 0.62238, Accuracy: 81.11111, Loss: 0.042744851
 
Best Matthews: 0.73994, Best Accuracy: 86.66667, Best Loss: 0.043102140 at epoch 46
Time Elasped: 00:13:57
========= Epoch 47 =========
171/343: Matthews 0.70656, Accuracy: 84.44444, Loss: 0.043391614
342/343: Matthews 0.69510, Accuracy: 84.44444, Loss: 0.043560028
 
Best Matthews: 0.73994, Best Accuracy: 86.66667, Best Loss: 0.043102140 at epoch 46
Time Elasped: 00:14:14
========= Epoch 48 =========
171/343: Matthews 0.62238, Accuracy: 81.11111, Loss: 0.045758597
342/343: Matthews 0.71987, Accuracy: 85.55556, Loss: 0.042898491
 
Best Matthews: 0.73994, Best Accuracy: 86.66667, Best Loss: 0.043102140 at epoch 46
Time Elasped: 00:14:31
========= Epoch 49 =========
171/343: Matthews 0.71987, Accuracy: 85.55556, Loss: 0.043342074
342/343: Matthews 0.66683, Accuracy: 83.33333, Loss: 0.044259289
 
Best Matthews: 0.73994, Best Accuracy: 86.66667, Best Loss: 0.043102140 at epoch 46
Time Elasped: 00:14:49
========= Epoch 50 =========
171/343: Matthews 0.71987, Accuracy: 85.55556, Loss: 0.044229929
342/343: Matthews 0.70004, Accuracy: 84.44444, Loss: 0.042756746
 
Best Matthews: 0.73994, Best Accuracy: 86.66667, Best Loss: 0.043102140 at epoch 46
Time Elasped: 00:15:06
========= Epoch 51 =========
171/343: Matthews 0.70004, Accuracy: 84.44444, Loss: 0.041876141
342/343: Matthews 0.71987, Accuracy: 85.55556, Loss: 0.043959665
 
Best Matthews: 0.73994, Best Accuracy: 86.66667, Best Loss: 0.043102140 at epoch 46
Time Elasped: 00:15:23
========= Epoch 52 =========
171/343: Matthews 0.69510, Accuracy: 84.44444, Loss: 0.043949636
342/343: Matthews 0.62238, Accuracy: 81.11111, Loss: 0.042634092
 
Best Matthews: 0.73994, Best Accuracy: 86.66667, Best Loss: 0.043102140 at epoch 46
Time Elasped: 00:15:41
========= Epoch 53 =========
171/343: Matthews 0.69163, Accuracy: 84.44444, Loss: 0.042093579
342/343: Matthews 0.70004, Accuracy: 84.44444, Loss: 0.043692970
 
Best Matthews: 0.73994, Best Accuracy: 86.66667, Best Loss: 0.043102140 at epoch 46
Time Elasped: 00:15:58
========= Epoch 54 =========
171/343: Matthews 0.71987, Accuracy: 85.55556, Loss: 0.041515456
342/343: Matthews 0.70656, Accuracy: 84.44444, Loss: 0.041162523
 
Best Matthews: 0.73994, Best Accuracy: 86.66667, Best Loss: 0.043102140 at epoch 46
Time Elasped: 00:16:15
========= Epoch 55 =========
171/343: Matthews 0.71987, Accuracy: 85.55556, Loss: 0.042890226
342/343: Matthews 0.69510, Accuracy: 84.44444, Loss: 0.040575425
 
Best Matthews: 0.73994, Best Accuracy: 86.66667, Best Loss: 0.043102140 at epoch 46
Time Elasped: 00:16:33
========= Epoch 56 =========
171/343: Matthews 0.70004, Accuracy: 84.44444, Loss: 0.042181471
342/343: Matthews 0.70004, Accuracy: 84.44444, Loss: 0.040658161
 
Best Matthews: 0.73994, Best Accuracy: 86.66667, Best Loss: 0.043102140 at epoch 46
Time Elasped: 00:16:50
========= Epoch 57 =========
171/343: Matthews 0.71554, Accuracy: 85.55556, Loss: 0.042528364
342/343: Matthews 0.70656, Accuracy: 84.44444, Loss: 0.042830290
 
Best Matthews: 0.73994, Best Accuracy: 86.66667, Best Loss: 0.043102140 at epoch 46
Time Elasped: 00:17:07
========= Epoch 58 =========
171/343: Matthews 0.73994, Accuracy: 86.66667, Loss: 0.043059211
342/343: Matthews 0.71987, Accuracy: 85.55556, Loss: 0.041465894
 
Best Matthews: 0.73994, Best Accuracy: 86.66667, Best Loss: 0.043102140 at epoch 46
Time Elasped: 00:17:25
========= Epoch 59 =========
171/343: Matthews 0.71987, Accuracy: 85.55556, Loss: 0.043412712
342/343: Matthews 0.70004, Accuracy: 84.44444, Loss: 0.040937448
 
Best Matthews: 0.73994, Best Accuracy: 86.66667, Best Loss: 0.043102140 at epoch 46
Time Elasped: 00:17:42
========= Epoch 60 =========
171/343: Matthews 0.64508, Accuracy: 82.22222, Loss: 0.042144065
342/343: Matthews 0.70656, Accuracy: 84.44444, Loss: 0.042368052
 
Best Matthews: 0.73994, Best Accuracy: 86.66667, Best Loss: 0.043102140 at epoch 46
Time Elasped: 00:17:59
========= Epoch 61 =========
171/343: Matthews 0.70004, Accuracy: 84.44444, Loss: 0.042115447
342/343: Matthews 0.71987, Accuracy: 85.55556, Loss: 0.041748450
 
Best Matthews: 0.73994, Best Accuracy: 86.66667, Best Loss: 0.043102140 at epoch 46
Time Elasped: 00:18:16
========= Epoch 62 =========
171/343: Matthews 0.69163, Accuracy: 84.44444, Loss: 0.042817561
342/343: Matthews 0.70004, Accuracy: 84.44444, Loss: 0.041403527
 
Best Matthews: 0.73994, Best Accuracy: 86.66667, Best Loss: 0.043102140 at epoch 46
Time Elasped: 00:18:34
========= Epoch 63 =========
171/343: Matthews 0.71987, Accuracy: 85.55556, Loss: 0.041235463
342/343: Matthews 0.70004, Accuracy: 84.44444, Loss: 0.042329778
 
Best Matthews: 0.73994, Best Accuracy: 86.66667, Best Loss: 0.043102140 at epoch 46
Time Elasped: 00:18:51
========= Epoch 64 =========
171/343: Matthews 0.72577, Accuracy: 85.55556, Loss: 0.041577808
342/343: Matthews 0.73625, Accuracy: 86.66667, Loss: 0.040267928
 
Best Matthews: 0.73994, Best Accuracy: 86.66667, Best Loss: 0.043102140 at epoch 46
Time Elasped: 00:19:08
========= Epoch 65 =========
171/343: Matthews 0.70004, Accuracy: 84.44444, Loss: 0.041385643
342/343: Matthews 0.70656, Accuracy: 84.44444, Loss: 0.041570600
 
Best Matthews: 0.73994, Best Accuracy: 86.66667, Best Loss: 0.043102140 at epoch 46
Time Elasped: 00:19:26
========= Epoch 66 =========
171/343: Matthews 0.70004, Accuracy: 84.44444, Loss: 0.041022205
342/343: Matthews 0.71987, Accuracy: 85.55556, Loss: 0.041545889
 
Best Matthews: 0.73994, Best Accuracy: 86.66667, Best Loss: 0.043102140 at epoch 46
Time Elasped: 00:19:43
========= Epoch 67 =========
Early Stopping activated
 
Best Matthews: 0.73994, Best Accuracy: 86.66667, Best Loss: 0.043102140 at epoch 46
Time Elasped: 00:19:56
Test Set:
0/0: Matthews 0.59337, Accuracy: 79.55975, Loss: 0.014062986
