Namespace(batch_size=32, buffer_size=1, by_source=False, crop_pad_length=30, data='./acceptability_corpus/verb_classes_cola/understood', data_type='discriminator', dropout=0.5, embedding='glove.6B.300d', embedding_path='/scratch/asw462/models/elmo_encoder/elmo.emb', embedding_size=217, encoder_num_layers=2, encoder_path='/scratch/asw462/models/elmo_encoder/elmo.pth', encoding_size=528, encoding_type='lstm_pooling_classifier', epochs=1000, evaluate_train=False, experiment_name='experiment_linear_classifier_h_198_l_2_lr_0.0000_e_217_do_0.5', glove=False, gpu=True, hidden_size=198, imbalance=True, learning_rate=2e-05, lm_path=None, logs_dir='/scratch/asw462/logs/verb_classes_cola/understood', max_pool=False, model='linear_classifier', num_layers=2, output_dir='/scratch/asw462/logs/verb_classes_cola/outputs/understood', patience=20, preprocess_tokenizer='space', prints_per_stage=1, resume=True, resume_file=None, save_loc='/scratch/asw462/models/verb_classes_cola/understood', seed=1111, should_not_log=False, should_not_lowercase=False, should_not_preprocess_data=False, stages_per_epoch=2, train_embeddings=False, train_evaluate_interval=10, vocab_file='/scratch/asw462/data/vocab_100k.tsv')
======== General =======
Model: linear_classifier
GPU: True
Experiment Name: experiment_linear_classifier_h_198_l_2_lr_0.0000_e_217_do_0.5
Save location: /scratch/asw462/models/verb_classes_cola/understood
Logs dir: /scratch/asw462/logs/verb_classes_cola/understood
Timestamp: 2018/08/01 20:36:40
 
======== Data =======
Training set: 10953 examples
Validation set: 90 examples
Test set: 318 examples
 
======= Parameters =======
Learning Rate: 0.000020
Batch Size: 32
Epochs: 1000
Patience: 20
Stages per Epoch: 2
Embedding: 100004 x 217
Number of layers: 2
Hidden Size: 198
Encoder Size: 528
Resume: True
 
======= Model =======
LinearClassifierWithEncoder(
  (model): LinearClassifier(
    (dropout): Dropout(p=0.5)
    (enc2h): Linear(in_features=1056, out_features=198, bias=True)
    (h20): Linear(in_features=198, out_features=1, bias=True)
    (sigmoid): Sigmoid()
    (tanh): Tanh()
    (softmax): Softmax()
  )
  (encoder): LSTMPoolingClassifierWithELMo(
    (elmo): ELMOClassifier(
      (lm): LSTMLanguageModel(
        (dropout): Dropout(p=0.2)
        (embedding): Embedding(100003, 217)
        (lstm): LSTM(217, 891, num_layers=2, dropout=0.2)
        (fc): Linear(in_features=891, out_features=100003, bias=True)
      )
      (lstms): ModuleList(
        (0): LSTM(217, 891, batch_first=True)
        (1): LSTM(891, 891, batch_first=True)
      )
      (dropout): Dropout(p=0.2)
      (linear_comb): Linear(in_features=2, out_features=1, bias=True)
      (fc1): Linear(in_features=891, out_features=528, bias=True)
      (relu): ReLU()
      (out): Linear(in_features=528, out_features=1, bias=True)
      (sigmoid): Sigmoid()
    )
    (pooling_classifier): LSTMPoolingClassifier(
      (ih2h): LSTM(891, 528, num_layers=3, batch_first=True, dropout=0.2, bidirectional=True)
      (pool2o): Linear(in_features=1056, out_features=1, bias=True)
      (sigmoid): Sigmoid()
      (softmax): Softmax()
      (dropout): Dropout(p=0.2)
    )
  )
)
 
========= Epoch 1 =========
171/343: Matthews 0.26726, Accuracy: 61.11111, Loss: 0.078712940
342/343: Matthews 0.26726, Accuracy: 61.11111, Loss: 0.076151360
 
Best Matthews: 0.26726, Best Accuracy: 61.11111, Best Loss: 0.078712940 at epoch 1
Time Elasped: 00:01:00
========= Epoch 2 =========
171/343: Matthews 0.24515, Accuracy: 61.11111, Loss: 0.072361618
342/343: Matthews 0.24515, Accuracy: 61.11111, Loss: 0.071073585
 
Best Matthews: 0.26726, Best Accuracy: 61.11111, Best Loss: 0.078712940 at epoch 1
Time Elasped: 00:01:50
========= Epoch 3 =========
171/343: Matthews 0.26671, Accuracy: 62.22222, Loss: 0.070469093
342/343: Matthews 0.32998, Accuracy: 65.55556, Loss: 0.069000891
 
Best Matthews: 0.32998, Best Accuracy: 65.55556, Best Loss: 0.069000891 at epoch 3
Time Elasped: 00:02:43
========= Epoch 4 =========
171/343: Matthews 0.38118, Accuracy: 68.88889, Loss: 0.066299958
342/343: Matthews 0.41251, Accuracy: 70.00000, Loss: 0.066451205
 
Best Matthews: 0.41251, Best Accuracy: 70.00000, Best Loss: 0.066451205 at epoch 4
Time Elasped: 00:03:37
========= Epoch 5 =========
171/343: Matthews 0.40825, Accuracy: 70.00000, Loss: 0.064979564
342/343: Matthews 0.55556, Accuracy: 77.77778, Loss: 0.064327155
 
Best Matthews: 0.55556, Best Accuracy: 77.77778, Best Loss: 0.064327155 at epoch 5
Time Elasped: 00:04:29
========= Epoch 6 =========
171/343: Matthews 0.57907, Accuracy: 78.88889, Loss: 0.063761044
342/343: Matthews 0.57907, Accuracy: 78.88889, Loss: 0.062602414
 
Best Matthews: 0.57907, Best Accuracy: 78.88889, Best Loss: 0.063761044 at epoch 6
Time Elasped: 00:05:21
========= Epoch 7 =========
171/343: Matthews 0.57907, Accuracy: 78.88889, Loss: 0.063430225
342/343: Matthews 0.57907, Accuracy: 78.88889, Loss: 0.061900197
 
Best Matthews: 0.57907, Best Accuracy: 78.88889, Best Loss: 0.063761044 at epoch 6
Time Elasped: 00:06:12
========= Epoch 8 =========
171/343: Matthews 0.55611, Accuracy: 77.77778, Loss: 0.060598771
342/343: Matthews 0.57907, Accuracy: 78.88889, Loss: 0.061568785
 
Best Matthews: 0.57907, Best Accuracy: 78.88889, Best Loss: 0.063761044 at epoch 6
Time Elasped: 00:07:03
========= Epoch 9 =========
171/343: Matthews 0.57907, Accuracy: 78.88889, Loss: 0.060531039
342/343: Matthews 0.55611, Accuracy: 77.77778, Loss: 0.060007752
 
Best Matthews: 0.57907, Best Accuracy: 78.88889, Best Loss: 0.063761044 at epoch 6
Time Elasped: 00:07:54
========= Epoch 10 =========
171/343: Matthews 0.57792, Accuracy: 78.88889, Loss: 0.060173909
342/343: Matthews 0.62361, Accuracy: 81.11111, Loss: 0.058187527
 
Best Matthews: 0.62361, Best Accuracy: 81.11111, Best Loss: 0.058187527 at epoch 10
Time Elasped: 00:08:46
========= Epoch 11 =========
171/343: Matthews 0.57792, Accuracy: 78.88889, Loss: 0.059212118
342/343: Matthews 0.60238, Accuracy: 80.00000, Loss: 0.058026542
 
Best Matthews: 0.62361, Best Accuracy: 81.11111, Best Loss: 0.058187527 at epoch 10
Time Elasped: 00:09:37
========= Epoch 12 =========
171/343: Matthews 0.57792, Accuracy: 78.88889, Loss: 0.058393998
342/343: Matthews 0.57792, Accuracy: 78.88889, Loss: 0.058011834
 
Best Matthews: 0.62361, Best Accuracy: 81.11111, Best Loss: 0.058187527 at epoch 10
Time Elasped: 00:10:29
========= Epoch 13 =========
171/343: Matthews 0.55611, Accuracy: 77.77778, Loss: 0.058430142
342/343: Matthews 0.60238, Accuracy: 80.00000, Loss: 0.056468254
 
Best Matthews: 0.62361, Best Accuracy: 81.11111, Best Loss: 0.058187527 at epoch 10
Time Elasped: 00:11:20
========= Epoch 14 =========
171/343: Matthews 0.55556, Accuracy: 77.77778, Loss: 0.057497162
342/343: Matthews 0.53347, Accuracy: 76.66667, Loss: 0.057950036
 
Best Matthews: 0.62361, Best Accuracy: 81.11111, Best Loss: 0.058187527 at epoch 10
Time Elasped: 00:12:10
========= Epoch 15 =========
171/343: Matthews 0.62361, Accuracy: 81.11111, Loss: 0.055107159
342/343: Matthews 0.62361, Accuracy: 81.11111, Loss: 0.056349097
 
Best Matthews: 0.62361, Best Accuracy: 81.11111, Best Loss: 0.058187527 at epoch 10
Time Elasped: 00:13:00
========= Epoch 16 =========
171/343: Matthews 0.62361, Accuracy: 81.11111, Loss: 0.055497668
342/343: Matthews 0.62361, Accuracy: 81.11111, Loss: 0.055431440
 
Best Matthews: 0.62361, Best Accuracy: 81.11111, Best Loss: 0.058187527 at epoch 10
Time Elasped: 00:13:50
========= Epoch 17 =========
171/343: Matthews 0.62361, Accuracy: 81.11111, Loss: 0.056006940
342/343: Matthews 0.62361, Accuracy: 81.11111, Loss: 0.055494711
 
Best Matthews: 0.62361, Best Accuracy: 81.11111, Best Loss: 0.058187527 at epoch 10
Time Elasped: 00:14:41
========= Epoch 18 =========
171/343: Matthews 0.62361, Accuracy: 81.11111, Loss: 0.055189832
342/343: Matthews 0.62361, Accuracy: 81.11111, Loss: 0.054781861
 
Best Matthews: 0.62361, Best Accuracy: 81.11111, Best Loss: 0.058187527 at epoch 10
Time Elasped: 00:15:31
========= Epoch 19 =========
171/343: Matthews 0.62361, Accuracy: 81.11111, Loss: 0.054912737
342/343: Matthews 0.62361, Accuracy: 81.11111, Loss: 0.054583761
 
Best Matthews: 0.62361, Best Accuracy: 81.11111, Best Loss: 0.058187527 at epoch 10
Time Elasped: 00:16:21
========= Epoch 20 =========
171/343: Matthews 0.62361, Accuracy: 81.11111, Loss: 0.054245954
342/343: Matthews 0.62361, Accuracy: 81.11111, Loss: 0.054856968
 
Best Matthews: 0.62361, Best Accuracy: 81.11111, Best Loss: 0.058187527 at epoch 10
Time Elasped: 00:17:12
========= Epoch 21 =========
171/343: Matthews 0.62361, Accuracy: 81.11111, Loss: 0.053834290
342/343: Matthews 0.67488, Accuracy: 83.33333, Loss: 0.054066372
 
Best Matthews: 0.67488, Best Accuracy: 83.33333, Best Loss: 0.054066372 at epoch 21
Time Elasped: 00:18:04
========= Epoch 22 =========
171/343: Matthews 0.62361, Accuracy: 81.11111, Loss: 0.054648569
342/343: Matthews 0.60059, Accuracy: 80.00000, Loss: 0.054322698
 
Best Matthews: 0.67488, Best Accuracy: 83.33333, Best Loss: 0.054066372 at epoch 21
Time Elasped: 00:18:54
========= Epoch 23 =========
171/343: Matthews 0.62361, Accuracy: 81.11111, Loss: 0.053645955
342/343: Matthews 0.62361, Accuracy: 81.11111, Loss: 0.054031287
 
Best Matthews: 0.67488, Best Accuracy: 83.33333, Best Loss: 0.054066372 at epoch 21
Time Elasped: 00:19:45
========= Epoch 24 =========
171/343: Matthews 0.62361, Accuracy: 81.11111, Loss: 0.053911008
342/343: Matthews 0.69510, Accuracy: 84.44444, Loss: 0.053056346
 
Best Matthews: 0.69510, Best Accuracy: 84.44444, Best Loss: 0.053056346 at epoch 24
Time Elasped: 00:20:38
========= Epoch 25 =========
171/343: Matthews 0.62361, Accuracy: 81.11111, Loss: 0.053224421
342/343: Matthews 0.62361, Accuracy: 81.11111, Loss: 0.053622431
 
Best Matthews: 0.69510, Best Accuracy: 84.44444, Best Loss: 0.053056346 at epoch 24
Time Elasped: 00:21:28
========= Epoch 26 =========
171/343: Matthews 0.69510, Accuracy: 84.44444, Loss: 0.053722943
342/343: Matthews 0.62361, Accuracy: 81.11111, Loss: 0.052950838
 
Best Matthews: 0.69510, Best Accuracy: 84.44444, Best Loss: 0.053056346 at epoch 24
Time Elasped: 00:22:18
========= Epoch 27 =========
171/343: Matthews 0.62361, Accuracy: 81.11111, Loss: 0.053281360
342/343: Matthews 0.60059, Accuracy: 80.00000, Loss: 0.053038194
 
Best Matthews: 0.69510, Best Accuracy: 84.44444, Best Loss: 0.053056346 at epoch 24
Time Elasped: 00:23:08
========= Epoch 28 =========
171/343: Matthews 0.62361, Accuracy: 81.11111, Loss: 0.051508247
342/343: Matthews 0.69510, Accuracy: 84.44444, Loss: 0.052813737
 
Best Matthews: 0.69510, Best Accuracy: 84.44444, Best Loss: 0.053056346 at epoch 24
Time Elasped: 00:23:58
========= Epoch 29 =========
171/343: Matthews 0.62361, Accuracy: 81.11111, Loss: 0.051811780
342/343: Matthews 0.62361, Accuracy: 81.11111, Loss: 0.051362419
 
Best Matthews: 0.69510, Best Accuracy: 84.44444, Best Loss: 0.053056346 at epoch 24
Time Elasped: 00:24:49
========= Epoch 30 =========
171/343: Matthews 0.69510, Accuracy: 84.44444, Loss: 0.050666496
342/343: Matthews 0.62361, Accuracy: 81.11111, Loss: 0.052244319
 
Best Matthews: 0.69510, Best Accuracy: 84.44444, Best Loss: 0.053056346 at epoch 24
Time Elasped: 00:25:40
========= Epoch 31 =========
171/343: Matthews 0.62361, Accuracy: 81.11111, Loss: 0.052057637
342/343: Matthews 0.69510, Accuracy: 84.44444, Loss: 0.051609580
 
Best Matthews: 0.69510, Best Accuracy: 84.44444, Best Loss: 0.053056346 at epoch 24
Time Elasped: 00:26:31
========= Epoch 32 =========
171/343: Matthews 0.69510, Accuracy: 84.44444, Loss: 0.050988229
342/343: Matthews 0.62361, Accuracy: 81.11111, Loss: 0.051359553
 
Best Matthews: 0.69510, Best Accuracy: 84.44444, Best Loss: 0.053056346 at epoch 24
Time Elasped: 00:27:21
========= Epoch 33 =========
171/343: Matthews 0.62361, Accuracy: 81.11111, Loss: 0.051188034
342/343: Matthews 0.69510, Accuracy: 84.44444, Loss: 0.051090431
 
Best Matthews: 0.69510, Best Accuracy: 84.44444, Best Loss: 0.053056346 at epoch 24
Time Elasped: 00:28:12
========= Epoch 34 =========
171/343: Matthews 0.69510, Accuracy: 84.44444, Loss: 0.050464609
342/343: Matthews 0.62361, Accuracy: 81.11111, Loss: 0.051555173
 
Best Matthews: 0.69510, Best Accuracy: 84.44444, Best Loss: 0.053056346 at epoch 24
Time Elasped: 00:29:02
========= Epoch 35 =========
171/343: Matthews 0.69510, Accuracy: 84.44444, Loss: 0.049908151
342/343: Matthews 0.62361, Accuracy: 81.11111, Loss: 0.050928365
 
Best Matthews: 0.69510, Best Accuracy: 84.44444, Best Loss: 0.053056346 at epoch 24
Time Elasped: 00:29:53
========= Epoch 36 =========
171/343: Matthews 0.69510, Accuracy: 84.44444, Loss: 0.050336228
342/343: Matthews 0.62361, Accuracy: 81.11111, Loss: 0.050700585
 
Best Matthews: 0.69510, Best Accuracy: 84.44444, Best Loss: 0.053056346 at epoch 24
Time Elasped: 00:30:44
========= Epoch 37 =========
171/343: Matthews 0.62361, Accuracy: 81.11111, Loss: 0.049599886
342/343: Matthews 0.60059, Accuracy: 80.00000, Loss: 0.050335164
 
Best Matthews: 0.69510, Best Accuracy: 84.44444, Best Loss: 0.053056346 at epoch 24
Time Elasped: 00:31:35
========= Epoch 38 =========
171/343: Matthews 0.62361, Accuracy: 81.11111, Loss: 0.049204789
342/343: Matthews 0.69510, Accuracy: 84.44444, Loss: 0.049869908
 
Best Matthews: 0.69510, Best Accuracy: 84.44444, Best Loss: 0.053056346 at epoch 24
Time Elasped: 00:32:25
========= Epoch 39 =========
171/343: Matthews 0.62361, Accuracy: 81.11111, Loss: 0.049767383
342/343: Matthews 0.60059, Accuracy: 80.00000, Loss: 0.049340614
 
Best Matthews: 0.69510, Best Accuracy: 84.44444, Best Loss: 0.053056346 at epoch 24
Time Elasped: 00:33:16
========= Epoch 40 =========
171/343: Matthews 0.69510, Accuracy: 84.44444, Loss: 0.049099726
342/343: Matthews 0.69510, Accuracy: 84.44444, Loss: 0.048986435
 
Best Matthews: 0.69510, Best Accuracy: 84.44444, Best Loss: 0.053056346 at epoch 24
Time Elasped: 00:34:08
========= Epoch 41 =========
171/343: Matthews 0.62361, Accuracy: 81.11111, Loss: 0.049197123
342/343: Matthews 0.62361, Accuracy: 81.11111, Loss: 0.049419080
 
Best Matthews: 0.69510, Best Accuracy: 84.44444, Best Loss: 0.053056346 at epoch 24
Time Elasped: 00:34:59
========= Epoch 42 =========
171/343: Matthews 0.69510, Accuracy: 84.44444, Loss: 0.049296236
342/343: Matthews 0.60059, Accuracy: 80.00000, Loss: 0.048999304
 
Best Matthews: 0.69510, Best Accuracy: 84.44444, Best Loss: 0.053056346 at epoch 24
Time Elasped: 00:35:50
========= Epoch 43 =========
171/343: Matthews 0.67488, Accuracy: 83.33333, Loss: 0.049132962
342/343: Matthews 0.69510, Accuracy: 84.44444, Loss: 0.048219983
 
Best Matthews: 0.69510, Best Accuracy: 84.44444, Best Loss: 0.053056346 at epoch 24
Time Elasped: 00:36:40
========= Epoch 44 =========
171/343: Matthews 0.69510, Accuracy: 84.44444, Loss: 0.049054262
342/343: Matthews 0.60059, Accuracy: 80.00000, Loss: 0.048557674
 
Best Matthews: 0.69510, Best Accuracy: 84.44444, Best Loss: 0.053056346 at epoch 24
Time Elasped: 00:37:30
========= Epoch 45 =========
Early Stopping activated
 
Best Matthews: 0.69510, Best Accuracy: 84.44444, Best Loss: 0.053056346 at epoch 24
Time Elasped: 00:37:57
Test Set:
0/0: Matthews 0.55046, Accuracy: 77.04403, Loss: 0.016959682
