Namespace(batch_size=32, buffer_size=1, by_source=False, crop_pad_length=30, data='./acceptability_corpus/verb_classes_cola/understood', data_type='discriminator', dropout=0.2, embedding='glove.6B.300d', embedding_path='/scratch/asw462/models/elmo_encoder/elmo.emb', embedding_size=217, encoder_num_layers=2, encoder_path='/scratch/asw462/models/elmo_encoder/elmo.pth', encoding_size=528, encoding_type='lstm_pooling_classifier', epochs=1000, evaluate_train=False, experiment_name='experiment_linear_classifier_h_36_l_1_lr_0.0001_e_217_do_0.2', glove=False, gpu=True, hidden_size=36, imbalance=True, learning_rate=6e-05, lm_path=None, logs_dir='/scratch/asw462/logs/verb_classes_cola/understood', max_pool=False, model='linear_classifier', num_layers=1, output_dir='/scratch/asw462/logs/verb_classes_cola/outputs/understood', patience=20, preprocess_tokenizer='space', prints_per_stage=1, resume=True, resume_file=None, save_loc='/scratch/asw462/models/verb_classes_cola/understood', seed=1111, should_not_log=False, should_not_lowercase=False, should_not_preprocess_data=False, stages_per_epoch=2, train_embeddings=False, train_evaluate_interval=10, vocab_file='/scratch/asw462/data/vocab_100k.tsv')
======== General =======
Model: linear_classifier
GPU: True
Experiment Name: experiment_linear_classifier_h_36_l_1_lr_0.0001_e_217_do_0.2
Save location: /scratch/asw462/models/verb_classes_cola/understood
Logs dir: /scratch/asw462/logs/verb_classes_cola/understood
Timestamp: 2018/08/01 20:37:16
 
======== Data =======
Training set: 10953 examples
Validation set: 90 examples
Test set: 318 examples
 
======= Parameters =======
Learning Rate: 0.000060
Batch Size: 32
Epochs: 1000
Patience: 20
Stages per Epoch: 2
Embedding: 100004 x 217
Number of layers: 1
Hidden Size: 36
Encoder Size: 528
Resume: True
 
======= Model =======
LinearClassifierWithEncoder(
  (model): LinearClassifier(
    (dropout): Dropout(p=0.2)
    (enc2h): Linear(in_features=1056, out_features=36, bias=True)
    (h20): Linear(in_features=36, out_features=1, bias=True)
    (sigmoid): Sigmoid()
    (tanh): Tanh()
    (softmax): Softmax()
  )
  (encoder): LSTMPoolingClassifierWithELMo(
    (elmo): ELMOClassifier(
      (lm): LSTMLanguageModel(
        (dropout): Dropout(p=0.2)
        (embedding): Embedding(100003, 217)
        (lstm): LSTM(217, 891, num_layers=2, dropout=0.2)
        (fc): Linear(in_features=891, out_features=100003, bias=True)
      )
      (lstms): ModuleList(
        (0): LSTM(217, 891, batch_first=True)
        (1): LSTM(891, 891, batch_first=True)
      )
      (dropout): Dropout(p=0.2)
      (linear_comb): Linear(in_features=2, out_features=1, bias=True)
      (fc1): Linear(in_features=891, out_features=528, bias=True)
      (relu): ReLU()
      (out): Linear(in_features=528, out_features=1, bias=True)
      (sigmoid): Sigmoid()
    )
    (pooling_classifier): LSTMPoolingClassifier(
      (ih2h): LSTM(891, 528, num_layers=3, batch_first=True, dropout=0.2, bidirectional=True)
      (pool2o): Linear(in_features=1056, out_features=1, bias=True)
      (sigmoid): Sigmoid()
      (softmax): Softmax()
      (dropout): Dropout(p=0.2)
    )
  )
)
 
========= Epoch 1 =========
171/343: Matthews 0.24515, Accuracy: 61.11111, Loss: 0.076518949
342/343: Matthews 0.27288, Accuracy: 62.22222, Loss: 0.072972880
 
Best Matthews: 0.27288, Best Accuracy: 62.22222, Best Loss: 0.072972880 at epoch 1
Time Elasped: 00:00:24
========= Epoch 2 =========
171/343: Matthews 0.39197, Accuracy: 68.88889, Loss: 0.069984288
342/343: Matthews 0.49491, Accuracy: 74.44444, Loss: 0.067632124
 
Best Matthews: 0.49491, Best Accuracy: 74.44444, Best Loss: 0.067632124 at epoch 2
Time Elasped: 00:00:47
========= Epoch 3 =========
171/343: Matthews 0.57907, Accuracy: 78.88889, Loss: 0.067004659
342/343: Matthews 0.55776, Accuracy: 77.77778, Loss: 0.062413481
 
Best Matthews: 0.57907, Best Accuracy: 78.88889, Best Loss: 0.067004659 at epoch 3
Time Elasped: 00:01:06
========= Epoch 4 =========
171/343: Matthews 0.55611, Accuracy: 77.77778, Loss: 0.062947358
342/343: Matthews 0.57907, Accuracy: 78.88889, Loss: 0.061587620
 
Best Matthews: 0.57907, Best Accuracy: 78.88889, Best Loss: 0.067004659 at epoch 3
Time Elasped: 00:01:22
========= Epoch 5 =========
171/343: Matthews 0.55611, Accuracy: 77.77778, Loss: 0.060798317
342/343: Matthews 0.55611, Accuracy: 77.77778, Loss: 0.060172293
 
Best Matthews: 0.57907, Best Accuracy: 78.88889, Best Loss: 0.067004659 at epoch 3
Time Elasped: 00:01:39
========= Epoch 6 =========
171/343: Matthews 0.55556, Accuracy: 77.77778, Loss: 0.059791533
342/343: Matthews 0.62361, Accuracy: 81.11111, Loss: 0.059702788
 
Best Matthews: 0.62361, Best Accuracy: 81.11111, Best Loss: 0.059702788 at epoch 6
Time Elasped: 00:01:58
========= Epoch 7 =========
171/343: Matthews 0.62361, Accuracy: 81.11111, Loss: 0.059680356
342/343: Matthews 0.58138, Accuracy: 78.88889, Loss: 0.055670092
 
Best Matthews: 0.62361, Best Accuracy: 81.11111, Best Loss: 0.059702788 at epoch 6
Time Elasped: 00:02:15
========= Epoch 8 =========
171/343: Matthews 0.60238, Accuracy: 80.00000, Loss: 0.056167926
342/343: Matthews 0.60059, Accuracy: 80.00000, Loss: 0.058057578
 
Best Matthews: 0.62361, Best Accuracy: 81.11111, Best Loss: 0.059702788 at epoch 6
Time Elasped: 00:02:32
========= Epoch 9 =========
171/343: Matthews 0.62361, Accuracy: 81.11111, Loss: 0.055997149
342/343: Matthews 0.62361, Accuracy: 81.11111, Loss: 0.058089172
 
Best Matthews: 0.62361, Best Accuracy: 81.11111, Best Loss: 0.059702788 at epoch 6
Time Elasped: 00:02:49
========= Epoch 10 =========
171/343: Matthews 0.60238, Accuracy: 80.00000, Loss: 0.054658741
342/343: Matthews 0.67488, Accuracy: 83.33333, Loss: 0.054980342
 
Best Matthews: 0.67488, Best Accuracy: 83.33333, Best Loss: 0.054980342 at epoch 10
Time Elasped: 00:03:07
========= Epoch 11 =========
171/343: Matthews 0.62361, Accuracy: 81.11111, Loss: 0.054945283
342/343: Matthews 0.62361, Accuracy: 81.11111, Loss: 0.056018914
 
Best Matthews: 0.67488, Best Accuracy: 83.33333, Best Loss: 0.054980342 at epoch 10
Time Elasped: 00:03:24
========= Epoch 12 =========
171/343: Matthews 0.62361, Accuracy: 81.11111, Loss: 0.053999567
342/343: Matthews 0.61539, Accuracy: 80.00000, Loss: 0.055291234
 
Best Matthews: 0.67488, Best Accuracy: 83.33333, Best Loss: 0.054980342 at epoch 10
Time Elasped: 00:03:41
========= Epoch 13 =========
171/343: Matthews 0.55556, Accuracy: 77.77778, Loss: 0.055462265
342/343: Matthews 0.69510, Accuracy: 84.44444, Loss: 0.055235916
 
Best Matthews: 0.69510, Best Accuracy: 84.44444, Best Loss: 0.055235916 at epoch 13
Time Elasped: 00:04:00
========= Epoch 14 =========
171/343: Matthews 0.60059, Accuracy: 80.00000, Loss: 0.053975810
342/343: Matthews 0.69510, Accuracy: 84.44444, Loss: 0.054031192
 
Best Matthews: 0.69510, Best Accuracy: 84.44444, Best Loss: 0.055235916 at epoch 13
Time Elasped: 00:04:16
========= Epoch 15 =========
171/343: Matthews 0.53347, Accuracy: 76.66667, Loss: 0.055264134
342/343: Matthews 0.63505, Accuracy: 81.11111, Loss: 0.052584182
 
Best Matthews: 0.69510, Best Accuracy: 84.44444, Best Loss: 0.055235916 at epoch 13
Time Elasped: 00:04:33
========= Epoch 16 =========
171/343: Matthews 0.60059, Accuracy: 80.00000, Loss: 0.052917375
342/343: Matthews 0.69510, Accuracy: 84.44444, Loss: 0.051094760
 
Best Matthews: 0.69510, Best Accuracy: 84.44444, Best Loss: 0.055235916 at epoch 13
Time Elasped: 00:04:50
========= Epoch 17 =========
171/343: Matthews 0.60059, Accuracy: 80.00000, Loss: 0.050725296
342/343: Matthews 0.62361, Accuracy: 81.11111, Loss: 0.052550252
 
Best Matthews: 0.69510, Best Accuracy: 84.44444, Best Loss: 0.055235916 at epoch 13
Time Elasped: 00:05:07
========= Epoch 18 =========
171/343: Matthews 0.60059, Accuracy: 80.00000, Loss: 0.051679722
342/343: Matthews 0.60059, Accuracy: 80.00000, Loss: 0.051388115
 
Best Matthews: 0.69510, Best Accuracy: 84.44444, Best Loss: 0.055235916 at epoch 13
Time Elasped: 00:05:24
========= Epoch 19 =========
171/343: Matthews 0.62361, Accuracy: 81.11111, Loss: 0.051571592
342/343: Matthews 0.69510, Accuracy: 84.44444, Loss: 0.050554540
 
Best Matthews: 0.69510, Best Accuracy: 84.44444, Best Loss: 0.055235916 at epoch 13
Time Elasped: 00:05:41
========= Epoch 20 =========
171/343: Matthews 0.60059, Accuracy: 80.00000, Loss: 0.052496476
342/343: Matthews 0.60059, Accuracy: 80.00000, Loss: 0.050245285
 
Best Matthews: 0.69510, Best Accuracy: 84.44444, Best Loss: 0.055235916 at epoch 13
Time Elasped: 00:05:58
========= Epoch 21 =========
171/343: Matthews 0.60059, Accuracy: 80.00000, Loss: 0.048438666
342/343: Matthews 0.69510, Accuracy: 84.44444, Loss: 0.050595872
 
Best Matthews: 0.69510, Best Accuracy: 84.44444, Best Loss: 0.055235916 at epoch 13
Time Elasped: 00:06:15
========= Epoch 22 =========
171/343: Matthews 0.69510, Accuracy: 84.44444, Loss: 0.049625619
342/343: Matthews 0.60059, Accuracy: 80.00000, Loss: 0.049132040
 
Best Matthews: 0.69510, Best Accuracy: 84.44444, Best Loss: 0.055235916 at epoch 13
Time Elasped: 00:06:32
========= Epoch 23 =========
171/343: Matthews 0.60059, Accuracy: 80.00000, Loss: 0.050422949
342/343: Matthews 0.69510, Accuracy: 84.44444, Loss: 0.049852769
 
Best Matthews: 0.69510, Best Accuracy: 84.44444, Best Loss: 0.055235916 at epoch 13
Time Elasped: 00:06:49
========= Epoch 24 =========
171/343: Matthews 0.69510, Accuracy: 84.44444, Loss: 0.048539649
342/343: Matthews 0.69510, Accuracy: 84.44444, Loss: 0.048015012
 
Best Matthews: 0.69510, Best Accuracy: 84.44444, Best Loss: 0.055235916 at epoch 13
Time Elasped: 00:07:06
========= Epoch 25 =========
171/343: Matthews 0.60059, Accuracy: 80.00000, Loss: 0.048172728
342/343: Matthews 0.69510, Accuracy: 84.44444, Loss: 0.050065056
 
Best Matthews: 0.69510, Best Accuracy: 84.44444, Best Loss: 0.055235916 at epoch 13
Time Elasped: 00:07:23
========= Epoch 26 =========
171/343: Matthews 0.60059, Accuracy: 80.00000, Loss: 0.049121714
342/343: Matthews 0.67082, Accuracy: 83.33333, Loss: 0.048422395
 
Best Matthews: 0.69510, Best Accuracy: 84.44444, Best Loss: 0.055235916 at epoch 13
Time Elasped: 00:07:40
========= Epoch 27 =========
171/343: Matthews 0.69510, Accuracy: 84.44444, Loss: 0.049912251
342/343: Matthews 0.69510, Accuracy: 84.44444, Loss: 0.048255666
 
Best Matthews: 0.69510, Best Accuracy: 84.44444, Best Loss: 0.055235916 at epoch 13
Time Elasped: 00:07:57
========= Epoch 28 =========
171/343: Matthews 0.69510, Accuracy: 84.44444, Loss: 0.049714311
342/343: Matthews 0.69510, Accuracy: 84.44444, Loss: 0.048773797
 
Best Matthews: 0.69510, Best Accuracy: 84.44444, Best Loss: 0.055235916 at epoch 13
Time Elasped: 00:08:14
========= Epoch 29 =========
171/343: Matthews 0.67488, Accuracy: 83.33333, Loss: 0.048945528
342/343: Matthews 0.60059, Accuracy: 80.00000, Loss: 0.048332548
 
Best Matthews: 0.69510, Best Accuracy: 84.44444, Best Loss: 0.055235916 at epoch 13
Time Elasped: 00:08:31
========= Epoch 30 =========
171/343: Matthews 0.67082, Accuracy: 83.33333, Loss: 0.047551574
342/343: Matthews 0.67082, Accuracy: 83.33333, Loss: 0.047768233
 
Best Matthews: 0.69510, Best Accuracy: 84.44444, Best Loss: 0.055235916 at epoch 13
Time Elasped: 00:08:48
========= Epoch 31 =========
171/343: Matthews 0.67082, Accuracy: 83.33333, Loss: 0.048147800
342/343: Matthews 0.60059, Accuracy: 80.00000, Loss: 0.047900603
 
Best Matthews: 0.69510, Best Accuracy: 84.44444, Best Loss: 0.055235916 at epoch 13
Time Elasped: 00:09:05
========= Epoch 32 =========
171/343: Matthews 0.60059, Accuracy: 80.00000, Loss: 0.049271637
342/343: Matthews 0.60059, Accuracy: 80.00000, Loss: 0.047925271
 
Best Matthews: 0.69510, Best Accuracy: 84.44444, Best Loss: 0.055235916 at epoch 13
Time Elasped: 00:09:22
========= Epoch 33 =========
171/343: Matthews 0.60541, Accuracy: 80.00000, Loss: 0.051973862
342/343: Matthews 0.67082, Accuracy: 83.33333, Loss: 0.047670296
 
Best Matthews: 0.69510, Best Accuracy: 84.44444, Best Loss: 0.055235916 at epoch 13
Time Elasped: 00:09:39
========= Epoch 34 =========
Early Stopping activated
 
Best Matthews: 0.69510, Best Accuracy: 84.44444, Best Loss: 0.055235916 at epoch 13
Time Elasped: 00:09:49
Test Set:
0/0: Matthews 0.52104, Accuracy: 75.78616, Loss: 0.018054557
