Namespace(batch_size=32, buffer_size=1, by_source=False, crop_pad_length=30, data='./acceptability_corpus/verb_classes_cola/combined', data_type='discriminator', dropout=0.5, embedding='glove.6B.300d', embedding_path='/scratch/asw462/models/elmo_encoder/elmo.emb', embedding_size=217, encoder_num_layers=2, encoder_path='/scratch/asw462/models/elmo_encoder/elmo.pth', encoding_size=528, encoding_type='lstm_pooling_classifier', epochs=1000, evaluate_train=False, experiment_name='experiment_linear_classifier_h_99_l_2_lr_0.0001_e_217_do_0.5', glove=False, gpu=True, hidden_size=99, imbalance=True, learning_rate=5e-05, lm_path=None, logs_dir='/scratch/asw462/logs/verb_classes_cola/combined', max_pool=False, model='linear_classifier', num_layers=2, output_dir='/scratch/asw462/logs/verb_classes_cola/outputs/combined', patience=20, preprocess_tokenizer='space', prints_per_stage=1, resume=True, resume_file=None, save_loc='/scratch/asw462/models/verb_classes_cola/combined', seed=1111, should_not_log=False, should_not_lowercase=False, should_not_preprocess_data=False, stages_per_epoch=2, train_embeddings=False, train_evaluate_interval=10, vocab_file='/scratch/asw462/data/vocab_100k.tsv')
======== General =======
Model: linear_classifier
GPU: True
Experiment Name: experiment_linear_classifier_h_99_l_2_lr_0.0001_e_217_do_0.5
Save location: /scratch/asw462/models/verb_classes_cola/combined
Logs dir: /scratch/asw462/logs/verb_classes_cola/combined
Timestamp: 2018/08/02 04:40:59
 
======== Data =======
Training set: 15495 examples
Validation set: 968 examples
Test set: 3608 examples
 
======= Parameters =======
Learning Rate: 0.000050
Batch Size: 32
Epochs: 1000
Patience: 20
Stages per Epoch: 2
Embedding: 100004 x 217
Number of layers: 2
Hidden Size: 99
Encoder Size: 528
Resume: True
 
======= Model =======
LinearClassifierWithEncoder(
  (model): LinearClassifier(
    (dropout): Dropout(p=0.5)
    (enc2h): Linear(in_features=1056, out_features=99, bias=True)
    (h20): Linear(in_features=99, out_features=1, bias=True)
    (sigmoid): Sigmoid()
    (tanh): Tanh()
    (softmax): Softmax()
  )
  (encoder): LSTMPoolingClassifierWithELMo(
    (elmo): ELMOClassifier(
      (lm): LSTMLanguageModel(
        (dropout): Dropout(p=0.2)
        (embedding): Embedding(100003, 217)
        (lstm): LSTM(217, 891, num_layers=2, dropout=0.2)
        (fc): Linear(in_features=891, out_features=100003, bias=True)
      )
      (lstms): ModuleList(
        (0): LSTM(217, 891, batch_first=True)
        (1): LSTM(891, 891, batch_first=True)
      )
      (dropout): Dropout(p=0.2)
      (linear_comb): Linear(in_features=2, out_features=1, bias=True)
      (fc1): Linear(in_features=891, out_features=528, bias=True)
      (relu): ReLU()
      (out): Linear(in_features=528, out_features=1, bias=True)
      (sigmoid): Sigmoid()
    )
    (pooling_classifier): LSTMPoolingClassifier(
      (ih2h): LSTM(891, 528, num_layers=3, batch_first=True, dropout=0.2, bidirectional=True)
      (pool2o): Linear(in_features=1056, out_features=1, bias=True)
      (sigmoid): Sigmoid()
      (softmax): Softmax()
      (dropout): Dropout(p=0.2)
    )
  )
)
 
========= Epoch 1 =========
242/485: Matthews 0.15216, Accuracy: 61.36364, Loss: 0.001437753
484/485: Matthews 0.16864, Accuracy: 59.19421, Loss: 0.001425671
 
Best Matthews: 0.16864, Best Accuracy: 59.19421, Best Loss: 0.001425671 at epoch 1
Time Elasped: 00:00:34
========= Epoch 2 =========
242/485: Matthews 0.17040, Accuracy: 60.84711, Loss: 0.001399601
484/485: Matthews 0.16813, Accuracy: 60.43388, Loss: 0.001388694
 
Best Matthews: 0.17040, Best Accuracy: 60.84711, Best Loss: 0.001399601 at epoch 2
Time Elasped: 00:01:00
========= Epoch 3 =========
242/485: Matthews 0.17981, Accuracy: 57.74793, Loss: 0.001396779
484/485: Matthews 0.18665, Accuracy: 59.09091, Loss: 0.001339807
 
Best Matthews: 0.18665, Best Accuracy: 59.09091, Best Loss: 0.001339807 at epoch 3
Time Elasped: 00:01:29
========= Epoch 4 =========
242/485: Matthews 0.17879, Accuracy: 59.29752, Loss: 0.001365388
484/485: Matthews 0.19506, Accuracy: 60.64050, Loss: 0.001235926
 
Best Matthews: 0.19506, Best Accuracy: 60.64050, Best Loss: 0.001235926 at epoch 4
Time Elasped: 00:01:56
========= Epoch 5 =========
242/485: Matthews 0.19312, Accuracy: 57.64463, Loss: 0.001295750
484/485: Matthews 0.18091, Accuracy: 57.12810, Loss: 0.001354212
 
Best Matthews: 0.19506, Best Accuracy: 60.64050, Best Loss: 0.001235926 at epoch 4
Time Elasped: 00:02:21
========= Epoch 6 =========
242/485: Matthews 0.17753, Accuracy: 57.85124, Loss: 0.001247520
484/485: Matthews 0.17590, Accuracy: 57.02479, Loss: 0.001312920
 
Best Matthews: 0.19506, Best Accuracy: 60.64050, Best Loss: 0.001235926 at epoch 4
Time Elasped: 00:02:46
========= Epoch 7 =========
242/485: Matthews 0.19781, Accuracy: 58.98760, Loss: 0.001304635
484/485: Matthews 0.16839, Accuracy: 56.30165, Loss: 0.001286539
 
Best Matthews: 0.19781, Best Accuracy: 58.98760, Best Loss: 0.001304635 at epoch 7
Time Elasped: 00:03:13
========= Epoch 8 =========
242/485: Matthews 0.17586, Accuracy: 58.67769, Loss: 0.001371304
484/485: Matthews 0.18675, Accuracy: 56.71488, Loss: 0.001315222
 
Best Matthews: 0.19781, Best Accuracy: 58.98760, Best Loss: 0.001304635 at epoch 7
Time Elasped: 00:03:39
========= Epoch 9 =========
242/485: Matthews 0.19286, Accuracy: 58.47107, Loss: 0.001249926
484/485: Matthews 0.17708, Accuracy: 57.95455, Loss: 0.001154647
 
Best Matthews: 0.19781, Best Accuracy: 58.98760, Best Loss: 0.001304635 at epoch 7
Time Elasped: 00:04:04
========= Epoch 10 =========
242/485: Matthews 0.17755, Accuracy: 58.26446, Loss: 0.001274867
484/485: Matthews 0.17862, Accuracy: 55.78512, Loss: 0.001246004
 
Best Matthews: 0.19781, Best Accuracy: 58.98760, Best Loss: 0.001304635 at epoch 7
Time Elasped: 00:04:30
========= Epoch 11 =========
242/485: Matthews 0.16865, Accuracy: 55.88843, Loss: 0.001234597
484/485: Matthews 0.17825, Accuracy: 56.92149, Loss: 0.001156325
 
Best Matthews: 0.19781, Best Accuracy: 58.98760, Best Loss: 0.001304635 at epoch 7
Time Elasped: 00:04:55
========= Epoch 12 =========
242/485: Matthews 0.18143, Accuracy: 57.02479, Loss: 0.001103239
484/485: Matthews 0.17322, Accuracy: 56.81818, Loss: 0.001261784
 
Best Matthews: 0.19781, Best Accuracy: 58.98760, Best Loss: 0.001304635 at epoch 7
Time Elasped: 00:05:21
========= Epoch 13 =========
242/485: Matthews 0.16897, Accuracy: 57.74793, Loss: 0.001222182
484/485: Matthews 0.17357, Accuracy: 57.12810, Loss: 0.001105400
 
Best Matthews: 0.19781, Best Accuracy: 58.98760, Best Loss: 0.001304635 at epoch 7
Time Elasped: 00:05:46
========= Epoch 14 =========
242/485: Matthews 0.17131, Accuracy: 56.09504, Loss: 0.001182053
484/485: Matthews 0.17610, Accuracy: 56.61157, Loss: 0.001305673
 
Best Matthews: 0.19781, Best Accuracy: 58.98760, Best Loss: 0.001304635 at epoch 7
Time Elasped: 00:06:11
========= Epoch 15 =========
242/485: Matthews 0.15050, Accuracy: 56.61157, Loss: 0.001309010
484/485: Matthews 0.17880, Accuracy: 56.09504, Loss: 0.001091633
 
Best Matthews: 0.19781, Best Accuracy: 58.98760, Best Loss: 0.001304635 at epoch 7
Time Elasped: 00:06:37
========= Epoch 16 =========
242/485: Matthews 0.16360, Accuracy: 56.92149, Loss: 0.001064353
484/485: Matthews 0.15400, Accuracy: 58.88430, Loss: 0.001052394
 
Best Matthews: 0.19781, Best Accuracy: 58.98760, Best Loss: 0.001304635 at epoch 7
Time Elasped: 00:07:02
========= Epoch 17 =========
242/485: Matthews 0.17583, Accuracy: 56.30165, Loss: 0.001158917
484/485: Matthews 0.17560, Accuracy: 55.99174, Loss: 0.001163784
 
Best Matthews: 0.19781, Best Accuracy: 58.98760, Best Loss: 0.001304635 at epoch 7
Time Elasped: 00:07:28
========= Epoch 18 =========
242/485: Matthews 0.15933, Accuracy: 59.91736, Loss: 0.001046697
484/485: Matthews 0.17805, Accuracy: 55.88843, Loss: 0.001112043
 
Best Matthews: 0.19781, Best Accuracy: 58.98760, Best Loss: 0.001304635 at epoch 7
Time Elasped: 00:07:53
========= Epoch 19 =========
242/485: Matthews 0.16356, Accuracy: 57.33471, Loss: 0.000997070
484/485: Matthews 0.17505, Accuracy: 56.09504, Loss: 0.001066343
 
Best Matthews: 0.19781, Best Accuracy: 58.98760, Best Loss: 0.001304635 at epoch 7
Time Elasped: 00:08:19
========= Epoch 20 =========
242/485: Matthews 0.15593, Accuracy: 56.61157, Loss: 0.001000548
484/485: Matthews 0.14734, Accuracy: 56.50826, Loss: 0.001101892
 
Best Matthews: 0.19781, Best Accuracy: 58.98760, Best Loss: 0.001304635 at epoch 7
Time Elasped: 00:08:45
========= Epoch 21 =========
242/485: Matthews 0.18286, Accuracy: 55.06198, Loss: 0.001140488
484/485: Matthews 0.15189, Accuracy: 56.30165, Loss: 0.001063308
 
Best Matthews: 0.19781, Best Accuracy: 58.98760, Best Loss: 0.001304635 at epoch 7
Time Elasped: 00:09:10
========= Epoch 22 =========
242/485: Matthews 0.15200, Accuracy: 55.88843, Loss: 0.001016813
484/485: Matthews 0.16166, Accuracy: 59.19421, Loss: 0.001077168
 
Best Matthews: 0.19781, Best Accuracy: 58.98760, Best Loss: 0.001304635 at epoch 7
Time Elasped: 00:09:36
========= Epoch 23 =========
242/485: Matthews 0.16087, Accuracy: 54.54545, Loss: 0.001150226
484/485: Matthews 0.16448, Accuracy: 57.12810, Loss: 0.001003218
 
Best Matthews: 0.19781, Best Accuracy: 58.98760, Best Loss: 0.001304635 at epoch 7
Time Elasped: 00:10:01
========= Epoch 24 =========
242/485: Matthews 0.15749, Accuracy: 58.88430, Loss: 0.001060984
484/485: Matthews 0.15919, Accuracy: 56.30165, Loss: 0.001113342
 
Best Matthews: 0.19781, Best Accuracy: 58.98760, Best Loss: 0.001304635 at epoch 7
Time Elasped: 00:10:27
========= Epoch 25 =========
242/485: Matthews 0.16537, Accuracy: 57.33471, Loss: 0.001027471
484/485: Matthews 0.17185, Accuracy: 55.99174, Loss: 0.001003342
 
Best Matthews: 0.19781, Best Accuracy: 58.98760, Best Loss: 0.001304635 at epoch 7
Time Elasped: 00:10:52
========= Epoch 26 =========
242/485: Matthews 0.16638, Accuracy: 56.71488, Loss: 0.001081943
484/485: Matthews 0.17189, Accuracy: 54.95868, Loss: 0.001080307
 
Best Matthews: 0.19781, Best Accuracy: 58.98760, Best Loss: 0.001304635 at epoch 7
Time Elasped: 00:11:18
========= Epoch 27 =========
242/485: Matthews 0.16992, Accuracy: 57.12810, Loss: 0.000975127
484/485: Matthews 0.16655, Accuracy: 56.30165, Loss: 0.001029991
 
Best Matthews: 0.19781, Best Accuracy: 58.98760, Best Loss: 0.001304635 at epoch 7
Time Elasped: 00:11:43
========= Epoch 28 =========
Early Stopping activated
 
Best Matthews: 0.19781, Best Accuracy: 58.98760, Best Loss: 0.001304635 at epoch 7
Time Elasped: 00:11:57
Test Set:
0/0: Matthews 0.22787, Accuracy: 61.86253, Loss: 0.001453338
