Namespace(batch_size=32, buffer_size=1, by_source=False, crop_pad_length=30, data='./acceptability_corpus/verb_classes_cola/combined', data_type='discriminator', dropout=0.5, embedding='glove.6B.300d', embedding_path='/scratch/asw462/models/elmo_encoder/elmo.emb', embedding_size=217, encoder_num_layers=2, encoder_path='/scratch/asw462/models/elmo_encoder/elmo.pth', encoding_size=528, encoding_type='lstm_pooling_classifier', epochs=1000, evaluate_train=False, experiment_name='experiment_linear_classifier_h_114_l_1_lr_0.0000_e_217_do_0.5', glove=False, gpu=True, hidden_size=114, imbalance=True, learning_rate=2e-05, lm_path=None, logs_dir='/scratch/asw462/logs/verb_classes_cola/combined', max_pool=False, model='linear_classifier', num_layers=1, output_dir='/scratch/asw462/logs/verb_classes_cola/outputs/combined', patience=20, preprocess_tokenizer='space', prints_per_stage=1, resume=True, resume_file=None, save_loc='/scratch/asw462/models/verb_classes_cola/combined', seed=1111, should_not_log=False, should_not_lowercase=False, should_not_preprocess_data=False, stages_per_epoch=2, train_embeddings=False, train_evaluate_interval=10, vocab_file='/scratch/asw462/data/vocab_100k.tsv')
======== General =======
Model: linear_classifier
GPU: True
Experiment Name: experiment_linear_classifier_h_114_l_1_lr_0.0000_e_217_do_0.5
Save location: /scratch/asw462/models/verb_classes_cola/combined
Logs dir: /scratch/asw462/logs/verb_classes_cola/combined
Timestamp: 2018/08/02 04:19:42
 
======== Data =======
Training set: 15495 examples
Validation set: 968 examples
Test set: 3608 examples
 
======= Parameters =======
Learning Rate: 0.000020
Batch Size: 32
Epochs: 1000
Patience: 20
Stages per Epoch: 2
Embedding: 100004 x 217
Number of layers: 1
Hidden Size: 114
Encoder Size: 528
Resume: True
 
======= Model =======
LinearClassifierWithEncoder(
  (model): LinearClassifier(
    (dropout): Dropout(p=0.5)
    (enc2h): Linear(in_features=1056, out_features=114, bias=True)
    (h20): Linear(in_features=114, out_features=1, bias=True)
    (sigmoid): Sigmoid()
    (tanh): Tanh()
    (softmax): Softmax()
  )
  (encoder): LSTMPoolingClassifierWithELMo(
    (elmo): ELMOClassifier(
      (lm): LSTMLanguageModel(
        (dropout): Dropout(p=0.2)
        (embedding): Embedding(100003, 217)
        (lstm): LSTM(217, 891, num_layers=2, dropout=0.2)
        (fc): Linear(in_features=891, out_features=100003, bias=True)
      )
      (lstms): ModuleList(
        (0): LSTM(217, 891, batch_first=True)
        (1): LSTM(891, 891, batch_first=True)
      )
      (dropout): Dropout(p=0.2)
      (linear_comb): Linear(in_features=2, out_features=1, bias=True)
      (fc1): Linear(in_features=891, out_features=528, bias=True)
      (relu): ReLU()
      (out): Linear(in_features=528, out_features=1, bias=True)
      (sigmoid): Sigmoid()
    )
    (pooling_classifier): LSTMPoolingClassifier(
      (ih2h): LSTM(891, 528, num_layers=3, batch_first=True, dropout=0.2, bidirectional=True)
      (pool2o): Linear(in_features=1056, out_features=1, bias=True)
      (sigmoid): Sigmoid()
      (softmax): Softmax()
      (dropout): Dropout(p=0.2)
    )
  )
)
 
========= Epoch 1 =========
242/485: Matthews 0.09674, Accuracy: 62.50000, Loss: 0.001724720
484/485: Matthews 0.11150, Accuracy: 62.08678, Loss: 0.001556066
 
Best Matthews: 0.11150, Best Accuracy: 62.08678, Best Loss: 0.001556066 at epoch 1
Time Elasped: 00:00:39
========= Epoch 2 =========
242/485: Matthews 0.09571, Accuracy: 59.81405, Loss: 0.001480989
484/485: Matthews 0.10040, Accuracy: 60.02066, Loss: 0.001479913
 
Best Matthews: 0.11150, Best Accuracy: 62.08678, Best Loss: 0.001556066 at epoch 1
Time Elasped: 00:01:05
========= Epoch 3 =========
242/485: Matthews 0.14506, Accuracy: 59.50413, Loss: 0.001434409
484/485: Matthews 0.15436, Accuracy: 59.29752, Loss: 0.001493603
 
Best Matthews: 0.15436, Best Accuracy: 59.29752, Best Loss: 0.001493603 at epoch 3
Time Elasped: 00:01:33
========= Epoch 4 =========
242/485: Matthews 0.15364, Accuracy: 58.98760, Loss: 0.001536794
484/485: Matthews 0.14992, Accuracy: 59.60744, Loss: 0.001420789
 
Best Matthews: 0.15436, Best Accuracy: 59.29752, Best Loss: 0.001493603 at epoch 3
Time Elasped: 00:01:59
========= Epoch 5 =========
242/485: Matthews 0.15903, Accuracy: 60.02066, Loss: 0.001448234
484/485: Matthews 0.15637, Accuracy: 57.33471, Loss: 0.001453896
 
Best Matthews: 0.15903, Best Accuracy: 60.02066, Best Loss: 0.001448234 at epoch 5
Time Elasped: 00:02:26
========= Epoch 6 =========
242/485: Matthews 0.16270, Accuracy: 59.40083, Loss: 0.001461447
484/485: Matthews 0.17357, Accuracy: 57.12810, Loss: 0.001433645
 
Best Matthews: 0.17357, Best Accuracy: 57.12810, Best Loss: 0.001433645 at epoch 6
Time Elasped: 00:02:55
========= Epoch 7 =========
242/485: Matthews 0.15584, Accuracy: 58.36777, Loss: 0.001451619
484/485: Matthews 0.17245, Accuracy: 59.60744, Loss: 0.001380960
 
Best Matthews: 0.17357, Best Accuracy: 57.12810, Best Loss: 0.001433645 at epoch 6
Time Elasped: 00:03:21
========= Epoch 8 =========
242/485: Matthews 0.17397, Accuracy: 58.26446, Loss: 0.001421506
484/485: Matthews 0.17282, Accuracy: 60.02066, Loss: 0.001355050
 
Best Matthews: 0.17397, Best Accuracy: 58.26446, Best Loss: 0.001421506 at epoch 8
Time Elasped: 00:03:48
========= Epoch 9 =========
242/485: Matthews 0.16945, Accuracy: 57.23140, Loss: 0.001393722
484/485: Matthews 0.18028, Accuracy: 57.64463, Loss: 0.001419621
 
Best Matthews: 0.18028, Best Accuracy: 57.64463, Best Loss: 0.001419621 at epoch 9
Time Elasped: 00:04:15
========= Epoch 10 =========
242/485: Matthews 0.18429, Accuracy: 58.36777, Loss: 0.001418419
484/485: Matthews 0.16958, Accuracy: 58.47107, Loss: 0.001396036
 
Best Matthews: 0.18429, Best Accuracy: 58.36777, Best Loss: 0.001418419 at epoch 10
Time Elasped: 00:04:43
========= Epoch 11 =========
242/485: Matthews 0.16504, Accuracy: 56.61157, Loss: 0.001440828
484/485: Matthews 0.17506, Accuracy: 58.88430, Loss: 0.001332204
 
Best Matthews: 0.18429, Best Accuracy: 58.36777, Best Loss: 0.001418419 at epoch 10
Time Elasped: 00:05:08
========= Epoch 12 =========
242/485: Matthews 0.17506, Accuracy: 58.88430, Loss: 0.001336536
484/485: Matthews 0.18665, Accuracy: 59.09091, Loss: 0.001351735
 
Best Matthews: 0.18665, Best Accuracy: 59.09091, Best Loss: 0.001351735 at epoch 12
Time Elasped: 00:05:36
========= Epoch 13 =========
242/485: Matthews 0.18023, Accuracy: 58.05785, Loss: 0.001383367
484/485: Matthews 0.17958, Accuracy: 57.02479, Loss: 0.001437129
 
Best Matthews: 0.18665, Best Accuracy: 59.09091, Best Loss: 0.001351735 at epoch 12
Time Elasped: 00:06:02
========= Epoch 14 =========
242/485: Matthews 0.16376, Accuracy: 59.09091, Loss: 0.001389242
484/485: Matthews 0.16955, Accuracy: 56.81818, Loss: 0.001355835
 
Best Matthews: 0.18665, Best Accuracy: 59.09091, Best Loss: 0.001351735 at epoch 12
Time Elasped: 00:06:27
========= Epoch 15 =========
242/485: Matthews 0.18041, Accuracy: 57.23140, Loss: 0.001391087
484/485: Matthews 0.18091, Accuracy: 57.12810, Loss: 0.001380784
 
Best Matthews: 0.18665, Best Accuracy: 59.09091, Best Loss: 0.001351735 at epoch 12
Time Elasped: 00:06:53
========= Epoch 16 =========
242/485: Matthews 0.18409, Accuracy: 57.23140, Loss: 0.001391869
484/485: Matthews 0.17456, Accuracy: 56.92149, Loss: 0.001386103
 
Best Matthews: 0.18665, Best Accuracy: 59.09091, Best Loss: 0.001351735 at epoch 12
Time Elasped: 00:07:19
========= Epoch 17 =========
242/485: Matthews 0.17576, Accuracy: 58.26446, Loss: 0.001297882
484/485: Matthews 0.18555, Accuracy: 55.57851, Loss: 0.001376908
 
Best Matthews: 0.18665, Best Accuracy: 59.09091, Best Loss: 0.001351735 at epoch 12
Time Elasped: 00:07:44
========= Epoch 18 =========
242/485: Matthews 0.18481, Accuracy: 55.06198, Loss: 0.001386059
484/485: Matthews 0.17578, Accuracy: 57.43802, Loss: 0.001353034
 
Best Matthews: 0.18665, Best Accuracy: 59.09091, Best Loss: 0.001351735 at epoch 12
Time Elasped: 00:08:10
========= Epoch 19 =========
242/485: Matthews 0.18294, Accuracy: 58.26446, Loss: 0.001346025
484/485: Matthews 0.16494, Accuracy: 57.02479, Loss: 0.001389397
 
Best Matthews: 0.18665, Best Accuracy: 59.09091, Best Loss: 0.001351735 at epoch 12
Time Elasped: 00:08:36
========= Epoch 20 =========
242/485: Matthews 0.17127, Accuracy: 57.23140, Loss: 0.001384866
484/485: Matthews 0.17578, Accuracy: 57.43802, Loss: 0.001275334
 
Best Matthews: 0.18665, Best Accuracy: 59.09091, Best Loss: 0.001351735 at epoch 12
Time Elasped: 00:09:02
========= Epoch 21 =========
242/485: Matthews 0.17261, Accuracy: 57.33471, Loss: 0.001299931
484/485: Matthews 0.16407, Accuracy: 56.81818, Loss: 0.001327944
 
Best Matthews: 0.18665, Best Accuracy: 59.09091, Best Loss: 0.001351735 at epoch 12
Time Elasped: 00:09:27
========= Epoch 22 =========
242/485: Matthews 0.17396, Accuracy: 56.30165, Loss: 0.001343279
484/485: Matthews 0.16821, Accuracy: 56.71488, Loss: 0.001267757
 
Best Matthews: 0.18665, Best Accuracy: 59.09091, Best Loss: 0.001351735 at epoch 12
Time Elasped: 00:09:53
========= Epoch 23 =========
242/485: Matthews 0.15799, Accuracy: 58.26446, Loss: 0.001275981
484/485: Matthews 0.16998, Accuracy: 55.99174, Loss: 0.001324452
 
Best Matthews: 0.18665, Best Accuracy: 59.09091, Best Loss: 0.001351735 at epoch 12
Time Elasped: 00:10:19
========= Epoch 24 =========
242/485: Matthews 0.16839, Accuracy: 56.30165, Loss: 0.001308928
484/485: Matthews 0.17055, Accuracy: 56.61157, Loss: 0.001257822
 
Best Matthews: 0.18665, Best Accuracy: 59.09091, Best Loss: 0.001351735 at epoch 12
Time Elasped: 00:10:44
========= Epoch 25 =========
242/485: Matthews 0.17583, Accuracy: 56.30165, Loss: 0.001249487
484/485: Matthews 0.17168, Accuracy: 57.95455, Loss: 0.001227265
 
Best Matthews: 0.18665, Best Accuracy: 59.09091, Best Loss: 0.001351735 at epoch 12
Time Elasped: 00:11:10
========= Epoch 26 =========
242/485: Matthews 0.16992, Accuracy: 57.12810, Loss: 0.001357764
484/485: Matthews 0.16370, Accuracy: 56.50826, Loss: 0.001250871
 
Best Matthews: 0.18665, Best Accuracy: 59.09091, Best Loss: 0.001351735 at epoch 12
Time Elasped: 00:11:36
========= Epoch 27 =========
242/485: Matthews 0.17640, Accuracy: 56.92149, Loss: 0.001335908
484/485: Matthews 0.16542, Accuracy: 56.92149, Loss: 0.001169714
 
Best Matthews: 0.18665, Best Accuracy: 59.09091, Best Loss: 0.001351735 at epoch 12
Time Elasped: 00:12:01
========= Epoch 28 =========
242/485: Matthews 0.16448, Accuracy: 57.12810, Loss: 0.001214639
484/485: Matthews 0.16810, Accuracy: 57.12810, Loss: 0.001204602
 
Best Matthews: 0.18665, Best Accuracy: 59.09091, Best Loss: 0.001351735 at epoch 12
Time Elasped: 00:12:27
========= Epoch 29 =========
242/485: Matthews 0.16521, Accuracy: 56.19835, Loss: 0.001242775
484/485: Matthews 0.16839, Accuracy: 56.30165, Loss: 0.001263399
 
Best Matthews: 0.18665, Best Accuracy: 59.09091, Best Loss: 0.001351735 at epoch 12
Time Elasped: 00:12:53
========= Epoch 30 =========
242/485: Matthews 0.16389, Accuracy: 55.37190, Loss: 0.001231997
484/485: Matthews 0.16718, Accuracy: 57.74793, Loss: 0.001169561
 
Best Matthews: 0.18665, Best Accuracy: 59.09091, Best Loss: 0.001351735 at epoch 12
Time Elasped: 00:13:18
========= Epoch 31 =========
242/485: Matthews 0.17397, Accuracy: 58.26446, Loss: 0.001135524
484/485: Matthews 0.15230, Accuracy: 56.61157, Loss: 0.001361773
 
Best Matthews: 0.18665, Best Accuracy: 59.09091, Best Loss: 0.001351735 at epoch 12
Time Elasped: 00:13:44
========= Epoch 32 =========
242/485: Matthews 0.16275, Accuracy: 57.95455, Loss: 0.001319358
484/485: Matthews 0.16684, Accuracy: 58.26446, Loss: 0.001182688
 
Best Matthews: 0.18665, Best Accuracy: 59.09091, Best Loss: 0.001351735 at epoch 12
Time Elasped: 00:14:10
========= Epoch 33 =========
Early Stopping activated
 
Best Matthews: 0.18665, Best Accuracy: 59.09091, Best Loss: 0.001351735 at epoch 12
Time Elasped: 00:14:24
Test Set:
0/0: Matthews 0.22102, Accuracy: 62.27827, Loss: 0.001458630
