Namespace(batch_size=32, buffer_size=1, by_source=False, crop_pad_length=30, data='./acceptability_corpus/verb_classes_cola/combined', data_type='discriminator', dropout=0.5, embedding='glove.6B.300d', embedding_path='/scratch/asw462/models/elmo_encoder/elmo.emb', embedding_size=217, encoder_num_layers=2, encoder_path='/scratch/asw462/models/elmo_encoder/elmo.pth', encoding_size=528, encoding_type='lstm_pooling_classifier', epochs=1000, evaluate_train=False, experiment_name='experiment_linear_classifier_h_31_l_2_lr_0.0000_e_217_do_0.5', glove=False, gpu=True, hidden_size=31, imbalance=True, learning_rate=4e-05, lm_path=None, logs_dir='/scratch/asw462/logs/verb_classes_cola/combined', max_pool=False, model='linear_classifier', num_layers=2, output_dir='/scratch/asw462/logs/verb_classes_cola/outputs/combined', patience=20, preprocess_tokenizer='space', prints_per_stage=1, resume=True, resume_file=None, save_loc='/scratch/asw462/models/verb_classes_cola/combined', seed=1111, should_not_log=False, should_not_lowercase=False, should_not_preprocess_data=False, stages_per_epoch=2, train_embeddings=False, train_evaluate_interval=10, vocab_file='/scratch/asw462/data/vocab_100k.tsv')
======== General =======
Model: linear_classifier
GPU: True
Experiment Name: experiment_linear_classifier_h_31_l_2_lr_0.0000_e_217_do_0.5
Save location: /scratch/asw462/models/verb_classes_cola/combined
Logs dir: /scratch/asw462/logs/verb_classes_cola/combined
Timestamp: 2018/08/02 04:34:40
 
======== Data =======
Training set: 15495 examples
Validation set: 968 examples
Test set: 3608 examples
 
======= Parameters =======
Learning Rate: 0.000040
Batch Size: 32
Epochs: 1000
Patience: 20
Stages per Epoch: 2
Embedding: 100004 x 217
Number of layers: 2
Hidden Size: 31
Encoder Size: 528
Resume: True
 
======= Model =======
LinearClassifierWithEncoder(
  (model): LinearClassifier(
    (dropout): Dropout(p=0.5)
    (enc2h): Linear(in_features=1056, out_features=31, bias=True)
    (h20): Linear(in_features=31, out_features=1, bias=True)
    (sigmoid): Sigmoid()
    (tanh): Tanh()
    (softmax): Softmax()
  )
  (encoder): LSTMPoolingClassifierWithELMo(
    (elmo): ELMOClassifier(
      (lm): LSTMLanguageModel(
        (dropout): Dropout(p=0.2)
        (embedding): Embedding(100003, 217)
        (lstm): LSTM(217, 891, num_layers=2, dropout=0.2)
        (fc): Linear(in_features=891, out_features=100003, bias=True)
      )
      (lstms): ModuleList(
        (0): LSTM(217, 891, batch_first=True)
        (1): LSTM(891, 891, batch_first=True)
      )
      (dropout): Dropout(p=0.2)
      (linear_comb): Linear(in_features=2, out_features=1, bias=True)
      (fc1): Linear(in_features=891, out_features=528, bias=True)
      (relu): ReLU()
      (out): Linear(in_features=528, out_features=1, bias=True)
      (sigmoid): Sigmoid()
    )
    (pooling_classifier): LSTMPoolingClassifier(
      (ih2h): LSTM(891, 528, num_layers=3, batch_first=True, dropout=0.2, bidirectional=True)
      (pool2o): Linear(in_features=1056, out_features=1, bias=True)
      (sigmoid): Sigmoid()
      (softmax): Softmax()
      (dropout): Dropout(p=0.2)
    )
  )
)
 
========= Epoch 1 =========
242/485: Matthews 0.11982, Accuracy: 63.63636, Loss: 0.001780626
484/485: Matthews 0.12789, Accuracy: 62.60331, Loss: 0.001578652
 
Best Matthews: 0.12789, Best Accuracy: 62.60331, Best Loss: 0.001578652 at epoch 1
Time Elasped: 00:00:33
========= Epoch 2 =========
242/485: Matthews 0.14583, Accuracy: 61.15702, Loss: 0.001506724
484/485: Matthews 0.14144, Accuracy: 60.84711, Loss: 0.001427500
 
Best Matthews: 0.14583, Best Accuracy: 61.15702, Best Loss: 0.001506724 at epoch 2
Time Elasped: 00:01:00
========= Epoch 3 =========
242/485: Matthews 0.13416, Accuracy: 60.33058, Loss: 0.001423024
484/485: Matthews 0.15872, Accuracy: 60.12397, Loss: 0.001384279
 
Best Matthews: 0.15872, Best Accuracy: 60.12397, Best Loss: 0.001384279 at epoch 3
Time Elasped: 00:01:27
========= Epoch 4 =========
242/485: Matthews 0.15843, Accuracy: 60.22727, Loss: 0.001358394
484/485: Matthews 0.18885, Accuracy: 58.98760, Loss: 0.001403969
 
Best Matthews: 0.18885, Best Accuracy: 58.98760, Best Loss: 0.001403969 at epoch 4
Time Elasped: 00:01:54
========= Epoch 5 =========
242/485: Matthews 0.16931, Accuracy: 59.50413, Loss: 0.001403322
484/485: Matthews 0.19107, Accuracy: 58.88430, Loss: 0.001375793
 
Best Matthews: 0.19107, Best Accuracy: 58.88430, Best Loss: 0.001375793 at epoch 5
Time Elasped: 00:02:20
========= Epoch 6 =========
242/485: Matthews 0.19123, Accuracy: 60.22727, Loss: 0.001402526
484/485: Matthews 0.18163, Accuracy: 57.74793, Loss: 0.001379848
 
Best Matthews: 0.19123, Best Accuracy: 60.22727, Best Loss: 0.001402526 at epoch 6
Time Elasped: 00:02:47
========= Epoch 7 =========
242/485: Matthews 0.18351, Accuracy: 58.98760, Loss: 0.001344267
484/485: Matthews 0.19195, Accuracy: 58.67769, Loss: 0.001407579
 
Best Matthews: 0.19195, Best Accuracy: 58.67769, Best Loss: 0.001407579 at epoch 7
Time Elasped: 00:03:14
========= Epoch 8 =========
242/485: Matthews 0.18214, Accuracy: 58.88430, Loss: 0.001383554
484/485: Matthews 0.18529, Accuracy: 58.98760, Loss: 0.001363769
 
Best Matthews: 0.19195, Best Accuracy: 58.67769, Best Loss: 0.001407579 at epoch 7
Time Elasped: 00:03:40
========= Epoch 9 =========
242/485: Matthews 0.17898, Accuracy: 55.06198, Loss: 0.001390449
484/485: Matthews 0.19199, Accuracy: 58.26446, Loss: 0.001371726
 
Best Matthews: 0.19199, Best Accuracy: 58.26446, Best Loss: 0.001371726 at epoch 9
Time Elasped: 00:04:06
========= Epoch 10 =========
242/485: Matthews 0.18429, Accuracy: 58.36777, Loss: 0.001361708
484/485: Matthews 0.17712, Accuracy: 58.36777, Loss: 0.001285976
 
Best Matthews: 0.19199, Best Accuracy: 58.26446, Best Loss: 0.001371726 at epoch 9
Time Elasped: 00:04:32
========= Epoch 11 =========
242/485: Matthews 0.16479, Accuracy: 59.29752, Loss: 0.001297362
484/485: Matthews 0.18339, Accuracy: 58.16116, Loss: 0.001333295
 
Best Matthews: 0.19199, Best Accuracy: 58.26446, Best Loss: 0.001371726 at epoch 9
Time Elasped: 00:04:57
========= Epoch 12 =========
242/485: Matthews 0.18211, Accuracy: 57.64463, Loss: 0.001266957
484/485: Matthews 0.19231, Accuracy: 57.43802, Loss: 0.001318723
 
Best Matthews: 0.19231, Best Accuracy: 57.43802, Best Loss: 0.001318723 at epoch 12
Time Elasped: 00:05:24
========= Epoch 13 =========
242/485: Matthews 0.16625, Accuracy: 58.88430, Loss: 0.001334640
484/485: Matthews 0.18940, Accuracy: 56.92149, Loss: 0.001281252
 
Best Matthews: 0.19231, Best Accuracy: 57.43802, Best Loss: 0.001318723 at epoch 12
Time Elasped: 00:05:49
========= Epoch 14 =========
242/485: Matthews 0.18721, Accuracy: 59.40083, Loss: 0.001284855
484/485: Matthews 0.18769, Accuracy: 56.19835, Loss: 0.001284391
 
Best Matthews: 0.19231, Best Accuracy: 57.43802, Best Loss: 0.001318723 at epoch 12
Time Elasped: 00:06:15
========= Epoch 15 =========
242/485: Matthews 0.18930, Accuracy: 58.05785, Loss: 0.001329611
484/485: Matthews 0.19816, Accuracy: 57.74793, Loss: 0.001271048
 
Best Matthews: 0.19816, Best Accuracy: 57.74793, Best Loss: 0.001271048 at epoch 15
Time Elasped: 00:06:42
========= Epoch 16 =========
242/485: Matthews 0.20297, Accuracy: 58.26446, Loss: 0.001247985
484/485: Matthews 0.20380, Accuracy: 58.47107, Loss: 0.001272186
 
Best Matthews: 0.20380, Best Accuracy: 58.47107, Best Loss: 0.001272186 at epoch 16
Time Elasped: 00:07:10
========= Epoch 17 =========
242/485: Matthews 0.20380, Accuracy: 58.47107, Loss: 0.001241621
484/485: Matthews 0.18594, Accuracy: 57.23140, Loss: 0.001318659
 
Best Matthews: 0.20380, Best Accuracy: 58.47107, Best Loss: 0.001272186 at epoch 16
Time Elasped: 00:07:35
========= Epoch 18 =========
242/485: Matthews 0.18836, Accuracy: 58.26446, Loss: 0.001295668
484/485: Matthews 0.19949, Accuracy: 57.85124, Loss: 0.001211589
 
Best Matthews: 0.20380, Best Accuracy: 58.47107, Best Loss: 0.001272186 at epoch 16
Time Elasped: 00:08:01
========= Epoch 19 =========
242/485: Matthews 0.19630, Accuracy: 57.74793, Loss: 0.001220741
484/485: Matthews 0.19579, Accuracy: 57.85124, Loss: 0.001291822
 
Best Matthews: 0.20380, Best Accuracy: 58.47107, Best Loss: 0.001272186 at epoch 16
Time Elasped: 00:08:26
========= Epoch 20 =========
242/485: Matthews 0.17981, Accuracy: 57.74793, Loss: 0.001284550
484/485: Matthews 0.18163, Accuracy: 57.74793, Loss: 0.001257036
 
Best Matthews: 0.20380, Best Accuracy: 58.47107, Best Loss: 0.001272186 at epoch 16
Time Elasped: 00:08:52
========= Epoch 21 =========
242/485: Matthews 0.18309, Accuracy: 57.43802, Loss: 0.001283718
484/485: Matthews 0.17665, Accuracy: 57.64463, Loss: 0.001224536
 
Best Matthews: 0.20380, Best Accuracy: 58.47107, Best Loss: 0.001272186 at epoch 16
Time Elasped: 00:09:17
========= Epoch 22 =========
242/485: Matthews 0.17125, Accuracy: 58.05785, Loss: 0.001318131
484/485: Matthews 0.17095, Accuracy: 58.57438, Loss: 0.001145004
 
Best Matthews: 0.20380, Best Accuracy: 58.47107, Best Loss: 0.001272186 at epoch 16
Time Elasped: 00:09:42
========= Epoch 23 =========
242/485: Matthews 0.17799, Accuracy: 58.16116, Loss: 0.001219634
484/485: Matthews 0.17991, Accuracy: 57.33471, Loss: 0.001196468
 
Best Matthews: 0.20380, Best Accuracy: 58.47107, Best Loss: 0.001272186 at epoch 16
Time Elasped: 00:10:08
========= Epoch 24 =========
242/485: Matthews 0.17843, Accuracy: 58.05785, Loss: 0.001270244
484/485: Matthews 0.15726, Accuracy: 54.85537, Loss: 0.001240701
 
Best Matthews: 0.20380, Best Accuracy: 58.47107, Best Loss: 0.001272186 at epoch 16
Time Elasped: 00:10:33
========= Epoch 25 =========
242/485: Matthews 0.16074, Accuracy: 58.47107, Loss: 0.001242472
484/485: Matthews 0.17189, Accuracy: 56.71488, Loss: 0.001224517
 
Best Matthews: 0.20380, Best Accuracy: 58.47107, Best Loss: 0.001272186 at epoch 16
Time Elasped: 00:10:58
========= Epoch 26 =========
242/485: Matthews 0.16062, Accuracy: 58.98760, Loss: 0.001242798
484/485: Matthews 0.15485, Accuracy: 58.16116, Loss: 0.001186331
 
Best Matthews: 0.20380, Best Accuracy: 58.47107, Best Loss: 0.001272186 at epoch 16
Time Elasped: 00:11:24
========= Epoch 27 =========
242/485: Matthews 0.17240, Accuracy: 56.61157, Loss: 0.001197556
484/485: Matthews 0.18328, Accuracy: 57.02479, Loss: 0.001159029
 
Best Matthews: 0.20380, Best Accuracy: 58.47107, Best Loss: 0.001272186 at epoch 16
Time Elasped: 00:11:49
========= Epoch 28 =========
242/485: Matthews 0.17452, Accuracy: 55.16529, Loss: 0.001104788
484/485: Matthews 0.16871, Accuracy: 56.61157, Loss: 0.001226768
 
Best Matthews: 0.20380, Best Accuracy: 58.47107, Best Loss: 0.001272186 at epoch 16
Time Elasped: 00:12:15
========= Epoch 29 =========
242/485: Matthews 0.16706, Accuracy: 56.19835, Loss: 0.001144676
484/485: Matthews 0.16403, Accuracy: 57.64463, Loss: 0.001159300
 
Best Matthews: 0.20380, Best Accuracy: 58.47107, Best Loss: 0.001272186 at epoch 16
Time Elasped: 00:12:40
========= Epoch 30 =========
242/485: Matthews 0.16224, Accuracy: 57.64463, Loss: 0.001157117
484/485: Matthews 0.17373, Accuracy: 56.71488, Loss: 0.001140091
 
Best Matthews: 0.20380, Best Accuracy: 58.47107, Best Loss: 0.001272186 at epoch 16
Time Elasped: 00:13:05
========= Epoch 31 =========
242/485: Matthews 0.17406, Accuracy: 57.02479, Loss: 0.001159413
484/485: Matthews 0.16045, Accuracy: 57.64463, Loss: 0.001110555
 
Best Matthews: 0.20380, Best Accuracy: 58.47107, Best Loss: 0.001272186 at epoch 16
Time Elasped: 00:13:31
========= Epoch 32 =========
242/485: Matthews 0.16356, Accuracy: 57.33471, Loss: 0.001106410
484/485: Matthews 0.15860, Accuracy: 58.57438, Loss: 0.001113276
 
Best Matthews: 0.20380, Best Accuracy: 58.47107, Best Loss: 0.001272186 at epoch 16
Time Elasped: 00:13:56
========= Epoch 33 =========
242/485: Matthews 0.16411, Accuracy: 58.05785, Loss: 0.001146008
484/485: Matthews 0.16496, Accuracy: 57.85124, Loss: 0.001097499
 
Best Matthews: 0.20380, Best Accuracy: 58.47107, Best Loss: 0.001272186 at epoch 16
Time Elasped: 00:14:22
========= Epoch 34 =========
242/485: Matthews 0.17712, Accuracy: 57.54132, Loss: 0.001219282
484/485: Matthews 0.16370, Accuracy: 58.16116, Loss: 0.001081685
 
Best Matthews: 0.20380, Best Accuracy: 58.47107, Best Loss: 0.001272186 at epoch 16
Time Elasped: 00:14:47
========= Epoch 35 =========
242/485: Matthews 0.17125, Accuracy: 58.05785, Loss: 0.001085982
484/485: Matthews 0.16718, Accuracy: 57.74793, Loss: 0.001150926
 
Best Matthews: 0.20380, Best Accuracy: 58.47107, Best Loss: 0.001272186 at epoch 16
Time Elasped: 00:15:12
========= Epoch 36 =========
242/485: Matthews 0.18309, Accuracy: 57.43802, Loss: 0.001145990
484/485: Matthews 0.17484, Accuracy: 57.64463, Loss: 0.001055294
 
Best Matthews: 0.20380, Best Accuracy: 58.47107, Best Loss: 0.001272186 at epoch 16
Time Elasped: 00:15:38
========= Epoch 37 =========
Early Stopping activated
 
Best Matthews: 0.20380, Best Accuracy: 58.47107, Best Loss: 0.001272186 at epoch 16
Time Elasped: 00:15:52
Test Set:
0/0: Matthews 0.21736, Accuracy: 61.00333, Loss: 0.001421619
