Namespace(batch_size=32, buffer_size=1, by_source=False, crop_pad_length=30, data='./acceptability_corpus/verb_classes_cola/combined', data_type='discriminator', dropout=0.5, embedding='glove.6B.300d', embedding_path='/scratch/asw462/models/elmo_encoder/elmo.emb', embedding_size=217, encoder_num_layers=2, encoder_path='/scratch/asw462/models/elmo_encoder/elmo.pth', encoding_size=528, encoding_type='lstm_pooling_classifier', epochs=1000, evaluate_train=False, experiment_name='experiment_linear_classifier_h_27_l_3_lr_0.0001_e_217_do_0.5', glove=False, gpu=True, hidden_size=27, imbalance=True, learning_rate=0.0001, lm_path=None, logs_dir='/scratch/asw462/logs/verb_classes_cola/combined', max_pool=False, model='linear_classifier', num_layers=3, output_dir='/scratch/asw462/logs/verb_classes_cola/outputs/combined', patience=20, preprocess_tokenizer='space', prints_per_stage=1, resume=True, resume_file=None, save_loc='/scratch/asw462/models/verb_classes_cola/combined', seed=1111, should_not_log=False, should_not_lowercase=False, should_not_preprocess_data=False, stages_per_epoch=2, train_embeddings=False, train_evaluate_interval=10, vocab_file='/scratch/asw462/data/vocab_100k.tsv')
======== General =======
Model: linear_classifier
GPU: True
Experiment Name: experiment_linear_classifier_h_27_l_3_lr_0.0001_e_217_do_0.5
Save location: /scratch/asw462/models/verb_classes_cola/combined
Logs dir: /scratch/asw462/logs/verb_classes_cola/combined
Timestamp: 2018/08/02 04:25:07
 
======== Data =======
Training set: 15495 examples
Validation set: 968 examples
Test set: 3608 examples
 
======= Parameters =======
Learning Rate: 0.000100
Batch Size: 32
Epochs: 1000
Patience: 20
Stages per Epoch: 2
Embedding: 100004 x 217
Number of layers: 3
Hidden Size: 27
Encoder Size: 528
Resume: True
 
======= Model =======
LinearClassifierWithEncoder(
  (model): LinearClassifier(
    (dropout): Dropout(p=0.5)
    (enc2h): Linear(in_features=1056, out_features=27, bias=True)
    (h20): Linear(in_features=27, out_features=1, bias=True)
    (sigmoid): Sigmoid()
    (tanh): Tanh()
    (softmax): Softmax()
  )
  (encoder): LSTMPoolingClassifierWithELMo(
    (elmo): ELMOClassifier(
      (lm): LSTMLanguageModel(
        (dropout): Dropout(p=0.2)
        (embedding): Embedding(100003, 217)
        (lstm): LSTM(217, 891, num_layers=2, dropout=0.2)
        (fc): Linear(in_features=891, out_features=100003, bias=True)
      )
      (lstms): ModuleList(
        (0): LSTM(217, 891, batch_first=True)
        (1): LSTM(891, 891, batch_first=True)
      )
      (dropout): Dropout(p=0.2)
      (linear_comb): Linear(in_features=2, out_features=1, bias=True)
      (fc1): Linear(in_features=891, out_features=528, bias=True)
      (relu): ReLU()
      (out): Linear(in_features=528, out_features=1, bias=True)
      (sigmoid): Sigmoid()
    )
    (pooling_classifier): LSTMPoolingClassifier(
      (ih2h): LSTM(891, 528, num_layers=3, batch_first=True, dropout=0.2, bidirectional=True)
      (pool2o): Linear(in_features=1056, out_features=1, bias=True)
      (sigmoid): Sigmoid()
      (softmax): Softmax()
      (dropout): Dropout(p=0.2)
    )
  )
)
 
========= Epoch 1 =========
242/485: Matthews 0.12214, Accuracy: 60.33058, Loss: 0.001447929
484/485: Matthews 0.14364, Accuracy: 59.40083, Loss: 0.001367756
 
Best Matthews: 0.14364, Best Accuracy: 59.40083, Best Loss: 0.001367756 at epoch 1
Time Elasped: 00:00:34
========= Epoch 2 =========
242/485: Matthews 0.16278, Accuracy: 59.91736, Loss: 0.001349901
484/485: Matthews 0.16897, Accuracy: 57.74793, Loss: 0.001406947
 
Best Matthews: 0.16897, Best Accuracy: 57.74793, Best Loss: 0.001406947 at epoch 2
Time Elasped: 00:01:03
========= Epoch 3 =========
242/485: Matthews 0.17957, Accuracy: 59.09091, Loss: 0.001334235
484/485: Matthews 0.17669, Accuracy: 58.47107, Loss: 0.001268344
 
Best Matthews: 0.17957, Best Accuracy: 59.09091, Best Loss: 0.001334235 at epoch 3
Time Elasped: 00:01:31
========= Epoch 4 =========
242/485: Matthews 0.17290, Accuracy: 58.98760, Loss: 0.001303554
484/485: Matthews 0.17768, Accuracy: 59.60744, Loss: 0.001261624
 
Best Matthews: 0.17957, Best Accuracy: 59.09091, Best Loss: 0.001334235 at epoch 3
Time Elasped: 00:01:57
========= Epoch 5 =========
242/485: Matthews 0.19286, Accuracy: 58.88430, Loss: 0.001183235
484/485: Matthews 0.17578, Accuracy: 57.43802, Loss: 0.001328240
 
Best Matthews: 0.19286, Best Accuracy: 58.88430, Best Loss: 0.001183235 at epoch 5
Time Elasped: 00:02:24
========= Epoch 6 =========
242/485: Matthews 0.18807, Accuracy: 56.81818, Loss: 0.001200927
484/485: Matthews 0.17716, Accuracy: 55.37190, Loss: 0.001247536
 
Best Matthews: 0.19286, Best Accuracy: 58.88430, Best Loss: 0.001183235 at epoch 5
Time Elasped: 00:02:50
========= Epoch 7 =========
242/485: Matthews 0.16663, Accuracy: 58.78099, Loss: 0.001122469
484/485: Matthews 0.17440, Accuracy: 58.16116, Loss: 0.001106117
 
Best Matthews: 0.19286, Best Accuracy: 58.88430, Best Loss: 0.001183235 at epoch 5
Time Elasped: 00:03:16
========= Epoch 8 =========
242/485: Matthews 0.17396, Accuracy: 56.30165, Loss: 0.001325200
484/485: Matthews 0.19051, Accuracy: 56.71488, Loss: 0.001139887
 
Best Matthews: 0.19286, Best Accuracy: 58.88430, Best Loss: 0.001183235 at epoch 5
Time Elasped: 00:03:42
========= Epoch 9 =========
242/485: Matthews 0.18580, Accuracy: 56.19835, Loss: 0.001182526
484/485: Matthews 0.17261, Accuracy: 58.16116, Loss: 0.001039309
 
Best Matthews: 0.19286, Best Accuracy: 58.88430, Best Loss: 0.001183235 at epoch 5
Time Elasped: 00:04:07
========= Epoch 10 =========
242/485: Matthews 0.14544, Accuracy: 51.96281, Loss: 0.001192927
484/485: Matthews 0.15543, Accuracy: 59.50413, Loss: 0.001064196
 
Best Matthews: 0.19286, Best Accuracy: 58.88430, Best Loss: 0.001183235 at epoch 5
Time Elasped: 00:04:33
========= Epoch 11 =========
242/485: Matthews 0.16453, Accuracy: 57.95455, Loss: 0.001050303
484/485: Matthews 0.17129, Accuracy: 55.06198, Loss: 0.001213037
 
Best Matthews: 0.19286, Best Accuracy: 58.88430, Best Loss: 0.001183235 at epoch 5
Time Elasped: 00:04:59
========= Epoch 12 =========
242/485: Matthews 0.18638, Accuracy: 56.09504, Loss: 0.001077941
484/485: Matthews 0.17373, Accuracy: 56.71488, Loss: 0.001115562
 
Best Matthews: 0.19286, Best Accuracy: 58.88430, Best Loss: 0.001183235 at epoch 5
Time Elasped: 00:05:25
========= Epoch 13 =========
242/485: Matthews 0.18654, Accuracy: 56.40496, Loss: 0.001149739
484/485: Matthews 0.16521, Accuracy: 56.19835, Loss: 0.001097073
 
Best Matthews: 0.19286, Best Accuracy: 58.88430, Best Loss: 0.001183235 at epoch 5
Time Elasped: 00:05:50
========= Epoch 14 =========
242/485: Matthews 0.16898, Accuracy: 55.47521, Loss: 0.001170139
484/485: Matthews 0.16411, Accuracy: 58.05785, Loss: 0.000999023
 
Best Matthews: 0.19286, Best Accuracy: 58.88430, Best Loss: 0.001183235 at epoch 5
Time Elasped: 00:06:16
========= Epoch 15 =========
242/485: Matthews 0.15333, Accuracy: 58.57438, Loss: 0.001092143
484/485: Matthews 0.17317, Accuracy: 56.09504, Loss: 0.001096581
 
Best Matthews: 0.19286, Best Accuracy: 58.88430, Best Loss: 0.001183235 at epoch 5
Time Elasped: 00:06:42
========= Epoch 16 =========
242/485: Matthews 0.17770, Accuracy: 56.30165, Loss: 0.001100448
484/485: Matthews 0.15270, Accuracy: 58.26446, Loss: 0.001091005
 
Best Matthews: 0.19286, Best Accuracy: 58.88430, Best Loss: 0.001183235 at epoch 5
Time Elasped: 00:07:08
========= Epoch 17 =========
242/485: Matthews 0.17981, Accuracy: 56.61157, Loss: 0.001004361
484/485: Matthews 0.15960, Accuracy: 58.78099, Loss: 0.001050631
 
Best Matthews: 0.19286, Best Accuracy: 58.88430, Best Loss: 0.001183235 at epoch 5
Time Elasped: 00:07:34
========= Epoch 18 =========
242/485: Matthews 0.14834, Accuracy: 55.88843, Loss: 0.001054535
484/485: Matthews 0.16176, Accuracy: 57.33471, Loss: 0.000944466
 
Best Matthews: 0.19286, Best Accuracy: 58.88430, Best Loss: 0.001183235 at epoch 5
Time Elasped: 00:07:59
========= Epoch 19 =========
242/485: Matthews 0.15678, Accuracy: 59.09091, Loss: 0.000950766
484/485: Matthews 0.15419, Accuracy: 56.19835, Loss: 0.001080898
 
Best Matthews: 0.19286, Best Accuracy: 58.88430, Best Loss: 0.001183235 at epoch 5
Time Elasped: 00:08:25
========= Epoch 20 =========
242/485: Matthews 0.15405, Accuracy: 54.75207, Loss: 0.001117961
484/485: Matthews 0.17500, Accuracy: 54.44215, Loss: 0.000975924
 
Best Matthews: 0.19286, Best Accuracy: 58.88430, Best Loss: 0.001183235 at epoch 5
Time Elasped: 00:08:51
========= Epoch 21 =========
242/485: Matthews 0.15101, Accuracy: 57.33471, Loss: 0.001043038
484/485: Matthews 0.16056, Accuracy: 58.05785, Loss: 0.000971504
 
Best Matthews: 0.19286, Best Accuracy: 58.88430, Best Loss: 0.001183235 at epoch 5
Time Elasped: 00:09:17
========= Epoch 22 =========
242/485: Matthews 0.16674, Accuracy: 57.85124, Loss: 0.001084387
484/485: Matthews 0.16632, Accuracy: 57.95455, Loss: 0.000916754
 
Best Matthews: 0.19286, Best Accuracy: 58.88430, Best Loss: 0.001183235 at epoch 5
Time Elasped: 00:09:42
========= Epoch 23 =========
242/485: Matthews 0.16139, Accuracy: 57.85124, Loss: 0.000934417
484/485: Matthews 0.16234, Accuracy: 58.05785, Loss: 0.000941089
 
Best Matthews: 0.19286, Best Accuracy: 58.88430, Best Loss: 0.001183235 at epoch 5
Time Elasped: 00:10:08
========= Epoch 24 =========
242/485: Matthews 0.16187, Accuracy: 56.50826, Loss: 0.000923903
484/485: Matthews 0.16904, Accuracy: 58.16116, Loss: 0.000987514
 
Best Matthews: 0.19286, Best Accuracy: 58.88430, Best Loss: 0.001183235 at epoch 5
Time Elasped: 00:10:34
========= Epoch 25 =========
242/485: Matthews 0.15774, Accuracy: 55.47521, Loss: 0.000912329
484/485: Matthews 0.16768, Accuracy: 58.05785, Loss: 0.000946784
 
Best Matthews: 0.19286, Best Accuracy: 58.88430, Best Loss: 0.001183235 at epoch 5
Time Elasped: 00:11:00
========= Epoch 26 =========
Early Stopping activated
 
Best Matthews: 0.19286, Best Accuracy: 58.88430, Best Loss: 0.001183235 at epoch 5
Time Elasped: 00:11:15
Test Set:
0/0: Matthews 0.23842, Accuracy: 62.30599, Loss: 0.001360462
