Namespace(batch_size=32, buffer_size=1, by_source=False, crop_pad_length=30, data='./acceptability_corpus/verb_classes_cola/combined', data_type='discriminator', dropout=0.2, embedding='glove.6B.300d', embedding_path='/scratch/asw462/models/elmo_encoder/elmo.emb', embedding_size=217, encoder_num_layers=2, encoder_path='/scratch/asw462/models/elmo_encoder/elmo.pth', encoding_size=528, encoding_type='lstm_pooling_classifier', epochs=1000, evaluate_train=False, experiment_name='experiment_linear_classifier_h_60_l_2_lr_0.0001_e_217_do_0.2', glove=False, gpu=True, hidden_size=60, imbalance=True, learning_rate=5e-05, lm_path=None, logs_dir='/scratch/asw462/logs/verb_classes_cola/combined', max_pool=False, model='linear_classifier', num_layers=2, output_dir='/scratch/asw462/logs/verb_classes_cola/outputs/combined', patience=20, preprocess_tokenizer='space', prints_per_stage=1, resume=True, resume_file=None, save_loc='/scratch/asw462/models/verb_classes_cola/combined', seed=1111, should_not_log=False, should_not_lowercase=False, should_not_preprocess_data=False, stages_per_epoch=2, train_embeddings=False, train_evaluate_interval=10, vocab_file='/scratch/asw462/data/vocab_100k.tsv')
======== General =======
Model: linear_classifier
GPU: True
Experiment Name: experiment_linear_classifier_h_60_l_2_lr_0.0001_e_217_do_0.2
Save location: /scratch/asw462/models/verb_classes_cola/combined
Logs dir: /scratch/asw462/logs/verb_classes_cola/combined
Timestamp: 2018/08/02 04:19:44
 
======== Data =======
Training set: 15495 examples
Validation set: 968 examples
Test set: 3608 examples
 
======= Parameters =======
Learning Rate: 0.000050
Batch Size: 32
Epochs: 1000
Patience: 20
Stages per Epoch: 2
Embedding: 100004 x 217
Number of layers: 2
Hidden Size: 60
Encoder Size: 528
Resume: True
 
======= Model =======
LinearClassifierWithEncoder(
  (model): LinearClassifier(
    (dropout): Dropout(p=0.2)
    (enc2h): Linear(in_features=1056, out_features=60, bias=True)
    (h20): Linear(in_features=60, out_features=1, bias=True)
    (sigmoid): Sigmoid()
    (tanh): Tanh()
    (softmax): Softmax()
  )
  (encoder): LSTMPoolingClassifierWithELMo(
    (elmo): ELMOClassifier(
      (lm): LSTMLanguageModel(
        (dropout): Dropout(p=0.2)
        (embedding): Embedding(100003, 217)
        (lstm): LSTM(217, 891, num_layers=2, dropout=0.2)
        (fc): Linear(in_features=891, out_features=100003, bias=True)
      )
      (lstms): ModuleList(
        (0): LSTM(217, 891, batch_first=True)
        (1): LSTM(891, 891, batch_first=True)
      )
      (dropout): Dropout(p=0.2)
      (linear_comb): Linear(in_features=2, out_features=1, bias=True)
      (fc1): Linear(in_features=891, out_features=528, bias=True)
      (relu): ReLU()
      (out): Linear(in_features=528, out_features=1, bias=True)
      (sigmoid): Sigmoid()
    )
    (pooling_classifier): LSTMPoolingClassifier(
      (ih2h): LSTM(891, 528, num_layers=3, batch_first=True, dropout=0.2, bidirectional=True)
      (pool2o): Linear(in_features=1056, out_features=1, bias=True)
      (sigmoid): Sigmoid()
      (softmax): Softmax()
      (dropout): Dropout(p=0.2)
    )
  )
)
 
========= Epoch 1 =========
242/485: Matthews 0.17315, Accuracy: 59.91736, Loss: 0.001530118
484/485: Matthews 0.16215, Accuracy: 60.74380, Loss: 0.001393174
 
Best Matthews: 0.17315, Best Accuracy: 59.91736, Best Loss: 0.001530118 at epoch 1
Time Elasped: 00:00:36
========= Epoch 2 =========
242/485: Matthews 0.17859, Accuracy: 58.88430, Loss: 0.001436427
484/485: Matthews 0.17097, Accuracy: 60.64050, Loss: 0.001443697
 
Best Matthews: 0.17859, Best Accuracy: 58.88430, Best Loss: 0.001436427 at epoch 2
Time Elasped: 00:01:03
========= Epoch 3 =========
242/485: Matthews 0.18606, Accuracy: 59.71074, Loss: 0.001369934
484/485: Matthews 0.19035, Accuracy: 59.50413, Loss: 0.001363949
 
Best Matthews: 0.19035, Best Accuracy: 59.50413, Best Loss: 0.001363949 at epoch 3
Time Elasped: 00:01:32
========= Epoch 4 =========
242/485: Matthews 0.19240, Accuracy: 58.57438, Loss: 0.001462790
484/485: Matthews 0.19737, Accuracy: 58.67769, Loss: 0.001380271
 
Best Matthews: 0.19737, Best Accuracy: 58.67769, Best Loss: 0.001380271 at epoch 4
Time Elasped: 00:02:01
========= Epoch 5 =========
242/485: Matthews 0.17002, Accuracy: 59.81405, Loss: 0.001385460
484/485: Matthews 0.19636, Accuracy: 57.02479, Loss: 0.001437659
 
Best Matthews: 0.19737, Best Accuracy: 58.67769, Best Loss: 0.001380271 at epoch 4
Time Elasped: 00:02:27
========= Epoch 6 =========
242/485: Matthews 0.20007, Accuracy: 58.88430, Loss: 0.001466245
484/485: Matthews 0.17491, Accuracy: 59.40083, Loss: 0.001384131
 
Best Matthews: 0.20007, Best Accuracy: 58.88430, Best Loss: 0.001466245 at epoch 6
Time Elasped: 00:02:56
========= Epoch 7 =========
242/485: Matthews 0.17696, Accuracy: 54.44215, Loss: 0.001309398
484/485: Matthews 0.19922, Accuracy: 57.54132, Loss: 0.001538527
 
Best Matthews: 0.20007, Best Accuracy: 58.88430, Best Loss: 0.001466245 at epoch 6
Time Elasped: 00:03:22
========= Epoch 8 =========
242/485: Matthews 0.19784, Accuracy: 58.57438, Loss: 0.001225364
484/485: Matthews 0.19018, Accuracy: 57.12810, Loss: 0.001407918
 
Best Matthews: 0.20007, Best Accuracy: 58.88430, Best Loss: 0.001466245 at epoch 6
Time Elasped: 00:03:48
========= Epoch 9 =========
242/485: Matthews 0.18686, Accuracy: 55.68182, Loss: 0.001320624
484/485: Matthews 0.16385, Accuracy: 53.40909, Loss: 0.001371112
 
Best Matthews: 0.20007, Best Accuracy: 58.88430, Best Loss: 0.001466245 at epoch 6
Time Elasped: 00:04:13
========= Epoch 10 =========
242/485: Matthews 0.18023, Accuracy: 58.05785, Loss: 0.001356117
484/485: Matthews 0.16136, Accuracy: 58.78099, Loss: 0.001216413
 
Best Matthews: 0.20007, Best Accuracy: 58.88430, Best Loss: 0.001466245 at epoch 6
Time Elasped: 00:04:39
========= Epoch 11 =========
242/485: Matthews 0.17042, Accuracy: 54.23554, Loss: 0.001318233
484/485: Matthews 0.18118, Accuracy: 59.60744, Loss: 0.001315274
 
Best Matthews: 0.20007, Best Accuracy: 58.88430, Best Loss: 0.001466245 at epoch 6
Time Elasped: 00:05:05
========= Epoch 12 =========
242/485: Matthews 0.18161, Accuracy: 55.26860, Loss: 0.001236596
484/485: Matthews 0.17033, Accuracy: 57.85124, Loss: 0.001247792
 
Best Matthews: 0.20007, Best Accuracy: 58.88430, Best Loss: 0.001466245 at epoch 6
Time Elasped: 00:05:31
========= Epoch 13 =========
242/485: Matthews 0.16146, Accuracy: 54.44215, Loss: 0.001309579
484/485: Matthews 0.17168, Accuracy: 57.54132, Loss: 0.001275825
 
Best Matthews: 0.20007, Best Accuracy: 58.88430, Best Loss: 0.001466245 at epoch 6
Time Elasped: 00:05:57
========= Epoch 14 =========
242/485: Matthews 0.16136, Accuracy: 58.78099, Loss: 0.001298937
484/485: Matthews 0.16376, Accuracy: 59.09091, Loss: 0.001177372
 
Best Matthews: 0.20007, Best Accuracy: 58.88430, Best Loss: 0.001466245 at epoch 6
Time Elasped: 00:06:23
========= Epoch 15 =========
242/485: Matthews 0.16855, Accuracy: 54.54545, Loss: 0.001320965
484/485: Matthews 0.16074, Accuracy: 58.47107, Loss: 0.001186360
 
Best Matthews: 0.20007, Best Accuracy: 58.88430, Best Loss: 0.001466245 at epoch 6
Time Elasped: 00:06:49
========= Epoch 16 =========
242/485: Matthews 0.15852, Accuracy: 59.09091, Loss: 0.001194092
484/485: Matthews 0.17876, Accuracy: 56.81818, Loss: 0.001127176
 
Best Matthews: 0.20007, Best Accuracy: 58.88430, Best Loss: 0.001466245 at epoch 6
Time Elasped: 00:07:15
========= Epoch 17 =========
242/485: Matthews 0.15783, Accuracy: 59.29752, Loss: 0.001189620
484/485: Matthews 0.15684, Accuracy: 58.57438, Loss: 0.001272275
 
Best Matthews: 0.20007, Best Accuracy: 58.88430, Best Loss: 0.001466245 at epoch 6
Time Elasped: 00:07:41
========= Epoch 18 =========
242/485: Matthews 0.16132, Accuracy: 57.02479, Loss: 0.001165417
484/485: Matthews 0.16091, Accuracy: 56.71488, Loss: 0.001096103
 
Best Matthews: 0.20007, Best Accuracy: 58.88430, Best Loss: 0.001466245 at epoch 6
Time Elasped: 00:08:07
========= Epoch 19 =========
242/485: Matthews 0.15500, Accuracy: 56.81818, Loss: 0.001183137
484/485: Matthews 0.16973, Accuracy: 56.40496, Loss: 0.001098223
 
Best Matthews: 0.20007, Best Accuracy: 58.88430, Best Loss: 0.001466245 at epoch 6
Time Elasped: 00:08:33
========= Epoch 20 =========
242/485: Matthews 0.16187, Accuracy: 56.50826, Loss: 0.001175073
484/485: Matthews 0.16898, Accuracy: 55.47521, Loss: 0.001209786
 
Best Matthews: 0.20007, Best Accuracy: 58.88430, Best Loss: 0.001466245 at epoch 6
Time Elasped: 00:08:59
========= Epoch 21 =========
242/485: Matthews 0.16649, Accuracy: 53.92562, Loss: 0.001231230
484/485: Matthews 0.15525, Accuracy: 58.05785, Loss: 0.001125977
 
Best Matthews: 0.20007, Best Accuracy: 58.88430, Best Loss: 0.001466245 at epoch 6
Time Elasped: 00:09:25
========= Epoch 22 =========
242/485: Matthews 0.16236, Accuracy: 56.40496, Loss: 0.001161892
484/485: Matthews 0.16045, Accuracy: 57.64463, Loss: 0.001035039
 
Best Matthews: 0.20007, Best Accuracy: 58.88430, Best Loss: 0.001466245 at epoch 6
Time Elasped: 00:09:50
========= Epoch 23 =========
242/485: Matthews 0.16427, Accuracy: 58.47107, Loss: 0.001057508
484/485: Matthews 0.17619, Accuracy: 58.16116, Loss: 0.001064221
 
Best Matthews: 0.20007, Best Accuracy: 58.88430, Best Loss: 0.001466245 at epoch 6
Time Elasped: 00:10:16
========= Epoch 24 =========
242/485: Matthews 0.15565, Accuracy: 57.95455, Loss: 0.001125063
484/485: Matthews 0.16946, Accuracy: 58.05785, Loss: 0.001117169
 
Best Matthews: 0.20007, Best Accuracy: 58.88430, Best Loss: 0.001466245 at epoch 6
Time Elasped: 00:10:42
========= Epoch 25 =========
242/485: Matthews 0.16337, Accuracy: 56.19835, Loss: 0.001145050
484/485: Matthews 0.16455, Accuracy: 56.71488, Loss: 0.001129068
 
Best Matthews: 0.20007, Best Accuracy: 58.88430, Best Loss: 0.001466245 at epoch 6
Time Elasped: 00:11:08
========= Epoch 26 =========
242/485: Matthews 0.16043, Accuracy: 56.81818, Loss: 0.001092522
484/485: Matthews 0.17466, Accuracy: 55.47521, Loss: 0.001062821
 
Best Matthews: 0.20007, Best Accuracy: 58.88430, Best Loss: 0.001466245 at epoch 6
Time Elasped: 00:11:34
========= Epoch 27 =========
Early Stopping activated
 
Best Matthews: 0.20007, Best Accuracy: 58.88430, Best Loss: 0.001466245 at epoch 6
Time Elasped: 00:11:49
Test Set:
0/0: Matthews 0.22367, Accuracy: 61.77938, Loss: 0.001532367
