Namespace(batch_size=32, buffer_size=1, by_source=False, crop_pad_length=30, data='./acceptability_corpus/verb_classes_cola/combined', data_type='discriminator', dropout=0.2, embedding='glove.6B.300d', embedding_path='/scratch/asw462/models/elmo_encoder/elmo.emb', embedding_size=217, encoder_num_layers=2, encoder_path='/scratch/asw462/models/elmo_encoder/elmo.pth', encoding_size=528, encoding_type='lstm_pooling_classifier', epochs=1000, evaluate_train=False, experiment_name='experiment_linear_classifier_h_39_l_3_lr_0.0001_e_217_do_0.2', glove=False, gpu=True, hidden_size=39, imbalance=True, learning_rate=6e-05, lm_path=None, logs_dir='/scratch/asw462/logs/verb_classes_cola/combined', max_pool=False, model='linear_classifier', num_layers=3, output_dir='/scratch/asw462/logs/verb_classes_cola/outputs/combined', patience=20, preprocess_tokenizer='space', prints_per_stage=1, resume=True, resume_file=None, save_loc='/scratch/asw462/models/verb_classes_cola/combined', seed=1111, should_not_log=False, should_not_lowercase=False, should_not_preprocess_data=False, stages_per_epoch=2, train_embeddings=False, train_evaluate_interval=10, vocab_file='/scratch/asw462/data/vocab_100k.tsv')
======== General =======
Model: linear_classifier
GPU: True
Experiment Name: experiment_linear_classifier_h_39_l_3_lr_0.0001_e_217_do_0.2
Save location: /scratch/asw462/models/verb_classes_cola/combined
Logs dir: /scratch/asw462/logs/verb_classes_cola/combined
Timestamp: 2018/08/02 04:34:10
 
======== Data =======
Training set: 15495 examples
Validation set: 968 examples
Test set: 3608 examples
 
======= Parameters =======
Learning Rate: 0.000060
Batch Size: 32
Epochs: 1000
Patience: 20
Stages per Epoch: 2
Embedding: 100004 x 217
Number of layers: 3
Hidden Size: 39
Encoder Size: 528
Resume: True
 
======= Model =======
LinearClassifierWithEncoder(
  (model): LinearClassifier(
    (dropout): Dropout(p=0.2)
    (enc2h): Linear(in_features=1056, out_features=39, bias=True)
    (h20): Linear(in_features=39, out_features=1, bias=True)
    (sigmoid): Sigmoid()
    (tanh): Tanh()
    (softmax): Softmax()
  )
  (encoder): LSTMPoolingClassifierWithELMo(
    (elmo): ELMOClassifier(
      (lm): LSTMLanguageModel(
        (dropout): Dropout(p=0.2)
        (embedding): Embedding(100003, 217)
        (lstm): LSTM(217, 891, num_layers=2, dropout=0.2)
        (fc): Linear(in_features=891, out_features=100003, bias=True)
      )
      (lstms): ModuleList(
        (0): LSTM(217, 891, batch_first=True)
        (1): LSTM(891, 891, batch_first=True)
      )
      (dropout): Dropout(p=0.2)
      (linear_comb): Linear(in_features=2, out_features=1, bias=True)
      (fc1): Linear(in_features=891, out_features=528, bias=True)
      (relu): ReLU()
      (out): Linear(in_features=528, out_features=1, bias=True)
      (sigmoid): Sigmoid()
    )
    (pooling_classifier): LSTMPoolingClassifier(
      (ih2h): LSTM(891, 528, num_layers=3, batch_first=True, dropout=0.2, bidirectional=True)
      (pool2o): Linear(in_features=1056, out_features=1, bias=True)
      (sigmoid): Sigmoid()
      (softmax): Softmax()
      (dropout): Dropout(p=0.2)
    )
  )
)
 
========= Epoch 1 =========
242/485: Matthews 0.10471, Accuracy: 61.98347, Loss: 0.001600362
484/485: Matthews 0.14041, Accuracy: 59.91736, Loss: 0.001589899
 
Best Matthews: 0.14041, Best Accuracy: 59.91736, Best Loss: 0.001589899 at epoch 1
Time Elasped: 00:00:34
========= Epoch 2 =========
242/485: Matthews 0.15683, Accuracy: 59.60744, Loss: 0.001541231
484/485: Matthews 0.14912, Accuracy: 58.78099, Loss: 0.001551432
 
Best Matthews: 0.15683, Best Accuracy: 59.60744, Best Loss: 0.001541231 at epoch 2
Time Elasped: 00:01:00
========= Epoch 3 =========
242/485: Matthews 0.16074, Accuracy: 58.47107, Loss: 0.001542899
484/485: Matthews 0.17558, Accuracy: 56.71488, Loss: 0.001518705
 
Best Matthews: 0.17558, Best Accuracy: 56.71488, Best Loss: 0.001518705 at epoch 3
Time Elasped: 00:01:29
========= Epoch 4 =========
242/485: Matthews 0.16958, Accuracy: 58.47107, Loss: 0.001709073
484/485: Matthews 0.17800, Accuracy: 57.74793, Loss: 0.001407618
 
Best Matthews: 0.17800, Best Accuracy: 57.74793, Best Loss: 0.001407618 at epoch 4
Time Elasped: 00:01:55
========= Epoch 5 =========
242/485: Matthews 0.17712, Accuracy: 57.54132, Loss: 0.001540944
484/485: Matthews 0.17991, Accuracy: 57.33471, Loss: 0.001438652
 
Best Matthews: 0.17991, Best Accuracy: 57.33471, Best Loss: 0.001438652 at epoch 5
Time Elasped: 00:02:22
========= Epoch 6 =========
242/485: Matthews 0.17280, Accuracy: 59.50413, Loss: 0.001431125
484/485: Matthews 0.18748, Accuracy: 58.05785, Loss: 0.001442257
 
Best Matthews: 0.18748, Best Accuracy: 58.05785, Best Loss: 0.001442257 at epoch 6
Time Elasped: 00:02:49
========= Epoch 7 =========
242/485: Matthews 0.17994, Accuracy: 55.88843, Loss: 0.001473769
484/485: Matthews 0.18529, Accuracy: 58.98760, Loss: 0.001424450
 
Best Matthews: 0.18748, Best Accuracy: 58.05785, Best Loss: 0.001442257 at epoch 6
Time Elasped: 00:03:14
========= Epoch 8 =========
242/485: Matthews 0.17629, Accuracy: 59.50413, Loss: 0.001366084
484/485: Matthews 0.14635, Accuracy: 59.09091, Loss: 0.001358858
 
Best Matthews: 0.18748, Best Accuracy: 58.05785, Best Loss: 0.001442257 at epoch 6
Time Elasped: 00:03:39
========= Epoch 9 =========
242/485: Matthews 0.17876, Accuracy: 56.81818, Loss: 0.001389769
484/485: Matthews 0.18844, Accuracy: 57.85124, Loss: 0.001390299
 
Best Matthews: 0.18844, Best Accuracy: 57.85124, Best Loss: 0.001390299 at epoch 9
Time Elasped: 00:04:06
========= Epoch 10 =========
242/485: Matthews 0.14956, Accuracy: 58.16116, Loss: 0.001550511
484/485: Matthews 0.16057, Accuracy: 53.30579, Loss: 0.001411011
 
Best Matthews: 0.18844, Best Accuracy: 57.85124, Best Loss: 0.001390299 at epoch 9
Time Elasped: 00:04:31
========= Epoch 11 =========
242/485: Matthews 0.17210, Accuracy: 56.30165, Loss: 0.001400647
484/485: Matthews 0.15101, Accuracy: 57.33471, Loss: 0.001489311
 
Best Matthews: 0.18844, Best Accuracy: 57.85124, Best Loss: 0.001390299 at epoch 9
Time Elasped: 00:04:56
========= Epoch 12 =========
242/485: Matthews 0.16842, Accuracy: 55.57851, Loss: 0.001265112
484/485: Matthews 0.14743, Accuracy: 58.26446, Loss: 0.001254111
 
Best Matthews: 0.18844, Best Accuracy: 57.85124, Best Loss: 0.001390299 at epoch 9
Time Elasped: 00:05:21
========= Epoch 13 =========
242/485: Matthews 0.16862, Accuracy: 58.26446, Loss: 0.001277785
484/485: Matthews 0.16548, Accuracy: 58.16116, Loss: 0.001263460
 
Best Matthews: 0.18844, Best Accuracy: 57.85124, Best Loss: 0.001390299 at epoch 9
Time Elasped: 00:05:46
========= Epoch 14 =========
242/485: Matthews 0.16676, Accuracy: 57.02479, Loss: 0.001244662
484/485: Matthews 0.13940, Accuracy: 58.05785, Loss: 0.001373739
 
Best Matthews: 0.18844, Best Accuracy: 57.85124, Best Loss: 0.001390299 at epoch 9
Time Elasped: 00:06:11
========= Epoch 15 =========
242/485: Matthews 0.16821, Accuracy: 56.71488, Loss: 0.001293039
484/485: Matthews 0.16554, Accuracy: 56.50826, Loss: 0.001222710
 
Best Matthews: 0.18844, Best Accuracy: 57.85124, Best Loss: 0.001390299 at epoch 9
Time Elasped: 00:06:36
========= Epoch 16 =========
242/485: Matthews 0.14956, Accuracy: 58.16116, Loss: 0.001190614
484/485: Matthews 0.16132, Accuracy: 57.43802, Loss: 0.001107399
 
Best Matthews: 0.18844, Best Accuracy: 57.85124, Best Loss: 0.001390299 at epoch 9
Time Elasped: 00:07:01
========= Epoch 17 =========
242/485: Matthews 0.16041, Accuracy: 57.23140, Loss: 0.001207102
484/485: Matthews 0.15650, Accuracy: 54.64876, Loss: 0.001262652
 
Best Matthews: 0.18844, Best Accuracy: 57.85124, Best Loss: 0.001390299 at epoch 9
Time Elasped: 00:07:27
========= Epoch 18 =========
242/485: Matthews 0.16219, Accuracy: 54.64876, Loss: 0.001202433
484/485: Matthews 0.15320, Accuracy: 56.81818, Loss: 0.001194947
 
Best Matthews: 0.18844, Best Accuracy: 57.85124, Best Loss: 0.001390299 at epoch 9
Time Elasped: 00:07:52
========= Epoch 19 =========
242/485: Matthews 0.17920, Accuracy: 55.68182, Loss: 0.001184831
484/485: Matthews 0.15510, Accuracy: 57.64463, Loss: 0.001089434
 
Best Matthews: 0.18844, Best Accuracy: 57.85124, Best Loss: 0.001390299 at epoch 9
Time Elasped: 00:08:17
========= Epoch 20 =========
242/485: Matthews 0.14983, Accuracy: 58.57438, Loss: 0.001078139
484/485: Matthews 0.15951, Accuracy: 57.02479, Loss: 0.001175988
 
Best Matthews: 0.18844, Best Accuracy: 57.85124, Best Loss: 0.001390299 at epoch 9
Time Elasped: 00:08:42
========= Epoch 21 =========
242/485: Matthews 0.15275, Accuracy: 56.92149, Loss: 0.001047007
484/485: Matthews 0.16161, Accuracy: 54.75207, Loss: 0.001337534
 
Best Matthews: 0.18844, Best Accuracy: 57.85124, Best Loss: 0.001390299 at epoch 9
Time Elasped: 00:09:07
========= Epoch 22 =========
242/485: Matthews 0.15817, Accuracy: 57.33471, Loss: 0.001247236
484/485: Matthews 0.15839, Accuracy: 58.16116, Loss: 0.001165255
 
Best Matthews: 0.18844, Best Accuracy: 57.85124, Best Loss: 0.001390299 at epoch 9
Time Elasped: 00:09:32
========= Epoch 23 =========
242/485: Matthews 0.16554, Accuracy: 56.50826, Loss: 0.001121692
484/485: Matthews 0.15816, Accuracy: 56.92149, Loss: 0.001089501
 
Best Matthews: 0.18844, Best Accuracy: 57.85124, Best Loss: 0.001390299 at epoch 9
Time Elasped: 00:09:58
========= Epoch 24 =========
242/485: Matthews 0.16448, Accuracy: 57.12810, Loss: 0.001121084
484/485: Matthews 0.16267, Accuracy: 57.12810, Loss: 0.001089408
 
Best Matthews: 0.18844, Best Accuracy: 57.85124, Best Loss: 0.001390299 at epoch 9
Time Elasped: 00:10:23
========= Epoch 25 =========
242/485: Matthews 0.14869, Accuracy: 56.61157, Loss: 0.001156337
484/485: Matthews 0.14605, Accuracy: 58.16116, Loss: 0.001032486
 
Best Matthews: 0.18844, Best Accuracy: 57.85124, Best Loss: 0.001390299 at epoch 9
Time Elasped: 00:10:48
========= Epoch 26 =========
242/485: Matthews 0.15285, Accuracy: 56.09504, Loss: 0.001045499
484/485: Matthews 0.16224, Accuracy: 57.64463, Loss: 0.001063350
 
Best Matthews: 0.18844, Best Accuracy: 57.85124, Best Loss: 0.001390299 at epoch 9
Time Elasped: 00:11:13
========= Epoch 27 =========
242/485: Matthews 0.16717, Accuracy: 57.33471, Loss: 0.001025641
484/485: Matthews 0.15237, Accuracy: 57.43802, Loss: 0.001130980
 
Best Matthews: 0.18844, Best Accuracy: 57.85124, Best Loss: 0.001390299 at epoch 9
Time Elasped: 00:11:38
========= Epoch 28 =========
242/485: Matthews 0.15594, Accuracy: 57.43802, Loss: 0.001061245
484/485: Matthews 0.16496, Accuracy: 57.85124, Loss: 0.001012312
 
Best Matthews: 0.18844, Best Accuracy: 57.85124, Best Loss: 0.001390299 at epoch 9
Time Elasped: 00:12:04
========= Epoch 29 =========
242/485: Matthews 0.16104, Accuracy: 54.85537, Loss: 0.001195081
484/485: Matthews 0.16684, Accuracy: 58.26446, Loss: 0.001007409
 
Best Matthews: 0.18844, Best Accuracy: 57.85124, Best Loss: 0.001390299 at epoch 9
Time Elasped: 00:12:29
========= Epoch 30 =========
Early Stopping activated
 
Best Matthews: 0.18844, Best Accuracy: 57.85124, Best Loss: 0.001390299 at epoch 9
Time Elasped: 00:12:43
Test Set:
0/0: Matthews 0.22508, Accuracy: 61.16962, Loss: 0.001489742
