Namespace(batch_size=32, buffer_size=1, by_source=False, crop_pad_length=30, data='./acceptability_corpus/verb_classes_cola/combined', data_type='discriminator', dropout=0.2, embedding='glove.6B.300d', embedding_path='/scratch/asw462/models/elmo_encoder/elmo.emb', embedding_size=217, encoder_num_layers=2, encoder_path='/scratch/asw462/models/elmo_encoder/elmo.pth', encoding_size=528, encoding_type='lstm_pooling_classifier', epochs=1000, evaluate_train=False, experiment_name='experiment_linear_classifier_h_109_l_2_lr_0.0000_e_217_do_0.2', glove=False, gpu=True, hidden_size=109, imbalance=True, learning_rate=4e-05, lm_path=None, logs_dir='/scratch/asw462/logs/verb_classes_cola/combined', max_pool=False, model='linear_classifier', num_layers=2, output_dir='/scratch/asw462/logs/verb_classes_cola/outputs/combined', patience=20, preprocess_tokenizer='space', prints_per_stage=1, resume=True, resume_file=None, save_loc='/scratch/asw462/models/verb_classes_cola/combined', seed=1111, should_not_log=False, should_not_lowercase=False, should_not_preprocess_data=False, stages_per_epoch=2, train_embeddings=False, train_evaluate_interval=10, vocab_file='/scratch/asw462/data/vocab_100k.tsv')
======== General =======
Model: linear_classifier
GPU: True
Experiment Name: experiment_linear_classifier_h_109_l_2_lr_0.0000_e_217_do_0.2
Save location: /scratch/asw462/models/verb_classes_cola/combined
Logs dir: /scratch/asw462/logs/verb_classes_cola/combined
Timestamp: 2018/08/02 04:31:42
 
======== Data =======
Training set: 15495 examples
Validation set: 968 examples
Test set: 3608 examples
 
======= Parameters =======
Learning Rate: 0.000040
Batch Size: 32
Epochs: 1000
Patience: 20
Stages per Epoch: 2
Embedding: 100004 x 217
Number of layers: 2
Hidden Size: 109
Encoder Size: 528
Resume: True
 
======= Model =======
LinearClassifierWithEncoder(
  (model): LinearClassifier(
    (dropout): Dropout(p=0.2)
    (enc2h): Linear(in_features=1056, out_features=109, bias=True)
    (h20): Linear(in_features=109, out_features=1, bias=True)
    (sigmoid): Sigmoid()
    (tanh): Tanh()
    (softmax): Softmax()
  )
  (encoder): LSTMPoolingClassifierWithELMo(
    (elmo): ELMOClassifier(
      (lm): LSTMLanguageModel(
        (dropout): Dropout(p=0.2)
        (embedding): Embedding(100003, 217)
        (lstm): LSTM(217, 891, num_layers=2, dropout=0.2)
        (fc): Linear(in_features=891, out_features=100003, bias=True)
      )
      (lstms): ModuleList(
        (0): LSTM(217, 891, batch_first=True)
        (1): LSTM(891, 891, batch_first=True)
      )
      (dropout): Dropout(p=0.2)
      (linear_comb): Linear(in_features=2, out_features=1, bias=True)
      (fc1): Linear(in_features=891, out_features=528, bias=True)
      (relu): ReLU()
      (out): Linear(in_features=528, out_features=1, bias=True)
      (sigmoid): Sigmoid()
    )
    (pooling_classifier): LSTMPoolingClassifier(
      (ih2h): LSTM(891, 528, num_layers=3, batch_first=True, dropout=0.2, bidirectional=True)
      (pool2o): Linear(in_features=1056, out_features=1, bias=True)
      (sigmoid): Sigmoid()
      (softmax): Softmax()
      (dropout): Dropout(p=0.2)
    )
  )
)
 
========= Epoch 1 =========
242/485: Matthews 0.10831, Accuracy: 63.01653, Loss: 0.001491551
484/485: Matthews 0.15671, Accuracy: 60.22727, Loss: 0.001473859
 
Best Matthews: 0.15671, Best Accuracy: 60.22727, Best Loss: 0.001473859 at epoch 1
Time Elasped: 00:00:34
========= Epoch 2 =========
242/485: Matthews 0.15997, Accuracy: 59.71074, Loss: 0.001531808
484/485: Matthews 0.17996, Accuracy: 58.98760, Loss: 0.001441720
 
Best Matthews: 0.17996, Best Accuracy: 58.98760, Best Loss: 0.001441720 at epoch 2
Time Elasped: 00:01:03
========= Epoch 3 =========
242/485: Matthews 0.18220, Accuracy: 59.81405, Loss: 0.001534115
484/485: Matthews 0.19063, Accuracy: 58.98760, Loss: 0.001371760
 
Best Matthews: 0.19063, Best Accuracy: 58.98760, Best Loss: 0.001371760 at epoch 3
Time Elasped: 00:01:32
========= Epoch 4 =========
242/485: Matthews 0.19510, Accuracy: 58.78099, Loss: 0.001392981
484/485: Matthews 0.18250, Accuracy: 57.95455, Loss: 0.001534809
 
Best Matthews: 0.19510, Best Accuracy: 58.78099, Best Loss: 0.001392981 at epoch 4
Time Elasped: 00:02:00
========= Epoch 5 =========
242/485: Matthews 0.15245, Accuracy: 59.91736, Loss: 0.001461060
484/485: Matthews 0.20215, Accuracy: 58.05785, Loss: 0.001474652
 
Best Matthews: 0.20215, Best Accuracy: 58.05785, Best Loss: 0.001474652 at epoch 5
Time Elasped: 00:02:27
========= Epoch 6 =========
242/485: Matthews 0.15822, Accuracy: 58.67769, Loss: 0.001422368
484/485: Matthews 0.18748, Accuracy: 58.05785, Loss: 0.001369765
 
Best Matthews: 0.20215, Best Accuracy: 58.05785, Best Loss: 0.001474652 at epoch 5
Time Elasped: 00:02:53
========= Epoch 7 =========
242/485: Matthews 0.17942, Accuracy: 57.43802, Loss: 0.001545351
484/485: Matthews 0.17168, Accuracy: 57.95455, Loss: 0.001427400
 
Best Matthews: 0.20215, Best Accuracy: 58.05785, Best Loss: 0.001474652 at epoch 5
Time Elasped: 00:03:19
========= Epoch 8 =========
242/485: Matthews 0.16320, Accuracy: 53.20248, Loss: 0.001407352
484/485: Matthews 0.15458, Accuracy: 56.50826, Loss: 0.001528393
 
Best Matthews: 0.20215, Best Accuracy: 58.05785, Best Loss: 0.001474652 at epoch 5
Time Elasped: 00:03:45
========= Epoch 9 =========
242/485: Matthews 0.16286, Accuracy: 56.30165, Loss: 0.001348272
484/485: Matthews 0.14840, Accuracy: 57.54132, Loss: 0.001374311
 
Best Matthews: 0.20215, Best Accuracy: 58.05785, Best Loss: 0.001474652 at epoch 5
Time Elasped: 00:04:11
========= Epoch 10 =========
242/485: Matthews 0.17118, Accuracy: 54.75207, Loss: 0.001315153
484/485: Matthews 0.14042, Accuracy: 58.26446, Loss: 0.001327115
 
Best Matthews: 0.20215, Best Accuracy: 58.05785, Best Loss: 0.001474652 at epoch 5
Time Elasped: 00:04:37
========= Epoch 11 =========
242/485: Matthews 0.14936, Accuracy: 57.74793, Loss: 0.001416532
484/485: Matthews 0.17849, Accuracy: 56.50826, Loss: 0.001296377
 
Best Matthews: 0.20215, Best Accuracy: 58.05785, Best Loss: 0.001474652 at epoch 5
Time Elasped: 00:05:03
========= Epoch 12 =========
242/485: Matthews 0.17158, Accuracy: 56.40496, Loss: 0.001333055
484/485: Matthews 0.15799, Accuracy: 58.26446, Loss: 0.001247154
 
Best Matthews: 0.20215, Best Accuracy: 58.05785, Best Loss: 0.001474652 at epoch 5
Time Elasped: 00:05:28
========= Epoch 13 =========
242/485: Matthews 0.16330, Accuracy: 58.26446, Loss: 0.001229547
484/485: Matthews 0.15468, Accuracy: 56.09504, Loss: 0.001445072
 
Best Matthews: 0.20215, Best Accuracy: 58.05785, Best Loss: 0.001474652 at epoch 5
Time Elasped: 00:05:54
========= Epoch 14 =========
242/485: Matthews 0.17372, Accuracy: 53.71901, Loss: 0.001283234
484/485: Matthews 0.14110, Accuracy: 58.57438, Loss: 0.001340447
 
Best Matthews: 0.20215, Best Accuracy: 58.05785, Best Loss: 0.001474652 at epoch 5
Time Elasped: 00:06:20
========= Epoch 15 =========
242/485: Matthews 0.17833, Accuracy: 53.92562, Loss: 0.001297606
484/485: Matthews 0.15195, Accuracy: 57.54132, Loss: 0.001155900
 
Best Matthews: 0.20215, Best Accuracy: 58.05785, Best Loss: 0.001474652 at epoch 5
Time Elasped: 00:06:46
========= Epoch 16 =========
242/485: Matthews 0.15366, Accuracy: 57.12810, Loss: 0.001361653
484/485: Matthews 0.17880, Accuracy: 56.09504, Loss: 0.001303660
 
Best Matthews: 0.20215, Best Accuracy: 58.05785, Best Loss: 0.001474652 at epoch 5
Time Elasped: 00:07:12
========= Epoch 17 =========
242/485: Matthews 0.14787, Accuracy: 57.23140, Loss: 0.001283153
484/485: Matthews 0.15275, Accuracy: 56.92149, Loss: 0.001219274
 
Best Matthews: 0.20215, Best Accuracy: 58.05785, Best Loss: 0.001474652 at epoch 5
Time Elasped: 00:07:37
========= Epoch 18 =========
242/485: Matthews 0.17263, Accuracy: 56.19835, Loss: 0.001321001
484/485: Matthews 0.18333, Accuracy: 56.30165, Loss: 0.001221783
 
Best Matthews: 0.20215, Best Accuracy: 58.05785, Best Loss: 0.001474652 at epoch 5
Time Elasped: 00:08:03
========= Epoch 19 =========
242/485: Matthews 0.15688, Accuracy: 56.40496, Loss: 0.001361544
484/485: Matthews 0.16724, Accuracy: 56.92149, Loss: 0.001283825
 
Best Matthews: 0.20215, Best Accuracy: 58.05785, Best Loss: 0.001474652 at epoch 5
Time Elasped: 00:08:29
========= Epoch 20 =========
242/485: Matthews 0.16821, Accuracy: 56.71488, Loss: 0.001172624
484/485: Matthews 0.14689, Accuracy: 56.61157, Loss: 0.001182182
 
Best Matthews: 0.20215, Best Accuracy: 58.05785, Best Loss: 0.001474652 at epoch 5
Time Elasped: 00:08:55
========= Epoch 21 =========
242/485: Matthews 0.14644, Accuracy: 56.71488, Loss: 0.001307503
484/485: Matthews 0.16470, Accuracy: 56.30165, Loss: 0.001237958
 
Best Matthews: 0.20215, Best Accuracy: 58.05785, Best Loss: 0.001474652 at epoch 5
Time Elasped: 00:09:21
========= Epoch 22 =========
242/485: Matthews 0.14936, Accuracy: 57.74793, Loss: 0.001222393
484/485: Matthews 0.14374, Accuracy: 56.50826, Loss: 0.001282922
 
Best Matthews: 0.20215, Best Accuracy: 58.05785, Best Loss: 0.001474652 at epoch 5
Time Elasped: 00:09:47
========= Epoch 23 =========
242/485: Matthews 0.17080, Accuracy: 57.33471, Loss: 0.001112044
484/485: Matthews 0.17040, Accuracy: 57.02479, Loss: 0.001117341
 
Best Matthews: 0.20215, Best Accuracy: 58.05785, Best Loss: 0.001474652 at epoch 5
Time Elasped: 00:10:13
========= Epoch 24 =========
242/485: Matthews 0.15909, Accuracy: 57.54132, Loss: 0.001156459
484/485: Matthews 0.16765, Accuracy: 55.37190, Loss: 0.001144824
 
Best Matthews: 0.20215, Best Accuracy: 58.05785, Best Loss: 0.001474652 at epoch 5
Time Elasped: 00:10:39
========= Epoch 25 =========
242/485: Matthews 0.16091, Accuracy: 56.71488, Loss: 0.001179912
484/485: Matthews 0.16542, Accuracy: 56.92149, Loss: 0.001243459
 
Best Matthews: 0.20215, Best Accuracy: 58.05785, Best Loss: 0.001474652 at epoch 5
Time Elasped: 00:11:04
========= Epoch 26 =========
Early Stopping activated
 
Best Matthews: 0.20215, Best Accuracy: 58.05785, Best Loss: 0.001474652 at epoch 5
Time Elasped: 00:11:19
Test Set:
0/0: Matthews 0.23002, Accuracy: 60.80931, Loss: 0.001518476
