Namespace(batch_size=32, buffer_size=1, by_source=False, crop_pad_length=30, data='./acceptability_corpus/verb_classes_cola/combined', data_type='discriminator', dropout=0.2, embedding='glove.6B.300d', embedding_path='/scratch/asw462/models/elmo_encoder/elmo.emb', embedding_size=217, encoder_num_layers=2, encoder_path='/scratch/asw462/models/elmo_encoder/elmo.pth', encoding_size=528, encoding_type='lstm_pooling_classifier', epochs=1000, evaluate_train=False, experiment_name='experiment_linear_classifier_h_88_l_4_lr_0.0001_e_217_do_0.2', glove=False, gpu=True, hidden_size=88, imbalance=True, learning_rate=6e-05, lm_path=None, logs_dir='/scratch/asw462/logs/verb_classes_cola/combined', max_pool=False, model='linear_classifier', num_layers=4, output_dir='/scratch/asw462/logs/verb_classes_cola/outputs/combined', patience=20, preprocess_tokenizer='space', prints_per_stage=1, resume=True, resume_file=None, save_loc='/scratch/asw462/models/verb_classes_cola/combined', seed=1111, should_not_log=False, should_not_lowercase=False, should_not_preprocess_data=False, stages_per_epoch=2, train_embeddings=False, train_evaluate_interval=10, vocab_file='/scratch/asw462/data/vocab_100k.tsv')
======== General =======
Model: linear_classifier
GPU: True
Experiment Name: experiment_linear_classifier_h_88_l_4_lr_0.0001_e_217_do_0.2
Save location: /scratch/asw462/models/verb_classes_cola/combined
Logs dir: /scratch/asw462/logs/verb_classes_cola/combined
Timestamp: 2018/08/02 04:19:34
 
======== Data =======
Training set: 15495 examples
Validation set: 968 examples
Test set: 3608 examples
 
======= Parameters =======
Learning Rate: 0.000060
Batch Size: 32
Epochs: 1000
Patience: 20
Stages per Epoch: 2
Embedding: 100004 x 217
Number of layers: 4
Hidden Size: 88
Encoder Size: 528
Resume: True
 
======= Model =======
LinearClassifierWithEncoder(
  (model): LinearClassifier(
    (dropout): Dropout(p=0.2)
    (enc2h): Linear(in_features=1056, out_features=88, bias=True)
    (h20): Linear(in_features=88, out_features=1, bias=True)
    (sigmoid): Sigmoid()
    (tanh): Tanh()
    (softmax): Softmax()
  )
  (encoder): LSTMPoolingClassifierWithELMo(
    (elmo): ELMOClassifier(
      (lm): LSTMLanguageModel(
        (dropout): Dropout(p=0.2)
        (embedding): Embedding(100003, 217)
        (lstm): LSTM(217, 891, num_layers=2, dropout=0.2)
        (fc): Linear(in_features=891, out_features=100003, bias=True)
      )
      (lstms): ModuleList(
        (0): LSTM(217, 891, batch_first=True)
        (1): LSTM(891, 891, batch_first=True)
      )
      (dropout): Dropout(p=0.2)
      (linear_comb): Linear(in_features=2, out_features=1, bias=True)
      (fc1): Linear(in_features=891, out_features=528, bias=True)
      (relu): ReLU()
      (out): Linear(in_features=528, out_features=1, bias=True)
      (sigmoid): Sigmoid()
    )
    (pooling_classifier): LSTMPoolingClassifier(
      (ih2h): LSTM(891, 528, num_layers=3, batch_first=True, dropout=0.2, bidirectional=True)
      (pool2o): Linear(in_features=1056, out_features=1, bias=True)
      (sigmoid): Sigmoid()
      (softmax): Softmax()
      (dropout): Dropout(p=0.2)
    )
  )
)
 
========= Epoch 1 =========
242/485: Matthews 0.16796, Accuracy: 59.91736, Loss: 0.001481388
484/485: Matthews 0.18247, Accuracy: 56.81818, Loss: 0.001400046
 
Best Matthews: 0.18247, Best Accuracy: 56.81818, Best Loss: 0.001400046 at epoch 1
Time Elasped: 00:00:34
========= Epoch 2 =========
242/485: Matthews 0.15956, Accuracy: 60.43388, Loss: 0.001395366
484/485: Matthews 0.17574, Accuracy: 54.95868, Loss: 0.001458628
 
Best Matthews: 0.18247, Best Accuracy: 56.81818, Best Loss: 0.001400046 at epoch 1
Time Elasped: 00:00:59
========= Epoch 3 =========
242/485: Matthews 0.18626, Accuracy: 57.54132, Loss: 0.001520928
484/485: Matthews 0.19922, Accuracy: 59.50413, Loss: 0.001506109
 
Best Matthews: 0.19922, Best Accuracy: 59.50413, Best Loss: 0.001506109 at epoch 3
Time Elasped: 00:01:28
========= Epoch 4 =========
242/485: Matthews 0.19072, Accuracy: 57.02479, Loss: 0.001272767
484/485: Matthews 0.18250, Accuracy: 57.95455, Loss: 0.001459766
 
Best Matthews: 0.19922, Best Accuracy: 59.50413, Best Loss: 0.001506109 at epoch 3
Time Elasped: 00:01:53
========= Epoch 5 =========
242/485: Matthews 0.16137, Accuracy: 59.81405, Loss: 0.001314095
484/485: Matthews 0.16987, Accuracy: 57.54132, Loss: 0.001404067
 
Best Matthews: 0.19922, Best Accuracy: 59.50413, Best Loss: 0.001506109 at epoch 3
Time Elasped: 00:02:19
========= Epoch 6 =========
242/485: Matthews 0.16176, Accuracy: 57.33471, Loss: 0.001404349
484/485: Matthews 0.18529, Accuracy: 58.98760, Loss: 0.001172603
 
Best Matthews: 0.19922, Best Accuracy: 59.50413, Best Loss: 0.001506109 at epoch 3
Time Elasped: 00:02:44
========= Epoch 7 =========
242/485: Matthews 0.18204, Accuracy: 58.05785, Loss: 0.001385515
484/485: Matthews 0.13916, Accuracy: 57.64463, Loss: 0.001284925
 
Best Matthews: 0.19922, Best Accuracy: 59.50413, Best Loss: 0.001506109 at epoch 3
Time Elasped: 00:03:10
========= Epoch 8 =========
242/485: Matthews 0.15458, Accuracy: 56.50826, Loss: 0.001398847
484/485: Matthews 0.12505, Accuracy: 58.16116, Loss: 0.001379368
 
Best Matthews: 0.19922, Best Accuracy: 59.50413, Best Loss: 0.001506109 at epoch 3
Time Elasped: 00:03:36
========= Epoch 9 =========
242/485: Matthews 0.16420, Accuracy: 56.40496, Loss: 0.001380559
484/485: Matthews 0.12959, Accuracy: 58.36777, Loss: 0.001373935
 
Best Matthews: 0.19922, Best Accuracy: 59.50413, Best Loss: 0.001506109 at epoch 3
Time Elasped: 00:04:01
========= Epoch 10 =========
242/485: Matthews 0.14494, Accuracy: 58.47107, Loss: 0.001269524
484/485: Matthews 0.14034, Accuracy: 57.33471, Loss: 0.001347512
 
Best Matthews: 0.19922, Best Accuracy: 59.50413, Best Loss: 0.001506109 at epoch 3
Time Elasped: 00:04:27
========= Epoch 11 =========
242/485: Matthews 0.15188, Accuracy: 55.16529, Loss: 0.001325422
484/485: Matthews 0.15365, Accuracy: 56.71488, Loss: 0.001222169
 
Best Matthews: 0.19922, Best Accuracy: 59.50413, Best Loss: 0.001506109 at epoch 3
Time Elasped: 00:04:52
========= Epoch 12 =========
242/485: Matthews 0.16337, Accuracy: 56.19835, Loss: 0.001136990
484/485: Matthews 0.14651, Accuracy: 55.88843, Loss: 0.001288255
 
Best Matthews: 0.19922, Best Accuracy: 59.50413, Best Loss: 0.001506109 at epoch 3
Time Elasped: 00:05:18
========= Epoch 13 =========
242/485: Matthews 0.18069, Accuracy: 57.95455, Loss: 0.001126973
484/485: Matthews 0.16525, Accuracy: 58.67769, Loss: 0.001167937
 
Best Matthews: 0.19922, Best Accuracy: 59.50413, Best Loss: 0.001506109 at epoch 3
Time Elasped: 00:05:43
========= Epoch 14 =========
242/485: Matthews 0.16768, Accuracy: 58.05785, Loss: 0.001073692
484/485: Matthews 0.17077, Accuracy: 57.74793, Loss: 0.001200060
 
Best Matthews: 0.19922, Best Accuracy: 59.50413, Best Loss: 0.001506109 at epoch 3
Time Elasped: 00:06:09
========= Epoch 15 =========
242/485: Matthews 0.16638, Accuracy: 56.71488, Loss: 0.001297995
484/485: Matthews 0.16616, Accuracy: 54.95868, Loss: 0.001301424
 
Best Matthews: 0.19922, Best Accuracy: 59.50413, Best Loss: 0.001506109 at epoch 3
Time Elasped: 00:06:35
========= Epoch 16 =========
242/485: Matthews 0.18363, Accuracy: 54.02893, Loss: 0.001190378
484/485: Matthews 0.18250, Accuracy: 57.95455, Loss: 0.001089255
 
Best Matthews: 0.19922, Best Accuracy: 59.50413, Best Loss: 0.001506109 at epoch 3
Time Elasped: 00:07:00
========= Epoch 17 =========
242/485: Matthews 0.17849, Accuracy: 56.50826, Loss: 0.001199598
484/485: Matthews 0.15584, Accuracy: 58.36777, Loss: 0.001032417
 
Best Matthews: 0.19922, Best Accuracy: 59.50413, Best Loss: 0.001506109 at epoch 3
Time Elasped: 00:07:26
========= Epoch 18 =========
242/485: Matthews 0.17369, Accuracy: 54.33884, Loss: 0.001095331
484/485: Matthews 0.16897, Accuracy: 57.74793, Loss: 0.000984332
 
Best Matthews: 0.19922, Best Accuracy: 59.50413, Best Loss: 0.001506109 at epoch 3
Time Elasped: 00:07:51
========= Epoch 19 =========
242/485: Matthews 0.17303, Accuracy: 57.64463, Loss: 0.001191191
484/485: Matthews 0.18701, Accuracy: 58.16116, Loss: 0.001074711
 
Best Matthews: 0.19922, Best Accuracy: 59.50413, Best Loss: 0.001506109 at epoch 3
Time Elasped: 00:08:17
========= Epoch 20 =========
242/485: Matthews 0.16234, Accuracy: 58.05785, Loss: 0.001190561
484/485: Matthews 0.18779, Accuracy: 57.23140, Loss: 0.001086213
 
Best Matthews: 0.19922, Best Accuracy: 59.50413, Best Loss: 0.001506109 at epoch 3
Time Elasped: 00:08:42
========= Epoch 21 =========
242/485: Matthews 0.17162, Accuracy: 55.68182, Loss: 0.001174437
484/485: Matthews 0.14356, Accuracy: 58.36777, Loss: 0.001241560
 
Best Matthews: 0.19922, Best Accuracy: 59.50413, Best Loss: 0.001506109 at epoch 3
Time Elasped: 00:09:08
========= Epoch 22 =========
242/485: Matthews 0.14936, Accuracy: 57.74793, Loss: 0.001202200
484/485: Matthews 0.16170, Accuracy: 59.71074, Loss: 0.001174818
 
Best Matthews: 0.19922, Best Accuracy: 59.50413, Best Loss: 0.001506109 at epoch 3
Time Elasped: 00:09:34
========= Epoch 23 =========
242/485: Matthews 0.18442, Accuracy: 57.54132, Loss: 0.001097218
484/485: Matthews 0.16898, Accuracy: 57.33471, Loss: 0.001228778
 
Best Matthews: 0.19922, Best Accuracy: 59.50413, Best Loss: 0.001506109 at epoch 3
Time Elasped: 00:09:59
========= Epoch 24 =========
Early Stopping activated
 
Best Matthews: 0.19922, Best Accuracy: 59.50413, Best Loss: 0.001506109 at epoch 3
Time Elasped: 00:10:14
Test Set:
0/0: Matthews 0.22888, Accuracy: 62.38914, Loss: 0.001506857
