Namespace(batch_size=32, buffer_size=1, by_source=False, crop_pad_length=30, data='./acceptability_corpus/verb_classes/spray_load', data_type='discriminator', dropout=0.5, embedding='glove.6B.300d', embedding_path='/scratch/asw462/models/elmo_encoder/elmo.emb', embedding_size=217, encoder_num_layers=2, encoder_path='/scratch/asw462/models/elmo_encoder/elmo.pth', encoding_size=528, encoding_type='lstm_pooling_classifier', epochs=1000, evaluate_train=False, experiment_name='experiment_linear_classifier_h_81_l_1_lr_0.0000_e_217_do_0.5', glove=False, gpu=True, hidden_size=81, imbalance=True, learning_rate=3e-05, lm_path=None, logs_dir='/scratch/asw462/logs/verb_classes/spray_load', max_pool=False, model='linear_classifier', num_layers=1, output_dir='/scratch/asw462/logs/verb_classes/outputs/spray_load', patience=20, preprocess_tokenizer='space', prints_per_stage=1, resume=True, resume_file=None, save_loc='/scratch/asw462/models/verb_classes/spray_load', seed=1111, should_not_log=False, should_not_lowercase=False, should_not_preprocess_data=False, stages_per_epoch=2, train_embeddings=False, train_evaluate_interval=10, vocab_file='/scratch/asw462/data/vocab_100k.tsv')
======== General =======
Model: linear_classifier
GPU: True
Experiment Name: experiment_linear_classifier_h_81_l_1_lr_0.0000_e_217_do_0.5
Save location: /scratch/asw462/models/verb_classes/spray_load
Logs dir: /scratch/asw462/logs/verb_classes/spray_load
Timestamp: 2018/08/01 20:03:58
 
======== Data =======
Training set: 2688 examples
Validation set: 490 examples
Test set: 1902 examples
 
======= Parameters =======
Learning Rate: 0.000030
Batch Size: 32
Epochs: 1000
Patience: 20
Stages per Epoch: 2
Embedding: 100004 x 217
Number of layers: 1
Hidden Size: 81
Encoder Size: 528
Resume: True
 
======= Model =======
LinearClassifierWithEncoder(
  (model): LinearClassifier(
    (dropout): Dropout(p=0.5)
    (enc2h): Linear(in_features=1056, out_features=81, bias=True)
    (h20): Linear(in_features=81, out_features=1, bias=True)
    (sigmoid): Sigmoid()
    (tanh): Tanh()
    (softmax): Softmax()
  )
  (encoder): LSTMPoolingClassifierWithELMo(
    (elmo): ELMOClassifier(
      (lm): LSTMLanguageModel(
        (dropout): Dropout(p=0.2)
        (embedding): Embedding(100003, 217)
        (lstm): LSTM(217, 891, num_layers=2, dropout=0.2)
        (fc): Linear(in_features=891, out_features=100003, bias=True)
      )
      (lstms): ModuleList(
        (0): LSTM(217, 891, batch_first=True)
        (1): LSTM(891, 891, batch_first=True)
      )
      (dropout): Dropout(p=0.2)
      (linear_comb): Linear(in_features=2, out_features=1, bias=True)
      (fc1): Linear(in_features=891, out_features=528, bias=True)
      (relu): ReLU()
      (out): Linear(in_features=528, out_features=1, bias=True)
      (sigmoid): Sigmoid()
    )
    (pooling_classifier): LSTMPoolingClassifier(
      (ih2h): LSTM(891, 528, num_layers=3, batch_first=True, dropout=0.2, bidirectional=True)
      (pool2o): Linear(in_features=1056, out_features=1, bias=True)
      (sigmoid): Sigmoid()
      (softmax): Softmax()
      (dropout): Dropout(p=0.2)
    )
  )
)
 
========= Epoch 1 =========
42/84: Matthews 0.02695, Accuracy: 61.42857, Loss: 0.007032756
84/84: Matthews 0.10997, Accuracy: 58.57143, Loss: 0.006940258
 
Best Matthews: 0.10997, Best Accuracy: 58.57143, Best Loss: 0.006940258 at epoch 1
Time Elasped: 00:00:13
========= Epoch 2 =========
42/84: Matthews 0.07059, Accuracy: 53.67347, Loss: 0.006855897
84/84: Matthews 0.07050, Accuracy: 54.28571, Loss: 0.006792944
 
Best Matthews: 0.10997, Best Accuracy: 58.57143, Best Loss: 0.006940258 at epoch 1
Time Elasped: 00:00:17
========= Epoch 3 =========
42/84: Matthews 0.07558, Accuracy: 53.06122, Loss: 0.006701376
84/84: Matthews 0.08002, Accuracy: 53.67347, Loss: 0.006634045
 
Best Matthews: 0.10997, Best Accuracy: 58.57143, Best Loss: 0.006940258 at epoch 1
Time Elasped: 00:00:21
========= Epoch 4 =========
42/84: Matthews 0.10015, Accuracy: 57.95918, Loss: 0.006638552
84/84: Matthews 0.04781, Accuracy: 49.59184, Loss: 0.006463425
 
Best Matthews: 0.10997, Best Accuracy: 58.57143, Best Loss: 0.006940258 at epoch 1
Time Elasped: 00:00:25
========= Epoch 5 =========
42/84: Matthews 0.06623, Accuracy: 51.63265, Loss: 0.006412100
84/84: Matthews 0.07234, Accuracy: 52.04082, Loss: 0.006340330
 
Best Matthews: 0.10997, Best Accuracy: 58.57143, Best Loss: 0.006940258 at epoch 1
Time Elasped: 00:00:30
========= Epoch 6 =========
42/84: Matthews 0.06380, Accuracy: 51.63265, Loss: 0.006272257
84/84: Matthews 0.05591, Accuracy: 51.42857, Loss: 0.006206144
 
Best Matthews: 0.10997, Best Accuracy: 58.57143, Best Loss: 0.006940258 at epoch 1
Time Elasped: 00:00:34
========= Epoch 7 =========
42/84: Matthews 0.04101, Accuracy: 48.97959, Loss: 0.006107108
84/84: Matthews 0.04939, Accuracy: 51.63265, Loss: 0.006086228
 
Best Matthews: 0.10997, Best Accuracy: 58.57143, Best Loss: 0.006940258 at epoch 1
Time Elasped: 00:00:38
========= Epoch 8 =========
42/84: Matthews 0.04672, Accuracy: 50.81633, Loss: 0.006019157
84/84: Matthews 0.05768, Accuracy: 51.22449, Loss: 0.005952917
 
Best Matthews: 0.10997, Best Accuracy: 58.57143, Best Loss: 0.006940258 at epoch 1
Time Elasped: 00:00:42
========= Epoch 9 =========
42/84: Matthews 0.04978, Accuracy: 51.02041, Loss: 0.005914275
84/84: Matthews 0.04721, Accuracy: 50.20408, Loss: 0.005823856
 
Best Matthews: 0.10997, Best Accuracy: 58.57143, Best Loss: 0.006940258 at epoch 1
Time Elasped: 00:00:46
========= Epoch 10 =========
42/84: Matthews 0.05462, Accuracy: 51.02041, Loss: 0.005777403
84/84: Matthews 0.03246, Accuracy: 49.38776, Loss: 0.005706074
 
Best Matthews: 0.10997, Best Accuracy: 58.57143, Best Loss: 0.006940258 at epoch 1
Time Elasped: 00:00:51
========= Epoch 11 =========
42/84: Matthews 0.04300, Accuracy: 50.40816, Loss: 0.005663139
84/84: Matthews 0.04477, Accuracy: 50.20408, Loss: 0.005603013
 
Best Matthews: 0.10997, Best Accuracy: 58.57143, Best Loss: 0.006940258 at epoch 1
Time Elasped: 00:00:55
========= Epoch 12 =========
42/84: Matthews 0.05220, Accuracy: 51.02041, Loss: 0.005566088
84/84: Matthews 0.01006, Accuracy: 47.75510, Loss: 0.005494872
 
Best Matthews: 0.10997, Best Accuracy: 58.57143, Best Loss: 0.006940258 at epoch 1
Time Elasped: 00:00:59
========= Epoch 13 =========
42/84: Matthews 0.02008, Accuracy: 48.57143, Loss: 0.005457462
84/84: Matthews 0.05768, Accuracy: 51.22449, Loss: 0.005423692
 
Best Matthews: 0.10997, Best Accuracy: 58.57143, Best Loss: 0.006940258 at epoch 1
Time Elasped: 00:01:03
========= Epoch 14 =========
42/84: Matthews 0.05398, Accuracy: 50.81633, Loss: 0.005375334
84/84: Matthews 0.02251, Accuracy: 48.57143, Loss: 0.005323724
 
Best Matthews: 0.10997, Best Accuracy: 58.57143, Best Loss: 0.006940258 at epoch 1
Time Elasped: 00:01:07
========= Epoch 15 =========
42/84: Matthews 0.03246, Accuracy: 49.38776, Loss: 0.005300856
84/84: Matthews 0.02937, Accuracy: 49.18367, Loss: 0.005255137
 
Best Matthews: 0.10997, Best Accuracy: 58.57143, Best Loss: 0.006940258 at epoch 1
Time Elasped: 00:01:11
========= Epoch 16 =========
42/84: Matthews 0.02561, Accuracy: 48.77551, Loss: 0.005213370
84/84: Matthews 0.04939, Accuracy: 51.63265, Loss: 0.005218755
 
Best Matthews: 0.10997, Best Accuracy: 58.57143, Best Loss: 0.006940258 at epoch 1
Time Elasped: 00:01:16
========= Epoch 17 =========
42/84: Matthews 0.04042, Accuracy: 49.59184, Loss: 0.005142098
84/84: Matthews 0.03311, Accuracy: 49.59184, Loss: 0.005119357
 
Best Matthews: 0.10997, Best Accuracy: 58.57143, Best Loss: 0.006940258 at epoch 1
Time Elasped: 00:01:20
========= Epoch 18 =========
42/84: Matthews 0.04394, Accuracy: 51.42857, Loss: 0.005125420
84/84: Matthews 0.02805, Accuracy: 48.77551, Loss: 0.005040687
 
Best Matthews: 0.10997, Best Accuracy: 58.57143, Best Loss: 0.006940258 at epoch 1
Time Elasped: 00:01:24
========= Epoch 19 =========
42/84: Matthews 0.03115, Accuracy: 48.97959, Loss: 0.005011238
84/84: Matthews 0.05897, Accuracy: 51.63265, Loss: 0.004997006
 
Best Matthews: 0.10997, Best Accuracy: 58.57143, Best Loss: 0.006940258 at epoch 1
Time Elasped: 00:01:28
========= Epoch 20 =========
42/84: Matthews 0.02761, Accuracy: 49.38776, Loss: 0.004951429
84/84: Matthews 0.05656, Accuracy: 51.63265, Loss: 0.004938899
 
Best Matthews: 0.10997, Best Accuracy: 58.57143, Best Loss: 0.006940258 at epoch 1
Time Elasped: 00:01:32
========= Epoch 21 =========
42/84: Matthews 0.02829, Accuracy: 49.59184, Loss: 0.004905310
84/84: Matthews 0.03070, Accuracy: 49.59184, Loss: 0.004873969
 
Best Matthews: 0.10997, Best Accuracy: 58.57143, Best Loss: 0.006940258 at epoch 1
Time Elasped: 00:01:37
========= Epoch 22 =========
Early Stopping activated
 
Best Matthews: 0.10997, Best Accuracy: 58.57143, Best Loss: 0.006940258 at epoch 1
Time Elasped: 00:01:40
Test Set:
0/0: Matthews 0.18823, Accuracy: 61.40904, Loss: 0.002499121
