Namespace(batch_size=32, buffer_size=1, by_source=False, crop_pad_length=30, data='./acceptability_corpus/verb_classes/spray_load', data_type='discriminator', dropout=0.5, embedding='glove.6B.300d', embedding_path='/scratch/asw462/models/elmo_encoder/elmo.emb', embedding_size=217, encoder_num_layers=2, encoder_path='/scratch/asw462/models/elmo_encoder/elmo.pth', encoding_size=528, encoding_type='lstm_pooling_classifier', epochs=1000, evaluate_train=False, experiment_name='experiment_linear_classifier_h_171_l_1_lr_0.0000_e_217_do_0.5', glove=False, gpu=True, hidden_size=171, imbalance=True, learning_rate=3e-05, lm_path=None, logs_dir='/scratch/asw462/logs/verb_classes/spray_load', max_pool=False, model='linear_classifier', num_layers=1, output_dir='/scratch/asw462/logs/verb_classes/outputs/spray_load', patience=20, preprocess_tokenizer='space', prints_per_stage=1, resume=True, resume_file=None, save_loc='/scratch/asw462/models/verb_classes/spray_load', seed=1111, should_not_log=False, should_not_lowercase=False, should_not_preprocess_data=False, stages_per_epoch=2, train_embeddings=False, train_evaluate_interval=10, vocab_file='/scratch/asw462/data/vocab_100k.tsv')
======== General =======
Model: linear_classifier
GPU: True
Experiment Name: experiment_linear_classifier_h_171_l_1_lr_0.0000_e_217_do_0.5
Save location: /scratch/asw462/models/verb_classes/spray_load
Logs dir: /scratch/asw462/logs/verb_classes/spray_load
Timestamp: 2018/08/01 20:20:56
 
======== Data =======
Training set: 2688 examples
Validation set: 490 examples
Test set: 1902 examples
 
======= Parameters =======
Learning Rate: 0.000030
Batch Size: 32
Epochs: 1000
Patience: 20
Stages per Epoch: 2
Embedding: 100004 x 217
Number of layers: 1
Hidden Size: 171
Encoder Size: 528
Resume: True
 
======= Model =======
LinearClassifierWithEncoder(
  (model): LinearClassifier(
    (dropout): Dropout(p=0.5)
    (enc2h): Linear(in_features=1056, out_features=171, bias=True)
    (h20): Linear(in_features=171, out_features=1, bias=True)
    (sigmoid): Sigmoid()
    (tanh): Tanh()
    (softmax): Softmax()
  )
  (encoder): LSTMPoolingClassifierWithELMo(
    (elmo): ELMOClassifier(
      (lm): LSTMLanguageModel(
        (dropout): Dropout(p=0.2)
        (embedding): Embedding(100003, 217)
        (lstm): LSTM(217, 891, num_layers=2, dropout=0.2)
        (fc): Linear(in_features=891, out_features=100003, bias=True)
      )
      (lstms): ModuleList(
        (0): LSTM(217, 891, batch_first=True)
        (1): LSTM(891, 891, batch_first=True)
      )
      (dropout): Dropout(p=0.2)
      (linear_comb): Linear(in_features=2, out_features=1, bias=True)
      (fc1): Linear(in_features=891, out_features=528, bias=True)
      (relu): ReLU()
      (out): Linear(in_features=528, out_features=1, bias=True)
      (sigmoid): Sigmoid()
    )
    (pooling_classifier): LSTMPoolingClassifier(
      (ih2h): LSTM(891, 528, num_layers=3, batch_first=True, dropout=0.2, bidirectional=True)
      (pool2o): Linear(in_features=1056, out_features=1, bias=True)
      (sigmoid): Sigmoid()
      (softmax): Softmax()
      (dropout): Dropout(p=0.2)
    )
  )
)
 
========= Epoch 1 =========
42/84: Matthews 0.13383, Accuracy: 63.46939, Loss: 0.006940583
84/84: Matthews 0.14032, Accuracy: 57.95918, Loss: 0.006751218
 
Best Matthews: 0.14032, Best Accuracy: 57.95918, Best Loss: 0.006751218 at epoch 1
Time Elasped: 00:00:12
========= Epoch 2 =========
42/84: Matthews 0.10358, Accuracy: 57.75510, Loss: 0.006656071
84/84: Matthews 0.08223, Accuracy: 55.51020, Loss: 0.006529633
 
Best Matthews: 0.14032, Best Accuracy: 57.95918, Best Loss: 0.006751218 at epoch 1
Time Elasped: 00:00:16
========= Epoch 3 =========
42/84: Matthews 0.05164, Accuracy: 49.18367, Loss: 0.006358568
84/84: Matthews 0.07598, Accuracy: 55.10204, Loss: 0.006338612
 
Best Matthews: 0.14032, Best Accuracy: 57.95918, Best Loss: 0.006751218 at epoch 1
Time Elasped: 00:00:20
========= Epoch 4 =========
42/84: Matthews 0.09259, Accuracy: 53.87755, Loss: 0.006201383
84/84: Matthews 0.06513, Accuracy: 50.40816, Loss: 0.006063886
 
Best Matthews: 0.14032, Best Accuracy: 57.95918, Best Loss: 0.006751218 at epoch 1
Time Elasped: 00:00:24
========= Epoch 5 =========
42/84: Matthews 0.06138, Accuracy: 51.63265, Loss: 0.006004883
84/84: Matthews 0.06138, Accuracy: 51.63265, Loss: 0.005916004
 
Best Matthews: 0.14032, Best Accuracy: 57.95918, Best Loss: 0.006751218 at epoch 1
Time Elasped: 00:00:29
========= Epoch 6 =========
42/84: Matthews 0.06946, Accuracy: 52.65306, Loss: 0.005839521
84/84: Matthews 0.04472, Accuracy: 49.38776, Loss: 0.005722533
 
Best Matthews: 0.14032, Best Accuracy: 57.95918, Best Loss: 0.006751218 at epoch 1
Time Elasped: 00:00:33
========= Epoch 7 =========
42/84: Matthews 0.06335, Accuracy: 52.24490, Loss: 0.005695084
84/84: Matthews 0.03979, Accuracy: 49.38776, Loss: 0.005585765
 
Best Matthews: 0.14032, Best Accuracy: 57.95918, Best Loss: 0.006751218 at epoch 1
Time Elasped: 00:00:37
========= Epoch 8 =========
42/84: Matthews 0.03927, Accuracy: 50.00000, Loss: 0.005536939
84/84: Matthews 0.06880, Accuracy: 52.44898, Loss: 0.005497351
 
Best Matthews: 0.14032, Best Accuracy: 57.95918, Best Loss: 0.006751218 at epoch 1
Time Elasped: 00:00:41
========= Epoch 9 =========
42/84: Matthews 0.04672, Accuracy: 50.81633, Loss: 0.005412661
84/84: Matthews 0.04235, Accuracy: 50.20408, Loss: 0.005349696
 
Best Matthews: 0.14032, Best Accuracy: 57.95918, Best Loss: 0.006751218 at epoch 1
Time Elasped: 00:00:46
========= Epoch 10 =========
42/84: Matthews 0.04542, Accuracy: 50.40816, Loss: 0.005290987
84/84: Matthews 0.04913, Accuracy: 50.81633, Loss: 0.005248297
 
Best Matthews: 0.14032, Best Accuracy: 57.95918, Best Loss: 0.006751218 at epoch 1
Time Elasped: 00:00:50
========= Epoch 11 =========
42/84: Matthews 0.03424, Accuracy: 49.18367, Loss: 0.005171580
84/84: Matthews 0.05551, Accuracy: 52.04082, Loss: 0.005167206
 
Best Matthews: 0.14032, Best Accuracy: 57.95918, Best Loss: 0.006751218 at epoch 1
Time Elasped: 00:00:54
========= Epoch 12 =========
42/84: Matthews 0.03798, Accuracy: 49.59184, Loss: 0.005087691
84/84: Matthews 0.05526, Accuracy: 51.22449, Loss: 0.005059862
 
Best Matthews: 0.14032, Best Accuracy: 57.95918, Best Loss: 0.006751218 at epoch 1
Time Elasped: 00:00:58
========= Epoch 13 =========
42/84: Matthews 0.04235, Accuracy: 50.20408, Loss: 0.005020706
84/84: Matthews 0.03992, Accuracy: 50.20408, Loss: 0.004979357
 
Best Matthews: 0.14032, Best Accuracy: 57.95918, Best Loss: 0.006751218 at epoch 1
Time Elasped: 00:01:03
========= Epoch 14 =========
42/84: Matthews 0.05092, Accuracy: 50.61224, Loss: 0.004934910
84/84: Matthews 0.05591, Accuracy: 51.42857, Loss: 0.004903783
 
Best Matthews: 0.14032, Best Accuracy: 57.95918, Best Loss: 0.006751218 at epoch 1
Time Elasped: 00:01:07
========= Epoch 15 =========
42/84: Matthews 0.05484, Accuracy: 51.83673, Loss: 0.004883374
84/84: Matthews 0.03180, Accuracy: 49.18367, Loss: 0.004812848
 
Best Matthews: 0.14032, Best Accuracy: 57.95918, Best Loss: 0.006751218 at epoch 1
Time Elasped: 00:01:11
========= Epoch 16 =========
42/84: Matthews 0.05832, Accuracy: 51.42857, Loss: 0.004800140
84/84: Matthews 0.04849, Accuracy: 50.61224, Loss: 0.004766556
 
Best Matthews: 0.14032, Best Accuracy: 57.95918, Best Loss: 0.006751218 at epoch 1
Time Elasped: 00:01:15
========= Epoch 17 =========
42/84: Matthews 0.05656, Accuracy: 51.63265, Loss: 0.004747987
84/84: Matthews 0.06380, Accuracy: 51.63265, Loss: 0.004710969
 
Best Matthews: 0.14032, Best Accuracy: 57.95918, Best Loss: 0.006751218 at epoch 1
Time Elasped: 00:01:20
========= Epoch 18 =========
42/84: Matthews 0.03180, Accuracy: 49.18367, Loss: 0.004669528
84/84: Matthews 0.06992, Accuracy: 52.04082, Loss: 0.004658578
 
Best Matthews: 0.14032, Best Accuracy: 57.95918, Best Loss: 0.006751218 at epoch 1
Time Elasped: 00:01:24
========= Epoch 19 =========
42/84: Matthews 0.06880, Accuracy: 52.44898, Loss: 0.004649222
84/84: Matthews 0.02184, Accuracy: 48.36735, Loss: 0.004584626
 
Best Matthews: 0.14032, Best Accuracy: 57.95918, Best Loss: 0.006751218 at epoch 1
Time Elasped: 00:01:28
========= Epoch 20 =========
42/84: Matthews 0.05398, Accuracy: 50.81633, Loss: 0.004574604
84/84: Matthews 0.07297, Accuracy: 52.24490, Loss: 0.004553954
 
Best Matthews: 0.14032, Best Accuracy: 57.95918, Best Loss: 0.006751218 at epoch 1
Time Elasped: 00:01:32
========= Epoch 21 =========
42/84: Matthews 0.06470, Accuracy: 52.65306, Loss: 0.004553759
84/84: Matthews 0.03798, Accuracy: 49.59184, Loss: 0.004479186
 
Best Matthews: 0.14032, Best Accuracy: 57.95918, Best Loss: 0.006751218 at epoch 1
Time Elasped: 00:01:37
========= Epoch 22 =========
Early Stopping activated
 
Best Matthews: 0.14032, Best Accuracy: 57.95918, Best Loss: 0.006751218 at epoch 1
Time Elasped: 00:01:40
Test Set:
0/0: Matthews 0.17231, Accuracy: 59.46372, Loss: 0.002468462
