Namespace(batch_size=32, buffer_size=1, by_source=False, crop_pad_length=30, data='./acceptability_corpus/verb_classes/spray_load', data_type='discriminator', dropout=0.2, embedding='glove.6B.300d', embedding_path='/scratch/asw462/models/elmo_encoder/elmo.emb', embedding_size=217, encoder_num_layers=2, encoder_path='/scratch/asw462/models/elmo_encoder/elmo.pth', encoding_size=528, encoding_type='lstm_pooling_classifier', epochs=1000, evaluate_train=False, experiment_name='experiment_linear_classifier_h_71_l_1_lr_0.0001_e_217_do_0.2', glove=False, gpu=True, hidden_size=71, imbalance=True, learning_rate=0.00013, lm_path=None, logs_dir='/scratch/asw462/logs/verb_classes/spray_load', max_pool=False, model='linear_classifier', num_layers=1, output_dir='/scratch/asw462/logs/verb_classes/outputs/spray_load', patience=20, preprocess_tokenizer='space', prints_per_stage=1, resume=True, resume_file=None, save_loc='/scratch/asw462/models/verb_classes/spray_load', seed=1111, should_not_log=False, should_not_lowercase=False, should_not_preprocess_data=False, stages_per_epoch=2, train_embeddings=False, train_evaluate_interval=10, vocab_file='/scratch/asw462/data/vocab_100k.tsv')
======== General =======
Model: linear_classifier
GPU: True
Experiment Name: experiment_linear_classifier_h_71_l_1_lr_0.0001_e_217_do_0.2
Save location: /scratch/asw462/models/verb_classes/spray_load
Logs dir: /scratch/asw462/logs/verb_classes/spray_load
Timestamp: 2018/08/01 20:20:56
 
======== Data =======
Training set: 2688 examples
Validation set: 490 examples
Test set: 1902 examples
 
======= Parameters =======
Learning Rate: 0.000130
Batch Size: 32
Epochs: 1000
Patience: 20
Stages per Epoch: 2
Embedding: 100004 x 217
Number of layers: 1
Hidden Size: 71
Encoder Size: 528
Resume: True
 
======= Model =======
LinearClassifierWithEncoder(
  (model): LinearClassifier(
    (dropout): Dropout(p=0.2)
    (enc2h): Linear(in_features=1056, out_features=71, bias=True)
    (h20): Linear(in_features=71, out_features=1, bias=True)
    (sigmoid): Sigmoid()
    (tanh): Tanh()
    (softmax): Softmax()
  )
  (encoder): LSTMPoolingClassifierWithELMo(
    (elmo): ELMOClassifier(
      (lm): LSTMLanguageModel(
        (dropout): Dropout(p=0.2)
        (embedding): Embedding(100003, 217)
        (lstm): LSTM(217, 891, num_layers=2, dropout=0.2)
        (fc): Linear(in_features=891, out_features=100003, bias=True)
      )
      (lstms): ModuleList(
        (0): LSTM(217, 891, batch_first=True)
        (1): LSTM(891, 891, batch_first=True)
      )
      (dropout): Dropout(p=0.2)
      (linear_comb): Linear(in_features=2, out_features=1, bias=True)
      (fc1): Linear(in_features=891, out_features=528, bias=True)
      (relu): ReLU()
      (out): Linear(in_features=528, out_features=1, bias=True)
      (sigmoid): Sigmoid()
    )
    (pooling_classifier): LSTMPoolingClassifier(
      (ih2h): LSTM(891, 528, num_layers=3, batch_first=True, dropout=0.2, bidirectional=True)
      (pool2o): Linear(in_features=1056, out_features=1, bias=True)
      (sigmoid): Sigmoid()
      (softmax): Softmax()
      (dropout): Dropout(p=0.2)
    )
  )
)
 
========= Epoch 1 =========
42/84: Matthews 0.09020, Accuracy: 53.87755, Loss: 0.006603334
84/84: Matthews 0.09370, Accuracy: 53.46939, Loss: 0.006266521
 
Best Matthews: 0.09370, Best Accuracy: 53.46939, Best Loss: 0.006266521 at epoch 1
Time Elasped: 00:00:12
========= Epoch 2 =========
42/84: Matthews 0.02362, Accuracy: 48.16327, Loss: 0.005885002
84/84: Matthews 0.04472, Accuracy: 49.38776, Loss: 0.005592907
 
Best Matthews: 0.09370, Best Accuracy: 53.46939, Best Loss: 0.006266521 at epoch 1
Time Elasped: 00:00:16
========= Epoch 3 =========
42/84: Matthews 0.08252, Accuracy: 56.12245, Loss: 0.005588273
84/84: Matthews 0.04978, Accuracy: 51.02041, Loss: 0.005241573
 
Best Matthews: 0.09370, Best Accuracy: 53.46939, Best Loss: 0.006266521 at epoch 1
Time Elasped: 00:00:20
========= Epoch 4 =========
42/84: Matthews 0.04235, Accuracy: 50.20408, Loss: 0.005037553
84/84: Matthews 0.04258, Accuracy: 51.02041, Loss: 0.004919153
 
Best Matthews: 0.09370, Best Accuracy: 53.46939, Best Loss: 0.006266521 at epoch 1
Time Elasped: 00:00:25
========= Epoch 5 =========
42/84: Matthews 0.00141, Accuracy: 49.38776, Loss: 0.004777635
84/84: Matthews 0.05245, Accuracy: 51.83673, Loss: 0.004669659
 
Best Matthews: 0.09370, Best Accuracy: 53.46939, Best Loss: 0.006266521 at epoch 1
Time Elasped: 00:00:29
========= Epoch 6 =========
42/84: Matthews 0.05811, Accuracy: 54.08163, Loss: 0.004766095
84/84: Matthews -0.01679, Accuracy: 46.93878, Loss: 0.004484254
 
Best Matthews: 0.09370, Best Accuracy: 53.46939, Best Loss: 0.006266521 at epoch 1
Time Elasped: 00:00:33
========= Epoch 7 =========
42/84: Matthews 0.03517, Accuracy: 51.63265, Loss: 0.004441334
84/84: Matthews 0.05656, Accuracy: 51.63265, Loss: 0.004400333
 
Best Matthews: 0.09370, Best Accuracy: 53.46939, Best Loss: 0.006266521 at epoch 1
Time Elasped: 00:00:37
========= Epoch 8 =========
42/84: Matthews 0.07932, Accuracy: 53.46939, Loss: 0.004416632
84/84: Matthews 0.02041, Accuracy: 49.38776, Loss: 0.004250861
 
Best Matthews: 0.09370, Best Accuracy: 53.46939, Best Loss: 0.006266521 at epoch 1
Time Elasped: 00:00:41
========= Epoch 9 =========
42/84: Matthews 0.05759, Accuracy: 52.65306, Loss: 0.004267429
84/84: Matthews 0.02456, Accuracy: 50.61224, Loss: 0.004184486
 
Best Matthews: 0.09370, Best Accuracy: 53.46939, Best Loss: 0.006266521 at epoch 1
Time Elasped: 00:00:45
========= Epoch 10 =========
42/84: Matthews 0.06335, Accuracy: 52.24490, Loss: 0.004100842
84/84: Matthews 0.03377, Accuracy: 49.79592, Loss: 0.004048296
 
Best Matthews: 0.09370, Best Accuracy: 53.46939, Best Loss: 0.006266521 at epoch 1
Time Elasped: 00:00:50
========= Epoch 11 =========
42/84: Matthews 0.04957, Accuracy: 53.67347, Loss: 0.004321135
84/84: Matthews 0.05268, Accuracy: 53.87755, Loss: 0.004218257
 
Best Matthews: 0.09370, Best Accuracy: 53.46939, Best Loss: 0.006266521 at epoch 1
Time Elasped: 00:00:54
========= Epoch 12 =========
42/84: Matthews 0.04647, Accuracy: 53.46939, Loss: 0.004267116
84/84: Matthews 0.06987, Accuracy: 53.46939, Loss: 0.004040442
 
Best Matthews: 0.09370, Best Accuracy: 53.46939, Best Loss: 0.006266521 at epoch 1
Time Elasped: 00:00:58
========= Epoch 13 =========
42/84: Matthews 0.06353, Accuracy: 54.28571, Loss: 0.004136309
84/84: Matthews 0.06513, Accuracy: 54.69388, Loss: 0.004146060
 
Best Matthews: 0.09370, Best Accuracy: 53.46939, Best Loss: 0.006266521 at epoch 1
Time Elasped: 00:01:02
========= Epoch 14 =========
42/84: Matthews 0.07909, Accuracy: 54.08163, Loss: 0.003953744
84/84: Matthews 0.07050, Accuracy: 54.28571, Loss: 0.003996319
 
Best Matthews: 0.09370, Best Accuracy: 53.46939, Best Loss: 0.006266521 at epoch 1
Time Elasped: 00:01:06
========= Epoch 15 =========
42/84: Matthews 0.06744, Accuracy: 54.69388, Loss: 0.004064193
84/84: Matthews 0.06432, Accuracy: 54.48980, Loss: 0.003978766
 
Best Matthews: 0.09370, Best Accuracy: 53.46939, Best Loss: 0.006266521 at epoch 1
Time Elasped: 00:01:10
========= Epoch 16 =========
42/84: Matthews 0.06744, Accuracy: 54.69388, Loss: 0.004047314
84/84: Matthews 0.02144, Accuracy: 48.97959, Loss: 0.003694733
 
Best Matthews: 0.09370, Best Accuracy: 53.46939, Best Loss: 0.006266521 at epoch 1
Time Elasped: 00:01:15
========= Epoch 17 =========
42/84: Matthews 0.05346, Accuracy: 54.08163, Loss: 0.003963886
84/84: Matthews 0.06839, Accuracy: 56.53061, Loss: 0.004348877
 
Best Matthews: 0.09370, Best Accuracy: 53.46939, Best Loss: 0.006266521 at epoch 1
Time Elasped: 00:01:19
========= Epoch 18 =========
42/84: Matthews 0.06402, Accuracy: 52.44898, Loss: 0.003722363
84/84: Matthews 0.08206, Accuracy: 56.53061, Loss: 0.004153370
 
Best Matthews: 0.09370, Best Accuracy: 53.46939, Best Loss: 0.006266521 at epoch 1
Time Elasped: 00:01:23
========= Epoch 19 =========
42/84: Matthews 0.08852, Accuracy: 54.08163, Loss: 0.003641399
84/84: Matthews 0.10245, Accuracy: 54.69388, Loss: 0.003742549
 
Best Matthews: 0.10245, Best Accuracy: 54.69388, Best Loss: 0.003742549 at epoch 19
Time Elasped: 00:01:29
========= Epoch 20 =========
42/84: Matthews 0.07849, Accuracy: 55.71429, Loss: 0.004035554
84/84: Matthews 0.07459, Accuracy: 53.46939, Loss: 0.003626482
 
Best Matthews: 0.10245, Best Accuracy: 54.69388, Best Loss: 0.003742549 at epoch 19
Time Elasped: 00:01:33
========= Epoch 21 =========
42/84: Matthews 0.07983, Accuracy: 54.28571, Loss: 0.003728529
84/84: Matthews 0.10784, Accuracy: 58.16327, Loss: 0.004127192
 
Best Matthews: 0.10784, Best Accuracy: 58.16327, Best Loss: 0.004127192 at epoch 21
Time Elasped: 00:01:39
========= Epoch 22 =========
42/84: Matthews 0.09264, Accuracy: 57.34694, Loss: 0.004015746
84/84: Matthews 0.09347, Accuracy: 57.95918, Loss: 0.004164441
 
Best Matthews: 0.10784, Best Accuracy: 58.16327, Best Loss: 0.004127192 at epoch 21
Time Elasped: 00:01:43
========= Epoch 23 =========
42/84: Matthews 0.10537, Accuracy: 56.12245, Loss: 0.003728625
84/84: Matthews 0.10456, Accuracy: 55.91837, Loss: 0.003646210
 
Best Matthews: 0.10784, Best Accuracy: 58.16327, Best Loss: 0.004127192 at epoch 21
Time Elasped: 00:01:48
========= Epoch 24 =========
42/84: Matthews 0.15976, Accuracy: 61.22449, Loss: 0.004191910
84/84: Matthews 0.12746, Accuracy: 58.97959, Loss: 0.003889413
 
Best Matthews: 0.15976, Best Accuracy: 61.22449, Best Loss: 0.004191910 at epoch 24
Time Elasped: 00:01:53
========= Epoch 25 =========
42/84: Matthews 0.13838, Accuracy: 58.97959, Loss: 0.003742034
84/84: Matthews 0.13541, Accuracy: 58.36735, Loss: 0.003676345
 
Best Matthews: 0.15976, Best Accuracy: 61.22449, Best Loss: 0.004191910 at epoch 24
Time Elasped: 00:01:58
========= Epoch 26 =========
42/84: Matthews 0.15243, Accuracy: 60.00000, Loss: 0.003854285
84/84: Matthews 0.14125, Accuracy: 61.22449, Loss: 0.004274152
 
Best Matthews: 0.15976, Best Accuracy: 61.22449, Best Loss: 0.004191910 at epoch 24
Time Elasped: 00:02:02
========= Epoch 27 =========
42/84: Matthews 0.15576, Accuracy: 59.38776, Loss: 0.003635521
84/84: Matthews 0.13492, Accuracy: 57.75510, Loss: 0.003462470
 
Best Matthews: 0.15976, Best Accuracy: 61.22449, Best Loss: 0.004191910 at epoch 24
Time Elasped: 00:02:06
========= Epoch 28 =========
42/84: Matthews 0.15138, Accuracy: 59.38776, Loss: 0.003608166
84/84: Matthews 0.13843, Accuracy: 60.81633, Loss: 0.003980169
 
Best Matthews: 0.15976, Best Accuracy: 61.22449, Best Loss: 0.004191910 at epoch 24
Time Elasped: 00:02:10
========= Epoch 29 =========
42/84: Matthews 0.12791, Accuracy: 61.63265, Loss: 0.004507135
84/84: Matthews 0.12380, Accuracy: 60.81633, Loss: 0.004216980
 
Best Matthews: 0.15976, Best Accuracy: 61.22449, Best Loss: 0.004191910 at epoch 24
Time Elasped: 00:02:14
========= Epoch 30 =========
42/84: Matthews 0.15144, Accuracy: 60.20408, Loss: 0.003767825
84/84: Matthews 0.10146, Accuracy: 55.71429, Loss: 0.003383247
 
Best Matthews: 0.15976, Best Accuracy: 61.22449, Best Loss: 0.004191910 at epoch 24
Time Elasped: 00:02:19
========= Epoch 31 =========
42/84: Matthews 0.09766, Accuracy: 55.91837, Loss: 0.003376006
84/84: Matthews 0.16316, Accuracy: 61.42857, Loss: 0.003949445
 
Best Matthews: 0.16316, Best Accuracy: 61.42857, Best Loss: 0.003949445 at epoch 31
Time Elasped: 00:02:26
========= Epoch 32 =========
42/84: Matthews 0.17687, Accuracy: 62.24490, Loss: 0.003822937
84/84: Matthews 0.12543, Accuracy: 56.53061, Loss: 0.003179024
 
Best Matthews: 0.17687, Best Accuracy: 62.24490, Best Loss: 0.003822937 at epoch 32
Time Elasped: 00:02:32
========= Epoch 33 =========
42/84: Matthews 0.15241, Accuracy: 59.59184, Loss: 0.003551311
84/84: Matthews 0.15672, Accuracy: 60.00000, Loss: 0.003555083
 
Best Matthews: 0.17687, Best Accuracy: 62.24490, Best Loss: 0.003822937 at epoch 32
Time Elasped: 00:02:36
========= Epoch 34 =========
42/84: Matthews 0.14378, Accuracy: 61.83673, Loss: 0.004235152
84/84: Matthews 0.16816, Accuracy: 59.18367, Loss: 0.003327939
 
Best Matthews: 0.17687, Best Accuracy: 62.24490, Best Loss: 0.003822937 at epoch 32
Time Elasped: 00:02:40
========= Epoch 35 =========
42/84: Matthews 0.16521, Accuracy: 61.42857, Loss: 0.003631700
84/84: Matthews 0.18092, Accuracy: 61.63265, Loss: 0.003574441
 
Best Matthews: 0.18092, Best Accuracy: 61.63265, Best Loss: 0.003574441 at epoch 35
Time Elasped: 00:02:46
========= Epoch 36 =========
42/84: Matthews 0.15998, Accuracy: 59.79592, Loss: 0.003412035
84/84: Matthews 0.16788, Accuracy: 62.85714, Loss: 0.004052931
 
Best Matthews: 0.18092, Best Accuracy: 61.63265, Best Loss: 0.003574441 at epoch 35
Time Elasped: 00:02:50
========= Epoch 37 =========
42/84: Matthews 0.15024, Accuracy: 59.59184, Loss: 0.003398053
84/84: Matthews 0.16144, Accuracy: 59.18367, Loss: 0.003280681
 
Best Matthews: 0.18092, Best Accuracy: 61.63265, Best Loss: 0.003574441 at epoch 35
Time Elasped: 00:02:54
========= Epoch 38 =========
42/84: Matthews 0.14784, Accuracy: 57.55102, Loss: 0.003218902
84/84: Matthews 0.15262, Accuracy: 60.40816, Loss: 0.003516167
 
Best Matthews: 0.18092, Best Accuracy: 61.63265, Best Loss: 0.003574441 at epoch 35
Time Elasped: 00:02:58
========= Epoch 39 =========
42/84: Matthews 0.13738, Accuracy: 62.04082, Loss: 0.004209881
84/84: Matthews 0.14681, Accuracy: 61.42857, Loss: 0.003820116
 
Best Matthews: 0.18092, Best Accuracy: 61.63265, Best Loss: 0.003574441 at epoch 35
Time Elasped: 00:03:02
========= Epoch 40 =========
42/84: Matthews 0.13863, Accuracy: 57.55102, Loss: 0.003205502
84/84: Matthews 0.15594, Accuracy: 60.61224, Loss: 0.003490217
 
Best Matthews: 0.18092, Best Accuracy: 61.63265, Best Loss: 0.003574441 at epoch 35
Time Elasped: 00:03:07
========= Epoch 41 =========
42/84: Matthews 0.16564, Accuracy: 58.57143, Loss: 0.003149006
84/84: Matthews 0.15144, Accuracy: 60.20408, Loss: 0.003450131
 
Best Matthews: 0.18092, Best Accuracy: 61.63265, Best Loss: 0.003574441 at epoch 35
Time Elasped: 00:03:11
========= Epoch 42 =========
42/84: Matthews 0.12326, Accuracy: 57.14286, Loss: 0.003193527
84/84: Matthews 0.19980, Accuracy: 61.22449, Loss: 0.003318537
 
Best Matthews: 0.19980, Best Accuracy: 61.22449, Best Loss: 0.003318537 at epoch 42
Time Elasped: 00:03:17
========= Epoch 43 =========
42/84: Matthews 0.17496, Accuracy: 59.18367, Loss: 0.003126725
84/84: Matthews 0.19005, Accuracy: 63.87755, Loss: 0.004089629
 
Best Matthews: 0.19980, Best Accuracy: 61.22449, Best Loss: 0.003318537 at epoch 42
Time Elasped: 00:03:21
========= Epoch 44 =========
42/84: Matthews 0.16940, Accuracy: 62.04082, Loss: 0.003682798
84/84: Matthews 0.18353, Accuracy: 62.04082, Loss: 0.003602307
 
Best Matthews: 0.19980, Best Accuracy: 61.22449, Best Loss: 0.003318537 at epoch 42
Time Elasped: 00:03:25
========= Epoch 45 =========
42/84: Matthews 0.15300, Accuracy: 60.81633, Loss: 0.003517012
84/84: Matthews 0.17594, Accuracy: 62.65306, Loss: 0.003862501
 
Best Matthews: 0.19980, Best Accuracy: 61.22449, Best Loss: 0.003318537 at epoch 42
Time Elasped: 00:03:29
========= Epoch 46 =========
42/84: Matthews 0.16804, Accuracy: 61.22449, Loss: 0.003364276
84/84: Matthews 0.15497, Accuracy: 61.42857, Loss: 0.003610283
 
Best Matthews: 0.19980, Best Accuracy: 61.22449, Best Loss: 0.003318537 at epoch 42
Time Elasped: 00:03:33
========= Epoch 47 =========
42/84: Matthews 0.14112, Accuracy: 62.24490, Loss: 0.004295699
84/84: Matthews 0.16861, Accuracy: 61.63265, Loss: 0.003411250
 
Best Matthews: 0.19980, Best Accuracy: 61.22449, Best Loss: 0.003318537 at epoch 42
Time Elasped: 00:03:38
========= Epoch 48 =========
42/84: Matthews 0.18288, Accuracy: 62.24490, Loss: 0.003378122
84/84: Matthews 0.17594, Accuracy: 62.65306, Loss: 0.003618948
 
Best Matthews: 0.19980, Best Accuracy: 61.22449, Best Loss: 0.003318537 at epoch 42
Time Elasped: 00:03:42
========= Epoch 49 =========
42/84: Matthews 0.17141, Accuracy: 62.04082, Loss: 0.003526395
84/84: Matthews 0.17834, Accuracy: 62.44898, Loss: 0.003572796
 
Best Matthews: 0.19980, Best Accuracy: 61.22449, Best Loss: 0.003318537 at epoch 42
Time Elasped: 00:03:46
========= Epoch 50 =========
42/84: Matthews 0.19910, Accuracy: 62.85714, Loss: 0.003438489
84/84: Matthews 0.18556, Accuracy: 62.04082, Loss: 0.003466192
 
Best Matthews: 0.19980, Best Accuracy: 61.22449, Best Loss: 0.003318537 at epoch 42
Time Elasped: 00:03:50
========= Epoch 51 =========
42/84: Matthews 0.15843, Accuracy: 61.63265, Loss: 0.003608602
84/84: Matthews 0.19467, Accuracy: 63.06122, Loss: 0.003588490
 
Best Matthews: 0.19980, Best Accuracy: 61.22449, Best Loss: 0.003318537 at epoch 42
Time Elasped: 00:03:54
========= Epoch 52 =========
42/84: Matthews 0.19741, Accuracy: 64.08163, Loss: 0.003727937
84/84: Matthews 0.16847, Accuracy: 62.44898, Loss: 0.003604799
 
Best Matthews: 0.19980, Best Accuracy: 61.22449, Best Loss: 0.003318537 at epoch 42
Time Elasped: 00:03:59
========= Epoch 53 =========
42/84: Matthews 0.17088, Accuracy: 62.24490, Loss: 0.003537965
84/84: Matthews 0.21186, Accuracy: 63.26531, Loss: 0.003252263
 
Best Matthews: 0.21186, Best Accuracy: 63.26531, Best Loss: 0.003252263 at epoch 53
Time Elasped: 00:04:05
========= Epoch 54 =========
42/84: Matthews 0.21050, Accuracy: 62.04082, Loss: 0.003122123
84/84: Matthews 0.18079, Accuracy: 63.67347, Loss: 0.003848097
 
Best Matthews: 0.21186, Best Accuracy: 63.26531, Best Loss: 0.003252263 at epoch 53
Time Elasped: 00:04:09
========= Epoch 55 =========
42/84: Matthews 0.20938, Accuracy: 63.46939, Loss: 0.003361649
84/84: Matthews 0.20491, Accuracy: 63.87755, Loss: 0.003605568
 
Best Matthews: 0.21186, Best Accuracy: 63.26531, Best Loss: 0.003252263 at epoch 53
Time Elasped: 00:04:13
========= Epoch 56 =========
42/84: Matthews 0.17887, Accuracy: 62.24490, Loss: 0.003341349
84/84: Matthews 0.18728, Accuracy: 62.85714, Loss: 0.003560940
 
Best Matthews: 0.21186, Best Accuracy: 63.26531, Best Loss: 0.003252263 at epoch 53
Time Elasped: 00:04:17
========= Epoch 57 =========
42/84: Matthews 0.18032, Accuracy: 62.44898, Loss: 0.003454116
84/84: Matthews 0.19662, Accuracy: 63.06122, Loss: 0.003661025
 
Best Matthews: 0.21186, Best Accuracy: 63.26531, Best Loss: 0.003252263 at epoch 53
Time Elasped: 00:04:22
========= Epoch 58 =========
42/84: Matthews 0.19370, Accuracy: 62.65306, Loss: 0.003359514
84/84: Matthews 0.19467, Accuracy: 63.06122, Loss: 0.003492803
 
Best Matthews: 0.21186, Best Accuracy: 63.26531, Best Loss: 0.003252263 at epoch 53
Time Elasped: 00:04:26
========= Epoch 59 =========
42/84: Matthews 0.16294, Accuracy: 62.24490, Loss: 0.003589782
84/84: Matthews 0.18832, Accuracy: 63.46939, Loss: 0.003577035
 
Best Matthews: 0.21186, Best Accuracy: 63.26531, Best Loss: 0.003252263 at epoch 53
Time Elasped: 00:04:30
========= Epoch 60 =========
42/84: Matthews 0.20303, Accuracy: 63.87755, Loss: 0.003508950
84/84: Matthews 0.19978, Accuracy: 61.63265, Loss: 0.003019259
 
Best Matthews: 0.21186, Best Accuracy: 63.26531, Best Loss: 0.003252263 at epoch 53
Time Elasped: 00:04:34
========= Epoch 61 =========
42/84: Matthews 0.23055, Accuracy: 63.67347, Loss: 0.003129813
84/84: Matthews 0.16191, Accuracy: 61.83673, Loss: 0.003634326
 
Best Matthews: 0.23055, Best Accuracy: 63.67347, Best Loss: 0.003129813 at epoch 61
Time Elasped: 00:04:40
========= Epoch 62 =========
42/84: Matthews 0.19815, Accuracy: 63.26531, Loss: 0.003425509
84/84: Matthews 0.19120, Accuracy: 62.85714, Loss: 0.003423828
 
Best Matthews: 0.23055, Best Accuracy: 63.67347, Best Loss: 0.003129813 at epoch 61
Time Elasped: 00:04:44
========= Epoch 63 =========
42/84: Matthews 0.19758, Accuracy: 63.67347, Loss: 0.003686869
84/84: Matthews 0.21409, Accuracy: 64.08163, Loss: 0.003589529
 
Best Matthews: 0.23055, Best Accuracy: 63.67347, Best Loss: 0.003129813 at epoch 61
Time Elasped: 00:04:48
========= Epoch 64 =========
42/84: Matthews 0.19622, Accuracy: 63.26531, Loss: 0.003739774
84/84: Matthews 0.22403, Accuracy: 63.87755, Loss: 0.003328534
 
Best Matthews: 0.23055, Best Accuracy: 63.67347, Best Loss: 0.003129813 at epoch 61
Time Elasped: 00:04:52
========= Epoch 65 =========
42/84: Matthews 0.15700, Accuracy: 62.24490, Loss: 0.003664714
84/84: Matthews 0.21283, Accuracy: 63.67347, Loss: 0.003284327
 
Best Matthews: 0.23055, Best Accuracy: 63.67347, Best Loss: 0.003129813 at epoch 61
Time Elasped: 00:04:56
========= Epoch 66 =========
42/84: Matthews 0.19559, Accuracy: 64.08163, Loss: 0.003770181
84/84: Matthews 0.22259, Accuracy: 63.67347, Loss: 0.003255260
 
Best Matthews: 0.23055, Best Accuracy: 63.67347, Best Loss: 0.003129813 at epoch 61
Time Elasped: 00:05:01
========= Epoch 67 =========
42/84: Matthews 0.25126, Accuracy: 64.69388, Loss: 0.003177640
84/84: Matthews 0.19272, Accuracy: 63.06122, Loss: 0.003428257
 
Best Matthews: 0.25126, Best Accuracy: 64.69388, Best Loss: 0.003177640 at epoch 67
Time Elasped: 00:05:07
========= Epoch 68 =========
42/84: Matthews 0.18305, Accuracy: 63.06122, Loss: 0.003436641
84/84: Matthews 0.22655, Accuracy: 63.67347, Loss: 0.003087010
 
Best Matthews: 0.25126, Best Accuracy: 64.69388, Best Loss: 0.003177640 at epoch 67
Time Elasped: 00:05:11
========= Epoch 69 =========
42/84: Matthews 0.19005, Accuracy: 63.87755, Loss: 0.003650531
84/84: Matthews 0.20325, Accuracy: 63.67347, Loss: 0.003454316
 
Best Matthews: 0.25126, Best Accuracy: 64.69388, Best Loss: 0.003177640 at epoch 67
Time Elasped: 00:05:15
========= Epoch 70 =========
42/84: Matthews 0.19925, Accuracy: 64.08163, Loss: 0.003737885
84/84: Matthews 0.21933, Accuracy: 64.48980, Loss: 0.003484780
 
Best Matthews: 0.25126, Best Accuracy: 64.69388, Best Loss: 0.003177640 at epoch 67
Time Elasped: 00:05:19
========= Epoch 71 =========
42/84: Matthews 0.16788, Accuracy: 63.67347, Loss: 0.003974770
84/84: Matthews 0.20515, Accuracy: 63.67347, Loss: 0.003355598
 
Best Matthews: 0.25126, Best Accuracy: 64.69388, Best Loss: 0.003177640 at epoch 67
Time Elasped: 00:05:23
========= Epoch 72 =========
42/84: Matthews 0.20656, Accuracy: 64.28571, Loss: 0.003512266
84/84: Matthews 0.19467, Accuracy: 63.06122, Loss: 0.003347400
 
Best Matthews: 0.25126, Best Accuracy: 64.69388, Best Loss: 0.003177640 at epoch 67
Time Elasped: 00:05:27
========= Epoch 73 =========
42/84: Matthews 0.23055, Accuracy: 63.67347, Loss: 0.002966834
84/84: Matthews 0.24202, Accuracy: 64.48980, Loss: 0.003091499
 
Best Matthews: 0.25126, Best Accuracy: 64.69388, Best Loss: 0.003177640 at epoch 67
Time Elasped: 00:05:32
========= Epoch 74 =========
42/84: Matthews 0.23055, Accuracy: 63.67347, Loss: 0.002971468
84/84: Matthews 0.22794, Accuracy: 63.87755, Loss: 0.003173522
 
Best Matthews: 0.25126, Best Accuracy: 64.69388, Best Loss: 0.003177640 at epoch 67
Time Elasped: 00:05:36
========= Epoch 75 =========
42/84: Matthews 0.20303, Accuracy: 63.87755, Loss: 0.003451855
84/84: Matthews 0.22721, Accuracy: 63.46939, Loss: 0.003201563
 
Best Matthews: 0.25126, Best Accuracy: 64.69388, Best Loss: 0.003177640 at epoch 67
Time Elasped: 00:05:40
========= Epoch 76 =========
42/84: Matthews 0.23400, Accuracy: 64.69388, Loss: 0.003285916
84/84: Matthews 0.21784, Accuracy: 63.26531, Loss: 0.003022873
 
Best Matthews: 0.25126, Best Accuracy: 64.69388, Best Loss: 0.003177640 at epoch 67
Time Elasped: 00:05:44
========= Epoch 77 =========
42/84: Matthews 0.22515, Accuracy: 64.28571, Loss: 0.003291813
84/84: Matthews 0.21950, Accuracy: 64.28571, Loss: 0.003382283
 
Best Matthews: 0.25126, Best Accuracy: 64.69388, Best Loss: 0.003177640 at epoch 67
Time Elasped: 00:05:48
========= Epoch 78 =========
42/84: Matthews 0.19910, Accuracy: 62.85714, Loss: 0.003143265
84/84: Matthews 0.21799, Accuracy: 62.24490, Loss: 0.002859461
 
Best Matthews: 0.25126, Best Accuracy: 64.69388, Best Loss: 0.003177640 at epoch 67
Time Elasped: 00:05:52
========= Epoch 79 =========
42/84: Matthews 0.22141, Accuracy: 62.85714, Loss: 0.002972595
84/84: Matthews 0.17705, Accuracy: 63.46939, Loss: 0.003735062
 
Best Matthews: 0.25126, Best Accuracy: 64.69388, Best Loss: 0.003177640 at epoch 67
Time Elasped: 00:05:57
========= Epoch 80 =========
42/84: Matthews 0.19374, Accuracy: 63.87755, Loss: 0.003438444
84/84: Matthews 0.21047, Accuracy: 63.06122, Loss: 0.002976744
 
Best Matthews: 0.25126, Best Accuracy: 64.69388, Best Loss: 0.003177640 at epoch 67
Time Elasped: 00:06:01
========= Epoch 81 =========
42/84: Matthews 0.19272, Accuracy: 63.06122, Loss: 0.003338714
84/84: Matthews 0.18087, Accuracy: 62.24490, Loss: 0.003194275
 
Best Matthews: 0.25126, Best Accuracy: 64.69388, Best Loss: 0.003177640 at epoch 67
Time Elasped: 00:06:05
========= Epoch 82 =========
42/84: Matthews 0.17342, Accuracy: 62.04082, Loss: 0.003184502
84/84: Matthews 0.23055, Accuracy: 63.67347, Loss: 0.002907001
 
Best Matthews: 0.25126, Best Accuracy: 64.69388, Best Loss: 0.003177640 at epoch 67
Time Elasped: 00:06:09
========= Epoch 83 =========
42/84: Matthews 0.21384, Accuracy: 64.48980, Loss: 0.003370802
84/84: Matthews 0.19744, Accuracy: 63.87755, Loss: 0.003451533
 
Best Matthews: 0.25126, Best Accuracy: 64.69388, Best Loss: 0.003177640 at epoch 67
Time Elasped: 00:06:13
========= Epoch 84 =========
42/84: Matthews 0.19189, Accuracy: 63.87755, Loss: 0.003593018
84/84: Matthews 0.20203, Accuracy: 63.26531, Loss: 0.003210607
 
Best Matthews: 0.25126, Best Accuracy: 64.69388, Best Loss: 0.003177640 at epoch 67
Time Elasped: 00:06:18
========= Epoch 85 =========
42/84: Matthews 0.22137, Accuracy: 64.28571, Loss: 0.003256559
84/84: Matthews 0.16958, Accuracy: 63.46939, Loss: 0.003896082
 
Best Matthews: 0.25126, Best Accuracy: 64.69388, Best Loss: 0.003177640 at epoch 67
Time Elasped: 00:06:22
========= Epoch 86 =========
42/84: Matthews 0.19231, Accuracy: 62.44898, Loss: 0.003068136
84/84: Matthews 0.16691, Accuracy: 62.24490, Loss: 0.003414097
 
Best Matthews: 0.25126, Best Accuracy: 64.69388, Best Loss: 0.003177640 at epoch 67
Time Elasped: 00:06:26
========= Epoch 87 =========
42/84: Matthews 0.16604, Accuracy: 63.67347, Loss: 0.004053769
84/84: Matthews 0.22520, Accuracy: 63.46939, Loss: 0.003072602
 
Best Matthews: 0.25126, Best Accuracy: 64.69388, Best Loss: 0.003177640 at epoch 67
Time Elasped: 00:06:30
========= Epoch 88 =========
Early Stopping activated
 
Best Matthews: 0.25126, Best Accuracy: 64.69388, Best Loss: 0.003177640 at epoch 67
Time Elasped: 00:06:34
Test Set:
0/0: Matthews 0.31027, Accuracy: 65.87802, Loss: 0.001515210
