Namespace(batch_size=32, buffer_size=1, by_source=False, crop_pad_length=30, data='./acceptability_corpus/verb_classes/spray_load', data_type='discriminator', dropout=0.5, embedding='glove.6B.300d', embedding_path='/scratch/asw462/models/elmo_encoder/elmo.emb', embedding_size=217, encoder_num_layers=2, encoder_path='/scratch/asw462/models/elmo_encoder/elmo.pth', encoding_size=528, encoding_type='lstm_pooling_classifier', epochs=1000, evaluate_train=False, experiment_name='experiment_linear_classifier_h_167_l_2_lr_0.0000_e_217_do_0.5', glove=False, gpu=True, hidden_size=167, imbalance=True, learning_rate=4e-05, lm_path=None, logs_dir='/scratch/asw462/logs/verb_classes/spray_load', max_pool=False, model='linear_classifier', num_layers=2, output_dir='/scratch/asw462/logs/verb_classes/outputs/spray_load', patience=20, preprocess_tokenizer='space', prints_per_stage=1, resume=True, resume_file=None, save_loc='/scratch/asw462/models/verb_classes/spray_load', seed=1111, should_not_log=False, should_not_lowercase=False, should_not_preprocess_data=False, stages_per_epoch=2, train_embeddings=False, train_evaluate_interval=10, vocab_file='/scratch/asw462/data/vocab_100k.tsv')
======== General =======
Model: linear_classifier
GPU: True
Experiment Name: experiment_linear_classifier_h_167_l_2_lr_0.0000_e_217_do_0.5
Save location: /scratch/asw462/models/verb_classes/spray_load
Logs dir: /scratch/asw462/logs/verb_classes/spray_load
Timestamp: 2018/08/01 20:21:45
 
======== Data =======
Training set: 2688 examples
Validation set: 490 examples
Test set: 1902 examples
 
======= Parameters =======
Learning Rate: 0.000040
Batch Size: 32
Epochs: 1000
Patience: 20
Stages per Epoch: 2
Embedding: 100004 x 217
Number of layers: 2
Hidden Size: 167
Encoder Size: 528
Resume: True
 
======= Model =======
LinearClassifierWithEncoder(
  (model): LinearClassifier(
    (dropout): Dropout(p=0.5)
    (enc2h): Linear(in_features=1056, out_features=167, bias=True)
    (h20): Linear(in_features=167, out_features=1, bias=True)
    (sigmoid): Sigmoid()
    (tanh): Tanh()
    (softmax): Softmax()
  )
  (encoder): LSTMPoolingClassifierWithELMo(
    (elmo): ELMOClassifier(
      (lm): LSTMLanguageModel(
        (dropout): Dropout(p=0.2)
        (embedding): Embedding(100003, 217)
        (lstm): LSTM(217, 891, num_layers=2, dropout=0.2)
        (fc): Linear(in_features=891, out_features=100003, bias=True)
      )
      (lstms): ModuleList(
        (0): LSTM(217, 891, batch_first=True)
        (1): LSTM(891, 891, batch_first=True)
      )
      (dropout): Dropout(p=0.2)
      (linear_comb): Linear(in_features=2, out_features=1, bias=True)
      (fc1): Linear(in_features=891, out_features=528, bias=True)
      (relu): ReLU()
      (out): Linear(in_features=528, out_features=1, bias=True)
      (sigmoid): Sigmoid()
    )
    (pooling_classifier): LSTMPoolingClassifier(
      (ih2h): LSTM(891, 528, num_layers=3, batch_first=True, dropout=0.2, bidirectional=True)
      (pool2o): Linear(in_features=1056, out_features=1, bias=True)
      (sigmoid): Sigmoid()
      (softmax): Softmax()
      (dropout): Dropout(p=0.2)
    )
  )
)
 
========= Epoch 1 =========
42/84: Matthews 0.07359, Accuracy: 57.14286, Loss: 0.006961523
84/84: Matthews 0.08659, Accuracy: 56.53061, Loss: 0.006802211
 
Best Matthews: 0.08659, Best Accuracy: 56.53061, Best Loss: 0.006802211 at epoch 1
Time Elasped: 00:00:12
========= Epoch 2 =========
42/84: Matthews 0.06011, Accuracy: 51.22449, Loss: 0.006610833
84/84: Matthews 0.08239, Accuracy: 53.67347, Loss: 0.006469399
 
Best Matthews: 0.08659, Best Accuracy: 56.53061, Best Loss: 0.006802211 at epoch 1
Time Elasped: 00:00:17
========= Epoch 3 =========
42/84: Matthews 0.08638, Accuracy: 52.65306, Loss: 0.006336024
84/84: Matthews 0.05733, Accuracy: 53.87755, Loss: 0.006255031
 
Best Matthews: 0.08659, Best Accuracy: 56.53061, Best Loss: 0.006802211 at epoch 1
Time Elasped: 00:00:21
========= Epoch 4 =========
42/84: Matthews 0.05949, Accuracy: 51.02041, Loss: 0.006048929
84/84: Matthews 0.05642, Accuracy: 50.81633, Loss: 0.005932993
 
Best Matthews: 0.08659, Best Accuracy: 56.53061, Best Loss: 0.006802211 at epoch 1
Time Elasped: 00:00:26
========= Epoch 5 =========
42/84: Matthews 0.04106, Accuracy: 49.79592, Loss: 0.005837585
84/84: Matthews 0.03180, Accuracy: 49.18367, Loss: 0.005706160
 
Best Matthews: 0.08659, Best Accuracy: 56.53061, Best Loss: 0.006802211 at epoch 1
Time Elasped: 00:00:31
========= Epoch 6 =========
42/84: Matthews 0.05028, Accuracy: 50.40816, Loss: 0.005615022
84/84: Matthews 0.06623, Accuracy: 51.63265, Loss: 0.005532442
 
Best Matthews: 0.08659, Best Accuracy: 56.53061, Best Loss: 0.006802211 at epoch 1
Time Elasped: 00:00:35
========= Epoch 7 =========
42/84: Matthews 0.05220, Accuracy: 51.02041, Loss: 0.005441773
84/84: Matthews 0.04477, Accuracy: 50.20408, Loss: 0.005345147
 
Best Matthews: 0.08659, Best Accuracy: 56.53061, Best Loss: 0.006802211 at epoch 1
Time Elasped: 00:00:40
========= Epoch 8 =========
42/84: Matthews 0.06380, Accuracy: 51.63265, Loss: 0.005268341
84/84: Matthews 0.03862, Accuracy: 49.79592, Loss: 0.005183785
 
Best Matthews: 0.08659, Best Accuracy: 56.53061, Best Loss: 0.006802211 at epoch 1
Time Elasped: 00:00:44
========= Epoch 9 =========
42/84: Matthews 0.02251, Accuracy: 48.57143, Loss: 0.005108861
84/84: Matthews 0.07320, Accuracy: 53.06122, Loss: 0.005095368
 
Best Matthews: 0.08659, Best Accuracy: 56.53061, Best Loss: 0.006802211 at epoch 1
Time Elasped: 00:00:49
========= Epoch 10 =========
42/84: Matthews 0.03992, Accuracy: 50.20408, Loss: 0.004984955
84/84: Matthews 0.01285, Accuracy: 48.57143, Loss: 0.004917224
 
Best Matthews: 0.08659, Best Accuracy: 56.53061, Best Loss: 0.006802211 at epoch 1
Time Elasped: 00:00:54
========= Epoch 11 =========
42/84: Matthews 0.05689, Accuracy: 52.44898, Loss: 0.004908981
84/84: Matthews 0.00355, Accuracy: 47.95918, Loss: 0.004799268
 
Best Matthews: 0.08659, Best Accuracy: 56.53061, Best Loss: 0.006802211 at epoch 1
Time Elasped: 00:00:58
========= Epoch 12 =========
42/84: Matthews 0.01215, Accuracy: 48.36735, Loss: 0.004750993
84/84: Matthews 0.02348, Accuracy: 49.59184, Loss: 0.004725423
 
Best Matthews: 0.08659, Best Accuracy: 56.53061, Best Loss: 0.006802211 at epoch 1
Time Elasped: 00:01:03
========= Epoch 13 =========
42/84: Matthews 0.04804, Accuracy: 51.22449, Loss: 0.004685726
84/84: Matthews -0.00267, Accuracy: 47.55102, Loss: 0.004638031
 
Best Matthews: 0.08659, Best Accuracy: 56.53061, Best Loss: 0.006802211 at epoch 1
Time Elasped: 00:01:08
========= Epoch 14 =========
42/84: Matthews 0.05220, Accuracy: 51.02041, Loss: 0.004619618
84/84: Matthews 0.05177, Accuracy: 51.63265, Loss: 0.004581059
 
Best Matthews: 0.08659, Best Accuracy: 56.53061, Best Loss: 0.006802211 at epoch 1
Time Elasped: 00:01:12
========= Epoch 15 =========
42/84: Matthews 0.07361, Accuracy: 52.44898, Loss: 0.004538497
84/84: Matthews 0.00595, Accuracy: 47.95918, Loss: 0.004486196
 
Best Matthews: 0.08659, Best Accuracy: 56.53061, Best Loss: 0.006802211 at epoch 1
Time Elasped: 00:01:17
========= Epoch 16 =========
42/84: Matthews 0.03511, Accuracy: 50.20408, Loss: 0.004455728
84/84: Matthews 0.05790, Accuracy: 52.04082, Loss: 0.004456558
 
Best Matthews: 0.08659, Best Accuracy: 56.53061, Best Loss: 0.006802211 at epoch 1
Time Elasped: 00:01:22
========= Epoch 17 =========
42/84: Matthews 0.04939, Accuracy: 51.63265, Loss: 0.004429452
84/84: Matthews 0.04326, Accuracy: 51.22449, Loss: 0.004394600
 
Best Matthews: 0.08659, Best Accuracy: 56.53061, Best Loss: 0.006802211 at epoch 1
Time Elasped: 00:01:26
========= Epoch 18 =========
42/84: Matthews 0.05110, Accuracy: 51.42857, Loss: 0.004370444
84/84: Matthews 0.04124, Accuracy: 50.61224, Loss: 0.004326891
 
Best Matthews: 0.08659, Best Accuracy: 56.53061, Best Loss: 0.006802211 at epoch 1
Time Elasped: 00:01:31
========= Epoch 19 =========
42/84: Matthews 0.04673, Accuracy: 52.24490, Loss: 0.004345280
84/84: Matthews 0.03003, Accuracy: 49.38776, Loss: 0.004262101
 
Best Matthews: 0.08659, Best Accuracy: 56.53061, Best Loss: 0.006802211 at epoch 1
Time Elasped: 00:01:36
========= Epoch 20 =========
42/84: Matthews 0.06137, Accuracy: 53.06122, Loss: 0.004340305
84/84: Matthews 0.04672, Accuracy: 50.81633, Loss: 0.004241016
 
Best Matthews: 0.08659, Best Accuracy: 56.53061, Best Loss: 0.006802211 at epoch 1
Time Elasped: 00:01:40
========= Epoch 21 =========
42/84: Matthews 0.05216, Accuracy: 52.44898, Loss: 0.004300511
84/84: Matthews 0.06138, Accuracy: 51.63265, Loss: 0.004202816
 
Best Matthews: 0.08659, Best Accuracy: 56.53061, Best Loss: 0.006802211 at epoch 1
Time Elasped: 00:01:45
========= Epoch 22 =========
Early Stopping activated
 
Best Matthews: 0.08659, Best Accuracy: 56.53061, Best Loss: 0.006802211 at epoch 1
Time Elasped: 00:01:49
Test Set:
0/0: Matthews 0.18501, Accuracy: 61.14616, Loss: 0.002490105
