Namespace(batch_size=32, buffer_size=1, by_source=False, crop_pad_length=30, data='./acceptability_corpus/verb_classes/spray_load', data_type='discriminator', dropout=0.2, embedding='glove.6B.300d', embedding_path='/scratch/asw462/models/elmo_encoder/elmo.emb', embedding_size=217, encoder_num_layers=2, encoder_path='/scratch/asw462/models/elmo_encoder/elmo.pth', encoding_size=528, encoding_type='lstm_pooling_classifier', epochs=1000, evaluate_train=False, experiment_name='experiment_linear_classifier_h_131_l_1_lr_0.0000_e_217_do_0.2', glove=False, gpu=True, hidden_size=131, imbalance=True, learning_rate=1e-05, lm_path=None, logs_dir='/scratch/asw462/logs/verb_classes/spray_load', max_pool=False, model='linear_classifier', num_layers=1, output_dir='/scratch/asw462/logs/verb_classes/outputs/spray_load', patience=20, preprocess_tokenizer='space', prints_per_stage=1, resume=True, resume_file=None, save_loc='/scratch/asw462/models/verb_classes/spray_load', seed=1111, should_not_log=False, should_not_lowercase=False, should_not_preprocess_data=False, stages_per_epoch=2, train_embeddings=False, train_evaluate_interval=10, vocab_file='/scratch/asw462/data/vocab_100k.tsv')
======== General =======
Model: linear_classifier
GPU: True
Experiment Name: experiment_linear_classifier_h_131_l_1_lr_0.0000_e_217_do_0.2
Save location: /scratch/asw462/models/verb_classes/spray_load
Logs dir: /scratch/asw462/logs/verb_classes/spray_load
Timestamp: 2018/08/01 20:20:56
 
======== Data =======
Training set: 2688 examples
Validation set: 490 examples
Test set: 1902 examples
 
======= Parameters =======
Learning Rate: 0.000010
Batch Size: 32
Epochs: 1000
Patience: 20
Stages per Epoch: 2
Embedding: 100004 x 217
Number of layers: 1
Hidden Size: 131
Encoder Size: 528
Resume: True
 
======= Model =======
LinearClassifierWithEncoder(
  (model): LinearClassifier(
    (dropout): Dropout(p=0.2)
    (enc2h): Linear(in_features=1056, out_features=131, bias=True)
    (h20): Linear(in_features=131, out_features=1, bias=True)
    (sigmoid): Sigmoid()
    (tanh): Tanh()
    (softmax): Softmax()
  )
  (encoder): LSTMPoolingClassifierWithELMo(
    (elmo): ELMOClassifier(
      (lm): LSTMLanguageModel(
        (dropout): Dropout(p=0.2)
        (embedding): Embedding(100003, 217)
        (lstm): LSTM(217, 891, num_layers=2, dropout=0.2)
        (fc): Linear(in_features=891, out_features=100003, bias=True)
      )
      (lstms): ModuleList(
        (0): LSTM(217, 891, batch_first=True)
        (1): LSTM(891, 891, batch_first=True)
      )
      (dropout): Dropout(p=0.2)
      (linear_comb): Linear(in_features=2, out_features=1, bias=True)
      (fc1): Linear(in_features=891, out_features=528, bias=True)
      (relu): ReLU()
      (out): Linear(in_features=528, out_features=1, bias=True)
      (sigmoid): Sigmoid()
    )
    (pooling_classifier): LSTMPoolingClassifier(
      (ih2h): LSTM(891, 528, num_layers=3, batch_first=True, dropout=0.2, bidirectional=True)
      (pool2o): Linear(in_features=1056, out_features=1, bias=True)
      (sigmoid): Sigmoid()
      (softmax): Softmax()
      (dropout): Dropout(p=0.2)
    )
  )
)
 
========= Epoch 1 =========
42/84: Matthews 0.10176, Accuracy: 54.48980, Loss: 0.007029140
84/84: Matthews 0.16051, Accuracy: 63.67347, Loss: 0.007022235
 
Best Matthews: 0.16051, Best Accuracy: 63.67347, Best Loss: 0.007022235 at epoch 1
Time Elasped: 00:00:12
========= Epoch 2 =========
42/84: Matthews 0.18678, Accuracy: 64.28571, Loss: 0.006979694
84/84: Matthews 0.15668, Accuracy: 62.44898, Loss: 0.006945433
 
Best Matthews: 0.18678, Best Accuracy: 64.28571, Best Loss: 0.006979694 at epoch 2
Time Elasped: 00:00:18
========= Epoch 3 =========
42/84: Matthews 0.17525, Accuracy: 63.67347, Loss: 0.006926720
84/84: Matthews 0.15357, Accuracy: 60.20408, Loss: 0.006852013
 
Best Matthews: 0.18678, Best Accuracy: 64.28571, Best Loss: 0.006979694 at epoch 2
Time Elasped: 00:00:22
========= Epoch 4 =========
42/84: Matthews 0.15594, Accuracy: 60.61224, Loss: 0.006817664
84/84: Matthews 0.14160, Accuracy: 59.18367, Loss: 0.006776495
 
Best Matthews: 0.18678, Best Accuracy: 64.28571, Best Loss: 0.006979694 at epoch 2
Time Elasped: 00:00:26
========= Epoch 5 =========
42/84: Matthews 0.13084, Accuracy: 56.73469, Loss: 0.006715227
84/84: Matthews 0.12654, Accuracy: 58.36735, Loss: 0.006704575
 
Best Matthews: 0.18678, Best Accuracy: 64.28571, Best Loss: 0.006979694 at epoch 2
Time Elasped: 00:00:30
========= Epoch 6 =========
42/84: Matthews 0.10703, Accuracy: 56.53061, Loss: 0.006660514
84/84: Matthews 0.11557, Accuracy: 56.93878, Loss: 0.006619846
 
Best Matthews: 0.18678, Best Accuracy: 64.28571, Best Loss: 0.006979694 at epoch 2
Time Elasped: 00:00:34
========= Epoch 7 =========
42/84: Matthews 0.11785, Accuracy: 56.93878, Loss: 0.006584910
84/84: Matthews 0.11851, Accuracy: 55.91837, Loss: 0.006530947
 
Best Matthews: 0.18678, Best Accuracy: 64.28571, Best Loss: 0.006979694 at epoch 2
Time Elasped: 00:00:38
========= Epoch 8 =========
42/84: Matthews 0.10895, Accuracy: 54.48980, Loss: 0.006474503
84/84: Matthews 0.12014, Accuracy: 55.71429, Loss: 0.006451292
 
Best Matthews: 0.18678, Best Accuracy: 64.28571, Best Loss: 0.006979694 at epoch 2
Time Elasped: 00:00:43
========= Epoch 9 =========
42/84: Matthews 0.11265, Accuracy: 54.89796, Loss: 0.006405926
84/84: Matthews 0.10551, Accuracy: 54.89796, Loss: 0.006378486
 
Best Matthews: 0.18678, Best Accuracy: 64.28571, Best Loss: 0.006979694 at epoch 2
Time Elasped: 00:00:47
========= Epoch 10 =========
42/84: Matthews 0.11164, Accuracy: 55.30612, Loss: 0.006342775
84/84: Matthews 0.10176, Accuracy: 54.48980, Loss: 0.006305076
 
Best Matthews: 0.18678, Best Accuracy: 64.28571, Best Loss: 0.006979694 at epoch 2
Time Elasped: 00:00:51
========= Epoch 11 =========
42/84: Matthews 0.10721, Accuracy: 54.69388, Loss: 0.006273552
84/84: Matthews 0.10655, Accuracy: 54.48980, Loss: 0.006230615
 
Best Matthews: 0.18678, Best Accuracy: 64.28571, Best Loss: 0.006979694 at epoch 2
Time Elasped: 00:00:55
========= Epoch 12 =========
42/84: Matthews 0.09675, Accuracy: 53.67347, Loss: 0.006189622
84/84: Matthews 0.10044, Accuracy: 54.08163, Loss: 0.006161674
 
Best Matthews: 0.18678, Best Accuracy: 64.28571, Best Loss: 0.006979694 at epoch 2
Time Elasped: 00:00:59
========= Epoch 13 =========
42/84: Matthews 0.10721, Accuracy: 54.69388, Loss: 0.006134594
84/84: Matthews 0.09980, Accuracy: 53.87755, Loss: 0.006097334
 
Best Matthews: 0.18678, Best Accuracy: 64.28571, Best Loss: 0.006979694 at epoch 2
Time Elasped: 00:01:04
========= Epoch 14 =========
42/84: Matthews 0.06570, Accuracy: 50.61224, Loss: 0.006036683
84/84: Matthews 0.07540, Accuracy: 52.24490, Loss: 0.006029420
 
Best Matthews: 0.18678, Best Accuracy: 64.28571, Best Loss: 0.006979694 at epoch 2
Time Elasped: 00:01:08
========= Epoch 15 =========
42/84: Matthews 0.08088, Accuracy: 52.44898, Loss: 0.005997817
84/84: Matthews 0.07908, Accuracy: 52.65306, Loss: 0.005976240
 
Best Matthews: 0.18678, Best Accuracy: 64.28571, Best Loss: 0.006979694 at epoch 2
Time Elasped: 00:01:12
========= Epoch 16 =========
42/84: Matthews 0.07361, Accuracy: 52.44898, Loss: 0.005950871
84/84: Matthews 0.06929, Accuracy: 51.83673, Loss: 0.005909106
 
Best Matthews: 0.18678, Best Accuracy: 64.28571, Best Loss: 0.006979694 at epoch 2
Time Elasped: 00:01:16
========= Epoch 17 =========
42/84: Matthews 0.07234, Accuracy: 52.04082, Loss: 0.005879007
84/84: Matthews 0.06500, Accuracy: 51.22449, Loss: 0.005840540
 
Best Matthews: 0.18678, Best Accuracy: 64.28571, Best Loss: 0.006979694 at epoch 2
Time Elasped: 00:01:20
========= Epoch 18 =========
42/84: Matthews 0.06745, Accuracy: 51.22449, Loss: 0.005806375
84/84: Matthews 0.06623, Accuracy: 51.63265, Loss: 0.005793020
 
Best Matthews: 0.18678, Best Accuracy: 64.28571, Best Loss: 0.006979694 at epoch 2
Time Elasped: 00:01:25
========= Epoch 19 =========
42/84: Matthews 0.06867, Accuracy: 51.63265, Loss: 0.005763993
84/84: Matthews 0.06745, Accuracy: 51.22449, Loss: 0.005728764
 
Best Matthews: 0.18678, Best Accuracy: 64.28571, Best Loss: 0.006979694 at epoch 2
Time Elasped: 00:01:29
========= Epoch 20 =========
42/84: Matthews 0.06750, Accuracy: 52.04082, Loss: 0.005715646
84/84: Matthews 0.06500, Accuracy: 51.22449, Loss: 0.005676995
 
Best Matthews: 0.18678, Best Accuracy: 64.28571, Best Loss: 0.006979694 at epoch 2
Time Elasped: 00:01:33
========= Epoch 21 =========
42/84: Matthews 0.06193, Accuracy: 51.02041, Loss: 0.005650312
84/84: Matthews 0.06439, Accuracy: 51.02041, Loss: 0.005625219
 
Best Matthews: 0.18678, Best Accuracy: 64.28571, Best Loss: 0.006979694 at epoch 2
Time Elasped: 00:01:37
========= Epoch 22 =========
42/84: Matthews 0.06439, Accuracy: 51.02041, Loss: 0.005600147
84/84: Matthews 0.06133, Accuracy: 50.81633, Loss: 0.005571723
 
Best Matthews: 0.18678, Best Accuracy: 64.28571, Best Loss: 0.006979694 at epoch 2
Time Elasped: 00:01:41
========= Epoch 23 =========
Early Stopping activated
 
Best Matthews: 0.18678, Best Accuracy: 64.28571, Best Loss: 0.006979694 at epoch 2
Time Elasped: 00:01:45
Test Set:
0/0: Matthews 0.21963, Accuracy: 63.72240, Loss: 0.002562108
