Namespace(batch_size=32, buffer_size=1, by_source=False, crop_pad_length=30, data='./acceptability_corpus/verb_classes/spray_load', data_type='discriminator', dropout=0.5, embedding='glove.6B.300d', embedding_path='/scratch/asw462/models/elmo_encoder/elmo.emb', embedding_size=217, encoder_num_layers=2, encoder_path='/scratch/asw462/models/elmo_encoder/elmo.pth', encoding_size=528, encoding_type='lstm_pooling_classifier', epochs=1000, evaluate_train=False, experiment_name='experiment_linear_classifier_h_74_l_1_lr_0.0001_e_217_do_0.5', glove=False, gpu=True, hidden_size=74, imbalance=True, learning_rate=0.0001, lm_path=None, logs_dir='/scratch/asw462/logs/verb_classes/spray_load', max_pool=False, model='linear_classifier', num_layers=1, output_dir='/scratch/asw462/logs/verb_classes/outputs/spray_load', patience=20, preprocess_tokenizer='space', prints_per_stage=1, resume=True, resume_file=None, save_loc='/scratch/asw462/models/verb_classes/spray_load', seed=1111, should_not_log=False, should_not_lowercase=False, should_not_preprocess_data=False, stages_per_epoch=2, train_embeddings=False, train_evaluate_interval=10, vocab_file='/scratch/asw462/data/vocab_100k.tsv')
======== General =======
Model: linear_classifier
GPU: True
Experiment Name: experiment_linear_classifier_h_74_l_1_lr_0.0001_e_217_do_0.5
Save location: /scratch/asw462/models/verb_classes/spray_load
Logs dir: /scratch/asw462/logs/verb_classes/spray_load
Timestamp: 2018/08/01 20:46:08
 
======== Data =======
Training set: 2688 examples
Validation set: 490 examples
Test set: 1902 examples
 
======= Parameters =======
Learning Rate: 0.000100
Batch Size: 32
Epochs: 1000
Patience: 20
Stages per Epoch: 2
Embedding: 100004 x 217
Number of layers: 1
Hidden Size: 74
Encoder Size: 528
Resume: True
 
======= Model =======
LinearClassifierWithEncoder(
  (model): LinearClassifier(
    (dropout): Dropout(p=0.5)
    (enc2h): Linear(in_features=1056, out_features=74, bias=True)
    (h20): Linear(in_features=74, out_features=1, bias=True)
    (sigmoid): Sigmoid()
    (tanh): Tanh()
    (softmax): Softmax()
  )
  (encoder): LSTMPoolingClassifierWithELMo(
    (elmo): ELMOClassifier(
      (lm): LSTMLanguageModel(
        (dropout): Dropout(p=0.2)
        (embedding): Embedding(100003, 217)
        (lstm): LSTM(217, 891, num_layers=2, dropout=0.2)
        (fc): Linear(in_features=891, out_features=100003, bias=True)
      )
      (lstms): ModuleList(
        (0): LSTM(217, 891, batch_first=True)
        (1): LSTM(891, 891, batch_first=True)
      )
      (dropout): Dropout(p=0.2)
      (linear_comb): Linear(in_features=2, out_features=1, bias=True)
      (fc1): Linear(in_features=891, out_features=528, bias=True)
      (relu): ReLU()
      (out): Linear(in_features=528, out_features=1, bias=True)
      (sigmoid): Sigmoid()
    )
    (pooling_classifier): LSTMPoolingClassifier(
      (ih2h): LSTM(891, 528, num_layers=3, batch_first=True, dropout=0.2, bidirectional=True)
      (pool2o): Linear(in_features=1056, out_features=1, bias=True)
      (sigmoid): Sigmoid()
      (softmax): Softmax()
      (dropout): Dropout(p=0.2)
    )
  )
)
 
========= Epoch 1 =========
42/84: Matthews 0.17335, Accuracy: 58.77551, Loss: 0.006739602
84/84: Matthews 0.14807, Accuracy: 59.59184, Loss: 0.006555746
 
Best Matthews: 0.17335, Best Accuracy: 58.77551, Best Loss: 0.006739602 at epoch 1
Time Elasped: 00:00:11
========= Epoch 2 =========
42/84: Matthews 0.07240, Accuracy: 51.22449, Loss: 0.006233647
84/84: Matthews 0.09772, Accuracy: 54.69388, Loss: 0.006073094
 
Best Matthews: 0.17335, Best Accuracy: 58.77551, Best Loss: 0.006739602 at epoch 1
Time Elasped: 00:00:16
========= Epoch 3 =========
42/84: Matthews 0.07603, Accuracy: 52.44898, Loss: 0.005846649
84/84: Matthews 0.05887, Accuracy: 50.81633, Loss: 0.005613218
 
Best Matthews: 0.17335, Best Accuracy: 58.77551, Best Loss: 0.006739602 at epoch 1
Time Elasped: 00:00:21
========= Epoch 4 =========
42/84: Matthews 0.04042, Accuracy: 49.59184, Loss: 0.005443327
84/84: Matthews 0.05705, Accuracy: 51.02041, Loss: 0.005334541
 
Best Matthews: 0.17335, Best Accuracy: 58.77551, Best Loss: 0.006739602 at epoch 1
Time Elasped: 00:00:26
========= Epoch 5 =========
42/84: Matthews 0.06380, Accuracy: 51.63265, Loss: 0.005186607
84/84: Matthews 0.05028, Accuracy: 50.40816, Loss: 0.005101057
 
Best Matthews: 0.17335, Best Accuracy: 58.77551, Best Loss: 0.006739602 at epoch 1
Time Elasped: 00:00:31
========= Epoch 6 =========
42/84: Matthews 0.04088, Accuracy: 51.22449, Loss: 0.004989379
84/84: Matthews 0.06335, Accuracy: 52.24490, Loss: 0.004940307
 
Best Matthews: 0.17335, Best Accuracy: 58.77551, Best Loss: 0.006739602 at epoch 1
Time Elasped: 00:00:36
========= Epoch 7 =========
42/84: Matthews 0.05975, Accuracy: 53.26531, Loss: 0.004942046
84/84: Matthews 0.01318, Accuracy: 47.95918, Loss: 0.004743733
 
Best Matthews: 0.17335, Best Accuracy: 58.77551, Best Loss: 0.006739602 at epoch 1
Time Elasped: 00:00:41
========= Epoch 8 =========
42/84: Matthews 0.07120, Accuracy: 52.44898, Loss: 0.004718020
84/84: Matthews 0.03554, Accuracy: 49.59184, Loss: 0.004591727
 
Best Matthews: 0.17335, Best Accuracy: 58.77551, Best Loss: 0.006739602 at epoch 1
Time Elasped: 00:00:46
========= Epoch 9 =========
42/84: Matthews 0.04817, Accuracy: 52.65306, Loss: 0.004633137
84/84: Matthews 0.02628, Accuracy: 48.97959, Loss: 0.004473162
 
Best Matthews: 0.17335, Best Accuracy: 58.77551, Best Loss: 0.006739602 at epoch 1
Time Elasped: 00:00:51
========= Epoch 10 =========
42/84: Matthews 0.05526, Accuracy: 51.22449, Loss: 0.004435220
84/84: Matthews 0.02963, Accuracy: 50.00000, Loss: 0.004399965
 
Best Matthews: 0.17335, Best Accuracy: 58.77551, Best Loss: 0.006739602 at epoch 1
Time Elasped: 00:00:56
========= Epoch 11 =========
42/84: Matthews 0.05790, Accuracy: 52.04082, Loss: 0.004359093
84/84: Matthews 0.06444, Accuracy: 51.83673, Loss: 0.004306737
 
Best Matthews: 0.17335, Best Accuracy: 58.77551, Best Loss: 0.006739602 at epoch 1
Time Elasped: 00:01:01
========= Epoch 12 =========
42/84: Matthews 0.05484, Accuracy: 51.83673, Loss: 0.004277868
84/84: Matthews 0.06432, Accuracy: 53.87755, Loss: 0.004349980
 
Best Matthews: 0.17335, Best Accuracy: 58.77551, Best Loss: 0.006739602 at epoch 1
Time Elasped: 00:01:06
========= Epoch 13 =========
42/84: Matthews 0.05439, Accuracy: 54.89796, Loss: 0.004432032
84/84: Matthews 0.05484, Accuracy: 51.83673, Loss: 0.004176135
 
Best Matthews: 0.17335, Best Accuracy: 58.77551, Best Loss: 0.006739602 at epoch 1
Time Elasped: 00:01:11
========= Epoch 14 =========
42/84: Matthews 0.04939, Accuracy: 51.63265, Loss: 0.004127851
84/84: Matthews 0.03952, Accuracy: 50.81633, Loss: 0.004097968
 
Best Matthews: 0.17335, Best Accuracy: 58.77551, Best Loss: 0.006739602 at epoch 1
Time Elasped: 00:01:16
========= Epoch 15 =========
42/84: Matthews 0.00897, Accuracy: 50.20408, Loss: 0.004076144
84/84: Matthews 0.05667, Accuracy: 53.06122, Loss: 0.004122374
 
Best Matthews: 0.17335, Best Accuracy: 58.77551, Best Loss: 0.006739602 at epoch 1
Time Elasped: 00:01:21
========= Epoch 16 =========
42/84: Matthews 0.02974, Accuracy: 51.42857, Loss: 0.004091503
84/84: Matthews 0.01563, Accuracy: 49.38776, Loss: 0.003997142
 
Best Matthews: 0.17335, Best Accuracy: 58.77551, Best Loss: 0.006739602 at epoch 1
Time Elasped: 00:01:26
========= Epoch 17 =========
42/84: Matthews 0.04957, Accuracy: 53.67347, Loss: 0.004100381
84/84: Matthews 0.02930, Accuracy: 50.61224, Loss: 0.003949841
 
Best Matthews: 0.17335, Best Accuracy: 58.77551, Best Loss: 0.006739602 at epoch 1
Time Elasped: 00:01:31
========= Epoch 18 =========
42/84: Matthews 0.05759, Accuracy: 52.65306, Loss: 0.003963035
84/84: Matthews 0.04533, Accuracy: 51.83673, Loss: 0.003958483
 
Best Matthews: 0.17335, Best Accuracy: 58.77551, Best Loss: 0.006739602 at epoch 1
Time Elasped: 00:01:36
========= Epoch 19 =========
42/84: Matthews 0.05088, Accuracy: 55.71429, Loss: 0.004292713
84/84: Matthews 0.07128, Accuracy: 54.48980, Loss: 0.003987005
 
Best Matthews: 0.17335, Best Accuracy: 58.77551, Best Loss: 0.006739602 at epoch 1
Time Elasped: 00:01:41
========= Epoch 20 =========
42/84: Matthews 0.04632, Accuracy: 51.42857, Loss: 0.003817354
84/84: Matthews 0.03781, Accuracy: 51.02041, Loss: 0.003779605
 
Best Matthews: 0.17335, Best Accuracy: 58.77551, Best Loss: 0.006739602 at epoch 1
Time Elasped: 00:01:46
========= Epoch 21 =========
42/84: Matthews 0.05042, Accuracy: 54.48980, Loss: 0.003987913
84/84: Matthews 0.06664, Accuracy: 54.48980, Loss: 0.003894442
 
Best Matthews: 0.17335, Best Accuracy: 58.77551, Best Loss: 0.006739602 at epoch 1
Time Elasped: 00:01:52
========= Epoch 22 =========
Early Stopping activated
 
Best Matthews: 0.17335, Best Accuracy: 58.77551, Best Loss: 0.006739602 at epoch 1
Time Elasped: 00:01:56
Test Set:
0/0: Matthews 0.21236, Accuracy: 60.98843, Loss: 0.002431174
