Namespace(batch_size=32, buffer_size=1, by_source=False, crop_pad_length=30, data='./acceptability_corpus/verb_classes/spray_load', data_type='discriminator', dropout=0.5, embedding='glove.6B.300d', embedding_path='/scratch/asw462/models/elmo_encoder/elmo.emb', embedding_size=217, encoder_num_layers=2, encoder_path='/scratch/asw462/models/elmo_encoder/elmo.pth', encoding_size=528, encoding_type='lstm_pooling_classifier', epochs=1000, evaluate_train=False, experiment_name='experiment_linear_classifier_h_156_l_4_lr_0.0000_e_217_do_0.5', glove=False, gpu=True, hidden_size=156, imbalance=True, learning_rate=2e-05, lm_path=None, logs_dir='/scratch/asw462/logs/verb_classes/spray_load', max_pool=False, model='linear_classifier', num_layers=4, output_dir='/scratch/asw462/logs/verb_classes/outputs/spray_load', patience=20, preprocess_tokenizer='space', prints_per_stage=1, resume=True, resume_file=None, save_loc='/scratch/asw462/models/verb_classes/spray_load', seed=1111, should_not_log=False, should_not_lowercase=False, should_not_preprocess_data=False, stages_per_epoch=2, train_embeddings=False, train_evaluate_interval=10, vocab_file='/scratch/asw462/data/vocab_100k.tsv')
======== General =======
Model: linear_classifier
GPU: True
Experiment Name: experiment_linear_classifier_h_156_l_4_lr_0.0000_e_217_do_0.5
Save location: /scratch/asw462/models/verb_classes/spray_load
Logs dir: /scratch/asw462/logs/verb_classes/spray_load
Timestamp: 2018/08/01 20:44:31
 
======== Data =======
Training set: 2688 examples
Validation set: 490 examples
Test set: 1902 examples
 
======= Parameters =======
Learning Rate: 0.000020
Batch Size: 32
Epochs: 1000
Patience: 20
Stages per Epoch: 2
Embedding: 100004 x 217
Number of layers: 4
Hidden Size: 156
Encoder Size: 528
Resume: True
 
======= Model =======
LinearClassifierWithEncoder(
  (model): LinearClassifier(
    (dropout): Dropout(p=0.5)
    (enc2h): Linear(in_features=1056, out_features=156, bias=True)
    (h20): Linear(in_features=156, out_features=1, bias=True)
    (sigmoid): Sigmoid()
    (tanh): Tanh()
    (softmax): Softmax()
  )
  (encoder): LSTMPoolingClassifierWithELMo(
    (elmo): ELMOClassifier(
      (lm): LSTMLanguageModel(
        (dropout): Dropout(p=0.2)
        (embedding): Embedding(100003, 217)
        (lstm): LSTM(217, 891, num_layers=2, dropout=0.2)
        (fc): Linear(in_features=891, out_features=100003, bias=True)
      )
      (lstms): ModuleList(
        (0): LSTM(217, 891, batch_first=True)
        (1): LSTM(891, 891, batch_first=True)
      )
      (dropout): Dropout(p=0.2)
      (linear_comb): Linear(in_features=2, out_features=1, bias=True)
      (fc1): Linear(in_features=891, out_features=528, bias=True)
      (relu): ReLU()
      (out): Linear(in_features=528, out_features=1, bias=True)
      (sigmoid): Sigmoid()
    )
    (pooling_classifier): LSTMPoolingClassifier(
      (ih2h): LSTM(891, 528, num_layers=3, batch_first=True, dropout=0.2, bidirectional=True)
      (pool2o): Linear(in_features=1056, out_features=1, bias=True)
      (sigmoid): Sigmoid()
      (softmax): Softmax()
      (dropout): Dropout(p=0.2)
    )
  )
)
 
========= Epoch 1 =========
42/84: Matthews 0.07439, Accuracy: 62.24490, Loss: 0.006938881
84/84: Matthews 0.09898, Accuracy: 58.16327, Loss: 0.006844022
 
Best Matthews: 0.09898, Best Accuracy: 58.16327, Best Loss: 0.006844022 at epoch 1
Time Elasped: 00:00:13
========= Epoch 2 =========
42/84: Matthews 0.10621, Accuracy: 55.10204, Loss: 0.006749513
84/84: Matthews 0.08995, Accuracy: 55.71429, Loss: 0.006693008
 
Best Matthews: 0.10621, Best Accuracy: 55.10204, Best Loss: 0.006749513 at epoch 2
Time Elasped: 00:00:20
========= Epoch 3 =========
42/84: Matthews 0.08451, Accuracy: 54.28571, Loss: 0.006616108
84/84: Matthews 0.09917, Accuracy: 55.10204, Loss: 0.006546874
 
Best Matthews: 0.10621, Best Accuracy: 55.10204, Best Loss: 0.006749513 at epoch 2
Time Elasped: 00:00:25
========= Epoch 4 =========
42/84: Matthews 0.11309, Accuracy: 55.71429, Loss: 0.006481774
84/84: Matthews 0.09552, Accuracy: 53.26531, Loss: 0.006391885
 
Best Matthews: 0.11309, Best Accuracy: 55.71429, Best Loss: 0.006481774 at epoch 4
Time Elasped: 00:00:32
========= Epoch 5 =========
42/84: Matthews 0.10721, Accuracy: 54.69388, Loss: 0.006336826
84/84: Matthews 0.10110, Accuracy: 54.28571, Loss: 0.006269390
 
Best Matthews: 0.11309, Best Accuracy: 55.71429, Best Loss: 0.006481774 at epoch 4
Time Elasped: 00:00:37
========= Epoch 6 =========
42/84: Matthews 0.08150, Accuracy: 52.65306, Loss: 0.006191830
84/84: Matthews 0.09980, Accuracy: 53.87755, Loss: 0.006143087
 
Best Matthews: 0.11309, Best Accuracy: 55.71429, Best Loss: 0.006481774 at epoch 4
Time Elasped: 00:00:42
========= Epoch 7 =========
42/84: Matthews 0.09370, Accuracy: 53.46939, Loss: 0.006072545
84/84: Matthews 0.08088, Accuracy: 52.44898, Loss: 0.006009041
 
Best Matthews: 0.11309, Best Accuracy: 55.71429, Best Loss: 0.006481774 at epoch 4
Time Elasped: 00:00:47
========= Epoch 8 =========
42/84: Matthews 0.06513, Accuracy: 50.40816, Loss: 0.005938126
84/84: Matthews 0.09499, Accuracy: 53.87755, Loss: 0.005923615
 
Best Matthews: 0.11309, Best Accuracy: 55.71429, Best Loss: 0.006481774 at epoch 4
Time Elasped: 00:00:52
========= Epoch 9 =========
42/84: Matthews 0.07972, Accuracy: 52.85714, Loss: 0.005859377
84/84: Matthews 0.07297, Accuracy: 52.24490, Loss: 0.005800835
 
Best Matthews: 0.11309, Best Accuracy: 55.71429, Best Loss: 0.006481774 at epoch 4
Time Elasped: 00:00:57
========= Epoch 10 =========
42/84: Matthews 0.07478, Accuracy: 52.04082, Loss: 0.005737220
84/84: Matthews 0.06929, Accuracy: 51.83673, Loss: 0.005692015
 
Best Matthews: 0.11309, Best Accuracy: 55.71429, Best Loss: 0.006481774 at epoch 4
Time Elasped: 00:01:02
========= Epoch 11 =========
42/84: Matthews 0.04785, Accuracy: 50.40816, Loss: 0.005632659
84/84: Matthews 0.06623, Accuracy: 51.63265, Loss: 0.005595477
 
Best Matthews: 0.11309, Best Accuracy: 55.71429, Best Loss: 0.006481774 at epoch 4
Time Elasped: 00:01:07
========= Epoch 12 =========
42/84: Matthews 0.06686, Accuracy: 51.83673, Loss: 0.005553573
84/84: Matthews 0.03979, Accuracy: 49.38776, Loss: 0.005488999
 
Best Matthews: 0.11309, Best Accuracy: 55.71429, Best Loss: 0.006481774 at epoch 4
Time Elasped: 00:01:12
========= Epoch 13 =========
42/84: Matthews 0.04904, Accuracy: 50.00000, Loss: 0.005442289
84/84: Matthews 0.04849, Accuracy: 50.61224, Loss: 0.005412388
 
Best Matthews: 0.11309, Best Accuracy: 55.71429, Best Loss: 0.006481774 at epoch 4
Time Elasped: 00:01:17
========= Epoch 14 =========
42/84: Matthews 0.06074, Accuracy: 51.42857, Loss: 0.005379895
84/84: Matthews 0.05580, Accuracy: 50.61224, Loss: 0.005337558
 
Best Matthews: 0.11309, Best Accuracy: 55.71429, Best Loss: 0.006481774 at epoch 4
Time Elasped: 00:01:22
========= Epoch 15 =========
42/84: Matthews 0.05155, Accuracy: 50.81633, Loss: 0.005304970
84/84: Matthews 0.05273, Accuracy: 50.40816, Loss: 0.005259663
 
Best Matthews: 0.11309, Best Accuracy: 55.71429, Best Loss: 0.006481774 at epoch 4
Time Elasped: 00:01:27
========= Epoch 16 =========
42/84: Matthews 0.02184, Accuracy: 48.36735, Loss: 0.005214622
84/84: Matthews 0.06444, Accuracy: 51.83673, Loss: 0.005199494
 
Best Matthews: 0.11309, Best Accuracy: 55.71429, Best Loss: 0.006481774 at epoch 4
Time Elasped: 00:01:33
========= Epoch 17 =========
42/84: Matthews 0.04106, Accuracy: 49.79592, Loss: 0.005154944
84/84: Matthews 0.05155, Accuracy: 50.81633, Loss: 0.005125627
 
Best Matthews: 0.11309, Best Accuracy: 55.71429, Best Loss: 0.006481774 at epoch 4
Time Elasped: 00:01:38
========= Epoch 18 =========
42/84: Matthews 0.04235, Accuracy: 50.20408, Loss: 0.005093220
84/84: Matthews 0.03798, Accuracy: 49.59184, Loss: 0.005056742
 
Best Matthews: 0.11309, Best Accuracy: 55.71429, Best Loss: 0.006481774 at epoch 4
Time Elasped: 00:01:43
========= Epoch 19 =========
42/84: Matthews 0.05335, Accuracy: 50.61224, Loss: 0.005028907
84/84: Matthews 0.03798, Accuracy: 49.59184, Loss: 0.004994722
 
Best Matthews: 0.11309, Best Accuracy: 55.71429, Best Loss: 0.006481774 at epoch 4
Time Elasped: 00:01:48
========= Epoch 20 =========
42/84: Matthews 0.04414, Accuracy: 50.00000, Loss: 0.004968514
84/84: Matthews 0.04106, Accuracy: 49.79592, Loss: 0.004937193
 
Best Matthews: 0.11309, Best Accuracy: 55.71429, Best Loss: 0.006481774 at epoch 4
Time Elasped: 00:01:53
========= Epoch 21 =========
42/84: Matthews 0.05642, Accuracy: 50.81633, Loss: 0.004919148
84/84: Matthews 0.04477, Accuracy: 50.20408, Loss: 0.004887323
 
Best Matthews: 0.11309, Best Accuracy: 55.71429, Best Loss: 0.006481774 at epoch 4
Time Elasped: 00:01:58
========= Epoch 22 =========
42/84: Matthews 0.03406, Accuracy: 50.61224, Loss: 0.004871699
84/84: Matthews 0.03489, Accuracy: 49.38776, Loss: 0.004841498
 
Best Matthews: 0.11309, Best Accuracy: 55.71429, Best Loss: 0.006481774 at epoch 4
Time Elasped: 00:02:03
========= Epoch 23 =========
42/84: Matthews 0.03927, Accuracy: 50.00000, Loss: 0.004818727
84/84: Matthews 0.02829, Accuracy: 49.59184, Loss: 0.004789109
 
Best Matthews: 0.11309, Best Accuracy: 55.71429, Best Loss: 0.006481774 at epoch 4
Time Elasped: 00:02:08
========= Epoch 24 =========
42/84: Matthews 0.03246, Accuracy: 49.38776, Loss: 0.004758295
84/84: Matthews 0.04565, Accuracy: 51.22449, Loss: 0.004754211
 
Best Matthews: 0.11309, Best Accuracy: 55.71429, Best Loss: 0.006481774 at epoch 4
Time Elasped: 00:02:13
========= Epoch 25 =========
Early Stopping activated
 
Best Matthews: 0.11309, Best Accuracy: 55.71429, Best Loss: 0.006481774 at epoch 4
Time Elasped: 00:02:17
Test Set:
0/0: Matthews 0.19420, Accuracy: 59.93691, Loss: 0.002380423
