Namespace(batch_size=32, buffer_size=1, by_source=False, crop_pad_length=30, data='./acceptability_corpus/verb_classes/spray_load', data_type='discriminator', dropout=0.2, embedding='glove.6B.300d', embedding_path='/scratch/asw462/models/elmo_encoder/elmo.emb', embedding_size=217, encoder_num_layers=2, encoder_path='/scratch/asw462/models/elmo_encoder/elmo.pth', encoding_size=528, encoding_type='lstm_pooling_classifier', epochs=1000, evaluate_train=False, experiment_name='experiment_linear_classifier_h_150_l_4_lr_0.0001_e_217_do_0.2', glove=False, gpu=True, hidden_size=150, imbalance=True, learning_rate=5e-05, lm_path=None, logs_dir='/scratch/asw462/logs/verb_classes/spray_load', max_pool=False, model='linear_classifier', num_layers=4, output_dir='/scratch/asw462/logs/verb_classes/outputs/spray_load', patience=20, preprocess_tokenizer='space', prints_per_stage=1, resume=True, resume_file=None, save_loc='/scratch/asw462/models/verb_classes/spray_load', seed=1111, should_not_log=False, should_not_lowercase=False, should_not_preprocess_data=False, stages_per_epoch=2, train_embeddings=False, train_evaluate_interval=10, vocab_file='/scratch/asw462/data/vocab_100k.tsv')
======== General =======
Model: linear_classifier
GPU: True
Experiment Name: experiment_linear_classifier_h_150_l_4_lr_0.0001_e_217_do_0.2
Save location: /scratch/asw462/models/verb_classes/spray_load
Logs dir: /scratch/asw462/logs/verb_classes/spray_load
Timestamp: 2018/08/01 20:12:06
 
======== Data =======
Training set: 2688 examples
Validation set: 490 examples
Test set: 1902 examples
 
======= Parameters =======
Learning Rate: 0.000050
Batch Size: 32
Epochs: 1000
Patience: 20
Stages per Epoch: 2
Embedding: 100004 x 217
Number of layers: 4
Hidden Size: 150
Encoder Size: 528
Resume: True
 
======= Model =======
LinearClassifierWithEncoder(
  (model): LinearClassifier(
    (dropout): Dropout(p=0.2)
    (enc2h): Linear(in_features=1056, out_features=150, bias=True)
    (h20): Linear(in_features=150, out_features=1, bias=True)
    (sigmoid): Sigmoid()
    (tanh): Tanh()
    (softmax): Softmax()
  )
  (encoder): LSTMPoolingClassifierWithELMo(
    (elmo): ELMOClassifier(
      (lm): LSTMLanguageModel(
        (dropout): Dropout(p=0.2)
        (embedding): Embedding(100003, 217)
        (lstm): LSTM(217, 891, num_layers=2, dropout=0.2)
        (fc): Linear(in_features=891, out_features=100003, bias=True)
      )
      (lstms): ModuleList(
        (0): LSTM(217, 891, batch_first=True)
        (1): LSTM(891, 891, batch_first=True)
      )
      (dropout): Dropout(p=0.2)
      (linear_comb): Linear(in_features=2, out_features=1, bias=True)
      (fc1): Linear(in_features=891, out_features=528, bias=True)
      (relu): ReLU()
      (out): Linear(in_features=528, out_features=1, bias=True)
      (sigmoid): Sigmoid()
    )
    (pooling_classifier): LSTMPoolingClassifier(
      (ih2h): LSTM(891, 528, num_layers=3, batch_first=True, dropout=0.2, bidirectional=True)
      (pool2o): Linear(in_features=1056, out_features=1, bias=True)
      (sigmoid): Sigmoid()
      (softmax): Softmax()
      (dropout): Dropout(p=0.2)
    )
  )
)
 
========= Epoch 1 =========
42/84: Matthews 0.05728, Accuracy: 49.38776, Loss: 0.006661750
84/84: Matthews 0.07764, Accuracy: 55.51020, Loss: 0.006515441
 
Best Matthews: 0.07764, Best Accuracy: 55.51020, Best Loss: 0.006515441 at epoch 1
Time Elasped: 00:00:12
========= Epoch 2 =========
42/84: Matthews 0.07886, Accuracy: 50.81633, Loss: 0.006227355
84/84: Matthews 0.06513, Accuracy: 54.69388, Loss: 0.006158270
 
Best Matthews: 0.07886, Best Accuracy: 50.81633, Best Loss: 0.006227355 at epoch 2
Time Elasped: 00:00:18
========= Epoch 3 =========
42/84: Matthews 0.05273, Accuracy: 50.40816, Loss: 0.005893340
84/84: Matthews 0.07518, Accuracy: 54.89796, Loss: 0.005835292
 
Best Matthews: 0.07886, Best Accuracy: 50.81633, Best Loss: 0.006227355 at epoch 2
Time Elasped: 00:00:23
========= Epoch 4 =========
42/84: Matthews 0.02209, Accuracy: 46.12245, Loss: 0.005520139
84/84: Matthews 0.07695, Accuracy: 53.46939, Loss: 0.005502930
 
Best Matthews: 0.07886, Best Accuracy: 50.81633, Best Loss: 0.006227355 at epoch 2
Time Elasped: 00:00:28
========= Epoch 5 =========
42/84: Matthews 0.07082, Accuracy: 53.06122, Loss: 0.005398660
84/84: Matthews 0.01873, Accuracy: 48.16327, Loss: 0.005196621
 
Best Matthews: 0.07886, Best Accuracy: 50.81633, Best Loss: 0.006227355 at epoch 2
Time Elasped: 00:00:32
========= Epoch 6 =========
42/84: Matthews 0.03424, Accuracy: 49.18367, Loss: 0.005095180
84/84: Matthews 0.04701, Accuracy: 51.63265, Loss: 0.005059885
 
Best Matthews: 0.07886, Best Accuracy: 50.81633, Best Loss: 0.006227355 at epoch 2
Time Elasped: 00:00:37
========= Epoch 7 =========
42/84: Matthews 0.04258, Accuracy: 51.02041, Loss: 0.004981990
84/84: Matthews 0.04106, Accuracy: 49.79592, Loss: 0.004872054
 
Best Matthews: 0.07886, Best Accuracy: 50.81633, Best Loss: 0.006227355 at epoch 2
Time Elasped: 00:00:42
========= Epoch 8 =========
42/84: Matthews 0.05620, Accuracy: 52.24490, Loss: 0.004856011
84/84: Matthews 0.02117, Accuracy: 48.16327, Loss: 0.004737772
 
Best Matthews: 0.07886, Best Accuracy: 50.81633, Best Loss: 0.006227355 at epoch 2
Time Elasped: 00:00:46
========= Epoch 9 =========
42/84: Matthews 0.05220, Accuracy: 51.02041, Loss: 0.004685867
84/84: Matthews 0.00780, Accuracy: 49.18367, Loss: 0.004626891
 
Best Matthews: 0.07886, Best Accuracy: 50.81633, Best Loss: 0.006227355 at epoch 2
Time Elasped: 00:00:51
========= Epoch 10 =========
42/84: Matthews 0.04839, Accuracy: 52.04082, Loss: 0.004611254
84/84: Matthews 0.03952, Accuracy: 50.81633, Loss: 0.004545437
 
Best Matthews: 0.07886, Best Accuracy: 50.81633, Best Loss: 0.006227355 at epoch 2
Time Elasped: 00:00:56
========= Epoch 11 =========
42/84: Matthews 0.03884, Accuracy: 50.61224, Loss: 0.004479975
84/84: Matthews 0.03919, Accuracy: 51.42857, Loss: 0.004473851
 
Best Matthews: 0.07886, Best Accuracy: 50.81633, Best Loss: 0.006227355 at epoch 2
Time Elasped: 00:01:00
========= Epoch 12 =========
42/84: Matthews 0.03884, Accuracy: 50.61224, Loss: 0.004421583
84/84: Matthews 0.06199, Accuracy: 53.87755, Loss: 0.004468951
 
Best Matthews: 0.07886, Best Accuracy: 50.81633, Best Loss: 0.006227355 at epoch 2
Time Elasped: 00:01:05
========= Epoch 13 =========
42/84: Matthews 0.03685, Accuracy: 50.00000, Loss: 0.004331487
84/84: Matthews 0.04060, Accuracy: 51.83673, Loss: 0.004349332
 
Best Matthews: 0.07886, Best Accuracy: 50.81633, Best Loss: 0.006227355 at epoch 2
Time Elasped: 00:01:10
========= Epoch 14 =========
42/84: Matthews 0.04235, Accuracy: 50.20408, Loss: 0.004286442
84/84: Matthews 0.02903, Accuracy: 51.22449, Loss: 0.004295646
 
Best Matthews: 0.07886, Best Accuracy: 50.81633, Best Loss: 0.006227355 at epoch 2
Time Elasped: 00:01:14
========= Epoch 15 =========
42/84: Matthews 0.04533, Accuracy: 51.83673, Loss: 0.004240993
84/84: Matthews 0.03000, Accuracy: 50.81633, Loss: 0.004179485
 
Best Matthews: 0.07886, Best Accuracy: 50.81633, Best Loss: 0.006227355 at epoch 2
Time Elasped: 00:01:19
========= Epoch 16 =========
42/84: Matthews 0.03781, Accuracy: 51.02041, Loss: 0.004152779
84/84: Matthews 0.03376, Accuracy: 51.22449, Loss: 0.004151035
 
Best Matthews: 0.07886, Best Accuracy: 50.81633, Best Loss: 0.006227355 at epoch 2
Time Elasped: 00:01:24
========= Epoch 17 =========
42/84: Matthews -0.00073, Accuracy: 48.77551, Loss: 0.004113322
84/84: Matthews 0.03167, Accuracy: 53.87755, Loss: 0.004303286
 
Best Matthews: 0.07886, Best Accuracy: 50.81633, Best Loss: 0.006227355 at epoch 2
Time Elasped: 00:01:28
========= Epoch 18 =========
42/84: Matthews 0.02719, Accuracy: 52.04082, Loss: 0.004093818
84/84: Matthews 0.03613, Accuracy: 51.22449, Loss: 0.004033921
 
Best Matthews: 0.07886, Best Accuracy: 50.81633, Best Loss: 0.006227355 at epoch 2
Time Elasped: 00:01:33
========= Epoch 19 =========
42/84: Matthews 0.03069, Accuracy: 51.02041, Loss: 0.003990631
84/84: Matthews 0.00259, Accuracy: 48.36735, Loss: 0.003963332
 
Best Matthews: 0.07886, Best Accuracy: 50.81633, Best Loss: 0.006227355 at epoch 2
Time Elasped: 00:01:38
========= Epoch 20 =========
42/84: Matthews 0.02857, Accuracy: 53.06122, Loss: 0.004121278
84/84: Matthews 0.05287, Accuracy: 52.65306, Loss: 0.003993093
 
Best Matthews: 0.07886, Best Accuracy: 50.81633, Best Loss: 0.006227355 at epoch 2
Time Elasped: 00:01:42
========= Epoch 21 =========
42/84: Matthews 0.05667, Accuracy: 53.06122, Loss: 0.003994842
84/84: Matthews 0.05902, Accuracy: 53.06122, Loss: 0.003951415
 
Best Matthews: 0.07886, Best Accuracy: 50.81633, Best Loss: 0.006227355 at epoch 2
Time Elasped: 00:01:47
========= Epoch 22 =========
42/84: Matthews 0.04957, Accuracy: 53.67347, Loss: 0.004021250
84/84: Matthews 0.06896, Accuracy: 54.48980, Loss: 0.004037893
 
Best Matthews: 0.07886, Best Accuracy: 50.81633, Best Loss: 0.006227355 at epoch 2
Time Elasped: 00:01:52
========= Epoch 23 =========
Early Stopping activated
 
Best Matthews: 0.07886, Best Accuracy: 50.81633, Best Loss: 0.006227355 at epoch 2
Time Elasped: 00:01:56
Test Set:
0/0: Matthews 0.15598, Accuracy: 55.83596, Loss: 0.002300229
