Namespace(batch_size=32, buffer_size=1, by_source=False, crop_pad_length=30, data='./acceptability_corpus/verb_classes/spray_load', data_type='discriminator', dropout=0.2, embedding='glove.6B.300d', embedding_path='/scratch/asw462/models/elmo_encoder/elmo.emb', embedding_size=217, encoder_num_layers=2, encoder_path='/scratch/asw462/models/elmo_encoder/elmo.pth', encoding_size=528, encoding_type='lstm_pooling_classifier', epochs=1000, evaluate_train=False, experiment_name='experiment_linear_classifier_h_158_l_3_lr_0.0000_e_217_do_0.2', glove=False, gpu=True, hidden_size=158, imbalance=True, learning_rate=1e-05, lm_path=None, logs_dir='/scratch/asw462/logs/verb_classes/spray_load', max_pool=False, model='linear_classifier', num_layers=3, output_dir='/scratch/asw462/logs/verb_classes/outputs/spray_load', patience=20, preprocess_tokenizer='space', prints_per_stage=1, resume=True, resume_file=None, save_loc='/scratch/asw462/models/verb_classes/spray_load', seed=1111, should_not_log=False, should_not_lowercase=False, should_not_preprocess_data=False, stages_per_epoch=2, train_embeddings=False, train_evaluate_interval=10, vocab_file='/scratch/asw462/data/vocab_100k.tsv')
======== General =======
Model: linear_classifier
GPU: True
Experiment Name: experiment_linear_classifier_h_158_l_3_lr_0.0000_e_217_do_0.2
Save location: /scratch/asw462/models/verb_classes/spray_load
Logs dir: /scratch/asw462/logs/verb_classes/spray_load
Timestamp: 2018/08/01 20:47:12
 
======== Data =======
Training set: 2688 examples
Validation set: 490 examples
Test set: 1902 examples
 
======= Parameters =======
Learning Rate: 0.000010
Batch Size: 32
Epochs: 1000
Patience: 20
Stages per Epoch: 2
Embedding: 100004 x 217
Number of layers: 3
Hidden Size: 158
Encoder Size: 528
Resume: True
 
======= Model =======
LinearClassifierWithEncoder(
  (model): LinearClassifier(
    (dropout): Dropout(p=0.2)
    (enc2h): Linear(in_features=1056, out_features=158, bias=True)
    (h20): Linear(in_features=158, out_features=1, bias=True)
    (sigmoid): Sigmoid()
    (tanh): Tanh()
    (softmax): Softmax()
  )
  (encoder): LSTMPoolingClassifierWithELMo(
    (elmo): ELMOClassifier(
      (lm): LSTMLanguageModel(
        (dropout): Dropout(p=0.2)
        (embedding): Embedding(100003, 217)
        (lstm): LSTM(217, 891, num_layers=2, dropout=0.2)
        (fc): Linear(in_features=891, out_features=100003, bias=True)
      )
      (lstms): ModuleList(
        (0): LSTM(217, 891, batch_first=True)
        (1): LSTM(891, 891, batch_first=True)
      )
      (dropout): Dropout(p=0.2)
      (linear_comb): Linear(in_features=2, out_features=1, bias=True)
      (fc1): Linear(in_features=891, out_features=528, bias=True)
      (relu): ReLU()
      (out): Linear(in_features=528, out_features=1, bias=True)
      (sigmoid): Sigmoid()
    )
    (pooling_classifier): LSTMPoolingClassifier(
      (ih2h): LSTM(891, 528, num_layers=3, batch_first=True, dropout=0.2, bidirectional=True)
      (pool2o): Linear(in_features=1056, out_features=1, bias=True)
      (sigmoid): Sigmoid()
      (softmax): Softmax()
      (dropout): Dropout(p=0.2)
    )
  )
)
 
========= Epoch 1 =========
42/84: Matthews 0.06806, Accuracy: 51.42857, Loss: 0.007020486
84/84: Matthews 0.09617, Accuracy: 57.14286, Loss: 0.006987587
 
Best Matthews: 0.09617, Best Accuracy: 57.14286, Best Loss: 0.006987587 at epoch 1
Time Elasped: 00:00:17
========= Epoch 2 =========
42/84: Matthews 0.10590, Accuracy: 54.28571, Loss: 0.006924458
84/84: Matthews 0.11771, Accuracy: 59.18367, Loss: 0.006911384
 
Best Matthews: 0.11771, Best Accuracy: 59.18367, Best Loss: 0.006911384 at epoch 2
Time Elasped: 00:00:26
========= Epoch 3 =========
42/84: Matthews 0.09271, Accuracy: 59.38776, Loss: 0.006892614
84/84: Matthews 0.12212, Accuracy: 58.36735, Loss: 0.006825015
 
Best Matthews: 0.12212, Best Accuracy: 58.36735, Best Loss: 0.006825015 at epoch 3
Time Elasped: 00:00:33
========= Epoch 4 =========
42/84: Matthews 0.10225, Accuracy: 55.30612, Loss: 0.006762995
84/84: Matthews 0.09915, Accuracy: 55.71429, Loss: 0.006732894
 
Best Matthews: 0.12212, Best Accuracy: 58.36735, Best Loss: 0.006825015 at epoch 3
Time Elasped: 00:00:38
========= Epoch 5 =========
42/84: Matthews 0.08782, Accuracy: 53.87755, Loss: 0.006676897
84/84: Matthews 0.09374, Accuracy: 55.51020, Loss: 0.006654052
 
Best Matthews: 0.12212, Best Accuracy: 58.36735, Best Loss: 0.006825015 at epoch 3
Time Elasped: 00:00:43
========= Epoch 6 =========
42/84: Matthews 0.10225, Accuracy: 55.30612, Loss: 0.006605565
84/84: Matthews 0.09217, Accuracy: 55.10204, Loss: 0.006569861
 
Best Matthews: 0.12212, Best Accuracy: 58.36735, Best Loss: 0.006825015 at epoch 3
Time Elasped: 00:00:48
========= Epoch 7 =========
42/84: Matthews 0.09395, Accuracy: 54.28571, Loss: 0.006519634
84/84: Matthews 0.09536, Accuracy: 54.69388, Loss: 0.006485857
 
Best Matthews: 0.12212, Best Accuracy: 58.36735, Best Loss: 0.006825015 at epoch 3
Time Elasped: 00:00:53
========= Epoch 8 =========
42/84: Matthews 0.10386, Accuracy: 55.10204, Loss: 0.006449436
84/84: Matthews 0.09772, Accuracy: 54.69388, Loss: 0.006409268
 
Best Matthews: 0.12212, Best Accuracy: 58.36735, Best Loss: 0.006825015 at epoch 3
Time Elasped: 00:00:58
========= Epoch 9 =========
42/84: Matthews 0.08215, Accuracy: 52.04082, Loss: 0.006336662
84/84: Matthews 0.10415, Accuracy: 54.48980, Loss: 0.006323507
 
Best Matthews: 0.12212, Best Accuracy: 58.36735, Best Loss: 0.006825015 at epoch 3
Time Elasped: 00:01:03
========= Epoch 10 =========
42/84: Matthews 0.07298, Accuracy: 51.42857, Loss: 0.006267234
84/84: Matthews 0.09465, Accuracy: 54.48980, Loss: 0.006266646
 
Best Matthews: 0.12212, Best Accuracy: 58.36735, Best Loss: 0.006825015 at epoch 3
Time Elasped: 00:01:08
========= Epoch 11 =========
42/84: Matthews 0.09871, Accuracy: 54.28571, Loss: 0.006225637
84/84: Matthews 0.07120, Accuracy: 52.44898, Loss: 0.006181658
 
Best Matthews: 0.12212, Best Accuracy: 58.36735, Best Loss: 0.006825015 at epoch 3
Time Elasped: 00:01:12
========= Epoch 12 =========
42/84: Matthews 0.09871, Accuracy: 54.28571, Loss: 0.006154865
84/84: Matthews 0.07417, Accuracy: 51.83673, Loss: 0.006096696
 
Best Matthews: 0.12212, Best Accuracy: 58.36735, Best Loss: 0.006825015 at epoch 3
Time Elasped: 00:01:17
========= Epoch 13 =========
42/84: Matthews 0.05580, Accuracy: 50.61224, Loss: 0.006055214
84/84: Matthews 0.08333, Accuracy: 52.44898, Loss: 0.006038591
 
Best Matthews: 0.12212, Best Accuracy: 58.36735, Best Loss: 0.006825015 at epoch 3
Time Elasped: 00:01:22
========= Epoch 14 =========
42/84: Matthews 0.07120, Accuracy: 52.44898, Loss: 0.006012197
84/84: Matthews 0.07111, Accuracy: 51.63265, Loss: 0.005964611
 
Best Matthews: 0.12212, Best Accuracy: 58.36735, Best Loss: 0.006825015 at epoch 3
Time Elasped: 00:01:27
========= Epoch 15 =========
42/84: Matthews 0.07722, Accuracy: 52.04082, Loss: 0.005936365
84/84: Matthews 0.06193, Accuracy: 51.02041, Loss: 0.005897853
 
Best Matthews: 0.12212, Best Accuracy: 58.36735, Best Loss: 0.006825015 at epoch 3
Time Elasped: 00:01:32
========= Epoch 16 =========
42/84: Matthews 0.04287, Accuracy: 49.59184, Loss: 0.005860540
84/84: Matthews 0.07540, Accuracy: 52.24490, Loss: 0.005851234
 
Best Matthews: 0.12212, Best Accuracy: 58.36735, Best Loss: 0.006825015 at epoch 3
Time Elasped: 00:01:37
========= Epoch 17 =========
42/84: Matthews 0.06317, Accuracy: 51.42857, Loss: 0.005813948
84/84: Matthews 0.05335, Accuracy: 50.61224, Loss: 0.005775794
 
Best Matthews: 0.12212, Best Accuracy: 58.36735, Best Loss: 0.006825015 at epoch 3
Time Elasped: 00:01:42
========= Epoch 18 =========
42/84: Matthews 0.04414, Accuracy: 50.00000, Loss: 0.005744240
84/84: Matthews 0.06317, Accuracy: 51.42857, Loss: 0.005724220
 
Best Matthews: 0.12212, Best Accuracy: 58.36735, Best Loss: 0.006825015 at epoch 3
Time Elasped: 00:01:47
========= Epoch 19 =========
42/84: Matthews 0.04106, Accuracy: 49.79592, Loss: 0.005680593
84/84: Matthews 0.07540, Accuracy: 52.24490, Loss: 0.005667037
 
Best Matthews: 0.12212, Best Accuracy: 58.36735, Best Loss: 0.006825015 at epoch 3
Time Elasped: 00:01:52
========= Epoch 20 =========
42/84: Matthews 0.02871, Accuracy: 48.97959, Loss: 0.005629807
84/84: Matthews 0.07234, Accuracy: 52.04082, Loss: 0.005615189
 
Best Matthews: 0.12212, Best Accuracy: 58.36735, Best Loss: 0.006825015 at epoch 3
Time Elasped: 00:01:56
========= Epoch 21 =========
42/84: Matthews 0.05642, Accuracy: 50.81633, Loss: 0.005584117
84/84: Matthews 0.07540, Accuracy: 52.24490, Loss: 0.005563020
 
Best Matthews: 0.12212, Best Accuracy: 58.36735, Best Loss: 0.006825015 at epoch 3
Time Elasped: 00:02:01
========= Epoch 22 =========
42/84: Matthews 0.02871, Accuracy: 48.97959, Loss: 0.005514787
84/84: Matthews 0.06623, Accuracy: 51.63265, Loss: 0.005508312
 
Best Matthews: 0.12212, Best Accuracy: 58.36735, Best Loss: 0.006825015 at epoch 3
Time Elasped: 00:02:06
========= Epoch 23 =========
42/84: Matthews 0.05398, Accuracy: 50.81633, Loss: 0.005484234
84/84: Matthews 0.06380, Accuracy: 51.63265, Loss: 0.005465399
 
Best Matthews: 0.12212, Best Accuracy: 58.36735, Best Loss: 0.006825015 at epoch 3
Time Elasped: 00:02:11
========= Epoch 24 =========
Early Stopping activated
 
Best Matthews: 0.12212, Best Accuracy: 58.36735, Best Loss: 0.006825015 at epoch 3
Time Elasped: 00:02:16
Test Set:
0/0: Matthews 0.18644, Accuracy: 61.04101, Loss: 0.002497160
