Namespace(batch_size=32, buffer_size=1, by_source=False, crop_pad_length=30, data='./acceptability_corpus/verb_classes/spray_load', data_type='discriminator', dropout=0.5, embedding='glove.6B.300d', embedding_path='/scratch/asw462/models/elmo_encoder/elmo.emb', embedding_size=217, encoder_num_layers=2, encoder_path='/scratch/asw462/models/elmo_encoder/elmo.pth', encoding_size=528, encoding_type='lstm_pooling_classifier', epochs=1000, evaluate_train=False, experiment_name='experiment_linear_classifier_h_52_l_3_lr_0.0000_e_217_do_0.5', glove=False, gpu=True, hidden_size=52, imbalance=True, learning_rate=1e-05, lm_path=None, logs_dir='/scratch/asw462/logs/verb_classes/spray_load', max_pool=False, model='linear_classifier', num_layers=3, output_dir='/scratch/asw462/logs/verb_classes/outputs/spray_load', patience=20, preprocess_tokenizer='space', prints_per_stage=1, resume=True, resume_file=None, save_loc='/scratch/asw462/models/verb_classes/spray_load', seed=1111, should_not_log=False, should_not_lowercase=False, should_not_preprocess_data=False, stages_per_epoch=2, train_embeddings=False, train_evaluate_interval=10, vocab_file='/scratch/asw462/data/vocab_100k.tsv')
======== General =======
Model: linear_classifier
GPU: True
Experiment Name: experiment_linear_classifier_h_52_l_3_lr_0.0000_e_217_do_0.5
Save location: /scratch/asw462/models/verb_classes/spray_load
Logs dir: /scratch/asw462/logs/verb_classes/spray_load
Timestamp: 2018/08/01 20:47:03
 
======== Data =======
Training set: 2688 examples
Validation set: 490 examples
Test set: 1902 examples
 
======= Parameters =======
Learning Rate: 0.000010
Batch Size: 32
Epochs: 1000
Patience: 20
Stages per Epoch: 2
Embedding: 100004 x 217
Number of layers: 3
Hidden Size: 52
Encoder Size: 528
Resume: True
 
======= Model =======
LinearClassifierWithEncoder(
  (model): LinearClassifier(
    (dropout): Dropout(p=0.5)
    (enc2h): Linear(in_features=1056, out_features=52, bias=True)
    (h20): Linear(in_features=52, out_features=1, bias=True)
    (sigmoid): Sigmoid()
    (tanh): Tanh()
    (softmax): Softmax()
  )
  (encoder): LSTMPoolingClassifierWithELMo(
    (elmo): ELMOClassifier(
      (lm): LSTMLanguageModel(
        (dropout): Dropout(p=0.2)
        (embedding): Embedding(100003, 217)
        (lstm): LSTM(217, 891, num_layers=2, dropout=0.2)
        (fc): Linear(in_features=891, out_features=100003, bias=True)
      )
      (lstms): ModuleList(
        (0): LSTM(217, 891, batch_first=True)
        (1): LSTM(891, 891, batch_first=True)
      )
      (dropout): Dropout(p=0.2)
      (linear_comb): Linear(in_features=2, out_features=1, bias=True)
      (fc1): Linear(in_features=891, out_features=528, bias=True)
      (relu): ReLU()
      (out): Linear(in_features=528, out_features=1, bias=True)
      (sigmoid): Sigmoid()
    )
    (pooling_classifier): LSTMPoolingClassifier(
      (ih2h): LSTM(891, 528, num_layers=3, batch_first=True, dropout=0.2, bidirectional=True)
      (pool2o): Linear(in_features=1056, out_features=1, bias=True)
      (sigmoid): Sigmoid()
      (softmax): Softmax()
      (dropout): Dropout(p=0.2)
    )
  )
)
 
========= Epoch 1 =========
42/84: Matthews 0.11304, Accuracy: 64.89796, Loss: 0.007188214
84/84: Matthews 0.09965, Accuracy: 64.28571, Loss: 0.007138008
 
Best Matthews: 0.11304, Best Accuracy: 64.89796, Best Loss: 0.007188214 at epoch 1
Time Elasped: 00:00:11
========= Epoch 2 =========
42/84: Matthews 0.09356, Accuracy: 64.28571, Loss: 0.007135524
84/84: Matthews 0.07677, Accuracy: 62.85714, Loss: 0.007080995
 
Best Matthews: 0.11304, Best Accuracy: 64.89796, Best Loss: 0.007188214 at epoch 1
Time Elasped: 00:00:16
========= Epoch 3 =========
42/84: Matthews 0.11049, Accuracy: 62.65306, Loss: 0.007045314
84/84: Matthews 0.08586, Accuracy: 61.22449, Loss: 0.007017645
 
Best Matthews: 0.11304, Best Accuracy: 64.89796, Best Loss: 0.007188214 at epoch 1
Time Elasped: 00:00:21
========= Epoch 4 =========
42/84: Matthews 0.07831, Accuracy: 59.59184, Loss: 0.006984772
84/84: Matthews 0.10540, Accuracy: 60.00000, Loss: 0.006957561
 
Best Matthews: 0.11304, Best Accuracy: 64.89796, Best Loss: 0.007188214 at epoch 1
Time Elasped: 00:00:25
========= Epoch 5 =========
42/84: Matthews 0.09733, Accuracy: 60.40816, Loss: 0.006942972
84/84: Matthews 0.08365, Accuracy: 57.34694, Loss: 0.006906452
 
Best Matthews: 0.11304, Best Accuracy: 64.89796, Best Loss: 0.007188214 at epoch 1
Time Elasped: 00:00:30
========= Epoch 6 =========
42/84: Matthews 0.06839, Accuracy: 56.53061, Loss: 0.006884619
84/84: Matthews 0.09522, Accuracy: 56.93878, Loss: 0.006858121
 
Best Matthews: 0.11304, Best Accuracy: 64.89796, Best Loss: 0.007188214 at epoch 1
Time Elasped: 00:00:35
========= Epoch 7 =========
42/84: Matthews 0.08212, Accuracy: 54.89796, Loss: 0.006825959
84/84: Matthews 0.09617, Accuracy: 57.14286, Loss: 0.006816731
 
Best Matthews: 0.11304, Best Accuracy: 64.89796, Best Loss: 0.007188214 at epoch 1
Time Elasped: 00:00:40
========= Epoch 8 =========
42/84: Matthews 0.09588, Accuracy: 57.55102, Loss: 0.006801520
84/84: Matthews 0.10109, Accuracy: 56.73469, Loss: 0.006764909
 
Best Matthews: 0.11304, Best Accuracy: 64.89796, Best Loss: 0.007188214 at epoch 1
Time Elasped: 00:00:45
========= Epoch 9 =========
42/84: Matthews 0.09204, Accuracy: 56.73469, Loss: 0.006748230
84/84: Matthews 0.08444, Accuracy: 54.89796, Loss: 0.006708131
 
Best Matthews: 0.11304, Best Accuracy: 64.89796, Best Loss: 0.007188214 at epoch 1
Time Elasped: 00:00:50
========= Epoch 10 =========
42/84: Matthews 0.08936, Accuracy: 56.12245, Loss: 0.006698583
84/84: Matthews 0.07909, Accuracy: 54.08163, Loss: 0.006658498
 
Best Matthews: 0.11304, Best Accuracy: 64.89796, Best Loss: 0.007188214 at epoch 1
Time Elasped: 00:00:55
========= Epoch 11 =========
42/84: Matthews 0.08144, Accuracy: 54.08163, Loss: 0.006636582
84/84: Matthews 0.06096, Accuracy: 52.24490, Loss: 0.006605193
 
Best Matthews: 0.11304, Best Accuracy: 64.89796, Best Loss: 0.007188214 at epoch 1
Time Elasped: 00:01:00
========= Epoch 12 =========
42/84: Matthews 0.06992, Accuracy: 52.04082, Loss: 0.006575470
84/84: Matthews 0.06335, Accuracy: 52.24490, Loss: 0.006559756
 
Best Matthews: 0.11304, Best Accuracy: 64.89796, Best Loss: 0.007188214 at epoch 1
Time Elasped: 00:01:04
========= Epoch 13 =========
42/84: Matthews 0.07765, Accuracy: 53.67347, Loss: 0.006548324
84/84: Matthews 0.06845, Accuracy: 53.06122, Loss: 0.006523995
 
Best Matthews: 0.11304, Best Accuracy: 64.89796, Best Loss: 0.007188214 at epoch 1
Time Elasped: 00:01:09
========= Epoch 14 =========
42/84: Matthews 0.07602, Accuracy: 53.87755, Loss: 0.006515220
84/84: Matthews 0.07082, Accuracy: 53.06122, Loss: 0.006479850
 
Best Matthews: 0.11304, Best Accuracy: 64.89796, Best Loss: 0.007188214 at epoch 1
Time Elasped: 00:01:14
========= Epoch 15 =========
42/84: Matthews 0.07320, Accuracy: 53.06122, Loss: 0.006454443
84/84: Matthews 0.07320, Accuracy: 53.06122, Loss: 0.006432867
 
Best Matthews: 0.11304, Best Accuracy: 64.89796, Best Loss: 0.007188214 at epoch 1
Time Elasped: 00:01:19
========= Epoch 16 =========
42/84: Matthews 0.07186, Accuracy: 52.65306, Loss: 0.006413134
84/84: Matthews 0.06574, Accuracy: 52.24490, Loss: 0.006387955
 
Best Matthews: 0.11304, Best Accuracy: 64.89796, Best Loss: 0.007188214 at epoch 1
Time Elasped: 00:01:24
========= Epoch 17 =========
42/84: Matthews 0.07603, Accuracy: 52.44898, Loss: 0.006361514
84/84: Matthews 0.06641, Accuracy: 52.44898, Loss: 0.006345619
 
Best Matthews: 0.11304, Best Accuracy: 64.89796, Best Loss: 0.007188214 at epoch 1
Time Elasped: 00:01:29
========= Epoch 18 =========
42/84: Matthews 0.07908, Accuracy: 52.65306, Loss: 0.006316027
84/84: Matthews 0.07252, Accuracy: 52.85714, Loss: 0.006305439
 
Best Matthews: 0.11304, Best Accuracy: 64.89796, Best Loss: 0.007188214 at epoch 1
Time Elasped: 00:01:34
========= Epoch 19 =========
42/84: Matthews 0.07297, Accuracy: 52.24490, Loss: 0.006272315
84/84: Matthews 0.06641, Accuracy: 52.44898, Loss: 0.006260962
 
Best Matthews: 0.11304, Best Accuracy: 64.89796, Best Loss: 0.007188214 at epoch 1
Time Elasped: 00:01:39
========= Epoch 20 =========
42/84: Matthews 0.07014, Accuracy: 52.85714, Loss: 0.006248859
84/84: Matthews 0.07426, Accuracy: 52.65306, Loss: 0.006219508
 
Best Matthews: 0.11304, Best Accuracy: 64.89796, Best Loss: 0.007188214 at epoch 1
Time Elasped: 00:01:43
========= Epoch 21 =========
42/84: Matthews 0.07666, Accuracy: 52.65306, Loss: 0.006197004
84/84: Matthews 0.07603, Accuracy: 52.44898, Loss: 0.006174272
 
Best Matthews: 0.11304, Best Accuracy: 64.89796, Best Loss: 0.007188214 at epoch 1
Time Elasped: 00:01:48
========= Epoch 22 =========
Early Stopping activated
 
Best Matthews: 0.11304, Best Accuracy: 64.89796, Best Loss: 0.007188214 at epoch 1
Time Elasped: 00:01:52
Test Set:
0/0: Matthews 0.16023, Accuracy: 62.51314, Loss: 0.002605599
