Namespace(batch_size=32, buffer_size=1, by_source=False, crop_pad_length=30, data='./acceptability_corpus/verb_classes/spray_load', data_type='discriminator', dropout=0.5, embedding='glove.6B.300d', embedding_path='/scratch/asw462/models/elmo_encoder/elmo.emb', embedding_size=217, encoder_num_layers=2, encoder_path='/scratch/asw462/models/elmo_encoder/elmo.pth', encoding_size=528, encoding_type='lstm_pooling_classifier', epochs=1000, evaluate_train=False, experiment_name='experiment_linear_classifier_h_183_l_3_lr_0.0001_e_217_do_0.5', glove=False, gpu=True, hidden_size=183, imbalance=True, learning_rate=0.00012, lm_path=None, logs_dir='/scratch/asw462/logs/verb_classes/spray_load', max_pool=False, model='linear_classifier', num_layers=3, output_dir='/scratch/asw462/logs/verb_classes/outputs/spray_load', patience=20, preprocess_tokenizer='space', prints_per_stage=1, resume=True, resume_file=None, save_loc='/scratch/asw462/models/verb_classes/spray_load', seed=1111, should_not_log=False, should_not_lowercase=False, should_not_preprocess_data=False, stages_per_epoch=2, train_embeddings=False, train_evaluate_interval=10, vocab_file='/scratch/asw462/data/vocab_100k.tsv')
======== General =======
Model: linear_classifier
GPU: True
Experiment Name: experiment_linear_classifier_h_183_l_3_lr_0.0001_e_217_do_0.5
Save location: /scratch/asw462/models/verb_classes/spray_load
Logs dir: /scratch/asw462/logs/verb_classes/spray_load
Timestamp: 2018/08/01 20:47:07
 
======== Data =======
Training set: 2688 examples
Validation set: 490 examples
Test set: 1902 examples
 
======= Parameters =======
Learning Rate: 0.000120
Batch Size: 32
Epochs: 1000
Patience: 20
Stages per Epoch: 2
Embedding: 100004 x 217
Number of layers: 3
Hidden Size: 183
Encoder Size: 528
Resume: True
 
======= Model =======
LinearClassifierWithEncoder(
  (model): LinearClassifier(
    (dropout): Dropout(p=0.5)
    (enc2h): Linear(in_features=1056, out_features=183, bias=True)
    (h20): Linear(in_features=183, out_features=1, bias=True)
    (sigmoid): Sigmoid()
    (tanh): Tanh()
    (softmax): Softmax()
  )
  (encoder): LSTMPoolingClassifierWithELMo(
    (elmo): ELMOClassifier(
      (lm): LSTMLanguageModel(
        (dropout): Dropout(p=0.2)
        (embedding): Embedding(100003, 217)
        (lstm): LSTM(217, 891, num_layers=2, dropout=0.2)
        (fc): Linear(in_features=891, out_features=100003, bias=True)
      )
      (lstms): ModuleList(
        (0): LSTM(217, 891, batch_first=True)
        (1): LSTM(891, 891, batch_first=True)
      )
      (dropout): Dropout(p=0.2)
      (linear_comb): Linear(in_features=2, out_features=1, bias=True)
      (fc1): Linear(in_features=891, out_features=528, bias=True)
      (relu): ReLU()
      (out): Linear(in_features=528, out_features=1, bias=True)
      (sigmoid): Sigmoid()
    )
    (pooling_classifier): LSTMPoolingClassifier(
      (ih2h): LSTM(891, 528, num_layers=3, batch_first=True, dropout=0.2, bidirectional=True)
      (pool2o): Linear(in_features=1056, out_features=1, bias=True)
      (sigmoid): Sigmoid()
      (softmax): Softmax()
      (dropout): Dropout(p=0.2)
    )
  )
)
 
========= Epoch 1 =========
42/84: Matthews 0.15092, Accuracy: 60.81633, Loss: 0.006655391
84/84: Matthews 0.07287, Accuracy: 54.89796, Loss: 0.006231070
 
Best Matthews: 0.15092, Best Accuracy: 60.81633, Best Loss: 0.006655391 at epoch 1
Time Elasped: 00:00:11
========= Epoch 2 =========
42/84: Matthews 0.05830, Accuracy: 52.85714, Loss: 0.005837916
84/84: Matthews 0.06138, Accuracy: 51.63265, Loss: 0.005463814
 
Best Matthews: 0.15092, Best Accuracy: 60.81633, Best Loss: 0.006655391 at epoch 1
Time Elasped: 00:00:16
========= Epoch 3 =========
42/84: Matthews 0.06138, Accuracy: 51.63265, Loss: 0.005176629
84/84: Matthews 0.05642, Accuracy: 50.81633, Loss: 0.004990346
 
Best Matthews: 0.15092, Best Accuracy: 60.81633, Best Loss: 0.006655391 at epoch 1
Time Elasped: 00:00:21
========= Epoch 4 =========
42/84: Matthews -0.01355, Accuracy: 46.53061, Loss: 0.004848392
84/84: Matthews 0.06929, Accuracy: 51.83673, Loss: 0.004720072
 
Best Matthews: 0.15092, Best Accuracy: 60.81633, Best Loss: 0.006655391 at epoch 1
Time Elasped: 00:00:26
========= Epoch 5 =========
42/84: Matthews 0.06509, Accuracy: 52.04082, Loss: 0.004609179
84/84: Matthews 0.02386, Accuracy: 48.97959, Loss: 0.004511396
 
Best Matthews: 0.15092, Best Accuracy: 60.81633, Best Loss: 0.006655391 at epoch 1
Time Elasped: 00:00:31
========= Epoch 6 =========
42/84: Matthews 0.02229, Accuracy: 47.75510, Loss: 0.004486619
84/84: Matthews 0.02554, Accuracy: 50.20408, Loss: 0.004342418
 
Best Matthews: 0.15092, Best Accuracy: 60.81633, Best Loss: 0.006655391 at epoch 1
Time Elasped: 00:00:36
========= Epoch 7 =========
42/84: Matthews 0.07426, Accuracy: 52.65306, Loss: 0.004244448
84/84: Matthews 0.03517, Accuracy: 51.63265, Loss: 0.004238693
 
Best Matthews: 0.15092, Best Accuracy: 60.81633, Best Loss: 0.006655391 at epoch 1
Time Elasped: 00:00:42
========= Epoch 8 =========
42/84: Matthews 0.04785, Accuracy: 50.40816, Loss: 0.004163945
84/84: Matthews 0.06203, Accuracy: 51.83673, Loss: 0.004127325
 
Best Matthews: 0.15092, Best Accuracy: 60.81633, Best Loss: 0.006655391 at epoch 1
Time Elasped: 00:00:47
========= Epoch 9 =========
42/84: Matthews 0.04673, Accuracy: 52.24490, Loss: 0.004170468
84/84: Matthews 0.05272, Accuracy: 53.26531, Loss: 0.004123007
 
Best Matthews: 0.15092, Best Accuracy: 60.81633, Best Loss: 0.006655391 at epoch 1
Time Elasped: 00:00:52
========= Epoch 10 =========
42/84: Matthews 0.06975, Accuracy: 54.69388, Loss: 0.004122087
84/84: Matthews 0.07368, Accuracy: 55.10204, Loss: 0.004050832
 
Best Matthews: 0.15092, Best Accuracy: 60.81633, Best Loss: 0.006655391 at epoch 1
Time Elasped: 00:00:57
========= Epoch 11 =========
42/84: Matthews 0.05350, Accuracy: 51.42857, Loss: 0.003825347
84/84: Matthews 0.08239, Accuracy: 53.67347, Loss: 0.003818025
 
Best Matthews: 0.15092, Best Accuracy: 60.81633, Best Loss: 0.006655391 at epoch 1
Time Elasped: 00:01:02
========= Epoch 12 =========
42/84: Matthews 0.06123, Accuracy: 53.67347, Loss: 0.003781113
84/84: Matthews 0.05551, Accuracy: 52.04082, Loss: 0.003744610
 
Best Matthews: 0.15092, Best Accuracy: 60.81633, Best Loss: 0.006655391 at epoch 1
Time Elasped: 00:01:07
========= Epoch 13 =========
42/84: Matthews 0.07675, Accuracy: 54.08163, Loss: 0.003737643
84/84: Matthews 0.07368, Accuracy: 55.10204, Loss: 0.003837118
 
Best Matthews: 0.15092, Best Accuracy: 60.81633, Best Loss: 0.006655391 at epoch 1
Time Elasped: 00:01:12
========= Epoch 14 =========
42/84: Matthews 0.02386, Accuracy: 50.40816, Loss: 0.003695694
84/84: Matthews 0.07128, Accuracy: 54.48980, Loss: 0.003737819
 
Best Matthews: 0.15092, Best Accuracy: 60.81633, Best Loss: 0.006655391 at epoch 1
Time Elasped: 00:01:17
========= Epoch 15 =========
42/84: Matthews 0.09527, Accuracy: 55.30612, Loss: 0.003650006
84/84: Matthews 0.04871, Accuracy: 51.42857, Loss: 0.003506518
 
Best Matthews: 0.15092, Best Accuracy: 60.81633, Best Loss: 0.006655391 at epoch 1
Time Elasped: 00:01:22
========= Epoch 16 =========
42/84: Matthews 0.06244, Accuracy: 55.71429, Loss: 0.003860506
84/84: Matthews 0.09347, Accuracy: 57.95918, Loss: 0.004017034
 
Best Matthews: 0.15092, Best Accuracy: 60.81633, Best Loss: 0.006655391 at epoch 1
Time Elasped: 00:01:27
========= Epoch 17 =========
42/84: Matthews 0.07886, Accuracy: 56.32653, Loss: 0.003839632
84/84: Matthews 0.05113, Accuracy: 54.08163, Loss: 0.003587390
 
Best Matthews: 0.15092, Best Accuracy: 60.81633, Best Loss: 0.006655391 at epoch 1
Time Elasped: 00:01:32
========= Epoch 18 =========
42/84: Matthews 0.05985, Accuracy: 55.10204, Loss: 0.003751730
84/84: Matthews 0.06373, Accuracy: 53.06122, Loss: 0.003354794
 
Best Matthews: 0.15092, Best Accuracy: 60.81633, Best Loss: 0.006655391 at epoch 1
Time Elasped: 00:01:37
========= Epoch 19 =========
42/84: Matthews 0.06070, Accuracy: 55.30612, Loss: 0.003587003
84/84: Matthews 0.07438, Accuracy: 54.69388, Loss: 0.003389097
 
Best Matthews: 0.15092, Best Accuracy: 60.81633, Best Loss: 0.006655391 at epoch 1
Time Elasped: 00:01:42
========= Epoch 20 =========
42/84: Matthews 0.07478, Accuracy: 52.04082, Loss: 0.003216299
84/84: Matthews 0.10684, Accuracy: 59.18367, Loss: 0.004040223
 
Best Matthews: 0.15092, Best Accuracy: 60.81633, Best Loss: 0.006655391 at epoch 1
Time Elasped: 00:01:47
========= Epoch 21 =========
42/84: Matthews 0.11337, Accuracy: 59.18367, Loss: 0.003946482
84/84: Matthews 0.08491, Accuracy: 57.14286, Loss: 0.003713230
 
Best Matthews: 0.15092, Best Accuracy: 60.81633, Best Loss: 0.006655391 at epoch 1
Time Elasped: 00:01:53
========= Epoch 22 =========
Early Stopping activated
 
Best Matthews: 0.15092, Best Accuracy: 60.81633, Best Loss: 0.006655391 at epoch 1
Time Elasped: 00:01:57
Test Set:
0/0: Matthews 0.20638, Accuracy: 62.40799, Loss: 0.002449248
