Namespace(batch_size=32, buffer_size=1, by_source=False, crop_pad_length=30, data='./acceptability_corpus/verb_classes/spray_load', data_type='discriminator', dropout=0.2, embedding='glove.6B.300d', embedding_path='/scratch/asw462/models/elmo_encoder/elmo.emb', embedding_size=217, encoder_num_layers=2, encoder_path='/scratch/asw462/models/elmo_encoder/elmo.pth', encoding_size=528, encoding_type='lstm_pooling_classifier', epochs=1000, evaluate_train=False, experiment_name='experiment_linear_classifier_h_135_l_2_lr_0.0000_e_217_do_0.2', glove=False, gpu=True, hidden_size=135, imbalance=True, learning_rate=4e-05, lm_path=None, logs_dir='/scratch/asw462/logs/verb_classes/spray_load', max_pool=False, model='linear_classifier', num_layers=2, output_dir='/scratch/asw462/logs/verb_classes/outputs/spray_load', patience=20, preprocess_tokenizer='space', prints_per_stage=1, resume=True, resume_file=None, save_loc='/scratch/asw462/models/verb_classes/spray_load', seed=1111, should_not_log=False, should_not_lowercase=False, should_not_preprocess_data=False, stages_per_epoch=2, train_embeddings=False, train_evaluate_interval=10, vocab_file='/scratch/asw462/data/vocab_100k.tsv')
======== General =======
Model: linear_classifier
GPU: True
Experiment Name: experiment_linear_classifier_h_135_l_2_lr_0.0000_e_217_do_0.2
Save location: /scratch/asw462/models/verb_classes/spray_load
Logs dir: /scratch/asw462/logs/verb_classes/spray_load
Timestamp: 2018/08/01 20:43:59
 
======== Data =======
Training set: 2688 examples
Validation set: 490 examples
Test set: 1902 examples
 
======= Parameters =======
Learning Rate: 0.000040
Batch Size: 32
Epochs: 1000
Patience: 20
Stages per Epoch: 2
Embedding: 100004 x 217
Number of layers: 2
Hidden Size: 135
Encoder Size: 528
Resume: True
 
======= Model =======
LinearClassifierWithEncoder(
  (model): LinearClassifier(
    (dropout): Dropout(p=0.2)
    (enc2h): Linear(in_features=1056, out_features=135, bias=True)
    (h20): Linear(in_features=135, out_features=1, bias=True)
    (sigmoid): Sigmoid()
    (tanh): Tanh()
    (softmax): Softmax()
  )
  (encoder): LSTMPoolingClassifierWithELMo(
    (elmo): ELMOClassifier(
      (lm): LSTMLanguageModel(
        (dropout): Dropout(p=0.2)
        (embedding): Embedding(100003, 217)
        (lstm): LSTM(217, 891, num_layers=2, dropout=0.2)
        (fc): Linear(in_features=891, out_features=100003, bias=True)
      )
      (lstms): ModuleList(
        (0): LSTM(217, 891, batch_first=True)
        (1): LSTM(891, 891, batch_first=True)
      )
      (dropout): Dropout(p=0.2)
      (linear_comb): Linear(in_features=2, out_features=1, bias=True)
      (fc1): Linear(in_features=891, out_features=528, bias=True)
      (relu): ReLU()
      (out): Linear(in_features=528, out_features=1, bias=True)
      (sigmoid): Sigmoid()
    )
    (pooling_classifier): LSTMPoolingClassifier(
      (ih2h): LSTM(891, 528, num_layers=3, batch_first=True, dropout=0.2, bidirectional=True)
      (pool2o): Linear(in_features=1056, out_features=1, bias=True)
      (sigmoid): Sigmoid()
      (softmax): Softmax()
      (dropout): Dropout(p=0.2)
    )
  )
)
 
========= Epoch 1 =========
42/84: Matthews 0.12600, Accuracy: 60.20408, Loss: 0.006858352
84/84: Matthews 0.12092, Accuracy: 58.97959, Loss: 0.006693377
 
Best Matthews: 0.12600, Best Accuracy: 60.20408, Best Loss: 0.006858352 at epoch 1
Time Elasped: 00:00:11
========= Epoch 2 =========
42/84: Matthews 0.04606, Accuracy: 50.61224, Loss: 0.006493858
84/84: Matthews 0.06602, Accuracy: 49.79592, Loss: 0.006306846
 
Best Matthews: 0.12600, Best Accuracy: 60.20408, Best Loss: 0.006858352 at epoch 1
Time Elasped: 00:00:16
========= Epoch 3 =========
42/84: Matthews 0.08157, Accuracy: 51.83673, Loss: 0.006180047
84/84: Matthews 0.07051, Accuracy: 51.42857, Loss: 0.006031015
 
Best Matthews: 0.12600, Best Accuracy: 60.20408, Best Loss: 0.006858352 at epoch 1
Time Elasped: 00:00:21
========= Epoch 4 =========
42/84: Matthews 0.06137, Accuracy: 53.06122, Loss: 0.005969582
84/84: Matthews 0.01669, Accuracy: 47.55102, Loss: 0.005766681
 
Best Matthews: 0.12600, Best Accuracy: 60.20408, Best Loss: 0.006858352 at epoch 1
Time Elasped: 00:00:26
========= Epoch 5 =========
42/84: Matthews 0.05350, Accuracy: 51.42857, Loss: 0.005678219
84/84: Matthews 0.05335, Accuracy: 50.61224, Loss: 0.005562011
 
Best Matthews: 0.12600, Best Accuracy: 60.20408, Best Loss: 0.006858352 at epoch 1
Time Elasped: 00:00:31
========= Epoch 6 =========
42/84: Matthews 0.04785, Accuracy: 50.40816, Loss: 0.005466606
84/84: Matthews 0.05526, Accuracy: 51.22449, Loss: 0.005367807
 
Best Matthews: 0.12600, Best Accuracy: 60.20408, Best Loss: 0.006858352 at epoch 1
Time Elasped: 00:00:36
========= Epoch 7 =========
42/84: Matthews 0.01915, Accuracy: 47.55102, Loss: 0.005278252
84/84: Matthews 0.03619, Accuracy: 49.79592, Loss: 0.005215877
 
Best Matthews: 0.12600, Best Accuracy: 60.20408, Best Loss: 0.006858352 at epoch 1
Time Elasped: 00:00:41
========= Epoch 8 =========
42/84: Matthews 0.00309, Accuracy: 47.14286, Loss: 0.005155397
84/84: Matthews 0.04326, Accuracy: 51.22449, Loss: 0.005090256
 
Best Matthews: 0.12600, Best Accuracy: 60.20408, Best Loss: 0.006858352 at epoch 1
Time Elasped: 00:00:46
========= Epoch 9 =========
42/84: Matthews 0.01215, Accuracy: 48.36735, Loss: 0.005008990
84/84: Matthews 0.02008, Accuracy: 48.57143, Loss: 0.004954266
 
Best Matthews: 0.12600, Best Accuracy: 60.20408, Best Loss: 0.006858352 at epoch 1
Time Elasped: 00:00:51
========= Epoch 10 =========
42/84: Matthews 0.03406, Accuracy: 50.61224, Loss: 0.004899560
84/84: Matthews 0.00552, Accuracy: 47.14286, Loss: 0.004856936
 
Best Matthews: 0.12600, Best Accuracy: 60.20408, Best Loss: 0.006858352 at epoch 1
Time Elasped: 00:00:56
========= Epoch 11 =========
42/84: Matthews 0.03311, Accuracy: 49.59184, Loss: 0.004800567
84/84: Matthews 0.05313, Accuracy: 52.04082, Loss: 0.004795590
 
Best Matthews: 0.12600, Best Accuracy: 60.20408, Best Loss: 0.006858352 at epoch 1
Time Elasped: 00:01:01
========= Epoch 12 =========
42/84: Matthews 0.03489, Accuracy: 49.38776, Loss: 0.004715064
84/84: Matthews 0.05216, Accuracy: 52.44898, Loss: 0.004720903
 
Best Matthews: 0.12600, Best Accuracy: 60.20408, Best Loss: 0.006858352 at epoch 1
Time Elasped: 00:01:06
========= Epoch 13 =========
42/84: Matthews 0.00665, Accuracy: 48.16327, Loss: 0.004631035
84/84: Matthews 0.06302, Accuracy: 52.85714, Loss: 0.004637918
 
Best Matthews: 0.12600, Best Accuracy: 60.20408, Best Loss: 0.006858352 at epoch 1
Time Elasped: 00:01:11
========= Epoch 14 =========
42/84: Matthews 0.02937, Accuracy: 49.18367, Loss: 0.004585129
84/84: Matthews 0.05313, Accuracy: 52.04082, Loss: 0.004565447
 
Best Matthews: 0.12600, Best Accuracy: 60.20408, Best Loss: 0.006858352 at epoch 1
Time Elasped: 00:01:16
========= Epoch 15 =========
42/84: Matthews 0.06011, Accuracy: 51.22449, Loss: 0.004511622
84/84: Matthews 0.04565, Accuracy: 51.22449, Loss: 0.004484444
 
Best Matthews: 0.12600, Best Accuracy: 60.20408, Best Loss: 0.006858352 at epoch 1
Time Elasped: 00:01:21
========= Epoch 16 =========
42/84: Matthews 0.04632, Accuracy: 51.42857, Loss: 0.004433827
84/84: Matthews -0.01279, Accuracy: 46.73469, Loss: 0.004405483
 
Best Matthews: 0.12600, Best Accuracy: 60.20408, Best Loss: 0.006858352 at epoch 1
Time Elasped: 00:01:26
========= Epoch 17 =========
42/84: Matthews 0.04431, Accuracy: 50.81633, Loss: 0.004377959
84/84: Matthews 0.05790, Accuracy: 52.04082, Loss: 0.004366934
 
Best Matthews: 0.12600, Best Accuracy: 60.20408, Best Loss: 0.006858352 at epoch 1
Time Elasped: 00:01:31
========= Epoch 18 =========
42/84: Matthews 0.03311, Accuracy: 49.59184, Loss: 0.004305042
84/84: Matthews 0.03751, Accuracy: 50.20408, Loss: 0.004298635
 
Best Matthews: 0.12600, Best Accuracy: 60.20408, Best Loss: 0.006858352 at epoch 1
Time Elasped: 00:01:36
========= Epoch 19 =========
42/84: Matthews 0.04020, Accuracy: 51.02041, Loss: 0.004294905
84/84: Matthews 0.04498, Accuracy: 51.02041, Loss: 0.004262570
 
Best Matthews: 0.12600, Best Accuracy: 60.20408, Best Loss: 0.006858352 at epoch 1
Time Elasped: 00:01:41
========= Epoch 20 =========
42/84: Matthews 0.06539, Accuracy: 52.85714, Loss: 0.004278664
84/84: Matthews 0.02896, Accuracy: 49.79592, Loss: 0.004213482
 
Best Matthews: 0.12600, Best Accuracy: 60.20408, Best Loss: 0.006858352 at epoch 1
Time Elasped: 00:01:46
========= Epoch 21 =========
42/84: Matthews 0.03027, Accuracy: 52.24490, Loss: 0.004319923
84/84: Matthews 0.06680, Accuracy: 53.26531, Loss: 0.004278599
 
Best Matthews: 0.12600, Best Accuracy: 60.20408, Best Loss: 0.006858352 at epoch 1
Time Elasped: 00:01:51
========= Epoch 22 =========
Early Stopping activated
 
Best Matthews: 0.12600, Best Accuracy: 60.20408, Best Loss: 0.006858352 at epoch 1
Time Elasped: 00:01:55
Test Set:
0/0: Matthews 0.16557, Accuracy: 60.88328, Loss: 0.002476979
