Namespace(batch_size=32, buffer_size=1, by_source=False, crop_pad_length=30, data='./acceptability_corpus/verb_classes/spray_load', data_type='discriminator', dropout=0.2, embedding='glove.6B.300d', embedding_path='/scratch/asw462/models/elmo_encoder/elmo.emb', embedding_size=217, encoder_num_layers=2, encoder_path='/scratch/asw462/models/elmo_encoder/elmo.pth', encoding_size=528, encoding_type='lstm_pooling_classifier', epochs=1000, evaluate_train=False, experiment_name='experiment_linear_classifier_h_140_l_2_lr_0.0001_e_217_do_0.2', glove=False, gpu=True, hidden_size=140, imbalance=True, learning_rate=5e-05, lm_path=None, logs_dir='/scratch/asw462/logs/verb_classes/spray_load', max_pool=False, model='linear_classifier', num_layers=2, output_dir='/scratch/asw462/logs/verb_classes/outputs/spray_load', patience=20, preprocess_tokenizer='space', prints_per_stage=1, resume=True, resume_file=None, save_loc='/scratch/asw462/models/verb_classes/spray_load', seed=1111, should_not_log=False, should_not_lowercase=False, should_not_preprocess_data=False, stages_per_epoch=2, train_embeddings=False, train_evaluate_interval=10, vocab_file='/scratch/asw462/data/vocab_100k.tsv')
======== General =======
Model: linear_classifier
GPU: True
Experiment Name: experiment_linear_classifier_h_140_l_2_lr_0.0001_e_217_do_0.2
Save location: /scratch/asw462/models/verb_classes/spray_load
Logs dir: /scratch/asw462/logs/verb_classes/spray_load
Timestamp: 2018/08/01 20:45:41
 
======== Data =======
Training set: 2688 examples
Validation set: 490 examples
Test set: 1902 examples
 
======= Parameters =======
Learning Rate: 0.000050
Batch Size: 32
Epochs: 1000
Patience: 20
Stages per Epoch: 2
Embedding: 100004 x 217
Number of layers: 2
Hidden Size: 140
Encoder Size: 528
Resume: True
 
======= Model =======
LinearClassifierWithEncoder(
  (model): LinearClassifier(
    (dropout): Dropout(p=0.2)
    (enc2h): Linear(in_features=1056, out_features=140, bias=True)
    (h20): Linear(in_features=140, out_features=1, bias=True)
    (sigmoid): Sigmoid()
    (tanh): Tanh()
    (softmax): Softmax()
  )
  (encoder): LSTMPoolingClassifierWithELMo(
    (elmo): ELMOClassifier(
      (lm): LSTMLanguageModel(
        (dropout): Dropout(p=0.2)
        (embedding): Embedding(100003, 217)
        (lstm): LSTM(217, 891, num_layers=2, dropout=0.2)
        (fc): Linear(in_features=891, out_features=100003, bias=True)
      )
      (lstms): ModuleList(
        (0): LSTM(217, 891, batch_first=True)
        (1): LSTM(891, 891, batch_first=True)
      )
      (dropout): Dropout(p=0.2)
      (linear_comb): Linear(in_features=2, out_features=1, bias=True)
      (fc1): Linear(in_features=891, out_features=528, bias=True)
      (relu): ReLU()
      (out): Linear(in_features=528, out_features=1, bias=True)
      (sigmoid): Sigmoid()
    )
    (pooling_classifier): LSTMPoolingClassifier(
      (ih2h): LSTM(891, 528, num_layers=3, batch_first=True, dropout=0.2, bidirectional=True)
      (pool2o): Linear(in_features=1056, out_features=1, bias=True)
      (sigmoid): Sigmoid()
      (softmax): Softmax()
      (dropout): Dropout(p=0.2)
    )
  )
)
 
========= Epoch 1 =========
42/84: Matthews 0.12494, Accuracy: 52.85714, Loss: 0.006755898
84/84: Matthews 0.12001, Accuracy: 56.32653, Loss: 0.006561471
 
Best Matthews: 0.12494, Best Accuracy: 52.85714, Best Loss: 0.006755898 at epoch 1
Time Elasped: 00:00:11
========= Epoch 2 =========
42/84: Matthews 0.10967, Accuracy: 57.14286, Loss: 0.006419836
84/84: Matthews 0.08767, Accuracy: 52.24490, Loss: 0.006181084
 
Best Matthews: 0.12494, Best Accuracy: 52.85714, Best Loss: 0.006755898 at epoch 1
Time Elasped: 00:00:15
========= Epoch 3 =========
42/84: Matthews 0.07722, Accuracy: 52.04082, Loss: 0.006019585
84/84: Matthews 0.06301, Accuracy: 47.34694, Loss: 0.005832205
 
Best Matthews: 0.12494, Best Accuracy: 52.85714, Best Loss: 0.006755898 at epoch 1
Time Elasped: 00:00:20
========= Epoch 4 =========
42/84: Matthews 0.06380, Accuracy: 50.81633, Loss: 0.005708300
84/84: Matthews 0.05642, Accuracy: 50.81633, Loss: 0.005560543
 
Best Matthews: 0.12494, Best Accuracy: 52.85714, Best Loss: 0.006755898 at epoch 1
Time Elasped: 00:00:25
========= Epoch 5 =========
42/84: Matthews 0.07111, Accuracy: 51.63265, Loss: 0.005437935
84/84: Matthews 0.05335, Accuracy: 50.61224, Loss: 0.005312195
 
Best Matthews: 0.12494, Best Accuracy: 52.85714, Best Loss: 0.006755898 at epoch 1
Time Elasped: 00:00:29
========= Epoch 6 =========
42/84: Matthews 0.03180, Accuracy: 49.18367, Loss: 0.005218361
84/84: Matthews 0.03798, Accuracy: 49.59184, Loss: 0.005124177
 
Best Matthews: 0.12494, Best Accuracy: 52.85714, Best Loss: 0.006755898 at epoch 1
Time Elasped: 00:00:34
========= Epoch 7 =========
42/84: Matthews 0.01915, Accuracy: 47.55102, Loss: 0.005045324
84/84: Matthews 0.05313, Accuracy: 52.04082, Loss: 0.004969833
 
Best Matthews: 0.12494, Best Accuracy: 52.85714, Best Loss: 0.006755898 at epoch 1
Time Elasped: 00:00:39
========= Epoch 8 =========
42/84: Matthews 0.04350, Accuracy: 49.79592, Loss: 0.004873863
84/84: Matthews 0.02144, Accuracy: 48.97959, Loss: 0.004807454
 
Best Matthews: 0.12494, Best Accuracy: 52.85714, Best Loss: 0.006755898 at epoch 1
Time Elasped: 00:00:43
========= Epoch 9 =========
42/84: Matthews 0.00524, Accuracy: 47.75510, Loss: 0.004762342
84/84: Matthews 0.01972, Accuracy: 49.18367, Loss: 0.004674415
 
Best Matthews: 0.12494, Best Accuracy: 52.85714, Best Loss: 0.006755898 at epoch 1
Time Elasped: 00:00:48
========= Epoch 10 =========
42/84: Matthews 0.07082, Accuracy: 53.06122, Loss: 0.004648702
84/84: Matthews 0.02871, Accuracy: 48.97959, Loss: 0.004557438
 
Best Matthews: 0.12494, Best Accuracy: 52.85714, Best Loss: 0.006755898 at epoch 1
Time Elasped: 00:00:53
========= Epoch 11 =========
42/84: Matthews 0.01698, Accuracy: 48.36735, Loss: 0.004509620
84/84: Matthews 0.05551, Accuracy: 52.04082, Loss: 0.004489976
 
Best Matthews: 0.12494, Best Accuracy: 52.85714, Best Loss: 0.006755898 at epoch 1
Time Elasped: 00:00:57
========= Epoch 12 =========
42/84: Matthews 0.03781, Accuracy: 51.02041, Loss: 0.004455355
84/84: Matthews 0.04235, Accuracy: 50.20408, Loss: 0.004390281
 
Best Matthews: 0.12494, Best Accuracy: 52.85714, Best Loss: 0.006755898 at epoch 1
Time Elasped: 00:01:02
========= Epoch 13 =========
42/84: Matthews 0.05705, Accuracy: 51.02041, Loss: 0.004335917
84/84: Matthews 0.05220, Accuracy: 51.02041, Loss: 0.004313368
 
Best Matthews: 0.12494, Best Accuracy: 52.85714, Best Loss: 0.006755898 at epoch 1
Time Elasped: 00:01:07
========= Epoch 14 =========
42/84: Matthews 0.02348, Accuracy: 49.59184, Loss: 0.004280455
84/84: Matthews 0.07014, Accuracy: 52.85714, Loss: 0.004314440
 
Best Matthews: 0.12494, Best Accuracy: 52.85714, Best Loss: 0.006755898 at epoch 1
Time Elasped: 00:01:11
========= Epoch 15 =========
42/84: Matthews 0.06138, Accuracy: 51.63265, Loss: 0.004227188
84/84: Matthews 0.03869, Accuracy: 53.87755, Loss: 0.004362556
 
Best Matthews: 0.12494, Best Accuracy: 52.85714, Best Loss: 0.006755898 at epoch 1
Time Elasped: 00:01:16
========= Epoch 16 =========
42/84: Matthews 0.01355, Accuracy: 48.77551, Loss: 0.004170530
84/84: Matthews 0.07186, Accuracy: 52.65306, Loss: 0.004150316
 
Best Matthews: 0.12494, Best Accuracy: 52.85714, Best Loss: 0.006755898 at epoch 1
Time Elasped: 00:01:21
========= Epoch 17 =========
42/84: Matthews 0.03818, Accuracy: 50.40816, Loss: 0.004113831
84/84: Matthews 0.05902, Accuracy: 53.06122, Loss: 0.004164369
 
Best Matthews: 0.12494, Best Accuracy: 52.85714, Best Loss: 0.006755898 at epoch 1
Time Elasped: 00:01:25
========= Epoch 18 =========
42/84: Matthews 0.04839, Accuracy: 52.04082, Loss: 0.004135043
84/84: Matthews 0.02453, Accuracy: 49.18367, Loss: 0.004044081
 
Best Matthews: 0.12494, Best Accuracy: 52.85714, Best Loss: 0.006755898 at epoch 1
Time Elasped: 00:01:30
========= Epoch 19 =========
42/84: Matthews 0.03588, Accuracy: 51.83673, Loss: 0.004066471
84/84: Matthews 0.04058, Accuracy: 50.40816, Loss: 0.003979405
 
Best Matthews: 0.12494, Best Accuracy: 52.85714, Best Loss: 0.006755898 at epoch 1
Time Elasped: 00:01:35
========= Epoch 20 =========
42/84: Matthews 0.04394, Accuracy: 51.42857, Loss: 0.004002639
84/84: Matthews 0.05740, Accuracy: 53.26531, Loss: 0.004035951
 
Best Matthews: 0.12494, Best Accuracy: 52.85714, Best Loss: 0.006755898 at epoch 1
Time Elasped: 00:01:39
========= Epoch 21 =========
42/84: Matthews 0.06586, Accuracy: 54.28571, Loss: 0.004055573
84/84: Matthews 0.03952, Accuracy: 50.81633, Loss: 0.003923315
 
Best Matthews: 0.12494, Best Accuracy: 52.85714, Best Loss: 0.006755898 at epoch 1
Time Elasped: 00:01:44
========= Epoch 22 =========
Early Stopping activated
 
Best Matthews: 0.12494, Best Accuracy: 52.85714, Best Loss: 0.006755898 at epoch 1
Time Elasped: 00:01:48
Test Set:
0/0: Matthews 0.23123, Accuracy: 60.04206, Loss: 0.002487504
