Namespace(batch_size=32, buffer_size=1, by_source=False, crop_pad_length=30, data='./acceptability_corpus/verb_classes/spray_load', data_type='discriminator', dropout=0.5, embedding='glove.6B.300d', embedding_path='/scratch/asw462/models/elmo_encoder/elmo.emb', embedding_size=217, encoder_num_layers=2, encoder_path='/scratch/asw462/models/elmo_encoder/elmo.pth', encoding_size=528, encoding_type='lstm_pooling_classifier', epochs=1000, evaluate_train=False, experiment_name='experiment_linear_classifier_h_145_l_1_lr_0.0000_e_217_do_0.5', glove=False, gpu=True, hidden_size=145, imbalance=True, learning_rate=1e-05, lm_path=None, logs_dir='/scratch/asw462/logs/verb_classes/spray_load', max_pool=False, model='linear_classifier', num_layers=1, output_dir='/scratch/asw462/logs/verb_classes/outputs/spray_load', patience=20, preprocess_tokenizer='space', prints_per_stage=1, resume=True, resume_file=None, save_loc='/scratch/asw462/models/verb_classes/spray_load', seed=1111, should_not_log=False, should_not_lowercase=False, should_not_preprocess_data=False, stages_per_epoch=2, train_embeddings=False, train_evaluate_interval=10, vocab_file='/scratch/asw462/data/vocab_100k.tsv')
======== General =======
Model: linear_classifier
GPU: True
Experiment Name: experiment_linear_classifier_h_145_l_1_lr_0.0000_e_217_do_0.5
Save location: /scratch/asw462/models/verb_classes/spray_load
Logs dir: /scratch/asw462/logs/verb_classes/spray_load
Timestamp: 2018/08/01 20:20:37
 
======== Data =======
Training set: 2688 examples
Validation set: 490 examples
Test set: 1902 examples
 
======= Parameters =======
Learning Rate: 0.000010
Batch Size: 32
Epochs: 1000
Patience: 20
Stages per Epoch: 2
Embedding: 100004 x 217
Number of layers: 1
Hidden Size: 145
Encoder Size: 528
Resume: True
 
======= Model =======
LinearClassifierWithEncoder(
  (model): LinearClassifier(
    (dropout): Dropout(p=0.5)
    (enc2h): Linear(in_features=1056, out_features=145, bias=True)
    (h20): Linear(in_features=145, out_features=1, bias=True)
    (sigmoid): Sigmoid()
    (tanh): Tanh()
    (softmax): Softmax()
  )
  (encoder): LSTMPoolingClassifierWithELMo(
    (elmo): ELMOClassifier(
      (lm): LSTMLanguageModel(
        (dropout): Dropout(p=0.2)
        (embedding): Embedding(100003, 217)
        (lstm): LSTM(217, 891, num_layers=2, dropout=0.2)
        (fc): Linear(in_features=891, out_features=100003, bias=True)
      )
      (lstms): ModuleList(
        (0): LSTM(217, 891, batch_first=True)
        (1): LSTM(891, 891, batch_first=True)
      )
      (dropout): Dropout(p=0.2)
      (linear_comb): Linear(in_features=2, out_features=1, bias=True)
      (fc1): Linear(in_features=891, out_features=528, bias=True)
      (relu): ReLU()
      (out): Linear(in_features=528, out_features=1, bias=True)
      (sigmoid): Sigmoid()
    )
    (pooling_classifier): LSTMPoolingClassifier(
      (ih2h): LSTM(891, 528, num_layers=3, batch_first=True, dropout=0.2, bidirectional=True)
      (pool2o): Linear(in_features=1056, out_features=1, bias=True)
      (sigmoid): Sigmoid()
      (softmax): Softmax()
      (dropout): Dropout(p=0.2)
    )
  )
)
 
========= Epoch 1 =========
42/84: Matthews 0.08450, Accuracy: 61.83673, Loss: 0.007144278
84/84: Matthews 0.17585, Accuracy: 66.12245, Loss: 0.007120319
 
Best Matthews: 0.17585, Best Accuracy: 66.12245, Best Loss: 0.007120319 at epoch 1
Time Elasped: 00:00:13
========= Epoch 2 =========
42/84: Matthews 0.11879, Accuracy: 62.65306, Loss: 0.007069467
84/84: Matthews 0.12918, Accuracy: 63.06122, Loss: 0.007044790
 
Best Matthews: 0.17585, Best Accuracy: 66.12245, Best Loss: 0.007120319 at epoch 1
Time Elasped: 00:00:18
========= Epoch 3 =========
42/84: Matthews 0.14941, Accuracy: 62.04082, Loss: 0.006998146
84/84: Matthews 0.15144, Accuracy: 60.20408, Loss: 0.006954061
 
Best Matthews: 0.17585, Best Accuracy: 66.12245, Best Loss: 0.007120319 at epoch 1
Time Elasped: 00:00:22
========= Epoch 4 =========
42/84: Matthews 0.14621, Accuracy: 58.77551, Loss: 0.006914018
84/84: Matthews 0.15509, Accuracy: 60.81633, Loss: 0.006896831
 
Best Matthews: 0.17585, Best Accuracy: 66.12245, Best Loss: 0.007120319 at epoch 1
Time Elasped: 00:00:27
========= Epoch 5 =========
42/84: Matthews 0.13541, Accuracy: 58.36735, Loss: 0.006848718
84/84: Matthews 0.12858, Accuracy: 58.77551, Loss: 0.006827862
 
Best Matthews: 0.17585, Best Accuracy: 66.12245, Best Loss: 0.007120319 at epoch 1
Time Elasped: 00:00:32
========= Epoch 6 =========
42/84: Matthews 0.11734, Accuracy: 57.34694, Loss: 0.006788312
84/84: Matthews 0.12098, Accuracy: 57.14286, Loss: 0.006747340
 
Best Matthews: 0.17585, Best Accuracy: 66.12245, Best Loss: 0.007120319 at epoch 1
Time Elasped: 00:00:36
========= Epoch 7 =========
42/84: Matthews 0.11959, Accuracy: 57.34694, Loss: 0.006722109
84/84: Matthews 0.11557, Accuracy: 56.93878, Loss: 0.006685563
 
Best Matthews: 0.17585, Best Accuracy: 66.12245, Best Loss: 0.007120319 at epoch 1
Time Elasped: 00:00:41
========= Epoch 8 =========
42/84: Matthews 0.09675, Accuracy: 53.67347, Loss: 0.006625478
84/84: Matthews 0.11308, Accuracy: 56.32653, Loss: 0.006616959
 
Best Matthews: 0.17585, Best Accuracy: 66.12245, Best Loss: 0.007120319 at epoch 1
Time Elasped: 00:00:46
========= Epoch 9 =========
42/84: Matthews 0.10767, Accuracy: 55.51020, Loss: 0.006580417
84/84: Matthews 0.10008, Accuracy: 54.69388, Loss: 0.006543231
 
Best Matthews: 0.17585, Best Accuracy: 66.12245, Best Loss: 0.007120319 at epoch 1
Time Elasped: 00:00:50
========= Epoch 10 =========
42/84: Matthews 0.10245, Accuracy: 54.69388, Loss: 0.006507979
84/84: Matthews 0.09938, Accuracy: 54.48980, Loss: 0.006475363
 
Best Matthews: 0.17585, Best Accuracy: 66.12245, Best Loss: 0.007120319 at epoch 1
Time Elasped: 00:00:55
========= Epoch 11 =========
42/84: Matthews 0.08922, Accuracy: 54.28571, Loss: 0.006454386
84/84: Matthews 0.08888, Accuracy: 53.46939, Loss: 0.006406575
 
Best Matthews: 0.17585, Best Accuracy: 66.12245, Best Loss: 0.007120319 at epoch 1
Time Elasped: 00:01:00
========= Epoch 12 =========
42/84: Matthews 0.07172, Accuracy: 51.83673, Loss: 0.006348807
84/84: Matthews 0.08583, Accuracy: 53.26531, Loss: 0.006343260
 
Best Matthews: 0.17585, Best Accuracy: 66.12245, Best Loss: 0.007120319 at epoch 1
Time Elasped: 00:01:04
========= Epoch 13 =========
42/84: Matthews 0.08583, Accuracy: 53.26531, Loss: 0.006314908
84/84: Matthews 0.08888, Accuracy: 53.46939, Loss: 0.006288907
 
Best Matthews: 0.17585, Best Accuracy: 66.12245, Best Loss: 0.007120319 at epoch 1
Time Elasped: 00:01:09
========= Epoch 14 =========
42/84: Matthews 0.08954, Accuracy: 53.67347, Loss: 0.006262506
84/84: Matthews 0.08583, Accuracy: 53.26531, Loss: 0.006228064
 
Best Matthews: 0.17585, Best Accuracy: 66.12245, Best Loss: 0.007120319 at epoch 1
Time Elasped: 00:01:14
========= Epoch 15 =========
42/84: Matthews 0.10151, Accuracy: 55.10204, Loss: 0.006219664
84/84: Matthews 0.08213, Accuracy: 52.85714, Loss: 0.006157402
 
Best Matthews: 0.17585, Best Accuracy: 66.12245, Best Loss: 0.007120319 at epoch 1
Time Elasped: 00:01:18
========= Epoch 16 =========
42/84: Matthews 0.06929, Accuracy: 51.83673, Loss: 0.006119317
84/84: Matthews 0.06561, Accuracy: 51.42857, Loss: 0.006085142
 
Best Matthews: 0.17585, Best Accuracy: 66.12245, Best Loss: 0.007120319 at epoch 1
Time Elasped: 00:01:23
========= Epoch 17 =========
42/84: Matthews 0.07172, Accuracy: 51.83673, Loss: 0.006054688
84/84: Matthews 0.06992, Accuracy: 52.04082, Loss: 0.006033455
 
Best Matthews: 0.17585, Best Accuracy: 66.12245, Best Loss: 0.007120319 at epoch 1
Time Elasped: 00:01:28
========= Epoch 18 =========
42/84: Matthews 0.06992, Accuracy: 52.04082, Loss: 0.006007311
84/84: Matthews 0.06992, Accuracy: 52.04082, Loss: 0.005983136
 
Best Matthews: 0.17585, Best Accuracy: 66.12245, Best Loss: 0.007120319 at epoch 1
Time Elasped: 00:01:32
========= Epoch 19 =========
42/84: Matthews 0.07297, Accuracy: 52.24490, Loss: 0.005956901
84/84: Matthews 0.06992, Accuracy: 52.04082, Loss: 0.005925555
 
Best Matthews: 0.17585, Best Accuracy: 66.12245, Best Loss: 0.007120319 at epoch 1
Time Elasped: 00:01:37
========= Epoch 20 =========
42/84: Matthews 0.07297, Accuracy: 52.24490, Loss: 0.005901492
84/84: Matthews 0.07297, Accuracy: 52.24490, Loss: 0.005877771
 
Best Matthews: 0.17585, Best Accuracy: 66.12245, Best Loss: 0.007120319 at epoch 1
Time Elasped: 00:01:42
========= Epoch 21 =========
42/84: Matthews 0.07540, Accuracy: 52.24490, Loss: 0.005842491
84/84: Matthews 0.05398, Accuracy: 50.81633, Loss: 0.005812637
 
Best Matthews: 0.17585, Best Accuracy: 66.12245, Best Loss: 0.007120319 at epoch 1
Time Elasped: 00:01:46
========= Epoch 22 =========
Early Stopping activated
 
Best Matthews: 0.17585, Best Accuracy: 66.12245, Best Loss: 0.007120319 at epoch 1
Time Elasped: 00:01:50
Test Set:
0/0: Matthews 0.11151, Accuracy: 61.19874, Loss: 0.002534920
