Namespace(batch_size=32, buffer_size=1, by_source=False, crop_pad_length=30, data='./acceptability_corpus/tokenized/run_mixed_dev/', data_type='discriminator', dropout=0.2, embedding='glove.840B.300d', embedding_path='/scratch/asw462/models/elmo_encoder/elmo.emb', embedding_size=217, encoder_num_layers=2, encoder_path='/scratch/asw462/models/elmo_encoder/elmo.pth', encoding_size=528, encoding_type='lstm_pooling_classifier', epochs=1000, evaluate_train=False, experiment_name='ajold18', glove=False, gpu=True, hidden_size=256, imbalance=True, learning_rate=1e-05, lm_path=None, logs_dir='/scratch/asw462/logs/aj_elmo_pooling_old_11-21-18', max_pool=False, model='linear_classifier', num_layers=1, output_dir='/scratch/asw462/logs/aj_elmo_pooling_old_11-21-18/outputs', patience=20, preprocess_tokenizer='space', prints_per_stage=1, resume=True, resume_file=None, save_loc='/scratch/asw462/models/aj_elmo_pooling_old_11-21-18', seed=1111, should_not_log=False, should_not_lowercase=False, should_not_preprocess_data=False, stages_per_epoch=2, train_embeddings=False, train_evaluate_interval=10, vocab_file='/scratch/asw462/data/vocab_100k.tsv')
======== General =======
Model: linear_classifier
GPU: True
Experiment Name: ajold18
Save location: /scratch/asw462/models/aj_elmo_pooling_old_11-21-18
Logs dir: /scratch/asw462/logs/aj_elmo_pooling_old_11-21-18
Timestamp: 2018/11/21 14:44:45
 
======== Data =======
Training set: 8551 examples
Validation set: 1043 examples
Test set: 1043 examples
 
======= Parameters =======
Learning Rate: 0.000010
Batch Size: 32
Epochs: 1000
Patience: 20
Stages per Epoch: 2
Embedding: 100004 x 217
Number of layers: 1
Hidden Size: 256
Encoder Size: 528
Resume: True
 
======= Model =======
LinearClassifierWithEncoder(
  (model): LinearClassifier(
    (dropout): Dropout(p=0.2)
    (enc2h): Linear(in_features=1056, out_features=256, bias=True)
    (h20): Linear(in_features=256, out_features=1, bias=True)
    (sigmoid): Sigmoid()
    (tanh): Tanh()
    (softmax): Softmax()
  )
  (encoder): LSTMPoolingClassifierWithELMo(
    (elmo): ELMOClassifier(
      (lm): LSTMLanguageModel(
        (dropout): Dropout(p=0.2)
        (embedding): Embedding(100003, 217)
        (lstm): LSTM(217, 891, num_layers=2, dropout=0.2)
        (fc): Linear(in_features=891, out_features=100003, bias=True)
      )
      (lstms): ModuleList(
        (0): LSTM(217, 891, batch_first=True)
        (1): LSTM(891, 891, batch_first=True)
      )
      (dropout): Dropout(p=0.2)
      (linear_comb): Linear(in_features=2, out_features=1, bias=True)
      (fc1): Linear(in_features=891, out_features=528, bias=True)
      (relu): ReLU()
      (out): Linear(in_features=528, out_features=1, bias=True)
      (sigmoid): Sigmoid()
    )
    (pooling_classifier): LSTMPoolingClassifier(
      (ih2h): LSTM(891, 528, num_layers=3, batch_first=True, dropout=0.2, bidirectional=True)
      (pool2o): Linear(in_features=1056, out_features=1, bias=True)
      (sigmoid): Sigmoid()
      (softmax): Softmax()
      (dropout): Dropout(p=0.2)
    )
  )
)
 
========= Epoch 1 =========
134/268: Matthews 0.20832, Accuracy: 67.30585, Loss: 0.005024996
268/268: Matthews 0.21627, Accuracy: 67.97699, Loss: 0.004858203
 
Best Matthews: 0.21627, Best Accuracy: 67.97699, Best Loss: 0.004858203 at epoch 1
Time Elasped: 00:00:24
========= Epoch 2 =========
134/268: Matthews 0.22970, Accuracy: 66.92234, Loss: 0.004754248
268/268: Matthews 0.22887, Accuracy: 67.11409, Loss: 0.004693606
 
Best Matthews: 0.22970, Best Accuracy: 66.92234, Best Loss: 0.004754248 at epoch 2
Time Elasped: 00:00:40
========= Epoch 3 =========
134/268: Matthews 0.23595, Accuracy: 66.73058, Loss: 0.004657941
268/268: Matthews 0.23945, Accuracy: 67.59348, Loss: 0.004609364
 
Best Matthews: 0.23945, Best Accuracy: 67.59348, Best Loss: 0.004609364 at epoch 3
Time Elasped: 00:00:58
========= Epoch 4 =========
134/268: Matthews 0.23574, Accuracy: 67.20997, Loss: 0.004575181
268/268: Matthews 0.23424, Accuracy: 66.53883, Loss: 0.004563449
 
Best Matthews: 0.23945, Best Accuracy: 67.59348, Best Loss: 0.004609364 at epoch 3
Time Elasped: 00:01:13
========= Epoch 5 =========
134/268: Matthews 0.23771, Accuracy: 66.15532, Loss: 0.004545760
268/268: Matthews 0.23599, Accuracy: 67.30585, Loss: 0.004497469
 
Best Matthews: 0.23945, Best Accuracy: 67.59348, Best Loss: 0.004609364 at epoch 3
Time Elasped: 00:01:28
========= Epoch 6 =========
134/268: Matthews 0.23838, Accuracy: 67.20997, Loss: 0.004474835
268/268: Matthews 0.24330, Accuracy: 66.25120, Loss: 0.004466467
 
Best Matthews: 0.24330, Best Accuracy: 66.25120, Best Loss: 0.004466467 at epoch 6
Time Elasped: 00:01:44
========= Epoch 7 =========
134/268: Matthews 0.23177, Accuracy: 67.20997, Loss: 0.004435809
268/268: Matthews 0.25036, Accuracy: 66.44295, Loss: 0.004439969
 
Best Matthews: 0.25036, Best Accuracy: 66.44295, Best Loss: 0.004439969 at epoch 7
Time Elasped: 00:02:01
========= Epoch 8 =========
134/268: Matthews 0.25765, Accuracy: 66.82646, Loss: 0.004418842
268/268: Matthews 0.25252, Accuracy: 67.59348, Loss: 0.004405780
 
Best Matthews: 0.25765, Best Accuracy: 66.82646, Best Loss: 0.004418842 at epoch 8
Time Elasped: 00:02:17
========= Epoch 9 =========
134/268: Matthews 0.26264, Accuracy: 67.40173, Loss: 0.004410381
268/268: Matthews 0.26063, Accuracy: 67.01822, Loss: 0.004375190
 
Best Matthews: 0.26264, Best Accuracy: 67.40173, Best Loss: 0.004410381 at epoch 9
Time Elasped: 00:02:34
========= Epoch 10 =========
134/268: Matthews 0.26700, Accuracy: 67.59348, Loss: 0.004372019
268/268: Matthews 0.25469, Accuracy: 67.40173, Loss: 0.004362440
 
Best Matthews: 0.26700, Best Accuracy: 67.59348, Best Loss: 0.004372019 at epoch 10
Time Elasped: 00:02:50
========= Epoch 11 =========
134/268: Matthews 0.26720, Accuracy: 67.68936, Loss: 0.004355961
268/268: Matthews 0.26307, Accuracy: 66.82646, Loss: 0.004347478
 
Best Matthews: 0.26720, Best Accuracy: 67.68936, Best Loss: 0.004355961 at epoch 11
Time Elasped: 00:03:06
========= Epoch 12 =========
134/268: Matthews 0.27144, Accuracy: 67.01822, Loss: 0.004338274
268/268: Matthews 0.26184, Accuracy: 66.92234, Loss: 0.004340431
 
Best Matthews: 0.27144, Best Accuracy: 67.01822, Best Loss: 0.004338274 at epoch 12
Time Elasped: 00:03:23
========= Epoch 13 =========
134/268: Matthews 0.27155, Accuracy: 67.11409, Loss: 0.004339249
268/268: Matthews 0.26965, Accuracy: 67.59348, Loss: 0.004336089
 
Best Matthews: 0.27155, Best Accuracy: 67.11409, Best Loss: 0.004339249 at epoch 13
Time Elasped: 00:03:39
========= Epoch 14 =========
134/268: Matthews 0.26764, Accuracy: 67.88111, Loss: 0.004335485
268/268: Matthews 0.26413, Accuracy: 66.53883, Loss: 0.004332269
 
Best Matthews: 0.27155, Best Accuracy: 67.11409, Best Loss: 0.004339249 at epoch 13
Time Elasped: 00:03:54
========= Epoch 15 =========
134/268: Matthews 0.26663, Accuracy: 67.40173, Loss: 0.004316325
268/268: Matthews 0.27585, Accuracy: 67.30585, Loss: 0.004324029
 
Best Matthews: 0.27585, Best Accuracy: 67.30585, Best Loss: 0.004324029 at epoch 15
Time Elasped: 00:04:10
========= Epoch 16 =========
134/268: Matthews 0.27409, Accuracy: 68.36050, Loss: 0.004308201
268/268: Matthews 0.26122, Accuracy: 66.34708, Loss: 0.004327470
 
Best Matthews: 0.27585, Best Accuracy: 67.30585, Best Loss: 0.004324029 at epoch 15
Time Elasped: 00:04:25
========= Epoch 17 =========
134/268: Matthews 0.26741, Accuracy: 67.78523, Loss: 0.004307108
268/268: Matthews 0.25679, Accuracy: 65.86769, Loss: 0.004320782
 
Best Matthews: 0.27585, Best Accuracy: 67.30585, Best Loss: 0.004324029 at epoch 15
Time Elasped: 00:04:40
========= Epoch 18 =========
134/268: Matthews 0.26780, Accuracy: 67.30585, Loss: 0.004289699
268/268: Matthews 0.26405, Accuracy: 66.44295, Loss: 0.004316105
 
Best Matthews: 0.27585, Best Accuracy: 67.30585, Best Loss: 0.004324029 at epoch 15
Time Elasped: 00:04:55
========= Epoch 19 =========
134/268: Matthews 0.27480, Accuracy: 67.49760, Loss: 0.004304161
268/268: Matthews 0.26861, Accuracy: 66.92234, Loss: 0.004302737
 
Best Matthews: 0.27585, Best Accuracy: 67.30585, Best Loss: 0.004324029 at epoch 15
Time Elasped: 00:05:10
========= Epoch 20 =========
134/268: Matthews 0.27617, Accuracy: 68.16874, Loss: 0.004277822
268/268: Matthews 0.26667, Accuracy: 66.15532, Loss: 0.004309131
 
Best Matthews: 0.27617, Best Accuracy: 68.16874, Best Loss: 0.004277822 at epoch 20
Time Elasped: 00:05:26
========= Epoch 21 =========
134/268: Matthews 0.27033, Accuracy: 67.20997, Loss: 0.004294238
268/268: Matthews 0.27646, Accuracy: 67.68936, Loss: 0.004285758
 
Best Matthews: 0.27646, Best Accuracy: 67.68936, Best Loss: 0.004285758 at epoch 21
Time Elasped: 00:05:43
========= Epoch 22 =========
134/268: Matthews 0.26714, Accuracy: 66.82646, Loss: 0.004292671
268/268: Matthews 0.28531, Accuracy: 68.16874, Loss: 0.004282701
 
Best Matthews: 0.28531, Best Accuracy: 68.16874, Best Loss: 0.004282701 at epoch 22
Time Elasped: 00:05:59
========= Epoch 23 =========
134/268: Matthews 0.27033, Accuracy: 67.20997, Loss: 0.004292739
268/268: Matthews 0.26714, Accuracy: 66.82646, Loss: 0.004289486
 
Best Matthews: 0.28531, Best Accuracy: 68.16874, Best Loss: 0.004282701 at epoch 22
Time Elasped: 00:06:14
========= Epoch 24 =========
134/268: Matthews 0.26861, Accuracy: 66.92234, Loss: 0.004294101
268/268: Matthews 0.26568, Accuracy: 66.73058, Loss: 0.004286554
 
Best Matthews: 0.28531, Best Accuracy: 68.16874, Best Loss: 0.004282701 at epoch 22
Time Elasped: 00:06:29
========= Epoch 25 =========
134/268: Matthews 0.28531, Accuracy: 68.16874, Loss: 0.004277788
268/268: Matthews 0.26422, Accuracy: 66.63471, Loss: 0.004295545
 
Best Matthews: 0.28531, Best Accuracy: 68.16874, Best Loss: 0.004282701 at epoch 22
Time Elasped: 00:06:44
========= Epoch 26 =========
134/268: Matthews 0.26578, Accuracy: 66.82646, Loss: 0.004284596
268/268: Matthews 0.26590, Accuracy: 66.92234, Loss: 0.004285590
 
Best Matthews: 0.28531, Best Accuracy: 68.16874, Best Loss: 0.004282701 at epoch 22
Time Elasped: 00:06:59
========= Epoch 27 =========
134/268: Matthews 0.28229, Accuracy: 67.97699, Loss: 0.004294092
268/268: Matthews 0.27817, Accuracy: 66.92234, Loss: 0.004299114
 
Best Matthews: 0.28531, Best Accuracy: 68.16874, Best Loss: 0.004282701 at epoch 22
Time Elasped: 00:07:14
========= Epoch 28 =========
134/268: Matthews 0.27779, Accuracy: 67.68936, Loss: 0.004267032
268/268: Matthews 0.27182, Accuracy: 67.30585, Loss: 0.004286016
 
Best Matthews: 0.28531, Best Accuracy: 68.16874, Best Loss: 0.004282701 at epoch 22
Time Elasped: 00:07:29
========= Epoch 29 =========
134/268: Matthews 0.27331, Accuracy: 67.40173, Loss: 0.004282642
268/268: Matthews 0.27144, Accuracy: 67.01822, Loss: 0.004285946
 
Best Matthews: 0.28531, Best Accuracy: 68.16874, Best Loss: 0.004282701 at epoch 22
Time Elasped: 00:07:44
========= Epoch 30 =========
134/268: Matthews 0.27912, Accuracy: 67.68936, Loss: 0.004281235
268/268: Matthews 0.27834, Accuracy: 67.11409, Loss: 0.004282242
 
Best Matthews: 0.28531, Best Accuracy: 68.16874, Best Loss: 0.004282701 at epoch 22
Time Elasped: 00:07:59
========= Epoch 31 =========
134/268: Matthews 0.27562, Accuracy: 67.11409, Loss: 0.004292221
268/268: Matthews 0.28030, Accuracy: 67.59348, Loss: 0.004285443
 
Best Matthews: 0.28531, Best Accuracy: 68.16874, Best Loss: 0.004282701 at epoch 22
Time Elasped: 00:08:14
========= Epoch 32 =========
134/268: Matthews 0.27438, Accuracy: 67.20997, Loss: 0.004291433
268/268: Matthews 0.27585, Accuracy: 67.30585, Loss: 0.004286165
 
Best Matthews: 0.28531, Best Accuracy: 68.16874, Best Loss: 0.004282701 at epoch 22
Time Elasped: 00:08:29
========= Epoch 33 =========
134/268: Matthews 0.28714, Accuracy: 67.68936, Loss: 0.004301220
268/268: Matthews 0.28380, Accuracy: 68.07287, Loss: 0.004262754
 
Best Matthews: 0.28714, Best Accuracy: 67.68936, Best Loss: 0.004301220 at epoch 33
Time Elasped: 00:08:45
========= Epoch 34 =========
134/268: Matthews 0.28229, Accuracy: 67.97699, Loss: 0.004265102
268/268: Matthews 0.28178, Accuracy: 67.68936, Loss: 0.004270299
 
Best Matthews: 0.28714, Best Accuracy: 67.68936, Best Loss: 0.004301220 at epoch 33
Time Elasped: 00:09:00
========= Epoch 35 =========
134/268: Matthews 0.28150, Accuracy: 67.49760, Loss: 0.004281314
268/268: Matthews 0.28030, Accuracy: 67.59348, Loss: 0.004273710
 
Best Matthews: 0.28714, Best Accuracy: 67.68936, Best Loss: 0.004301220 at epoch 33
Time Elasped: 00:09:15
========= Epoch 36 =========
134/268: Matthews 0.27573, Accuracy: 67.20997, Loss: 0.004285205
268/268: Matthews 0.28016, Accuracy: 67.49760, Loss: 0.004274004
 
Best Matthews: 0.28714, Best Accuracy: 67.68936, Best Loss: 0.004301220 at epoch 33
Time Elasped: 00:09:30
========= Epoch 37 =========
134/268: Matthews 0.28030, Accuracy: 67.59348, Loss: 0.004290801
268/268: Matthews 0.28273, Accuracy: 67.40173, Loss: 0.004276869
 
Best Matthews: 0.28714, Best Accuracy: 67.68936, Best Loss: 0.004301220 at epoch 33
Time Elasped: 00:09:45
========= Epoch 38 =========
134/268: Matthews 0.27868, Accuracy: 67.40173, Loss: 0.004291836
268/268: Matthews 0.28107, Accuracy: 67.11409, Loss: 0.004284573
 
Best Matthews: 0.28714, Best Accuracy: 67.68936, Best Loss: 0.004301220 at epoch 33
Time Elasped: 00:10:00
========= Epoch 39 =========
134/268: Matthews 0.27881, Accuracy: 67.49760, Loss: 0.004279960
268/268: Matthews 0.28229, Accuracy: 67.97699, Loss: 0.004278887
 
Best Matthews: 0.28714, Best Accuracy: 67.68936, Best Loss: 0.004301220 at epoch 33
Time Elasped: 00:10:15
========= Epoch 40 =========
134/268: Matthews 0.27868, Accuracy: 67.40173, Loss: 0.004280637
268/268: Matthews 0.29369, Accuracy: 67.49760, Loss: 0.004297303
 
Best Matthews: 0.29369, Best Accuracy: 67.49760, Best Loss: 0.004297303 at epoch 40
Time Elasped: 00:10:31
========= Epoch 41 =========
134/268: Matthews 0.29088, Accuracy: 67.40173, Loss: 0.004315803
268/268: Matthews 0.28493, Accuracy: 67.97699, Loss: 0.004282899
 
Best Matthews: 0.29369, Best Accuracy: 67.49760, Best Loss: 0.004297303 at epoch 40
Time Elasped: 00:10:46
========= Epoch 42 =========
134/268: Matthews 0.28594, Accuracy: 67.78523, Loss: 0.004301449
268/268: Matthews 0.29224, Accuracy: 67.40173, Loss: 0.004308257
 
Best Matthews: 0.29369, Best Accuracy: 67.49760, Best Loss: 0.004297303 at epoch 40
Time Elasped: 00:11:01
========= Epoch 43 =========
134/268: Matthews 0.28534, Accuracy: 67.30585, Loss: 0.004312802
268/268: Matthews 0.28298, Accuracy: 67.59348, Loss: 0.004288913
 
Best Matthews: 0.29369, Best Accuracy: 67.49760, Best Loss: 0.004297303 at epoch 40
Time Elasped: 00:11:16
========= Epoch 44 =========
134/268: Matthews 0.28782, Accuracy: 66.92234, Loss: 0.004303275
268/268: Matthews 0.28531, Accuracy: 68.16874, Loss: 0.004288925
 
Best Matthews: 0.29369, Best Accuracy: 67.49760, Best Loss: 0.004297303 at epoch 40
Time Elasped: 00:11:31
========= Epoch 45 =========
134/268: Matthews 0.27709, Accuracy: 67.20997, Loss: 0.004302310
268/268: Matthews 0.27855, Accuracy: 67.30585, Loss: 0.004296638
 
Best Matthews: 0.29369, Best Accuracy: 67.49760, Best Loss: 0.004297303 at epoch 40
Time Elasped: 00:11:46
========= Epoch 46 =========
134/268: Matthews 0.29206, Accuracy: 67.11409, Loss: 0.004320093
268/268: Matthews 0.28229, Accuracy: 67.97699, Loss: 0.004288163
 
Best Matthews: 0.29369, Best Accuracy: 67.49760, Best Loss: 0.004297303 at epoch 40
Time Elasped: 00:12:01
========= Epoch 47 =========
134/268: Matthews 0.28782, Accuracy: 66.92234, Loss: 0.004311808
268/268: Matthews 0.28380, Accuracy: 68.07287, Loss: 0.004302864
 
Best Matthews: 0.29369, Best Accuracy: 67.49760, Best Loss: 0.004297303 at epoch 40
Time Elasped: 00:12:16
========= Epoch 48 =========
134/268: Matthews 0.28925, Accuracy: 67.01822, Loss: 0.004319080
268/268: Matthews 0.28930, Accuracy: 68.74401, Loss: 0.004290989
 
Best Matthews: 0.29369, Best Accuracy: 67.49760, Best Loss: 0.004297303 at epoch 40
Time Elasped: 00:12:31
========= Epoch 49 =========
134/268: Matthews 0.29060, Accuracy: 66.92234, Loss: 0.004318973
268/268: Matthews 0.28178, Accuracy: 67.68936, Loss: 0.004306294
 
Best Matthews: 0.29369, Best Accuracy: 67.49760, Best Loss: 0.004297303 at epoch 40
Time Elasped: 00:12:46
========= Epoch 50 =========
134/268: Matthews 0.28126, Accuracy: 67.30585, Loss: 0.004325451
268/268: Matthews 0.28648, Accuracy: 67.01822, Loss: 0.004334382
 
Best Matthews: 0.29369, Best Accuracy: 67.49760, Best Loss: 0.004297303 at epoch 40
Time Elasped: 00:13:01
========= Epoch 51 =========
134/268: Matthews 0.28229, Accuracy: 67.97699, Loss: 0.004299659
268/268: Matthews 0.27426, Accuracy: 67.11409, Loss: 0.004310508
 
Best Matthews: 0.29369, Best Accuracy: 67.49760, Best Loss: 0.004297303 at epoch 40
Time Elasped: 00:13:16
========= Epoch 52 =========
134/268: Matthews 0.29659, Accuracy: 67.68936, Loss: 0.004340293
268/268: Matthews 0.27844, Accuracy: 67.20997, Loss: 0.004309192
 
Best Matthews: 0.29659, Best Accuracy: 67.68936, Best Loss: 0.004340293 at epoch 52
Time Elasped: 00:13:33
========= Epoch 53 =========
134/268: Matthews 0.28983, Accuracy: 67.68936, Loss: 0.004326594
268/268: Matthews 0.29068, Accuracy: 67.11409, Loss: 0.004341538
 
Best Matthews: 0.29659, Best Accuracy: 67.68936, Best Loss: 0.004340293 at epoch 52
Time Elasped: 00:13:48
========= Epoch 54 =========
134/268: Matthews 0.27991, Accuracy: 67.30585, Loss: 0.004328425
268/268: Matthews 0.29642, Accuracy: 67.49760, Loss: 0.004346214
 
Best Matthews: 0.29659, Best Accuracy: 67.68936, Best Loss: 0.004340293 at epoch 52
Time Elasped: 00:14:02
========= Epoch 55 =========
134/268: Matthews 0.27877, Accuracy: 68.16874, Loss: 0.004339681
268/268: Matthews 0.30187, Accuracy: 67.40173, Loss: 0.004363982
 
Best Matthews: 0.30187, Best Accuracy: 67.40173, Best Loss: 0.004363982 at epoch 55
Time Elasped: 00:14:19
========= Epoch 56 =========
134/268: Matthews 0.27896, Accuracy: 67.59348, Loss: 0.004323068
268/268: Matthews 0.28943, Accuracy: 67.30585, Loss: 0.004367237
 
Best Matthews: 0.30187, Best Accuracy: 67.40173, Best Loss: 0.004363982 at epoch 55
Time Elasped: 00:14:34
========= Epoch 57 =========
134/268: Matthews 0.29900, Accuracy: 66.82646, Loss: 0.004359591
268/268: Matthews 0.27573, Accuracy: 67.20997, Loss: 0.004364396
 
Best Matthews: 0.30187, Best Accuracy: 67.40173, Best Loss: 0.004363982 at epoch 55
Time Elasped: 00:14:49
========= Epoch 58 =========
134/268: Matthews 0.27980, Accuracy: 67.20997, Loss: 0.004337949
268/268: Matthews 0.28825, Accuracy: 67.49760, Loss: 0.004367137
 
Best Matthews: 0.30187, Best Accuracy: 67.40173, Best Loss: 0.004363982 at epoch 55
Time Elasped: 00:15:04
========= Epoch 59 =========
134/268: Matthews 0.27613, Accuracy: 67.49760, Loss: 0.004353061
268/268: Matthews 0.29903, Accuracy: 67.20997, Loss: 0.004380146
 
Best Matthews: 0.30187, Best Accuracy: 67.40173, Best Loss: 0.004363982 at epoch 55
Time Elasped: 00:15:19
========= Epoch 60 =========
134/268: Matthews 0.28554, Accuracy: 67.49760, Loss: 0.004379454
268/268: Matthews 0.29073, Accuracy: 67.20997, Loss: 0.004369759
 
Best Matthews: 0.30187, Best Accuracy: 67.40173, Best Loss: 0.004363982 at epoch 55
Time Elasped: 00:15:34
========= Epoch 61 =========
134/268: Matthews 0.28534, Accuracy: 67.30585, Loss: 0.004347299
268/268: Matthews 0.30322, Accuracy: 67.20997, Loss: 0.004388609
 
Best Matthews: 0.30322, Best Accuracy: 67.20997, Best Loss: 0.004388609 at epoch 61
Time Elasped: 00:15:50
========= Epoch 62 =========
134/268: Matthews 0.27310, Accuracy: 67.97699, Loss: 0.004334159
268/268: Matthews 0.29349, Accuracy: 67.20997, Loss: 0.004397632
 
Best Matthews: 0.30322, Best Accuracy: 67.20997, Best Loss: 0.004388609 at epoch 61
Time Elasped: 00:16:05
========= Epoch 63 =========
134/268: Matthews 0.28554, Accuracy: 67.49760, Loss: 0.004390027
268/268: Matthews 0.29088, Accuracy: 67.40173, Loss: 0.004393673
 
Best Matthews: 0.30322, Best Accuracy: 67.20997, Best Loss: 0.004388609 at epoch 61
Time Elasped: 00:16:20
========= Epoch 64 =========
134/268: Matthews 0.29369, Accuracy: 67.49760, Loss: 0.004386914
268/268: Matthews 0.29224, Accuracy: 67.40173, Loss: 0.004378961
 
Best Matthews: 0.30322, Best Accuracy: 67.20997, Best Loss: 0.004388609 at epoch 61
Time Elasped: 00:16:35
========= Epoch 65 =========
134/268: Matthews 0.27079, Accuracy: 67.49760, Loss: 0.004359927
268/268: Matthews 0.30184, Accuracy: 67.30585, Loss: 0.004402016
 
Best Matthews: 0.30322, Best Accuracy: 67.20997, Best Loss: 0.004388609 at epoch 61
Time Elasped: 00:16:50
========= Epoch 66 =========
134/268: Matthews 0.27573, Accuracy: 67.20997, Loss: 0.004377740
268/268: Matthews 0.28825, Accuracy: 67.49760, Loss: 0.004378844
 
Best Matthews: 0.30322, Best Accuracy: 67.20997, Best Loss: 0.004388609 at epoch 61
Time Elasped: 00:17:05
========= Epoch 67 =========
134/268: Matthews 0.28126, Accuracy: 67.30585, Loss: 0.004402484
268/268: Matthews 0.26246, Accuracy: 67.30585, Loss: 0.004382266
 
Best Matthews: 0.30322, Best Accuracy: 67.20997, Best Loss: 0.004388609 at epoch 61
Time Elasped: 00:17:20
========= Epoch 68 =========
134/268: Matthews 0.28825, Accuracy: 67.49760, Loss: 0.004359824
268/268: Matthews 0.27991, Accuracy: 67.30585, Loss: 0.004393702
 
Best Matthews: 0.30322, Best Accuracy: 67.20997, Best Loss: 0.004388609 at epoch 61
Time Elasped: 00:17:35
========= Epoch 69 =========
134/268: Matthews 0.29097, Accuracy: 67.49760, Loss: 0.004383351
268/268: Matthews 0.29761, Accuracy: 67.11409, Loss: 0.004422498
 
Best Matthews: 0.30322, Best Accuracy: 67.20997, Best Loss: 0.004388609 at epoch 61
Time Elasped: 00:17:50
========= Epoch 70 =========
134/268: Matthews 0.28273, Accuracy: 67.40173, Loss: 0.004397723
268/268: Matthews 0.28943, Accuracy: 67.30585, Loss: 0.004387822
 
Best Matthews: 0.30322, Best Accuracy: 67.20997, Best Loss: 0.004388609 at epoch 61
Time Elasped: 00:18:04
========= Epoch 71 =========
134/268: Matthews 0.27438, Accuracy: 67.20997, Loss: 0.004385691
268/268: Matthews 0.29760, Accuracy: 67.01822, Loss: 0.004409149
 
Best Matthews: 0.30322, Best Accuracy: 67.20997, Best Loss: 0.004388609 at epoch 61
Time Elasped: 00:18:19
========= Epoch 72 =========
134/268: Matthews 0.29097, Accuracy: 67.49760, Loss: 0.004402522
268/268: Matthews 0.27182, Accuracy: 67.30585, Loss: 0.004385362
 
Best Matthews: 0.30322, Best Accuracy: 67.20997, Best Loss: 0.004388609 at epoch 61
Time Elasped: 00:18:33
========= Epoch 73 =========
134/268: Matthews 0.31305, Accuracy: 67.59348, Loss: 0.004414325
268/268: Matthews 0.31024, Accuracy: 67.20997, Loss: 0.004424525
 
Best Matthews: 0.31305, Best Accuracy: 67.59348, Best Loss: 0.004414325 at epoch 73
Time Elasped: 00:18:49
========= Epoch 74 =========
134/268: Matthews 0.26496, Accuracy: 67.20997, Loss: 0.004369635
268/268: Matthews 0.28408, Accuracy: 67.40173, Loss: 0.004416599
 
Best Matthews: 0.31305, Best Accuracy: 67.59348, Best Loss: 0.004414325 at epoch 73
Time Elasped: 00:19:04
========= Epoch 75 =========
134/268: Matthews 0.27844, Accuracy: 67.20997, Loss: 0.004390261
268/268: Matthews 0.27991, Accuracy: 67.30585, Loss: 0.004395676
 
Best Matthews: 0.31305, Best Accuracy: 67.59348, Best Loss: 0.004414325 at epoch 73
Time Elasped: 00:19:19
========= Epoch 76 =========
134/268: Matthews 0.28380, Accuracy: 67.11409, Loss: 0.004384763
268/268: Matthews 0.29626, Accuracy: 67.20997, Loss: 0.004420766
 
Best Matthews: 0.31305, Best Accuracy: 67.59348, Best Loss: 0.004414325 at epoch 73
Time Elasped: 00:19:33
========= Epoch 77 =========
134/268: Matthews 0.30182, Accuracy: 67.20997, Loss: 0.004400090
268/268: Matthews 0.28655, Accuracy: 67.11409, Loss: 0.004407770
 
Best Matthews: 0.31305, Best Accuracy: 67.59348, Best Loss: 0.004414325 at epoch 73
Time Elasped: 00:19:48
========= Epoch 78 =========
134/268: Matthews 0.28815, Accuracy: 67.40173, Loss: 0.004405480
268/268: Matthews 0.28236, Accuracy: 67.01822, Loss: 0.004403788
 
Best Matthews: 0.31305, Best Accuracy: 67.59348, Best Loss: 0.004414325 at epoch 73
Time Elasped: 00:20:03
========= Epoch 79 =========
134/268: Matthews 0.27962, Accuracy: 67.01822, Loss: 0.004415476
268/268: Matthews 0.28099, Accuracy: 67.01822, Loss: 0.004398221
 
Best Matthews: 0.31305, Best Accuracy: 67.59348, Best Loss: 0.004414325 at epoch 73
Time Elasped: 00:20:17
========= Epoch 80 =========
134/268: Matthews 0.30743, Accuracy: 67.40173, Loss: 0.004420259
268/268: Matthews 0.27116, Accuracy: 67.68936, Loss: 0.004393235
 
Best Matthews: 0.31305, Best Accuracy: 67.59348, Best Loss: 0.004414325 at epoch 73
Time Elasped: 00:20:32
========= Epoch 81 =========
134/268: Matthews 0.27213, Accuracy: 67.49760, Loss: 0.004452359
268/268: Matthews 0.27688, Accuracy: 67.01822, Loss: 0.004375776
 
Best Matthews: 0.31305, Best Accuracy: 67.59348, Best Loss: 0.004414325 at epoch 73
Time Elasped: 00:20:46
========= Epoch 82 =========
134/268: Matthews 0.29768, Accuracy: 67.30585, Loss: 0.004407077
268/268: Matthews 0.27834, Accuracy: 67.11409, Loss: 0.004393258
 
Best Matthews: 0.31305, Best Accuracy: 67.59348, Best Loss: 0.004414325 at epoch 73
Time Elasped: 00:21:01
========= Epoch 83 =========
134/268: Matthews 0.28388, Accuracy: 67.20997, Loss: 0.004423669
268/268: Matthews 0.27970, Accuracy: 67.11409, Loss: 0.004405931
 
Best Matthews: 0.31305, Best Accuracy: 67.59348, Best Loss: 0.004414325 at epoch 73
Time Elasped: 00:21:16
========= Epoch 84 =========
134/268: Matthews 0.28243, Accuracy: 67.11409, Loss: 0.004418011
268/268: Matthews 0.29341, Accuracy: 67.01822, Loss: 0.004415857
 
Best Matthews: 0.31305, Best Accuracy: 67.59348, Best Loss: 0.004414325 at epoch 73
Time Elasped: 00:21:30
========= Epoch 85 =========
134/268: Matthews 0.27230, Accuracy: 67.59348, Loss: 0.004385667
268/268: Matthews 0.31173, Accuracy: 67.01822, Loss: 0.004448372
 
Best Matthews: 0.31305, Best Accuracy: 67.59348, Best Loss: 0.004414325 at epoch 73
Time Elasped: 00:21:45
========= Epoch 86 =========
134/268: Matthews 0.27664, Accuracy: 67.78523, Loss: 0.004415630
268/268: Matthews 0.29622, Accuracy: 67.11409, Loss: 0.004408348
 
Best Matthews: 0.31305, Best Accuracy: 67.59348, Best Loss: 0.004414325 at epoch 73
Time Elasped: 00:21:59
========= Epoch 87 =========
134/268: Matthews 0.28643, Accuracy: 66.92234, Loss: 0.004430046
268/268: Matthews 0.28655, Accuracy: 67.11409, Loss: 0.004400566
 
Best Matthews: 0.31305, Best Accuracy: 67.59348, Best Loss: 0.004414325 at epoch 73
Time Elasped: 00:22:14
========= Epoch 88 =========
134/268: Matthews 0.30602, Accuracy: 67.20997, Loss: 0.004432440
268/268: Matthews 0.27680, Accuracy: 66.92234, Loss: 0.004392036
 
Best Matthews: 0.31305, Best Accuracy: 67.59348, Best Loss: 0.004414325 at epoch 73
Time Elasped: 00:22:29
========= Epoch 89 =========
134/268: Matthews 0.27733, Accuracy: 67.40173, Loss: 0.004401740
268/268: Matthews 0.27810, Accuracy: 66.82646, Loss: 0.004391281
 
Best Matthews: 0.31305, Best Accuracy: 67.59348, Best Loss: 0.004414325 at epoch 73
Time Elasped: 00:22:43
========= Epoch 90 =========
134/268: Matthews 0.28291, Accuracy: 68.26462, Loss: 0.004382632
268/268: Matthews 0.30042, Accuracy: 67.20997, Loss: 0.004409914
 
Best Matthews: 0.31305, Best Accuracy: 67.59348, Best Loss: 0.004414325 at epoch 73
Time Elasped: 00:22:58
========= Epoch 91 =========
134/268: Matthews 0.27817, Accuracy: 66.92234, Loss: 0.004392317
268/268: Matthews 0.27124, Accuracy: 66.82646, Loss: 0.004378191
 
Best Matthews: 0.31305, Best Accuracy: 67.59348, Best Loss: 0.004414325 at epoch 73
Time Elasped: 00:23:12
========= Epoch 92 =========
134/268: Matthews 0.30323, Accuracy: 67.30585, Loss: 0.004436053
268/268: Matthews 0.27124, Accuracy: 66.82646, Loss: 0.004385903
 
Best Matthews: 0.31305, Best Accuracy: 67.59348, Best Loss: 0.004414325 at epoch 73
Time Elasped: 00:23:27
========= Epoch 93 =========
134/268: Matthews 0.27815, Accuracy: 67.88111, Loss: 0.004380751
268/268: Matthews 0.30326, Accuracy: 67.40173, Loss: 0.004388363
 
Best Matthews: 0.31305, Best Accuracy: 67.59348, Best Loss: 0.004414325 at epoch 73
Time Elasped: 00:23:42
========= Epoch 94 =========
Early Stopping activated
 
Best Matthews: 0.31305, Best Accuracy: 67.59348, Best Loss: 0.004414325 at epoch 73
Time Elasped: 00:23:50
Test Set:
0/0: Matthews 0.31305, Accuracy: 67.59348, Loss: 0.004414325
