Namespace(batch_size=32, buffer_size=1, by_source=False, crop_pad_length=30, data='./acceptability_corpus/tokenized/run_mixed_dev/', data_type='discriminator', dropout=0.5, embedding='glove.840B.300d', embedding_path='/scratch/asw462/models/elmo_encoder/elmo.emb', embedding_size=217, encoder_num_layers=2, encoder_path='/scratch/asw462/models/elmo_encoder/elmo.pth', encoding_size=528, encoding_type='lstm_pooling_classifier', epochs=1000, evaluate_train=False, experiment_name='ajold0', glove=False, gpu=True, hidden_size=256, imbalance=True, learning_rate=4e-05, lm_path=None, logs_dir='/scratch/asw462/logs/aj_elmo_pooling_old_11-21-18', max_pool=False, model='linear_classifier', num_layers=1, output_dir='/scratch/asw462/logs/aj_elmo_pooling_old_11-21-18/outputs', patience=20, preprocess_tokenizer='space', prints_per_stage=1, resume=True, resume_file=None, save_loc='/scratch/asw462/models/aj_elmo_pooling_old_11-21-18', seed=1111, should_not_log=False, should_not_lowercase=False, should_not_preprocess_data=False, stages_per_epoch=2, train_embeddings=False, train_evaluate_interval=10, vocab_file='/scratch/asw462/data/vocab_100k.tsv')
======== General =======
Model: linear_classifier
GPU: True
Experiment Name: ajold0
Save location: /scratch/asw462/models/aj_elmo_pooling_old_11-21-18
Logs dir: /scratch/asw462/logs/aj_elmo_pooling_old_11-21-18
Timestamp: 2018/11/21 14:43:02
 
======== Data =======
Training set: 8551 examples
Validation set: 1043 examples
Test set: 1043 examples
 
======= Parameters =======
Learning Rate: 0.000040
Batch Size: 32
Epochs: 1000
Patience: 20
Stages per Epoch: 2
Embedding: 100004 x 217
Number of layers: 1
Hidden Size: 256
Encoder Size: 528
Resume: True
 
======= Model =======
LinearClassifierWithEncoder(
  (model): LinearClassifier(
    (dropout): Dropout(p=0.5)
    (enc2h): Linear(in_features=1056, out_features=256, bias=True)
    (h20): Linear(in_features=256, out_features=1, bias=True)
    (sigmoid): Sigmoid()
    (tanh): Tanh()
    (softmax): Softmax()
  )
  (encoder): LSTMPoolingClassifierWithELMo(
    (elmo): ELMOClassifier(
      (lm): LSTMLanguageModel(
        (dropout): Dropout(p=0.2)
        (embedding): Embedding(100003, 217)
        (lstm): LSTM(217, 891, num_layers=2, dropout=0.2)
        (fc): Linear(in_features=891, out_features=100003, bias=True)
      )
      (lstms): ModuleList(
        (0): LSTM(217, 891, batch_first=True)
        (1): LSTM(891, 891, batch_first=True)
      )
      (dropout): Dropout(p=0.2)
      (linear_comb): Linear(in_features=2, out_features=1, bias=True)
      (fc1): Linear(in_features=891, out_features=528, bias=True)
      (relu): ReLU()
      (out): Linear(in_features=528, out_features=1, bias=True)
      (sigmoid): Sigmoid()
    )
    (pooling_classifier): LSTMPoolingClassifier(
      (ih2h): LSTM(891, 528, num_layers=3, batch_first=True, dropout=0.2, bidirectional=True)
      (pool2o): Linear(in_features=1056, out_features=1, bias=True)
      (sigmoid): Sigmoid()
      (softmax): Softmax()
      (dropout): Dropout(p=0.2)
    )
  )
)
 
========= Epoch 1 =========
134/268: Matthews 0.22703, Accuracy: 66.92234, Loss: 0.004733371
268/268: Matthews 0.23364, Accuracy: 67.40173, Loss: 0.004582313
 
Best Matthews: 0.23364, Best Accuracy: 67.40173, Best Loss: 0.004582313 at epoch 1
Time Elasped: 00:00:25
========= Epoch 2 =========
134/268: Matthews 0.24825, Accuracy: 65.10067, Loss: 0.004465535
268/268: Matthews 0.23769, Accuracy: 66.92234, Loss: 0.004404721
 
Best Matthews: 0.24825, Best Accuracy: 65.10067, Best Loss: 0.004465535 at epoch 2
Time Elasped: 00:00:42
========= Epoch 3 =========
134/268: Matthews 0.25184, Accuracy: 66.53883, Loss: 0.004369618
268/268: Matthews 0.25304, Accuracy: 67.78523, Loss: 0.004324290
 
Best Matthews: 0.25304, Best Accuracy: 67.78523, Best Loss: 0.004324290 at epoch 3
Time Elasped: 00:01:00
========= Epoch 4 =========
134/268: Matthews 0.26503, Accuracy: 67.88111, Loss: 0.004314714
268/268: Matthews 0.26099, Accuracy: 65.38830, Loss: 0.004347878
 
Best Matthews: 0.26503, Best Accuracy: 67.88111, Best Loss: 0.004314714 at epoch 4
Time Elasped: 00:01:17
========= Epoch 5 =========
134/268: Matthews 0.26688, Accuracy: 66.53883, Loss: 0.004306615
268/268: Matthews 0.27253, Accuracy: 68.26462, Loss: 0.004218440
 
Best Matthews: 0.27253, Best Accuracy: 68.26462, Best Loss: 0.004218440 at epoch 5
Time Elasped: 00:01:35
========= Epoch 6 =========
134/268: Matthews 0.26796, Accuracy: 67.40173, Loss: 0.004209761
268/268: Matthews 0.27033, Accuracy: 67.20997, Loss: 0.004227531
 
Best Matthews: 0.27253, Best Accuracy: 68.26462, Best Loss: 0.004218440 at epoch 5
Time Elasped: 00:01:50
========= Epoch 7 =========
134/268: Matthews 0.29061, Accuracy: 69.51103, Loss: 0.004176248
268/268: Matthews 0.26388, Accuracy: 66.15532, Loss: 0.004234921
 
Best Matthews: 0.29061, Best Accuracy: 69.51103, Best Loss: 0.004176248 at epoch 7
Time Elasped: 00:02:07
========= Epoch 8 =========
134/268: Matthews 0.27331, Accuracy: 67.40173, Loss: 0.004198005
268/268: Matthews 0.27438, Accuracy: 67.20997, Loss: 0.004224781
 
Best Matthews: 0.29061, Best Accuracy: 69.51103, Best Loss: 0.004176248 at epoch 7
Time Elasped: 00:02:22
========= Epoch 9 =========
134/268: Matthews 0.28194, Accuracy: 67.78523, Loss: 0.004271012
268/268: Matthews 0.26987, Accuracy: 66.82646, Loss: 0.004239769
 
Best Matthews: 0.29061, Best Accuracy: 69.51103, Best Loss: 0.004176248 at epoch 7
Time Elasped: 00:02:37
========= Epoch 10 =========
134/268: Matthews 0.29240, Accuracy: 68.93576, Loss: 0.004228046
268/268: Matthews 0.28930, Accuracy: 68.74401, Loss: 0.004203853
 
Best Matthews: 0.29240, Best Accuracy: 68.93576, Best Loss: 0.004228046 at epoch 10
Time Elasped: 00:02:54
========= Epoch 11 =========
134/268: Matthews 0.28016, Accuracy: 67.49760, Loss: 0.004245700
268/268: Matthews 0.28356, Accuracy: 66.15532, Loss: 0.004242736
 
Best Matthews: 0.29240, Best Accuracy: 68.93576, Best Loss: 0.004228046 at epoch 10
Time Elasped: 00:03:09
========= Epoch 12 =========
134/268: Matthews 0.28216, Accuracy: 66.63471, Loss: 0.004252818
268/268: Matthews 0.28971, Accuracy: 67.59348, Loss: 0.004249469
 
Best Matthews: 0.29240, Best Accuracy: 68.93576, Best Loss: 0.004228046 at epoch 10
Time Elasped: 00:03:24
========= Epoch 13 =========
134/268: Matthews 0.28362, Accuracy: 66.82646, Loss: 0.004238346
268/268: Matthews 0.27877, Accuracy: 68.16874, Loss: 0.004238335
 
Best Matthews: 0.29240, Best Accuracy: 68.93576, Best Loss: 0.004228046 at epoch 10
Time Elasped: 00:03:39
========= Epoch 14 =========
134/268: Matthews 0.27709, Accuracy: 67.20997, Loss: 0.004226972
268/268: Matthews 0.28534, Accuracy: 67.30585, Loss: 0.004225396
 
Best Matthews: 0.29240, Best Accuracy: 68.93576, Best Loss: 0.004228046 at epoch 10
Time Elasped: 00:03:55
========= Epoch 15 =========
134/268: Matthews 0.28194, Accuracy: 67.78523, Loss: 0.004205310
268/268: Matthews 0.29498, Accuracy: 67.40173, Loss: 0.004256564
 
Best Matthews: 0.29498, Best Accuracy: 67.40173, Best Loss: 0.004256564 at epoch 15
Time Elasped: 00:04:11
========= Epoch 16 =========
134/268: Matthews 0.28750, Accuracy: 68.55225, Loss: 0.004236078
268/268: Matthews 0.29342, Accuracy: 66.44295, Loss: 0.004321663
 
Best Matthews: 0.29498, Best Accuracy: 67.40173, Best Loss: 0.004256564 at epoch 15
Time Elasped: 00:04:26
========= Epoch 17 =========
134/268: Matthews 0.27966, Accuracy: 67.97699, Loss: 0.004273356
268/268: Matthews 0.27261, Accuracy: 66.82646, Loss: 0.004229336
 
Best Matthews: 0.29498, Best Accuracy: 67.40173, Best Loss: 0.004256564 at epoch 15
Time Elasped: 00:04:42
========= Epoch 18 =========
134/268: Matthews 0.28030, Accuracy: 67.59348, Loss: 0.004224849
268/268: Matthews 0.28045, Accuracy: 67.68936, Loss: 0.004265135
 
Best Matthews: 0.29498, Best Accuracy: 67.40173, Best Loss: 0.004256564 at epoch 15
Time Elasped: 00:04:57
========= Epoch 19 =========
134/268: Matthews 0.28690, Accuracy: 67.49760, Loss: 0.004301477
268/268: Matthews 0.29618, Accuracy: 66.82646, Loss: 0.004294064
 
Best Matthews: 0.29618, Best Accuracy: 66.82646, Best Loss: 0.004294064 at epoch 19
Time Elasped: 00:05:14
========= Epoch 20 =========
134/268: Matthews 0.29015, Accuracy: 69.03164, Loss: 0.004238427
268/268: Matthews 0.29361, Accuracy: 67.40173, Loss: 0.004295351
 
Best Matthews: 0.29618, Best Accuracy: 66.82646, Best Loss: 0.004294064 at epoch 19
Time Elasped: 00:05:29
========= Epoch 21 =========
134/268: Matthews 0.28995, Accuracy: 67.78523, Loss: 0.004270976
268/268: Matthews 0.28597, Accuracy: 68.45638, Loss: 0.004277705
 
Best Matthews: 0.29618, Best Accuracy: 66.82646, Best Loss: 0.004294064 at epoch 19
Time Elasped: 00:05:44
========= Epoch 22 =========
134/268: Matthews 0.28312, Accuracy: 67.68936, Loss: 0.004258729
268/268: Matthews 0.28690, Accuracy: 67.49760, Loss: 0.004306577
 
Best Matthews: 0.29618, Best Accuracy: 66.82646, Best Loss: 0.004294064 at epoch 19
Time Elasped: 00:05:59
========= Epoch 23 =========
134/268: Matthews 0.27912, Accuracy: 67.68936, Loss: 0.004329108
268/268: Matthews 0.27426, Accuracy: 67.11409, Loss: 0.004317787
 
Best Matthews: 0.29618, Best Accuracy: 66.82646, Best Loss: 0.004294064 at epoch 19
Time Elasped: 00:06:15
========= Epoch 24 =========
134/268: Matthews 0.30330, Accuracy: 67.49760, Loss: 0.004343165
268/268: Matthews 0.28714, Accuracy: 67.68936, Loss: 0.004325321
 
Best Matthews: 0.30330, Best Accuracy: 67.49760, Best Loss: 0.004343165 at epoch 24
Time Elasped: 00:06:32
========= Epoch 25 =========
134/268: Matthews 0.27646, Accuracy: 67.68936, Loss: 0.004319960
268/268: Matthews 0.27815, Accuracy: 67.88111, Loss: 0.004288875
 
Best Matthews: 0.30330, Best Accuracy: 67.49760, Best Loss: 0.004343165 at epoch 24
Time Elasped: 00:06:47
========= Epoch 26 =========
134/268: Matthews 0.27724, Accuracy: 68.07287, Loss: 0.004325501
268/268: Matthews 0.29009, Accuracy: 67.88111, Loss: 0.004329359
 
Best Matthews: 0.30330, Best Accuracy: 67.49760, Best Loss: 0.004343165 at epoch 24
Time Elasped: 00:07:02
========= Epoch 27 =========
134/268: Matthews 0.28644, Accuracy: 68.07287, Loss: 0.004363982
268/268: Matthews 0.30604, Accuracy: 67.01822, Loss: 0.004369752
 
Best Matthews: 0.30604, Best Accuracy: 67.01822, Best Loss: 0.004369752 at epoch 27
Time Elasped: 00:07:19
========= Epoch 28 =========
134/268: Matthews 0.28269, Accuracy: 68.16874, Loss: 0.004307204
268/268: Matthews 0.29130, Accuracy: 67.78523, Loss: 0.004384801
 
Best Matthews: 0.30604, Best Accuracy: 67.01822, Best Loss: 0.004369752 at epoch 27
Time Elasped: 00:07:34
========= Epoch 29 =========
134/268: Matthews 0.29143, Accuracy: 67.88111, Loss: 0.004346322
268/268: Matthews 0.28030, Accuracy: 68.26462, Loss: 0.004328141
 
Best Matthews: 0.30604, Best Accuracy: 67.01822, Best Loss: 0.004369752 at epoch 27
Time Elasped: 00:07:49
========= Epoch 30 =========
134/268: Matthews 0.29378, Accuracy: 67.59348, Loss: 0.004341119
268/268: Matthews 0.31481, Accuracy: 66.73058, Loss: 0.004381647
 
Best Matthews: 0.31481, Best Accuracy: 66.73058, Best Loss: 0.004381647 at epoch 30
Time Elasped: 00:08:06
========= Epoch 31 =========
134/268: Matthews 0.30753, Accuracy: 67.68936, Loss: 0.004379407
268/268: Matthews 0.28184, Accuracy: 68.36050, Loss: 0.004383720
 
Best Matthews: 0.31481, Best Accuracy: 66.73058, Best Loss: 0.004381647 at epoch 30
Time Elasped: 00:08:22
========= Epoch 32 =========
134/268: Matthews 0.28045, Accuracy: 67.68936, Loss: 0.004369983
268/268: Matthews 0.27815, Accuracy: 67.88111, Loss: 0.004353022
 
Best Matthews: 0.31481, Best Accuracy: 66.73058, Best Loss: 0.004381647 at epoch 30
Time Elasped: 00:08:37
========= Epoch 33 =========
134/268: Matthews 0.27844, Accuracy: 67.20997, Loss: 0.004357398
268/268: Matthews 0.29298, Accuracy: 69.12752, Loss: 0.004326563
 
Best Matthews: 0.31481, Best Accuracy: 66.73058, Best Loss: 0.004381647 at epoch 30
Time Elasped: 00:08:52
========= Epoch 34 =========
134/268: Matthews 0.28327, Accuracy: 67.78523, Loss: 0.004371691
268/268: Matthews 0.27585, Accuracy: 67.30585, Loss: 0.004334814
 
Best Matthews: 0.31481, Best Accuracy: 66.73058, Best Loss: 0.004381647 at epoch 30
Time Elasped: 00:09:08
========= Epoch 35 =========
134/268: Matthews 0.31725, Accuracy: 67.59348, Loss: 0.004355671
268/268: Matthews 0.29646, Accuracy: 69.41515, Loss: 0.004301125
 
Best Matthews: 0.31725, Best Accuracy: 67.59348, Best Loss: 0.004355671 at epoch 35
Time Elasped: 00:09:24
========= Epoch 36 =========
134/268: Matthews 0.28269, Accuracy: 68.16874, Loss: 0.004351913
268/268: Matthews 0.29636, Accuracy: 67.40173, Loss: 0.004361907
 
Best Matthews: 0.31725, Best Accuracy: 67.59348, Best Loss: 0.004355671 at epoch 35
Time Elasped: 00:09:40
========= Epoch 37 =========
134/268: Matthews 0.31169, Accuracy: 67.11409, Loss: 0.004375909
268/268: Matthews 0.27480, Accuracy: 67.49760, Loss: 0.004301519
 
Best Matthews: 0.31725, Best Accuracy: 67.59348, Best Loss: 0.004355671 at epoch 35
Time Elasped: 00:09:55
========= Epoch 38 =========
134/268: Matthews 0.28178, Accuracy: 67.68936, Loss: 0.004351384
268/268: Matthews 0.28229, Accuracy: 66.92234, Loss: 0.004282009
 
Best Matthews: 0.31725, Best Accuracy: 67.59348, Best Loss: 0.004355671 at epoch 35
Time Elasped: 00:10:10
========= Epoch 39 =========
134/268: Matthews 0.28243, Accuracy: 67.11409, Loss: 0.004338368
268/268: Matthews 0.28291, Accuracy: 68.26462, Loss: 0.004309444
 
Best Matthews: 0.31725, Best Accuracy: 67.59348, Best Loss: 0.004355671 at epoch 35
Time Elasped: 00:10:25
========= Epoch 40 =========
134/268: Matthews 0.28782, Accuracy: 66.92234, Loss: 0.004329793
268/268: Matthews 0.31024, Accuracy: 67.20997, Loss: 0.004325447
 
Best Matthews: 0.31725, Best Accuracy: 67.59348, Best Loss: 0.004355671 at epoch 35
Time Elasped: 00:10:41
========= Epoch 41 =========
134/268: Matthews 0.31023, Accuracy: 67.30585, Loss: 0.004388270
268/268: Matthews 0.28161, Accuracy: 68.26462, Loss: 0.004296013
 
Best Matthews: 0.31725, Best Accuracy: 67.59348, Best Loss: 0.004355671 at epoch 35
Time Elasped: 00:10:56
========= Epoch 42 =========
134/268: Matthews 0.28008, Accuracy: 68.16874, Loss: 0.004385523
268/268: Matthews 0.27720, Accuracy: 67.30585, Loss: 0.004342865
 
Best Matthews: 0.31725, Best Accuracy: 67.59348, Best Loss: 0.004355671 at epoch 35
Time Elasped: 00:11:11
========= Epoch 43 =========
134/268: Matthews 0.31316, Accuracy: 67.01822, Loss: 0.004397343
268/268: Matthews 0.28236, Accuracy: 67.01822, Loss: 0.004299783
 
Best Matthews: 0.31725, Best Accuracy: 67.59348, Best Loss: 0.004355671 at epoch 35
Time Elasped: 00:11:26
========= Epoch 44 =========
134/268: Matthews 0.28925, Accuracy: 67.01822, Loss: 0.004338904
268/268: Matthews 0.26496, Accuracy: 67.20997, Loss: 0.004354417
 
Best Matthews: 0.31725, Best Accuracy: 67.59348, Best Loss: 0.004355671 at epoch 35
Time Elasped: 00:11:42
========= Epoch 45 =========
134/268: Matthews 0.29923, Accuracy: 67.59348, Loss: 0.004368493
268/268: Matthews 0.29620, Accuracy: 67.01822, Loss: 0.004357266
 
Best Matthews: 0.31725, Best Accuracy: 67.59348, Best Loss: 0.004355671 at epoch 35
Time Elasped: 00:11:57
========= Epoch 46 =========
134/268: Matthews 0.31328, Accuracy: 66.82646, Loss: 0.004366422
268/268: Matthews 0.28209, Accuracy: 68.45638, Loss: 0.004324403
 
Best Matthews: 0.31725, Best Accuracy: 67.59348, Best Loss: 0.004355671 at epoch 35
Time Elasped: 00:12:12
========= Epoch 47 =========
134/268: Matthews 0.29063, Accuracy: 67.01822, Loss: 0.004403596
268/268: Matthews 0.27724, Accuracy: 68.07287, Loss: 0.004389596
 
Best Matthews: 0.31725, Best Accuracy: 67.59348, Best Loss: 0.004355671 at epoch 35
Time Elasped: 00:12:27
========= Epoch 48 =========
134/268: Matthews 0.31728, Accuracy: 67.40173, Loss: 0.004387830
268/268: Matthews 0.28043, Accuracy: 69.12752, Loss: 0.004352580
 
Best Matthews: 0.31728, Best Accuracy: 67.40173, Best Loss: 0.004387830 at epoch 48
Time Elasped: 00:12:44
========= Epoch 49 =========
134/268: Matthews 0.31344, Accuracy: 66.63471, Loss: 0.004410073
268/268: Matthews 0.28030, Accuracy: 68.26462, Loss: 0.004368376
 
Best Matthews: 0.31728, Best Accuracy: 67.40173, Best Loss: 0.004387830 at epoch 48
Time Elasped: 00:12:59
========= Epoch 50 =========
134/268: Matthews 0.30743, Accuracy: 67.40173, Loss: 0.004447994
268/268: Matthews 0.29911, Accuracy: 67.40173, Loss: 0.004388008
 
Best Matthews: 0.31728, Best Accuracy: 67.40173, Best Loss: 0.004387830 at epoch 48
Time Elasped: 00:13:14
========= Epoch 51 =========
134/268: Matthews 0.29113, Accuracy: 68.93576, Loss: 0.004306555
268/268: Matthews 0.28904, Accuracy: 68.64813, Loss: 0.004352661
 
Best Matthews: 0.31728, Best Accuracy: 67.40173, Best Loss: 0.004387830 at epoch 48
Time Elasped: 00:13:30
========= Epoch 52 =========
134/268: Matthews 0.31725, Accuracy: 67.68936, Loss: 0.004381896
268/268: Matthews 0.29485, Accuracy: 66.44295, Loss: 0.004368498
 
Best Matthews: 0.31728, Best Accuracy: 67.40173, Best Loss: 0.004387830 at epoch 48
Time Elasped: 00:13:45
========= Epoch 53 =========
134/268: Matthews 0.27912, Accuracy: 67.68936, Loss: 0.004381745
268/268: Matthews 0.28285, Accuracy: 67.49760, Loss: 0.004378279
 
Best Matthews: 0.31728, Best Accuracy: 67.40173, Best Loss: 0.004387830 at epoch 48
Time Elasped: 00:14:00
========= Epoch 54 =========
134/268: Matthews 0.30909, Accuracy: 66.63471, Loss: 0.004404287
268/268: Matthews 0.28594, Accuracy: 67.78523, Loss: 0.004360046
 
Best Matthews: 0.31728, Best Accuracy: 67.40173, Best Loss: 0.004387830 at epoch 48
Time Elasped: 00:14:15
========= Epoch 55 =========
134/268: Matthews 0.28926, Accuracy: 68.16874, Loss: 0.004413770
268/268: Matthews 0.32268, Accuracy: 66.34708, Loss: 0.004437693
 
Best Matthews: 0.32268, Best Accuracy: 66.34708, Best Loss: 0.004437693 at epoch 55
Time Elasped: 00:14:32
========= Epoch 56 =========
134/268: Matthews 0.28432, Accuracy: 67.59348, Loss: 0.004376864
268/268: Matthews 0.31164, Accuracy: 67.49760, Loss: 0.004446987
 
Best Matthews: 0.32268, Best Accuracy: 66.34708, Best Loss: 0.004437693 at epoch 55
Time Elasped: 00:14:47
========= Epoch 57 =========
134/268: Matthews 0.30602, Accuracy: 67.30585, Loss: 0.004386828
268/268: Matthews 0.29523, Accuracy: 67.68936, Loss: 0.004477258
 
Best Matthews: 0.32268, Best Accuracy: 66.34708, Best Loss: 0.004437693 at epoch 55
Time Elasped: 00:15:03
========= Epoch 58 =========
134/268: Matthews 0.29355, Accuracy: 67.30585, Loss: 0.004390796
268/268: Matthews 0.29961, Accuracy: 67.97699, Loss: 0.004432884
 
Best Matthews: 0.32268, Best Accuracy: 66.34708, Best Loss: 0.004437693 at epoch 55
Time Elasped: 00:15:18
========= Epoch 59 =========
134/268: Matthews 0.27877, Accuracy: 68.16874, Loss: 0.004476350
268/268: Matthews 0.30753, Accuracy: 66.82646, Loss: 0.004473007
 
Best Matthews: 0.32268, Best Accuracy: 66.34708, Best Loss: 0.004437693 at epoch 55
Time Elasped: 00:15:33
========= Epoch 60 =========
134/268: Matthews 0.30150, Accuracy: 68.36050, Loss: 0.004460439
268/268: Matthews 0.29768, Accuracy: 67.30585, Loss: 0.004412497
 
Best Matthews: 0.32268, Best Accuracy: 66.34708, Best Loss: 0.004437693 at epoch 55
Time Elasped: 00:15:48
========= Epoch 61 =========
134/268: Matthews 0.29815, Accuracy: 67.88111, Loss: 0.004397158
268/268: Matthews 0.31782, Accuracy: 66.63471, Loss: 0.004516294
 
Best Matthews: 0.32268, Best Accuracy: 66.34708, Best Loss: 0.004437693 at epoch 55
Time Elasped: 00:16:04
========= Epoch 62 =========
134/268: Matthews 0.27791, Accuracy: 69.41515, Loss: 0.004450334
268/268: Matthews 0.29659, Accuracy: 67.68936, Loss: 0.004509743
 
Best Matthews: 0.32268, Best Accuracy: 66.34708, Best Loss: 0.004437693 at epoch 55
Time Elasped: 00:16:19
========= Epoch 63 =========
134/268: Matthews 0.30468, Accuracy: 67.49760, Loss: 0.004552637
268/268: Matthews 0.30782, Accuracy: 68.07287, Loss: 0.004484141
 
Best Matthews: 0.32268, Best Accuracy: 66.34708, Best Loss: 0.004437693 at epoch 55
Time Elasped: 00:16:34
========= Epoch 64 =========
134/268: Matthews 0.30637, Accuracy: 67.97699, Loss: 0.004502039
268/268: Matthews 0.31762, Accuracy: 66.82646, Loss: 0.004512679
 
Best Matthews: 0.32268, Best Accuracy: 66.34708, Best Loss: 0.004437693 at epoch 55
Time Elasped: 00:16:49
========= Epoch 65 =========
134/268: Matthews 0.28597, Accuracy: 68.45638, Loss: 0.004438153
268/268: Matthews 0.30883, Accuracy: 67.40173, Loss: 0.004512420
 
Best Matthews: 0.32268, Best Accuracy: 66.34708, Best Loss: 0.004437693 at epoch 55
Time Elasped: 00:17:05
========= Epoch 66 =========
134/268: Matthews 0.29264, Accuracy: 67.78523, Loss: 0.004443640
268/268: Matthews 0.30298, Accuracy: 68.45638, Loss: 0.004449275
 
Best Matthews: 0.32268, Best Accuracy: 66.34708, Best Loss: 0.004437693 at epoch 55
Time Elasped: 00:17:20
========= Epoch 67 =========
134/268: Matthews 0.29885, Accuracy: 68.36050, Loss: 0.004489363
268/268: Matthews 0.28030, Accuracy: 68.26462, Loss: 0.004465894
 
Best Matthews: 0.32268, Best Accuracy: 66.34708, Best Loss: 0.004437693 at epoch 55
Time Elasped: 00:17:35
========= Epoch 68 =========
134/268: Matthews 0.29736, Accuracy: 68.26462, Loss: 0.004413148
268/268: Matthews 0.31218, Accuracy: 68.36050, Loss: 0.004511819
 
Best Matthews: 0.32268, Best Accuracy: 66.34708, Best Loss: 0.004437693 at epoch 55
Time Elasped: 00:17:50
========= Epoch 69 =========
134/268: Matthews 0.29088, Accuracy: 67.40173, Loss: 0.004483878
268/268: Matthews 0.30323, Accuracy: 66.92234, Loss: 0.004523975
 
Best Matthews: 0.32268, Best Accuracy: 66.34708, Best Loss: 0.004437693 at epoch 55
Time Elasped: 00:18:06
========= Epoch 70 =========
134/268: Matthews 0.30001, Accuracy: 68.26462, Loss: 0.004493753
268/268: Matthews 0.29961, Accuracy: 67.97699, Loss: 0.004421923
 
Best Matthews: 0.32268, Best Accuracy: 66.34708, Best Loss: 0.004437693 at epoch 55
Time Elasped: 00:18:21
========= Epoch 71 =========
134/268: Matthews 0.30204, Accuracy: 67.68936, Loss: 0.004449839
268/268: Matthews 0.30329, Accuracy: 66.73058, Loss: 0.004477224
 
Best Matthews: 0.32268, Best Accuracy: 66.34708, Best Loss: 0.004437693 at epoch 55
Time Elasped: 00:18:36
========= Epoch 72 =========
134/268: Matthews 0.31207, Accuracy: 68.26462, Loss: 0.004447898
268/268: Matthews 0.30374, Accuracy: 68.83988, Loss: 0.004429848
 
Best Matthews: 0.32268, Best Accuracy: 66.34708, Best Loss: 0.004437693 at epoch 55
Time Elasped: 00:18:51
========= Epoch 73 =========
134/268: Matthews 0.31969, Accuracy: 66.34708, Loss: 0.004510084
268/268: Matthews 0.32359, Accuracy: 66.73058, Loss: 0.004510919
 
Best Matthews: 0.32359, Best Accuracy: 66.73058, Best Loss: 0.004510919 at epoch 73
Time Elasped: 00:19:08
========= Epoch 74 =========
134/268: Matthews 0.28314, Accuracy: 68.36050, Loss: 0.004400681
268/268: Matthews 0.30221, Accuracy: 67.88111, Loss: 0.004488334
 
Best Matthews: 0.32359, Best Accuracy: 66.73058, Best Loss: 0.004510919 at epoch 73
Time Elasped: 00:19:23
========= Epoch 75 =========
134/268: Matthews 0.28054, Accuracy: 68.36050, Loss: 0.004404890
268/268: Matthews 0.29941, Accuracy: 68.64813, Loss: 0.004413545
 
Best Matthews: 0.32359, Best Accuracy: 66.73058, Best Loss: 0.004510919 at epoch 73
Time Elasped: 00:19:38
========= Epoch 76 =========
134/268: Matthews 0.29768, Accuracy: 67.30585, Loss: 0.004376758
268/268: Matthews 0.29341, Accuracy: 67.01822, Loss: 0.004389455
 
Best Matthews: 0.32359, Best Accuracy: 66.73058, Best Loss: 0.004510919 at epoch 73
Time Elasped: 00:19:54
========= Epoch 77 =========
134/268: Matthews 0.29628, Accuracy: 66.44295, Loss: 0.004335171
268/268: Matthews 0.29706, Accuracy: 68.07287, Loss: 0.004362298
 
Best Matthews: 0.32359, Best Accuracy: 66.73058, Best Loss: 0.004510919 at epoch 73
Time Elasped: 00:20:09
========= Epoch 78 =========
134/268: Matthews 0.30315, Accuracy: 69.12752, Loss: 0.004367759
268/268: Matthews 0.29759, Accuracy: 66.92234, Loss: 0.004412757
 
Best Matthews: 0.32359, Best Accuracy: 66.73058, Best Loss: 0.004510919 at epoch 73
Time Elasped: 00:20:24
========= Epoch 79 =========
134/268: Matthews 0.29962, Accuracy: 68.74401, Loss: 0.004401951
268/268: Matthews 0.29085, Accuracy: 68.83988, Loss: 0.004352007
 
Best Matthews: 0.32359, Best Accuracy: 66.73058, Best Loss: 0.004510919 at epoch 73
Time Elasped: 00:20:39
========= Epoch 80 =========
134/268: Matthews 0.30772, Accuracy: 66.53883, Loss: 0.004364236
268/268: Matthews 0.29217, Accuracy: 67.30585, Loss: 0.004357923
 
Best Matthews: 0.32359, Best Accuracy: 66.73058, Best Loss: 0.004510919 at epoch 73
Time Elasped: 00:20:55
========= Epoch 81 =========
134/268: Matthews 0.30596, Accuracy: 68.64813, Loss: 0.004442983
268/268: Matthews 0.28262, Accuracy: 68.64813, Loss: 0.004330784
 
Best Matthews: 0.32359, Best Accuracy: 66.73058, Best Loss: 0.004510919 at epoch 73
Time Elasped: 00:21:10
========= Epoch 82 =========
134/268: Matthews 0.29900, Accuracy: 66.82646, Loss: 0.004425031
268/268: Matthews 0.29759, Accuracy: 66.92234, Loss: 0.004422363
 
Best Matthews: 0.32359, Best Accuracy: 66.73058, Best Loss: 0.004510919 at epoch 73
Time Elasped: 00:21:25
========= Epoch 83 =========
134/268: Matthews 0.29815, Accuracy: 67.88111, Loss: 0.004448761
268/268: Matthews 0.28574, Accuracy: 68.36050, Loss: 0.004365116
 
Best Matthews: 0.32359, Best Accuracy: 66.73058, Best Loss: 0.004510919 at epoch 73
Time Elasped: 00:21:40
========= Epoch 84 =========
134/268: Matthews 0.29903, Accuracy: 67.20997, Loss: 0.004406386
268/268: Matthews 0.30463, Accuracy: 67.30585, Loss: 0.004372596
 
Best Matthews: 0.32359, Best Accuracy: 66.73058, Best Loss: 0.004510919 at epoch 73
Time Elasped: 00:21:56
========= Epoch 85 =========
134/268: Matthews 0.31243, Accuracy: 68.55225, Loss: 0.004366993
268/268: Matthews 0.31601, Accuracy: 65.19655, Loss: 0.004526878
 
Best Matthews: 0.32359, Best Accuracy: 66.73058, Best Loss: 0.004510919 at epoch 73
Time Elasped: 00:22:11
========= Epoch 86 =========
134/268: Matthews 0.28209, Accuracy: 68.45638, Loss: 0.004432665
268/268: Matthews 0.30202, Accuracy: 68.64813, Loss: 0.004382412
 
Best Matthews: 0.32359, Best Accuracy: 66.73058, Best Loss: 0.004510919 at epoch 73
Time Elasped: 00:22:26
========= Epoch 87 =========
134/268: Matthews 0.31095, Accuracy: 66.25120, Loss: 0.004531350
268/268: Matthews 0.30478, Accuracy: 67.68936, Loss: 0.004413724
 
Best Matthews: 0.32359, Best Accuracy: 66.73058, Best Loss: 0.004510919 at epoch 73
Time Elasped: 00:22:41
========= Epoch 88 =========
134/268: Matthews 0.31603, Accuracy: 65.86769, Loss: 0.004478276
268/268: Matthews 0.29623, Accuracy: 68.93576, Loss: 0.004357189
 
Best Matthews: 0.32359, Best Accuracy: 66.73058, Best Loss: 0.004510919 at epoch 73
Time Elasped: 00:22:56
========= Epoch 89 =========
134/268: Matthews 0.30696, Accuracy: 68.45638, Loss: 0.004381193
268/268: Matthews 0.29630, Accuracy: 67.30585, Loss: 0.004325119
 
Best Matthews: 0.32359, Best Accuracy: 66.73058, Best Loss: 0.004510919 at epoch 73
Time Elasped: 00:23:12
========= Epoch 90 =========
134/268: Matthews 0.28030, Accuracy: 68.26462, Loss: 0.004389498
268/268: Matthews 0.31026, Accuracy: 67.59348, Loss: 0.004395787
 
Best Matthews: 0.32359, Best Accuracy: 66.73058, Best Loss: 0.004510919 at epoch 73
Time Elasped: 00:23:27
========= Epoch 91 =========
134/268: Matthews 0.29811, Accuracy: 68.64813, Loss: 0.004329054
268/268: Matthews 0.30753, Accuracy: 67.68936, Loss: 0.004342917
 
Best Matthews: 0.32359, Best Accuracy: 66.73058, Best Loss: 0.004510919 at epoch 73
Time Elasped: 00:23:42
========= Epoch 92 =========
134/268: Matthews 0.30607, Accuracy: 67.49760, Loss: 0.004433327
268/268: Matthews 0.29811, Accuracy: 68.64813, Loss: 0.004322634
 
Best Matthews: 0.32359, Best Accuracy: 66.73058, Best Loss: 0.004510919 at epoch 73
Time Elasped: 00:23:57
========= Epoch 93 =========
134/268: Matthews 0.29506, Accuracy: 67.49760, Loss: 0.004359258
268/268: Matthews 0.29950, Accuracy: 67.88111, Loss: 0.004344055
 
Best Matthews: 0.32359, Best Accuracy: 66.73058, Best Loss: 0.004510919 at epoch 73
Time Elasped: 00:24:12
========= Epoch 94 =========
Early Stopping activated
 
Best Matthews: 0.32359, Best Accuracy: 66.73058, Best Loss: 0.004510919 at epoch 73
Time Elasped: 00:24:22
Test Set:
0/0: Matthews 0.32359, Accuracy: 66.73058, Loss: 0.004510919
