Namespace(batch_size=32, buffer_size=1, by_source=False, crop_pad_length=30, data='./acceptability_corpus/tokenized/run_mixed_dev/', data_type='discriminator', dropout=0.5, embedding='glove.840B.300d', embedding_path='/scratch/asw462/models/elmo_encoder/elmo.emb', embedding_size=217, encoder_num_layers=2, encoder_path='/scratch/asw462/models/elmo_encoder/elmo.pth', encoding_size=528, encoding_type='lstm_pooling_classifier', epochs=1000, evaluate_train=False, experiment_name='ajold14', glove=False, gpu=True, hidden_size=256, imbalance=True, learning_rate=5e-05, lm_path=None, logs_dir='/scratch/asw462/logs/aj_elmo_pooling_old_11-21-18', max_pool=False, model='linear_classifier', num_layers=1, output_dir='/scratch/asw462/logs/aj_elmo_pooling_old_11-21-18/outputs', patience=20, preprocess_tokenizer='space', prints_per_stage=1, resume=True, resume_file=None, save_loc='/scratch/asw462/models/aj_elmo_pooling_old_11-21-18', seed=1111, should_not_log=False, should_not_lowercase=False, should_not_preprocess_data=False, stages_per_epoch=2, train_embeddings=False, train_evaluate_interval=10, vocab_file='/scratch/asw462/data/vocab_100k.tsv')
======== General =======
Model: linear_classifier
GPU: True
Experiment Name: ajold14
Save location: /scratch/asw462/models/aj_elmo_pooling_old_11-21-18
Logs dir: /scratch/asw462/logs/aj_elmo_pooling_old_11-21-18
Timestamp: 2018/11/21 14:43:44
 
======== Data =======
Training set: 8551 examples
Validation set: 1043 examples
Test set: 1043 examples
 
======= Parameters =======
Learning Rate: 0.000050
Batch Size: 32
Epochs: 1000
Patience: 20
Stages per Epoch: 2
Embedding: 100004 x 217
Number of layers: 1
Hidden Size: 256
Encoder Size: 528
Resume: True
 
======= Model =======
LinearClassifierWithEncoder(
  (model): LinearClassifier(
    (dropout): Dropout(p=0.5)
    (enc2h): Linear(in_features=1056, out_features=256, bias=True)
    (h20): Linear(in_features=256, out_features=1, bias=True)
    (sigmoid): Sigmoid()
    (tanh): Tanh()
    (softmax): Softmax()
  )
  (encoder): LSTMPoolingClassifierWithELMo(
    (elmo): ELMOClassifier(
      (lm): LSTMLanguageModel(
        (dropout): Dropout(p=0.2)
        (embedding): Embedding(100003, 217)
        (lstm): LSTM(217, 891, num_layers=2, dropout=0.2)
        (fc): Linear(in_features=891, out_features=100003, bias=True)
      )
      (lstms): ModuleList(
        (0): LSTM(217, 891, batch_first=True)
        (1): LSTM(891, 891, batch_first=True)
      )
      (dropout): Dropout(p=0.2)
      (linear_comb): Linear(in_features=2, out_features=1, bias=True)
      (fc1): Linear(in_features=891, out_features=528, bias=True)
      (relu): ReLU()
      (out): Linear(in_features=528, out_features=1, bias=True)
      (sigmoid): Sigmoid()
    )
    (pooling_classifier): LSTMPoolingClassifier(
      (ih2h): LSTM(891, 528, num_layers=3, batch_first=True, dropout=0.2, bidirectional=True)
      (pool2o): Linear(in_features=1056, out_features=1, bias=True)
      (sigmoid): Sigmoid()
      (softmax): Softmax()
      (dropout): Dropout(p=0.2)
    )
  )
)
 
========= Epoch 1 =========
134/268: Matthews 0.23369, Accuracy: 66.92234, Loss: 0.004671687
268/268: Matthews 0.23309, Accuracy: 67.20997, Loss: 0.004527444
 
Best Matthews: 0.23369, Best Accuracy: 66.92234, Best Loss: 0.004671687 at epoch 1
Time Elasped: 00:00:22
========= Epoch 2 =========
134/268: Matthews 0.24717, Accuracy: 64.33365, Loss: 0.004433651
268/268: Matthews 0.24786, Accuracy: 67.30585, Loss: 0.004364026
 
Best Matthews: 0.24786, Best Accuracy: 67.30585, Best Loss: 0.004364026 at epoch 2
Time Elasped: 00:00:40
========= Epoch 3 =========
134/268: Matthews 0.25887, Accuracy: 66.73058, Loss: 0.004334159
268/268: Matthews 0.26481, Accuracy: 68.26462, Loss: 0.004298147
 
Best Matthews: 0.26481, Best Accuracy: 68.26462, Best Loss: 0.004298147 at epoch 3
Time Elasped: 00:00:58
========= Epoch 4 =========
134/268: Matthews 0.26895, Accuracy: 67.88111, Loss: 0.004291582
268/268: Matthews 0.27405, Accuracy: 65.19655, Loss: 0.004345570
 
Best Matthews: 0.27405, Best Accuracy: 65.19655, Best Loss: 0.004345570 at epoch 4
Time Elasped: 00:01:16
========= Epoch 5 =========
134/268: Matthews 0.25966, Accuracy: 66.05944, Loss: 0.004270127
268/268: Matthews 0.27357, Accuracy: 68.16874, Loss: 0.004196344
 
Best Matthews: 0.27405, Best Accuracy: 65.19655, Best Loss: 0.004345570 at epoch 4
Time Elasped: 00:01:32
========= Epoch 6 =========
134/268: Matthews 0.26929, Accuracy: 67.40173, Loss: 0.004220689
268/268: Matthews 0.26285, Accuracy: 66.63471, Loss: 0.004235261
 
Best Matthews: 0.27405, Best Accuracy: 65.19655, Best Loss: 0.004345570 at epoch 4
Time Elasped: 00:01:47
========= Epoch 7 =========
134/268: Matthews 0.28544, Accuracy: 69.12752, Loss: 0.004188053
268/268: Matthews 0.27937, Accuracy: 66.63471, Loss: 0.004245769
 
Best Matthews: 0.28544, Best Accuracy: 69.12752, Best Loss: 0.004188053 at epoch 7
Time Elasped: 00:02:04
========= Epoch 8 =========
134/268: Matthews 0.27451, Accuracy: 67.30585, Loss: 0.004203178
268/268: Matthews 0.26978, Accuracy: 66.73058, Loss: 0.004223061
 
Best Matthews: 0.28544, Best Accuracy: 69.12752, Best Loss: 0.004188053 at epoch 7
Time Elasped: 00:02:19
========= Epoch 9 =========
134/268: Matthews 0.28758, Accuracy: 67.97699, Loss: 0.004262853
268/268: Matthews 0.28714, Accuracy: 67.68936, Loss: 0.004235653
 
Best Matthews: 0.28758, Best Accuracy: 67.97699, Best Loss: 0.004262853 at epoch 9
Time Elasped: 00:02:36
========= Epoch 10 =========
134/268: Matthews 0.28904, Accuracy: 68.64813, Loss: 0.004210654
268/268: Matthews 0.28957, Accuracy: 68.83988, Loss: 0.004220397
 
Best Matthews: 0.28957, Best Accuracy: 68.83988, Best Loss: 0.004220397 at epoch 10
Time Elasped: 00:02:54
========= Epoch 11 =========
134/268: Matthews 0.28476, Accuracy: 67.88111, Loss: 0.004232952
268/268: Matthews 0.29482, Accuracy: 66.53883, Loss: 0.004263942
 
Best Matthews: 0.29482, Best Accuracy: 66.53883, Best Loss: 0.004263942 at epoch 11
Time Elasped: 00:03:10
========= Epoch 12 =========
134/268: Matthews 0.28648, Accuracy: 67.01822, Loss: 0.004278695
268/268: Matthews 0.29369, Accuracy: 67.49760, Loss: 0.004305635
 
Best Matthews: 0.29482, Best Accuracy: 66.53883, Best Loss: 0.004263942 at epoch 11
Time Elasped: 00:03:26
========= Epoch 13 =========
134/268: Matthews 0.29492, Accuracy: 67.30585, Loss: 0.004270083
268/268: Matthews 0.28363, Accuracy: 68.55225, Loss: 0.004309532
 
Best Matthews: 0.29492, Best Accuracy: 67.30585, Best Loss: 0.004270083 at epoch 13
Time Elasped: 00:03:42
========= Epoch 14 =========
134/268: Matthews 0.28943, Accuracy: 67.30585, Loss: 0.004296258
268/268: Matthews 0.28951, Accuracy: 67.40173, Loss: 0.004272100
 
Best Matthews: 0.29492, Best Accuracy: 67.30585, Best Loss: 0.004270083 at epoch 13
Time Elasped: 00:03:58
========= Epoch 15 =========
134/268: Matthews 0.28117, Accuracy: 68.07287, Loss: 0.004245011
268/268: Matthews 0.29911, Accuracy: 67.40173, Loss: 0.004270757
 
Best Matthews: 0.29911, Best Accuracy: 67.40173, Best Loss: 0.004270757 at epoch 15
Time Elasped: 00:04:15
========= Epoch 16 =========
134/268: Matthews 0.27496, Accuracy: 67.59348, Loss: 0.004276377
268/268: Matthews 0.29305, Accuracy: 65.29243, Loss: 0.004412648
 
Best Matthews: 0.29911, Best Accuracy: 67.40173, Best Loss: 0.004270757 at epoch 15
Time Elasped: 00:04:30
========= Epoch 17 =========
134/268: Matthews 0.27346, Accuracy: 67.49760, Loss: 0.004353660
268/268: Matthews 0.28961, Accuracy: 67.49760, Loss: 0.004315428
 
Best Matthews: 0.29911, Best Accuracy: 67.40173, Best Loss: 0.004270757 at epoch 15
Time Elasped: 00:04:45
========= Epoch 18 =========
134/268: Matthews 0.29826, Accuracy: 67.97699, Loss: 0.004280804
268/268: Matthews 0.27796, Accuracy: 67.78523, Loss: 0.004333859
 
Best Matthews: 0.29911, Best Accuracy: 67.40173, Best Loss: 0.004270757 at epoch 15
Time Elasped: 00:05:00
========= Epoch 19 =========
134/268: Matthews 0.29106, Accuracy: 67.59348, Loss: 0.004365221
268/268: Matthews 0.30186, Accuracy: 66.73058, Loss: 0.004374846
 
Best Matthews: 0.30186, Best Accuracy: 66.73058, Best Loss: 0.004374846 at epoch 19
Time Elasped: 00:05:17
========= Epoch 20 =========
134/268: Matthews 0.29172, Accuracy: 69.12752, Loss: 0.004289954
268/268: Matthews 0.29492, Accuracy: 67.30585, Loss: 0.004365591
 
Best Matthews: 0.30186, Best Accuracy: 66.73058, Best Loss: 0.004374846 at epoch 19
Time Elasped: 00:05:32
========= Epoch 21 =========
134/268: Matthews 0.28554, Accuracy: 67.49760, Loss: 0.004348378
268/268: Matthews 0.28184, Accuracy: 68.36050, Loss: 0.004367053
 
Best Matthews: 0.30186, Best Accuracy: 66.73058, Best Loss: 0.004374846 at epoch 19
Time Elasped: 00:05:48
========= Epoch 22 =========
134/268: Matthews 0.28663, Accuracy: 68.16874, Loss: 0.004331924
268/268: Matthews 0.28815, Accuracy: 67.40173, Loss: 0.004380320
 
Best Matthews: 0.30186, Best Accuracy: 66.73058, Best Loss: 0.004374846 at epoch 19
Time Elasped: 00:06:03
========= Epoch 23 =========
134/268: Matthews 0.28621, Accuracy: 68.55225, Loss: 0.004360194
268/268: Matthews 0.29388, Accuracy: 67.68936, Loss: 0.004366443
 
Best Matthews: 0.30186, Best Accuracy: 66.73058, Best Loss: 0.004374846 at epoch 19
Time Elasped: 00:06:19
========= Epoch 24 =========
134/268: Matthews 0.30054, Accuracy: 67.49760, Loss: 0.004345878
268/268: Matthews 0.28408, Accuracy: 67.40173, Loss: 0.004356582
 
Best Matthews: 0.30186, Best Accuracy: 66.73058, Best Loss: 0.004374846 at epoch 19
Time Elasped: 00:06:34
========= Epoch 25 =========
134/268: Matthews 0.28834, Accuracy: 68.36050, Loss: 0.004333166
268/268: Matthews 0.29033, Accuracy: 68.64813, Loss: 0.004320766
 
Best Matthews: 0.30186, Best Accuracy: 66.73058, Best Loss: 0.004374846 at epoch 19
Time Elasped: 00:06:49
========= Epoch 26 =========
134/268: Matthews 0.28184, Accuracy: 68.36050, Loss: 0.004327174
268/268: Matthews 0.29143, Accuracy: 67.88111, Loss: 0.004328946
 
Best Matthews: 0.30186, Best Accuracy: 66.73058, Best Loss: 0.004374846 at epoch 19
Time Elasped: 00:07:05
========= Epoch 27 =========
134/268: Matthews 0.28229, Accuracy: 67.97699, Loss: 0.004368764
268/268: Matthews 0.30048, Accuracy: 66.63471, Loss: 0.004384171
 
Best Matthews: 0.30186, Best Accuracy: 66.73058, Best Loss: 0.004374846 at epoch 19
Time Elasped: 00:07:20
========= Epoch 28 =========
134/268: Matthews 0.28930, Accuracy: 68.74401, Loss: 0.004298179
268/268: Matthews 0.29277, Accuracy: 67.88111, Loss: 0.004413127
 
Best Matthews: 0.30186, Best Accuracy: 66.73058, Best Loss: 0.004374846 at epoch 19
Time Elasped: 00:07:36
========= Epoch 29 =========
134/268: Matthews 0.28742, Accuracy: 67.88111, Loss: 0.004335584
268/268: Matthews 0.29396, Accuracy: 69.03164, Loss: 0.004314982
 
Best Matthews: 0.30186, Best Accuracy: 66.73058, Best Loss: 0.004374846 at epoch 19
Time Elasped: 00:07:51
========= Epoch 30 =========
134/268: Matthews 0.29779, Accuracy: 67.49760, Loss: 0.004319846
268/268: Matthews 0.31918, Accuracy: 66.73058, Loss: 0.004379626
 
Best Matthews: 0.31918, Best Accuracy: 66.73058, Best Loss: 0.004379626 at epoch 30
Time Elasped: 00:08:08
========= Epoch 31 =========
134/268: Matthews 0.30602, Accuracy: 67.30585, Loss: 0.004356019
268/268: Matthews 0.28006, Accuracy: 68.64813, Loss: 0.004336149
 
Best Matthews: 0.31918, Best Accuracy: 66.73058, Best Loss: 0.004379626 at epoch 30
Time Elasped: 00:08:23
========= Epoch 32 =========
134/268: Matthews 0.27646, Accuracy: 67.68936, Loss: 0.004302919
268/268: Matthews 0.27613, Accuracy: 67.49760, Loss: 0.004305048
 
Best Matthews: 0.31918, Best Accuracy: 66.73058, Best Loss: 0.004379626 at epoch 30
Time Elasped: 00:08:39
========= Epoch 33 =========
134/268: Matthews 0.28061, Accuracy: 67.78523, Loss: 0.004316102
268/268: Matthews 0.29204, Accuracy: 69.22339, Loss: 0.004266204
 
Best Matthews: 0.31918, Best Accuracy: 66.73058, Best Loss: 0.004379626 at epoch 30
Time Elasped: 00:08:54
========= Epoch 34 =========
134/268: Matthews 0.29736, Accuracy: 68.26462, Loss: 0.004343310
268/268: Matthews 0.29009, Accuracy: 67.88111, Loss: 0.004289783
 
Best Matthews: 0.31918, Best Accuracy: 66.73058, Best Loss: 0.004379626 at epoch 30
Time Elasped: 00:09:09
========= Epoch 35 =========
134/268: Matthews 0.30742, Accuracy: 67.20997, Loss: 0.004340142
268/268: Matthews 0.28367, Accuracy: 69.31927, Loss: 0.004285938
 
Best Matthews: 0.31918, Best Accuracy: 66.73058, Best Loss: 0.004379626 at epoch 30
Time Elasped: 00:09:25
========= Epoch 36 =========
134/268: Matthews 0.28390, Accuracy: 68.64813, Loss: 0.004345336
268/268: Matthews 0.29815, Accuracy: 67.88111, Loss: 0.004345887
 
Best Matthews: 0.31918, Best Accuracy: 66.73058, Best Loss: 0.004379626 at epoch 30
Time Elasped: 00:09:40
========= Epoch 37 =========
134/268: Matthews 0.31908, Accuracy: 66.82646, Loss: 0.004398259
268/268: Matthews 0.28097, Accuracy: 67.97699, Loss: 0.004269249
 
Best Matthews: 0.31918, Best Accuracy: 66.73058, Best Loss: 0.004379626 at epoch 30
Time Elasped: 00:09:56
========= Epoch 38 =========
134/268: Matthews 0.28794, Accuracy: 68.16874, Loss: 0.004327584
268/268: Matthews 0.28690, Accuracy: 67.49760, Loss: 0.004270452
 
Best Matthews: 0.31918, Best Accuracy: 66.73058, Best Loss: 0.004379626 at epoch 30
Time Elasped: 00:10:11
========= Epoch 39 =========
134/268: Matthews 0.28825, Accuracy: 67.49760, Loss: 0.004310935
268/268: Matthews 0.29139, Accuracy: 68.55225, Loss: 0.004309401
 
Best Matthews: 0.31918, Best Accuracy: 66.73058, Best Loss: 0.004379626 at epoch 30
Time Elasped: 00:10:27
========= Epoch 40 =========
134/268: Matthews 0.28229, Accuracy: 66.92234, Loss: 0.004306594
268/268: Matthews 0.29198, Accuracy: 66.53883, Loss: 0.004314787
 
Best Matthews: 0.31918, Best Accuracy: 66.73058, Best Loss: 0.004379626 at epoch 30
Time Elasped: 00:10:42
========= Epoch 41 =========
134/268: Matthews 0.30040, Accuracy: 66.92234, Loss: 0.004375398
268/268: Matthews 0.29341, Accuracy: 68.83988, Loss: 0.004278371
 
Best Matthews: 0.31918, Best Accuracy: 66.73058, Best Loss: 0.004379626 at epoch 30
Time Elasped: 00:10:57
========= Epoch 42 =========
134/268: Matthews 0.27333, Accuracy: 68.07287, Loss: 0.004351384
268/268: Matthews 0.29058, Accuracy: 68.16874, Loss: 0.004311306
 
Best Matthews: 0.31918, Best Accuracy: 66.73058, Best Loss: 0.004379626 at epoch 30
Time Elasped: 00:11:13
========= Epoch 43 =========
134/268: Matthews 0.30196, Accuracy: 66.53883, Loss: 0.004365973
268/268: Matthews 0.28643, Accuracy: 66.92234, Loss: 0.004293749
 
Best Matthews: 0.31918, Best Accuracy: 66.73058, Best Loss: 0.004379626 at epoch 30
Time Elasped: 00:11:28
========= Epoch 44 =========
134/268: Matthews 0.29545, Accuracy: 67.88111, Loss: 0.004310377
268/268: Matthews 0.28856, Accuracy: 68.45638, Loss: 0.004337321
 
Best Matthews: 0.31918, Best Accuracy: 66.73058, Best Loss: 0.004379626 at epoch 30
Time Elasped: 00:11:44
========= Epoch 45 =========
134/268: Matthews 0.30067, Accuracy: 67.68936, Loss: 0.004341604
268/268: Matthews 0.28792, Accuracy: 67.11409, Loss: 0.004326752
 
Best Matthews: 0.31918, Best Accuracy: 66.73058, Best Loss: 0.004379626 at epoch 30
Time Elasped: 00:11:59
========= Epoch 46 =========
134/268: Matthews 0.31500, Accuracy: 66.53883, Loss: 0.004377449
268/268: Matthews 0.28518, Accuracy: 68.64813, Loss: 0.004319583
 
Best Matthews: 0.31918, Best Accuracy: 66.73058, Best Loss: 0.004379626 at epoch 30
Time Elasped: 00:12:15
========= Epoch 47 =========
134/268: Matthews 0.29217, Accuracy: 67.30585, Loss: 0.004383733
268/268: Matthews 0.28518, Accuracy: 68.64813, Loss: 0.004341777
 
Best Matthews: 0.31918, Best Accuracy: 66.73058, Best Loss: 0.004379626 at epoch 30
Time Elasped: 00:12:30
========= Epoch 48 =========
134/268: Matthews 0.30765, Accuracy: 67.88111, Loss: 0.004351590
268/268: Matthews 0.27346, Accuracy: 68.93576, Loss: 0.004336151
 
Best Matthews: 0.31918, Best Accuracy: 66.73058, Best Loss: 0.004379626 at epoch 30
Time Elasped: 00:12:46
========= Epoch 49 =========
134/268: Matthews 0.30917, Accuracy: 66.53883, Loss: 0.004399019
268/268: Matthews 0.27966, Accuracy: 67.97699, Loss: 0.004373414
 
Best Matthews: 0.31918, Best Accuracy: 66.73058, Best Loss: 0.004379626 at epoch 30
Time Elasped: 00:13:01
========= Epoch 50 =========
134/268: Matthews 0.30891, Accuracy: 67.68936, Loss: 0.004425033
268/268: Matthews 0.29669, Accuracy: 67.78523, Loss: 0.004395682
 
Best Matthews: 0.31918, Best Accuracy: 66.73058, Best Loss: 0.004379626 at epoch 30
Time Elasped: 00:13:16
========= Epoch 51 =========
Early Stopping activated
 
Best Matthews: 0.31918, Best Accuracy: 66.73058, Best Loss: 0.004379626 at epoch 30
Time Elasped: 00:13:26
Test Set:
0/0: Matthews 0.31918, Accuracy: 66.73058, Loss: 0.004379626
