Namespace(batch_size=32, buffer_size=1, by_source=False, crop_pad_length=30, data='./acceptability_corpus/tokenized/run_mixed_dev/', data_type='discriminator', dropout=0.2, embedding='glove.840B.300d', embedding_path='/scratch/asw462/models/elmo_encoder/elmo.emb', embedding_size=217, encoder_num_layers=2, encoder_path='/scratch/asw462/models/elmo_encoder/elmo.pth', encoding_size=528, encoding_type='lstm_pooling_classifier', epochs=1000, evaluate_train=False, experiment_name='ajold3', glove=False, gpu=True, hidden_size=256, imbalance=True, learning_rate=2e-05, lm_path=None, logs_dir='/scratch/asw462/logs/aj_elmo_pooling_old_11-21-18', max_pool=False, model='linear_classifier', num_layers=1, output_dir='/scratch/asw462/logs/aj_elmo_pooling_old_11-21-18/outputs', patience=20, preprocess_tokenizer='space', prints_per_stage=1, resume=True, resume_file=None, save_loc='/scratch/asw462/models/aj_elmo_pooling_old_11-21-18', seed=1111, should_not_log=False, should_not_lowercase=False, should_not_preprocess_data=False, stages_per_epoch=2, train_embeddings=False, train_evaluate_interval=10, vocab_file='/scratch/asw462/data/vocab_100k.tsv')
======== General =======
Model: linear_classifier
GPU: True
Experiment Name: ajold3
Save location: /scratch/asw462/models/aj_elmo_pooling_old_11-21-18
Logs dir: /scratch/asw462/logs/aj_elmo_pooling_old_11-21-18
Timestamp: 2018/11/21 14:44:45
 
======== Data =======
Training set: 8551 examples
Validation set: 1043 examples
Test set: 1043 examples
 
======= Parameters =======
Learning Rate: 0.000020
Batch Size: 32
Epochs: 1000
Patience: 20
Stages per Epoch: 2
Embedding: 100004 x 217
Number of layers: 1
Hidden Size: 256
Encoder Size: 528
Resume: True
 
======= Model =======
LinearClassifierWithEncoder(
  (model): LinearClassifier(
    (dropout): Dropout(p=0.2)
    (enc2h): Linear(in_features=1056, out_features=256, bias=True)
    (h20): Linear(in_features=256, out_features=1, bias=True)
    (sigmoid): Sigmoid()
    (tanh): Tanh()
    (softmax): Softmax()
  )
  (encoder): LSTMPoolingClassifierWithELMo(
    (elmo): ELMOClassifier(
      (lm): LSTMLanguageModel(
        (dropout): Dropout(p=0.2)
        (embedding): Embedding(100003, 217)
        (lstm): LSTM(217, 891, num_layers=2, dropout=0.2)
        (fc): Linear(in_features=891, out_features=100003, bias=True)
      )
      (lstms): ModuleList(
        (0): LSTM(217, 891, batch_first=True)
        (1): LSTM(891, 891, batch_first=True)
      )
      (dropout): Dropout(p=0.2)
      (linear_comb): Linear(in_features=2, out_features=1, bias=True)
      (fc1): Linear(in_features=891, out_features=528, bias=True)
      (relu): ReLU()
      (out): Linear(in_features=528, out_features=1, bias=True)
      (sigmoid): Sigmoid()
    )
    (pooling_classifier): LSTMPoolingClassifier(
      (ih2h): LSTM(891, 528, num_layers=3, batch_first=True, dropout=0.2, bidirectional=True)
      (pool2o): Linear(in_features=1056, out_features=1, bias=True)
      (sigmoid): Sigmoid()
      (softmax): Softmax()
      (dropout): Dropout(p=0.2)
    )
  )
)
 
========= Epoch 1 =========
134/268: Matthews 0.21964, Accuracy: 66.63471, Loss: 0.004849860
268/268: Matthews 0.22446, Accuracy: 67.40173, Loss: 0.004700776
 
Best Matthews: 0.22446, Best Accuracy: 67.40173, Best Loss: 0.004700776 at epoch 1
Time Elasped: 00:00:23
========= Epoch 2 =========
134/268: Matthews 0.23430, Accuracy: 65.48418, Loss: 0.004606558
268/268: Matthews 0.22307, Accuracy: 66.34708, Loss: 0.004545656
 
Best Matthews: 0.23430, Best Accuracy: 65.48418, Best Loss: 0.004606558 at epoch 2
Time Elasped: 00:00:40
========= Epoch 3 =========
134/268: Matthews 0.23437, Accuracy: 65.58006, Loss: 0.004514801
268/268: Matthews 0.24337, Accuracy: 67.59348, Loss: 0.004460400
 
Best Matthews: 0.24337, Best Accuracy: 67.59348, Best Loss: 0.004460400 at epoch 3
Time Elasped: 00:00:58
========= Epoch 4 =========
134/268: Matthews 0.24079, Accuracy: 67.11409, Loss: 0.004434141
268/268: Matthews 0.25253, Accuracy: 65.67593, Loss: 0.004447670
 
Best Matthews: 0.25253, Best Accuracy: 65.67593, Best Loss: 0.004447670 at epoch 4
Time Elasped: 00:01:14
========= Epoch 5 =========
134/268: Matthews 0.26405, Accuracy: 66.44295, Loss: 0.004411722
268/268: Matthews 0.25646, Accuracy: 67.59348, Loss: 0.004340469
 
Best Matthews: 0.26405, Best Accuracy: 66.44295, Best Loss: 0.004411722 at epoch 5
Time Elasped: 00:01:31
========= Epoch 6 =========
134/268: Matthews 0.26078, Accuracy: 67.11409, Loss: 0.004330358
268/268: Matthews 0.26049, Accuracy: 66.92234, Loss: 0.004336807
 
Best Matthews: 0.26405, Best Accuracy: 66.44295, Best Loss: 0.004411722 at epoch 5
Time Elasped: 00:01:46
========= Epoch 7 =========
134/268: Matthews 0.26767, Accuracy: 68.36050, Loss: 0.004297102
268/268: Matthews 0.26543, Accuracy: 66.44295, Loss: 0.004331943
 
Best Matthews: 0.26767, Best Accuracy: 68.36050, Best Loss: 0.004297102 at epoch 7
Time Elasped: 00:02:02
========= Epoch 8 =========
134/268: Matthews 0.27316, Accuracy: 67.30585, Loss: 0.004296157
268/268: Matthews 0.26397, Accuracy: 67.40173, Loss: 0.004285177
 
Best Matthews: 0.27316, Best Accuracy: 67.30585, Best Loss: 0.004296157 at epoch 8
Time Elasped: 00:02:19
========= Epoch 9 =========
134/268: Matthews 0.27796, Accuracy: 67.78523, Loss: 0.004312032
268/268: Matthews 0.27280, Accuracy: 67.01822, Loss: 0.004284759
 
Best Matthews: 0.27796, Best Accuracy: 67.78523, Best Loss: 0.004312032 at epoch 9
Time Elasped: 00:02:35
========= Epoch 10 =========
134/268: Matthews 0.28338, Accuracy: 68.45638, Loss: 0.004284227
268/268: Matthews 0.28518, Accuracy: 68.64813, Loss: 0.004274559
 
Best Matthews: 0.28518, Best Accuracy: 68.64813, Best Loss: 0.004274559 at epoch 10
Time Elasped: 00:02:53
========= Epoch 11 =========
134/268: Matthews 0.27197, Accuracy: 67.40173, Loss: 0.004279608
268/268: Matthews 0.27231, Accuracy: 66.34708, Loss: 0.004288724
 
Best Matthews: 0.28518, Best Accuracy: 68.64813, Best Loss: 0.004274559 at epoch 10
Time Elasped: 00:03:09
========= Epoch 12 =========
134/268: Matthews 0.26819, Accuracy: 66.44295, Loss: 0.004286343
268/268: Matthews 0.26705, Accuracy: 66.73058, Loss: 0.004306497
 
Best Matthews: 0.28518, Best Accuracy: 68.64813, Best Loss: 0.004274559 at epoch 10
Time Elasped: 00:03:23
========= Epoch 13 =========
134/268: Matthews 0.26405, Accuracy: 66.44295, Loss: 0.004301716
268/268: Matthews 0.28138, Accuracy: 68.16874, Loss: 0.004308948
 
Best Matthews: 0.28518, Best Accuracy: 68.64813, Best Loss: 0.004274559 at epoch 10
Time Elasped: 00:03:38
========= Epoch 14 =========
134/268: Matthews 0.27629, Accuracy: 67.59348, Loss: 0.004311982
268/268: Matthews 0.27672, Accuracy: 66.82646, Loss: 0.004313555
 
Best Matthews: 0.28518, Best Accuracy: 68.64813, Best Loss: 0.004274559 at epoch 10
Time Elasped: 00:03:53
========= Epoch 15 =========
134/268: Matthews 0.27480, Accuracy: 67.49760, Loss: 0.004297429
268/268: Matthews 0.26997, Accuracy: 66.92234, Loss: 0.004315171
 
Best Matthews: 0.28518, Best Accuracy: 68.64813, Best Loss: 0.004274559 at epoch 10
Time Elasped: 00:04:09
========= Epoch 16 =========
134/268: Matthews 0.28161, Accuracy: 68.26462, Loss: 0.004297641
268/268: Matthews 0.28774, Accuracy: 66.53883, Loss: 0.004362882
 
Best Matthews: 0.28774, Best Accuracy: 66.53883, Best Loss: 0.004362882 at epoch 16
Time Elasped: 00:04:25
========= Epoch 17 =========
134/268: Matthews 0.28229, Accuracy: 67.97699, Loss: 0.004318707
268/268: Matthews 0.28534, Accuracy: 67.30585, Loss: 0.004324105
 
Best Matthews: 0.28774, Best Accuracy: 66.53883, Best Loss: 0.004362882 at epoch 16
Time Elasped: 00:04:40
========= Epoch 18 =========
134/268: Matthews 0.28327, Accuracy: 67.78523, Loss: 0.004291151
268/268: Matthews 0.28554, Accuracy: 67.49760, Loss: 0.004336856
 
Best Matthews: 0.28774, Best Accuracy: 66.53883, Best Loss: 0.004362882 at epoch 16
Time Elasped: 00:04:55
========= Epoch 19 =========
134/268: Matthews 0.28995, Accuracy: 67.78523, Loss: 0.004337297
268/268: Matthews 0.29630, Accuracy: 67.30585, Loss: 0.004340713
 
Best Matthews: 0.29630, Best Accuracy: 67.30585, Best Loss: 0.004340713 at epoch 19
Time Elasped: 00:05:13
========= Epoch 20 =========
134/268: Matthews 0.28904, Accuracy: 68.64813, Loss: 0.004286144
268/268: Matthews 0.29626, Accuracy: 67.20997, Loss: 0.004348343
 
Best Matthews: 0.29630, Best Accuracy: 67.30585, Best Loss: 0.004340713 at epoch 19
Time Elasped: 00:05:28
========= Epoch 21 =========
134/268: Matthews 0.27855, Accuracy: 67.30585, Loss: 0.004329885
268/268: Matthews 0.28834, Accuracy: 68.36050, Loss: 0.004322074
 
Best Matthews: 0.29630, Best Accuracy: 67.30585, Best Loss: 0.004340713 at epoch 19
Time Elasped: 00:05:42
========= Epoch 22 =========
134/268: Matthews 0.28138, Accuracy: 67.40173, Loss: 0.004317617
268/268: Matthews 0.29190, Accuracy: 68.16874, Loss: 0.004334118
 
Best Matthews: 0.29630, Best Accuracy: 67.30585, Best Loss: 0.004340713 at epoch 19
Time Elasped: 00:05:57
========= Epoch 23 =========
134/268: Matthews 0.28891, Accuracy: 67.97699, Loss: 0.004342495
268/268: Matthews 0.29088, Accuracy: 67.40173, Loss: 0.004340500
 
Best Matthews: 0.29630, Best Accuracy: 67.30585, Best Loss: 0.004340713 at epoch 19
Time Elasped: 00:06:12
========= Epoch 24 =========
134/268: Matthews 0.29211, Accuracy: 67.20997, Loss: 0.004349277
268/268: Matthews 0.28806, Accuracy: 67.30585, Loss: 0.004339396
 
Best Matthews: 0.29630, Best Accuracy: 67.30585, Best Loss: 0.004340713 at epoch 19
Time Elasped: 00:06:27
========= Epoch 25 =========
134/268: Matthews 0.29227, Accuracy: 68.36050, Loss: 0.004334053
268/268: Matthews 0.28138, Accuracy: 67.40173, Loss: 0.004328362
 
Best Matthews: 0.29630, Best Accuracy: 67.30585, Best Loss: 0.004340713 at epoch 19
Time Elasped: 00:06:42
========= Epoch 26 =========
134/268: Matthews 0.28544, Accuracy: 67.40173, Loss: 0.004331525
268/268: Matthews 0.28285, Accuracy: 67.49760, Loss: 0.004340739
 
Best Matthews: 0.29630, Best Accuracy: 67.30585, Best Loss: 0.004340713 at epoch 19
Time Elasped: 00:06:57
========= Epoch 27 =========
134/268: Matthews 0.28045, Accuracy: 67.68936, Loss: 0.004365486
268/268: Matthews 0.30181, Accuracy: 67.01822, Loss: 0.004373267
 
Best Matthews: 0.30181, Best Accuracy: 67.01822, Best Loss: 0.004373267 at epoch 27
Time Elasped: 00:07:13
========= Epoch 28 =========
134/268: Matthews 0.29378, Accuracy: 68.45638, Loss: 0.004314264
268/268: Matthews 0.28609, Accuracy: 67.88111, Loss: 0.004374951
 
Best Matthews: 0.30181, Best Accuracy: 67.01822, Best Loss: 0.004373267 at epoch 27
Time Elasped: 00:07:28
========= Epoch 29 =========
134/268: Matthews 0.28285, Accuracy: 67.49760, Loss: 0.004351087
268/268: Matthews 0.28476, Accuracy: 67.88111, Loss: 0.004333434
 
Best Matthews: 0.30181, Best Accuracy: 67.01822, Best Loss: 0.004373267 at epoch 27
Time Elasped: 00:07:43
========= Epoch 30 =========
134/268: Matthews 0.29680, Accuracy: 67.88111, Loss: 0.004344451
268/268: Matthews 0.29759, Accuracy: 66.82646, Loss: 0.004362694
 
Best Matthews: 0.30181, Best Accuracy: 67.01822, Best Loss: 0.004373267 at epoch 27
Time Elasped: 00:07:57
========= Epoch 31 =========
134/268: Matthews 0.29773, Accuracy: 67.40173, Loss: 0.004374350
268/268: Matthews 0.27380, Accuracy: 67.68936, Loss: 0.004351741
 
Best Matthews: 0.30181, Best Accuracy: 67.01822, Best Loss: 0.004373267 at epoch 27
Time Elasped: 00:08:12
========= Epoch 32 =========
134/268: Matthews 0.28836, Accuracy: 67.59348, Loss: 0.004349301
268/268: Matthews 0.27480, Accuracy: 67.49760, Loss: 0.004339534
 
Best Matthews: 0.30181, Best Accuracy: 67.01822, Best Loss: 0.004373267 at epoch 27
Time Elasped: 00:08:27
========= Epoch 33 =========
134/268: Matthews 0.29950, Accuracy: 67.88111, Loss: 0.004358943
268/268: Matthews 0.27594, Accuracy: 68.07287, Loss: 0.004301997
 
Best Matthews: 0.30181, Best Accuracy: 67.01822, Best Loss: 0.004373267 at epoch 27
Time Elasped: 00:08:42
========= Epoch 34 =========
134/268: Matthews 0.26764, Accuracy: 67.20997, Loss: 0.004341713
268/268: Matthews 0.27733, Accuracy: 67.40173, Loss: 0.004325614
 
Best Matthews: 0.30181, Best Accuracy: 67.01822, Best Loss: 0.004373267 at epoch 27
Time Elasped: 00:08:57
========= Epoch 35 =========
134/268: Matthews 0.29622, Accuracy: 67.11409, Loss: 0.004369343
268/268: Matthews 0.27796, Accuracy: 68.36050, Loss: 0.004313587
 
Best Matthews: 0.30181, Best Accuracy: 67.01822, Best Loss: 0.004373267 at epoch 27
Time Elasped: 00:09:12
========= Epoch 36 =========
134/268: Matthews 0.27033, Accuracy: 67.20997, Loss: 0.004357135
268/268: Matthews 0.28273, Accuracy: 67.40173, Loss: 0.004347196
 
Best Matthews: 0.30181, Best Accuracy: 67.01822, Best Loss: 0.004373267 at epoch 27
Time Elasped: 00:09:27
========= Epoch 37 =========
134/268: Matthews 0.29355, Accuracy: 67.30585, Loss: 0.004380170
268/268: Matthews 0.27733, Accuracy: 67.40173, Loss: 0.004319124
 
Best Matthews: 0.30181, Best Accuracy: 67.01822, Best Loss: 0.004373267 at epoch 27
Time Elasped: 00:09:42
========= Epoch 38 =========
134/268: Matthews 0.28566, Accuracy: 67.59348, Loss: 0.004369054
268/268: Matthews 0.29211, Accuracy: 67.20997, Loss: 0.004337603
 
Best Matthews: 0.30181, Best Accuracy: 67.01822, Best Loss: 0.004373267 at epoch 27
Time Elasped: 00:09:57
========= Epoch 39 =========
134/268: Matthews 0.27438, Accuracy: 67.20997, Loss: 0.004354185
268/268: Matthews 0.27901, Accuracy: 68.26462, Loss: 0.004353179
 
Best Matthews: 0.30181, Best Accuracy: 67.01822, Best Loss: 0.004373267 at epoch 27
Time Elasped: 00:10:12
========= Epoch 40 =========
134/268: Matthews 0.27543, Accuracy: 66.92234, Loss: 0.004350841
268/268: Matthews 0.30743, Accuracy: 67.40173, Loss: 0.004366770
 
Best Matthews: 0.30743, Best Accuracy: 67.40173, Best Loss: 0.004366770 at epoch 40
Time Elasped: 00:10:28
========= Epoch 41 =========
134/268: Matthews 0.30607, Accuracy: 67.49760, Loss: 0.004412922
268/268: Matthews 0.28209, Accuracy: 68.45638, Loss: 0.004346040
 
Best Matthews: 0.30743, Best Accuracy: 67.40173, Best Loss: 0.004366770 at epoch 40
Time Elasped: 00:10:43
========= Epoch 42 =========
134/268: Matthews 0.26899, Accuracy: 67.20997, Loss: 0.004395053
268/268: Matthews 0.27535, Accuracy: 66.82646, Loss: 0.004375872
 
Best Matthews: 0.30743, Best Accuracy: 67.40173, Best Loss: 0.004366770 at epoch 40
Time Elasped: 00:10:58
========= Epoch 43 =========
134/268: Matthews 0.30602, Accuracy: 67.20997, Loss: 0.004408032
268/268: Matthews 0.27535, Accuracy: 66.82646, Loss: 0.004350268
 
Best Matthews: 0.30743, Best Accuracy: 67.40173, Best Loss: 0.004366770 at epoch 40
Time Elasped: 00:11:13
========= Epoch 44 =========
134/268: Matthews 0.29764, Accuracy: 67.20997, Loss: 0.004375997
268/268: Matthews 0.27551, Accuracy: 67.88111, Loss: 0.004372245
 
Best Matthews: 0.30743, Best Accuracy: 67.40173, Best Loss: 0.004366770 at epoch 40
Time Elasped: 00:11:27
========= Epoch 45 =========
134/268: Matthews 0.27528, Accuracy: 66.73058, Loss: 0.004381993
268/268: Matthews 0.26978, Accuracy: 66.73058, Loss: 0.004361686
 
Best Matthews: 0.30743, Best Accuracy: 67.40173, Best Loss: 0.004366770 at epoch 40
Time Elasped: 00:11:42
========= Epoch 46 =========
134/268: Matthews 0.31034, Accuracy: 66.92234, Loss: 0.004400848
268/268: Matthews 0.28518, Accuracy: 68.64813, Loss: 0.004358452
 
Best Matthews: 0.31034, Best Accuracy: 66.92234, Best Loss: 0.004400848 at epoch 46
Time Elasped: 00:11:59
========= Epoch 47 =========
134/268: Matthews 0.28921, Accuracy: 66.92234, Loss: 0.004411720
268/268: Matthews 0.28080, Accuracy: 68.45638, Loss: 0.004393356
 
Best Matthews: 0.31034, Best Accuracy: 66.92234, Best Loss: 0.004400848 at epoch 46
Time Elasped: 00:12:13
========= Epoch 48 =========
134/268: Matthews 0.31305, Accuracy: 67.59348, Loss: 0.004409299
268/268: Matthews 0.29140, Accuracy: 69.70278, Loss: 0.004381222
 
Best Matthews: 0.31305, Best Accuracy: 67.59348, Best Loss: 0.004409299 at epoch 48
Time Elasped: 00:12:30
========= Epoch 49 =========
134/268: Matthews 0.30896, Accuracy: 66.82646, Loss: 0.004426943
268/268: Matthews 0.28314, Accuracy: 68.36050, Loss: 0.004399802
 
Best Matthews: 0.31305, Best Accuracy: 67.59348, Best Loss: 0.004409299 at epoch 48
Time Elasped: 00:12:45
========= Epoch 50 =========
134/268: Matthews 0.27810, Accuracy: 66.82646, Loss: 0.004434748
268/268: Matthews 0.29773, Accuracy: 67.40173, Loss: 0.004432955
 
Best Matthews: 0.31305, Best Accuracy: 67.59348, Best Loss: 0.004409299 at epoch 48
Time Elasped: 00:12:59
========= Epoch 51 =========
134/268: Matthews 0.28054, Accuracy: 68.36050, Loss: 0.004359535
268/268: Matthews 0.27986, Accuracy: 68.07287, Loss: 0.004385389
 
Best Matthews: 0.31305, Best Accuracy: 67.59348, Best Loss: 0.004409299 at epoch 48
Time Elasped: 00:13:14
========= Epoch 52 =========
134/268: Matthews 0.30322, Accuracy: 67.20997, Loss: 0.004429083
268/268: Matthews 0.29907, Accuracy: 67.30585, Loss: 0.004395024
 
Best Matthews: 0.31305, Best Accuracy: 67.59348, Best Loss: 0.004409299 at epoch 48
Time Elasped: 00:13:29
========= Epoch 53 =========
134/268: Matthews 0.27008, Accuracy: 67.01822, Loss: 0.004424931
268/268: Matthews 0.28936, Accuracy: 67.20997, Loss: 0.004426825
 
Best Matthews: 0.31305, Best Accuracy: 67.59348, Best Loss: 0.004409299 at epoch 48
Time Elasped: 00:13:44
========= Epoch 54 =========
134/268: Matthews 0.31444, Accuracy: 67.49760, Loss: 0.004445290
268/268: Matthews 0.28243, Accuracy: 67.11409, Loss: 0.004435099
 
Best Matthews: 0.31444, Best Accuracy: 67.49760, Best Loss: 0.004445290 at epoch 54
Time Elasped: 00:14:00
========= Epoch 55 =========
134/268: Matthews 0.27333, Accuracy: 68.07287, Loss: 0.004458954
268/268: Matthews 0.31083, Accuracy: 66.34708, Loss: 0.004492361
 
Best Matthews: 0.31444, Best Accuracy: 67.49760, Best Loss: 0.004445290 at epoch 54
Time Elasped: 00:14:15
========= Epoch 56 =========
134/268: Matthews 0.27426, Accuracy: 67.11409, Loss: 0.004440817
268/268: Matthews 0.30478, Accuracy: 67.68936, Loss: 0.004502721
 
Best Matthews: 0.31444, Best Accuracy: 67.49760, Best Loss: 0.004445290 at epoch 54
Time Elasped: 00:14:30
========= Epoch 57 =========
134/268: Matthews 0.31586, Accuracy: 67.40173, Loss: 0.004451107
268/268: Matthews 0.27613, Accuracy: 67.49760, Loss: 0.004507560
 
Best Matthews: 0.31586, Best Accuracy: 67.40173, Best Loss: 0.004451107 at epoch 57
Time Elasped: 00:14:47
========= Epoch 58 =========
134/268: Matthews 0.30060, Accuracy: 67.59348, Loss: 0.004442045
268/268: Matthews 0.28544, Accuracy: 67.40173, Loss: 0.004486693
 
Best Matthews: 0.31586, Best Accuracy: 67.40173, Best Loss: 0.004451107 at epoch 57
Time Elasped: 00:15:01
========= Epoch 59 =========
134/268: Matthews 0.26873, Accuracy: 67.78523, Loss: 0.004476555
268/268: Matthews 0.30781, Accuracy: 66.44295, Loss: 0.004521484
 
Best Matthews: 0.31586, Best Accuracy: 67.40173, Best Loss: 0.004451107 at epoch 57
Time Elasped: 00:15:16
========= Epoch 60 =========
134/268: Matthews 0.29706, Accuracy: 68.07287, Loss: 0.004512463
268/268: Matthews 0.30326, Accuracy: 67.40173, Loss: 0.004481444
 
Best Matthews: 0.31586, Best Accuracy: 67.40173, Best Loss: 0.004451107 at epoch 57
Time Elasped: 00:15:31
========= Epoch 61 =========
134/268: Matthews 0.28936, Accuracy: 67.20997, Loss: 0.004447893
268/268: Matthews 0.31500, Accuracy: 66.53883, Loss: 0.004529863
 
Best Matthews: 0.31586, Best Accuracy: 67.40173, Best Loss: 0.004451107 at epoch 57
Time Elasped: 00:15:45
========= Epoch 62 =========
134/268: Matthews 0.28900, Accuracy: 69.41515, Loss: 0.004438448
268/268: Matthews 0.29514, Accuracy: 67.59348, Loss: 0.004531804
 
Best Matthews: 0.31586, Best Accuracy: 67.40173, Best Loss: 0.004451107 at epoch 57
Time Elasped: 00:16:00
========= Epoch 63 =========
134/268: Matthews 0.29636, Accuracy: 67.40173, Loss: 0.004543615
268/268: Matthews 0.30341, Accuracy: 67.68936, Loss: 0.004522666
 
Best Matthews: 0.31586, Best Accuracy: 67.40173, Best Loss: 0.004451107 at epoch 57
Time Elasped: 00:16:14
========= Epoch 64 =========
134/268: Matthews 0.29088, Accuracy: 67.40173, Loss: 0.004515102
268/268: Matthews 0.30461, Accuracy: 67.11409, Loss: 0.004511250
 
Best Matthews: 0.31586, Best Accuracy: 67.40173, Best Loss: 0.004451107 at epoch 57
Time Elasped: 00:16:29
========= Epoch 65 =========
134/268: Matthews 0.27703, Accuracy: 67.97699, Loss: 0.004467466
268/268: Matthews 0.30321, Accuracy: 67.01822, Loss: 0.004534745
 
Best Matthews: 0.31586, Best Accuracy: 67.40173, Best Loss: 0.004451107 at epoch 57
Time Elasped: 00:16:44
========= Epoch 66 =========
134/268: Matthews 0.29558, Accuracy: 67.97699, Loss: 0.004486011
268/268: Matthews 0.29424, Accuracy: 67.97699, Loss: 0.004483211
 
Best Matthews: 0.31586, Best Accuracy: 67.40173, Best Loss: 0.004451107 at epoch 57
Time Elasped: 00:16:58
========= Epoch 67 =========
134/268: Matthews 0.28908, Accuracy: 68.07287, Loss: 0.004533289
268/268: Matthews 0.28421, Accuracy: 68.26462, Loss: 0.004487453
 
Best Matthews: 0.31586, Best Accuracy: 67.40173, Best Loss: 0.004451107 at epoch 57
Time Elasped: 00:17:13
========= Epoch 68 =========
134/268: Matthews 0.29291, Accuracy: 67.97699, Loss: 0.004444958
268/268: Matthews 0.30221, Accuracy: 67.88111, Loss: 0.004529236
 
Best Matthews: 0.31586, Best Accuracy: 67.40173, Best Loss: 0.004451107 at epoch 57
Time Elasped: 00:17:28
========= Epoch 69 =========
134/268: Matthews 0.29642, Accuracy: 67.49760, Loss: 0.004488464
268/268: Matthews 0.30196, Accuracy: 66.53883, Loss: 0.004559872
 
Best Matthews: 0.31586, Best Accuracy: 67.40173, Best Loss: 0.004451107 at epoch 57
Time Elasped: 00:17:42
========= Epoch 70 =========
134/268: Matthews 0.29736, Accuracy: 68.26462, Loss: 0.004503746
268/268: Matthews 0.30085, Accuracy: 67.88111, Loss: 0.004473986
 
Best Matthews: 0.31586, Best Accuracy: 67.40173, Best Loss: 0.004451107 at epoch 57
Time Elasped: 00:17:57
========= Epoch 71 =========
134/268: Matthews 0.30085, Accuracy: 67.88111, Loss: 0.004501752
268/268: Matthews 0.31316, Accuracy: 67.01822, Loss: 0.004507728
 
Best Matthews: 0.31586, Best Accuracy: 67.40173, Best Loss: 0.004451107 at epoch 57
Time Elasped: 00:18:11
========= Epoch 72 =========
134/268: Matthews 0.30815, Accuracy: 68.36050, Loss: 0.004503853
268/268: Matthews 0.28776, Accuracy: 68.07287, Loss: 0.004474575
 
Best Matthews: 0.31586, Best Accuracy: 67.40173, Best Loss: 0.004451107 at epoch 57
Time Elasped: 00:18:26
========= Epoch 73 =========
134/268: Matthews 0.31929, Accuracy: 66.63471, Loss: 0.004536245
268/268: Matthews 0.33058, Accuracy: 67.01822, Loss: 0.004548860
 
Best Matthews: 0.33058, Best Accuracy: 67.01822, Best Loss: 0.004548860 at epoch 73
Time Elasped: 00:18:44
========= Epoch 74 =========
134/268: Matthews 0.27079, Accuracy: 67.49760, Loss: 0.004450552
268/268: Matthews 0.30535, Accuracy: 68.26462, Loss: 0.004539025
 
Best Matthews: 0.33058, Best Accuracy: 67.01822, Best Loss: 0.004548860 at epoch 73
Time Elasped: 00:18:58
========= Epoch 75 =========
134/268: Matthews 0.27664, Accuracy: 67.78523, Loss: 0.004469583
268/268: Matthews 0.28742, Accuracy: 67.88111, Loss: 0.004479810
 
Best Matthews: 0.33058, Best Accuracy: 67.01822, Best Loss: 0.004548860 at epoch 73
Time Elasped: 00:19:13
========= Epoch 76 =========
134/268: Matthews 0.29950, Accuracy: 67.88111, Loss: 0.004461659
268/268: Matthews 0.29619, Accuracy: 66.92234, Loss: 0.004507268
 
Best Matthews: 0.33058, Best Accuracy: 67.01822, Best Loss: 0.004548860 at epoch 73
Time Elasped: 00:19:28
========= Epoch 77 =========
134/268: Matthews 0.30891, Accuracy: 66.92234, Loss: 0.004461214
268/268: Matthews 0.30511, Accuracy: 68.07287, Loss: 0.004490167
 
Best Matthews: 0.33058, Best Accuracy: 67.01822, Best Loss: 0.004548860 at epoch 73
Time Elasped: 00:19:42
========= Epoch 78 =========
134/268: Matthews 0.28476, Accuracy: 67.88111, Loss: 0.004470907
268/268: Matthews 0.30040, Accuracy: 66.92234, Loss: 0.004503614
 
Best Matthews: 0.33058, Best Accuracy: 67.01822, Best Loss: 0.004548860 at epoch 73
Time Elasped: 00:19:57
========= Epoch 79 =========
134/268: Matthews 0.29853, Accuracy: 68.16874, Loss: 0.004497205
268/268: Matthews 0.29190, Accuracy: 68.16874, Loss: 0.004465761
 
Best Matthews: 0.33058, Best Accuracy: 67.01822, Best Loss: 0.004548860 at epoch 73
Time Elasped: 00:20:11
========= Epoch 80 =========
134/268: Matthews 0.30772, Accuracy: 66.53883, Loss: 0.004501977
268/268: Matthews 0.29868, Accuracy: 68.26462, Loss: 0.004480755
 
Best Matthews: 0.33058, Best Accuracy: 67.01822, Best Loss: 0.004548860 at epoch 73
Time Elasped: 00:20:26
========= Epoch 81 =========
134/268: Matthews 0.28986, Accuracy: 68.45638, Loss: 0.004567244
268/268: Matthews 0.29187, Accuracy: 68.74401, Loss: 0.004418038
 
Best Matthews: 0.33058, Best Accuracy: 67.01822, Best Loss: 0.004548860 at epoch 73
Time Elasped: 00:20:41
========= Epoch 82 =========
134/268: Matthews 0.29198, Accuracy: 66.53883, Loss: 0.004504823
268/268: Matthews 0.30782, Accuracy: 68.07287, Loss: 0.004488298
 
Best Matthews: 0.33058, Best Accuracy: 67.01822, Best Loss: 0.004548860 at epoch 73
Time Elasped: 00:20:55
========= Epoch 83 =========
134/268: Matthews 0.30927, Accuracy: 68.16874, Loss: 0.004522699
268/268: Matthews 0.28476, Accuracy: 67.88111, Loss: 0.004471067
 
Best Matthews: 0.33058, Best Accuracy: 67.01822, Best Loss: 0.004548860 at epoch 73
Time Elasped: 00:21:10
========= Epoch 84 =========
134/268: Matthews 0.30197, Accuracy: 67.59348, Loss: 0.004499155
268/268: Matthews 0.29626, Accuracy: 67.20997, Loss: 0.004472581
 
Best Matthews: 0.33058, Best Accuracy: 67.01822, Best Loss: 0.004548860 at epoch 73
Time Elasped: 00:21:25
========= Epoch 85 =========
134/268: Matthews 0.29973, Accuracy: 68.07287, Loss: 0.004449489
268/268: Matthews 0.32605, Accuracy: 66.15532, Loss: 0.004573479
 
Best Matthews: 0.33058, Best Accuracy: 67.01822, Best Loss: 0.004548860 at epoch 73
Time Elasped: 00:21:39
========= Epoch 86 =========
134/268: Matthews 0.28904, Accuracy: 68.64813, Loss: 0.004485906
268/268: Matthews 0.30388, Accuracy: 68.16874, Loss: 0.004447711
 
Best Matthews: 0.33058, Best Accuracy: 67.01822, Best Loss: 0.004548860 at epoch 73
Time Elasped: 00:21:54
========= Epoch 87 =========
134/268: Matthews 0.30610, Accuracy: 66.82646, Loss: 0.004533782
268/268: Matthews 0.29923, Accuracy: 67.59348, Loss: 0.004458750
 
Best Matthews: 0.33058, Best Accuracy: 67.01822, Best Loss: 0.004548860 at epoch 73
Time Elasped: 00:22:08
========= Epoch 88 =========
134/268: Matthews 0.31199, Accuracy: 66.63471, Loss: 0.004514947
268/268: Matthews 0.29489, Accuracy: 68.36050, Loss: 0.004430049
 
Best Matthews: 0.33058, Best Accuracy: 67.01822, Best Loss: 0.004548860 at epoch 73
Time Elasped: 00:22:23
========= Epoch 89 =========
134/268: Matthews 0.29190, Accuracy: 68.16874, Loss: 0.004463623
268/268: Matthews 0.30918, Accuracy: 68.07287, Loss: 0.004416356
 
Best Matthews: 0.33058, Best Accuracy: 67.01822, Best Loss: 0.004548860 at epoch 73
Time Elasped: 00:22:38
========= Epoch 90 =========
134/268: Matthews 0.28314, Accuracy: 68.36050, Loss: 0.004450837
268/268: Matthews 0.29478, Accuracy: 66.82646, Loss: 0.004452628
 
Best Matthews: 0.33058, Best Accuracy: 67.01822, Best Loss: 0.004548860 at epoch 73
Time Elasped: 00:22:52
========= Epoch 91 =========
134/268: Matthews 0.29076, Accuracy: 68.26462, Loss: 0.004428184
268/268: Matthews 0.31488, Accuracy: 68.36050, Loss: 0.004414065
 
Best Matthews: 0.33058, Best Accuracy: 67.01822, Best Loss: 0.004548860 at epoch 73
Time Elasped: 00:23:07
========= Epoch 92 =========
134/268: Matthews 0.30321, Accuracy: 67.11409, Loss: 0.004520373
268/268: Matthews 0.29227, Accuracy: 68.36050, Loss: 0.004406544
 
Best Matthews: 0.33058, Best Accuracy: 67.01822, Best Loss: 0.004548860 at epoch 73
Time Elasped: 00:23:21
========= Epoch 93 =========
134/268: Matthews 0.29604, Accuracy: 68.26462, Loss: 0.004438907
268/268: Matthews 0.30045, Accuracy: 67.30585, Loss: 0.004417092
 
Best Matthews: 0.33058, Best Accuracy: 67.01822, Best Loss: 0.004548860 at epoch 73
Time Elasped: 00:23:36
========= Epoch 94 =========
Early Stopping activated
 
Best Matthews: 0.33058, Best Accuracy: 67.01822, Best Loss: 0.004548860 at epoch 73
Time Elasped: 00:23:45
Test Set:
0/0: Matthews 0.33058, Accuracy: 67.01822, Loss: 0.004548860
