Namespace(batch_size=32, buffer_size=1, by_source=False, crop_pad_length=30, data='./acceptability_corpus/tokenized/run_mixed_dev/', data_type='discriminator', dropout=0.5, embedding='glove.840B.300d', embedding_path='/scratch/asw462/models/elmo_encoder/elmo.emb', embedding_size=217, encoder_num_layers=2, encoder_path='/scratch/asw462/models/elmo_encoder/elmo.pth', encoding_size=528, encoding_type='lstm_pooling_classifier', epochs=1000, evaluate_train=False, experiment_name='ajold19', glove=False, gpu=True, hidden_size=256, imbalance=True, learning_rate=3e-05, lm_path=None, logs_dir='/scratch/asw462/logs/aj_elmo_pooling_old_11-21-18', max_pool=False, model='linear_classifier', num_layers=1, output_dir='/scratch/asw462/logs/aj_elmo_pooling_old_11-21-18/outputs', patience=20, preprocess_tokenizer='space', prints_per_stage=1, resume=True, resume_file=None, save_loc='/scratch/asw462/models/aj_elmo_pooling_old_11-21-18', seed=1111, should_not_log=False, should_not_lowercase=False, should_not_preprocess_data=False, stages_per_epoch=2, train_embeddings=False, train_evaluate_interval=10, vocab_file='/scratch/asw462/data/vocab_100k.tsv')
======== General =======
Model: linear_classifier
GPU: True
Experiment Name: ajold19
Save location: /scratch/asw462/models/aj_elmo_pooling_old_11-21-18
Logs dir: /scratch/asw462/logs/aj_elmo_pooling_old_11-21-18
Timestamp: 2018/11/21 14:44:45
 
======== Data =======
Training set: 8551 examples
Validation set: 1043 examples
Test set: 1043 examples
 
======= Parameters =======
Learning Rate: 0.000030
Batch Size: 32
Epochs: 1000
Patience: 20
Stages per Epoch: 2
Embedding: 100004 x 217
Number of layers: 1
Hidden Size: 256
Encoder Size: 528
Resume: True
 
======= Model =======
LinearClassifierWithEncoder(
  (model): LinearClassifier(
    (dropout): Dropout(p=0.5)
    (enc2h): Linear(in_features=1056, out_features=256, bias=True)
    (h20): Linear(in_features=256, out_features=1, bias=True)
    (sigmoid): Sigmoid()
    (tanh): Tanh()
    (softmax): Softmax()
  )
  (encoder): LSTMPoolingClassifierWithELMo(
    (elmo): ELMOClassifier(
      (lm): LSTMLanguageModel(
        (dropout): Dropout(p=0.2)
        (embedding): Embedding(100003, 217)
        (lstm): LSTM(217, 891, num_layers=2, dropout=0.2)
        (fc): Linear(in_features=891, out_features=100003, bias=True)
      )
      (lstms): ModuleList(
        (0): LSTM(217, 891, batch_first=True)
        (1): LSTM(891, 891, batch_first=True)
      )
      (dropout): Dropout(p=0.2)
      (linear_comb): Linear(in_features=2, out_features=1, bias=True)
      (fc1): Linear(in_features=891, out_features=528, bias=True)
      (relu): ReLU()
      (out): Linear(in_features=528, out_features=1, bias=True)
      (sigmoid): Sigmoid()
    )
    (pooling_classifier): LSTMPoolingClassifier(
      (ih2h): LSTM(891, 528, num_layers=3, batch_first=True, dropout=0.2, bidirectional=True)
      (pool2o): Linear(in_features=1056, out_features=1, bias=True)
      (sigmoid): Sigmoid()
      (softmax): Softmax()
      (dropout): Dropout(p=0.2)
    )
  )
)
 
========= Epoch 1 =========
134/268: Matthews 0.22233, Accuracy: 66.63471, Loss: 0.004791455
268/268: Matthews 0.22810, Accuracy: 67.30585, Loss: 0.004641809
 
Best Matthews: 0.22810, Best Accuracy: 67.30585, Best Loss: 0.004641809 at epoch 1
Time Elasped: 00:00:23
========= Epoch 2 =========
134/268: Matthews 0.23268, Accuracy: 65.00479, Loss: 0.004539837
268/268: Matthews 0.22442, Accuracy: 66.34708, Loss: 0.004475308
 
Best Matthews: 0.23268, Best Accuracy: 65.00479, Best Loss: 0.004539837 at epoch 2
Time Elasped: 00:00:39
========= Epoch 3 =========
134/268: Matthews 0.25135, Accuracy: 66.05944, Loss: 0.004438877
268/268: Matthews 0.24468, Accuracy: 67.59348, Loss: 0.004387870
 
Best Matthews: 0.25135, Best Accuracy: 66.05944, Best Loss: 0.004438877 at epoch 3
Time Elasped: 00:00:56
========= Epoch 4 =========
134/268: Matthews 0.25383, Accuracy: 67.59348, Loss: 0.004365875
268/268: Matthews 0.26949, Accuracy: 66.25120, Loss: 0.004380540
 
Best Matthews: 0.26949, Best Accuracy: 66.25120, Best Loss: 0.004380540 at epoch 4
Time Elasped: 00:01:14
========= Epoch 5 =========
134/268: Matthews 0.26987, Accuracy: 66.82646, Loss: 0.004338306
268/268: Matthews 0.26764, Accuracy: 67.88111, Loss: 0.004268027
 
Best Matthews: 0.26987, Best Accuracy: 66.82646, Best Loss: 0.004338306 at epoch 5
Time Elasped: 00:01:31
========= Epoch 6 =========
134/268: Matthews 0.26796, Accuracy: 67.40173, Loss: 0.004266355
268/268: Matthews 0.26750, Accuracy: 67.11409, Loss: 0.004270764
 
Best Matthews: 0.26987, Best Accuracy: 66.82646, Best Loss: 0.004338306 at epoch 5
Time Elasped: 00:01:45
========= Epoch 7 =========
134/268: Matthews 0.27053, Accuracy: 68.45638, Loss: 0.004234293
268/268: Matthews 0.26110, Accuracy: 66.15532, Loss: 0.004269677
 
Best Matthews: 0.27053, Best Accuracy: 68.45638, Best Loss: 0.004234293 at epoch 7
Time Elasped: 00:02:02
========= Epoch 8 =========
134/268: Matthews 0.27168, Accuracy: 67.20997, Loss: 0.004231870
268/268: Matthews 0.27248, Accuracy: 67.68936, Loss: 0.004227320
 
Best Matthews: 0.27248, Best Accuracy: 67.68936, Best Loss: 0.004227320 at epoch 8
Time Elasped: 00:02:20
========= Epoch 9 =========
134/268: Matthews 0.27796, Accuracy: 67.78523, Loss: 0.004258195
268/268: Matthews 0.26696, Accuracy: 66.63471, Loss: 0.004228106
 
Best Matthews: 0.27796, Best Accuracy: 67.78523, Best Loss: 0.004258195 at epoch 9
Time Elasped: 00:02:36
========= Epoch 10 =========
134/268: Matthews 0.28647, Accuracy: 68.64813, Loss: 0.004225486
268/268: Matthews 0.28829, Accuracy: 68.83988, Loss: 0.004217649
 
Best Matthews: 0.28829, Best Accuracy: 68.83988, Best Loss: 0.004217649 at epoch 10
Time Elasped: 00:02:54
========= Epoch 11 =========
134/268: Matthews 0.27048, Accuracy: 67.30585, Loss: 0.004226318
268/268: Matthews 0.27937, Accuracy: 66.63471, Loss: 0.004238929
 
Best Matthews: 0.28829, Best Accuracy: 68.83988, Best Loss: 0.004217649 at epoch 10
Time Elasped: 00:03:09
========= Epoch 12 =========
134/268: Matthews 0.27096, Accuracy: 66.44295, Loss: 0.004239815
268/268: Matthews 0.27552, Accuracy: 67.01822, Loss: 0.004258735
 
Best Matthews: 0.28829, Best Accuracy: 68.83988, Best Loss: 0.004217649 at epoch 10
Time Elasped: 00:03:24
========= Epoch 13 =========
134/268: Matthews 0.27535, Accuracy: 66.82646, Loss: 0.004251243
268/268: Matthews 0.28727, Accuracy: 68.45638, Loss: 0.004258484
 
Best Matthews: 0.28829, Best Accuracy: 68.83988, Best Loss: 0.004217649 at epoch 10
Time Elasped: 00:03:39
========= Epoch 14 =========
134/268: Matthews 0.27033, Accuracy: 67.20997, Loss: 0.004265190
268/268: Matthews 0.27672, Accuracy: 66.82646, Loss: 0.004257799
 
Best Matthews: 0.28829, Best Accuracy: 68.83988, Best Loss: 0.004217649 at epoch 10
Time Elasped: 00:03:54
========= Epoch 15 =========
134/268: Matthews 0.27331, Accuracy: 67.40173, Loss: 0.004244057
268/268: Matthews 0.27844, Accuracy: 67.20997, Loss: 0.004260756
 
Best Matthews: 0.28829, Best Accuracy: 68.83988, Best Loss: 0.004217649 at epoch 10
Time Elasped: 00:04:09
========= Epoch 16 =========
134/268: Matthews 0.28597, Accuracy: 68.45638, Loss: 0.004247413
268/268: Matthews 0.29197, Accuracy: 66.63471, Loss: 0.004323801
 
Best Matthews: 0.29197, Best Accuracy: 66.63471, Best Loss: 0.004323801 at epoch 16
Time Elasped: 00:04:25
========= Epoch 17 =========
134/268: Matthews 0.27929, Accuracy: 67.78523, Loss: 0.004275891
268/268: Matthews 0.28534, Accuracy: 67.30585, Loss: 0.004272851
 
Best Matthews: 0.29197, Best Accuracy: 66.63471, Best Loss: 0.004323801 at epoch 16
Time Elasped: 00:04:40
========= Epoch 18 =========
134/268: Matthews 0.28030, Accuracy: 67.59348, Loss: 0.004236488
268/268: Matthews 0.29680, Accuracy: 67.88111, Loss: 0.004289286
 
Best Matthews: 0.29680, Best Accuracy: 67.88111, Best Loss: 0.004289286 at epoch 18
Time Elasped: 00:04:57
========= Epoch 19 =========
134/268: Matthews 0.29130, Accuracy: 67.78523, Loss: 0.004291428
268/268: Matthews 0.29622, Accuracy: 67.11409, Loss: 0.004304634
 
Best Matthews: 0.29680, Best Accuracy: 67.88111, Best Loss: 0.004289286 at epoch 18
Time Elasped: 00:05:11
========= Epoch 20 =========
134/268: Matthews 0.28597, Accuracy: 68.45638, Loss: 0.004240615
268/268: Matthews 0.29480, Accuracy: 67.01822, Loss: 0.004303934
 
Best Matthews: 0.29680, Best Accuracy: 67.88111, Best Loss: 0.004289286 at epoch 18
Time Elasped: 00:05:26
========= Epoch 21 =========
134/268: Matthews 0.28273, Accuracy: 67.40173, Loss: 0.004282197
268/268: Matthews 0.29117, Accuracy: 68.45638, Loss: 0.004275855
 
Best Matthews: 0.29680, Best Accuracy: 67.88111, Best Loss: 0.004289286 at epoch 18
Time Elasped: 00:05:41
========= Epoch 22 =========
134/268: Matthews 0.28580, Accuracy: 67.68936, Loss: 0.004267747
268/268: Matthews 0.28742, Accuracy: 67.88111, Loss: 0.004291798
 
Best Matthews: 0.29680, Best Accuracy: 67.88111, Best Loss: 0.004289286 at epoch 18
Time Elasped: 00:05:56
========= Epoch 23 =========
134/268: Matthews 0.28758, Accuracy: 67.97699, Loss: 0.004297371
268/268: Matthews 0.29804, Accuracy: 67.78523, Loss: 0.004290962
 
Best Matthews: 0.29804, Best Accuracy: 67.78523, Best Loss: 0.004290962 at epoch 23
Time Elasped: 00:06:13
========= Epoch 24 =========
134/268: Matthews 0.29211, Accuracy: 67.20997, Loss: 0.004296067
268/268: Matthews 0.29950, Accuracy: 67.88111, Loss: 0.004289180
 
Best Matthews: 0.29950, Best Accuracy: 67.88111, Best Loss: 0.004289180 at epoch 24
Time Elasped: 00:06:29
========= Epoch 25 =========
134/268: Matthews 0.29076, Accuracy: 68.26462, Loss: 0.004285154
268/268: Matthews 0.29157, Accuracy: 67.97699, Loss: 0.004280485
 
Best Matthews: 0.29950, Best Accuracy: 67.88111, Best Loss: 0.004289180 at epoch 24
Time Elasped: 00:06:44
========= Epoch 26 =========
134/268: Matthews 0.28554, Accuracy: 67.49760, Loss: 0.004287208
268/268: Matthews 0.28701, Accuracy: 67.59348, Loss: 0.004295237
 
Best Matthews: 0.29950, Best Accuracy: 67.88111, Best Loss: 0.004289180 at epoch 24
Time Elasped: 00:06:59
========= Epoch 27 =========
134/268: Matthews 0.27599, Accuracy: 67.40173, Loss: 0.004323732
268/268: Matthews 0.29905, Accuracy: 66.63471, Loss: 0.004340254
 
Best Matthews: 0.29950, Best Accuracy: 67.88111, Best Loss: 0.004289180 at epoch 24
Time Elasped: 00:07:14
========= Epoch 28 =========
134/268: Matthews 0.29096, Accuracy: 68.36050, Loss: 0.004265947
268/268: Matthews 0.29424, Accuracy: 67.97699, Loss: 0.004337417
 
Best Matthews: 0.29950, Best Accuracy: 67.88111, Best Loss: 0.004289180 at epoch 24
Time Elasped: 00:07:29
========= Epoch 29 =========
134/268: Matthews 0.29143, Accuracy: 67.88111, Loss: 0.004309208
268/268: Matthews 0.28097, Accuracy: 67.97699, Loss: 0.004288243
 
Best Matthews: 0.29950, Best Accuracy: 67.88111, Best Loss: 0.004289180 at epoch 24
Time Elasped: 00:07:44
========= Epoch 30 =========
134/268: Matthews 0.29961, Accuracy: 67.97699, Loss: 0.004305680
268/268: Matthews 0.30040, Accuracy: 66.92234, Loss: 0.004317644
 
Best Matthews: 0.30040, Best Accuracy: 66.92234, Best Loss: 0.004317644 at epoch 30
Time Elasped: 00:08:02
========= Epoch 31 =========
134/268: Matthews 0.29903, Accuracy: 67.20997, Loss: 0.004333173
268/268: Matthews 0.27703, Accuracy: 67.97699, Loss: 0.004307449
 
Best Matthews: 0.30040, Best Accuracy: 66.92234, Best Loss: 0.004317644 at epoch 30
Time Elasped: 00:08:17
========= Epoch 32 =========
134/268: Matthews 0.28138, Accuracy: 67.40173, Loss: 0.004302540
268/268: Matthews 0.27629, Accuracy: 67.59348, Loss: 0.004294551
 
Best Matthews: 0.30040, Best Accuracy: 66.92234, Best Loss: 0.004317644 at epoch 30
Time Elasped: 00:08:32
========= Epoch 33 =========
134/268: Matthews 0.29534, Accuracy: 67.78523, Loss: 0.004308822
268/268: Matthews 0.28054, Accuracy: 68.36050, Loss: 0.004256715
 
Best Matthews: 0.30040, Best Accuracy: 66.92234, Best Loss: 0.004317644 at epoch 30
Time Elasped: 00:08:47
========= Epoch 34 =========
134/268: Matthews 0.27213, Accuracy: 67.49760, Loss: 0.004295706
268/268: Matthews 0.28150, Accuracy: 67.49760, Loss: 0.004279452
 
Best Matthews: 0.30040, Best Accuracy: 66.92234, Best Loss: 0.004317644 at epoch 30
Time Elasped: 00:09:02
========= Epoch 35 =========
134/268: Matthews 0.30743, Accuracy: 67.40173, Loss: 0.004328314
268/268: Matthews 0.28418, Accuracy: 68.74401, Loss: 0.004268799
 
Best Matthews: 0.30743, Best Accuracy: 67.40173, Best Loss: 0.004328314 at epoch 35
Time Elasped: 00:09:18
========= Epoch 36 =========
134/268: Matthews 0.27762, Accuracy: 67.59348, Loss: 0.004315257
268/268: Matthews 0.28116, Accuracy: 67.20997, Loss: 0.004311366
 
Best Matthews: 0.30743, Best Accuracy: 67.40173, Best Loss: 0.004328314 at epoch 35
Time Elasped: 00:09:33
========= Epoch 37 =========
134/268: Matthews 0.30611, Accuracy: 67.59348, Loss: 0.004348460
268/268: Matthews 0.27585, Accuracy: 67.30585, Loss: 0.004270669
 
Best Matthews: 0.30743, Best Accuracy: 67.40173, Best Loss: 0.004328314 at epoch 35
Time Elasped: 00:09:48
========= Epoch 38 =========
134/268: Matthews 0.28138, Accuracy: 67.40173, Loss: 0.004325725
268/268: Matthews 0.28511, Accuracy: 67.01822, Loss: 0.004290850
 
Best Matthews: 0.30743, Best Accuracy: 67.40173, Best Loss: 0.004328314 at epoch 35
Time Elasped: 00:10:03
========= Epoch 39 =========
134/268: Matthews 0.27124, Accuracy: 66.82646, Loss: 0.004313234
268/268: Matthews 0.28184, Accuracy: 68.36050, Loss: 0.004313586
 
Best Matthews: 0.30743, Best Accuracy: 67.40173, Best Loss: 0.004328314 at epoch 35
Time Elasped: 00:10:18
========= Epoch 40 =========
134/268: Matthews 0.27962, Accuracy: 67.01822, Loss: 0.004309817
268/268: Matthews 0.30322, Accuracy: 67.20997, Loss: 0.004326294
 
Best Matthews: 0.30743, Best Accuracy: 67.40173, Best Loss: 0.004328314 at epoch 35
Time Elasped: 00:10:33
========= Epoch 41 =========
134/268: Matthews 0.31305, Accuracy: 67.59348, Loss: 0.004375612
268/268: Matthews 0.28030, Accuracy: 68.26462, Loss: 0.004301148
 
Best Matthews: 0.31305, Best Accuracy: 67.59348, Best Loss: 0.004375612 at epoch 41
Time Elasped: 00:10:49
========= Epoch 42 =========
134/268: Matthews 0.27966, Accuracy: 67.97699, Loss: 0.004352862
268/268: Matthews 0.27398, Accuracy: 66.82646, Loss: 0.004330011
 
Best Matthews: 0.31305, Best Accuracy: 67.59348, Best Loss: 0.004375612 at epoch 41
Time Elasped: 00:11:05
========= Epoch 43 =========
134/268: Matthews 0.31304, Accuracy: 67.49760, Loss: 0.004369286
268/268: Matthews 0.27378, Accuracy: 66.53883, Loss: 0.004308613
 
Best Matthews: 0.31305, Best Accuracy: 67.59348, Best Loss: 0.004375612 at epoch 41
Time Elasped: 00:11:20
========= Epoch 44 =========
134/268: Matthews 0.29345, Accuracy: 67.11409, Loss: 0.004334322
268/268: Matthews 0.28138, Accuracy: 68.16874, Loss: 0.004335618
 
Best Matthews: 0.31305, Best Accuracy: 67.59348, Best Loss: 0.004375612 at epoch 41
Time Elasped: 00:11:35
========= Epoch 45 =========
134/268: Matthews 0.27817, Accuracy: 66.92234, Loss: 0.004339032
268/268: Matthews 0.27406, Accuracy: 66.92234, Loss: 0.004320909
 
Best Matthews: 0.31305, Best Accuracy: 67.59348, Best Loss: 0.004375612 at epoch 41
Time Elasped: 00:11:50
========= Epoch 46 =========
134/268: Matthews 0.30909, Accuracy: 66.63471, Loss: 0.004365494
268/268: Matthews 0.28338, Accuracy: 68.45638, Loss: 0.004312101
 
Best Matthews: 0.31305, Best Accuracy: 67.59348, Best Loss: 0.004375612 at epoch 41
Time Elasped: 00:12:05
========= Epoch 47 =========
134/268: Matthews 0.28362, Accuracy: 66.82646, Loss: 0.004365847
268/268: Matthews 0.28209, Accuracy: 68.45638, Loss: 0.004353947
 
Best Matthews: 0.31305, Best Accuracy: 67.59348, Best Loss: 0.004375612 at epoch 41
Time Elasped: 00:12:20
========= Epoch 48 =========
134/268: Matthews 0.31726, Accuracy: 67.78523, Loss: 0.004369648
268/268: Matthews 0.29425, Accuracy: 69.79866, Loss: 0.004337611
 
Best Matthews: 0.31726, Best Accuracy: 67.78523, Best Loss: 0.004369648 at epoch 48
Time Elasped: 00:12:36
========= Epoch 49 =========
134/268: Matthews 0.30621, Accuracy: 66.63471, Loss: 0.004383224
268/268: Matthews 0.28444, Accuracy: 68.36050, Loss: 0.004358892
 
Best Matthews: 0.31726, Best Accuracy: 67.78523, Best Loss: 0.004369648 at epoch 48
Time Elasped: 00:12:51
========= Epoch 50 =========
134/268: Matthews 0.29636, Accuracy: 67.40173, Loss: 0.004397993
268/268: Matthews 0.29630, Accuracy: 67.30585, Loss: 0.004387984
 
Best Matthews: 0.31726, Best Accuracy: 67.78523, Best Loss: 0.004369648 at epoch 48
Time Elasped: 00:13:06
========= Epoch 51 =========
134/268: Matthews 0.28161, Accuracy: 68.26462, Loss: 0.004313543
268/268: Matthews 0.28421, Accuracy: 68.26462, Loss: 0.004341541
 
Best Matthews: 0.31726, Best Accuracy: 67.78523, Best Loss: 0.004369648 at epoch 48
Time Elasped: 00:13:21
========= Epoch 52 =========
134/268: Matthews 0.30462, Accuracy: 67.20997, Loss: 0.004386825
268/268: Matthews 0.30604, Accuracy: 67.40173, Loss: 0.004355711
 
Best Matthews: 0.31726, Best Accuracy: 67.78523, Best Loss: 0.004369648 at epoch 48
Time Elasped: 00:13:36
========= Epoch 53 =========
134/268: Matthews 0.27438, Accuracy: 67.20997, Loss: 0.004385047
268/268: Matthews 0.28388, Accuracy: 67.20997, Loss: 0.004379935
 
Best Matthews: 0.31726, Best Accuracy: 67.78523, Best Loss: 0.004369648 at epoch 48
Time Elasped: 00:13:51
========= Epoch 54 =========
134/268: Matthews 0.31169, Accuracy: 67.11409, Loss: 0.004406324
268/268: Matthews 0.28825, Accuracy: 67.49760, Loss: 0.004389156
 
Best Matthews: 0.31726, Best Accuracy: 67.78523, Best Loss: 0.004369648 at epoch 48
Time Elasped: 00:14:06
========= Epoch 55 =========
134/268: Matthews 0.27441, Accuracy: 67.97699, Loss: 0.004421339
268/268: Matthews 0.31512, Accuracy: 66.44295, Loss: 0.004460989
 
Best Matthews: 0.31726, Best Accuracy: 67.78523, Best Loss: 0.004369648 at epoch 48
Time Elasped: 00:14:21
========= Epoch 56 =========
134/268: Matthews 0.28419, Accuracy: 67.49760, Loss: 0.004398040
268/268: Matthews 0.30616, Accuracy: 67.68936, Loss: 0.004465202
 
Best Matthews: 0.31726, Best Accuracy: 67.78523, Best Loss: 0.004369648 at epoch 48
Time Elasped: 00:14:36
========= Epoch 57 =========
134/268: Matthews 0.30746, Accuracy: 67.01822, Loss: 0.004410656
268/268: Matthews 0.30001, Accuracy: 68.26462, Loss: 0.004461923
 
Best Matthews: 0.31726, Best Accuracy: 67.78523, Best Loss: 0.004369648 at epoch 48
Time Elasped: 00:14:51
========= Epoch 58 =========
134/268: Matthews 0.30067, Accuracy: 67.68936, Loss: 0.004394469
268/268: Matthews 0.29264, Accuracy: 67.78523, Loss: 0.004438399
 
Best Matthews: 0.31726, Best Accuracy: 67.78523, Best Loss: 0.004369648 at epoch 48
Time Elasped: 00:15:06
========= Epoch 59 =========
134/268: Matthews 0.27724, Accuracy: 68.07287, Loss: 0.004432536
268/268: Matthews 0.31063, Accuracy: 66.53883, Loss: 0.004484109
 
Best Matthews: 0.31726, Best Accuracy: 67.78523, Best Loss: 0.004369648 at epoch 48
Time Elasped: 00:15:21
========= Epoch 60 =========
134/268: Matthews 0.29545, Accuracy: 67.88111, Loss: 0.004459446
268/268: Matthews 0.30330, Accuracy: 67.49760, Loss: 0.004433892
 
Best Matthews: 0.31726, Best Accuracy: 67.78523, Best Loss: 0.004369648 at epoch 48
Time Elasped: 00:15:36
========= Epoch 61 =========
134/268: Matthews 0.29217, Accuracy: 67.30585, Loss: 0.004404403
268/268: Matthews 0.31636, Accuracy: 66.63471, Loss: 0.004488362
 
Best Matthews: 0.31726, Best Accuracy: 67.78523, Best Loss: 0.004369648 at epoch 48
Time Elasped: 00:15:51
========= Epoch 62 =========
134/268: Matthews 0.28367, Accuracy: 69.31927, Loss: 0.004401263
268/268: Matthews 0.29659, Accuracy: 67.68936, Loss: 0.004482934
 
Best Matthews: 0.31726, Best Accuracy: 67.78523, Best Loss: 0.004369648 at epoch 48
Time Elasped: 00:16:06
========= Epoch 63 =========
134/268: Matthews 0.29650, Accuracy: 67.59348, Loss: 0.004491640
268/268: Matthews 0.29787, Accuracy: 67.59348, Loss: 0.004473554
 
Best Matthews: 0.31726, Best Accuracy: 67.78523, Best Loss: 0.004369648 at epoch 48
Time Elasped: 00:16:21
========= Epoch 64 =========
134/268: Matthews 0.29378, Accuracy: 67.59348, Loss: 0.004470305
268/268: Matthews 0.30186, Accuracy: 66.73058, Loss: 0.004465659
 
Best Matthews: 0.31726, Best Accuracy: 67.78523, Best Loss: 0.004369648 at epoch 48
Time Elasped: 00:16:35
========= Epoch 65 =========
134/268: Matthews 0.27703, Accuracy: 67.97699, Loss: 0.004416523
268/268: Matthews 0.30040, Accuracy: 66.92234, Loss: 0.004480748
 
Best Matthews: 0.31726, Best Accuracy: 67.78523, Best Loss: 0.004369648 at epoch 48
Time Elasped: 00:16:50
========= Epoch 66 =========
134/268: Matthews 0.29868, Accuracy: 68.26462, Loss: 0.004423427
268/268: Matthews 0.29720, Accuracy: 68.16874, Loss: 0.004422386
 
Best Matthews: 0.31726, Best Accuracy: 67.78523, Best Loss: 0.004369648 at epoch 48
Time Elasped: 00:17:05
========= Epoch 67 =========
134/268: Matthews 0.29306, Accuracy: 68.07287, Loss: 0.004474181
268/268: Matthews 0.28552, Accuracy: 68.26462, Loss: 0.004432749
 
Best Matthews: 0.31726, Best Accuracy: 67.78523, Best Loss: 0.004369648 at epoch 48
Time Elasped: 00:17:20
========= Epoch 68 =========
134/268: Matthews 0.28995, Accuracy: 67.78523, Loss: 0.004377846
268/268: Matthews 0.30492, Accuracy: 67.88111, Loss: 0.004466231
 
Best Matthews: 0.31726, Best Accuracy: 67.78523, Best Loss: 0.004369648 at epoch 48
Time Elasped: 00:17:35
========= Epoch 69 =========
Early Stopping activated
 
Best Matthews: 0.31726, Best Accuracy: 67.78523, Best Loss: 0.004369648 at epoch 48
Time Elasped: 00:17:44
Test Set:
0/0: Matthews 0.31726, Accuracy: 67.78523, Loss: 0.004369648
