Namespace(batch_size=32, buffer_size=1, by_source=False, crop_pad_length=30, data='./acceptability_corpus/tokenized/run_mixed_dev/', data_type='discriminator', dropout=0.5, embedding='glove.840B.300d', embedding_path='/scratch/asw462/models/elmo_encoder/elmo.emb', embedding_size=217, encoder_num_layers=2, encoder_path='/scratch/asw462/models/elmo_encoder/elmo.pth', encoding_size=528, encoding_type='lstm_pooling_classifier', epochs=1000, evaluate_train=False, experiment_name='ajold10', glove=False, gpu=True, hidden_size=256, imbalance=True, learning_rate=2e-05, lm_path=None, logs_dir='/scratch/asw462/logs/aj_elmo_pooling_old_11-21-18', max_pool=False, model='linear_classifier', num_layers=1, output_dir='/scratch/asw462/logs/aj_elmo_pooling_old_11-21-18/outputs', patience=20, preprocess_tokenizer='space', prints_per_stage=1, resume=True, resume_file=None, save_loc='/scratch/asw462/models/aj_elmo_pooling_old_11-21-18', seed=1111, should_not_log=False, should_not_lowercase=False, should_not_preprocess_data=False, stages_per_epoch=2, train_embeddings=False, train_evaluate_interval=10, vocab_file='/scratch/asw462/data/vocab_100k.tsv')
======== General =======
Model: linear_classifier
GPU: True
Experiment Name: ajold10
Save location: /scratch/asw462/models/aj_elmo_pooling_old_11-21-18
Logs dir: /scratch/asw462/logs/aj_elmo_pooling_old_11-21-18
Timestamp: 2018/11/21 14:43:02
 
======== Data =======
Training set: 8551 examples
Validation set: 1043 examples
Test set: 1043 examples
 
======= Parameters =======
Learning Rate: 0.000020
Batch Size: 32
Epochs: 1000
Patience: 20
Stages per Epoch: 2
Embedding: 100004 x 217
Number of layers: 1
Hidden Size: 256
Encoder Size: 528
Resume: True
 
======= Model =======
LinearClassifierWithEncoder(
  (model): LinearClassifier(
    (dropout): Dropout(p=0.5)
    (enc2h): Linear(in_features=1056, out_features=256, bias=True)
    (h20): Linear(in_features=256, out_features=1, bias=True)
    (sigmoid): Sigmoid()
    (tanh): Tanh()
    (softmax): Softmax()
  )
  (encoder): LSTMPoolingClassifierWithELMo(
    (elmo): ELMOClassifier(
      (lm): LSTMLanguageModel(
        (dropout): Dropout(p=0.2)
        (embedding): Embedding(100003, 217)
        (lstm): LSTM(217, 891, num_layers=2, dropout=0.2)
        (fc): Linear(in_features=891, out_features=100003, bias=True)
      )
      (lstms): ModuleList(
        (0): LSTM(217, 891, batch_first=True)
        (1): LSTM(891, 891, batch_first=True)
      )
      (dropout): Dropout(p=0.2)
      (linear_comb): Linear(in_features=2, out_features=1, bias=True)
      (fc1): Linear(in_features=891, out_features=528, bias=True)
      (relu): ReLU()
      (out): Linear(in_features=528, out_features=1, bias=True)
      (sigmoid): Sigmoid()
    )
    (pooling_classifier): LSTMPoolingClassifier(
      (ih2h): LSTM(891, 528, num_layers=3, batch_first=True, dropout=0.2, bidirectional=True)
      (pool2o): Linear(in_features=1056, out_features=1, bias=True)
      (sigmoid): Sigmoid()
      (softmax): Softmax()
      (dropout): Dropout(p=0.2)
    )
  )
)
 
========= Epoch 1 =========
134/268: Matthews 0.23293, Accuracy: 67.59348, Loss: 0.004904301
268/268: Matthews 0.22712, Accuracy: 67.78523, Loss: 0.004734893
 
Best Matthews: 0.23293, Best Accuracy: 67.59348, Best Loss: 0.004904301 at epoch 1
Time Elasped: 00:00:23
========= Epoch 2 =========
134/268: Matthews 0.22665, Accuracy: 66.05944, Loss: 0.004619978
268/268: Matthews 0.22346, Accuracy: 66.53883, Loss: 0.004564475
 
Best Matthews: 0.23293, Best Accuracy: 67.59348, Best Loss: 0.004904301 at epoch 1
Time Elasped: 00:00:38
========= Epoch 3 =========
134/268: Matthews 0.23188, Accuracy: 65.86769, Loss: 0.004528514
268/268: Matthews 0.23284, Accuracy: 67.11409, Loss: 0.004478644
 
Best Matthews: 0.23293, Best Accuracy: 67.59348, Best Loss: 0.004904301 at epoch 1
Time Elasped: 00:00:53
========= Epoch 4 =========
134/268: Matthews 0.23636, Accuracy: 66.92234, Loss: 0.004449655
268/268: Matthews 0.24859, Accuracy: 66.05944, Loss: 0.004444861
 
Best Matthews: 0.24859, Best Accuracy: 66.05944, Best Loss: 0.004444861 at epoch 4
Time Elasped: 00:01:12
========= Epoch 5 =========
134/268: Matthews 0.25273, Accuracy: 66.05944, Loss: 0.004428865
268/268: Matthews 0.24572, Accuracy: 67.49760, Loss: 0.004365807
 
Best Matthews: 0.25273, Best Accuracy: 66.05944, Best Loss: 0.004428865 at epoch 5
Time Elasped: 00:01:29
========= Epoch 6 =========
134/268: Matthews 0.26019, Accuracy: 67.49760, Loss: 0.004338881
268/268: Matthews 0.26212, Accuracy: 67.11409, Loss: 0.004336716
 
Best Matthews: 0.26212, Best Accuracy: 67.11409, Best Loss: 0.004336716 at epoch 6
Time Elasped: 00:01:48
========= Epoch 7 =========
134/268: Matthews 0.25840, Accuracy: 68.26462, Loss: 0.004296333
268/268: Matthews 0.26295, Accuracy: 66.73058, Loss: 0.004311281
 
Best Matthews: 0.26295, Best Accuracy: 66.73058, Best Loss: 0.004311281 at epoch 7
Time Elasped: 00:02:05
========= Epoch 8 =========
134/268: Matthews 0.27496, Accuracy: 67.59348, Loss: 0.004288454
268/268: Matthews 0.26457, Accuracy: 67.68936, Loss: 0.004289638
 
Best Matthews: 0.27496, Best Accuracy: 67.59348, Best Loss: 0.004288454 at epoch 8
Time Elasped: 00:02:21
========= Epoch 9 =========
134/268: Matthews 0.27213, Accuracy: 67.49760, Loss: 0.004315576
268/268: Matthews 0.27291, Accuracy: 67.11409, Loss: 0.004276077
 
Best Matthews: 0.27496, Best Accuracy: 67.59348, Best Loss: 0.004288454 at epoch 8
Time Elasped: 00:02:37
========= Epoch 10 =========
134/268: Matthews 0.26681, Accuracy: 67.49760, Loss: 0.004270745
268/268: Matthews 0.27048, Accuracy: 67.97699, Loss: 0.004254666
 
Best Matthews: 0.27496, Best Accuracy: 67.59348, Best Loss: 0.004288454 at epoch 8
Time Elasped: 00:02:52
========= Epoch 11 =========
134/268: Matthews 0.26764, Accuracy: 67.20997, Loss: 0.004268911
268/268: Matthews 0.26537, Accuracy: 66.34708, Loss: 0.004258684
 
Best Matthews: 0.27496, Best Accuracy: 67.59348, Best Loss: 0.004288454 at epoch 8
Time Elasped: 00:03:07
========= Epoch 12 =========
134/268: Matthews 0.26254, Accuracy: 66.25120, Loss: 0.004256900
268/268: Matthews 0.27008, Accuracy: 67.01822, Loss: 0.004252478
 
Best Matthews: 0.27496, Best Accuracy: 67.59348, Best Loss: 0.004288454 at epoch 8
Time Elasped: 00:03:22
========= Epoch 13 =========
134/268: Matthews 0.26833, Accuracy: 66.63471, Loss: 0.004249640
268/268: Matthews 0.27646, Accuracy: 67.68936, Loss: 0.004239671
 
Best Matthews: 0.27646, Best Accuracy: 67.68936, Best Loss: 0.004239671 at epoch 13
Time Elasped: 00:03:38
========= Epoch 14 =========
134/268: Matthews 0.27551, Accuracy: 67.88111, Loss: 0.004229278
268/268: Matthews 0.26537, Accuracy: 66.34708, Loss: 0.004235109
 
Best Matthews: 0.27646, Best Accuracy: 67.68936, Best Loss: 0.004239671 at epoch 13
Time Elasped: 00:03:53
========= Epoch 15 =========
134/268: Matthews 0.27629, Accuracy: 67.59348, Loss: 0.004213642
268/268: Matthews 0.26675, Accuracy: 66.34708, Loss: 0.004247355
 
Best Matthews: 0.27646, Best Accuracy: 67.68936, Best Loss: 0.004239671 at epoch 13
Time Elasped: 00:04:08
========= Epoch 16 =========
134/268: Matthews 0.28418, Accuracy: 68.74401, Loss: 0.004221257
268/268: Matthews 0.27390, Accuracy: 66.73058, Loss: 0.004254581
 
Best Matthews: 0.28418, Best Accuracy: 68.74401, Best Loss: 0.004221257 at epoch 16
Time Elasped: 00:04:25
========= Epoch 17 =========
134/268: Matthews 0.28467, Accuracy: 68.45638, Loss: 0.004229689
268/268: Matthews 0.26537, Accuracy: 66.34708, Loss: 0.004228246
 
Best Matthews: 0.28467, Best Accuracy: 68.45638, Best Loss: 0.004229689 at epoch 17
Time Elasped: 00:04:42
========= Epoch 18 =========
134/268: Matthews 0.27912, Accuracy: 67.68936, Loss: 0.004202254
268/268: Matthews 0.28126, Accuracy: 67.30585, Loss: 0.004240440
 
Best Matthews: 0.28467, Best Accuracy: 68.45638, Best Loss: 0.004229689 at epoch 17
Time Elasped: 00:04:57
========= Epoch 19 =========
134/268: Matthews 0.27316, Accuracy: 67.30585, Loss: 0.004234454
268/268: Matthews 0.28285, Accuracy: 67.49760, Loss: 0.004228707
 
Best Matthews: 0.28467, Best Accuracy: 68.45638, Best Loss: 0.004229689 at epoch 17
Time Elasped: 00:05:12
========= Epoch 20 =========
134/268: Matthews 0.28117, Accuracy: 68.07287, Loss: 0.004201799
268/268: Matthews 0.28362, Accuracy: 66.82646, Loss: 0.004249632
 
Best Matthews: 0.28467, Best Accuracy: 68.45638, Best Loss: 0.004229689 at epoch 17
Time Elasped: 00:05:27
========= Epoch 21 =========
134/268: Matthews 0.28312, Accuracy: 67.68936, Loss: 0.004226331
268/268: Matthews 0.28531, Accuracy: 68.16874, Loss: 0.004214247
 
Best Matthews: 0.28531, Best Accuracy: 68.16874, Best Loss: 0.004214247 at epoch 21
Time Elasped: 00:05:44
========= Epoch 22 =========
134/268: Matthews 0.27573, Accuracy: 67.20997, Loss: 0.004220282
268/268: Matthews 0.28079, Accuracy: 67.88111, Loss: 0.004220993
 
Best Matthews: 0.28531, Best Accuracy: 68.16874, Best Loss: 0.004214247 at epoch 21
Time Elasped: 00:05:59
========= Epoch 23 =========
134/268: Matthews 0.28016, Accuracy: 67.49760, Loss: 0.004251511
268/268: Matthews 0.27426, Accuracy: 67.11409, Loss: 0.004243614
 
Best Matthews: 0.28531, Best Accuracy: 68.16874, Best Loss: 0.004214247 at epoch 21
Time Elasped: 00:06:14
========= Epoch 24 =========
134/268: Matthews 0.28690, Accuracy: 67.49760, Loss: 0.004265036
268/268: Matthews 0.27280, Accuracy: 67.01822, Loss: 0.004249351
 
Best Matthews: 0.28690, Best Accuracy: 67.49760, Best Loss: 0.004265036 at epoch 24
Time Elasped: 00:06:31
========= Epoch 25 =========
134/268: Matthews 0.28361, Accuracy: 67.97699, Loss: 0.004236765
268/268: Matthews 0.27855, Accuracy: 67.30585, Loss: 0.004243592
 
Best Matthews: 0.28690, Best Accuracy: 67.49760, Best Loss: 0.004265036 at epoch 24
Time Elasped: 00:06:46
========= Epoch 26 =========
134/268: Matthews 0.27552, Accuracy: 67.01822, Loss: 0.004254742
268/268: Matthews 0.27709, Accuracy: 67.20997, Loss: 0.004254848
 
Best Matthews: 0.28690, Best Accuracy: 67.49760, Best Loss: 0.004265036 at epoch 24
Time Elasped: 00:07:02
========= Epoch 27 =========
134/268: Matthews 0.28061, Accuracy: 67.78523, Loss: 0.004269469
268/268: Matthews 0.29903, Accuracy: 67.20997, Loss: 0.004282741
 
Best Matthews: 0.29903, Best Accuracy: 67.20997, Best Loss: 0.004282741 at epoch 27
Time Elasped: 00:07:18
========= Epoch 28 =========
134/268: Matthews 0.28945, Accuracy: 68.26462, Loss: 0.004234977
268/268: Matthews 0.27896, Accuracy: 67.59348, Loss: 0.004265850
 
Best Matthews: 0.29903, Best Accuracy: 67.20997, Best Loss: 0.004282741 at epoch 27
Time Elasped: 00:07:33
========= Epoch 29 =========
134/268: Matthews 0.27573, Accuracy: 67.20997, Loss: 0.004269090
268/268: Matthews 0.27698, Accuracy: 67.11409, Loss: 0.004263519
 
Best Matthews: 0.29903, Best Accuracy: 67.20997, Best Loss: 0.004282741 at epoch 27
Time Elasped: 00:07:49
========= Epoch 30 =========
134/268: Matthews 0.27709, Accuracy: 67.20997, Loss: 0.004264649
268/268: Matthews 0.30049, Accuracy: 67.40173, Loss: 0.004274300
 
Best Matthews: 0.30049, Best Accuracy: 67.40173, Best Loss: 0.004274300 at epoch 30
Time Elasped: 00:08:06
========= Epoch 31 =========
134/268: Matthews 0.29088, Accuracy: 67.40173, Loss: 0.004280826
268/268: Matthews 0.28327, Accuracy: 67.78523, Loss: 0.004278233
 
Best Matthews: 0.30049, Best Accuracy: 67.40173, Best Loss: 0.004274300 at epoch 30
Time Elasped: 00:08:21
========= Epoch 32 =========
134/268: Matthews 0.27261, Accuracy: 66.82646, Loss: 0.004298521
268/268: Matthews 0.27573, Accuracy: 67.20997, Loss: 0.004286867
 
Best Matthews: 0.30049, Best Accuracy: 67.40173, Best Loss: 0.004274300 at epoch 30
Time Elasped: 00:08:36
========= Epoch 33 =========
134/268: Matthews 0.28107, Accuracy: 67.11409, Loss: 0.004295806
268/268: Matthews 0.28531, Accuracy: 68.16874, Loss: 0.004263064
 
Best Matthews: 0.30049, Best Accuracy: 67.40173, Best Loss: 0.004274300 at epoch 30
Time Elasped: 00:08:51
========= Epoch 34 =========
134/268: Matthews 0.28361, Accuracy: 67.97699, Loss: 0.004270801
268/268: Matthews 0.27585, Accuracy: 67.30585, Loss: 0.004278463
 
Best Matthews: 0.30049, Best Accuracy: 67.40173, Best Loss: 0.004274300 at epoch 30
Time Elasped: 00:09:06
========= Epoch 35 =========
134/268: Matthews 0.30335, Accuracy: 67.59348, Loss: 0.004289483
268/268: Matthews 0.28512, Accuracy: 68.07287, Loss: 0.004256200
 
Best Matthews: 0.30335, Best Accuracy: 67.59348, Best Loss: 0.004289483 at epoch 35
Time Elasped: 00:09:23
========= Epoch 36 =========
134/268: Matthews 0.27698, Accuracy: 67.11409, Loss: 0.004283160
268/268: Matthews 0.28951, Accuracy: 67.40173, Loss: 0.004283327
 
Best Matthews: 0.30335, Best Accuracy: 67.59348, Best Loss: 0.004289483 at epoch 35
Time Elasped: 00:09:38
========= Epoch 37 =========
134/268: Matthews 0.29523, Accuracy: 67.68936, Loss: 0.004291881
268/268: Matthews 0.28126, Accuracy: 67.30585, Loss: 0.004264159
 
Best Matthews: 0.30335, Best Accuracy: 67.59348, Best Loss: 0.004289483 at epoch 35
Time Elasped: 00:09:53
========= Epoch 38 =========
134/268: Matthews 0.29118, Accuracy: 67.68936, Loss: 0.004293499
268/268: Matthews 0.29917, Accuracy: 67.49760, Loss: 0.004265292
 
Best Matthews: 0.30335, Best Accuracy: 67.59348, Best Loss: 0.004289483 at epoch 35
Time Elasped: 00:10:09
========= Epoch 39 =========
134/268: Matthews 0.28419, Accuracy: 67.49760, Loss: 0.004279237
268/268: Matthews 0.27855, Accuracy: 68.07287, Loss: 0.004263895
 
Best Matthews: 0.30335, Best Accuracy: 67.59348, Best Loss: 0.004289483 at epoch 35
Time Elasped: 00:10:24
========= Epoch 40 =========
134/268: Matthews 0.28971, Accuracy: 67.59348, Loss: 0.004274048
268/268: Matthews 0.29760, Accuracy: 67.01822, Loss: 0.004292643
 
Best Matthews: 0.30335, Best Accuracy: 67.59348, Best Loss: 0.004289483 at epoch 35
Time Elasped: 00:10:39
========= Epoch 41 =========
134/268: Matthews 0.30335, Accuracy: 67.59348, Loss: 0.004315821
268/268: Matthews 0.27513, Accuracy: 67.68936, Loss: 0.004261930
 
Best Matthews: 0.30335, Best Accuracy: 67.59348, Best Loss: 0.004289483 at epoch 35
Time Elasped: 00:10:54
========= Epoch 42 =========
134/268: Matthews 0.28003, Accuracy: 67.40173, Loss: 0.004306197
268/268: Matthews 0.29779, Accuracy: 67.49760, Loss: 0.004298720
 
Best Matthews: 0.30335, Best Accuracy: 67.59348, Best Loss: 0.004289483 at epoch 35
Time Elasped: 00:11:09
========= Epoch 43 =========
134/268: Matthews 0.29768, Accuracy: 67.30585, Loss: 0.004322798
268/268: Matthews 0.27416, Accuracy: 67.01822, Loss: 0.004272871
 
Best Matthews: 0.30335, Best Accuracy: 67.59348, Best Loss: 0.004289483 at epoch 35
Time Elasped: 00:11:24
========= Epoch 44 =========
134/268: Matthews 0.29337, Accuracy: 66.73058, Loss: 0.004299945
268/268: Matthews 0.27097, Accuracy: 67.59348, Loss: 0.004287388
 
Best Matthews: 0.30335, Best Accuracy: 67.59348, Best Loss: 0.004289483 at epoch 35
Time Elasped: 00:11:39
========= Epoch 45 =========
134/268: Matthews 0.28380, Accuracy: 67.11409, Loss: 0.004312507
268/268: Matthews 0.27834, Accuracy: 67.11409, Loss: 0.004303366
 
Best Matthews: 0.30335, Best Accuracy: 67.59348, Best Loss: 0.004289483 at epoch 35
Time Elasped: 00:11:54
========= Epoch 46 =========
134/268: Matthews 0.29761, Accuracy: 66.73058, Loss: 0.004321406
268/268: Matthews 0.27419, Accuracy: 67.88111, Loss: 0.004272560
 
Best Matthews: 0.30335, Best Accuracy: 67.59348, Best Loss: 0.004289483 at epoch 35
Time Elasped: 00:12:10
========= Epoch 47 =========
134/268: Matthews 0.29341, Accuracy: 67.01822, Loss: 0.004319855
268/268: Matthews 0.26663, Accuracy: 67.40173, Loss: 0.004316211
 
Best Matthews: 0.30335, Best Accuracy: 67.59348, Best Loss: 0.004289483 at epoch 35
Time Elasped: 00:12:25
========= Epoch 48 =========
134/268: Matthews 0.30040, Accuracy: 67.01822, Loss: 0.004337344
268/268: Matthews 0.29630, Accuracy: 69.70278, Loss: 0.004291201
 
Best Matthews: 0.30335, Best Accuracy: 67.59348, Best Loss: 0.004289483 at epoch 35
Time Elasped: 00:12:40
========= Epoch 49 =========
134/268: Matthews 0.29628, Accuracy: 66.44295, Loss: 0.004344765
268/268: Matthews 0.26212, Accuracy: 67.11409, Loss: 0.004308102
 
Best Matthews: 0.30335, Best Accuracy: 67.59348, Best Loss: 0.004289483 at epoch 35
Time Elasped: 00:12:55
========= Epoch 50 =========
134/268: Matthews 0.27522, Accuracy: 66.63471, Loss: 0.004361036
268/268: Matthews 0.29345, Accuracy: 67.11409, Loss: 0.004342313
 
Best Matthews: 0.30335, Best Accuracy: 67.59348, Best Loss: 0.004289483 at epoch 35
Time Elasped: 00:13:10
========= Epoch 51 =========
134/268: Matthews 0.26984, Accuracy: 67.68936, Loss: 0.004289836
268/268: Matthews 0.27008, Accuracy: 67.01822, Loss: 0.004314158
 
Best Matthews: 0.30335, Best Accuracy: 67.59348, Best Loss: 0.004289483 at epoch 35
Time Elasped: 00:13:25
========= Epoch 52 =========
134/268: Matthews 0.29217, Accuracy: 67.30585, Loss: 0.004348788
268/268: Matthews 0.28925, Accuracy: 67.01822, Loss: 0.004320292
 
Best Matthews: 0.30335, Best Accuracy: 67.59348, Best Loss: 0.004289483 at epoch 35
Time Elasped: 00:13:40
========= Epoch 53 =========
134/268: Matthews 0.27552, Accuracy: 67.01822, Loss: 0.004326019
268/268: Matthews 0.27804, Accuracy: 66.73058, Loss: 0.004339449
 
Best Matthews: 0.30335, Best Accuracy: 67.59348, Best Loss: 0.004289483 at epoch 35
Time Elasped: 00:13:55
========= Epoch 54 =========
134/268: Matthews 0.28662, Accuracy: 67.20997, Loss: 0.004334039
268/268: Matthews 0.28085, Accuracy: 66.82646, Loss: 0.004341531
 
Best Matthews: 0.30335, Best Accuracy: 67.59348, Best Loss: 0.004289483 at epoch 35
Time Elasped: 00:14:10
========= Epoch 55 =========
134/268: Matthews 0.28209, Accuracy: 68.45638, Loss: 0.004352699
268/268: Matthews 0.30749, Accuracy: 66.92234, Loss: 0.004369395
 
Best Matthews: 0.30749, Best Accuracy: 66.92234, Best Loss: 0.004369395 at epoch 55
Time Elasped: 00:14:27
========= Epoch 56 =========
134/268: Matthews 0.27079, Accuracy: 67.49760, Loss: 0.004316938
268/268: Matthews 0.28085, Accuracy: 66.82646, Loss: 0.004367929
 
Best Matthews: 0.30749, Best Accuracy: 66.92234, Best Loss: 0.004369395 at epoch 55
Time Elasped: 00:14:42
========= Epoch 57 =========
134/268: Matthews 0.31166, Accuracy: 67.20997, Loss: 0.004357497
268/268: Matthews 0.27980, Accuracy: 67.20997, Loss: 0.004376929
 
Best Matthews: 0.31166, Best Accuracy: 67.20997, Best Loss: 0.004357497 at epoch 57
Time Elasped: 00:14:59
========= Epoch 58 =========
134/268: Matthews 0.27810, Accuracy: 66.82646, Loss: 0.004334366
268/268: Matthews 0.27688, Accuracy: 67.01822, Loss: 0.004373942
 
Best Matthews: 0.31166, Best Accuracy: 67.20997, Best Loss: 0.004357497 at epoch 57
Time Elasped: 00:15:14
========= Epoch 59 =========
134/268: Matthews 0.26873, Accuracy: 67.01822, Loss: 0.004380154
268/268: Matthews 0.30468, Accuracy: 66.82646, Loss: 0.004402695
 
Best Matthews: 0.31166, Best Accuracy: 67.20997, Best Loss: 0.004357497 at epoch 57
Time Elasped: 00:15:29
========= Epoch 60 =========
134/268: Matthews 0.28116, Accuracy: 67.20997, Loss: 0.004398547
268/268: Matthews 0.27799, Accuracy: 66.63471, Loss: 0.004361067
 
Best Matthews: 0.31166, Best Accuracy: 67.20997, Best Loss: 0.004357497 at epoch 57
Time Elasped: 00:15:44
========= Epoch 61 =========
134/268: Matthews 0.26826, Accuracy: 66.53883, Loss: 0.004348926
268/268: Matthews 0.32028, Accuracy: 67.11409, Loss: 0.004437733
 
Best Matthews: 0.32028, Best Accuracy: 67.11409, Best Loss: 0.004437733 at epoch 61
Time Elasped: 00:16:01
========= Epoch 62 =========
134/268: Matthews 0.29362, Accuracy: 69.31927, Loss: 0.004362564
268/268: Matthews 0.27384, Accuracy: 66.63471, Loss: 0.004426003
 
Best Matthews: 0.32028, Best Accuracy: 67.11409, Best Loss: 0.004437733 at epoch 61
Time Elasped: 00:16:16
========= Epoch 63 =========
134/268: Matthews 0.27688, Accuracy: 67.01822, Loss: 0.004441545
268/268: Matthews 0.26681, Accuracy: 66.44295, Loss: 0.004422993
 
Best Matthews: 0.32028, Best Accuracy: 67.11409, Best Loss: 0.004437733 at epoch 61
Time Elasped: 00:16:31
========= Epoch 64 =========
134/268: Matthews 0.29626, Accuracy: 67.20997, Loss: 0.004429390
268/268: Matthews 0.29917, Accuracy: 67.49760, Loss: 0.004420326
 
Best Matthews: 0.32028, Best Accuracy: 67.11409, Best Loss: 0.004437733 at epoch 61
Time Elasped: 00:16:46
========= Epoch 65 =========
134/268: Matthews 0.28097, Accuracy: 67.97699, Loss: 0.004394974
268/268: Matthews 0.32427, Accuracy: 67.97699, Loss: 0.004445365
 
Best Matthews: 0.32427, Best Accuracy: 67.97699, Best Loss: 0.004445365 at epoch 65
Time Elasped: 00:17:03
========= Epoch 66 =========
134/268: Matthews 0.27280, Accuracy: 67.01822, Loss: 0.004410845
268/268: Matthews 0.27406, Accuracy: 66.92234, Loss: 0.004413175
 
Best Matthews: 0.32427, Best Accuracy: 67.97699, Best Loss: 0.004445365 at epoch 65
Time Elasped: 00:17:18
========= Epoch 67 =========
134/268: Matthews 0.27316, Accuracy: 67.30585, Loss: 0.004426697
268/268: Matthews 0.28161, Accuracy: 68.26462, Loss: 0.004414268
 
Best Matthews: 0.32427, Best Accuracy: 67.97699, Best Loss: 0.004445365 at epoch 65
Time Elasped: 00:17:33
========= Epoch 68 =========
134/268: Matthews 0.27720, Accuracy: 67.30585, Loss: 0.004383707
268/268: Matthews 0.28327, Accuracy: 67.78523, Loss: 0.004444536
 
Best Matthews: 0.32427, Best Accuracy: 67.97699, Best Loss: 0.004445365 at epoch 65
Time Elasped: 00:17:48
========= Epoch 69 =========
134/268: Matthews 0.28670, Accuracy: 67.30585, Loss: 0.004436629
268/268: Matthews 0.31164, Accuracy: 67.30585, Loss: 0.004474517
 
Best Matthews: 0.32427, Best Accuracy: 67.97699, Best Loss: 0.004445365 at epoch 65
Time Elasped: 00:18:04
========= Epoch 70 =========
134/268: Matthews 0.28030, Accuracy: 67.59348, Loss: 0.004442687
268/268: Matthews 0.28936, Accuracy: 67.20997, Loss: 0.004415708
 
Best Matthews: 0.32427, Best Accuracy: 67.97699, Best Loss: 0.004445365 at epoch 65
Time Elasped: 00:18:19
========= Epoch 71 =========
134/268: Matthews 0.27426, Accuracy: 67.11409, Loss: 0.004408778
268/268: Matthews 0.31445, Accuracy: 67.40173, Loss: 0.004442376
 
Best Matthews: 0.32427, Best Accuracy: 67.97699, Best Loss: 0.004445365 at epoch 65
Time Elasped: 00:18:34
========= Epoch 72 =========
134/268: Matthews 0.27698, Accuracy: 67.11409, Loss: 0.004422595
268/268: Matthews 0.28249, Accuracy: 68.07287, Loss: 0.004412756
 
Best Matthews: 0.32427, Best Accuracy: 67.97699, Best Loss: 0.004445365 at epoch 65
Time Elasped: 00:18:49
========= Epoch 73 =========
134/268: Matthews 0.32297, Accuracy: 67.40173, Loss: 0.004463625
268/268: Matthews 0.32054, Accuracy: 66.82646, Loss: 0.004482004
 
Best Matthews: 0.32427, Best Accuracy: 67.97699, Best Loss: 0.004445365 at epoch 65
Time Elasped: 00:19:04
========= Epoch 74 =========
134/268: Matthews 0.28518, Accuracy: 68.64813, Loss: 0.004384934
268/268: Matthews 0.29514, Accuracy: 67.59348, Loss: 0.004451636
 
Best Matthews: 0.32427, Best Accuracy: 67.97699, Best Loss: 0.004445365 at epoch 65
Time Elasped: 00:19:19
========= Epoch 75 =========
134/268: Matthews 0.27629, Accuracy: 67.59348, Loss: 0.004403483
268/268: Matthews 0.27599, Accuracy: 67.40173, Loss: 0.004414506
 
Best Matthews: 0.32427, Best Accuracy: 67.97699, Best Loss: 0.004445365 at epoch 65
Time Elasped: 00:19:34
========= Epoch 76 =========
134/268: Matthews 0.29636, Accuracy: 67.40173, Loss: 0.004397716
268/268: Matthews 0.30045, Accuracy: 67.30585, Loss: 0.004421122
 
Best Matthews: 0.32427, Best Accuracy: 67.97699, Best Loss: 0.004445365 at epoch 65
Time Elasped: 00:19:49
========= Epoch 77 =========
134/268: Matthews 0.31027, Accuracy: 67.11409, Loss: 0.004386203
268/268: Matthews 0.29514, Accuracy: 67.59348, Loss: 0.004396824
 
Best Matthews: 0.32427, Best Accuracy: 67.97699, Best Loss: 0.004445365 at epoch 65
Time Elasped: 00:20:04
========= Epoch 78 =========
134/268: Matthews 0.28285, Accuracy: 67.49760, Loss: 0.004391837
268/268: Matthews 0.29773, Accuracy: 67.40173, Loss: 0.004407959
 
Best Matthews: 0.32427, Best Accuracy: 67.97699, Best Loss: 0.004445365 at epoch 65
Time Elasped: 00:20:20
========= Epoch 79 =========
134/268: Matthews 0.29106, Accuracy: 67.59348, Loss: 0.004415682
268/268: Matthews 0.27008, Accuracy: 67.01822, Loss: 0.004379870
 
Best Matthews: 0.32427, Best Accuracy: 67.97699, Best Loss: 0.004445365 at epoch 65
Time Elasped: 00:20:35
========= Epoch 80 =========
134/268: Matthews 0.31034, Accuracy: 66.92234, Loss: 0.004397340
268/268: Matthews 0.27303, Accuracy: 67.20997, Loss: 0.004378583
 
Best Matthews: 0.32427, Best Accuracy: 67.97699, Best Loss: 0.004445365 at epoch 65
Time Elasped: 00:20:50
========= Epoch 81 =========
134/268: Matthews 0.27646, Accuracy: 67.68936, Loss: 0.004454783
268/268: Matthews 0.27513, Accuracy: 67.68936, Loss: 0.004346484
 
Best Matthews: 0.32427, Best Accuracy: 67.97699, Best Loss: 0.004445365 at epoch 65
Time Elasped: 00:21:05
========= Epoch 82 =========
134/268: Matthews 0.30602, Accuracy: 67.20997, Loss: 0.004419660
268/268: Matthews 0.29950, Accuracy: 67.88111, Loss: 0.004403927
 
Best Matthews: 0.32427, Best Accuracy: 67.97699, Best Loss: 0.004445365 at epoch 65
Time Elasped: 00:21:20
========= Epoch 83 =========
134/268: Matthews 0.29669, Accuracy: 67.78523, Loss: 0.004445182
268/268: Matthews 0.28164, Accuracy: 67.59348, Loss: 0.004390180
 
Best Matthews: 0.32427, Best Accuracy: 67.97699, Best Loss: 0.004445365 at epoch 65
Time Elasped: 00:21:35
========= Epoch 84 =========
134/268: Matthews 0.30478, Accuracy: 67.68936, Loss: 0.004423461
268/268: Matthews 0.30465, Accuracy: 67.40173, Loss: 0.004400913
 
Best Matthews: 0.32427, Best Accuracy: 67.97699, Best Loss: 0.004445365 at epoch 65
Time Elasped: 00:21:50
========= Epoch 85 =========
134/268: Matthews 0.28742, Accuracy: 67.88111, Loss: 0.004388107
268/268: Matthews 0.32372, Accuracy: 66.63471, Loss: 0.004488335
 
Best Matthews: 0.32427, Best Accuracy: 67.97699, Best Loss: 0.004445365 at epoch 65
Time Elasped: 00:22:06
========= Epoch 86 =========
Early Stopping activated
 
Best Matthews: 0.32427, Best Accuracy: 67.97699, Best Loss: 0.004445365 at epoch 65
Time Elasped: 00:22:15
Test Set:
0/0: Matthews 0.32427, Accuracy: 67.97699, Loss: 0.004445365
