Namespace(batch_size=32, buffer_size=1, by_source=False, crop_pad_length=30, data='./acceptability_corpus/verb_classes/inchoative', data_type='discriminator', dropout=0.5, embedding='glove.6B.300d', embedding_path='/scratch/asw462/models/elmo_encoder/elmo.emb', embedding_size=217, encoder_num_layers=2, encoder_path='/scratch/asw462/models/elmo_encoder/elmo.pth', encoding_size=528, encoding_type='lstm_pooling_classifier', epochs=1000, evaluate_train=False, experiment_name='experiment_linear_classifier_h_97_l_4_lr_0.0001_e_217_do_0.5', glove=False, gpu=True, hidden_size=97, imbalance=True, learning_rate=0.00014, lm_path=None, logs_dir='/scratch/asw462/logs/verb_classes/inchoative', max_pool=False, model='linear_classifier', num_layers=4, output_dir='/scratch/asw462/logs/verb_classes/outputs/inchoative', patience=20, preprocess_tokenizer='space', prints_per_stage=1, resume=True, resume_file=None, save_loc='/scratch/asw462/models/verb_classes/inchoative', seed=1111, should_not_log=False, should_not_lowercase=False, should_not_preprocess_data=False, stages_per_epoch=2, train_embeddings=False, train_evaluate_interval=10, vocab_file='/scratch/asw462/data/vocab_100k.tsv')
======== General =======
Model: linear_classifier
GPU: True
Experiment Name: experiment_linear_classifier_h_97_l_4_lr_0.0001_e_217_do_0.5
Save location: /scratch/asw462/models/verb_classes/inchoative
Logs dir: /scratch/asw462/logs/verb_classes/inchoative
Timestamp: 2018/08/02 04:48:31
 
======== Data =======
Training set: 550 examples
Validation set: 144 examples
Test set: 474 examples
 
======= Parameters =======
Learning Rate: 0.000140
Batch Size: 32
Epochs: 1000
Patience: 20
Stages per Epoch: 2
Embedding: 100004 x 217
Number of layers: 4
Hidden Size: 97
Encoder Size: 528
Resume: True
 
======= Model =======
LinearClassifierWithEncoder(
  (model): LinearClassifier(
    (dropout): Dropout(p=0.5)
    (enc2h): Linear(in_features=1056, out_features=97, bias=True)
    (h20): Linear(in_features=97, out_features=1, bias=True)
    (sigmoid): Sigmoid()
    (tanh): Tanh()
    (softmax): Softmax()
  )
  (encoder): LSTMPoolingClassifierWithELMo(
    (elmo): ELMOClassifier(
      (lm): LSTMLanguageModel(
        (dropout): Dropout(p=0.2)
        (embedding): Embedding(100003, 217)
        (lstm): LSTM(217, 891, num_layers=2, dropout=0.2)
        (fc): Linear(in_features=891, out_features=100003, bias=True)
      )
      (lstms): ModuleList(
        (0): LSTM(217, 891, batch_first=True)
        (1): LSTM(891, 891, batch_first=True)
      )
      (dropout): Dropout(p=0.2)
      (linear_comb): Linear(in_features=2, out_features=1, bias=True)
      (fc1): Linear(in_features=891, out_features=528, bias=True)
      (relu): ReLU()
      (out): Linear(in_features=528, out_features=1, bias=True)
      (sigmoid): Sigmoid()
    )
    (pooling_classifier): LSTMPoolingClassifier(
      (ih2h): LSTM(891, 528, num_layers=3, batch_first=True, dropout=0.2, bidirectional=True)
      (pool2o): Linear(in_features=1056, out_features=1, bias=True)
      (sigmoid): Sigmoid()
      (softmax): Softmax()
      (dropout): Dropout(p=0.2)
    )
  )
)
 
========= Epoch 1 =========
9/18: Matthews 0.35175, Accuracy: 79.86111, Loss: 0.031722695
18/18: Matthews 0.34956, Accuracy: 78.47222, Loss: 0.027364661
 
Best Matthews: 0.35175, Best Accuracy: 79.86111, Best Loss: 0.031722695 at epoch 1
Time Elasped: 00:00:08
========= Epoch 2 =========
9/18: Matthews 0.38143, Accuracy: 79.16667, Loss: 0.024363529
18/18: Matthews 0.40182, Accuracy: 79.16667, Loss: 0.021982122
 
Best Matthews: 0.40182, Best Accuracy: 79.16667, Best Loss: 0.021982122 at epoch 2
Time Elasped: 00:00:12
========= Epoch 3 =========
9/18: Matthews 0.40147, Accuracy: 77.77778, Loss: 0.020125926
18/18: Matthews 0.40147, Accuracy: 77.77778, Loss: 0.018528985
 
Best Matthews: 0.40182, Best Accuracy: 79.16667, Best Loss: 0.021982122 at epoch 2
Time Elasped: 00:00:13
========= Epoch 4 =========
9/18: Matthews 0.45218, Accuracy: 78.47222, Loss: 0.017590814
18/18: Matthews 0.43308, Accuracy: 77.08333, Loss: 0.016637502
 
Best Matthews: 0.45218, Best Accuracy: 78.47222, Best Loss: 0.017590814 at epoch 4
Time Elasped: 00:00:16
========= Epoch 5 =========
9/18: Matthews 0.42414, Accuracy: 72.91667, Loss: 0.015984562
18/18: Matthews 0.45698, Accuracy: 75.69444, Loss: 0.015366758
 
Best Matthews: 0.45698, Best Accuracy: 75.69444, Best Loss: 0.015366758 at epoch 5
Time Elasped: 00:00:19
========= Epoch 6 =========
9/18: Matthews 0.39740, Accuracy: 74.30556, Loss: 0.014602777
18/18: Matthews 0.44853, Accuracy: 75.00000, Loss: 0.013942073
 
Best Matthews: 0.45698, Best Accuracy: 75.69444, Best Loss: 0.015366758 at epoch 5
Time Elasped: 00:00:20
========= Epoch 7 =========
9/18: Matthews 0.44024, Accuracy: 74.30556, Loss: 0.014022513
18/18: Matthews 0.44024, Accuracy: 74.30556, Loss: 0.013888771
 
Best Matthews: 0.45698, Best Accuracy: 75.69444, Best Loss: 0.015366758 at epoch 5
Time Elasped: 00:00:21
========= Epoch 8 =========
9/18: Matthews 0.45379, Accuracy: 73.61111, Loss: 0.013404426
18/18: Matthews 0.45379, Accuracy: 73.61111, Loss: 0.013016067
 
Best Matthews: 0.45698, Best Accuracy: 75.69444, Best Loss: 0.015366758 at epoch 5
Time Elasped: 00:00:22
========= Epoch 9 =========
9/18: Matthews 0.45306, Accuracy: 71.52778, Loss: 0.013086845
18/18: Matthews 0.46795, Accuracy: 72.91667, Loss: 0.012948770
 
Best Matthews: 0.46795, Best Accuracy: 72.91667, Best Loss: 0.012948770 at epoch 9
Time Elasped: 00:00:25
========= Epoch 10 =========
9/18: Matthews 0.42414, Accuracy: 72.91667, Loss: 0.013008494
18/18: Matthews 0.45379, Accuracy: 73.61111, Loss: 0.013093827
 
Best Matthews: 0.46795, Best Accuracy: 72.91667, Best Loss: 0.012948770 at epoch 9
Time Elasped: 00:00:26
========= Epoch 11 =========
9/18: Matthews 0.42414, Accuracy: 72.91667, Loss: 0.012654110
18/18: Matthews 0.46175, Accuracy: 74.30556, Loss: 0.012462686
 
Best Matthews: 0.46795, Best Accuracy: 72.91667, Best Loss: 0.012948770 at epoch 9
Time Elasped: 00:00:27
========= Epoch 12 =========
9/18: Matthews 0.44598, Accuracy: 72.91667, Loss: 0.012449966
18/18: Matthews 0.46795, Accuracy: 72.91667, Loss: 0.012295842
 
Best Matthews: 0.46795, Best Accuracy: 72.91667, Best Loss: 0.012948770 at epoch 9
Time Elasped: 00:00:28
========= Epoch 13 =========
9/18: Matthews 0.48336, Accuracy: 74.30556, Loss: 0.012061410
18/18: Matthews 0.49128, Accuracy: 75.00000, Loss: 0.012050851
 
Best Matthews: 0.49128, Best Accuracy: 75.00000, Best Loss: 0.012050851 at epoch 13
Time Elasped: 00:00:33
========= Epoch 14 =========
9/18: Matthews 0.49128, Accuracy: 75.00000, Loss: 0.012475663
18/18: Matthews 0.46795, Accuracy: 72.91667, Loss: 0.012434460
 
Best Matthews: 0.49128, Best Accuracy: 75.00000, Best Loss: 0.012050851 at epoch 13
Time Elasped: 00:00:34
========= Epoch 15 =========
9/18: Matthews 0.43831, Accuracy: 72.22222, Loss: 0.013527349
18/18: Matthews 0.43831, Accuracy: 72.22222, Loss: 0.012800886
 
Best Matthews: 0.49128, Best Accuracy: 75.00000, Best Loss: 0.012050851 at epoch 13
Time Elasped: 00:00:35
========= Epoch 16 =========
9/18: Matthews 0.49128, Accuracy: 75.00000, Loss: 0.011553211
18/18: Matthews 0.49128, Accuracy: 75.00000, Loss: 0.011040310
 
Best Matthews: 0.49128, Best Accuracy: 75.00000, Best Loss: 0.012050851 at epoch 13
Time Elasped: 00:00:36
========= Epoch 17 =========
9/18: Matthews 0.48336, Accuracy: 74.30556, Loss: 0.011101869
18/18: Matthews 0.48336, Accuracy: 74.30556, Loss: 0.010996790
 
Best Matthews: 0.49128, Best Accuracy: 75.00000, Best Loss: 0.012050851 at epoch 13
Time Elasped: 00:00:37
========= Epoch 18 =========
9/18: Matthews 0.44598, Accuracy: 72.91667, Loss: 0.010908653
18/18: Matthews 0.46175, Accuracy: 74.30556, Loss: 0.011611611
 
Best Matthews: 0.49128, Best Accuracy: 75.00000, Best Loss: 0.012050851 at epoch 13
Time Elasped: 00:00:38
========= Epoch 19 =========
9/18: Matthews 0.44598, Accuracy: 72.91667, Loss: 0.011913533
18/18: Matthews 0.45379, Accuracy: 73.61111, Loss: 0.011893960
 
Best Matthews: 0.49128, Best Accuracy: 75.00000, Best Loss: 0.012050851 at epoch 13
Time Elasped: 00:00:39
========= Epoch 20 =========
9/18: Matthews 0.44598, Accuracy: 72.91667, Loss: 0.011150335
18/18: Matthews 0.44598, Accuracy: 72.91667, Loss: 0.010754110
 
Best Matthews: 0.49128, Best Accuracy: 75.00000, Best Loss: 0.012050851 at epoch 13
Time Elasped: 00:00:40
========= Epoch 21 =========
9/18: Matthews 0.48655, Accuracy: 76.38889, Loss: 0.011476068
18/18: Matthews 0.45379, Accuracy: 73.61111, Loss: 0.011583436
 
Best Matthews: 0.49128, Best Accuracy: 75.00000, Best Loss: 0.012050851 at epoch 13
Time Elasped: 00:00:42
========= Epoch 22 =========
9/18: Matthews 0.43076, Accuracy: 71.52778, Loss: 0.011594692
18/18: Matthews 0.46175, Accuracy: 74.30556, Loss: 0.011597931
 
Best Matthews: 0.49128, Best Accuracy: 75.00000, Best Loss: 0.012050851 at epoch 13
Time Elasped: 00:00:43
========= Epoch 23 =========
9/18: Matthews 0.48655, Accuracy: 76.38889, Loss: 0.011553184
18/18: Matthews 0.47811, Accuracy: 75.69444, Loss: 0.011629517
 
Best Matthews: 0.49128, Best Accuracy: 75.00000, Best Loss: 0.012050851 at epoch 13
Time Elasped: 00:00:44
========= Epoch 24 =========
9/18: Matthews 0.46985, Accuracy: 75.00000, Loss: 0.010846677
18/18: Matthews 0.45379, Accuracy: 73.61111, Loss: 0.010077351
 
Best Matthews: 0.49128, Best Accuracy: 75.00000, Best Loss: 0.012050851 at epoch 13
Time Elasped: 00:00:45
========= Epoch 25 =========
9/18: Matthews 0.48655, Accuracy: 76.38889, Loss: 0.010402459
18/18: Matthews 0.49515, Accuracy: 77.08333, Loss: 0.009947436
 
Best Matthews: 0.49515, Best Accuracy: 77.08333, Best Loss: 0.009947436 at epoch 25
Time Elasped: 00:00:48
========= Epoch 26 =========
9/18: Matthews 0.44598, Accuracy: 72.91667, Loss: 0.009525895
18/18: Matthews 0.44598, Accuracy: 72.91667, Loss: 0.009856997
 
Best Matthews: 0.49515, Best Accuracy: 77.08333, Best Loss: 0.009947436 at epoch 25
Time Elasped: 00:00:49
========= Epoch 27 =========
9/18: Matthews 0.49515, Accuracy: 77.08333, Loss: 0.010911376
18/18: Matthews 0.49515, Accuracy: 77.08333, Loss: 0.010397621
 
Best Matthews: 0.49515, Best Accuracy: 77.08333, Best Loss: 0.009947436 at epoch 25
Time Elasped: 00:00:50
========= Epoch 28 =========
9/18: Matthews 0.47811, Accuracy: 75.69444, Loss: 0.008326245
18/18: Matthews 0.48655, Accuracy: 76.38889, Loss: 0.008037500
 
Best Matthews: 0.49515, Best Accuracy: 77.08333, Best Loss: 0.009947436 at epoch 25
Time Elasped: 00:00:51
========= Epoch 29 =========
9/18: Matthews 0.50394, Accuracy: 77.77778, Loss: 0.008763931
18/18: Matthews 0.48655, Accuracy: 76.38889, Loss: 0.008748280
 
Best Matthews: 0.50394, Best Accuracy: 77.77778, Best Loss: 0.008763931 at epoch 29
Time Elasped: 00:00:54
========= Epoch 30 =========
9/18: Matthews 0.49935, Accuracy: 75.69444, Loss: 0.008679519
18/18: Matthews 0.48655, Accuracy: 76.38889, Loss: 0.009114477
 
Best Matthews: 0.50394, Best Accuracy: 77.77778, Best Loss: 0.008763931 at epoch 29
Time Elasped: 00:00:55
========= Epoch 31 =========
9/18: Matthews 0.48655, Accuracy: 76.38889, Loss: 0.009470445
18/18: Matthews 0.49515, Accuracy: 77.08333, Loss: 0.009735027
 
Best Matthews: 0.50394, Best Accuracy: 77.77778, Best Loss: 0.008763931 at epoch 29
Time Elasped: 00:00:56
========= Epoch 32 =========
9/18: Matthews 0.52212, Accuracy: 79.16667, Loss: 0.010454130
18/18: Matthews 0.52456, Accuracy: 77.77778, Loss: 0.010729147
 
Best Matthews: 0.52456, Best Accuracy: 77.77778, Best Loss: 0.010729147 at epoch 32
Time Elasped: 00:01:01
========= Epoch 33 =========
9/18: Matthews 0.56081, Accuracy: 80.55556, Loss: 0.011385530
18/18: Matthews 0.55144, Accuracy: 79.86111, Loss: 0.010921723
 
Best Matthews: 0.56081, Best Accuracy: 80.55556, Best Loss: 0.011385530 at epoch 33
Time Elasped: 00:01:03
========= Epoch 34 =========
9/18: Matthews 0.54228, Accuracy: 79.16667, Loss: 0.010424997
18/18: Matthews 0.54228, Accuracy: 79.16667, Loss: 0.010505892
 
Best Matthews: 0.56081, Best Accuracy: 80.55556, Best Loss: 0.011385530 at epoch 33
Time Elasped: 00:01:04
========= Epoch 35 =========
9/18: Matthews 0.54222, Accuracy: 81.94444, Loss: 0.010833571
18/18: Matthews 0.55104, Accuracy: 81.25000, Loss: 0.010372755
 
Best Matthews: 0.56081, Best Accuracy: 80.55556, Best Loss: 0.011385530 at epoch 33
Time Elasped: 00:01:06
========= Epoch 36 =========
9/18: Matthews 0.54228, Accuracy: 79.16667, Loss: 0.009595309
18/18: Matthews 0.55144, Accuracy: 79.86111, Loss: 0.009770145
 
Best Matthews: 0.56081, Best Accuracy: 80.55556, Best Loss: 0.011385530 at epoch 33
Time Elasped: 00:01:07
========= Epoch 37 =========
9/18: Matthews 0.56081, Accuracy: 80.55556, Loss: 0.009832905
18/18: Matthews 0.55144, Accuracy: 79.86111, Loss: 0.009736564
 
Best Matthews: 0.56081, Best Accuracy: 80.55556, Best Loss: 0.011385530 at epoch 33
Time Elasped: 00:01:08
========= Epoch 38 =========
9/18: Matthews 0.54228, Accuracy: 79.16667, Loss: 0.008541500
18/18: Matthews 0.54228, Accuracy: 79.16667, Loss: 0.008609062
 
Best Matthews: 0.56081, Best Accuracy: 80.55556, Best Loss: 0.011385530 at epoch 33
Time Elasped: 00:01:09
========= Epoch 39 =========
9/18: Matthews 0.53178, Accuracy: 81.25000, Loss: 0.009529822
18/18: Matthews 0.54222, Accuracy: 81.94444, Loss: 0.009070151
 
Best Matthews: 0.56081, Best Accuracy: 80.55556, Best Loss: 0.011385530 at epoch 33
Time Elasped: 00:01:10
========= Epoch 40 =========
9/18: Matthews 0.53178, Accuracy: 81.25000, Loss: 0.008727213
18/18: Matthews 0.56118, Accuracy: 81.94444, Loss: 0.008908090
 
Best Matthews: 0.56118, Best Accuracy: 81.94444, Best Loss: 0.008908090 at epoch 40
Time Elasped: 00:01:13
========= Epoch 41 =========
9/18: Matthews 0.54228, Accuracy: 79.16667, Loss: 0.008834775
18/18: Matthews 0.56118, Accuracy: 81.94444, Loss: 0.008668403
 
Best Matthews: 0.56118, Best Accuracy: 81.94444, Best Loss: 0.008908090 at epoch 40
Time Elasped: 00:01:14
========= Epoch 42 =========
9/18: Matthews 0.57158, Accuracy: 82.63889, Loss: 0.009234387
18/18: Matthews 0.57158, Accuracy: 82.63889, Loss: 0.009205436
 
Best Matthews: 0.57158, Best Accuracy: 82.63889, Best Loss: 0.009234387 at epoch 42
Time Elasped: 00:01:17
========= Epoch 43 =========
9/18: Matthews 0.56397, Accuracy: 83.33333, Loss: 0.009573386
18/18: Matthews 0.57158, Accuracy: 82.63889, Loss: 0.008766654
 
Best Matthews: 0.57158, Best Accuracy: 82.63889, Best Loss: 0.009234387 at epoch 42
Time Elasped: 00:01:18
========= Epoch 44 =========
9/18: Matthews 0.53332, Accuracy: 78.47222, Loss: 0.007466597
18/18: Matthews 0.55104, Accuracy: 81.25000, Loss: 0.008156175
 
Best Matthews: 0.57158, Best Accuracy: 82.63889, Best Loss: 0.009234387 at epoch 42
Time Elasped: 00:01:19
========= Epoch 45 =========
9/18: Matthews 0.57533, Accuracy: 84.02778, Loss: 0.009635945
18/18: Matthews 0.59328, Accuracy: 84.02778, Loss: 0.009593803
 
Best Matthews: 0.59328, Best Accuracy: 84.02778, Best Loss: 0.009593803 at epoch 45
Time Elasped: 00:01:24
========= Epoch 46 =========
9/18: Matthews 0.54116, Accuracy: 80.55556, Loss: 0.009564462
18/18: Matthews 0.55104, Accuracy: 81.25000, Loss: 0.010355860
 
Best Matthews: 0.59328, Best Accuracy: 84.02778, Best Loss: 0.009593803 at epoch 45
Time Elasped: 00:01:25
========= Epoch 47 =========
9/18: Matthews 0.60460, Accuracy: 84.72222, Loss: 0.011572871
18/18: Matthews 0.62830, Accuracy: 86.11111, Loss: 0.011056120
 
Best Matthews: 0.62830, Best Accuracy: 86.11111, Best Loss: 0.011056120 at epoch 47
Time Elasped: 00:01:29
========= Epoch 48 =========
9/18: Matthews 0.55104, Accuracy: 81.25000, Loss: 0.010300453
18/18: Matthews 0.61627, Accuracy: 85.41667, Loss: 0.010294873
 
Best Matthews: 0.62830, Best Accuracy: 86.11111, Best Loss: 0.011056120 at epoch 47
Time Elasped: 00:01:31
========= Epoch 49 =========
9/18: Matthews 0.61627, Accuracy: 85.41667, Loss: 0.010205544
18/18: Matthews 0.55104, Accuracy: 81.25000, Loss: 0.009819937
 
Best Matthews: 0.62830, Best Accuracy: 86.11111, Best Loss: 0.011056120 at epoch 47
Time Elasped: 00:01:32
========= Epoch 50 =========
9/18: Matthews 0.54116, Accuracy: 80.55556, Loss: 0.009365439
18/18: Matthews 0.59328, Accuracy: 84.02778, Loss: 0.009683946
 
Best Matthews: 0.62830, Best Accuracy: 86.11111, Best Loss: 0.011056120 at epoch 47
Time Elasped: 00:01:33
========= Epoch 51 =========
9/18: Matthews 0.64073, Accuracy: 86.80556, Loss: 0.009262948
18/18: Matthews 0.58228, Accuracy: 83.33333, Loss: 0.008856949
 
Best Matthews: 0.64073, Best Accuracy: 86.80556, Best Loss: 0.009262948 at epoch 51
Time Elasped: 00:01:36
========= Epoch 52 =========
9/18: Matthews 0.61627, Accuracy: 85.41667, Loss: 0.009031188
18/18: Matthews 0.57158, Accuracy: 82.63889, Loss: 0.008822088
 
Best Matthews: 0.64073, Best Accuracy: 86.80556, Best Loss: 0.009262948 at epoch 51
Time Elasped: 00:01:37
========= Epoch 53 =========
9/18: Matthews 0.59328, Accuracy: 84.02778, Loss: 0.008279920
18/18: Matthews 0.61161, Accuracy: 86.11111, Loss: 0.009593600
 
Best Matthews: 0.64073, Best Accuracy: 86.80556, Best Loss: 0.009262948 at epoch 51
Time Elasped: 00:01:38
========= Epoch 54 =========
9/18: Matthews 0.63789, Accuracy: 87.50000, Loss: 0.010994446
18/18: Matthews 0.63789, Accuracy: 87.50000, Loss: 0.011743137
 
Best Matthews: 0.64073, Best Accuracy: 86.80556, Best Loss: 0.009262948 at epoch 51
Time Elasped: 00:01:39
========= Epoch 55 =========
9/18: Matthews 0.64073, Accuracy: 86.80556, Loss: 0.011182688
18/18: Matthews 0.66686, Accuracy: 88.19444, Loss: 0.012538849
 
Best Matthews: 0.66686, Best Accuracy: 88.19444, Best Loss: 0.012538849 at epoch 55
Time Elasped: 00:01:42
========= Epoch 56 =========
9/18: Matthews 0.66614, Accuracy: 88.88889, Loss: 0.013770367
18/18: Matthews 0.62830, Accuracy: 86.11111, Loss: 0.013130191
 
Best Matthews: 0.66686, Best Accuracy: 88.19444, Best Loss: 0.012538849 at epoch 55
Time Elasped: 00:01:43
========= Epoch 57 =========
9/18: Matthews 0.54116, Accuracy: 80.55556, Loss: 0.010375524
18/18: Matthews 0.58228, Accuracy: 83.33333, Loss: 0.010314168
 
Best Matthews: 0.66686, Best Accuracy: 88.19444, Best Loss: 0.012538849 at epoch 55
Time Elasped: 00:01:44
========= Epoch 58 =========
9/18: Matthews 0.65175, Accuracy: 88.19444, Loss: 0.012444821
18/18: Matthews 0.63789, Accuracy: 87.50000, Loss: 0.011904832
 
Best Matthews: 0.66686, Best Accuracy: 88.19444, Best Loss: 0.012538849 at epoch 55
Time Elasped: 00:01:45
========= Epoch 59 =========
9/18: Matthews 0.62830, Accuracy: 86.11111, Loss: 0.011827494
18/18: Matthews 0.62830, Accuracy: 86.11111, Loss: 0.011145713
 
Best Matthews: 0.66686, Best Accuracy: 88.19444, Best Loss: 0.012538849 at epoch 55
Time Elasped: 00:01:46
========= Epoch 60 =========
9/18: Matthews 0.61627, Accuracy: 85.41667, Loss: 0.011185230
18/18: Matthews 0.65357, Accuracy: 87.50000, Loss: 0.012314613
 
Best Matthews: 0.66686, Best Accuracy: 88.19444, Best Loss: 0.012538849 at epoch 55
Time Elasped: 00:01:47
========= Epoch 61 =========
9/18: Matthews 0.61161, Accuracy: 86.11111, Loss: 0.010999506
18/18: Matthews 0.61161, Accuracy: 86.11111, Loss: 0.011420936
 
Best Matthews: 0.66686, Best Accuracy: 88.19444, Best Loss: 0.012538849 at epoch 55
Time Elasped: 00:01:49
========= Epoch 62 =========
9/18: Matthews 0.63789, Accuracy: 87.50000, Loss: 0.013481165
18/18: Matthews 0.62830, Accuracy: 86.11111, Loss: 0.012772156
 
Best Matthews: 0.66686, Best Accuracy: 88.19444, Best Loss: 0.012538849 at epoch 55
Time Elasped: 00:01:50
========= Epoch 63 =========
9/18: Matthews 0.58228, Accuracy: 83.33333, Loss: 0.013343032
18/18: Matthews 0.63789, Accuracy: 87.50000, Loss: 0.014379253
 
Best Matthews: 0.66686, Best Accuracy: 88.19444, Best Loss: 0.012538849 at epoch 55
Time Elasped: 00:01:51
========= Epoch 64 =========
9/18: Matthews 0.61161, Accuracy: 86.11111, Loss: 0.011452418
18/18: Matthews 0.59913, Accuracy: 85.41667, Loss: 0.010582353
 
Best Matthews: 0.66686, Best Accuracy: 88.19444, Best Loss: 0.012538849 at epoch 55
Time Elasped: 00:01:52
========= Epoch 65 =========
9/18: Matthews 0.62452, Accuracy: 86.80556, Loss: 0.010906746
18/18: Matthews 0.63789, Accuracy: 87.50000, Loss: 0.011569038
 
Best Matthews: 0.66686, Best Accuracy: 88.19444, Best Loss: 0.012538849 at epoch 55
Time Elasped: 00:01:53
========= Epoch 66 =========
9/18: Matthews 0.65357, Accuracy: 87.50000, Loss: 0.011762043
18/18: Matthews 0.63789, Accuracy: 87.50000, Loss: 0.012121547
 
Best Matthews: 0.66686, Best Accuracy: 88.19444, Best Loss: 0.012538849 at epoch 55
Time Elasped: 00:01:54
========= Epoch 67 =========
9/18: Matthews 0.65357, Accuracy: 87.50000, Loss: 0.014144381
18/18: Matthews 0.63789, Accuracy: 87.50000, Loss: 0.014909087
 
Best Matthews: 0.66686, Best Accuracy: 88.19444, Best Loss: 0.012538849 at epoch 55
Time Elasped: 00:01:55
========= Epoch 68 =========
9/18: Matthews 0.63789, Accuracy: 87.50000, Loss: 0.013616240
18/18: Matthews 0.61627, Accuracy: 85.41667, Loss: 0.013659581
 
Best Matthews: 0.66686, Best Accuracy: 88.19444, Best Loss: 0.012538849 at epoch 55
Time Elasped: 00:01:57
========= Epoch 69 =========
9/18: Matthews 0.65357, Accuracy: 87.50000, Loss: 0.014119806
18/18: Matthews 0.65175, Accuracy: 88.19444, Loss: 0.015165100
 
Best Matthews: 0.66686, Best Accuracy: 88.19444, Best Loss: 0.012538849 at epoch 55
Time Elasped: 00:01:58
========= Epoch 70 =========
9/18: Matthews 0.65175, Accuracy: 88.19444, Loss: 0.016023068
18/18: Matthews 0.62830, Accuracy: 86.11111, Loss: 0.016395357
 
Best Matthews: 0.66686, Best Accuracy: 88.19444, Best Loss: 0.012538849 at epoch 55
Time Elasped: 00:01:59
========= Epoch 71 =========
9/18: Matthews 0.59328, Accuracy: 84.02778, Loss: 0.017132100
18/18: Matthews 0.63789, Accuracy: 87.50000, Loss: 0.015778148
 
Best Matthews: 0.66686, Best Accuracy: 88.19444, Best Loss: 0.012538849 at epoch 55
Time Elasped: 00:02:00
========= Epoch 72 =========
9/18: Matthews 0.65175, Accuracy: 88.19444, Loss: 0.014458976
18/18: Matthews 0.65357, Accuracy: 87.50000, Loss: 0.013755322
 
Best Matthews: 0.66686, Best Accuracy: 88.19444, Best Loss: 0.012538849 at epoch 55
Time Elasped: 00:02:01
========= Epoch 73 =========
9/18: Matthews 0.65175, Accuracy: 88.19444, Loss: 0.016333143
18/18: Matthews 0.62452, Accuracy: 86.80556, Loss: 0.016795420
 
Best Matthews: 0.66686, Best Accuracy: 88.19444, Best Loss: 0.012538849 at epoch 55
Time Elasped: 00:02:02
========= Epoch 74 =========
9/18: Matthews 0.65357, Accuracy: 87.50000, Loss: 0.018905961
18/18: Matthews 0.65357, Accuracy: 87.50000, Loss: 0.018246025
 
Best Matthews: 0.66686, Best Accuracy: 88.19444, Best Loss: 0.012538849 at epoch 55
Time Elasped: 00:02:03
========= Epoch 75 =========
9/18: Matthews 0.61627, Accuracy: 85.41667, Loss: 0.017897586
18/18: Matthews 0.65357, Accuracy: 87.50000, Loss: 0.016491835
 
Best Matthews: 0.66686, Best Accuracy: 88.19444, Best Loss: 0.012538849 at epoch 55
Time Elasped: 00:02:05
========= Epoch 76 =========
Early Stopping activated
 
Best Matthews: 0.66686, Best Accuracy: 88.19444, Best Loss: 0.012538849 at epoch 55
Time Elasped: 00:02:07
Test Set:
0/0: Matthews 0.58836, Accuracy: 85.02110, Loss: 0.019504720
