Namespace(batch_size=32, buffer_size=1, by_source=False, crop_pad_length=30, data='./acceptability_corpus/verb_classes/inchoative', data_type='discriminator', dropout=0.5, embedding='glove.6B.300d', embedding_path='/scratch/asw462/models/elmo_encoder/elmo.emb', embedding_size=217, encoder_num_layers=2, encoder_path='/scratch/asw462/models/elmo_encoder/elmo.pth', encoding_size=528, encoding_type='lstm_pooling_classifier', epochs=1000, evaluate_train=False, experiment_name='experiment_linear_classifier_h_165_l_2_lr_0.0001_e_217_do_0.5', glove=False, gpu=True, hidden_size=165, imbalance=True, learning_rate=6e-05, lm_path=None, logs_dir='/scratch/asw462/logs/verb_classes/inchoative', max_pool=False, model='linear_classifier', num_layers=2, output_dir='/scratch/asw462/logs/verb_classes/outputs/inchoative', patience=20, preprocess_tokenizer='space', prints_per_stage=1, resume=True, resume_file=None, save_loc='/scratch/asw462/models/verb_classes/inchoative', seed=1111, should_not_log=False, should_not_lowercase=False, should_not_preprocess_data=False, stages_per_epoch=2, train_embeddings=False, train_evaluate_interval=10, vocab_file='/scratch/asw462/data/vocab_100k.tsv')
======== General =======
Model: linear_classifier
GPU: True
Experiment Name: experiment_linear_classifier_h_165_l_2_lr_0.0001_e_217_do_0.5
Save location: /scratch/asw462/models/verb_classes/inchoative
Logs dir: /scratch/asw462/logs/verb_classes/inchoative
Timestamp: 2018/08/02 04:38:51
 
======== Data =======
Training set: 550 examples
Validation set: 144 examples
Test set: 474 examples
 
======= Parameters =======
Learning Rate: 0.000060
Batch Size: 32
Epochs: 1000
Patience: 20
Stages per Epoch: 2
Embedding: 100004 x 217
Number of layers: 2
Hidden Size: 165
Encoder Size: 528
Resume: True
 
======= Model =======
LinearClassifierWithEncoder(
  (model): LinearClassifier(
    (dropout): Dropout(p=0.5)
    (enc2h): Linear(in_features=1056, out_features=165, bias=True)
    (h20): Linear(in_features=165, out_features=1, bias=True)
    (sigmoid): Sigmoid()
    (tanh): Tanh()
    (softmax): Softmax()
  )
  (encoder): LSTMPoolingClassifierWithELMo(
    (elmo): ELMOClassifier(
      (lm): LSTMLanguageModel(
        (dropout): Dropout(p=0.2)
        (embedding): Embedding(100003, 217)
        (lstm): LSTM(217, 891, num_layers=2, dropout=0.2)
        (fc): Linear(in_features=891, out_features=100003, bias=True)
      )
      (lstms): ModuleList(
        (0): LSTM(217, 891, batch_first=True)
        (1): LSTM(891, 891, batch_first=True)
      )
      (dropout): Dropout(p=0.2)
      (linear_comb): Linear(in_features=2, out_features=1, bias=True)
      (fc1): Linear(in_features=891, out_features=528, bias=True)
      (relu): ReLU()
      (out): Linear(in_features=528, out_features=1, bias=True)
      (sigmoid): Sigmoid()
    )
    (pooling_classifier): LSTMPoolingClassifier(
      (ih2h): LSTM(891, 528, num_layers=3, batch_first=True, dropout=0.2, bidirectional=True)
      (pool2o): Linear(in_features=1056, out_features=1, bias=True)
      (sigmoid): Sigmoid()
      (softmax): Softmax()
      (dropout): Dropout(p=0.2)
    )
  )
)
 
========= Epoch 1 =========
9/18: Matthews 0.38442, Accuracy: 80.55556, Loss: 0.033367180
18/18: Matthews 0.37240, Accuracy: 79.86111, Loss: 0.030005044
 
Best Matthews: 0.38442, Best Accuracy: 80.55556, Best Loss: 0.033367180 at epoch 1
Time Elasped: 00:00:07
========= Epoch 2 =========
9/18: Matthews 0.37240, Accuracy: 79.86111, Loss: 0.027529970
18/18: Matthews 0.36079, Accuracy: 79.16667, Loss: 0.025200890
 
Best Matthews: 0.38442, Best Accuracy: 80.55556, Best Loss: 0.033367180 at epoch 1
Time Elasped: 00:00:08
========= Epoch 3 =========
9/18: Matthews 0.39273, Accuracy: 79.86111, Loss: 0.023905691
18/18: Matthews 0.41282, Accuracy: 79.86111, Loss: 0.022448755
 
Best Matthews: 0.41282, Best Accuracy: 79.86111, Best Loss: 0.022448755 at epoch 3
Time Elasped: 00:00:13
========= Epoch 4 =========
9/18: Matthews 0.40182, Accuracy: 79.16667, Loss: 0.021057634
18/18: Matthews 0.39114, Accuracy: 78.47222, Loss: 0.019684037
 
Best Matthews: 0.41282, Best Accuracy: 79.86111, Best Loss: 0.022448755 at epoch 3
Time Elasped: 00:00:14
========= Epoch 5 =========
9/18: Matthews 0.38076, Accuracy: 77.77778, Loss: 0.019196949
18/18: Matthews 0.37067, Accuracy: 77.08333, Loss: 0.018474163
 
Best Matthews: 0.41282, Best Accuracy: 79.86111, Best Loss: 0.022448755 at epoch 3
Time Elasped: 00:00:15
========= Epoch 6 =========
9/18: Matthews 0.40147, Accuracy: 77.77778, Loss: 0.017971800
18/18: Matthews 0.42203, Accuracy: 77.77778, Loss: 0.017478049
 
Best Matthews: 0.42203, Best Accuracy: 77.77778, Best Loss: 0.017478049 at epoch 6
Time Elasped: 00:00:18
========= Epoch 7 =========
9/18: Matthews 0.40147, Accuracy: 77.77778, Loss: 0.016810043
18/18: Matthews 0.40147, Accuracy: 77.77778, Loss: 0.016319010
 
Best Matthews: 0.42203, Best Accuracy: 77.77778, Best Loss: 0.017478049 at epoch 6
Time Elasped: 00:00:19
========= Epoch 8 =========
9/18: Matthews 0.42203, Accuracy: 77.77778, Loss: 0.015911117
18/18: Matthews 0.41238, Accuracy: 77.08333, Loss: 0.015624796
 
Best Matthews: 0.42203, Best Accuracy: 77.77778, Best Loss: 0.017478049 at epoch 6
Time Elasped: 00:00:20
========= Epoch 9 =========
9/18: Matthews 0.44252, Accuracy: 77.77778, Loss: 0.015406287
18/18: Matthews 0.43591, Accuracy: 75.69444, Loss: 0.015194380
 
Best Matthews: 0.44252, Best Accuracy: 77.77778, Best Loss: 0.015406287 at epoch 9
Time Elasped: 00:00:23
========= Epoch 10 =========
9/18: Matthews 0.42727, Accuracy: 75.00000, Loss: 0.014788611
18/18: Matthews 0.42727, Accuracy: 75.00000, Loss: 0.014630303
 
Best Matthews: 0.44252, Best Accuracy: 77.77778, Best Loss: 0.015406287 at epoch 9
Time Elasped: 00:00:24
========= Epoch 11 =========
9/18: Matthews 0.47811, Accuracy: 75.69444, Loss: 0.014523197
18/18: Matthews 0.44853, Accuracy: 75.00000, Loss: 0.014350113
 
Best Matthews: 0.47811, Best Accuracy: 75.69444, Best Loss: 0.014523197 at epoch 11
Time Elasped: 00:00:27
========= Epoch 12 =========
9/18: Matthews 0.45698, Accuracy: 75.69444, Loss: 0.014158251
18/18: Matthews 0.44853, Accuracy: 75.00000, Loss: 0.013955841
 
Best Matthews: 0.47811, Best Accuracy: 75.69444, Best Loss: 0.014523197 at epoch 11
Time Elasped: 00:00:28
========= Epoch 13 =========
9/18: Matthews 0.44024, Accuracy: 74.30556, Loss: 0.013918453
18/18: Matthews 0.44024, Accuracy: 74.30556, Loss: 0.013748919
 
Best Matthews: 0.47811, Best Accuracy: 75.69444, Best Loss: 0.014523197 at epoch 11
Time Elasped: 00:00:29
========= Epoch 14 =========
9/18: Matthews 0.43212, Accuracy: 73.61111, Loss: 0.013303921
18/18: Matthews 0.48336, Accuracy: 74.30556, Loss: 0.013246985
 
Best Matthews: 0.48336, Best Accuracy: 74.30556, Best Loss: 0.013246985 at epoch 14
Time Elasped: 00:00:32
========= Epoch 15 =========
9/18: Matthews 0.48336, Accuracy: 74.30556, Loss: 0.013122011
18/18: Matthews 0.45379, Accuracy: 73.61111, Loss: 0.012991430
 
Best Matthews: 0.48336, Best Accuracy: 74.30556, Best Loss: 0.013246985 at epoch 14
Time Elasped: 00:00:33
========= Epoch 16 =========
9/18: Matthews 0.47559, Accuracy: 73.61111, Loss: 0.012870957
18/18: Matthews 0.45379, Accuracy: 73.61111, Loss: 0.012758725
 
Best Matthews: 0.48336, Best Accuracy: 74.30556, Best Loss: 0.013246985 at epoch 14
Time Elasped: 00:00:34
========= Epoch 17 =========
9/18: Matthews 0.46175, Accuracy: 74.30556, Loss: 0.012925981
18/18: Matthews 0.46175, Accuracy: 74.30556, Loss: 0.012949824
 
Best Matthews: 0.48336, Best Accuracy: 74.30556, Best Loss: 0.013246985 at epoch 14
Time Elasped: 00:00:35
========= Epoch 18 =========
9/18: Matthews 0.46175, Accuracy: 74.30556, Loss: 0.012861910
18/18: Matthews 0.46175, Accuracy: 74.30556, Loss: 0.012887402
 
Best Matthews: 0.48336, Best Accuracy: 74.30556, Best Loss: 0.013246985 at epoch 14
Time Elasped: 00:00:36
========= Epoch 19 =========
9/18: Matthews 0.46175, Accuracy: 74.30556, Loss: 0.012457952
18/18: Matthews 0.45379, Accuracy: 73.61111, Loss: 0.012435627
 
Best Matthews: 0.48336, Best Accuracy: 74.30556, Best Loss: 0.013246985 at epoch 14
Time Elasped: 00:00:37
========= Epoch 20 =========
9/18: Matthews 0.45379, Accuracy: 73.61111, Loss: 0.012474186
18/18: Matthews 0.45379, Accuracy: 73.61111, Loss: 0.012533193
 
Best Matthews: 0.48336, Best Accuracy: 74.30556, Best Loss: 0.013246985 at epoch 14
Time Elasped: 00:00:38
========= Epoch 21 =========
9/18: Matthews 0.45379, Accuracy: 73.61111, Loss: 0.012640200
18/18: Matthews 0.46985, Accuracy: 75.00000, Loss: 0.012345950
 
Best Matthews: 0.48336, Best Accuracy: 74.30556, Best Loss: 0.013246985 at epoch 14
Time Elasped: 00:00:40
========= Epoch 22 =========
9/18: Matthews 0.47811, Accuracy: 75.69444, Loss: 0.012037183
18/18: Matthews 0.47811, Accuracy: 75.69444, Loss: 0.011892726
 
Best Matthews: 0.48336, Best Accuracy: 74.30556, Best Loss: 0.013246985 at epoch 14
Time Elasped: 00:00:41
========= Epoch 23 =========
9/18: Matthews 0.47811, Accuracy: 75.69444, Loss: 0.011860935
18/18: Matthews 0.49935, Accuracy: 75.69444, Loss: 0.011809727
 
Best Matthews: 0.49935, Best Accuracy: 75.69444, Best Loss: 0.011809727 at epoch 23
Time Elasped: 00:00:43
========= Epoch 24 =========
9/18: Matthews 0.46795, Accuracy: 72.91667, Loss: 0.011788528
18/18: Matthews 0.46795, Accuracy: 72.91667, Loss: 0.011825535
 
Best Matthews: 0.49935, Best Accuracy: 75.69444, Best Loss: 0.011809727 at epoch 23
Time Elasped: 00:00:45
========= Epoch 25 =========
9/18: Matthews 0.46795, Accuracy: 72.91667, Loss: 0.011642726
18/18: Matthews 0.47559, Accuracy: 73.61111, Loss: 0.011784082
 
Best Matthews: 0.49935, Best Accuracy: 75.69444, Best Loss: 0.011809727 at epoch 23
Time Elasped: 00:00:46
========= Epoch 26 =========
9/18: Matthews 0.49128, Accuracy: 75.00000, Loss: 0.011826697
18/18: Matthews 0.51599, Accuracy: 77.08333, Loss: 0.011796736
 
Best Matthews: 0.51599, Best Accuracy: 77.08333, Best Loss: 0.011796736 at epoch 26
Time Elasped: 00:00:48
========= Epoch 27 =========
9/18: Matthews 0.50759, Accuracy: 76.38889, Loss: 0.011322425
18/18: Matthews 0.50759, Accuracy: 76.38889, Loss: 0.011141232
 
Best Matthews: 0.51599, Best Accuracy: 77.08333, Best Loss: 0.011796736 at epoch 26
Time Elasped: 00:00:50
========= Epoch 28 =========
9/18: Matthews 0.47811, Accuracy: 75.69444, Loss: 0.011448565
18/18: Matthews 0.47811, Accuracy: 75.69444, Loss: 0.011672503
 
Best Matthews: 0.51599, Best Accuracy: 77.08333, Best Loss: 0.011796736 at epoch 26
Time Elasped: 00:00:51
========= Epoch 29 =========
9/18: Matthews 0.46985, Accuracy: 75.00000, Loss: 0.011391136
18/18: Matthews 0.44598, Accuracy: 72.91667, Loss: 0.011486729
 
Best Matthews: 0.51599, Best Accuracy: 77.08333, Best Loss: 0.011796736 at epoch 26
Time Elasped: 00:00:52
========= Epoch 30 =========
9/18: Matthews 0.44598, Accuracy: 72.91667, Loss: 0.011370742
18/18: Matthews 0.44598, Accuracy: 72.91667, Loss: 0.011505137
 
Best Matthews: 0.51599, Best Accuracy: 77.08333, Best Loss: 0.011796736 at epoch 26
Time Elasped: 00:00:53
========= Epoch 31 =========
9/18: Matthews 0.46985, Accuracy: 75.00000, Loss: 0.011684525
18/18: Matthews 0.45379, Accuracy: 73.61111, Loss: 0.011701049
 
Best Matthews: 0.51599, Best Accuracy: 77.08333, Best Loss: 0.011796736 at epoch 26
Time Elasped: 00:00:54
========= Epoch 32 =========
9/18: Matthews 0.44598, Accuracy: 72.91667, Loss: 0.012007486
18/18: Matthews 0.44598, Accuracy: 72.91667, Loss: 0.012066804
 
Best Matthews: 0.51599, Best Accuracy: 77.08333, Best Loss: 0.011796736 at epoch 26
Time Elasped: 00:00:55
========= Epoch 33 =========
9/18: Matthews 0.44598, Accuracy: 72.91667, Loss: 0.011890209
18/18: Matthews 0.46985, Accuracy: 75.00000, Loss: 0.011538178
 
Best Matthews: 0.51599, Best Accuracy: 77.08333, Best Loss: 0.011796736 at epoch 26
Time Elasped: 00:00:56
========= Epoch 34 =========
9/18: Matthews 0.46175, Accuracy: 74.30556, Loss: 0.011034032
18/18: Matthews 0.46985, Accuracy: 75.00000, Loss: 0.010800904
 
Best Matthews: 0.51599, Best Accuracy: 77.08333, Best Loss: 0.011796736 at epoch 26
Time Elasped: 00:00:57
========= Epoch 35 =========
9/18: Matthews 0.48655, Accuracy: 76.38889, Loss: 0.010719397
18/18: Matthews 0.47811, Accuracy: 75.69444, Loss: 0.010573023
 
Best Matthews: 0.51599, Best Accuracy: 77.08333, Best Loss: 0.011796736 at epoch 26
Time Elasped: 00:00:59
========= Epoch 36 =========
9/18: Matthews 0.44598, Accuracy: 72.91667, Loss: 0.010792779
18/18: Matthews 0.45379, Accuracy: 73.61111, Loss: 0.011067909
 
Best Matthews: 0.51599, Best Accuracy: 77.08333, Best Loss: 0.011796736 at epoch 26
Time Elasped: 00:01:00
========= Epoch 37 =========
9/18: Matthews 0.48655, Accuracy: 76.38889, Loss: 0.011403460
18/18: Matthews 0.48655, Accuracy: 76.38889, Loss: 0.011246279
 
Best Matthews: 0.51599, Best Accuracy: 77.08333, Best Loss: 0.011796736 at epoch 26
Time Elasped: 00:01:01
========= Epoch 38 =========
9/18: Matthews 0.46985, Accuracy: 75.00000, Loss: 0.010591053
18/18: Matthews 0.47811, Accuracy: 75.69444, Loss: 0.010346967
 
Best Matthews: 0.51599, Best Accuracy: 77.08333, Best Loss: 0.011796736 at epoch 26
Time Elasped: 00:01:02
========= Epoch 39 =========
9/18: Matthews 0.46985, Accuracy: 75.00000, Loss: 0.010730895
18/18: Matthews 0.47811, Accuracy: 75.69444, Loss: 0.010896573
 
Best Matthews: 0.51599, Best Accuracy: 77.08333, Best Loss: 0.011796736 at epoch 26
Time Elasped: 00:01:03
========= Epoch 40 =========
9/18: Matthews 0.50394, Accuracy: 77.77778, Loss: 0.011457970
18/18: Matthews 0.48655, Accuracy: 76.38889, Loss: 0.011051345
 
Best Matthews: 0.51599, Best Accuracy: 77.08333, Best Loss: 0.011796736 at epoch 26
Time Elasped: 00:01:04
========= Epoch 41 =========
9/18: Matthews 0.45379, Accuracy: 73.61111, Loss: 0.010030076
18/18: Matthews 0.46175, Accuracy: 74.30556, Loss: 0.009848998
 
Best Matthews: 0.51599, Best Accuracy: 77.08333, Best Loss: 0.011796736 at epoch 26
Time Elasped: 00:01:05
========= Epoch 42 =========
9/18: Matthews 0.46175, Accuracy: 74.30556, Loss: 0.010035609
18/18: Matthews 0.48655, Accuracy: 76.38889, Loss: 0.010350417
 
Best Matthews: 0.51599, Best Accuracy: 77.08333, Best Loss: 0.011796736 at epoch 26
Time Elasped: 00:01:07
========= Epoch 43 =========
9/18: Matthews 0.50394, Accuracy: 77.77778, Loss: 0.010354845
18/18: Matthews 0.49515, Accuracy: 77.08333, Loss: 0.010438563
 
Best Matthews: 0.51599, Best Accuracy: 77.08333, Best Loss: 0.011796736 at epoch 26
Time Elasped: 00:01:08
========= Epoch 44 =========
9/18: Matthews 0.49515, Accuracy: 77.08333, Loss: 0.010482767
18/18: Matthews 0.48655, Accuracy: 76.38889, Loss: 0.010641826
 
Best Matthews: 0.51599, Best Accuracy: 77.08333, Best Loss: 0.011796736 at epoch 26
Time Elasped: 00:01:09
========= Epoch 45 =========
9/18: Matthews 0.48655, Accuracy: 76.38889, Loss: 0.010548799
18/18: Matthews 0.48655, Accuracy: 76.38889, Loss: 0.010572861
 
Best Matthews: 0.51599, Best Accuracy: 77.08333, Best Loss: 0.011796736 at epoch 26
Time Elasped: 00:01:10
========= Epoch 46 =========
9/18: Matthews 0.48655, Accuracy: 76.38889, Loss: 0.010309138
18/18: Matthews 0.48655, Accuracy: 76.38889, Loss: 0.010633659
 
Best Matthews: 0.51599, Best Accuracy: 77.08333, Best Loss: 0.011796736 at epoch 26
Time Elasped: 00:01:11
========= Epoch 47 =========
Early Stopping activated
 
Best Matthews: 0.51599, Best Accuracy: 77.08333, Best Loss: 0.011796736 at epoch 26
Time Elasped: 00:01:13
Test Set:
0/0: Matthews 0.53682, Accuracy: 81.64557, Loss: 0.018388414
