Namespace(batch_size=32, buffer_size=1, by_source=False, crop_pad_length=30, data='./acceptability_corpus/verb_classes/inchoative', data_type='discriminator', dropout=0.2, embedding='glove.6B.300d', embedding_path='/scratch/asw462/models/elmo_encoder/elmo.emb', embedding_size=217, encoder_num_layers=2, encoder_path='/scratch/asw462/models/elmo_encoder/elmo.pth', encoding_size=528, encoding_type='lstm_pooling_classifier', epochs=1000, evaluate_train=False, experiment_name='experiment_linear_classifier_h_141_l_1_lr_0.0001_e_217_do_0.2', glove=False, gpu=True, hidden_size=141, imbalance=True, learning_rate=0.00012, lm_path=None, logs_dir='/scratch/asw462/logs/verb_classes/inchoative', max_pool=False, model='linear_classifier', num_layers=1, output_dir='/scratch/asw462/logs/verb_classes/outputs/inchoative', patience=20, preprocess_tokenizer='space', prints_per_stage=1, resume=True, resume_file=None, save_loc='/scratch/asw462/models/verb_classes/inchoative', seed=1111, should_not_log=False, should_not_lowercase=False, should_not_preprocess_data=False, stages_per_epoch=2, train_embeddings=False, train_evaluate_interval=10, vocab_file='/scratch/asw462/data/vocab_100k.tsv')
======== General =======
Model: linear_classifier
GPU: True
Experiment Name: experiment_linear_classifier_h_141_l_1_lr_0.0001_e_217_do_0.2
Save location: /scratch/asw462/models/verb_classes/inchoative
Logs dir: /scratch/asw462/logs/verb_classes/inchoative
Timestamp: 2018/08/02 04:40:23
 
======== Data =======
Training set: 550 examples
Validation set: 144 examples
Test set: 474 examples
 
======= Parameters =======
Learning Rate: 0.000120
Batch Size: 32
Epochs: 1000
Patience: 20
Stages per Epoch: 2
Embedding: 100004 x 217
Number of layers: 1
Hidden Size: 141
Encoder Size: 528
Resume: True
 
======= Model =======
LinearClassifierWithEncoder(
  (model): LinearClassifier(
    (dropout): Dropout(p=0.2)
    (enc2h): Linear(in_features=1056, out_features=141, bias=True)
    (h20): Linear(in_features=141, out_features=1, bias=True)
    (sigmoid): Sigmoid()
    (tanh): Tanh()
    (softmax): Softmax()
  )
  (encoder): LSTMPoolingClassifierWithELMo(
    (elmo): ELMOClassifier(
      (lm): LSTMLanguageModel(
        (dropout): Dropout(p=0.2)
        (embedding): Embedding(100003, 217)
        (lstm): LSTM(217, 891, num_layers=2, dropout=0.2)
        (fc): Linear(in_features=891, out_features=100003, bias=True)
      )
      (lstms): ModuleList(
        (0): LSTM(217, 891, batch_first=True)
        (1): LSTM(891, 891, batch_first=True)
      )
      (dropout): Dropout(p=0.2)
      (linear_comb): Linear(in_features=2, out_features=1, bias=True)
      (fc1): Linear(in_features=891, out_features=528, bias=True)
      (relu): ReLU()
      (out): Linear(in_features=528, out_features=1, bias=True)
      (sigmoid): Sigmoid()
    )
    (pooling_classifier): LSTMPoolingClassifier(
      (ih2h): LSTM(891, 528, num_layers=3, batch_first=True, dropout=0.2, bidirectional=True)
      (pool2o): Linear(in_features=1056, out_features=1, bias=True)
      (sigmoid): Sigmoid()
      (softmax): Softmax()
      (dropout): Dropout(p=0.2)
    )
  )
)
 
========= Epoch 1 =========
9/18: Matthews 0.36414, Accuracy: 80.55556, Loss: 0.032322556
18/18: Matthews 0.37240, Accuracy: 79.86111, Loss: 0.026264851
 
Best Matthews: 0.37240, Best Accuracy: 79.86111, Best Loss: 0.026264851 at epoch 1
Time Elasped: 00:00:09
========= Epoch 2 =========
9/18: Matthews 0.38143, Accuracy: 79.16667, Loss: 0.022397889
18/18: Matthews 0.41160, Accuracy: 78.47222, Loss: 0.019855653
 
Best Matthews: 0.41160, Best Accuracy: 78.47222, Best Loss: 0.019855653 at epoch 2
Time Elasped: 00:00:13
========= Epoch 3 =========
9/18: Matthews 0.42386, Accuracy: 76.38889, Loss: 0.018512670
18/18: Matthews 0.42386, Accuracy: 76.38889, Loss: 0.017267676
 
Best Matthews: 0.42386, Best Accuracy: 76.38889, Best Loss: 0.018512670 at epoch 3
Time Elasped: 00:00:16
========= Epoch 4 =========
9/18: Matthews 0.42386, Accuracy: 76.38889, Loss: 0.015846984
18/18: Matthews 0.42386, Accuracy: 76.38889, Loss: 0.015263326
 
Best Matthews: 0.42386, Best Accuracy: 76.38889, Best Loss: 0.018512670 at epoch 3
Time Elasped: 00:00:17
========= Epoch 5 =========
9/18: Matthews 0.39376, Accuracy: 75.69444, Loss: 0.014736020
18/18: Matthews 0.44853, Accuracy: 75.00000, Loss: 0.014406446
 
Best Matthews: 0.44853, Best Accuracy: 75.00000, Best Loss: 0.014406446 at epoch 5
Time Elasped: 00:00:20
========= Epoch 6 =========
9/18: Matthews 0.44024, Accuracy: 74.30556, Loss: 0.015119291
18/18: Matthews 0.46175, Accuracy: 74.30556, Loss: 0.014973925
 
Best Matthews: 0.46175, Best Accuracy: 74.30556, Best Loss: 0.014973925 at epoch 6
Time Elasped: 00:00:22
========= Epoch 7 =========
9/18: Matthews 0.46795, Accuracy: 72.91667, Loss: 0.014821728
18/18: Matthews 0.45379, Accuracy: 73.61111, Loss: 0.014418739
 
Best Matthews: 0.46795, Best Accuracy: 72.91667, Best Loss: 0.014821728 at epoch 7
Time Elasped: 00:00:25
========= Epoch 8 =========
9/18: Matthews 0.46795, Accuracy: 72.91667, Loss: 0.013895957
18/18: Matthews 0.43212, Accuracy: 73.61111, Loss: 0.013904408
 
Best Matthews: 0.46795, Best Accuracy: 72.91667, Best Loss: 0.014821728 at epoch 7
Time Elasped: 00:00:26
========= Epoch 9 =========
9/18: Matthews 0.42727, Accuracy: 75.00000, Loss: 0.014276061
18/18: Matthews 0.46175, Accuracy: 74.30556, Loss: 0.013961484
 
Best Matthews: 0.46795, Best Accuracy: 72.91667, Best Loss: 0.014821728 at epoch 7
Time Elasped: 00:00:27
========= Epoch 10 =========
9/18: Matthews 0.44598, Accuracy: 72.91667, Loss: 0.014639450
18/18: Matthews 0.45379, Accuracy: 73.61111, Loss: 0.014130187
 
Best Matthews: 0.46795, Best Accuracy: 72.91667, Best Loss: 0.014821728 at epoch 7
Time Elasped: 00:00:28
========= Epoch 11 =========
9/18: Matthews 0.44024, Accuracy: 74.30556, Loss: 0.013712631
18/18: Matthews 0.46985, Accuracy: 75.00000, Loss: 0.013306722
 
Best Matthews: 0.46985, Best Accuracy: 75.00000, Best Loss: 0.013306722 at epoch 11
Time Elasped: 00:00:31
========= Epoch 12 =========
9/18: Matthews 0.50759, Accuracy: 76.38889, Loss: 0.013091851
18/18: Matthews 0.46175, Accuracy: 74.30556, Loss: 0.013217603
 
Best Matthews: 0.50759, Best Accuracy: 76.38889, Best Loss: 0.013091851 at epoch 12
Time Elasped: 00:00:33
========= Epoch 13 =========
9/18: Matthews 0.43831, Accuracy: 72.22222, Loss: 0.013407424
18/18: Matthews 0.44598, Accuracy: 72.91667, Loss: 0.013052940
 
Best Matthews: 0.50759, Best Accuracy: 76.38889, Best Loss: 0.013091851 at epoch 12
Time Elasped: 00:00:35
========= Epoch 14 =========
9/18: Matthews 0.44598, Accuracy: 72.91667, Loss: 0.011748329
18/18: Matthews 0.47811, Accuracy: 75.69444, Loss: 0.011452047
 
Best Matthews: 0.50759, Best Accuracy: 76.38889, Best Loss: 0.013091851 at epoch 12
Time Elasped: 00:00:36
========= Epoch 15 =========
9/18: Matthews 0.44598, Accuracy: 72.91667, Loss: 0.011801468
18/18: Matthews 0.44598, Accuracy: 72.91667, Loss: 0.012538452
 
Best Matthews: 0.50759, Best Accuracy: 76.38889, Best Loss: 0.013091851 at epoch 12
Time Elasped: 00:00:37
========= Epoch 16 =========
9/18: Matthews 0.48655, Accuracy: 76.38889, Loss: 0.011740617
18/18: Matthews 0.48655, Accuracy: 76.38889, Loss: 0.011258119
 
Best Matthews: 0.50759, Best Accuracy: 76.38889, Best Loss: 0.013091851 at epoch 12
Time Elasped: 00:00:38
========= Epoch 17 =========
9/18: Matthews 0.49515, Accuracy: 77.08333, Loss: 0.012569568
18/18: Matthews 0.45379, Accuracy: 73.61111, Loss: 0.012320780
 
Best Matthews: 0.50759, Best Accuracy: 76.38889, Best Loss: 0.013091851 at epoch 12
Time Elasped: 00:00:39
========= Epoch 18 =========
9/18: Matthews 0.43076, Accuracy: 71.52778, Loss: 0.010495957
18/18: Matthews 0.46175, Accuracy: 74.30556, Loss: 0.010560128
 
Best Matthews: 0.50759, Best Accuracy: 76.38889, Best Loss: 0.013091851 at epoch 12
Time Elasped: 00:00:40
========= Epoch 19 =========
9/18: Matthews 0.49515, Accuracy: 77.08333, Loss: 0.011087415
18/18: Matthews 0.49515, Accuracy: 77.08333, Loss: 0.011532489
 
Best Matthews: 0.50759, Best Accuracy: 76.38889, Best Loss: 0.013091851 at epoch 12
Time Elasped: 00:00:41
========= Epoch 20 =========
9/18: Matthews 0.43831, Accuracy: 72.22222, Loss: 0.010536988
18/18: Matthews 0.44598, Accuracy: 72.91667, Loss: 0.010765544
 
Best Matthews: 0.50759, Best Accuracy: 76.38889, Best Loss: 0.013091851 at epoch 12
Time Elasped: 00:00:42
========= Epoch 21 =========
9/18: Matthews 0.49515, Accuracy: 77.08333, Loss: 0.011565083
18/18: Matthews 0.48655, Accuracy: 76.38889, Loss: 0.012041147
 
Best Matthews: 0.50759, Best Accuracy: 76.38889, Best Loss: 0.013091851 at epoch 12
Time Elasped: 00:00:44
========= Epoch 22 =========
9/18: Matthews 0.47811, Accuracy: 75.69444, Loss: 0.011998898
18/18: Matthews 0.48655, Accuracy: 76.38889, Loss: 0.011250168
 
Best Matthews: 0.50759, Best Accuracy: 76.38889, Best Loss: 0.013091851 at epoch 12
Time Elasped: 00:00:45
========= Epoch 23 =========
9/18: Matthews 0.50394, Accuracy: 77.77778, Loss: 0.011725116
18/18: Matthews 0.49515, Accuracy: 77.08333, Loss: 0.010723957
 
Best Matthews: 0.50759, Best Accuracy: 76.38889, Best Loss: 0.013091851 at epoch 12
Time Elasped: 00:00:46
========= Epoch 24 =========
9/18: Matthews 0.49935, Accuracy: 75.69444, Loss: 0.009320305
18/18: Matthews 0.49515, Accuracy: 77.08333, Loss: 0.009302412
 
Best Matthews: 0.50759, Best Accuracy: 76.38889, Best Loss: 0.013091851 at epoch 12
Time Elasped: 00:00:47
========= Epoch 25 =========
9/18: Matthews 0.51293, Accuracy: 78.47222, Loss: 0.009851290
18/18: Matthews 0.50759, Accuracy: 76.38889, Loss: 0.009317022
 
Best Matthews: 0.51293, Best Accuracy: 78.47222, Best Loss: 0.009851290 at epoch 25
Time Elasped: 00:00:50
========= Epoch 26 =========
9/18: Matthews 0.49515, Accuracy: 77.08333, Loss: 0.008547321
18/18: Matthews 0.49515, Accuracy: 77.08333, Loss: 0.009056883
 
Best Matthews: 0.51293, Best Accuracy: 78.47222, Best Loss: 0.009851290 at epoch 25
Time Elasped: 00:00:51
========= Epoch 27 =========
9/18: Matthews 0.53332, Accuracy: 78.47222, Loss: 0.009940815
18/18: Matthews 0.50394, Accuracy: 77.77778, Loss: 0.009806669
 
Best Matthews: 0.53332, Best Accuracy: 78.47222, Best Loss: 0.009940815 at epoch 27
Time Elasped: 00:00:53
========= Epoch 28 =========
9/18: Matthews 0.50394, Accuracy: 77.77778, Loss: 0.009389111
18/18: Matthews 0.51599, Accuracy: 77.08333, Loss: 0.009523291
 
Best Matthews: 0.53332, Best Accuracy: 78.47222, Best Loss: 0.009940815 at epoch 27
Time Elasped: 00:00:54
========= Epoch 29 =========
9/18: Matthews 0.50759, Accuracy: 76.38889, Loss: 0.008820565
18/18: Matthews 0.52456, Accuracy: 77.77778, Loss: 0.009140261
 
Best Matthews: 0.53332, Best Accuracy: 78.47222, Best Loss: 0.009940815 at epoch 27
Time Elasped: 00:00:56
========= Epoch 30 =========
9/18: Matthews 0.53332, Accuracy: 78.47222, Loss: 0.008929415
18/18: Matthews 0.53332, Accuracy: 78.47222, Loss: 0.009553659
 
Best Matthews: 0.53332, Best Accuracy: 78.47222, Best Loss: 0.009940815 at epoch 27
Time Elasped: 00:00:57
========= Epoch 31 =========
9/18: Matthews 0.54228, Accuracy: 79.16667, Loss: 0.010677335
18/18: Matthews 0.55144, Accuracy: 79.86111, Loss: 0.011080744
 
Best Matthews: 0.55144, Best Accuracy: 79.86111, Best Loss: 0.011080744 at epoch 31
Time Elasped: 00:01:03
========= Epoch 32 =========
9/18: Matthews 0.55144, Accuracy: 79.86111, Loss: 0.010519965
18/18: Matthews 0.57042, Accuracy: 81.25000, Loss: 0.010004164
 
Best Matthews: 0.57042, Best Accuracy: 81.25000, Best Loss: 0.010004164 at epoch 32
Time Elasped: 00:01:12
========= Epoch 33 =========
9/18: Matthews 0.58026, Accuracy: 81.94444, Loss: 0.009741880
18/18: Matthews 0.54228, Accuracy: 79.16667, Loss: 0.009430184
 
Best Matthews: 0.58026, Best Accuracy: 81.94444, Best Loss: 0.009741880 at epoch 33
Time Elasped: 00:01:16
========= Epoch 34 =========
9/18: Matthews 0.59036, Accuracy: 82.63889, Loss: 0.010019821
18/18: Matthews 0.59036, Accuracy: 82.63889, Loss: 0.010057821
 
Best Matthews: 0.59036, Best Accuracy: 82.63889, Best Loss: 0.010019821 at epoch 34
Time Elasped: 00:01:23
========= Epoch 35 =========
9/18: Matthews 0.51599, Accuracy: 77.08333, Loss: 0.007551554
18/18: Matthews 0.55144, Accuracy: 79.86111, Loss: 0.008244015
 
Best Matthews: 0.59036, Best Accuracy: 82.63889, Best Loss: 0.010019821 at epoch 34
Time Elasped: 00:01:24
========= Epoch 36 =========
9/18: Matthews 0.61627, Accuracy: 85.41667, Loss: 0.013237147
18/18: Matthews 0.61627, Accuracy: 85.41667, Loss: 0.012826727
 
Best Matthews: 0.61627, Best Accuracy: 85.41667, Best Loss: 0.013237147 at epoch 36
Time Elasped: 00:01:29
========= Epoch 37 =========
9/18: Matthews 0.60460, Accuracy: 84.72222, Loss: 0.011293984
18/18: Matthews 0.60460, Accuracy: 84.72222, Loss: 0.010989186
 
Best Matthews: 0.61627, Best Accuracy: 85.41667, Best Loss: 0.013237147 at epoch 36
Time Elasped: 00:01:30
========= Epoch 38 =========
9/18: Matthews 0.60073, Accuracy: 83.33333, Loss: 0.010459815
18/18: Matthews 0.60073, Accuracy: 83.33333, Loss: 0.010342704
 
Best Matthews: 0.61627, Best Accuracy: 85.41667, Best Loss: 0.013237147 at epoch 36
Time Elasped: 00:01:31
========= Epoch 39 =========
9/18: Matthews 0.54579, Accuracy: 83.33333, Loss: 0.010172734
18/18: Matthews 0.59328, Accuracy: 84.02778, Loss: 0.009722778
 
Best Matthews: 0.61627, Best Accuracy: 85.41667, Best Loss: 0.013237147 at epoch 36
Time Elasped: 00:01:32
========= Epoch 40 =========
9/18: Matthews 0.59328, Accuracy: 84.02778, Loss: 0.010166502
18/18: Matthews 0.60073, Accuracy: 83.33333, Loss: 0.010966180
 
Best Matthews: 0.61627, Best Accuracy: 85.41667, Best Loss: 0.013237147 at epoch 36
Time Elasped: 00:01:33
========= Epoch 41 =========
9/18: Matthews 0.58026, Accuracy: 81.94444, Loss: 0.011308975
18/18: Matthews 0.61139, Accuracy: 84.02778, Loss: 0.010846164
 
Best Matthews: 0.61627, Best Accuracy: 85.41667, Best Loss: 0.013237147 at epoch 36
Time Elasped: 00:01:35
========= Epoch 42 =========
9/18: Matthews 0.59328, Accuracy: 84.02778, Loss: 0.009444899
18/18: Matthews 0.60460, Accuracy: 84.72222, Loss: 0.009291488
 
Best Matthews: 0.61627, Best Accuracy: 85.41667, Best Loss: 0.013237147 at epoch 36
Time Elasped: 00:01:36
========= Epoch 43 =========
9/18: Matthews 0.56965, Accuracy: 84.72222, Loss: 0.009076057
18/18: Matthews 0.60460, Accuracy: 84.72222, Loss: 0.008982761
 
Best Matthews: 0.61627, Best Accuracy: 85.41667, Best Loss: 0.013237147 at epoch 36
Time Elasped: 00:01:37
========= Epoch 44 =========
9/18: Matthews 0.60460, Accuracy: 84.72222, Loss: 0.009735703
18/18: Matthews 0.60073, Accuracy: 83.33333, Loss: 0.010648560
 
Best Matthews: 0.61627, Best Accuracy: 85.41667, Best Loss: 0.013237147 at epoch 36
Time Elasped: 00:01:38
========= Epoch 45 =========
9/18: Matthews 0.61139, Accuracy: 84.02778, Loss: 0.010913417
18/18: Matthews 0.62830, Accuracy: 86.11111, Loss: 0.011842948
 
Best Matthews: 0.62830, Best Accuracy: 86.11111, Best Loss: 0.011842948 at epoch 45
Time Elasped: 00:01:44
========= Epoch 46 =========
9/18: Matthews 0.62830, Accuracy: 86.11111, Loss: 0.011878277
18/18: Matthews 0.61627, Accuracy: 85.41667, Loss: 0.010892491
 
Best Matthews: 0.62830, Best Accuracy: 86.11111, Best Loss: 0.011842948 at epoch 45
Time Elasped: 00:01:45
========= Epoch 47 =========
9/18: Matthews 0.61627, Accuracy: 85.41667, Loss: 0.010408784
18/18: Matthews 0.61139, Accuracy: 84.02778, Loss: 0.010192177
 
Best Matthews: 0.62830, Best Accuracy: 86.11111, Best Loss: 0.011842948 at epoch 45
Time Elasped: 00:01:46
========= Epoch 48 =========
9/18: Matthews 0.59036, Accuracy: 82.63889, Loss: 0.011136125
18/18: Matthews 0.62452, Accuracy: 86.80556, Loss: 0.013543765
 
Best Matthews: 0.62830, Best Accuracy: 86.11111, Best Loss: 0.011842948 at epoch 45
Time Elasped: 00:01:48
========= Epoch 49 =========
9/18: Matthews 0.59515, Accuracy: 86.11111, Loss: 0.013799089
18/18: Matthews 0.62830, Accuracy: 86.11111, Loss: 0.011279133
 
Best Matthews: 0.62830, Best Accuracy: 86.11111, Best Loss: 0.011842948 at epoch 45
Time Elasped: 00:01:49
========= Epoch 50 =========
9/18: Matthews 0.60460, Accuracy: 84.72222, Loss: 0.009708227
18/18: Matthews 0.62830, Accuracy: 86.11111, Loss: 0.010524806
 
Best Matthews: 0.62830, Best Accuracy: 86.11111, Best Loss: 0.011842948 at epoch 45
Time Elasped: 00:01:50
========= Epoch 51 =========
9/18: Matthews 0.65357, Accuracy: 87.50000, Loss: 0.012268970
18/18: Matthews 0.65357, Accuracy: 87.50000, Loss: 0.013908178
 
Best Matthews: 0.65357, Best Accuracy: 87.50000, Best Loss: 0.012268970 at epoch 51
Time Elasped: 00:01:55
========= Epoch 52 =========
9/18: Matthews 0.62452, Accuracy: 86.80556, Loss: 0.015044244
18/18: Matthews 0.64073, Accuracy: 86.80556, Loss: 0.014771490
 
Best Matthews: 0.65357, Best Accuracy: 87.50000, Best Loss: 0.012268970 at epoch 51
Time Elasped: 00:01:56
========= Epoch 53 =========
9/18: Matthews 0.65357, Accuracy: 87.50000, Loss: 0.014650661
18/18: Matthews 0.64073, Accuracy: 86.80556, Loss: 0.011532820
 
Best Matthews: 0.65357, Best Accuracy: 87.50000, Best Loss: 0.012268970 at epoch 51
Time Elasped: 00:01:57
========= Epoch 54 =========
9/18: Matthews 0.61627, Accuracy: 85.41667, Loss: 0.009943873
18/18: Matthews 0.61627, Accuracy: 85.41667, Loss: 0.010074550
 
Best Matthews: 0.65357, Best Accuracy: 87.50000, Best Loss: 0.012268970 at epoch 51
Time Elasped: 00:01:58
========= Epoch 55 =========
9/18: Matthews 0.62252, Accuracy: 87.50000, Loss: 0.012870514
18/18: Matthews 0.64073, Accuracy: 86.80556, Loss: 0.012958396
 
Best Matthews: 0.65357, Best Accuracy: 87.50000, Best Loss: 0.012268970 at epoch 51
Time Elasped: 00:02:00
========= Epoch 56 =========
9/18: Matthews 0.60460, Accuracy: 84.72222, Loss: 0.013777428
18/18: Matthews 0.64073, Accuracy: 86.80556, Loss: 0.013503290
 
Best Matthews: 0.65357, Best Accuracy: 87.50000, Best Loss: 0.012268970 at epoch 51
Time Elasped: 00:02:01
========= Epoch 57 =========
9/18: Matthews 0.62452, Accuracy: 86.80556, Loss: 0.011186460
18/18: Matthews 0.64073, Accuracy: 86.80556, Loss: 0.010449358
 
Best Matthews: 0.65357, Best Accuracy: 87.50000, Best Loss: 0.012268970 at epoch 51
Time Elasped: 00:02:02
========= Epoch 58 =========
9/18: Matthews 0.64073, Accuracy: 86.80556, Loss: 0.011656880
18/18: Matthews 0.62830, Accuracy: 86.11111, Loss: 0.013560928
 
Best Matthews: 0.65357, Best Accuracy: 87.50000, Best Loss: 0.012268970 at epoch 51
Time Elasped: 00:02:03
========= Epoch 59 =========
9/18: Matthews 0.62830, Accuracy: 86.11111, Loss: 0.013683058
18/18: Matthews 0.62830, Accuracy: 86.11111, Loss: 0.014865412
 
Best Matthews: 0.65357, Best Accuracy: 87.50000, Best Loss: 0.012268970 at epoch 51
Time Elasped: 00:02:04
========= Epoch 60 =========
9/18: Matthews 0.63789, Accuracy: 87.50000, Loss: 0.017544784
18/18: Matthews 0.61627, Accuracy: 85.41667, Loss: 0.016764747
 
Best Matthews: 0.65357, Best Accuracy: 87.50000, Best Loss: 0.012268970 at epoch 51
Time Elasped: 00:02:05
========= Epoch 61 =========
9/18: Matthews 0.63789, Accuracy: 87.50000, Loss: 0.016907520
18/18: Matthews 0.64073, Accuracy: 86.80556, Loss: 0.013411096
 
Best Matthews: 0.65357, Best Accuracy: 87.50000, Best Loss: 0.012268970 at epoch 51
Time Elasped: 00:02:06
========= Epoch 62 =========
9/18: Matthews 0.62452, Accuracy: 86.80556, Loss: 0.012396971
18/18: Matthews 0.61627, Accuracy: 85.41667, Loss: 0.012221706
 
Best Matthews: 0.65357, Best Accuracy: 87.50000, Best Loss: 0.012268970 at epoch 51
Time Elasped: 00:02:07
========= Epoch 63 =========
9/18: Matthews 0.64073, Accuracy: 86.80556, Loss: 0.012674608
18/18: Matthews 0.59328, Accuracy: 84.02778, Loss: 0.013954447
 
Best Matthews: 0.65357, Best Accuracy: 87.50000, Best Loss: 0.012268970 at epoch 51
Time Elasped: 00:02:09
========= Epoch 64 =========
9/18: Matthews 0.61627, Accuracy: 85.41667, Loss: 0.015822589
18/18: Matthews 0.62830, Accuracy: 86.11111, Loss: 0.014626308
 
Best Matthews: 0.65357, Best Accuracy: 87.50000, Best Loss: 0.012268970 at epoch 51
Time Elasped: 00:02:10
========= Epoch 65 =========
9/18: Matthews 0.60460, Accuracy: 84.72222, Loss: 0.015843441
18/18: Matthews 0.61627, Accuracy: 85.41667, Loss: 0.018424802
 
Best Matthews: 0.65357, Best Accuracy: 87.50000, Best Loss: 0.012268970 at epoch 51
Time Elasped: 00:02:11
========= Epoch 66 =========
9/18: Matthews 0.58218, Accuracy: 85.41667, Loss: 0.022037536
18/18: Matthews 0.62830, Accuracy: 86.11111, Loss: 0.015253686
 
Best Matthews: 0.65357, Best Accuracy: 87.50000, Best Loss: 0.012268970 at epoch 51
Time Elasped: 00:02:12
========= Epoch 67 =========
9/18: Matthews 0.62830, Accuracy: 86.11111, Loss: 0.013899098
18/18: Matthews 0.64073, Accuracy: 86.80556, Loss: 0.012325912
 
Best Matthews: 0.65357, Best Accuracy: 87.50000, Best Loss: 0.012268970 at epoch 51
Time Elasped: 00:02:13
========= Epoch 68 =========
9/18: Matthews 0.63789, Accuracy: 87.50000, Loss: 0.013931480
18/18: Matthews 0.62452, Accuracy: 86.80556, Loss: 0.015602064
 
Best Matthews: 0.65357, Best Accuracy: 87.50000, Best Loss: 0.012268970 at epoch 51
Time Elasped: 00:02:14
========= Epoch 69 =========
9/18: Matthews 0.62830, Accuracy: 86.11111, Loss: 0.014837671
18/18: Matthews 0.60460, Accuracy: 84.72222, Loss: 0.017140857
 
Best Matthews: 0.65357, Best Accuracy: 87.50000, Best Loss: 0.012268970 at epoch 51
Time Elasped: 00:02:15
========= Epoch 70 =========
9/18: Matthews 0.62830, Accuracy: 86.11111, Loss: 0.017033087
18/18: Matthews 0.65357, Accuracy: 87.50000, Loss: 0.017135049
 
Best Matthews: 0.65357, Best Accuracy: 87.50000, Best Loss: 0.012268970 at epoch 51
Time Elasped: 00:02:16
========= Epoch 71 =========
9/18: Matthews 0.66686, Accuracy: 88.19444, Loss: 0.018420786
18/18: Matthews 0.62452, Accuracy: 86.80556, Loss: 0.016028679
 
Best Matthews: 0.66686, Best Accuracy: 88.19444, Best Loss: 0.018420786 at epoch 71
Time Elasped: 00:02:20
========= Epoch 72 =========
9/18: Matthews 0.61627, Accuracy: 85.41667, Loss: 0.015008844
18/18: Matthews 0.62830, Accuracy: 86.11111, Loss: 0.014332511
 
Best Matthews: 0.66686, Best Accuracy: 88.19444, Best Loss: 0.018420786 at epoch 71
Time Elasped: 00:02:21
========= Epoch 73 =========
9/18: Matthews 0.65175, Accuracy: 88.19444, Loss: 0.015852099
18/18: Matthews 0.63789, Accuracy: 87.50000, Loss: 0.015119955
 
Best Matthews: 0.66686, Best Accuracy: 88.19444, Best Loss: 0.018420786 at epoch 71
Time Elasped: 00:02:22
========= Epoch 74 =========
9/18: Matthews 0.66614, Accuracy: 88.88889, Loss: 0.015168730
18/18: Matthews 0.62830, Accuracy: 86.11111, Loss: 0.011634972
 
Best Matthews: 0.66686, Best Accuracy: 88.19444, Best Loss: 0.018420786 at epoch 71
Time Elasped: 00:02:23
========= Epoch 75 =========
9/18: Matthews 0.54116, Accuracy: 80.55556, Loss: 0.008200002
18/18: Matthews 0.61161, Accuracy: 86.11111, Loss: 0.011057612
 
Best Matthews: 0.66686, Best Accuracy: 88.19444, Best Loss: 0.018420786 at epoch 71
Time Elasped: 00:02:24
========= Epoch 76 =========
9/18: Matthews 0.63789, Accuracy: 87.50000, Loss: 0.014466032
18/18: Matthews 0.62452, Accuracy: 86.80556, Loss: 0.017447568
 
Best Matthews: 0.66686, Best Accuracy: 88.19444, Best Loss: 0.018420786 at epoch 71
Time Elasped: 00:02:25
========= Epoch 77 =========
9/18: Matthews 0.62452, Accuracy: 86.80556, Loss: 0.019564357
18/18: Matthews 0.62452, Accuracy: 86.80556, Loss: 0.018758761
 
Best Matthews: 0.66686, Best Accuracy: 88.19444, Best Loss: 0.018420786 at epoch 71
Time Elasped: 00:02:26
========= Epoch 78 =========
9/18: Matthews 0.59913, Accuracy: 85.41667, Loss: 0.018309322
18/18: Matthews 0.62452, Accuracy: 86.80556, Loss: 0.016968005
 
Best Matthews: 0.66686, Best Accuracy: 88.19444, Best Loss: 0.018420786 at epoch 71
Time Elasped: 00:02:27
========= Epoch 79 =========
9/18: Matthews 0.62452, Accuracy: 86.80556, Loss: 0.014887707
18/18: Matthews 0.62830, Accuracy: 86.11111, Loss: 0.012946271
 
Best Matthews: 0.66686, Best Accuracy: 88.19444, Best Loss: 0.018420786 at epoch 71
Time Elasped: 00:02:29
========= Epoch 80 =========
9/18: Matthews 0.62452, Accuracy: 86.80556, Loss: 0.015065003
18/18: Matthews 0.65175, Accuracy: 88.19444, Loss: 0.016683302
 
Best Matthews: 0.66686, Best Accuracy: 88.19444, Best Loss: 0.018420786 at epoch 71
Time Elasped: 00:02:30
========= Epoch 81 =========
9/18: Matthews 0.66614, Accuracy: 88.88889, Loss: 0.019548605
18/18: Matthews 0.61161, Accuracy: 86.11111, Loss: 0.019242227
 
Best Matthews: 0.66686, Best Accuracy: 88.19444, Best Loss: 0.018420786 at epoch 71
Time Elasped: 00:02:31
========= Epoch 82 =========
9/18: Matthews 0.57158, Accuracy: 82.63889, Loss: 0.016297567
18/18: Matthews 0.64073, Accuracy: 86.80556, Loss: 0.017675314
 
Best Matthews: 0.66686, Best Accuracy: 88.19444, Best Loss: 0.018420786 at epoch 71
Time Elasped: 00:02:32
========= Epoch 83 =========
9/18: Matthews 0.65175, Accuracy: 88.19444, Loss: 0.017657527
18/18: Matthews 0.65175, Accuracy: 88.19444, Loss: 0.015699309
 
Best Matthews: 0.66686, Best Accuracy: 88.19444, Best Loss: 0.018420786 at epoch 71
Time Elasped: 00:02:33
========= Epoch 84 =========
9/18: Matthews 0.62830, Accuracy: 86.11111, Loss: 0.011788204
18/18: Matthews 0.61161, Accuracy: 86.11111, Loss: 0.012111950
 
Best Matthews: 0.66686, Best Accuracy: 88.19444, Best Loss: 0.018420786 at epoch 71
Time Elasped: 00:02:34
========= Epoch 85 =========
9/18: Matthews 0.66614, Accuracy: 88.88889, Loss: 0.018275027
18/18: Matthews 0.62452, Accuracy: 86.80556, Loss: 0.019283884
 
Best Matthews: 0.66686, Best Accuracy: 88.19444, Best Loss: 0.018420786 at epoch 71
Time Elasped: 00:02:35
========= Epoch 86 =========
9/18: Matthews 0.58228, Accuracy: 83.33333, Loss: 0.018081059
18/18: Matthews 0.58218, Accuracy: 85.41667, Loss: 0.021500720
 
Best Matthews: 0.66686, Best Accuracy: 88.19444, Best Loss: 0.018420786 at epoch 71
Time Elasped: 00:02:37
========= Epoch 87 =========
9/18: Matthews 0.60745, Accuracy: 87.50000, Loss: 0.021980688
18/18: Matthews 0.59515, Accuracy: 86.11111, Loss: 0.020540949
 
Best Matthews: 0.66686, Best Accuracy: 88.19444, Best Loss: 0.018420786 at epoch 71
Time Elasped: 00:02:38
========= Epoch 88 =========
9/18: Matthews 0.62830, Accuracy: 86.11111, Loss: 0.014973962
18/18: Matthews 0.61627, Accuracy: 85.41667, Loss: 0.016483366
 
Best Matthews: 0.66686, Best Accuracy: 88.19444, Best Loss: 0.018420786 at epoch 71
Time Elasped: 00:02:39
========= Epoch 89 =========
9/18: Matthews 0.52335, Accuracy: 81.94444, Loss: 0.020685734
18/18: Matthews 0.59515, Accuracy: 86.11111, Loss: 0.023512309
 
Best Matthews: 0.66686, Best Accuracy: 88.19444, Best Loss: 0.018420786 at epoch 71
Time Elasped: 00:02:40
========= Epoch 90 =========
9/18: Matthews 0.55753, Accuracy: 84.02778, Loss: 0.022814060
18/18: Matthews 0.51600, Accuracy: 85.41667, Loss: 0.029562245
 
Best Matthews: 0.66686, Best Accuracy: 88.19444, Best Loss: 0.018420786 at epoch 71
Time Elasped: 00:02:41
========= Epoch 91 =========
9/18: Matthews 0.52224, Accuracy: 84.02778, Loss: 0.027357280
18/18: Matthews 0.48440, Accuracy: 84.72222, Loss: 0.029782871
 
Best Matthews: 0.66686, Best Accuracy: 88.19444, Best Loss: 0.018420786 at epoch 71
Time Elasped: 00:02:42
========= Epoch 92 =========
Early Stopping activated
 
Best Matthews: 0.66686, Best Accuracy: 88.19444, Best Loss: 0.018420786 at epoch 71
Time Elasped: 00:02:45
Test Set:
0/0: Matthews 0.61754, Accuracy: 86.28692, Loss: 0.017282778
