Namespace(batch_size=32, buffer_size=1, by_source=False, crop_pad_length=30, data='./acceptability_corpus/verb_classes/inchoative', data_type='discriminator', dropout=0.5, embedding='glove.6B.300d', embedding_path='/scratch/asw462/models/elmo_encoder/elmo.emb', embedding_size=217, encoder_num_layers=2, encoder_path='/scratch/asw462/models/elmo_encoder/elmo.pth', encoding_size=528, encoding_type='lstm_pooling_classifier', epochs=1000, evaluate_train=False, experiment_name='experiment_linear_classifier_h_80_l_3_lr_0.0001_e_217_do_0.5', glove=False, gpu=True, hidden_size=80, imbalance=True, learning_rate=0.0001, lm_path=None, logs_dir='/scratch/asw462/logs/verb_classes/inchoative', max_pool=False, model='linear_classifier', num_layers=3, output_dir='/scratch/asw462/logs/verb_classes/outputs/inchoative', patience=20, preprocess_tokenizer='space', prints_per_stage=1, resume=True, resume_file=None, save_loc='/scratch/asw462/models/verb_classes/inchoative', seed=1111, should_not_log=False, should_not_lowercase=False, should_not_preprocess_data=False, stages_per_epoch=2, train_embeddings=False, train_evaluate_interval=10, vocab_file='/scratch/asw462/data/vocab_100k.tsv')
======== General =======
Model: linear_classifier
GPU: True
Experiment Name: experiment_linear_classifier_h_80_l_3_lr_0.0001_e_217_do_0.5
Save location: /scratch/asw462/models/verb_classes/inchoative
Logs dir: /scratch/asw462/logs/verb_classes/inchoative
Timestamp: 2018/08/02 04:36:22
 
======== Data =======
Training set: 550 examples
Validation set: 144 examples
Test set: 474 examples
 
======= Parameters =======
Learning Rate: 0.000100
Batch Size: 32
Epochs: 1000
Patience: 20
Stages per Epoch: 2
Embedding: 100004 x 217
Number of layers: 3
Hidden Size: 80
Encoder Size: 528
Resume: True
 
======= Model =======
LinearClassifierWithEncoder(
  (model): LinearClassifier(
    (dropout): Dropout(p=0.5)
    (enc2h): Linear(in_features=1056, out_features=80, bias=True)
    (h20): Linear(in_features=80, out_features=1, bias=True)
    (sigmoid): Sigmoid()
    (tanh): Tanh()
    (softmax): Softmax()
  )
  (encoder): LSTMPoolingClassifierWithELMo(
    (elmo): ELMOClassifier(
      (lm): LSTMLanguageModel(
        (dropout): Dropout(p=0.2)
        (embedding): Embedding(100003, 217)
        (lstm): LSTM(217, 891, num_layers=2, dropout=0.2)
        (fc): Linear(in_features=891, out_features=100003, bias=True)
      )
      (lstms): ModuleList(
        (0): LSTM(217, 891, batch_first=True)
        (1): LSTM(891, 891, batch_first=True)
      )
      (dropout): Dropout(p=0.2)
      (linear_comb): Linear(in_features=2, out_features=1, bias=True)
      (fc1): Linear(in_features=891, out_features=528, bias=True)
      (relu): ReLU()
      (out): Linear(in_features=528, out_features=1, bias=True)
      (sigmoid): Sigmoid()
    )
    (pooling_classifier): LSTMPoolingClassifier(
      (ih2h): LSTM(891, 528, num_layers=3, batch_first=True, dropout=0.2, bidirectional=True)
      (pool2o): Linear(in_features=1056, out_features=1, bias=True)
      (sigmoid): Sigmoid()
      (softmax): Softmax()
      (dropout): Dropout(p=0.2)
    )
  )
)
 
========= Epoch 1 =========
9/18: Matthews 0.33951, Accuracy: 76.38889, Loss: 0.031267729
18/18: Matthews 0.34956, Accuracy: 78.47222, Loss: 0.028562483
 
Best Matthews: 0.34956, Best Accuracy: 78.47222, Best Loss: 0.028562483 at epoch 1
Time Elasped: 00:00:09
========= Epoch 2 =========
9/18: Matthews 0.34956, Accuracy: 78.47222, Loss: 0.026715385
18/18: Matthews 0.34956, Accuracy: 78.47222, Loss: 0.024695257
 
Best Matthews: 0.34956, Best Accuracy: 78.47222, Best Loss: 0.028562483 at epoch 1
Time Elasped: 00:00:10
========= Epoch 3 =========
9/18: Matthews 0.34956, Accuracy: 78.47222, Loss: 0.023042881
18/18: Matthews 0.40182, Accuracy: 79.16667, Loss: 0.021306515
 
Best Matthews: 0.40182, Best Accuracy: 79.16667, Best Loss: 0.021306515 at epoch 3
Time Elasped: 00:00:13
========= Epoch 4 =========
9/18: Matthews 0.41160, Accuracy: 78.47222, Loss: 0.020053317
18/18: Matthews 0.43193, Accuracy: 78.47222, Loss: 0.019147214
 
Best Matthews: 0.43193, Best Accuracy: 78.47222, Best Loss: 0.019147214 at epoch 4
Time Elasped: 00:00:16
========= Epoch 5 =========
9/18: Matthews 0.41160, Accuracy: 78.47222, Loss: 0.018600176
18/18: Matthews 0.46209, Accuracy: 79.16667, Loss: 0.017865169
 
Best Matthews: 0.46209, Best Accuracy: 79.16667, Best Loss: 0.017865169 at epoch 5
Time Elasped: 00:00:19
========= Epoch 6 =========
9/18: Matthews 0.43308, Accuracy: 77.08333, Loss: 0.017237685
18/18: Matthews 0.42386, Accuracy: 76.38889, Loss: 0.016518972
 
Best Matthews: 0.46209, Best Accuracy: 79.16667, Best Loss: 0.017865169 at epoch 5
Time Elasped: 00:00:20
========= Epoch 7 =========
9/18: Matthews 0.38894, Accuracy: 73.61111, Loss: 0.015797334
18/18: Matthews 0.39740, Accuracy: 74.30556, Loss: 0.015153858
 
Best Matthews: 0.46209, Best Accuracy: 79.16667, Best Loss: 0.017865169 at epoch 5
Time Elasped: 00:00:22
========= Epoch 8 =========
9/18: Matthews 0.42386, Accuracy: 76.38889, Loss: 0.014647954
18/18: Matthews 0.42386, Accuracy: 76.38889, Loss: 0.014323860
 
Best Matthews: 0.46209, Best Accuracy: 79.16667, Best Loss: 0.017865169 at epoch 5
Time Elasped: 00:00:23
========= Epoch 9 =========
9/18: Matthews 0.44024, Accuracy: 74.30556, Loss: 0.014088111
18/18: Matthews 0.44024, Accuracy: 74.30556, Loss: 0.014089747
 
Best Matthews: 0.46209, Best Accuracy: 79.16667, Best Loss: 0.017865169 at epoch 5
Time Elasped: 00:00:24
========= Epoch 10 =========
9/18: Matthews 0.43212, Accuracy: 73.61111, Loss: 0.013844121
18/18: Matthews 0.46175, Accuracy: 74.30556, Loss: 0.013740574
 
Best Matthews: 0.46209, Best Accuracy: 79.16667, Best Loss: 0.017865169 at epoch 5
Time Elasped: 00:00:25
========= Epoch 11 =========
9/18: Matthews 0.44853, Accuracy: 75.00000, Loss: 0.013537544
18/18: Matthews 0.44024, Accuracy: 74.30556, Loss: 0.013406235
 
Best Matthews: 0.46209, Best Accuracy: 79.16667, Best Loss: 0.017865169 at epoch 5
Time Elasped: 00:00:26
========= Epoch 12 =========
9/18: Matthews 0.44024, Accuracy: 74.30556, Loss: 0.012844023
18/18: Matthews 0.46175, Accuracy: 74.30556, Loss: 0.012683590
 
Best Matthews: 0.46209, Best Accuracy: 79.16667, Best Loss: 0.017865169 at epoch 5
Time Elasped: 00:00:27
========= Epoch 13 =========
9/18: Matthews 0.45379, Accuracy: 73.61111, Loss: 0.012488647
18/18: Matthews 0.45379, Accuracy: 73.61111, Loss: 0.012380844
 
Best Matthews: 0.46209, Best Accuracy: 79.16667, Best Loss: 0.017865169 at epoch 5
Time Elasped: 00:00:28
========= Epoch 14 =========
9/18: Matthews 0.48336, Accuracy: 74.30556, Loss: 0.012466754
18/18: Matthews 0.48336, Accuracy: 74.30556, Loss: 0.012472472
 
Best Matthews: 0.48336, Best Accuracy: 74.30556, Best Loss: 0.012466754 at epoch 14
Time Elasped: 00:00:31
========= Epoch 15 =========
9/18: Matthews 0.45379, Accuracy: 73.61111, Loss: 0.012745492
18/18: Matthews 0.42414, Accuracy: 72.91667, Loss: 0.012884751
 
Best Matthews: 0.48336, Best Accuracy: 74.30556, Best Loss: 0.012466754 at epoch 14
Time Elasped: 00:00:33
========= Epoch 16 =========
9/18: Matthews 0.45698, Accuracy: 75.69444, Loss: 0.013068727
18/18: Matthews 0.43212, Accuracy: 73.61111, Loss: 0.012992091
 
Best Matthews: 0.48336, Best Accuracy: 74.30556, Best Loss: 0.012466754 at epoch 14
Time Elasped: 00:00:34
========= Epoch 17 =========
9/18: Matthews 0.46175, Accuracy: 74.30556, Loss: 0.013326486
18/18: Matthews 0.49128, Accuracy: 75.00000, Loss: 0.013221392
 
Best Matthews: 0.49128, Best Accuracy: 75.00000, Best Loss: 0.013221392 at epoch 17
Time Elasped: 00:00:37
========= Epoch 18 =========
9/18: Matthews 0.49128, Accuracy: 75.00000, Loss: 0.012785145
18/18: Matthews 0.49128, Accuracy: 75.00000, Loss: 0.012529593
 
Best Matthews: 0.49128, Best Accuracy: 75.00000, Best Loss: 0.013221392 at epoch 17
Time Elasped: 00:00:38
========= Epoch 19 =========
9/18: Matthews 0.49935, Accuracy: 75.69444, Loss: 0.012916257
18/18: Matthews 0.49935, Accuracy: 75.69444, Loss: 0.012706225
 
Best Matthews: 0.49935, Best Accuracy: 75.69444, Best Loss: 0.012916257 at epoch 19
Time Elasped: 00:00:41
========= Epoch 20 =========
9/18: Matthews 0.49935, Accuracy: 75.69444, Loss: 0.012642902
18/18: Matthews 0.49935, Accuracy: 75.69444, Loss: 0.012474600
 
Best Matthews: 0.49935, Best Accuracy: 75.69444, Best Loss: 0.012916257 at epoch 19
Time Elasped: 00:00:42
========= Epoch 21 =========
9/18: Matthews 0.49935, Accuracy: 75.69444, Loss: 0.012374130
18/18: Matthews 0.49935, Accuracy: 75.69444, Loss: 0.011968593
 
Best Matthews: 0.49935, Best Accuracy: 75.69444, Best Loss: 0.012916257 at epoch 19
Time Elasped: 00:00:43
========= Epoch 22 =========
9/18: Matthews 0.49935, Accuracy: 75.69444, Loss: 0.011723701
18/18: Matthews 0.49935, Accuracy: 75.69444, Loss: 0.011526336
 
Best Matthews: 0.49935, Best Accuracy: 75.69444, Best Loss: 0.012916257 at epoch 19
Time Elasped: 00:00:44
========= Epoch 23 =========
9/18: Matthews 0.46985, Accuracy: 75.00000, Loss: 0.011936788
18/18: Matthews 0.46985, Accuracy: 75.00000, Loss: 0.012275958
 
Best Matthews: 0.49935, Best Accuracy: 75.69444, Best Loss: 0.012916257 at epoch 19
Time Elasped: 00:00:45
========= Epoch 24 =========
9/18: Matthews 0.47811, Accuracy: 75.69444, Loss: 0.011734519
18/18: Matthews 0.46985, Accuracy: 75.00000, Loss: 0.011963218
 
Best Matthews: 0.49935, Best Accuracy: 75.69444, Best Loss: 0.012916257 at epoch 19
Time Elasped: 00:00:46
========= Epoch 25 =========
9/18: Matthews 0.46175, Accuracy: 74.30556, Loss: 0.012139851
18/18: Matthews 0.44598, Accuracy: 72.91667, Loss: 0.012067848
 
Best Matthews: 0.49935, Best Accuracy: 75.69444, Best Loss: 0.012916257 at epoch 19
Time Elasped: 00:00:48
========= Epoch 26 =========
9/18: Matthews 0.46985, Accuracy: 75.00000, Loss: 0.011774873
18/18: Matthews 0.46985, Accuracy: 75.00000, Loss: 0.011124921
 
Best Matthews: 0.49935, Best Accuracy: 75.69444, Best Loss: 0.012916257 at epoch 19
Time Elasped: 00:00:49
========= Epoch 27 =========
9/18: Matthews 0.46985, Accuracy: 75.00000, Loss: 0.010887616
18/18: Matthews 0.46985, Accuracy: 75.00000, Loss: 0.011003961
 
Best Matthews: 0.49935, Best Accuracy: 75.69444, Best Loss: 0.012916257 at epoch 19
Time Elasped: 00:00:50
========= Epoch 28 =========
9/18: Matthews 0.48655, Accuracy: 76.38889, Loss: 0.011659191
18/18: Matthews 0.46175, Accuracy: 74.30556, Loss: 0.011513056
 
Best Matthews: 0.49935, Best Accuracy: 75.69444, Best Loss: 0.012916257 at epoch 19
Time Elasped: 00:00:51
========= Epoch 29 =========
9/18: Matthews 0.48655, Accuracy: 76.38889, Loss: 0.011483787
18/18: Matthews 0.48655, Accuracy: 76.38889, Loss: 0.011391272
 
Best Matthews: 0.49935, Best Accuracy: 75.69444, Best Loss: 0.012916257 at epoch 19
Time Elasped: 00:00:52
========= Epoch 30 =========
9/18: Matthews 0.46985, Accuracy: 75.00000, Loss: 0.011023748
18/18: Matthews 0.47811, Accuracy: 75.69444, Loss: 0.010612880
 
Best Matthews: 0.49935, Best Accuracy: 75.69444, Best Loss: 0.012916257 at epoch 19
Time Elasped: 00:00:53
========= Epoch 31 =========
9/18: Matthews 0.46175, Accuracy: 74.30556, Loss: 0.010483235
18/18: Matthews 0.46985, Accuracy: 75.00000, Loss: 0.010513720
 
Best Matthews: 0.49935, Best Accuracy: 75.69444, Best Loss: 0.012916257 at epoch 19
Time Elasped: 00:00:54
========= Epoch 32 =========
9/18: Matthews 0.48655, Accuracy: 76.38889, Loss: 0.010739802
18/18: Matthews 0.48655, Accuracy: 76.38889, Loss: 0.010736438
 
Best Matthews: 0.49935, Best Accuracy: 75.69444, Best Loss: 0.012916257 at epoch 19
Time Elasped: 00:00:55
========= Epoch 33 =========
9/18: Matthews 0.48655, Accuracy: 76.38889, Loss: 0.010603542
18/18: Matthews 0.48655, Accuracy: 76.38889, Loss: 0.010012900
 
Best Matthews: 0.49935, Best Accuracy: 75.69444, Best Loss: 0.012916257 at epoch 19
Time Elasped: 00:00:57
========= Epoch 34 =========
9/18: Matthews 0.48655, Accuracy: 76.38889, Loss: 0.010409251
18/18: Matthews 0.48655, Accuracy: 76.38889, Loss: 0.010091747
 
Best Matthews: 0.49935, Best Accuracy: 75.69444, Best Loss: 0.012916257 at epoch 19
Time Elasped: 00:00:58
========= Epoch 35 =========
9/18: Matthews 0.48655, Accuracy: 76.38889, Loss: 0.009525379
18/18: Matthews 0.48655, Accuracy: 76.38889, Loss: 0.009499682
 
Best Matthews: 0.49935, Best Accuracy: 75.69444, Best Loss: 0.012916257 at epoch 19
Time Elasped: 00:00:59
========= Epoch 36 =========
9/18: Matthews 0.48655, Accuracy: 76.38889, Loss: 0.009429082
18/18: Matthews 0.48655, Accuracy: 76.38889, Loss: 0.009405777
 
Best Matthews: 0.49935, Best Accuracy: 75.69444, Best Loss: 0.012916257 at epoch 19
Time Elasped: 00:01:00
========= Epoch 37 =========
9/18: Matthews 0.48655, Accuracy: 76.38889, Loss: 0.009523294
18/18: Matthews 0.49515, Accuracy: 77.08333, Loss: 0.009634851
 
Best Matthews: 0.49935, Best Accuracy: 75.69444, Best Loss: 0.012916257 at epoch 19
Time Elasped: 00:01:01
========= Epoch 38 =========
9/18: Matthews 0.49515, Accuracy: 77.08333, Loss: 0.009290149
18/18: Matthews 0.48655, Accuracy: 76.38889, Loss: 0.009339856
 
Best Matthews: 0.49935, Best Accuracy: 75.69444, Best Loss: 0.012916257 at epoch 19
Time Elasped: 00:01:02
========= Epoch 39 =========
9/18: Matthews 0.48655, Accuracy: 76.38889, Loss: 0.009665706
18/18: Matthews 0.48655, Accuracy: 76.38889, Loss: 0.010005084
 
Best Matthews: 0.49935, Best Accuracy: 75.69444, Best Loss: 0.012916257 at epoch 19
Time Elasped: 00:01:03
========= Epoch 40 =========
Early Stopping activated
 
Best Matthews: 0.49935, Best Accuracy: 75.69444, Best Loss: 0.012916257 at epoch 19
Time Elasped: 00:01:06
Test Set:
0/0: Matthews 0.51870, Accuracy: 80.80169, Loss: 0.017799458
