Namespace(batch_size=32, buffer_size=1, by_source=False, crop_pad_length=30, data='./acceptability_corpus/verb_classes/inchoative', data_type='discriminator', dropout=0.2, embedding='glove.6B.300d', embedding_path='/scratch/asw462/models/elmo_encoder/elmo.emb', embedding_size=217, encoder_num_layers=2, encoder_path='/scratch/asw462/models/elmo_encoder/elmo.pth', encoding_size=528, encoding_type='lstm_pooling_classifier', epochs=1000, evaluate_train=False, experiment_name='experiment_linear_classifier_h_180_l_2_lr_0.0001_e_217_do_0.2', glove=False, gpu=True, hidden_size=180, imbalance=True, learning_rate=6e-05, lm_path=None, logs_dir='/scratch/asw462/logs/verb_classes/inchoative', max_pool=False, model='linear_classifier', num_layers=2, output_dir='/scratch/asw462/logs/verb_classes/outputs/inchoative', patience=20, preprocess_tokenizer='space', prints_per_stage=1, resume=True, resume_file=None, save_loc='/scratch/asw462/models/verb_classes/inchoative', seed=1111, should_not_log=False, should_not_lowercase=False, should_not_preprocess_data=False, stages_per_epoch=2, train_embeddings=False, train_evaluate_interval=10, vocab_file='/scratch/asw462/data/vocab_100k.tsv')
======== General =======
Model: linear_classifier
GPU: True
Experiment Name: experiment_linear_classifier_h_180_l_2_lr_0.0001_e_217_do_0.2
Save location: /scratch/asw462/models/verb_classes/inchoative
Logs dir: /scratch/asw462/logs/verb_classes/inchoative
Timestamp: 2018/08/02 04:38:31
 
======== Data =======
Training set: 550 examples
Validation set: 144 examples
Test set: 474 examples
 
======= Parameters =======
Learning Rate: 0.000060
Batch Size: 32
Epochs: 1000
Patience: 20
Stages per Epoch: 2
Embedding: 100004 x 217
Number of layers: 2
Hidden Size: 180
Encoder Size: 528
Resume: True
 
======= Model =======
LinearClassifierWithEncoder(
  (model): LinearClassifier(
    (dropout): Dropout(p=0.2)
    (enc2h): Linear(in_features=1056, out_features=180, bias=True)
    (h20): Linear(in_features=180, out_features=1, bias=True)
    (sigmoid): Sigmoid()
    (tanh): Tanh()
    (softmax): Softmax()
  )
  (encoder): LSTMPoolingClassifierWithELMo(
    (elmo): ELMOClassifier(
      (lm): LSTMLanguageModel(
        (dropout): Dropout(p=0.2)
        (embedding): Embedding(100003, 217)
        (lstm): LSTM(217, 891, num_layers=2, dropout=0.2)
        (fc): Linear(in_features=891, out_features=100003, bias=True)
      )
      (lstms): ModuleList(
        (0): LSTM(217, 891, batch_first=True)
        (1): LSTM(891, 891, batch_first=True)
      )
      (dropout): Dropout(p=0.2)
      (linear_comb): Linear(in_features=2, out_features=1, bias=True)
      (fc1): Linear(in_features=891, out_features=528, bias=True)
      (relu): ReLU()
      (out): Linear(in_features=528, out_features=1, bias=True)
      (sigmoid): Sigmoid()
    )
    (pooling_classifier): LSTMPoolingClassifier(
      (ih2h): LSTM(891, 528, num_layers=3, batch_first=True, dropout=0.2, bidirectional=True)
      (pool2o): Linear(in_features=1056, out_features=1, bias=True)
      (sigmoid): Sigmoid()
      (softmax): Softmax()
      (dropout): Dropout(p=0.2)
    )
  )
)
 
========= Epoch 1 =========
9/18: Matthews 0.36079, Accuracy: 79.16667, Loss: 0.033379224
18/18: Matthews 0.36079, Accuracy: 79.16667, Loss: 0.029545281
 
Best Matthews: 0.36079, Best Accuracy: 79.16667, Best Loss: 0.033379224 at epoch 1
Time Elasped: 00:00:07
========= Epoch 2 =========
9/18: Matthews 0.39273, Accuracy: 79.86111, Loss: 0.026774949
18/18: Matthews 0.42417, Accuracy: 80.55556, Loss: 0.023817647
 
Best Matthews: 0.42417, Best Accuracy: 80.55556, Best Loss: 0.023817647 at epoch 2
Time Elasped: 00:00:11
========= Epoch 3 =========
9/18: Matthews 0.40182, Accuracy: 79.16667, Loss: 0.022117305
18/18: Matthews 0.40182, Accuracy: 79.16667, Loss: 0.020486795
 
Best Matthews: 0.42417, Best Accuracy: 80.55556, Best Loss: 0.023817647 at epoch 2
Time Elasped: 00:00:13
========= Epoch 4 =========
9/18: Matthews 0.38076, Accuracy: 77.77778, Loss: 0.019443815
18/18: Matthews 0.41160, Accuracy: 78.47222, Loss: 0.018766867
 
Best Matthews: 0.42417, Best Accuracy: 80.55556, Best Loss: 0.023817647 at epoch 2
Time Elasped: 00:00:14
========= Epoch 5 =========
9/18: Matthews 0.41160, Accuracy: 78.47222, Loss: 0.017371843
18/18: Matthews 0.43308, Accuracy: 77.08333, Loss: 0.016713119
 
Best Matthews: 0.43308, Best Accuracy: 77.08333, Best Loss: 0.016713119 at epoch 5
Time Elasped: 00:00:16
========= Epoch 6 =========
9/18: Matthews 0.47442, Accuracy: 77.08333, Loss: 0.016447531
18/18: Matthews 0.47442, Accuracy: 77.08333, Loss: 0.015983403
 
Best Matthews: 0.47442, Best Accuracy: 77.08333, Best Loss: 0.016447531 at epoch 6
Time Elasped: 00:00:19
========= Epoch 7 =========
9/18: Matthews 0.44853, Accuracy: 75.00000, Loss: 0.015883179
18/18: Matthews 0.44853, Accuracy: 75.00000, Loss: 0.015397678
 
Best Matthews: 0.47442, Best Accuracy: 77.08333, Best Loss: 0.016447531 at epoch 6
Time Elasped: 00:00:20
========= Epoch 8 =========
9/18: Matthews 0.48342, Accuracy: 77.77778, Loss: 0.014953289
18/18: Matthews 0.44473, Accuracy: 76.38889, Loss: 0.014856761
 
Best Matthews: 0.48342, Best Accuracy: 77.77778, Best Loss: 0.014953289 at epoch 8
Time Elasped: 00:00:23
========= Epoch 9 =========
9/18: Matthews 0.44473, Accuracy: 76.38889, Loss: 0.014814935
18/18: Matthews 0.44853, Accuracy: 75.00000, Loss: 0.014654423
 
Best Matthews: 0.48342, Best Accuracy: 77.77778, Best Loss: 0.014953289 at epoch 8
Time Elasped: 00:00:24
========= Epoch 10 =========
9/18: Matthews 0.46985, Accuracy: 75.00000, Loss: 0.014888985
18/18: Matthews 0.46985, Accuracy: 75.00000, Loss: 0.014709103
 
Best Matthews: 0.48342, Best Accuracy: 77.77778, Best Loss: 0.014953289 at epoch 8
Time Elasped: 00:00:25
========= Epoch 11 =========
9/18: Matthews 0.44853, Accuracy: 75.00000, Loss: 0.013917766
18/18: Matthews 0.44853, Accuracy: 75.00000, Loss: 0.013904214
 
Best Matthews: 0.48342, Best Accuracy: 77.77778, Best Loss: 0.014953289 at epoch 8
Time Elasped: 00:00:26
========= Epoch 12 =========
9/18: Matthews 0.44024, Accuracy: 74.30556, Loss: 0.014097075
18/18: Matthews 0.46175, Accuracy: 74.30556, Loss: 0.014127251
 
Best Matthews: 0.48342, Best Accuracy: 77.77778, Best Loss: 0.014953289 at epoch 8
Time Elasped: 00:00:27
========= Epoch 13 =========
9/18: Matthews 0.45379, Accuracy: 73.61111, Loss: 0.014301035
18/18: Matthews 0.45379, Accuracy: 73.61111, Loss: 0.014252540
 
Best Matthews: 0.48342, Best Accuracy: 77.77778, Best Loss: 0.014953289 at epoch 8
Time Elasped: 00:00:28
========= Epoch 14 =========
9/18: Matthews 0.46175, Accuracy: 74.30556, Loss: 0.014219781
18/18: Matthews 0.44853, Accuracy: 75.00000, Loss: 0.014017940
 
Best Matthews: 0.48342, Best Accuracy: 77.77778, Best Loss: 0.014953289 at epoch 8
Time Elasped: 00:00:30
========= Epoch 15 =========
9/18: Matthews 0.45379, Accuracy: 73.61111, Loss: 0.013205116
18/18: Matthews 0.45379, Accuracy: 73.61111, Loss: 0.013183789
 
Best Matthews: 0.48342, Best Accuracy: 77.77778, Best Loss: 0.014953289 at epoch 8
Time Elasped: 00:00:31
========= Epoch 16 =========
9/18: Matthews 0.47559, Accuracy: 73.61111, Loss: 0.013394355
18/18: Matthews 0.47559, Accuracy: 73.61111, Loss: 0.013279266
 
Best Matthews: 0.48342, Best Accuracy: 77.77778, Best Loss: 0.014953289 at epoch 8
Time Elasped: 00:00:32
========= Epoch 17 =========
9/18: Matthews 0.46985, Accuracy: 75.00000, Loss: 0.013256687
18/18: Matthews 0.46985, Accuracy: 75.00000, Loss: 0.013101985
 
Best Matthews: 0.48342, Best Accuracy: 77.77778, Best Loss: 0.014953289 at epoch 8
Time Elasped: 00:00:33
========= Epoch 18 =========
9/18: Matthews 0.49128, Accuracy: 75.00000, Loss: 0.012825976
18/18: Matthews 0.49128, Accuracy: 75.00000, Loss: 0.012588844
 
Best Matthews: 0.49128, Best Accuracy: 75.00000, Best Loss: 0.012825976 at epoch 18
Time Elasped: 00:00:36
========= Epoch 19 =========
9/18: Matthews 0.46985, Accuracy: 75.00000, Loss: 0.012178471
18/18: Matthews 0.49128, Accuracy: 75.00000, Loss: 0.011947478
 
Best Matthews: 0.49128, Best Accuracy: 75.00000, Best Loss: 0.012825976 at epoch 18
Time Elasped: 00:00:37
========= Epoch 20 =========
9/18: Matthews 0.49935, Accuracy: 75.69444, Loss: 0.012199081
18/18: Matthews 0.49935, Accuracy: 75.69444, Loss: 0.011995090
 
Best Matthews: 0.49935, Best Accuracy: 75.69444, Best Loss: 0.012199081 at epoch 20
Time Elasped: 00:00:39
========= Epoch 21 =========
9/18: Matthews 0.49935, Accuracy: 75.69444, Loss: 0.011578674
18/18: Matthews 0.49128, Accuracy: 75.00000, Loss: 0.011475067
 
Best Matthews: 0.49935, Best Accuracy: 75.69444, Best Loss: 0.012199081 at epoch 20
Time Elasped: 00:00:41
========= Epoch 22 =========
9/18: Matthews 0.43831, Accuracy: 72.22222, Loss: 0.011588308
18/18: Matthews 0.43831, Accuracy: 72.22222, Loss: 0.011848875
 
Best Matthews: 0.49935, Best Accuracy: 75.69444, Best Loss: 0.012199081 at epoch 20
Time Elasped: 00:00:42
========= Epoch 23 =========
9/18: Matthews 0.45379, Accuracy: 73.61111, Loss: 0.011335451
18/18: Matthews 0.46985, Accuracy: 75.00000, Loss: 0.011604440
 
Best Matthews: 0.49935, Best Accuracy: 75.69444, Best Loss: 0.012199081 at epoch 20
Time Elasped: 00:00:43
========= Epoch 24 =========
9/18: Matthews 0.46561, Accuracy: 76.38889, Loss: 0.012627358
18/18: Matthews 0.49515, Accuracy: 77.08333, Loss: 0.012024964
 
Best Matthews: 0.49935, Best Accuracy: 75.69444, Best Loss: 0.012199081 at epoch 20
Time Elasped: 00:00:44
========= Epoch 25 =========
9/18: Matthews 0.44598, Accuracy: 72.91667, Loss: 0.011004456
18/18: Matthews 0.43831, Accuracy: 72.22222, Loss: 0.010729555
 
Best Matthews: 0.49935, Best Accuracy: 75.69444, Best Loss: 0.012199081 at epoch 20
Time Elasped: 00:00:45
========= Epoch 26 =========
9/18: Matthews 0.46985, Accuracy: 75.00000, Loss: 0.010954584
18/18: Matthews 0.49515, Accuracy: 77.08333, Loss: 0.011014136
 
Best Matthews: 0.49935, Best Accuracy: 75.69444, Best Loss: 0.012199081 at epoch 20
Time Elasped: 00:00:46
========= Epoch 27 =========
9/18: Matthews 0.49515, Accuracy: 77.08333, Loss: 0.011063245
18/18: Matthews 0.47811, Accuracy: 75.69444, Loss: 0.011169447
 
Best Matthews: 0.49935, Best Accuracy: 75.69444, Best Loss: 0.012199081 at epoch 20
Time Elasped: 00:00:47
========= Epoch 28 =========
9/18: Matthews 0.45379, Accuracy: 73.61111, Loss: 0.011118155
18/18: Matthews 0.45379, Accuracy: 73.61111, Loss: 0.010816755
 
Best Matthews: 0.49935, Best Accuracy: 75.69444, Best Loss: 0.012199081 at epoch 20
Time Elasped: 00:00:48
========= Epoch 29 =========
9/18: Matthews 0.49515, Accuracy: 77.08333, Loss: 0.010312700
18/18: Matthews 0.49515, Accuracy: 77.08333, Loss: 0.010296523
 
Best Matthews: 0.49935, Best Accuracy: 75.69444, Best Loss: 0.012199081 at epoch 20
Time Elasped: 00:00:49
========= Epoch 30 =========
9/18: Matthews 0.49515, Accuracy: 77.08333, Loss: 0.010394542
18/18: Matthews 0.49515, Accuracy: 77.08333, Loss: 0.010597827
 
Best Matthews: 0.49935, Best Accuracy: 75.69444, Best Loss: 0.012199081 at epoch 20
Time Elasped: 00:00:51
========= Epoch 31 =========
9/18: Matthews 0.47811, Accuracy: 75.69444, Loss: 0.010563172
18/18: Matthews 0.47811, Accuracy: 75.69444, Loss: 0.010365940
 
Best Matthews: 0.49935, Best Accuracy: 75.69444, Best Loss: 0.012199081 at epoch 20
Time Elasped: 00:00:52
========= Epoch 32 =========
9/18: Matthews 0.49515, Accuracy: 77.08333, Loss: 0.011013256
18/18: Matthews 0.47811, Accuracy: 75.69444, Loss: 0.010807621
 
Best Matthews: 0.49935, Best Accuracy: 75.69444, Best Loss: 0.012199081 at epoch 20
Time Elasped: 00:00:53
========= Epoch 33 =========
9/18: Matthews 0.45306, Accuracy: 71.52778, Loss: 0.009635522
18/18: Matthews 0.43831, Accuracy: 72.22222, Loss: 0.009628845
 
Best Matthews: 0.49935, Best Accuracy: 75.69444, Best Loss: 0.012199081 at epoch 20
Time Elasped: 00:00:54
========= Epoch 34 =========
9/18: Matthews 0.49515, Accuracy: 77.08333, Loss: 0.009733862
18/18: Matthews 0.49515, Accuracy: 77.08333, Loss: 0.009705992
 
Best Matthews: 0.49935, Best Accuracy: 75.69444, Best Loss: 0.012199081 at epoch 20
Time Elasped: 00:00:55
========= Epoch 35 =========
9/18: Matthews 0.49515, Accuracy: 77.08333, Loss: 0.010033775
18/18: Matthews 0.48655, Accuracy: 76.38889, Loss: 0.010298875
 
Best Matthews: 0.49935, Best Accuracy: 75.69444, Best Loss: 0.012199081 at epoch 20
Time Elasped: 00:00:56
========= Epoch 36 =========
9/18: Matthews 0.49515, Accuracy: 77.08333, Loss: 0.010158790
18/18: Matthews 0.49515, Accuracy: 77.08333, Loss: 0.009769080
 
Best Matthews: 0.49935, Best Accuracy: 75.69444, Best Loss: 0.012199081 at epoch 20
Time Elasped: 00:00:57
========= Epoch 37 =========
9/18: Matthews 0.49515, Accuracy: 77.08333, Loss: 0.009716567
18/18: Matthews 0.48655, Accuracy: 76.38889, Loss: 0.009794008
 
Best Matthews: 0.49935, Best Accuracy: 75.69444, Best Loss: 0.012199081 at epoch 20
Time Elasped: 00:00:58
========= Epoch 38 =========
9/18: Matthews 0.46985, Accuracy: 75.00000, Loss: 0.009543329
18/18: Matthews 0.46985, Accuracy: 75.00000, Loss: 0.009383390
 
Best Matthews: 0.49935, Best Accuracy: 75.69444, Best Loss: 0.012199081 at epoch 20
Time Elasped: 00:01:00
========= Epoch 39 =========
9/18: Matthews 0.49515, Accuracy: 77.08333, Loss: 0.009141098
18/18: Matthews 0.49515, Accuracy: 77.08333, Loss: 0.008935499
 
Best Matthews: 0.49935, Best Accuracy: 75.69444, Best Loss: 0.012199081 at epoch 20
Time Elasped: 00:01:01
========= Epoch 40 =========
9/18: Matthews 0.48655, Accuracy: 76.38889, Loss: 0.009237652
18/18: Matthews 0.48655, Accuracy: 76.38889, Loss: 0.009074846
 
Best Matthews: 0.49935, Best Accuracy: 75.69444, Best Loss: 0.012199081 at epoch 20
Time Elasped: 00:01:02
========= Epoch 41 =========
9/18: Matthews 0.50394, Accuracy: 77.77778, Loss: 0.008912565
18/18: Matthews 0.50394, Accuracy: 77.77778, Loss: 0.009263746
 
Best Matthews: 0.50394, Best Accuracy: 77.77778, Best Loss: 0.008912565 at epoch 41
Time Elasped: 00:01:04
========= Epoch 42 =========
9/18: Matthews 0.50394, Accuracy: 77.77778, Loss: 0.009199598
18/18: Matthews 0.50394, Accuracy: 77.77778, Loss: 0.009354083
 
Best Matthews: 0.50394, Best Accuracy: 77.77778, Best Loss: 0.008912565 at epoch 41
Time Elasped: 00:01:06
========= Epoch 43 =========
9/18: Matthews 0.48655, Accuracy: 76.38889, Loss: 0.009016045
18/18: Matthews 0.49515, Accuracy: 77.08333, Loss: 0.009294584
 
Best Matthews: 0.50394, Best Accuracy: 77.77778, Best Loss: 0.008912565 at epoch 41
Time Elasped: 00:01:07
========= Epoch 44 =========
9/18: Matthews 0.50394, Accuracy: 77.77778, Loss: 0.009780210
18/18: Matthews 0.50394, Accuracy: 77.77778, Loss: 0.009609751
 
Best Matthews: 0.50394, Best Accuracy: 77.77778, Best Loss: 0.008912565 at epoch 41
Time Elasped: 00:01:08
========= Epoch 45 =========
9/18: Matthews 0.50394, Accuracy: 77.77778, Loss: 0.009566154
18/18: Matthews 0.50394, Accuracy: 77.77778, Loss: 0.009378017
 
Best Matthews: 0.50394, Best Accuracy: 77.77778, Best Loss: 0.008912565 at epoch 41
Time Elasped: 00:01:09
========= Epoch 46 =========
9/18: Matthews 0.49515, Accuracy: 77.08333, Loss: 0.009310839
18/18: Matthews 0.50394, Accuracy: 77.77778, Loss: 0.009495578
 
Best Matthews: 0.50394, Best Accuracy: 77.77778, Best Loss: 0.008912565 at epoch 41
Time Elasped: 00:01:10
========= Epoch 47 =========
9/18: Matthews 0.50394, Accuracy: 77.77778, Loss: 0.009195306
18/18: Matthews 0.50394, Accuracy: 77.77778, Loss: 0.009237727
 
Best Matthews: 0.50394, Best Accuracy: 77.77778, Best Loss: 0.008912565 at epoch 41
Time Elasped: 00:01:11
========= Epoch 48 =========
9/18: Matthews 0.50759, Accuracy: 76.38889, Loss: 0.009187256
18/18: Matthews 0.49128, Accuracy: 75.00000, Loss: 0.008957515
 
Best Matthews: 0.50759, Best Accuracy: 76.38889, Best Loss: 0.009187256 at epoch 48
Time Elasped: 00:01:14
========= Epoch 49 =========
9/18: Matthews 0.50394, Accuracy: 77.77778, Loss: 0.009116549
18/18: Matthews 0.50394, Accuracy: 77.77778, Loss: 0.009143508
 
Best Matthews: 0.50759, Best Accuracy: 76.38889, Best Loss: 0.009187256 at epoch 48
Time Elasped: 00:01:15
========= Epoch 50 =========
9/18: Matthews 0.51293, Accuracy: 78.47222, Loss: 0.009374908
18/18: Matthews 0.52212, Accuracy: 79.16667, Loss: 0.009543606
 
Best Matthews: 0.52212, Best Accuracy: 79.16667, Best Loss: 0.009543606 at epoch 50
Time Elasped: 00:01:19
========= Epoch 51 =========
9/18: Matthews 0.53153, Accuracy: 79.86111, Loss: 0.009786512
18/18: Matthews 0.54228, Accuracy: 79.16667, Loss: 0.009597414
 
Best Matthews: 0.54228, Best Accuracy: 79.16667, Best Loss: 0.009597414 at epoch 51
Time Elasped: 00:01:23
========= Epoch 52 =========
9/18: Matthews 0.55104, Accuracy: 81.25000, Loss: 0.009762439
18/18: Matthews 0.55104, Accuracy: 81.25000, Loss: 0.010197016
 
Best Matthews: 0.55104, Best Accuracy: 81.25000, Best Loss: 0.009762439 at epoch 52
Time Elasped: 00:01:26
========= Epoch 53 =========
9/18: Matthews 0.55104, Accuracy: 81.25000, Loss: 0.010066215
18/18: Matthews 0.55104, Accuracy: 81.25000, Loss: 0.009860971
 
Best Matthews: 0.55104, Best Accuracy: 81.25000, Best Loss: 0.009762439 at epoch 52
Time Elasped: 00:01:27
========= Epoch 54 =========
9/18: Matthews 0.57042, Accuracy: 81.25000, Loss: 0.009914457
18/18: Matthews 0.57042, Accuracy: 81.25000, Loss: 0.009687450
 
Best Matthews: 0.57042, Best Accuracy: 81.25000, Best Loss: 0.009914457 at epoch 54
Time Elasped: 00:01:29
========= Epoch 55 =========
9/18: Matthews 0.55144, Accuracy: 79.86111, Loss: 0.008583443
18/18: Matthews 0.55144, Accuracy: 79.86111, Loss: 0.008500978
 
Best Matthews: 0.57042, Best Accuracy: 81.25000, Best Loss: 0.009914457 at epoch 54
Time Elasped: 00:01:31
========= Epoch 56 =========
9/18: Matthews 0.57042, Accuracy: 81.25000, Loss: 0.009518090
18/18: Matthews 0.57042, Accuracy: 81.25000, Loss: 0.009739805
 
Best Matthews: 0.57042, Best Accuracy: 81.25000, Best Loss: 0.009914457 at epoch 54
Time Elasped: 00:01:32
========= Epoch 57 =========
9/18: Matthews 0.57042, Accuracy: 81.25000, Loss: 0.009817068
18/18: Matthews 0.57042, Accuracy: 81.25000, Loss: 0.009628013
 
Best Matthews: 0.57042, Best Accuracy: 81.25000, Best Loss: 0.009914457 at epoch 54
Time Elasped: 00:01:33
========= Epoch 58 =========
9/18: Matthews 0.57042, Accuracy: 81.25000, Loss: 0.009517459
18/18: Matthews 0.57042, Accuracy: 81.25000, Loss: 0.009359497
 
Best Matthews: 0.57042, Best Accuracy: 81.25000, Best Loss: 0.009914457 at epoch 54
Time Elasped: 00:01:34
========= Epoch 59 =========
9/18: Matthews 0.57042, Accuracy: 81.25000, Loss: 0.009859898
18/18: Matthews 0.57158, Accuracy: 82.63889, Loss: 0.010493942
 
Best Matthews: 0.57158, Best Accuracy: 82.63889, Best Loss: 0.010493942 at epoch 59
Time Elasped: 00:01:37
========= Epoch 60 =========
9/18: Matthews 0.59036, Accuracy: 82.63889, Loss: 0.010108285
18/18: Matthews 0.58026, Accuracy: 81.94444, Loss: 0.009911494
 
Best Matthews: 0.59036, Best Accuracy: 82.63889, Best Loss: 0.010108285 at epoch 60
Time Elasped: 00:01:39
========= Epoch 61 =========
9/18: Matthews 0.57042, Accuracy: 81.25000, Loss: 0.010211810
18/18: Matthews 0.55144, Accuracy: 79.86111, Loss: 0.010071915
 
Best Matthews: 0.59036, Best Accuracy: 82.63889, Best Loss: 0.010108285 at epoch 60
Time Elasped: 00:01:40
========= Epoch 62 =========
9/18: Matthews 0.58026, Accuracy: 81.94444, Loss: 0.009861087
18/18: Matthews 0.59036, Accuracy: 82.63889, Loss: 0.010054568
 
Best Matthews: 0.59036, Best Accuracy: 82.63889, Best Loss: 0.010108285 at epoch 60
Time Elasped: 00:01:41
========= Epoch 63 =========
9/18: Matthews 0.59036, Accuracy: 82.63889, Loss: 0.010130049
18/18: Matthews 0.59036, Accuracy: 82.63889, Loss: 0.010054780
 
Best Matthews: 0.59036, Best Accuracy: 82.63889, Best Loss: 0.010108285 at epoch 60
Time Elasped: 00:01:42
========= Epoch 64 =========
9/18: Matthews 0.54228, Accuracy: 79.16667, Loss: 0.009307542
18/18: Matthews 0.54228, Accuracy: 79.16667, Loss: 0.009069570
 
Best Matthews: 0.59036, Best Accuracy: 82.63889, Best Loss: 0.010108285 at epoch 60
Time Elasped: 00:01:44
========= Epoch 65 =========
9/18: Matthews 0.59036, Accuracy: 82.63889, Loss: 0.009469036
18/18: Matthews 0.59036, Accuracy: 82.63889, Loss: 0.009752611
 
Best Matthews: 0.59036, Best Accuracy: 82.63889, Best Loss: 0.010108285 at epoch 60
Time Elasped: 00:01:45
========= Epoch 66 =========
9/18: Matthews 0.61139, Accuracy: 84.02778, Loss: 0.009996060
18/18: Matthews 0.58228, Accuracy: 83.33333, Loss: 0.009925226
 
Best Matthews: 0.61139, Best Accuracy: 84.02778, Best Loss: 0.009996060 at epoch 66
Time Elasped: 00:01:47
========= Epoch 67 =========
9/18: Matthews 0.58228, Accuracy: 83.33333, Loss: 0.009552819
18/18: Matthews 0.59036, Accuracy: 82.63889, Loss: 0.009565656
 
Best Matthews: 0.61139, Best Accuracy: 84.02778, Best Loss: 0.009996060 at epoch 66
Time Elasped: 00:01:49
========= Epoch 68 =========
9/18: Matthews 0.56081, Accuracy: 80.55556, Loss: 0.010595310
18/18: Matthews 0.61139, Accuracy: 84.02778, Loss: 0.010972307
 
Best Matthews: 0.61139, Best Accuracy: 84.02778, Best Loss: 0.009996060 at epoch 66
Time Elasped: 00:01:50
========= Epoch 69 =========
9/18: Matthews 0.62234, Accuracy: 84.72222, Loss: 0.011386874
18/18: Matthews 0.63361, Accuracy: 85.41667, Loss: 0.011382482
 
Best Matthews: 0.63361, Best Accuracy: 85.41667, Best Loss: 0.011382482 at epoch 69
Time Elasped: 00:01:54
========= Epoch 70 =========
9/18: Matthews 0.65357, Accuracy: 87.50000, Loss: 0.012109513
18/18: Matthews 0.61139, Accuracy: 84.02778, Loss: 0.011011328
 
Best Matthews: 0.65357, Best Accuracy: 87.50000, Best Loss: 0.012109513 at epoch 70
Time Elasped: 00:01:57
========= Epoch 71 =========
9/18: Matthews 0.61627, Accuracy: 85.41667, Loss: 0.011033787
18/18: Matthews 0.58228, Accuracy: 83.33333, Loss: 0.010432482
 
Best Matthews: 0.65357, Best Accuracy: 87.50000, Best Loss: 0.012109513 at epoch 70
Time Elasped: 00:01:58
========= Epoch 72 =========
9/18: Matthews 0.60073, Accuracy: 83.33333, Loss: 0.010179839
18/18: Matthews 0.57042, Accuracy: 81.25000, Loss: 0.009811872
 
Best Matthews: 0.65357, Best Accuracy: 87.50000, Best Loss: 0.012109513 at epoch 70
Time Elasped: 00:01:59
========= Epoch 73 =========
9/18: Matthews 0.59328, Accuracy: 84.02778, Loss: 0.010493648
18/18: Matthews 0.61627, Accuracy: 85.41667, Loss: 0.010740560
 
Best Matthews: 0.65357, Best Accuracy: 87.50000, Best Loss: 0.012109513 at epoch 70
Time Elasped: 00:02:00
========= Epoch 74 =========
9/18: Matthews 0.60073, Accuracy: 83.33333, Loss: 0.010588290
18/18: Matthews 0.57042, Accuracy: 81.25000, Loss: 0.010244009
 
Best Matthews: 0.65357, Best Accuracy: 87.50000, Best Loss: 0.012109513 at epoch 70
Time Elasped: 00:02:01
========= Epoch 75 =========
9/18: Matthews 0.59328, Accuracy: 84.02778, Loss: 0.010793289
18/18: Matthews 0.59328, Accuracy: 84.02778, Loss: 0.010794429
 
Best Matthews: 0.65357, Best Accuracy: 87.50000, Best Loss: 0.012109513 at epoch 70
Time Elasped: 00:02:02
========= Epoch 76 =========
9/18: Matthews 0.59036, Accuracy: 82.63889, Loss: 0.010503309
18/18: Matthews 0.61139, Accuracy: 84.02778, Loss: 0.010949580
 
Best Matthews: 0.65357, Best Accuracy: 87.50000, Best Loss: 0.012109513 at epoch 70
Time Elasped: 00:02:03
========= Epoch 77 =========
9/18: Matthews 0.61139, Accuracy: 84.02778, Loss: 0.011092222
18/18: Matthews 0.62830, Accuracy: 86.11111, Loss: 0.011542611
 
Best Matthews: 0.65357, Best Accuracy: 87.50000, Best Loss: 0.012109513 at epoch 70
Time Elasped: 00:02:04
========= Epoch 78 =========
9/18: Matthews 0.62830, Accuracy: 86.11111, Loss: 0.011164106
18/18: Matthews 0.59328, Accuracy: 84.02778, Loss: 0.010846709
 
Best Matthews: 0.65357, Best Accuracy: 87.50000, Best Loss: 0.012109513 at epoch 70
Time Elasped: 00:02:06
========= Epoch 79 =========
9/18: Matthews 0.61627, Accuracy: 85.41667, Loss: 0.011069607
18/18: Matthews 0.64073, Accuracy: 86.80556, Loss: 0.010936163
 
Best Matthews: 0.65357, Best Accuracy: 87.50000, Best Loss: 0.012109513 at epoch 70
Time Elasped: 00:02:07
========= Epoch 80 =========
9/18: Matthews 0.62452, Accuracy: 86.80556, Loss: 0.011880596
18/18: Matthews 0.61627, Accuracy: 85.41667, Loss: 0.011053868
 
Best Matthews: 0.65357, Best Accuracy: 87.50000, Best Loss: 0.012109513 at epoch 70
Time Elasped: 00:02:08
========= Epoch 81 =========
9/18: Matthews 0.60460, Accuracy: 84.72222, Loss: 0.011325459
18/18: Matthews 0.59328, Accuracy: 84.02778, Loss: 0.010531818
 
Best Matthews: 0.65357, Best Accuracy: 87.50000, Best Loss: 0.012109513 at epoch 70
Time Elasped: 00:02:09
========= Epoch 82 =========
9/18: Matthews 0.60460, Accuracy: 84.72222, Loss: 0.010962996
18/18: Matthews 0.60460, Accuracy: 84.72222, Loss: 0.011066119
 
Best Matthews: 0.65357, Best Accuracy: 87.50000, Best Loss: 0.012109513 at epoch 70
Time Elasped: 00:02:10
========= Epoch 83 =========
9/18: Matthews 0.59328, Accuracy: 84.02778, Loss: 0.010873970
18/18: Matthews 0.59036, Accuracy: 82.63889, Loss: 0.011033320
 
Best Matthews: 0.65357, Best Accuracy: 87.50000, Best Loss: 0.012109513 at epoch 70
Time Elasped: 00:02:11
========= Epoch 84 =========
9/18: Matthews 0.60460, Accuracy: 84.72222, Loss: 0.012092024
18/18: Matthews 0.64073, Accuracy: 86.80556, Loss: 0.012554328
 
Best Matthews: 0.65357, Best Accuracy: 87.50000, Best Loss: 0.012109513 at epoch 70
Time Elasped: 00:02:12
========= Epoch 85 =========
9/18: Matthews 0.65175, Accuracy: 88.19444, Loss: 0.013437446
18/18: Matthews 0.62830, Accuracy: 86.11111, Loss: 0.012572562
 
Best Matthews: 0.65357, Best Accuracy: 87.50000, Best Loss: 0.012109513 at epoch 70
Time Elasped: 00:02:13
========= Epoch 86 =========
9/18: Matthews 0.61627, Accuracy: 85.41667, Loss: 0.011421720
18/18: Matthews 0.62830, Accuracy: 86.11111, Loss: 0.011572364
 
Best Matthews: 0.65357, Best Accuracy: 87.50000, Best Loss: 0.012109513 at epoch 70
Time Elasped: 00:02:15
========= Epoch 87 =========
9/18: Matthews 0.61627, Accuracy: 85.41667, Loss: 0.012081475
18/18: Matthews 0.64073, Accuracy: 86.80556, Loss: 0.011633728
 
Best Matthews: 0.65357, Best Accuracy: 87.50000, Best Loss: 0.012109513 at epoch 70
Time Elasped: 00:02:16
========= Epoch 88 =========
9/18: Matthews 0.62830, Accuracy: 86.11111, Loss: 0.010533324
18/18: Matthews 0.58228, Accuracy: 83.33333, Loss: 0.009886204
 
Best Matthews: 0.65357, Best Accuracy: 87.50000, Best Loss: 0.012109513 at epoch 70
Time Elasped: 00:02:17
========= Epoch 89 =========
9/18: Matthews 0.57158, Accuracy: 82.63889, Loss: 0.009523971
18/18: Matthews 0.61627, Accuracy: 85.41667, Loss: 0.010724621
 
Best Matthews: 0.65357, Best Accuracy: 87.50000, Best Loss: 0.012109513 at epoch 70
Time Elasped: 00:02:18
========= Epoch 90 =========
9/18: Matthews 0.63789, Accuracy: 87.50000, Loss: 0.012785518
18/18: Matthews 0.63789, Accuracy: 87.50000, Loss: 0.013259871
 
Best Matthews: 0.65357, Best Accuracy: 87.50000, Best Loss: 0.012109513 at epoch 70
Time Elasped: 00:02:19
========= Epoch 91 =========
Early Stopping activated
 
Best Matthews: 0.65357, Best Accuracy: 87.50000, Best Loss: 0.012109513 at epoch 70
Time Elasped: 00:02:21
Test Set:
0/0: Matthews 0.61052, Accuracy: 85.65401, Loss: 0.018900944
