Namespace(batch_size=32, buffer_size=1, by_source=False, crop_pad_length=30, data='./acceptability_corpus/verb_classes/inchoative', data_type='discriminator', dropout=0.2, embedding='glove.6B.300d', embedding_path='/scratch/asw462/models/elmo_encoder/elmo.emb', embedding_size=217, encoder_num_layers=2, encoder_path='/scratch/asw462/models/elmo_encoder/elmo.pth', encoding_size=528, encoding_type='lstm_pooling_classifier', epochs=1000, evaluate_train=False, experiment_name='experiment_linear_classifier_h_115_l_3_lr_0.0001_e_217_do_0.2', glove=False, gpu=True, hidden_size=115, imbalance=True, learning_rate=8e-05, lm_path=None, logs_dir='/scratch/asw462/logs/verb_classes/inchoative', max_pool=False, model='linear_classifier', num_layers=3, output_dir='/scratch/asw462/logs/verb_classes/outputs/inchoative', patience=20, preprocess_tokenizer='space', prints_per_stage=1, resume=True, resume_file=None, save_loc='/scratch/asw462/models/verb_classes/inchoative', seed=1111, should_not_log=False, should_not_lowercase=False, should_not_preprocess_data=False, stages_per_epoch=2, train_embeddings=False, train_evaluate_interval=10, vocab_file='/scratch/asw462/data/vocab_100k.tsv')
======== General =======
Model: linear_classifier
GPU: True
Experiment Name: experiment_linear_classifier_h_115_l_3_lr_0.0001_e_217_do_0.2
Save location: /scratch/asw462/models/verb_classes/inchoative
Logs dir: /scratch/asw462/logs/verb_classes/inchoative
Timestamp: 2018/08/02 04:38:47
 
======== Data =======
Training set: 550 examples
Validation set: 144 examples
Test set: 474 examples
 
======= Parameters =======
Learning Rate: 0.000080
Batch Size: 32
Epochs: 1000
Patience: 20
Stages per Epoch: 2
Embedding: 100004 x 217
Number of layers: 3
Hidden Size: 115
Encoder Size: 528
Resume: True
 
======= Model =======
LinearClassifierWithEncoder(
  (model): LinearClassifier(
    (dropout): Dropout(p=0.2)
    (enc2h): Linear(in_features=1056, out_features=115, bias=True)
    (h20): Linear(in_features=115, out_features=1, bias=True)
    (sigmoid): Sigmoid()
    (tanh): Tanh()
    (softmax): Softmax()
  )
  (encoder): LSTMPoolingClassifierWithELMo(
    (elmo): ELMOClassifier(
      (lm): LSTMLanguageModel(
        (dropout): Dropout(p=0.2)
        (embedding): Embedding(100003, 217)
        (lstm): LSTM(217, 891, num_layers=2, dropout=0.2)
        (fc): Linear(in_features=891, out_features=100003, bias=True)
      )
      (lstms): ModuleList(
        (0): LSTM(217, 891, batch_first=True)
        (1): LSTM(891, 891, batch_first=True)
      )
      (dropout): Dropout(p=0.2)
      (linear_comb): Linear(in_features=2, out_features=1, bias=True)
      (fc1): Linear(in_features=891, out_features=528, bias=True)
      (relu): ReLU()
      (out): Linear(in_features=528, out_features=1, bias=True)
      (sigmoid): Sigmoid()
    )
    (pooling_classifier): LSTMPoolingClassifier(
      (ih2h): LSTM(891, 528, num_layers=3, batch_first=True, dropout=0.2, bidirectional=True)
      (pool2o): Linear(in_features=1056, out_features=1, bias=True)
      (sigmoid): Sigmoid()
      (softmax): Softmax()
      (dropout): Dropout(p=0.2)
    )
  )
)
 
========= Epoch 1 =========
9/18: Matthews 0.41916, Accuracy: 83.33333, Loss: 0.033042636
18/18: Matthews 0.38442, Accuracy: 80.55556, Loss: 0.029192401
 
Best Matthews: 0.41916, Best Accuracy: 83.33333, Best Loss: 0.033042636 at epoch 1
Time Elasped: 00:00:07
========= Epoch 2 =========
9/18: Matthews 0.38442, Accuracy: 80.55556, Loss: 0.025631264
18/18: Matthews 0.34956, Accuracy: 78.47222, Loss: 0.023227914
 
Best Matthews: 0.41916, Best Accuracy: 83.33333, Best Loss: 0.033042636 at epoch 1
Time Elasped: 00:00:08
========= Epoch 3 =========
9/18: Matthews 0.41282, Accuracy: 79.86111, Loss: 0.021492498
18/18: Matthews 0.39114, Accuracy: 78.47222, Loss: 0.020522185
 
Best Matthews: 0.41916, Best Accuracy: 83.33333, Best Loss: 0.033042636 at epoch 1
Time Elasped: 00:00:09
========= Epoch 4 =========
9/18: Matthews 0.38076, Accuracy: 77.77778, Loss: 0.019152360
18/18: Matthews 0.43193, Accuracy: 78.47222, Loss: 0.018229077
 
Best Matthews: 0.43193, Best Accuracy: 78.47222, Best Loss: 0.018229077 at epoch 4
Time Elasped: 00:00:12
========= Epoch 5 =========
9/18: Matthews 0.44252, Accuracy: 77.77778, Loss: 0.017607068
18/18: Matthews 0.43308, Accuracy: 77.08333, Loss: 0.016982747
 
Best Matthews: 0.44252, Best Accuracy: 77.77778, Best Loss: 0.017607068 at epoch 5
Time Elasped: 00:00:14
========= Epoch 6 =========
9/18: Matthews 0.43193, Accuracy: 78.47222, Loss: 0.016611141
18/18: Matthews 0.41238, Accuracy: 77.08333, Loss: 0.016085721
 
Best Matthews: 0.44252, Best Accuracy: 77.77778, Best Loss: 0.017607068 at epoch 5
Time Elasped: 00:00:15
========= Epoch 7 =========
9/18: Matthews 0.45374, Accuracy: 77.08333, Loss: 0.015423406
18/18: Matthews 0.47442, Accuracy: 77.08333, Loss: 0.015172892
 
Best Matthews: 0.47442, Best Accuracy: 77.08333, Best Loss: 0.015172892 at epoch 7
Time Elasped: 00:00:19
========= Epoch 8 =========
9/18: Matthews 0.45698, Accuracy: 75.69444, Loss: 0.014862339
18/18: Matthews 0.45698, Accuracy: 75.69444, Loss: 0.014676808
 
Best Matthews: 0.47442, Best Accuracy: 77.08333, Best Loss: 0.015172892 at epoch 7
Time Elasped: 00:00:21
========= Epoch 9 =========
9/18: Matthews 0.47811, Accuracy: 75.69444, Loss: 0.014191093
18/18: Matthews 0.47811, Accuracy: 75.69444, Loss: 0.014127771
 
Best Matthews: 0.47811, Best Accuracy: 75.69444, Best Loss: 0.014191093 at epoch 9
Time Elasped: 00:00:23
========= Epoch 10 =========
9/18: Matthews 0.48336, Accuracy: 74.30556, Loss: 0.014596527
18/18: Matthews 0.48336, Accuracy: 74.30556, Loss: 0.014332662
 
Best Matthews: 0.48336, Best Accuracy: 74.30556, Best Loss: 0.014596527 at epoch 10
Time Elasped: 00:00:26
========= Epoch 11 =========
9/18: Matthews 0.48336, Accuracy: 74.30556, Loss: 0.014019630
18/18: Matthews 0.48336, Accuracy: 74.30556, Loss: 0.013785859
 
Best Matthews: 0.48336, Best Accuracy: 74.30556, Best Loss: 0.014596527 at epoch 10
Time Elasped: 00:00:27
========= Epoch 12 =========
9/18: Matthews 0.45379, Accuracy: 73.61111, Loss: 0.013969580
18/18: Matthews 0.46985, Accuracy: 75.00000, Loss: 0.013884428
 
Best Matthews: 0.48336, Best Accuracy: 74.30556, Best Loss: 0.014596527 at epoch 10
Time Elasped: 00:00:28
========= Epoch 13 =========
9/18: Matthews 0.44024, Accuracy: 74.30556, Loss: 0.013132766
18/18: Matthews 0.46985, Accuracy: 75.00000, Loss: 0.013117539
 
Best Matthews: 0.48336, Best Accuracy: 74.30556, Best Loss: 0.014596527 at epoch 10
Time Elasped: 00:00:29
========= Epoch 14 =========
9/18: Matthews 0.46985, Accuracy: 75.00000, Loss: 0.013637089
18/18: Matthews 0.46985, Accuracy: 75.00000, Loss: 0.013611239
 
Best Matthews: 0.48336, Best Accuracy: 74.30556, Best Loss: 0.014596527 at epoch 10
Time Elasped: 00:00:30
========= Epoch 15 =========
9/18: Matthews 0.44024, Accuracy: 74.30556, Loss: 0.013936799
18/18: Matthews 0.46985, Accuracy: 75.00000, Loss: 0.013872928
 
Best Matthews: 0.48336, Best Accuracy: 74.30556, Best Loss: 0.014596527 at epoch 10
Time Elasped: 00:00:31
========= Epoch 16 =========
9/18: Matthews 0.48336, Accuracy: 74.30556, Loss: 0.014185306
18/18: Matthews 0.48336, Accuracy: 74.30556, Loss: 0.013938453
 
Best Matthews: 0.48336, Best Accuracy: 74.30556, Best Loss: 0.014596527 at epoch 10
Time Elasped: 00:00:32
========= Epoch 17 =========
9/18: Matthews 0.49128, Accuracy: 75.00000, Loss: 0.013850086
18/18: Matthews 0.49128, Accuracy: 75.00000, Loss: 0.013866294
 
Best Matthews: 0.49128, Best Accuracy: 75.00000, Best Loss: 0.013850086 at epoch 17
Time Elasped: 00:00:35
========= Epoch 18 =========
9/18: Matthews 0.49128, Accuracy: 75.00000, Loss: 0.013332601
18/18: Matthews 0.50759, Accuracy: 76.38889, Loss: 0.012863061
 
Best Matthews: 0.50759, Best Accuracy: 76.38889, Best Loss: 0.012863061 at epoch 18
Time Elasped: 00:00:37
========= Epoch 19 =========
9/18: Matthews 0.48336, Accuracy: 74.30556, Loss: 0.011447397
18/18: Matthews 0.49128, Accuracy: 75.00000, Loss: 0.011227541
 
Best Matthews: 0.50759, Best Accuracy: 76.38889, Best Loss: 0.012863061 at epoch 18
Time Elasped: 00:00:38
========= Epoch 20 =========
9/18: Matthews 0.49128, Accuracy: 75.00000, Loss: 0.012837484
18/18: Matthews 0.46985, Accuracy: 75.00000, Loss: 0.013179710
 
Best Matthews: 0.50759, Best Accuracy: 76.38889, Best Loss: 0.012863061 at epoch 18
Time Elasped: 00:00:40
========= Epoch 21 =========
9/18: Matthews 0.49128, Accuracy: 75.00000, Loss: 0.012553471
18/18: Matthews 0.49128, Accuracy: 75.00000, Loss: 0.012096741
 
Best Matthews: 0.50759, Best Accuracy: 76.38889, Best Loss: 0.012863061 at epoch 18
Time Elasped: 00:00:41
========= Epoch 22 =========
9/18: Matthews 0.46985, Accuracy: 75.00000, Loss: 0.012431819
18/18: Matthews 0.46985, Accuracy: 75.00000, Loss: 0.012411591
 
Best Matthews: 0.50759, Best Accuracy: 76.38889, Best Loss: 0.012863061 at epoch 18
Time Elasped: 00:00:42
========= Epoch 23 =========
9/18: Matthews 0.48655, Accuracy: 76.38889, Loss: 0.012534274
18/18: Matthews 0.48655, Accuracy: 76.38889, Loss: 0.012370044
 
Best Matthews: 0.50759, Best Accuracy: 76.38889, Best Loss: 0.012863061 at epoch 18
Time Elasped: 00:00:43
========= Epoch 24 =========
9/18: Matthews 0.44598, Accuracy: 72.91667, Loss: 0.011829540
18/18: Matthews 0.44598, Accuracy: 72.91667, Loss: 0.012111584
 
Best Matthews: 0.50759, Best Accuracy: 76.38889, Best Loss: 0.012863061 at epoch 18
Time Elasped: 00:00:44
========= Epoch 25 =========
9/18: Matthews 0.45379, Accuracy: 73.61111, Loss: 0.012493467
18/18: Matthews 0.47811, Accuracy: 75.69444, Loss: 0.012505258
 
Best Matthews: 0.50759, Best Accuracy: 76.38889, Best Loss: 0.012863061 at epoch 18
Time Elasped: 00:00:45
========= Epoch 26 =========
9/18: Matthews 0.46175, Accuracy: 74.30556, Loss: 0.011786956
18/18: Matthews 0.47811, Accuracy: 75.69444, Loss: 0.011625357
 
Best Matthews: 0.50759, Best Accuracy: 76.38889, Best Loss: 0.012863061 at epoch 18
Time Elasped: 00:00:46
========= Epoch 27 =========
9/18: Matthews 0.49515, Accuracy: 77.08333, Loss: 0.011773954
18/18: Matthews 0.49515, Accuracy: 77.08333, Loss: 0.011397666
 
Best Matthews: 0.50759, Best Accuracy: 76.38889, Best Loss: 0.012863061 at epoch 18
Time Elasped: 00:00:47
========= Epoch 28 =========
9/18: Matthews 0.49515, Accuracy: 77.08333, Loss: 0.011522087
18/18: Matthews 0.49515, Accuracy: 77.08333, Loss: 0.011328537
 
Best Matthews: 0.50759, Best Accuracy: 76.38889, Best Loss: 0.012863061 at epoch 18
Time Elasped: 00:00:49
========= Epoch 29 =========
9/18: Matthews 0.49515, Accuracy: 77.08333, Loss: 0.011333899
18/18: Matthews 0.47811, Accuracy: 75.69444, Loss: 0.010802170
 
Best Matthews: 0.50759, Best Accuracy: 76.38889, Best Loss: 0.012863061 at epoch 18
Time Elasped: 00:00:50
========= Epoch 30 =========
9/18: Matthews 0.46985, Accuracy: 75.00000, Loss: 0.010600430
18/18: Matthews 0.46985, Accuracy: 75.00000, Loss: 0.010858332
 
Best Matthews: 0.50759, Best Accuracy: 76.38889, Best Loss: 0.012863061 at epoch 18
Time Elasped: 00:00:51
========= Epoch 31 =========
9/18: Matthews 0.49515, Accuracy: 77.08333, Loss: 0.011477019
18/18: Matthews 0.49515, Accuracy: 77.08333, Loss: 0.011202550
 
Best Matthews: 0.50759, Best Accuracy: 76.38889, Best Loss: 0.012863061 at epoch 18
Time Elasped: 00:00:52
========= Epoch 32 =========
9/18: Matthews 0.49515, Accuracy: 77.08333, Loss: 0.011356520
18/18: Matthews 0.49515, Accuracy: 77.08333, Loss: 0.010584392
 
Best Matthews: 0.50759, Best Accuracy: 76.38889, Best Loss: 0.012863061 at epoch 18
Time Elasped: 00:00:53
========= Epoch 33 =========
9/18: Matthews 0.48655, Accuracy: 76.38889, Loss: 0.010160502
18/18: Matthews 0.48655, Accuracy: 76.38889, Loss: 0.010073854
 
Best Matthews: 0.50759, Best Accuracy: 76.38889, Best Loss: 0.012863061 at epoch 18
Time Elasped: 00:00:54
========= Epoch 34 =========
9/18: Matthews 0.47559, Accuracy: 73.61111, Loss: 0.009484998
18/18: Matthews 0.49128, Accuracy: 75.00000, Loss: 0.009369100
 
Best Matthews: 0.50759, Best Accuracy: 76.38889, Best Loss: 0.012863061 at epoch 18
Time Elasped: 00:00:55
========= Epoch 35 =========
9/18: Matthews 0.49515, Accuracy: 77.08333, Loss: 0.009917183
18/18: Matthews 0.49515, Accuracy: 77.08333, Loss: 0.009974007
 
Best Matthews: 0.50759, Best Accuracy: 76.38889, Best Loss: 0.012863061 at epoch 18
Time Elasped: 00:00:56
========= Epoch 36 =========
9/18: Matthews 0.49515, Accuracy: 77.08333, Loss: 0.010687826
18/18: Matthews 0.48655, Accuracy: 76.38889, Loss: 0.010594978
 
Best Matthews: 0.50759, Best Accuracy: 76.38889, Best Loss: 0.012863061 at epoch 18
Time Elasped: 00:00:58
========= Epoch 37 =========
9/18: Matthews 0.49515, Accuracy: 77.08333, Loss: 0.010226666
18/18: Matthews 0.49515, Accuracy: 77.08333, Loss: 0.009965474
 
Best Matthews: 0.50759, Best Accuracy: 76.38889, Best Loss: 0.012863061 at epoch 18
Time Elasped: 00:00:59
========= Epoch 38 =========
9/18: Matthews 0.49515, Accuracy: 77.08333, Loss: 0.009793752
18/18: Matthews 0.48655, Accuracy: 76.38889, Loss: 0.009476888
 
Best Matthews: 0.50759, Best Accuracy: 76.38889, Best Loss: 0.012863061 at epoch 18
Time Elasped: 00:01:00
========= Epoch 39 =========
Early Stopping activated
 
Best Matthews: 0.50759, Best Accuracy: 76.38889, Best Loss: 0.012863061 at epoch 18
Time Elasped: 00:01:02
Test Set:
0/0: Matthews 0.51175, Accuracy: 80.37975, Loss: 0.018568234
