Namespace(batch_size=32, buffer_size=1, by_source=False, crop_pad_length=30, data='./acceptability_corpus/verb_classes/inchoative', data_type='discriminator', dropout=0.5, embedding='glove.6B.300d', embedding_path='/scratch/asw462/models/elmo_encoder/elmo.emb', embedding_size=217, encoder_num_layers=2, encoder_path='/scratch/asw462/models/elmo_encoder/elmo.pth', encoding_size=528, encoding_type='lstm_pooling_classifier', epochs=1000, evaluate_train=False, experiment_name='experiment_linear_classifier_h_96_l_2_lr_0.0001_e_217_do_0.5', glove=False, gpu=True, hidden_size=96, imbalance=True, learning_rate=5e-05, lm_path=None, logs_dir='/scratch/asw462/logs/verb_classes/inchoative', max_pool=False, model='linear_classifier', num_layers=2, output_dir='/scratch/asw462/logs/verb_classes/outputs/inchoative', patience=20, preprocess_tokenizer='space', prints_per_stage=1, resume=True, resume_file=None, save_loc='/scratch/asw462/models/verb_classes/inchoative', seed=1111, should_not_log=False, should_not_lowercase=False, should_not_preprocess_data=False, stages_per_epoch=2, train_embeddings=False, train_evaluate_interval=10, vocab_file='/scratch/asw462/data/vocab_100k.tsv')
======== General =======
Model: linear_classifier
GPU: True
Experiment Name: experiment_linear_classifier_h_96_l_2_lr_0.0001_e_217_do_0.5
Save location: /scratch/asw462/models/verb_classes/inchoative
Logs dir: /scratch/asw462/logs/verb_classes/inchoative
Timestamp: 2018/08/02 04:39:24
 
======== Data =======
Training set: 550 examples
Validation set: 144 examples
Test set: 474 examples
 
======= Parameters =======
Learning Rate: 0.000050
Batch Size: 32
Epochs: 1000
Patience: 20
Stages per Epoch: 2
Embedding: 100004 x 217
Number of layers: 2
Hidden Size: 96
Encoder Size: 528
Resume: True
 
======= Model =======
LinearClassifierWithEncoder(
  (model): LinearClassifier(
    (dropout): Dropout(p=0.5)
    (enc2h): Linear(in_features=1056, out_features=96, bias=True)
    (h20): Linear(in_features=96, out_features=1, bias=True)
    (sigmoid): Sigmoid()
    (tanh): Tanh()
    (softmax): Softmax()
  )
  (encoder): LSTMPoolingClassifierWithELMo(
    (elmo): ELMOClassifier(
      (lm): LSTMLanguageModel(
        (dropout): Dropout(p=0.2)
        (embedding): Embedding(100003, 217)
        (lstm): LSTM(217, 891, num_layers=2, dropout=0.2)
        (fc): Linear(in_features=891, out_features=100003, bias=True)
      )
      (lstms): ModuleList(
        (0): LSTM(217, 891, batch_first=True)
        (1): LSTM(891, 891, batch_first=True)
      )
      (dropout): Dropout(p=0.2)
      (linear_comb): Linear(in_features=2, out_features=1, bias=True)
      (fc1): Linear(in_features=891, out_features=528, bias=True)
      (relu): ReLU()
      (out): Linear(in_features=528, out_features=1, bias=True)
      (sigmoid): Sigmoid()
    )
    (pooling_classifier): LSTMPoolingClassifier(
      (ih2h): LSTM(891, 528, num_layers=3, batch_first=True, dropout=0.2, bidirectional=True)
      (pool2o): Linear(in_features=1056, out_features=1, bias=True)
      (sigmoid): Sigmoid()
      (softmax): Softmax()
      (dropout): Dropout(p=0.2)
    )
  )
)
 
========= Epoch 1 =========
9/18: Matthews 0.31843, Accuracy: 79.16667, Loss: 0.036496699
18/18: Matthews 0.30661, Accuracy: 78.47222, Loss: 0.034151799
 
Best Matthews: 0.31843, Best Accuracy: 79.16667, Best Loss: 0.036496699 at epoch 1
Time Elasped: 00:00:07
========= Epoch 2 =========
9/18: Matthews 0.38143, Accuracy: 79.16667, Loss: 0.032275362
18/18: Matthews 0.38143, Accuracy: 79.16667, Loss: 0.030575713
 
Best Matthews: 0.38143, Best Accuracy: 79.16667, Best Loss: 0.032275362 at epoch 2
Time Elasped: 00:00:10
========= Epoch 3 =========
9/18: Matthews 0.34956, Accuracy: 78.47222, Loss: 0.028673960
18/18: Matthews 0.38143, Accuracy: 79.16667, Loss: 0.027431665
 
Best Matthews: 0.38143, Best Accuracy: 79.16667, Best Loss: 0.032275362 at epoch 2
Time Elasped: 00:00:11
========= Epoch 4 =========
9/18: Matthews 0.38143, Accuracy: 79.16667, Loss: 0.026403811
18/18: Matthews 0.41282, Accuracy: 79.86111, Loss: 0.025388234
 
Best Matthews: 0.41282, Best Accuracy: 79.86111, Best Loss: 0.025388234 at epoch 4
Time Elasped: 00:00:14
========= Epoch 5 =========
9/18: Matthews 0.40182, Accuracy: 79.16667, Loss: 0.024139568
18/18: Matthews 0.38076, Accuracy: 77.77778, Loss: 0.023283530
 
Best Matthews: 0.41282, Best Accuracy: 79.86111, Best Loss: 0.025388234 at epoch 4
Time Elasped: 00:00:15
========= Epoch 6 =========
9/18: Matthews 0.38076, Accuracy: 77.77778, Loss: 0.022491038
18/18: Matthews 0.38076, Accuracy: 77.77778, Loss: 0.021761109
 
Best Matthews: 0.41282, Best Accuracy: 79.86111, Best Loss: 0.025388234 at epoch 4
Time Elasped: 00:00:16
========= Epoch 7 =========
9/18: Matthews 0.38076, Accuracy: 77.77778, Loss: 0.021045301
18/18: Matthews 0.38076, Accuracy: 77.77778, Loss: 0.020514909
 
Best Matthews: 0.41282, Best Accuracy: 79.86111, Best Loss: 0.025388234 at epoch 4
Time Elasped: 00:00:17
========= Epoch 8 =========
9/18: Matthews 0.38076, Accuracy: 77.77778, Loss: 0.019891833
18/18: Matthews 0.37067, Accuracy: 77.08333, Loss: 0.019312421
 
Best Matthews: 0.41282, Best Accuracy: 79.86111, Best Loss: 0.025388234 at epoch 4
Time Elasped: 00:00:19
========= Epoch 9 =========
9/18: Matthews 0.43193, Accuracy: 78.47222, Loss: 0.018853694
18/18: Matthews 0.43193, Accuracy: 78.47222, Loss: 0.018459145
 
Best Matthews: 0.43193, Best Accuracy: 78.47222, Best Loss: 0.018853694 at epoch 9
Time Elasped: 00:00:22
========= Epoch 10 =========
9/18: Matthews 0.43308, Accuracy: 77.08333, Loss: 0.017986006
18/18: Matthews 0.40296, Accuracy: 76.38889, Loss: 0.017614990
 
Best Matthews: 0.43308, Best Accuracy: 77.08333, Best Loss: 0.017986006 at epoch 10
Time Elasped: 00:00:25
========= Epoch 11 =========
9/18: Matthews 0.43193, Accuracy: 78.47222, Loss: 0.017532104
18/18: Matthews 0.40296, Accuracy: 76.38889, Loss: 0.017259417
 
Best Matthews: 0.43308, Best Accuracy: 77.08333, Best Loss: 0.017986006 at epoch 10
Time Elasped: 00:00:26
========= Epoch 12 =========
9/18: Matthews 0.39376, Accuracy: 75.69444, Loss: 0.016958672
18/18: Matthews 0.41485, Accuracy: 75.69444, Loss: 0.016643547
 
Best Matthews: 0.43308, Best Accuracy: 77.08333, Best Loss: 0.017986006 at epoch 10
Time Elasped: 00:00:27
========= Epoch 13 =========
9/18: Matthews 0.41485, Accuracy: 75.69444, Loss: 0.016222474
18/18: Matthews 0.38476, Accuracy: 75.00000, Loss: 0.016077335
 
Best Matthews: 0.43308, Best Accuracy: 77.08333, Best Loss: 0.017986006 at epoch 10
Time Elasped: 00:00:28
========= Epoch 14 =========
9/18: Matthews 0.41881, Accuracy: 74.30556, Loss: 0.015791943
18/18: Matthews 0.44853, Accuracy: 75.00000, Loss: 0.015647792
 
Best Matthews: 0.44853, Best Accuracy: 75.00000, Best Loss: 0.015647792 at epoch 14
Time Elasped: 00:00:31
========= Epoch 15 =========
9/18: Matthews 0.44853, Accuracy: 75.00000, Loss: 0.015425207
18/18: Matthews 0.44853, Accuracy: 75.00000, Loss: 0.015292078
 
Best Matthews: 0.44853, Best Accuracy: 75.00000, Best Loss: 0.015647792 at epoch 14
Time Elasped: 00:00:32
========= Epoch 16 =========
9/18: Matthews 0.44024, Accuracy: 74.30556, Loss: 0.015197280
18/18: Matthews 0.46175, Accuracy: 74.30556, Loss: 0.015057014
 
Best Matthews: 0.46175, Best Accuracy: 74.30556, Best Loss: 0.015057014 at epoch 16
Time Elasped: 00:00:35
========= Epoch 17 =========
9/18: Matthews 0.47559, Accuracy: 73.61111, Loss: 0.014933073
18/18: Matthews 0.47559, Accuracy: 73.61111, Loss: 0.014726414
 
Best Matthews: 0.47559, Best Accuracy: 73.61111, Best Loss: 0.014933073 at epoch 17
Time Elasped: 00:00:38
========= Epoch 18 =========
9/18: Matthews 0.45379, Accuracy: 73.61111, Loss: 0.014624751
18/18: Matthews 0.46175, Accuracy: 74.30556, Loss: 0.014422675
 
Best Matthews: 0.47559, Best Accuracy: 73.61111, Best Loss: 0.014933073 at epoch 17
Time Elasped: 00:00:39
========= Epoch 19 =========
9/18: Matthews 0.47811, Accuracy: 75.69444, Loss: 0.014121698
18/18: Matthews 0.47811, Accuracy: 75.69444, Loss: 0.013983581
 
Best Matthews: 0.47811, Best Accuracy: 75.69444, Best Loss: 0.014121698 at epoch 19
Time Elasped: 00:00:41
========= Epoch 20 =========
9/18: Matthews 0.41881, Accuracy: 74.30556, Loss: 0.013826241
18/18: Matthews 0.44853, Accuracy: 75.00000, Loss: 0.013822574
 
Best Matthews: 0.47811, Best Accuracy: 75.69444, Best Loss: 0.014121698 at epoch 19
Time Elasped: 00:00:43
========= Epoch 21 =========
9/18: Matthews 0.44853, Accuracy: 75.00000, Loss: 0.013828347
18/18: Matthews 0.44853, Accuracy: 75.00000, Loss: 0.013702662
 
Best Matthews: 0.47811, Best Accuracy: 75.69444, Best Loss: 0.014121698 at epoch 19
Time Elasped: 00:00:44
========= Epoch 22 =========
9/18: Matthews 0.42414, Accuracy: 72.91667, Loss: 0.013639048
18/18: Matthews 0.45379, Accuracy: 73.61111, Loss: 0.013610123
 
Best Matthews: 0.47811, Best Accuracy: 75.69444, Best Loss: 0.014121698 at epoch 19
Time Elasped: 00:00:45
========= Epoch 23 =========
9/18: Matthews 0.45379, Accuracy: 73.61111, Loss: 0.013519277
18/18: Matthews 0.43212, Accuracy: 73.61111, Loss: 0.013522512
 
Best Matthews: 0.47811, Best Accuracy: 75.69444, Best Loss: 0.014121698 at epoch 19
Time Elasped: 00:00:46
========= Epoch 24 =========
9/18: Matthews 0.43212, Accuracy: 73.61111, Loss: 0.013952557
18/18: Matthews 0.43212, Accuracy: 73.61111, Loss: 0.013947187
 
Best Matthews: 0.47811, Best Accuracy: 75.69444, Best Loss: 0.014121698 at epoch 19
Time Elasped: 00:00:47
========= Epoch 25 =========
9/18: Matthews 0.45379, Accuracy: 73.61111, Loss: 0.013601974
18/18: Matthews 0.45379, Accuracy: 73.61111, Loss: 0.013519271
 
Best Matthews: 0.47811, Best Accuracy: 75.69444, Best Loss: 0.014121698 at epoch 19
Time Elasped: 00:00:48
========= Epoch 26 =========
9/18: Matthews 0.45379, Accuracy: 73.61111, Loss: 0.013401154
18/18: Matthews 0.45379, Accuracy: 73.61111, Loss: 0.013432084
 
Best Matthews: 0.47811, Best Accuracy: 75.69444, Best Loss: 0.014121698 at epoch 19
Time Elasped: 00:00:49
========= Epoch 27 =========
9/18: Matthews 0.45379, Accuracy: 73.61111, Loss: 0.013214541
18/18: Matthews 0.45379, Accuracy: 73.61111, Loss: 0.013132800
 
Best Matthews: 0.47811, Best Accuracy: 75.69444, Best Loss: 0.014121698 at epoch 19
Time Elasped: 00:00:50
========= Epoch 28 =========
9/18: Matthews 0.45379, Accuracy: 73.61111, Loss: 0.013047969
18/18: Matthews 0.45379, Accuracy: 73.61111, Loss: 0.012936076
 
Best Matthews: 0.47811, Best Accuracy: 75.69444, Best Loss: 0.014121698 at epoch 19
Time Elasped: 00:00:52
========= Epoch 29 =========
9/18: Matthews 0.44598, Accuracy: 72.91667, Loss: 0.013003662
18/18: Matthews 0.45379, Accuracy: 73.61111, Loss: 0.013103409
 
Best Matthews: 0.47811, Best Accuracy: 75.69444, Best Loss: 0.014121698 at epoch 19
Time Elasped: 00:00:53
========= Epoch 30 =========
9/18: Matthews 0.45379, Accuracy: 73.61111, Loss: 0.013391541
18/18: Matthews 0.45379, Accuracy: 73.61111, Loss: 0.013350518
 
Best Matthews: 0.47811, Best Accuracy: 75.69444, Best Loss: 0.014121698 at epoch 19
Time Elasped: 00:00:54
========= Epoch 31 =========
9/18: Matthews 0.46795, Accuracy: 72.91667, Loss: 0.013267770
18/18: Matthews 0.46795, Accuracy: 72.91667, Loss: 0.013133142
 
Best Matthews: 0.47811, Best Accuracy: 75.69444, Best Loss: 0.014121698 at epoch 19
Time Elasped: 00:00:55
========= Epoch 32 =========
9/18: Matthews 0.46795, Accuracy: 72.91667, Loss: 0.013079845
18/18: Matthews 0.47559, Accuracy: 73.61111, Loss: 0.012964072
 
Best Matthews: 0.47811, Best Accuracy: 75.69444, Best Loss: 0.014121698 at epoch 19
Time Elasped: 00:00:56
========= Epoch 33 =========
9/18: Matthews 0.45379, Accuracy: 73.61111, Loss: 0.012743587
18/18: Matthews 0.45379, Accuracy: 73.61111, Loss: 0.012711258
 
Best Matthews: 0.47811, Best Accuracy: 75.69444, Best Loss: 0.014121698 at epoch 19
Time Elasped: 00:00:57
========= Epoch 34 =========
9/18: Matthews 0.46175, Accuracy: 74.30556, Loss: 0.012697639
18/18: Matthews 0.45379, Accuracy: 73.61111, Loss: 0.012574378
 
Best Matthews: 0.47811, Best Accuracy: 75.69444, Best Loss: 0.014121698 at epoch 19
Time Elasped: 00:00:58
========= Epoch 35 =========
9/18: Matthews 0.48336, Accuracy: 74.30556, Loss: 0.012010820
18/18: Matthews 0.48336, Accuracy: 74.30556, Loss: 0.011948186
 
Best Matthews: 0.48336, Best Accuracy: 74.30556, Best Loss: 0.012010820 at epoch 35
Time Elasped: 00:01:01
========= Epoch 36 =========
9/18: Matthews 0.47559, Accuracy: 73.61111, Loss: 0.012041792
18/18: Matthews 0.48336, Accuracy: 74.30556, Loss: 0.012074189
 
Best Matthews: 0.48336, Best Accuracy: 74.30556, Best Loss: 0.012010820 at epoch 35
Time Elasped: 00:01:02
========= Epoch 37 =========
9/18: Matthews 0.49128, Accuracy: 75.00000, Loss: 0.012098599
18/18: Matthews 0.49128, Accuracy: 75.00000, Loss: 0.012007497
 
Best Matthews: 0.49128, Best Accuracy: 75.00000, Best Loss: 0.012098599 at epoch 37
Time Elasped: 00:01:05
========= Epoch 38 =========
9/18: Matthews 0.49128, Accuracy: 75.00000, Loss: 0.011920835
18/18: Matthews 0.49128, Accuracy: 75.00000, Loss: 0.011941177
 
Best Matthews: 0.49128, Best Accuracy: 75.00000, Best Loss: 0.012098599 at epoch 37
Time Elasped: 00:01:06
========= Epoch 39 =========
9/18: Matthews 0.49128, Accuracy: 75.00000, Loss: 0.012055077
18/18: Matthews 0.49128, Accuracy: 75.00000, Loss: 0.011862377
 
Best Matthews: 0.49128, Best Accuracy: 75.00000, Best Loss: 0.012098599 at epoch 37
Time Elasped: 00:01:07
========= Epoch 40 =========
9/18: Matthews 0.49128, Accuracy: 75.00000, Loss: 0.011800929
18/18: Matthews 0.49128, Accuracy: 75.00000, Loss: 0.011726270
 
Best Matthews: 0.49128, Best Accuracy: 75.00000, Best Loss: 0.012098599 at epoch 37
Time Elasped: 00:01:08
========= Epoch 41 =========
9/18: Matthews 0.46795, Accuracy: 72.91667, Loss: 0.011587991
18/18: Matthews 0.47559, Accuracy: 73.61111, Loss: 0.011660869
 
Best Matthews: 0.49128, Best Accuracy: 75.00000, Best Loss: 0.012098599 at epoch 37
Time Elasped: 00:01:10
========= Epoch 42 =========
9/18: Matthews 0.45379, Accuracy: 73.61111, Loss: 0.011708955
18/18: Matthews 0.45379, Accuracy: 73.61111, Loss: 0.011720066
 
Best Matthews: 0.49128, Best Accuracy: 75.00000, Best Loss: 0.012098599 at epoch 37
Time Elasped: 00:01:11
========= Epoch 43 =========
9/18: Matthews 0.46175, Accuracy: 74.30556, Loss: 0.011883313
18/18: Matthews 0.46985, Accuracy: 75.00000, Loss: 0.011696051
 
Best Matthews: 0.49128, Best Accuracy: 75.00000, Best Loss: 0.012098599 at epoch 37
Time Elasped: 00:01:12
========= Epoch 44 =========
9/18: Matthews 0.46985, Accuracy: 75.00000, Loss: 0.011569581
18/18: Matthews 0.46985, Accuracy: 75.00000, Loss: 0.011475649
 
Best Matthews: 0.49128, Best Accuracy: 75.00000, Best Loss: 0.012098599 at epoch 37
Time Elasped: 00:01:13
========= Epoch 45 =========
9/18: Matthews 0.46985, Accuracy: 75.00000, Loss: 0.011623295
18/18: Matthews 0.46985, Accuracy: 75.00000, Loss: 0.011675002
 
Best Matthews: 0.49128, Best Accuracy: 75.00000, Best Loss: 0.012098599 at epoch 37
Time Elasped: 00:01:14
========= Epoch 46 =========
9/18: Matthews 0.46985, Accuracy: 75.00000, Loss: 0.011601417
18/18: Matthews 0.46985, Accuracy: 75.00000, Loss: 0.011722902
 
Best Matthews: 0.49128, Best Accuracy: 75.00000, Best Loss: 0.012098599 at epoch 37
Time Elasped: 00:01:15
========= Epoch 47 =========
9/18: Matthews 0.46985, Accuracy: 75.00000, Loss: 0.011670328
18/18: Matthews 0.45379, Accuracy: 73.61111, Loss: 0.011507422
 
Best Matthews: 0.49128, Best Accuracy: 75.00000, Best Loss: 0.012098599 at epoch 37
Time Elasped: 00:01:16
========= Epoch 48 =========
9/18: Matthews 0.45379, Accuracy: 73.61111, Loss: 0.011434252
18/18: Matthews 0.44598, Accuracy: 72.91667, Loss: 0.011418056
 
Best Matthews: 0.49128, Best Accuracy: 75.00000, Best Loss: 0.012098599 at epoch 37
Time Elasped: 00:01:17
========= Epoch 49 =========
9/18: Matthews 0.45379, Accuracy: 73.61111, Loss: 0.011272095
18/18: Matthews 0.45379, Accuracy: 73.61111, Loss: 0.010920150
 
Best Matthews: 0.49128, Best Accuracy: 75.00000, Best Loss: 0.012098599 at epoch 37
Time Elasped: 00:01:19
========= Epoch 50 =========
9/18: Matthews 0.47811, Accuracy: 75.69444, Loss: 0.010380076
18/18: Matthews 0.47811, Accuracy: 75.69444, Loss: 0.010064575
 
Best Matthews: 0.49128, Best Accuracy: 75.00000, Best Loss: 0.012098599 at epoch 37
Time Elasped: 00:01:20
========= Epoch 51 =========
9/18: Matthews 0.45379, Accuracy: 73.61111, Loss: 0.010152697
18/18: Matthews 0.45379, Accuracy: 73.61111, Loss: 0.010176240
 
Best Matthews: 0.49128, Best Accuracy: 75.00000, Best Loss: 0.012098599 at epoch 37
Time Elasped: 00:01:21
========= Epoch 52 =========
9/18: Matthews 0.45379, Accuracy: 73.61111, Loss: 0.010242191
18/18: Matthews 0.45379, Accuracy: 73.61111, Loss: 0.010211615
 
Best Matthews: 0.49128, Best Accuracy: 75.00000, Best Loss: 0.012098599 at epoch 37
Time Elasped: 00:01:22
========= Epoch 53 =========
9/18: Matthews 0.45379, Accuracy: 73.61111, Loss: 0.010100936
18/18: Matthews 0.45379, Accuracy: 73.61111, Loss: 0.010227810
 
Best Matthews: 0.49128, Best Accuracy: 75.00000, Best Loss: 0.012098599 at epoch 37
Time Elasped: 00:01:23
========= Epoch 54 =========
9/18: Matthews 0.46175, Accuracy: 74.30556, Loss: 0.010181354
18/18: Matthews 0.46175, Accuracy: 74.30556, Loss: 0.010355011
 
Best Matthews: 0.49128, Best Accuracy: 75.00000, Best Loss: 0.012098599 at epoch 37
Time Elasped: 00:01:24
========= Epoch 55 =========
9/18: Matthews 0.48655, Accuracy: 76.38889, Loss: 0.010705606
18/18: Matthews 0.49515, Accuracy: 77.08333, Loss: 0.010820278
 
Best Matthews: 0.49515, Best Accuracy: 77.08333, Best Loss: 0.010820278 at epoch 55
Time Elasped: 00:01:27
========= Epoch 56 =========
9/18: Matthews 0.46985, Accuracy: 75.00000, Loss: 0.010498143
18/18: Matthews 0.46985, Accuracy: 75.00000, Loss: 0.010485067
 
Best Matthews: 0.49515, Best Accuracy: 77.08333, Best Loss: 0.010820278 at epoch 55
Time Elasped: 00:01:28
========= Epoch 57 =========
9/18: Matthews 0.49515, Accuracy: 77.08333, Loss: 0.010566473
18/18: Matthews 0.49515, Accuracy: 77.08333, Loss: 0.010754441
 
Best Matthews: 0.49515, Best Accuracy: 77.08333, Best Loss: 0.010820278 at epoch 55
Time Elasped: 00:01:29
========= Epoch 58 =========
9/18: Matthews 0.49515, Accuracy: 77.08333, Loss: 0.011256062
18/18: Matthews 0.48655, Accuracy: 76.38889, Loss: 0.011114842
 
Best Matthews: 0.49515, Best Accuracy: 77.08333, Best Loss: 0.010820278 at epoch 55
Time Elasped: 00:01:30
========= Epoch 59 =========
9/18: Matthews 0.49515, Accuracy: 77.08333, Loss: 0.010922844
18/18: Matthews 0.48655, Accuracy: 76.38889, Loss: 0.010675594
 
Best Matthews: 0.49515, Best Accuracy: 77.08333, Best Loss: 0.010820278 at epoch 55
Time Elasped: 00:01:32
========= Epoch 60 =========
9/18: Matthews 0.43831, Accuracy: 72.22222, Loss: 0.010280304
18/18: Matthews 0.43831, Accuracy: 72.22222, Loss: 0.010300127
 
Best Matthews: 0.49515, Best Accuracy: 77.08333, Best Loss: 0.010820278 at epoch 55
Time Elasped: 00:01:33
========= Epoch 61 =========
9/18: Matthews 0.44598, Accuracy: 72.91667, Loss: 0.010297604
18/18: Matthews 0.46175, Accuracy: 74.30556, Loss: 0.010251249
 
Best Matthews: 0.49515, Best Accuracy: 77.08333, Best Loss: 0.010820278 at epoch 55
Time Elasped: 00:01:34
========= Epoch 62 =========
9/18: Matthews 0.48655, Accuracy: 76.38889, Loss: 0.010363816
18/18: Matthews 0.49515, Accuracy: 77.08333, Loss: 0.010410729
 
Best Matthews: 0.49515, Best Accuracy: 77.08333, Best Loss: 0.010820278 at epoch 55
Time Elasped: 00:01:35
========= Epoch 63 =========
9/18: Matthews 0.49515, Accuracy: 77.08333, Loss: 0.010304630
18/18: Matthews 0.49515, Accuracy: 77.08333, Loss: 0.010241064
 
Best Matthews: 0.49515, Best Accuracy: 77.08333, Best Loss: 0.010820278 at epoch 55
Time Elasped: 00:01:36
========= Epoch 64 =========
9/18: Matthews 0.49515, Accuracy: 77.08333, Loss: 0.010445239
18/18: Matthews 0.49515, Accuracy: 77.08333, Loss: 0.010547272
 
Best Matthews: 0.49515, Best Accuracy: 77.08333, Best Loss: 0.010820278 at epoch 55
Time Elasped: 00:01:37
========= Epoch 65 =========
9/18: Matthews 0.49515, Accuracy: 77.08333, Loss: 0.010674073
18/18: Matthews 0.48655, Accuracy: 76.38889, Loss: 0.010431477
 
Best Matthews: 0.49515, Best Accuracy: 77.08333, Best Loss: 0.010820278 at epoch 55
Time Elasped: 00:01:38
========= Epoch 66 =========
9/18: Matthews 0.46985, Accuracy: 75.00000, Loss: 0.009868585
18/18: Matthews 0.46985, Accuracy: 75.00000, Loss: 0.009949408
 
Best Matthews: 0.49515, Best Accuracy: 77.08333, Best Loss: 0.010820278 at epoch 55
Time Elasped: 00:01:39
========= Epoch 67 =========
9/18: Matthews 0.47811, Accuracy: 75.69444, Loss: 0.010011888
18/18: Matthews 0.48655, Accuracy: 76.38889, Loss: 0.009966596
 
Best Matthews: 0.49515, Best Accuracy: 77.08333, Best Loss: 0.010820278 at epoch 55
Time Elasped: 00:01:41
========= Epoch 68 =========
9/18: Matthews 0.46175, Accuracy: 74.30556, Loss: 0.010090724
18/18: Matthews 0.46985, Accuracy: 75.00000, Loss: 0.010111714
 
Best Matthews: 0.49515, Best Accuracy: 77.08333, Best Loss: 0.010820278 at epoch 55
Time Elasped: 00:01:42
========= Epoch 69 =========
9/18: Matthews 0.46985, Accuracy: 75.00000, Loss: 0.010095265
18/18: Matthews 0.46985, Accuracy: 75.00000, Loss: 0.010089199
 
Best Matthews: 0.49515, Best Accuracy: 77.08333, Best Loss: 0.010820278 at epoch 55
Time Elasped: 00:01:43
========= Epoch 70 =========
9/18: Matthews 0.48655, Accuracy: 76.38889, Loss: 0.010203778
18/18: Matthews 0.48655, Accuracy: 76.38889, Loss: 0.010447564
 
Best Matthews: 0.49515, Best Accuracy: 77.08333, Best Loss: 0.010820278 at epoch 55
Time Elasped: 00:01:44
========= Epoch 71 =========
9/18: Matthews 0.48655, Accuracy: 76.38889, Loss: 0.010368658
18/18: Matthews 0.48655, Accuracy: 76.38889, Loss: 0.010213095
 
Best Matthews: 0.49515, Best Accuracy: 77.08333, Best Loss: 0.010820278 at epoch 55
Time Elasped: 00:01:45
========= Epoch 72 =========
9/18: Matthews 0.48655, Accuracy: 76.38889, Loss: 0.010005467
18/18: Matthews 0.48655, Accuracy: 76.38889, Loss: 0.009904234
 
Best Matthews: 0.49515, Best Accuracy: 77.08333, Best Loss: 0.010820278 at epoch 55
Time Elasped: 00:01:46
========= Epoch 73 =========
9/18: Matthews 0.48655, Accuracy: 76.38889, Loss: 0.010025873
18/18: Matthews 0.46985, Accuracy: 75.00000, Loss: 0.009929525
 
Best Matthews: 0.49515, Best Accuracy: 77.08333, Best Loss: 0.010820278 at epoch 55
Time Elasped: 00:01:47
========= Epoch 74 =========
9/18: Matthews 0.48655, Accuracy: 76.38889, Loss: 0.009745034
18/18: Matthews 0.48655, Accuracy: 76.38889, Loss: 0.009491298
 
Best Matthews: 0.49515, Best Accuracy: 77.08333, Best Loss: 0.010820278 at epoch 55
Time Elasped: 00:01:49
========= Epoch 75 =========
9/18: Matthews 0.46985, Accuracy: 75.00000, Loss: 0.009534465
18/18: Matthews 0.46985, Accuracy: 75.00000, Loss: 0.009684626
 
Best Matthews: 0.49515, Best Accuracy: 77.08333, Best Loss: 0.010820278 at epoch 55
Time Elasped: 00:01:50
========= Epoch 76 =========
Early Stopping activated
 
Best Matthews: 0.49515, Best Accuracy: 77.08333, Best Loss: 0.010820278 at epoch 55
Time Elasped: 00:01:54
Test Set:
0/0: Matthews 0.58154, Accuracy: 82.91139, Loss: 0.016578734
