Namespace(batch_size=32, buffer_size=1, by_source=False, crop_pad_length=30, data='./acceptability_corpus/verb_classes/inchoative', data_type='discriminator', dropout=0.2, embedding='glove.6B.300d', embedding_path='/scratch/asw462/models/elmo_encoder/elmo.emb', embedding_size=217, encoder_num_layers=2, encoder_path='/scratch/asw462/models/elmo_encoder/elmo.pth', encoding_size=528, encoding_type='lstm_pooling_classifier', epochs=1000, evaluate_train=False, experiment_name='experiment_linear_classifier_h_64_l_1_lr_0.0000_e_217_do_0.2', glove=False, gpu=True, hidden_size=64, imbalance=True, learning_rate=2e-05, lm_path=None, logs_dir='/scratch/asw462/logs/verb_classes/inchoative', max_pool=False, model='linear_classifier', num_layers=1, output_dir='/scratch/asw462/logs/verb_classes/outputs/inchoative', patience=20, preprocess_tokenizer='space', prints_per_stage=1, resume=True, resume_file=None, save_loc='/scratch/asw462/models/verb_classes/inchoative', seed=1111, should_not_log=False, should_not_lowercase=False, should_not_preprocess_data=False, stages_per_epoch=2, train_embeddings=False, train_evaluate_interval=10, vocab_file='/scratch/asw462/data/vocab_100k.tsv')
======== General =======
Model: linear_classifier
GPU: True
Experiment Name: experiment_linear_classifier_h_64_l_1_lr_0.0000_e_217_do_0.2
Save location: /scratch/asw462/models/verb_classes/inchoative
Logs dir: /scratch/asw462/logs/verb_classes/inchoative
Timestamp: 2018/08/02 04:38:34
 
======== Data =======
Training set: 550 examples
Validation set: 144 examples
Test set: 474 examples
 
======= Parameters =======
Learning Rate: 0.000020
Batch Size: 32
Epochs: 1000
Patience: 20
Stages per Epoch: 2
Embedding: 100004 x 217
Number of layers: 1
Hidden Size: 64
Encoder Size: 528
Resume: True
 
======= Model =======
LinearClassifierWithEncoder(
  (model): LinearClassifier(
    (dropout): Dropout(p=0.2)
    (enc2h): Linear(in_features=1056, out_features=64, bias=True)
    (h20): Linear(in_features=64, out_features=1, bias=True)
    (sigmoid): Sigmoid()
    (tanh): Tanh()
    (softmax): Softmax()
  )
  (encoder): LSTMPoolingClassifierWithELMo(
    (elmo): ELMOClassifier(
      (lm): LSTMLanguageModel(
        (dropout): Dropout(p=0.2)
        (embedding): Embedding(100003, 217)
        (lstm): LSTM(217, 891, num_layers=2, dropout=0.2)
        (fc): Linear(in_features=891, out_features=100003, bias=True)
      )
      (lstms): ModuleList(
        (0): LSTM(217, 891, batch_first=True)
        (1): LSTM(891, 891, batch_first=True)
      )
      (dropout): Dropout(p=0.2)
      (linear_comb): Linear(in_features=2, out_features=1, bias=True)
      (fc1): Linear(in_features=891, out_features=528, bias=True)
      (relu): ReLU()
      (out): Linear(in_features=528, out_features=1, bias=True)
      (sigmoid): Sigmoid()
    )
    (pooling_classifier): LSTMPoolingClassifier(
      (ih2h): LSTM(891, 528, num_layers=3, batch_first=True, dropout=0.2, bidirectional=True)
      (pool2o): Linear(in_features=1056, out_features=1, bias=True)
      (sigmoid): Sigmoid()
      (softmax): Softmax()
      (dropout): Dropout(p=0.2)
    )
  )
)
 
========= Epoch 1 =========
9/18: Matthews 0.33610, Accuracy: 84.72222, Loss: 0.038122614
18/18: Matthews 0.36299, Accuracy: 84.02778, Loss: 0.037156396
 
Best Matthews: 0.36299, Best Accuracy: 84.02778, Best Loss: 0.037156396 at epoch 1
Time Elasped: 00:00:09
========= Epoch 2 =========
9/18: Matthews 0.40071, Accuracy: 83.33333, Loss: 0.036169602
18/18: Matthews 0.35682, Accuracy: 81.25000, Loss: 0.035241170
 
Best Matthews: 0.40071, Best Accuracy: 83.33333, Best Loss: 0.036169602 at epoch 2
Time Elasped: 00:00:12
========= Epoch 3 =========
9/18: Matthews 0.39046, Accuracy: 81.94444, Loss: 0.034271386
18/18: Matthews 0.37703, Accuracy: 81.25000, Loss: 0.033460173
 
Best Matthews: 0.40071, Best Accuracy: 83.33333, Best Loss: 0.036169602 at epoch 2
Time Elasped: 00:00:13
========= Epoch 4 =========
9/18: Matthews 0.37703, Accuracy: 81.25000, Loss: 0.032815999
18/18: Matthews 0.36414, Accuracy: 80.55556, Loss: 0.032154236
 
Best Matthews: 0.40071, Best Accuracy: 83.33333, Best Loss: 0.036169602 at epoch 2
Time Elasped: 00:00:14
========= Epoch 5 =========
9/18: Matthews 0.39690, Accuracy: 81.25000, Loss: 0.031465209
18/18: Matthews 0.39690, Accuracy: 81.25000, Loss: 0.030847159
 
Best Matthews: 0.40071, Best Accuracy: 83.33333, Best Loss: 0.036169602 at epoch 2
Time Elasped: 00:00:15
========= Epoch 6 =========
9/18: Matthews 0.38442, Accuracy: 80.55556, Loss: 0.030282136
18/18: Matthews 0.37240, Accuracy: 79.86111, Loss: 0.029702153
 
Best Matthews: 0.40071, Best Accuracy: 83.33333, Best Loss: 0.036169602 at epoch 2
Time Elasped: 00:00:16
========= Epoch 7 =========
9/18: Matthews 0.37240, Accuracy: 79.86111, Loss: 0.029220389
18/18: Matthews 0.36079, Accuracy: 79.16667, Loss: 0.028663655
 
Best Matthews: 0.40071, Best Accuracy: 83.33333, Best Loss: 0.036169602 at epoch 2
Time Elasped: 00:00:17
========= Epoch 8 =========
9/18: Matthews 0.38143, Accuracy: 79.16667, Loss: 0.028225912
18/18: Matthews 0.38143, Accuracy: 79.16667, Loss: 0.027760001
 
Best Matthews: 0.40071, Best Accuracy: 83.33333, Best Loss: 0.036169602 at epoch 2
Time Elasped: 00:00:18
========= Epoch 9 =========
9/18: Matthews 0.38143, Accuracy: 79.16667, Loss: 0.027373539
18/18: Matthews 0.38143, Accuracy: 79.16667, Loss: 0.026946293
 
Best Matthews: 0.40071, Best Accuracy: 83.33333, Best Loss: 0.036169602 at epoch 2
Time Elasped: 00:00:20
========= Epoch 10 =========
9/18: Matthews 0.38143, Accuracy: 79.16667, Loss: 0.026441253
18/18: Matthews 0.38143, Accuracy: 79.16667, Loss: 0.026038203
 
Best Matthews: 0.40071, Best Accuracy: 83.33333, Best Loss: 0.036169602 at epoch 2
Time Elasped: 00:00:21
========= Epoch 11 =========
9/18: Matthews 0.38143, Accuracy: 79.16667, Loss: 0.025603021
18/18: Matthews 0.38143, Accuracy: 79.16667, Loss: 0.025224085
 
Best Matthews: 0.40071, Best Accuracy: 83.33333, Best Loss: 0.036169602 at epoch 2
Time Elasped: 00:00:22
========= Epoch 12 =========
9/18: Matthews 0.38143, Accuracy: 79.16667, Loss: 0.024855504
18/18: Matthews 0.39114, Accuracy: 78.47222, Loss: 0.024496280
 
Best Matthews: 0.40071, Best Accuracy: 83.33333, Best Loss: 0.036169602 at epoch 2
Time Elasped: 00:00:23
========= Epoch 13 =========
9/18: Matthews 0.38076, Accuracy: 77.77778, Loss: 0.024096330
18/18: Matthews 0.38076, Accuracy: 77.77778, Loss: 0.023788879
 
Best Matthews: 0.40071, Best Accuracy: 83.33333, Best Loss: 0.036169602 at epoch 2
Time Elasped: 00:00:24
========= Epoch 14 =========
9/18: Matthews 0.38076, Accuracy: 77.77778, Loss: 0.023516321
18/18: Matthews 0.38076, Accuracy: 77.77778, Loss: 0.023190901
 
Best Matthews: 0.40071, Best Accuracy: 83.33333, Best Loss: 0.036169602 at epoch 2
Time Elasped: 00:00:25
========= Epoch 15 =========
9/18: Matthews 0.41160, Accuracy: 78.47222, Loss: 0.022854237
18/18: Matthews 0.41160, Accuracy: 78.47222, Loss: 0.022506187
 
Best Matthews: 0.41160, Best Accuracy: 78.47222, Best Loss: 0.022854237 at epoch 15
Time Elasped: 00:00:28
========= Epoch 16 =========
9/18: Matthews 0.41160, Accuracy: 78.47222, Loss: 0.022193240
18/18: Matthews 0.41160, Accuracy: 78.47222, Loss: 0.021942124
 
Best Matthews: 0.41160, Best Accuracy: 78.47222, Best Loss: 0.022854237 at epoch 15
Time Elasped: 00:00:29
========= Epoch 17 =========
9/18: Matthews 0.41160, Accuracy: 78.47222, Loss: 0.021708735
18/18: Matthews 0.41160, Accuracy: 78.47222, Loss: 0.021468971
 
Best Matthews: 0.41160, Best Accuracy: 78.47222, Best Loss: 0.022854237 at epoch 15
Time Elasped: 00:00:30
========= Epoch 18 =========
9/18: Matthews 0.41160, Accuracy: 78.47222, Loss: 0.021115333
18/18: Matthews 0.41160, Accuracy: 78.47222, Loss: 0.020846335
 
Best Matthews: 0.41160, Best Accuracy: 78.47222, Best Loss: 0.022854237 at epoch 15
Time Elasped: 00:00:31
========= Epoch 19 =========
9/18: Matthews 0.41160, Accuracy: 78.47222, Loss: 0.020628376
18/18: Matthews 0.44209, Accuracy: 79.16667, Loss: 0.020410568
 
Best Matthews: 0.44209, Best Accuracy: 79.16667, Best Loss: 0.020410568 at epoch 19
Time Elasped: 00:00:34
========= Epoch 20 =========
9/18: Matthews 0.47227, Accuracy: 79.86111, Loss: 0.020247827
18/18: Matthews 0.47227, Accuracy: 79.86111, Loss: 0.020040592
 
Best Matthews: 0.47227, Best Accuracy: 79.86111, Best Loss: 0.020247827 at epoch 20
Time Elasped: 00:00:37
========= Epoch 21 =========
9/18: Matthews 0.46209, Accuracy: 79.16667, Loss: 0.019822773
18/18: Matthews 0.45218, Accuracy: 78.47222, Loss: 0.019641780
 
Best Matthews: 0.47227, Best Accuracy: 79.86111, Best Loss: 0.020247827 at epoch 20
Time Elasped: 00:00:38
========= Epoch 22 =========
9/18: Matthews 0.44252, Accuracy: 77.77778, Loss: 0.019485917
18/18: Matthews 0.44252, Accuracy: 77.77778, Loss: 0.019323266
 
Best Matthews: 0.47227, Best Accuracy: 79.86111, Best Loss: 0.020247827 at epoch 20
Time Elasped: 00:00:39
========= Epoch 23 =========
9/18: Matthews 0.44252, Accuracy: 77.77778, Loss: 0.019142724
18/18: Matthews 0.44252, Accuracy: 77.77778, Loss: 0.018991626
 
Best Matthews: 0.47227, Best Accuracy: 79.86111, Best Loss: 0.020247827 at epoch 20
Time Elasped: 00:00:40
========= Epoch 24 =========
9/18: Matthews 0.44252, Accuracy: 77.77778, Loss: 0.018836253
18/18: Matthews 0.44252, Accuracy: 77.77778, Loss: 0.018676943
 
Best Matthews: 0.47227, Best Accuracy: 79.86111, Best Loss: 0.020247827 at epoch 20
Time Elasped: 00:00:41
========= Epoch 25 =========
9/18: Matthews 0.44252, Accuracy: 77.77778, Loss: 0.018540922
18/18: Matthews 0.44252, Accuracy: 77.77778, Loss: 0.018412352
 
Best Matthews: 0.47227, Best Accuracy: 79.86111, Best Loss: 0.020247827 at epoch 20
Time Elasped: 00:00:42
========= Epoch 26 =========
9/18: Matthews 0.44252, Accuracy: 77.77778, Loss: 0.018219431
18/18: Matthews 0.44252, Accuracy: 77.77778, Loss: 0.018097450
 
Best Matthews: 0.47227, Best Accuracy: 79.86111, Best Loss: 0.020247827 at epoch 20
Time Elasped: 00:00:43
========= Epoch 27 =========
9/18: Matthews 0.43308, Accuracy: 77.08333, Loss: 0.017973542
18/18: Matthews 0.43308, Accuracy: 77.08333, Loss: 0.017844763
 
Best Matthews: 0.47227, Best Accuracy: 79.86111, Best Loss: 0.020247827 at epoch 20
Time Elasped: 00:00:44
========= Epoch 28 =========
9/18: Matthews 0.43308, Accuracy: 77.08333, Loss: 0.017788457
18/18: Matthews 0.43308, Accuracy: 77.08333, Loss: 0.017664257
 
Best Matthews: 0.47227, Best Accuracy: 79.86111, Best Loss: 0.020247827 at epoch 20
Time Elasped: 00:00:46
========= Epoch 29 =========
9/18: Matthews 0.43308, Accuracy: 77.08333, Loss: 0.017532044
18/18: Matthews 0.43308, Accuracy: 77.08333, Loss: 0.017408785
 
Best Matthews: 0.47227, Best Accuracy: 79.86111, Best Loss: 0.020247827 at epoch 20
Time Elasped: 00:00:47
========= Epoch 30 =========
9/18: Matthews 0.42386, Accuracy: 76.38889, Loss: 0.017352955
18/18: Matthews 0.45374, Accuracy: 77.08333, Loss: 0.017215666
 
Best Matthews: 0.47227, Best Accuracy: 79.86111, Best Loss: 0.020247827 at epoch 20
Time Elasped: 00:00:48
========= Epoch 31 =========
9/18: Matthews 0.45374, Accuracy: 77.08333, Loss: 0.017073348
18/18: Matthews 0.44473, Accuracy: 76.38889, Loss: 0.016945837
 
Best Matthews: 0.47227, Best Accuracy: 79.86111, Best Loss: 0.020247827 at epoch 20
Time Elasped: 00:00:49
========= Epoch 32 =========
9/18: Matthews 0.45698, Accuracy: 75.69444, Loss: 0.016793281
18/18: Matthews 0.46561, Accuracy: 76.38889, Loss: 0.016723085
 
Best Matthews: 0.47227, Best Accuracy: 79.86111, Best Loss: 0.020247827 at epoch 20
Time Elasped: 00:00:50
========= Epoch 33 =========
9/18: Matthews 0.44853, Accuracy: 75.00000, Loss: 0.016653210
18/18: Matthews 0.44853, Accuracy: 75.00000, Loss: 0.016553458
 
Best Matthews: 0.47227, Best Accuracy: 79.86111, Best Loss: 0.020247827 at epoch 20
Time Elasped: 00:00:51
========= Epoch 34 =========
9/18: Matthews 0.44853, Accuracy: 75.00000, Loss: 0.016536630
18/18: Matthews 0.44853, Accuracy: 75.00000, Loss: 0.016471525
 
Best Matthews: 0.47227, Best Accuracy: 79.86111, Best Loss: 0.020247827 at epoch 20
Time Elasped: 00:00:52
========= Epoch 35 =========
9/18: Matthews 0.44853, Accuracy: 75.00000, Loss: 0.016335467
18/18: Matthews 0.44853, Accuracy: 75.00000, Loss: 0.016280689
 
Best Matthews: 0.47227, Best Accuracy: 79.86111, Best Loss: 0.020247827 at epoch 20
Time Elasped: 00:00:53
========= Epoch 36 =========
9/18: Matthews 0.44853, Accuracy: 75.00000, Loss: 0.016193479
18/18: Matthews 0.44853, Accuracy: 75.00000, Loss: 0.016134587
 
Best Matthews: 0.47227, Best Accuracy: 79.86111, Best Loss: 0.020247827 at epoch 20
Time Elasped: 00:00:55
========= Epoch 37 =========
9/18: Matthews 0.44853, Accuracy: 75.00000, Loss: 0.016033173
18/18: Matthews 0.44853, Accuracy: 75.00000, Loss: 0.016009731
 
Best Matthews: 0.47227, Best Accuracy: 79.86111, Best Loss: 0.020247827 at epoch 20
Time Elasped: 00:00:56
========= Epoch 38 =========
9/18: Matthews 0.44853, Accuracy: 75.00000, Loss: 0.016028616
18/18: Matthews 0.44853, Accuracy: 75.00000, Loss: 0.015970185
 
Best Matthews: 0.47227, Best Accuracy: 79.86111, Best Loss: 0.020247827 at epoch 20
Time Elasped: 00:00:57
========= Epoch 39 =========
9/18: Matthews 0.44853, Accuracy: 75.00000, Loss: 0.015840279
18/18: Matthews 0.44853, Accuracy: 75.00000, Loss: 0.015734355
 
Best Matthews: 0.47227, Best Accuracy: 79.86111, Best Loss: 0.020247827 at epoch 20
Time Elasped: 00:00:58
========= Epoch 40 =========
9/18: Matthews 0.44853, Accuracy: 75.00000, Loss: 0.015709721
18/18: Matthews 0.44853, Accuracy: 75.00000, Loss: 0.015636663
 
Best Matthews: 0.47227, Best Accuracy: 79.86111, Best Loss: 0.020247827 at epoch 20
Time Elasped: 00:00:59
========= Epoch 41 =========
9/18: Matthews 0.47811, Accuracy: 75.69444, Loss: 0.015585805
18/18: Matthews 0.47811, Accuracy: 75.69444, Loss: 0.015540070
 
Best Matthews: 0.47811, Best Accuracy: 75.69444, Best Loss: 0.015585805 at epoch 41
Time Elasped: 00:01:02
========= Epoch 42 =========
9/18: Matthews 0.46985, Accuracy: 75.00000, Loss: 0.015501774
18/18: Matthews 0.46985, Accuracy: 75.00000, Loss: 0.015476498
 
Best Matthews: 0.47811, Best Accuracy: 75.69444, Best Loss: 0.015585805 at epoch 41
Time Elasped: 00:01:03
========= Epoch 43 =========
9/18: Matthews 0.47811, Accuracy: 75.69444, Loss: 0.015377040
18/18: Matthews 0.47811, Accuracy: 75.69444, Loss: 0.015411046
 
Best Matthews: 0.47811, Best Accuracy: 75.69444, Best Loss: 0.015585805 at epoch 41
Time Elasped: 00:01:04
========= Epoch 44 =========
9/18: Matthews 0.44853, Accuracy: 75.00000, Loss: 0.015363932
18/18: Matthews 0.44853, Accuracy: 75.00000, Loss: 0.015344219
 
Best Matthews: 0.47811, Best Accuracy: 75.69444, Best Loss: 0.015585805 at epoch 41
Time Elasped: 00:01:05
========= Epoch 45 =========
9/18: Matthews 0.44853, Accuracy: 75.00000, Loss: 0.015309721
18/18: Matthews 0.47811, Accuracy: 75.69444, Loss: 0.015301055
 
Best Matthews: 0.47811, Best Accuracy: 75.69444, Best Loss: 0.015585805 at epoch 41
Time Elasped: 00:01:06
========= Epoch 46 =========
9/18: Matthews 0.44853, Accuracy: 75.00000, Loss: 0.015236144
18/18: Matthews 0.47811, Accuracy: 75.69444, Loss: 0.015188666
 
Best Matthews: 0.47811, Best Accuracy: 75.69444, Best Loss: 0.015585805 at epoch 41
Time Elasped: 00:01:07
========= Epoch 47 =========
9/18: Matthews 0.47811, Accuracy: 75.69444, Loss: 0.015105680
18/18: Matthews 0.47811, Accuracy: 75.69444, Loss: 0.015029579
 
Best Matthews: 0.47811, Best Accuracy: 75.69444, Best Loss: 0.015585805 at epoch 41
Time Elasped: 00:01:08
========= Epoch 48 =========
9/18: Matthews 0.46985, Accuracy: 75.00000, Loss: 0.015036248
18/18: Matthews 0.46985, Accuracy: 75.00000, Loss: 0.014983724
 
Best Matthews: 0.47811, Best Accuracy: 75.69444, Best Loss: 0.015585805 at epoch 41
Time Elasped: 00:01:10
========= Epoch 49 =========
9/18: Matthews 0.46985, Accuracy: 75.00000, Loss: 0.014899721
18/18: Matthews 0.46985, Accuracy: 75.00000, Loss: 0.014875640
 
Best Matthews: 0.47811, Best Accuracy: 75.69444, Best Loss: 0.015585805 at epoch 41
Time Elasped: 00:01:11
========= Epoch 50 =========
9/18: Matthews 0.46985, Accuracy: 75.00000, Loss: 0.014819463
18/18: Matthews 0.46985, Accuracy: 75.00000, Loss: 0.014786253
 
Best Matthews: 0.47811, Best Accuracy: 75.69444, Best Loss: 0.015585805 at epoch 41
Time Elasped: 00:01:12
========= Epoch 51 =========
9/18: Matthews 0.46985, Accuracy: 75.00000, Loss: 0.014739411
18/18: Matthews 0.46985, Accuracy: 75.00000, Loss: 0.014716819
 
Best Matthews: 0.47811, Best Accuracy: 75.69444, Best Loss: 0.015585805 at epoch 41
Time Elasped: 00:01:13
========= Epoch 52 =========
9/18: Matthews 0.46985, Accuracy: 75.00000, Loss: 0.014669672
18/18: Matthews 0.49128, Accuracy: 75.00000, Loss: 0.014641553
 
Best Matthews: 0.49128, Best Accuracy: 75.00000, Best Loss: 0.014641553 at epoch 52
Time Elasped: 00:01:16
========= Epoch 53 =========
9/18: Matthews 0.49128, Accuracy: 75.00000, Loss: 0.014613625
18/18: Matthews 0.49935, Accuracy: 75.69444, Loss: 0.014564607
 
Best Matthews: 0.49935, Best Accuracy: 75.69444, Best Loss: 0.014564607 at epoch 53
Time Elasped: 00:01:18
========= Epoch 54 =========
9/18: Matthews 0.46985, Accuracy: 75.00000, Loss: 0.014588785
18/18: Matthews 0.46985, Accuracy: 75.00000, Loss: 0.014520071
 
Best Matthews: 0.49935, Best Accuracy: 75.69444, Best Loss: 0.014564607 at epoch 53
Time Elasped: 00:01:19
========= Epoch 55 =========
9/18: Matthews 0.49128, Accuracy: 75.00000, Loss: 0.014369796
18/18: Matthews 0.47559, Accuracy: 73.61111, Loss: 0.014284985
 
Best Matthews: 0.49935, Best Accuracy: 75.69444, Best Loss: 0.014564607 at epoch 53
Time Elasped: 00:01:21
========= Epoch 56 =========
9/18: Matthews 0.47559, Accuracy: 73.61111, Loss: 0.014397929
18/18: Matthews 0.47559, Accuracy: 73.61111, Loss: 0.014402482
 
Best Matthews: 0.49935, Best Accuracy: 75.69444, Best Loss: 0.014564607 at epoch 53
Time Elasped: 00:01:22
========= Epoch 57 =========
9/18: Matthews 0.47559, Accuracy: 73.61111, Loss: 0.014334036
18/18: Matthews 0.47559, Accuracy: 73.61111, Loss: 0.014326379
 
Best Matthews: 0.49935, Best Accuracy: 75.69444, Best Loss: 0.014564607 at epoch 53
Time Elasped: 00:01:23
========= Epoch 58 =========
9/18: Matthews 0.48336, Accuracy: 74.30556, Loss: 0.014457107
18/18: Matthews 0.48336, Accuracy: 74.30556, Loss: 0.014450678
 
Best Matthews: 0.49935, Best Accuracy: 75.69444, Best Loss: 0.014564607 at epoch 53
Time Elasped: 00:01:24
========= Epoch 59 =========
9/18: Matthews 0.48336, Accuracy: 74.30556, Loss: 0.014369811
18/18: Matthews 0.48336, Accuracy: 74.30556, Loss: 0.014309459
 
Best Matthews: 0.49935, Best Accuracy: 75.69444, Best Loss: 0.014564607 at epoch 53
Time Elasped: 00:01:25
========= Epoch 60 =========
9/18: Matthews 0.48336, Accuracy: 74.30556, Loss: 0.014266690
18/18: Matthews 0.48336, Accuracy: 74.30556, Loss: 0.014214032
 
Best Matthews: 0.49935, Best Accuracy: 75.69444, Best Loss: 0.014564607 at epoch 53
Time Elasped: 00:01:26
========= Epoch 61 =========
9/18: Matthews 0.45379, Accuracy: 73.61111, Loss: 0.014273806
18/18: Matthews 0.45379, Accuracy: 73.61111, Loss: 0.014269200
 
Best Matthews: 0.49935, Best Accuracy: 75.69444, Best Loss: 0.014564607 at epoch 53
Time Elasped: 00:01:27
========= Epoch 62 =========
9/18: Matthews 0.45379, Accuracy: 73.61111, Loss: 0.014198911
18/18: Matthews 0.45379, Accuracy: 73.61111, Loss: 0.014161514
 
Best Matthews: 0.49935, Best Accuracy: 75.69444, Best Loss: 0.014564607 at epoch 53
Time Elasped: 00:01:28
========= Epoch 63 =========
9/18: Matthews 0.47559, Accuracy: 73.61111, Loss: 0.014076299
18/18: Matthews 0.47559, Accuracy: 73.61111, Loss: 0.014064021
 
Best Matthews: 0.49935, Best Accuracy: 75.69444, Best Loss: 0.014564607 at epoch 53
Time Elasped: 00:01:30
========= Epoch 64 =========
9/18: Matthews 0.47559, Accuracy: 73.61111, Loss: 0.013960260
18/18: Matthews 0.47559, Accuracy: 73.61111, Loss: 0.013917095
 
Best Matthews: 0.49935, Best Accuracy: 75.69444, Best Loss: 0.014564607 at epoch 53
Time Elasped: 00:01:31
========= Epoch 65 =========
9/18: Matthews 0.47559, Accuracy: 73.61111, Loss: 0.013945886
18/18: Matthews 0.47559, Accuracy: 73.61111, Loss: 0.013996119
 
Best Matthews: 0.49935, Best Accuracy: 75.69444, Best Loss: 0.014564607 at epoch 53
Time Elasped: 00:01:32
========= Epoch 66 =========
9/18: Matthews 0.47559, Accuracy: 73.61111, Loss: 0.014041536
18/18: Matthews 0.47559, Accuracy: 73.61111, Loss: 0.014050613
 
Best Matthews: 0.49935, Best Accuracy: 75.69444, Best Loss: 0.014564607 at epoch 53
Time Elasped: 00:01:33
========= Epoch 67 =========
9/18: Matthews 0.44598, Accuracy: 72.91667, Loss: 0.014149659
18/18: Matthews 0.44598, Accuracy: 72.91667, Loss: 0.014085086
 
Best Matthews: 0.49935, Best Accuracy: 75.69444, Best Loss: 0.014564607 at epoch 53
Time Elasped: 00:01:34
========= Epoch 68 =========
9/18: Matthews 0.44598, Accuracy: 72.91667, Loss: 0.014005300
18/18: Matthews 0.44598, Accuracy: 72.91667, Loss: 0.013951706
 
Best Matthews: 0.49935, Best Accuracy: 75.69444, Best Loss: 0.014564607 at epoch 53
Time Elasped: 00:01:35
========= Epoch 69 =========
9/18: Matthews 0.44598, Accuracy: 72.91667, Loss: 0.013882313
18/18: Matthews 0.44598, Accuracy: 72.91667, Loss: 0.013856461
 
Best Matthews: 0.49935, Best Accuracy: 75.69444, Best Loss: 0.014564607 at epoch 53
Time Elasped: 00:01:36
========= Epoch 70 =========
9/18: Matthews 0.44598, Accuracy: 72.91667, Loss: 0.013744826
18/18: Matthews 0.44598, Accuracy: 72.91667, Loss: 0.013695156
 
Best Matthews: 0.49935, Best Accuracy: 75.69444, Best Loss: 0.014564607 at epoch 53
Time Elasped: 00:01:37
========= Epoch 71 =========
9/18: Matthews 0.44598, Accuracy: 72.91667, Loss: 0.013782044
18/18: Matthews 0.44598, Accuracy: 72.91667, Loss: 0.013744509
 
Best Matthews: 0.49935, Best Accuracy: 75.69444, Best Loss: 0.014564607 at epoch 53
Time Elasped: 00:01:39
========= Epoch 72 =========
9/18: Matthews 0.44598, Accuracy: 72.91667, Loss: 0.013649889
18/18: Matthews 0.44598, Accuracy: 72.91667, Loss: 0.013595932
 
Best Matthews: 0.49935, Best Accuracy: 75.69444, Best Loss: 0.014564607 at epoch 53
Time Elasped: 00:01:40
========= Epoch 73 =========
9/18: Matthews 0.45379, Accuracy: 73.61111, Loss: 0.013583544
18/18: Matthews 0.44598, Accuracy: 72.91667, Loss: 0.013520221
 
Best Matthews: 0.49935, Best Accuracy: 75.69444, Best Loss: 0.014564607 at epoch 53
Time Elasped: 00:01:41
========= Epoch 74 =========
Early Stopping activated
 
Best Matthews: 0.49935, Best Accuracy: 75.69444, Best Loss: 0.014564607 at epoch 53
Time Elasped: 00:01:43
Test Set:
0/0: Matthews 0.45251, Accuracy: 78.27004, Loss: 0.018535421
