Namespace(batch_size=32, buffer_size=1, by_source=False, crop_pad_length=30, data='./acceptability_corpus/verb_classes/inchoative', data_type='discriminator', dropout=0.5, embedding='glove.6B.300d', embedding_path='/scratch/asw462/models/elmo_encoder/elmo.emb', embedding_size=217, encoder_num_layers=2, encoder_path='/scratch/asw462/models/elmo_encoder/elmo.pth', encoding_size=528, encoding_type='lstm_pooling_classifier', epochs=1000, evaluate_train=False, experiment_name='experiment_linear_classifier_h_133_l_4_lr_0.0000_e_217_do_0.5', glove=False, gpu=True, hidden_size=133, imbalance=True, learning_rate=4e-05, lm_path=None, logs_dir='/scratch/asw462/logs/verb_classes/inchoative', max_pool=False, model='linear_classifier', num_layers=4, output_dir='/scratch/asw462/logs/verb_classes/outputs/inchoative', patience=20, preprocess_tokenizer='space', prints_per_stage=1, resume=True, resume_file=None, save_loc='/scratch/asw462/models/verb_classes/inchoative', seed=1111, should_not_log=False, should_not_lowercase=False, should_not_preprocess_data=False, stages_per_epoch=2, train_embeddings=False, train_evaluate_interval=10, vocab_file='/scratch/asw462/data/vocab_100k.tsv')
======== General =======
Model: linear_classifier
GPU: True
Experiment Name: experiment_linear_classifier_h_133_l_4_lr_0.0000_e_217_do_0.5
Save location: /scratch/asw462/models/verb_classes/inchoative
Logs dir: /scratch/asw462/logs/verb_classes/inchoative
Timestamp: 2018/08/02 04:39:57
 
======== Data =======
Training set: 550 examples
Validation set: 144 examples
Test set: 474 examples
 
======= Parameters =======
Learning Rate: 0.000040
Batch Size: 32
Epochs: 1000
Patience: 20
Stages per Epoch: 2
Embedding: 100004 x 217
Number of layers: 4
Hidden Size: 133
Encoder Size: 528
Resume: True
 
======= Model =======
LinearClassifierWithEncoder(
  (model): LinearClassifier(
    (dropout): Dropout(p=0.5)
    (enc2h): Linear(in_features=1056, out_features=133, bias=True)
    (h20): Linear(in_features=133, out_features=1, bias=True)
    (sigmoid): Sigmoid()
    (tanh): Tanh()
    (softmax): Softmax()
  )
  (encoder): LSTMPoolingClassifierWithELMo(
    (elmo): ELMOClassifier(
      (lm): LSTMLanguageModel(
        (dropout): Dropout(p=0.2)
        (embedding): Embedding(100003, 217)
        (lstm): LSTM(217, 891, num_layers=2, dropout=0.2)
        (fc): Linear(in_features=891, out_features=100003, bias=True)
      )
      (lstms): ModuleList(
        (0): LSTM(217, 891, batch_first=True)
        (1): LSTM(891, 891, batch_first=True)
      )
      (dropout): Dropout(p=0.2)
      (linear_comb): Linear(in_features=2, out_features=1, bias=True)
      (fc1): Linear(in_features=891, out_features=528, bias=True)
      (relu): ReLU()
      (out): Linear(in_features=528, out_features=1, bias=True)
      (sigmoid): Sigmoid()
    )
    (pooling_classifier): LSTMPoolingClassifier(
      (ih2h): LSTM(891, 528, num_layers=3, batch_first=True, dropout=0.2, bidirectional=True)
      (pool2o): Linear(in_features=1056, out_features=1, bias=True)
      (sigmoid): Sigmoid()
      (softmax): Softmax()
      (dropout): Dropout(p=0.2)
    )
  )
)
 
========= Epoch 1 =========
9/18: Matthews 0.13728, Accuracy: 63.19444, Loss: 0.037628412
18/18: Matthews 0.37240, Accuracy: 79.86111, Loss: 0.035454200
 
Best Matthews: 0.37240, Best Accuracy: 79.86111, Best Loss: 0.035454200 at epoch 1
Time Elasped: 00:00:10
========= Epoch 2 =========
9/18: Matthews 0.37240, Accuracy: 79.86111, Loss: 0.033518149
18/18: Matthews 0.37240, Accuracy: 79.86111, Loss: 0.031727195
 
Best Matthews: 0.37240, Best Accuracy: 79.86111, Best Loss: 0.035454200 at epoch 1
Time Elasped: 00:00:11
========= Epoch 3 =========
9/18: Matthews 0.36079, Accuracy: 79.16667, Loss: 0.030139393
18/18: Matthews 0.34956, Accuracy: 78.47222, Loss: 0.028752943
 
Best Matthews: 0.37240, Best Accuracy: 79.86111, Best Loss: 0.035454200 at epoch 1
Time Elasped: 00:00:12
========= Epoch 4 =========
9/18: Matthews 0.33868, Accuracy: 77.77778, Loss: 0.027959426
18/18: Matthews 0.33868, Accuracy: 77.77778, Loss: 0.026945637
 
Best Matthews: 0.37240, Best Accuracy: 79.86111, Best Loss: 0.035454200 at epoch 1
Time Elasped: 00:00:13
========= Epoch 5 =========
9/18: Matthews 0.40182, Accuracy: 79.16667, Loss: 0.025876964
18/18: Matthews 0.39114, Accuracy: 78.47222, Loss: 0.024947327
 
Best Matthews: 0.40182, Best Accuracy: 79.16667, Best Loss: 0.025876964 at epoch 5
Time Elasped: 00:00:16
========= Epoch 6 =========
9/18: Matthews 0.39114, Accuracy: 78.47222, Loss: 0.023809762
18/18: Matthews 0.41160, Accuracy: 78.47222, Loss: 0.022929728
 
Best Matthews: 0.41160, Best Accuracy: 78.47222, Best Loss: 0.022929728 at epoch 6
Time Elasped: 00:00:19
========= Epoch 7 =========
9/18: Matthews 0.41160, Accuracy: 78.47222, Loss: 0.022488551
18/18: Matthews 0.41160, Accuracy: 78.47222, Loss: 0.022043077
 
Best Matthews: 0.41160, Best Accuracy: 78.47222, Best Loss: 0.022929728 at epoch 6
Time Elasped: 00:00:20
========= Epoch 8 =========
9/18: Matthews 0.41160, Accuracy: 78.47222, Loss: 0.021292011
18/18: Matthews 0.41160, Accuracy: 78.47222, Loss: 0.020645575
 
Best Matthews: 0.41160, Best Accuracy: 78.47222, Best Loss: 0.022929728 at epoch 6
Time Elasped: 00:00:21
========= Epoch 9 =========
9/18: Matthews 0.42203, Accuracy: 77.77778, Loss: 0.020264352
18/18: Matthews 0.42203, Accuracy: 77.77778, Loss: 0.019736465
 
Best Matthews: 0.42203, Best Accuracy: 77.77778, Best Loss: 0.020264352 at epoch 9
Time Elasped: 00:00:24
========= Epoch 10 =========
9/18: Matthews 0.42203, Accuracy: 77.77778, Loss: 0.019237210
18/18: Matthews 0.42203, Accuracy: 77.77778, Loss: 0.018796399
 
Best Matthews: 0.42203, Best Accuracy: 77.77778, Best Loss: 0.020264352 at epoch 9
Time Elasped: 00:00:25
========= Epoch 11 =========
9/18: Matthews 0.42203, Accuracy: 77.77778, Loss: 0.018371132
18/18: Matthews 0.42203, Accuracy: 77.77778, Loss: 0.018067367
 
Best Matthews: 0.42203, Best Accuracy: 77.77778, Best Loss: 0.020264352 at epoch 9
Time Elasped: 00:00:26
========= Epoch 12 =========
9/18: Matthews 0.42203, Accuracy: 77.77778, Loss: 0.017849642
18/18: Matthews 0.44252, Accuracy: 77.77778, Loss: 0.017590996
 
Best Matthews: 0.44252, Best Accuracy: 77.77778, Best Loss: 0.017590996 at epoch 12
Time Elasped: 00:00:29
========= Epoch 13 =========
9/18: Matthews 0.43308, Accuracy: 77.08333, Loss: 0.017183728
18/18: Matthews 0.43308, Accuracy: 77.08333, Loss: 0.016857349
 
Best Matthews: 0.44252, Best Accuracy: 77.77778, Best Loss: 0.017590996 at epoch 12
Time Elasped: 00:00:30
========= Epoch 14 =========
9/18: Matthews 0.43308, Accuracy: 77.08333, Loss: 0.016563790
18/18: Matthews 0.41485, Accuracy: 75.69444, Loss: 0.016411708
 
Best Matthews: 0.44252, Best Accuracy: 77.77778, Best Loss: 0.017590996 at epoch 12
Time Elasped: 00:00:31
========= Epoch 15 =========
9/18: Matthews 0.43308, Accuracy: 77.08333, Loss: 0.016076510
18/18: Matthews 0.43308, Accuracy: 77.08333, Loss: 0.015858256
 
Best Matthews: 0.44252, Best Accuracy: 77.77778, Best Loss: 0.017590996 at epoch 12
Time Elasped: 00:00:32
========= Epoch 16 =========
9/18: Matthews 0.41485, Accuracy: 75.69444, Loss: 0.015717556
18/18: Matthews 0.46561, Accuracy: 76.38889, Loss: 0.015479157
 
Best Matthews: 0.46561, Best Accuracy: 76.38889, Best Loss: 0.015479157 at epoch 16
Time Elasped: 00:00:35
========= Epoch 17 =========
9/18: Matthews 0.44853, Accuracy: 75.00000, Loss: 0.015416467
18/18: Matthews 0.44024, Accuracy: 74.30556, Loss: 0.015351969
 
Best Matthews: 0.46561, Best Accuracy: 76.38889, Best Loss: 0.015479157 at epoch 16
Time Elasped: 00:00:36
========= Epoch 18 =========
9/18: Matthews 0.44853, Accuracy: 75.00000, Loss: 0.015284316
18/18: Matthews 0.44853, Accuracy: 75.00000, Loss: 0.015181705
 
Best Matthews: 0.46561, Best Accuracy: 76.38889, Best Loss: 0.015479157 at epoch 16
Time Elasped: 00:00:37
========= Epoch 19 =========
9/18: Matthews 0.44853, Accuracy: 75.00000, Loss: 0.015048352
18/18: Matthews 0.44853, Accuracy: 75.00000, Loss: 0.014886758
 
Best Matthews: 0.46561, Best Accuracy: 76.38889, Best Loss: 0.015479157 at epoch 16
Time Elasped: 00:00:38
========= Epoch 20 =========
9/18: Matthews 0.44853, Accuracy: 75.00000, Loss: 0.014519584
18/18: Matthews 0.44853, Accuracy: 75.00000, Loss: 0.014367435
 
Best Matthews: 0.46561, Best Accuracy: 76.38889, Best Loss: 0.015479157 at epoch 16
Time Elasped: 00:00:40
========= Epoch 21 =========
9/18: Matthews 0.46175, Accuracy: 74.30556, Loss: 0.014335107
18/18: Matthews 0.46175, Accuracy: 74.30556, Loss: 0.014249595
 
Best Matthews: 0.46561, Best Accuracy: 76.38889, Best Loss: 0.015479157 at epoch 16
Time Elasped: 00:00:41
========= Epoch 22 =========
9/18: Matthews 0.44853, Accuracy: 75.00000, Loss: 0.013832413
18/18: Matthews 0.44853, Accuracy: 75.00000, Loss: 0.013662067
 
Best Matthews: 0.46561, Best Accuracy: 76.38889, Best Loss: 0.015479157 at epoch 16
Time Elasped: 00:00:42
========= Epoch 23 =========
9/18: Matthews 0.45379, Accuracy: 73.61111, Loss: 0.013617060
18/18: Matthews 0.45379, Accuracy: 73.61111, Loss: 0.013516878
 
Best Matthews: 0.46561, Best Accuracy: 76.38889, Best Loss: 0.015479157 at epoch 16
Time Elasped: 00:00:43
========= Epoch 24 =========
9/18: Matthews 0.45379, Accuracy: 73.61111, Loss: 0.013705706
18/18: Matthews 0.45379, Accuracy: 73.61111, Loss: 0.013638852
 
Best Matthews: 0.46561, Best Accuracy: 76.38889, Best Loss: 0.015479157 at epoch 16
Time Elasped: 00:00:44
========= Epoch 25 =========
9/18: Matthews 0.46985, Accuracy: 75.00000, Loss: 0.013567807
18/18: Matthews 0.46985, Accuracy: 75.00000, Loss: 0.013449632
 
Best Matthews: 0.46985, Best Accuracy: 75.00000, Best Loss: 0.013567807 at epoch 25
Time Elasped: 00:00:47
========= Epoch 26 =========
9/18: Matthews 0.45379, Accuracy: 73.61111, Loss: 0.013245219
18/18: Matthews 0.45379, Accuracy: 73.61111, Loss: 0.013155227
 
Best Matthews: 0.46985, Best Accuracy: 75.00000, Best Loss: 0.013567807 at epoch 25
Time Elasped: 00:00:48
========= Epoch 27 =========
9/18: Matthews 0.44024, Accuracy: 74.30556, Loss: 0.013292955
18/18: Matthews 0.44024, Accuracy: 74.30556, Loss: 0.013281269
 
Best Matthews: 0.46985, Best Accuracy: 75.00000, Best Loss: 0.013567807 at epoch 25
Time Elasped: 00:00:49
========= Epoch 28 =========
9/18: Matthews 0.44024, Accuracy: 74.30556, Loss: 0.013235783
18/18: Matthews 0.42414, Accuracy: 72.91667, Loss: 0.013251682
 
Best Matthews: 0.46985, Best Accuracy: 75.00000, Best Loss: 0.013567807 at epoch 25
Time Elasped: 00:00:50
========= Epoch 29 =========
9/18: Matthews 0.42414, Accuracy: 72.91667, Loss: 0.013126999
18/18: Matthews 0.48336, Accuracy: 74.30556, Loss: 0.013065014
 
Best Matthews: 0.48336, Best Accuracy: 74.30556, Best Loss: 0.013065014 at epoch 29
Time Elasped: 00:00:53
========= Epoch 30 =========
9/18: Matthews 0.46795, Accuracy: 72.91667, Loss: 0.012978772
18/18: Matthews 0.46795, Accuracy: 72.91667, Loss: 0.012977605
 
Best Matthews: 0.48336, Best Accuracy: 74.30556, Best Loss: 0.013065014 at epoch 29
Time Elasped: 00:00:54
========= Epoch 31 =========
9/18: Matthews 0.46795, Accuracy: 72.91667, Loss: 0.012999104
18/18: Matthews 0.43831, Accuracy: 72.22222, Loss: 0.013094519
 
Best Matthews: 0.48336, Best Accuracy: 74.30556, Best Loss: 0.013065014 at epoch 29
Time Elasped: 00:00:55
========= Epoch 32 =========
9/18: Matthews 0.45379, Accuracy: 73.61111, Loss: 0.013016534
18/18: Matthews 0.45379, Accuracy: 73.61111, Loss: 0.012969671
 
Best Matthews: 0.48336, Best Accuracy: 74.30556, Best Loss: 0.013065014 at epoch 29
Time Elasped: 00:00:56
========= Epoch 33 =========
9/18: Matthews 0.43831, Accuracy: 72.22222, Loss: 0.012897886
18/18: Matthews 0.43831, Accuracy: 72.22222, Loss: 0.012852420
 
Best Matthews: 0.48336, Best Accuracy: 74.30556, Best Loss: 0.013065014 at epoch 29
Time Elasped: 00:00:57
========= Epoch 34 =========
9/18: Matthews 0.43831, Accuracy: 72.22222, Loss: 0.012840280
18/18: Matthews 0.43831, Accuracy: 72.22222, Loss: 0.012722103
 
Best Matthews: 0.48336, Best Accuracy: 74.30556, Best Loss: 0.013065014 at epoch 29
Time Elasped: 00:00:59
========= Epoch 35 =========
9/18: Matthews 0.45379, Accuracy: 73.61111, Loss: 0.012626414
18/18: Matthews 0.45379, Accuracy: 73.61111, Loss: 0.012595175
 
Best Matthews: 0.48336, Best Accuracy: 74.30556, Best Loss: 0.013065014 at epoch 29
Time Elasped: 00:01:00
========= Epoch 36 =========
9/18: Matthews 0.45379, Accuracy: 73.61111, Loss: 0.012577746
18/18: Matthews 0.45379, Accuracy: 73.61111, Loss: 0.012534703
 
Best Matthews: 0.48336, Best Accuracy: 74.30556, Best Loss: 0.013065014 at epoch 29
Time Elasped: 00:01:01
========= Epoch 37 =========
9/18: Matthews 0.45379, Accuracy: 73.61111, Loss: 0.012545477
18/18: Matthews 0.47559, Accuracy: 73.61111, Loss: 0.012561344
 
Best Matthews: 0.48336, Best Accuracy: 74.30556, Best Loss: 0.013065014 at epoch 29
Time Elasped: 00:01:02
========= Epoch 38 =========
9/18: Matthews 0.47559, Accuracy: 73.61111, Loss: 0.012637844
18/18: Matthews 0.48336, Accuracy: 74.30556, Loss: 0.012751198
 
Best Matthews: 0.48336, Best Accuracy: 74.30556, Best Loss: 0.013065014 at epoch 29
Time Elasped: 00:01:03
========= Epoch 39 =========
9/18: Matthews 0.49128, Accuracy: 75.00000, Loss: 0.012647465
18/18: Matthews 0.48336, Accuracy: 74.30556, Loss: 0.012703021
 
Best Matthews: 0.49128, Best Accuracy: 75.00000, Best Loss: 0.012647465 at epoch 39
Time Elasped: 00:01:06
========= Epoch 40 =========
9/18: Matthews 0.48336, Accuracy: 74.30556, Loss: 0.012604867
18/18: Matthews 0.49128, Accuracy: 75.00000, Loss: 0.012653312
 
Best Matthews: 0.49128, Best Accuracy: 75.00000, Best Loss: 0.012647465 at epoch 39
Time Elasped: 00:01:07
========= Epoch 41 =========
9/18: Matthews 0.49128, Accuracy: 75.00000, Loss: 0.012691911
18/18: Matthews 0.49128, Accuracy: 75.00000, Loss: 0.012502636
 
Best Matthews: 0.49128, Best Accuracy: 75.00000, Best Loss: 0.012647465 at epoch 39
Time Elasped: 00:01:08
========= Epoch 42 =========
9/18: Matthews 0.49128, Accuracy: 75.00000, Loss: 0.012424548
18/18: Matthews 0.49128, Accuracy: 75.00000, Loss: 0.012446173
 
Best Matthews: 0.49128, Best Accuracy: 75.00000, Best Loss: 0.012647465 at epoch 39
Time Elasped: 00:01:09
========= Epoch 43 =========
9/18: Matthews 0.46044, Accuracy: 72.22222, Loss: 0.012485835
18/18: Matthews 0.46044, Accuracy: 72.22222, Loss: 0.012517626
 
Best Matthews: 0.49128, Best Accuracy: 75.00000, Best Loss: 0.012647465 at epoch 39
Time Elasped: 00:01:10
========= Epoch 44 =========
9/18: Matthews 0.49128, Accuracy: 75.00000, Loss: 0.012906192
18/18: Matthews 0.49128, Accuracy: 75.00000, Loss: 0.012906469
 
Best Matthews: 0.49128, Best Accuracy: 75.00000, Best Loss: 0.012647465 at epoch 39
Time Elasped: 00:01:11
========= Epoch 45 =========
9/18: Matthews 0.46985, Accuracy: 75.00000, Loss: 0.012852468
18/18: Matthews 0.46175, Accuracy: 74.30556, Loss: 0.012722360
 
Best Matthews: 0.49128, Best Accuracy: 75.00000, Best Loss: 0.012647465 at epoch 39
Time Elasped: 00:01:13
========= Epoch 46 =========
9/18: Matthews 0.48336, Accuracy: 74.30556, Loss: 0.012431358
18/18: Matthews 0.47559, Accuracy: 73.61111, Loss: 0.012258579
 
Best Matthews: 0.49128, Best Accuracy: 75.00000, Best Loss: 0.012647465 at epoch 39
Time Elasped: 00:01:14
========= Epoch 47 =========
9/18: Matthews 0.43831, Accuracy: 72.22222, Loss: 0.012248218
18/18: Matthews 0.43831, Accuracy: 72.22222, Loss: 0.012162594
 
Best Matthews: 0.49128, Best Accuracy: 75.00000, Best Loss: 0.012647465 at epoch 39
Time Elasped: 00:01:15
========= Epoch 48 =========
9/18: Matthews 0.43831, Accuracy: 72.22222, Loss: 0.012031030
18/18: Matthews 0.44598, Accuracy: 72.91667, Loss: 0.011988531
 
Best Matthews: 0.49128, Best Accuracy: 75.00000, Best Loss: 0.012647465 at epoch 39
Time Elasped: 00:01:16
========= Epoch 49 =========
9/18: Matthews 0.46175, Accuracy: 74.30556, Loss: 0.012034971
18/18: Matthews 0.45379, Accuracy: 73.61111, Loss: 0.011953771
 
Best Matthews: 0.49128, Best Accuracy: 75.00000, Best Loss: 0.012647465 at epoch 39
Time Elasped: 00:01:17
========= Epoch 50 =========
9/18: Matthews 0.45379, Accuracy: 73.61111, Loss: 0.012162749
18/18: Matthews 0.45379, Accuracy: 73.61111, Loss: 0.012204215
 
Best Matthews: 0.49128, Best Accuracy: 75.00000, Best Loss: 0.012647465 at epoch 39
Time Elasped: 00:01:18
========= Epoch 51 =========
9/18: Matthews 0.44598, Accuracy: 72.91667, Loss: 0.011859723
18/18: Matthews 0.44598, Accuracy: 72.91667, Loss: 0.011750413
 
Best Matthews: 0.49128, Best Accuracy: 75.00000, Best Loss: 0.012647465 at epoch 39
Time Elasped: 00:01:19
========= Epoch 52 =========
9/18: Matthews 0.43831, Accuracy: 72.22222, Loss: 0.011603178
18/18: Matthews 0.43831, Accuracy: 72.22222, Loss: 0.011422070
 
Best Matthews: 0.49128, Best Accuracy: 75.00000, Best Loss: 0.012647465 at epoch 39
Time Elasped: 00:01:21
========= Epoch 53 =========
9/18: Matthews 0.44598, Accuracy: 72.91667, Loss: 0.011778439
18/18: Matthews 0.44598, Accuracy: 72.91667, Loss: 0.011750432
 
Best Matthews: 0.49128, Best Accuracy: 75.00000, Best Loss: 0.012647465 at epoch 39
Time Elasped: 00:01:22
========= Epoch 54 =========
9/18: Matthews 0.44598, Accuracy: 72.91667, Loss: 0.011418945
18/18: Matthews 0.44598, Accuracy: 72.91667, Loss: 0.011371904
 
Best Matthews: 0.49128, Best Accuracy: 75.00000, Best Loss: 0.012647465 at epoch 39
Time Elasped: 00:01:23
========= Epoch 55 =========
9/18: Matthews 0.44598, Accuracy: 72.91667, Loss: 0.011280184
18/18: Matthews 0.44598, Accuracy: 72.91667, Loss: 0.011366833
 
Best Matthews: 0.49128, Best Accuracy: 75.00000, Best Loss: 0.012647465 at epoch 39
Time Elasped: 00:01:24
========= Epoch 56 =========
9/18: Matthews 0.44598, Accuracy: 72.91667, Loss: 0.011335087
18/18: Matthews 0.44598, Accuracy: 72.91667, Loss: 0.011145269
 
Best Matthews: 0.49128, Best Accuracy: 75.00000, Best Loss: 0.012647465 at epoch 39
Time Elasped: 00:01:25
========= Epoch 57 =========
9/18: Matthews 0.45379, Accuracy: 73.61111, Loss: 0.010792509
18/18: Matthews 0.46985, Accuracy: 75.00000, Loss: 0.010849973
 
Best Matthews: 0.49128, Best Accuracy: 75.00000, Best Loss: 0.012647465 at epoch 39
Time Elasped: 00:01:26
========= Epoch 58 =========
9/18: Matthews 0.44598, Accuracy: 72.91667, Loss: 0.011034641
18/18: Matthews 0.44598, Accuracy: 72.91667, Loss: 0.011065423
 
Best Matthews: 0.49128, Best Accuracy: 75.00000, Best Loss: 0.012647465 at epoch 39
Time Elasped: 00:01:27
========= Epoch 59 =========
9/18: Matthews 0.44598, Accuracy: 72.91667, Loss: 0.011112791
18/18: Matthews 0.44598, Accuracy: 72.91667, Loss: 0.011171616
 
Best Matthews: 0.49128, Best Accuracy: 75.00000, Best Loss: 0.012647465 at epoch 39
Time Elasped: 00:01:28
========= Epoch 60 =========
Early Stopping activated
 
Best Matthews: 0.49128, Best Accuracy: 75.00000, Best Loss: 0.012647465 at epoch 39
Time Elasped: 00:01:31
Test Set:
0/0: Matthews 0.51586, Accuracy: 80.37975, Loss: 0.017921679
