Namespace(batch_size=32, buffer_size=1, by_source=False, crop_pad_length=30, data='./acceptability_corpus/verb_classes_cola/inchoative', data_type='discriminator', dropout=0.2, embedding='glove.6B.300d', embedding_path='/scratch/asw462/models/elmo_encoder/elmo.emb', embedding_size=217, encoder_num_layers=2, encoder_path='/scratch/asw462/models/elmo_encoder/elmo.pth', encoding_size=528, encoding_type='lstm_pooling_classifier', epochs=1000, evaluate_train=False, experiment_name='experiment_linear_classifier_h_106_l_4_lr_0.0001_e_217_do_0.2', glove=False, gpu=True, hidden_size=106, imbalance=True, learning_rate=7e-05, lm_path=None, logs_dir='/scratch/asw462/logs/verb_classes_cola/inchoative', max_pool=False, model='linear_classifier', num_layers=4, output_dir='/scratch/asw462/logs/verb_classes_cola/outputs/inchoative', patience=20, preprocess_tokenizer='space', prints_per_stage=1, resume=True, resume_file=None, save_loc='/scratch/asw462/models/verb_classes_cola/inchoative', seed=1111, should_not_log=False, should_not_lowercase=False, should_not_preprocess_data=False, stages_per_epoch=2, train_embeddings=False, train_evaluate_interval=10, vocab_file='/scratch/asw462/data/vocab_100k.tsv')
======== General =======
Model: linear_classifier
GPU: True
Experiment Name: experiment_linear_classifier_h_106_l_4_lr_0.0001_e_217_do_0.2
Save location: /scratch/asw462/models/verb_classes_cola/inchoative
Logs dir: /scratch/asw462/logs/verb_classes_cola/inchoative
Timestamp: 2018/08/02 04:43:11
 
======== Data =======
Training set: 11207 examples
Validation set: 144 examples
Test set: 474 examples
 
======= Parameters =======
Learning Rate: 0.000070
Batch Size: 32
Epochs: 1000
Patience: 20
Stages per Epoch: 2
Embedding: 100004 x 217
Number of layers: 4
Hidden Size: 106
Encoder Size: 528
Resume: True
 
======= Model =======
LinearClassifierWithEncoder(
  (model): LinearClassifier(
    (dropout): Dropout(p=0.2)
    (enc2h): Linear(in_features=1056, out_features=106, bias=True)
    (h20): Linear(in_features=106, out_features=1, bias=True)
    (sigmoid): Sigmoid()
    (tanh): Tanh()
    (softmax): Softmax()
  )
  (encoder): LSTMPoolingClassifierWithELMo(
    (elmo): ELMOClassifier(
      (lm): LSTMLanguageModel(
        (dropout): Dropout(p=0.2)
        (embedding): Embedding(100003, 217)
        (lstm): LSTM(217, 891, num_layers=2, dropout=0.2)
        (fc): Linear(in_features=891, out_features=100003, bias=True)
      )
      (lstms): ModuleList(
        (0): LSTM(217, 891, batch_first=True)
        (1): LSTM(891, 891, batch_first=True)
      )
      (dropout): Dropout(p=0.2)
      (linear_comb): Linear(in_features=2, out_features=1, bias=True)
      (fc1): Linear(in_features=891, out_features=528, bias=True)
      (relu): ReLU()
      (out): Linear(in_features=528, out_features=1, bias=True)
      (sigmoid): Sigmoid()
    )
    (pooling_classifier): LSTMPoolingClassifier(
      (ih2h): LSTM(891, 528, num_layers=3, batch_first=True, dropout=0.2, bidirectional=True)
      (pool2o): Linear(in_features=1056, out_features=1, bias=True)
      (sigmoid): Sigmoid()
      (softmax): Softmax()
      (dropout): Dropout(p=0.2)
    )
  )
)
 
========= Epoch 1 =========
175/351: Matthews 0.33278, Accuracy: 74.30556, Loss: 0.023340444
350/351: Matthews 0.28201, Accuracy: 65.97222, Loss: 0.024194595
 
Best Matthews: 0.33278, Best Accuracy: 74.30556, Best Loss: 0.023340444 at epoch 1
Time Elasped: 00:00:25
========= Epoch 2 =========
175/351: Matthews 0.33384, Accuracy: 68.75000, Loss: 0.024949370
350/351: Matthews 0.36486, Accuracy: 67.36111, Loss: 0.026256833
 
Best Matthews: 0.36486, Best Accuracy: 67.36111, Best Loss: 0.026256833 at epoch 2
Time Elasped: 00:00:46
========= Epoch 3 =========
175/351: Matthews 0.35793, Accuracy: 66.66667, Loss: 0.024300171
350/351: Matthews 0.31227, Accuracy: 70.83333, Loss: 0.028234429
 
Best Matthews: 0.36486, Best Accuracy: 67.36111, Best Loss: 0.026256833 at epoch 2
Time Elasped: 00:01:04
========= Epoch 4 =========
175/351: Matthews 0.36486, Accuracy: 67.36111, Loss: 0.026515318
350/351: Matthews 0.38789, Accuracy: 67.36111, Loss: 0.025486810
 
Best Matthews: 0.38789, Best Accuracy: 67.36111, Best Loss: 0.025486810 at epoch 4
Time Elasped: 00:01:24
========= Epoch 5 =========
175/351: Matthews 0.34247, Accuracy: 71.52778, Loss: 0.024106433
350/351: Matthews 0.36486, Accuracy: 67.36111, Loss: 0.023299913
 
Best Matthews: 0.38789, Best Accuracy: 67.36111, Best Loss: 0.025486810 at epoch 4
Time Elasped: 00:01:42
========= Epoch 6 =========
175/351: Matthews 0.40103, Accuracy: 70.83333, Loss: 0.021826557
350/351: Matthews 0.39438, Accuracy: 72.22222, Loss: 0.023918374
 
Best Matthews: 0.40103, Best Accuracy: 70.83333, Best Loss: 0.021826557 at epoch 6
Time Elasped: 00:02:01
========= Epoch 7 =========
175/351: Matthews 0.40237, Accuracy: 72.91667, Loss: 0.022890574
350/351: Matthews 0.36776, Accuracy: 65.27778, Loss: 0.022095136
 
Best Matthews: 0.40237, Best Accuracy: 72.91667, Best Loss: 0.022890574 at epoch 7
Time Elasped: 00:02:21
========= Epoch 8 =========
175/351: Matthews 0.38789, Accuracy: 67.36111, Loss: 0.022262183
350/351: Matthews 0.35639, Accuracy: 68.75000, Loss: 0.021045658
 
Best Matthews: 0.40237, Best Accuracy: 72.91667, Best Loss: 0.022890574 at epoch 7
Time Elasped: 00:02:39
========= Epoch 9 =========
175/351: Matthews 0.38789, Accuracy: 67.36111, Loss: 0.021012243
350/351: Matthews 0.40446, Accuracy: 66.66667, Loss: 0.022160004
 
Best Matthews: 0.40446, Best Accuracy: 66.66667, Best Loss: 0.022160004 at epoch 9
Time Elasped: 00:02:59
========= Epoch 10 =========
175/351: Matthews 0.33493, Accuracy: 66.66667, Loss: 0.021410517
350/351: Matthews 0.35639, Accuracy: 68.75000, Loss: 0.019887136
 
Best Matthews: 0.40446, Best Accuracy: 66.66667, Best Loss: 0.022160004 at epoch 9
Time Elasped: 00:03:17
========= Epoch 11 =========
175/351: Matthews 0.33031, Accuracy: 58.33333, Loss: 0.023956123
350/351: Matthews 0.38501, Accuracy: 64.58333, Loss: 0.020546056
 
Best Matthews: 0.40446, Best Accuracy: 66.66667, Best Loss: 0.022160004 at epoch 9
Time Elasped: 00:03:35
========= Epoch 12 =========
175/351: Matthews 0.40446, Accuracy: 66.66667, Loss: 0.020366717
350/351: Matthews 0.38789, Accuracy: 67.36111, Loss: 0.020307897
 
Best Matthews: 0.40446, Best Accuracy: 66.66667, Best Loss: 0.022160004 at epoch 9
Time Elasped: 00:03:53
========= Epoch 13 =========
175/351: Matthews 0.37189, Accuracy: 68.05556, Loss: 0.020623474
350/351: Matthews 0.41785, Accuracy: 68.05556, Loss: 0.019869957
 
Best Matthews: 0.41785, Best Accuracy: 68.05556, Best Loss: 0.019869957 at epoch 13
Time Elasped: 00:04:12
========= Epoch 14 =========
175/351: Matthews 0.41111, Accuracy: 67.36111, Loss: 0.020020662
350/351: Matthews 0.37189, Accuracy: 68.05556, Loss: 0.019670525
 
Best Matthews: 0.41785, Best Accuracy: 68.05556, Best Loss: 0.019869957 at epoch 13
Time Elasped: 00:04:30
========= Epoch 15 =========
175/351: Matthews 0.38789, Accuracy: 67.36111, Loss: 0.020909717
350/351: Matthews 0.37868, Accuracy: 63.88889, Loss: 0.021298657
 
Best Matthews: 0.41785, Best Accuracy: 68.05556, Best Loss: 0.019869957 at epoch 13
Time Elasped: 00:04:48
========= Epoch 16 =========
175/351: Matthews 0.41111, Accuracy: 67.36111, Loss: 0.019880863
350/351: Matthews 0.38789, Accuracy: 67.36111, Loss: 0.020568742
 
Best Matthews: 0.41785, Best Accuracy: 68.05556, Best Loss: 0.019869957 at epoch 13
Time Elasped: 00:05:06
========= Epoch 17 =========
175/351: Matthews 0.38624, Accuracy: 69.44444, Loss: 0.022059060
350/351: Matthews 0.40446, Accuracy: 66.66667, Loss: 0.020590194
 
Best Matthews: 0.41785, Best Accuracy: 68.05556, Best Loss: 0.019869957 at epoch 13
Time Elasped: 00:05:24
========= Epoch 18 =========
175/351: Matthews 0.40446, Accuracy: 66.66667, Loss: 0.021143460
350/351: Matthews 0.38110, Accuracy: 66.66667, Loss: 0.021767944
 
Best Matthews: 0.41785, Best Accuracy: 68.05556, Best Loss: 0.019869957 at epoch 13
Time Elasped: 00:05:42
========= Epoch 19 =========
175/351: Matthews 0.40603, Accuracy: 75.00000, Loss: 0.022229741
350/351: Matthews 0.37189, Accuracy: 68.05556, Loss: 0.023165603
 
Best Matthews: 0.41785, Best Accuracy: 68.05556, Best Loss: 0.019869957 at epoch 13
Time Elasped: 00:06:00
========= Epoch 20 =========
175/351: Matthews 0.38624, Accuracy: 69.44444, Loss: 0.017798983
350/351: Matthews 0.35475, Accuracy: 63.88889, Loss: 0.021765186
 
Best Matthews: 0.41785, Best Accuracy: 68.05556, Best Loss: 0.019869957 at epoch 13
Time Elasped: 00:06:18
========= Epoch 21 =========
175/351: Matthews 0.40885, Accuracy: 69.44444, Loss: 0.018858059
350/351: Matthews 0.39357, Accuracy: 70.13889, Loss: 0.019579116
 
Best Matthews: 0.41785, Best Accuracy: 68.05556, Best Loss: 0.019869957 at epoch 13
Time Elasped: 00:06:36
========= Epoch 22 =========
175/351: Matthews 0.37439, Accuracy: 65.97222, Loss: 0.019651963
350/351: Matthews 0.40885, Accuracy: 69.44444, Loss: 0.018385821
 
Best Matthews: 0.41785, Best Accuracy: 68.05556, Best Loss: 0.019869957 at epoch 13
Time Elasped: 00:06:54
========= Epoch 23 =========
175/351: Matthews 0.39478, Accuracy: 68.05556, Loss: 0.018306070
350/351: Matthews 0.38110, Accuracy: 66.66667, Loss: 0.020657751
 
Best Matthews: 0.41785, Best Accuracy: 68.05556, Best Loss: 0.019869957 at epoch 13
Time Elasped: 00:07:12
========= Epoch 24 =========
175/351: Matthews 0.41604, Accuracy: 70.13889, Loss: 0.019282967
350/351: Matthews 0.34835, Accuracy: 63.19444, Loss: 0.019433055
 
Best Matthews: 0.41785, Best Accuracy: 68.05556, Best Loss: 0.019869957 at epoch 13
Time Elasped: 00:07:30
========= Epoch 25 =========
175/351: Matthews 0.34835, Accuracy: 63.19444, Loss: 0.020168119
350/351: Matthews 0.37868, Accuracy: 63.88889, Loss: 0.020939549
 
Best Matthews: 0.41785, Best Accuracy: 68.05556, Best Loss: 0.019869957 at epoch 13
Time Elasped: 00:07:48
========= Epoch 26 =========
175/351: Matthews 0.45379, Accuracy: 73.61111, Loss: 0.019731836
350/351: Matthews 0.40176, Accuracy: 68.75000, Loss: 0.020682898
 
Best Matthews: 0.45379, Best Accuracy: 73.61111, Best Loss: 0.019731836 at epoch 26
Time Elasped: 00:08:07
========= Epoch 27 =========
175/351: Matthews 0.43076, Accuracy: 71.52778, Loss: 0.017754248
350/351: Matthews 0.36122, Accuracy: 64.58333, Loss: 0.021863901
 
Best Matthews: 0.45379, Best Accuracy: 73.61111, Best Loss: 0.019731836 at epoch 26
Time Elasped: 00:08:25
========= Epoch 28 =========
175/351: Matthews 0.37439, Accuracy: 65.97222, Loss: 0.019339570
350/351: Matthews 0.40885, Accuracy: 69.44444, Loss: 0.019016445
 
Best Matthews: 0.45379, Best Accuracy: 73.61111, Best Loss: 0.019731836 at epoch 26
Time Elasped: 00:08:43
========= Epoch 29 =========
175/351: Matthews 0.40885, Accuracy: 69.44444, Loss: 0.020506952
350/351: Matthews 0.34201, Accuracy: 62.50000, Loss: 0.020178818
 
Best Matthews: 0.45379, Best Accuracy: 73.61111, Best Loss: 0.019731836 at epoch 26
Time Elasped: 00:09:01
========= Epoch 30 =========
175/351: Matthews 0.36122, Accuracy: 64.58333, Loss: 0.018987629
350/351: Matthews 0.43076, Accuracy: 71.52778, Loss: 0.018474334
 
Best Matthews: 0.45379, Best Accuracy: 73.61111, Best Loss: 0.019731836 at epoch 26
Time Elasped: 00:09:19
========= Epoch 31 =========
175/351: Matthews 0.40176, Accuracy: 68.75000, Loss: 0.019087399
350/351: Matthews 0.42334, Accuracy: 70.83333, Loss: 0.017670267
 
Best Matthews: 0.45379, Best Accuracy: 73.61111, Best Loss: 0.019731836 at epoch 26
Time Elasped: 00:09:37
========= Epoch 32 =========
175/351: Matthews 0.42727, Accuracy: 75.00000, Loss: 0.018072749
350/351: Matthews 0.37439, Accuracy: 65.97222, Loss: 0.017569635
 
Best Matthews: 0.45379, Best Accuracy: 73.61111, Best Loss: 0.019731836 at epoch 26
Time Elasped: 00:09:55
========= Epoch 33 =========
175/351: Matthews 0.41604, Accuracy: 70.13889, Loss: 0.019544186
350/351: Matthews 0.40176, Accuracy: 68.75000, Loss: 0.019871424
 
Best Matthews: 0.45379, Best Accuracy: 73.61111, Best Loss: 0.019731836 at epoch 26
Time Elasped: 00:10:13
========= Epoch 34 =========
175/351: Matthews 0.40885, Accuracy: 69.44444, Loss: 0.018331140
350/351: Matthews 0.39478, Accuracy: 68.05556, Loss: 0.018999628
 
Best Matthews: 0.45379, Best Accuracy: 73.61111, Best Loss: 0.019731836 at epoch 26
Time Elasped: 00:10:31
========= Epoch 35 =========
175/351: Matthews 0.46175, Accuracy: 74.30556, Loss: 0.016353001
350/351: Matthews 0.42334, Accuracy: 70.83333, Loss: 0.018494782
 
Best Matthews: 0.46175, Best Accuracy: 74.30556, Best Loss: 0.016353001 at epoch 35
Time Elasped: 00:10:51
========= Epoch 36 =========
175/351: Matthews 0.44598, Accuracy: 72.91667, Loss: 0.019496620
350/351: Matthews 0.40885, Accuracy: 69.44444, Loss: 0.018786364
 
Best Matthews: 0.46175, Best Accuracy: 74.30556, Best Loss: 0.016353001 at epoch 35
Time Elasped: 00:11:09
========= Epoch 37 =========
175/351: Matthews 0.41604, Accuracy: 70.13889, Loss: 0.019536091
350/351: Matthews 0.45379, Accuracy: 73.61111, Loss: 0.018416031
 
Best Matthews: 0.46175, Best Accuracy: 74.30556, Best Loss: 0.016353001 at epoch 35
Time Elasped: 00:11:27
========= Epoch 38 =========
175/351: Matthews 0.34201, Accuracy: 62.50000, Loss: 0.018578321
350/351: Matthews 0.37868, Accuracy: 63.88889, Loss: 0.018593517
 
Best Matthews: 0.46175, Best Accuracy: 74.30556, Best Loss: 0.016353001 at epoch 35
Time Elasped: 00:11:45
========= Epoch 39 =========
175/351: Matthews 0.38789, Accuracy: 67.36111, Loss: 0.017326630
350/351: Matthews 0.40885, Accuracy: 69.44444, Loss: 0.017798016
 
Best Matthews: 0.46175, Best Accuracy: 74.30556, Best Loss: 0.016353001 at epoch 35
Time Elasped: 00:12:03
========= Epoch 40 =========
175/351: Matthews 0.42334, Accuracy: 70.83333, Loss: 0.018112247
350/351: Matthews 0.40176, Accuracy: 68.75000, Loss: 0.016698418
 
Best Matthews: 0.46175, Best Accuracy: 74.30556, Best Loss: 0.016353001 at epoch 35
Time Elasped: 00:12:21
========= Epoch 41 =========
175/351: Matthews 0.39478, Accuracy: 68.05556, Loss: 0.019057363
350/351: Matthews 0.35475, Accuracy: 63.88889, Loss: 0.019703375
 
Best Matthews: 0.46175, Best Accuracy: 74.30556, Best Loss: 0.016353001 at epoch 35
Time Elasped: 00:12:39
========= Epoch 42 =========
175/351: Matthews 0.43076, Accuracy: 71.52778, Loss: 0.018568787
350/351: Matthews 0.37439, Accuracy: 65.97222, Loss: 0.018142972
 
Best Matthews: 0.46175, Best Accuracy: 74.30556, Best Loss: 0.016353001 at epoch 35
Time Elasped: 00:12:56
========= Epoch 43 =========
175/351: Matthews 0.38110, Accuracy: 66.66667, Loss: 0.018212365
350/351: Matthews 0.38789, Accuracy: 67.36111, Loss: 0.019426061
 
Best Matthews: 0.46175, Best Accuracy: 74.30556, Best Loss: 0.016353001 at epoch 35
Time Elasped: 00:13:14
========= Epoch 44 =========
175/351: Matthews 0.39478, Accuracy: 68.05556, Loss: 0.018850717
350/351: Matthews 0.38789, Accuracy: 67.36111, Loss: 0.017885556
 
Best Matthews: 0.46175, Best Accuracy: 74.30556, Best Loss: 0.016353001 at epoch 35
Time Elasped: 00:13:32
========= Epoch 45 =========
175/351: Matthews 0.38110, Accuracy: 66.66667, Loss: 0.019231647
350/351: Matthews 0.38110, Accuracy: 66.66667, Loss: 0.018625359
 
Best Matthews: 0.46175, Best Accuracy: 74.30556, Best Loss: 0.016353001 at epoch 35
Time Elasped: 00:13:50
========= Epoch 46 =========
175/351: Matthews 0.38110, Accuracy: 66.66667, Loss: 0.019441345
350/351: Matthews 0.35475, Accuracy: 63.88889, Loss: 0.019797693
 
Best Matthews: 0.46175, Best Accuracy: 74.30556, Best Loss: 0.016353001 at epoch 35
Time Elasped: 00:14:08
========= Epoch 47 =========
175/351: Matthews 0.39478, Accuracy: 68.05556, Loss: 0.018205317
350/351: Matthews 0.40885, Accuracy: 69.44444, Loss: 0.017863227
 
Best Matthews: 0.46175, Best Accuracy: 74.30556, Best Loss: 0.016353001 at epoch 35
Time Elasped: 00:14:26
========= Epoch 48 =========
175/351: Matthews 0.37439, Accuracy: 65.97222, Loss: 0.020569884
350/351: Matthews 0.45698, Accuracy: 75.69444, Loss: 0.017210197
 
Best Matthews: 0.46175, Best Accuracy: 74.30556, Best Loss: 0.016353001 at epoch 35
Time Elasped: 00:14:44
========= Epoch 49 =========
175/351: Matthews 0.40176, Accuracy: 68.75000, Loss: 0.018928899
350/351: Matthews 0.42334, Accuracy: 70.83333, Loss: 0.018983116
 
Best Matthews: 0.46175, Best Accuracy: 74.30556, Best Loss: 0.016353001 at epoch 35
Time Elasped: 00:15:02
========= Epoch 50 =========
175/351: Matthews 0.39478, Accuracy: 68.05556, Loss: 0.018183650
350/351: Matthews 0.45698, Accuracy: 75.69444, Loss: 0.016977953
 
Best Matthews: 0.46175, Best Accuracy: 74.30556, Best Loss: 0.016353001 at epoch 35
Time Elasped: 00:15:20
========= Epoch 51 =========
175/351: Matthews 0.46561, Accuracy: 76.38889, Loss: 0.018908807
350/351: Matthews 0.40176, Accuracy: 68.75000, Loss: 0.019645684
 
Best Matthews: 0.46561, Best Accuracy: 76.38889, Best Loss: 0.018908807 at epoch 51
Time Elasped: 00:15:40
========= Epoch 52 =========
175/351: Matthews 0.39478, Accuracy: 68.05556, Loss: 0.018374173
350/351: Matthews 0.40176, Accuracy: 68.75000, Loss: 0.018865354
 
Best Matthews: 0.46561, Best Accuracy: 76.38889, Best Loss: 0.018908807 at epoch 51
Time Elasped: 00:15:58
========= Epoch 53 =========
175/351: Matthews 0.36122, Accuracy: 64.58333, Loss: 0.016910295
350/351: Matthews 0.39478, Accuracy: 68.05556, Loss: 0.018522067
 
Best Matthews: 0.46561, Best Accuracy: 76.38889, Best Loss: 0.018908807 at epoch 51
Time Elasped: 00:16:16
========= Epoch 54 =========
175/351: Matthews 0.42334, Accuracy: 70.83333, Loss: 0.019392663
350/351: Matthews 0.34835, Accuracy: 63.19444, Loss: 0.017956719
 
Best Matthews: 0.46561, Best Accuracy: 76.38889, Best Loss: 0.018908807 at epoch 51
Time Elasped: 00:16:34
========= Epoch 55 =========
175/351: Matthews 0.40176, Accuracy: 68.75000, Loss: 0.018975970
350/351: Matthews 0.41604, Accuracy: 70.13889, Loss: 0.018936276
 
Best Matthews: 0.46561, Best Accuracy: 76.38889, Best Loss: 0.018908807 at epoch 51
Time Elasped: 00:16:52
========= Epoch 56 =========
175/351: Matthews 0.41604, Accuracy: 70.13889, Loss: 0.017914113
350/351: Matthews 0.40885, Accuracy: 69.44444, Loss: 0.019651506
 
Best Matthews: 0.46561, Best Accuracy: 76.38889, Best Loss: 0.018908807 at epoch 51
Time Elasped: 00:17:10
========= Epoch 57 =========
175/351: Matthews 0.40885, Accuracy: 69.44444, Loss: 0.020389438
350/351: Matthews 0.47811, Accuracy: 75.69444, Loss: 0.017506997
 
Best Matthews: 0.47811, Best Accuracy: 75.69444, Best Loss: 0.017506997 at epoch 57
Time Elasped: 00:17:29
========= Epoch 58 =========
175/351: Matthews 0.45379, Accuracy: 73.61111, Loss: 0.017249366
350/351: Matthews 0.39478, Accuracy: 68.05556, Loss: 0.018660218
 
Best Matthews: 0.47811, Best Accuracy: 75.69444, Best Loss: 0.017506997 at epoch 57
Time Elasped: 00:17:47
========= Epoch 59 =========
175/351: Matthews 0.38110, Accuracy: 66.66667, Loss: 0.018113610
350/351: Matthews 0.44598, Accuracy: 72.91667, Loss: 0.018707312
 
Best Matthews: 0.47811, Best Accuracy: 75.69444, Best Loss: 0.017506997 at epoch 57
Time Elasped: 00:18:05
========= Epoch 60 =========
175/351: Matthews 0.43831, Accuracy: 72.22222, Loss: 0.016475937
350/351: Matthews 0.39478, Accuracy: 68.05556, Loss: 0.018423970
 
Best Matthews: 0.47811, Best Accuracy: 75.69444, Best Loss: 0.017506997 at epoch 57
Time Elasped: 00:18:23
========= Epoch 61 =========
175/351: Matthews 0.36122, Accuracy: 64.58333, Loss: 0.019721409
350/351: Matthews 0.44024, Accuracy: 74.30556, Loss: 0.019498618
 
Best Matthews: 0.47811, Best Accuracy: 75.69444, Best Loss: 0.017506997 at epoch 57
Time Elasped: 00:18:41
========= Epoch 62 =========
175/351: Matthews 0.44598, Accuracy: 72.91667, Loss: 0.017851733
350/351: Matthews 0.37243, Accuracy: 63.19444, Loss: 0.017808821
 
Best Matthews: 0.47811, Best Accuracy: 75.69444, Best Loss: 0.017506997 at epoch 57
Time Elasped: 00:18:59
========= Epoch 63 =========
175/351: Matthews 0.39478, Accuracy: 68.05556, Loss: 0.019996492
350/351: Matthews 0.41604, Accuracy: 70.13889, Loss: 0.017299155
 
Best Matthews: 0.47811, Best Accuracy: 75.69444, Best Loss: 0.017506997 at epoch 57
Time Elasped: 00:19:17
========= Epoch 64 =========
175/351: Matthews 0.40885, Accuracy: 69.44444, Loss: 0.018330019
350/351: Matthews 0.43076, Accuracy: 71.52778, Loss: 0.017824027
 
Best Matthews: 0.47811, Best Accuracy: 75.69444, Best Loss: 0.017506997 at epoch 57
Time Elasped: 00:19:35
========= Epoch 65 =========
175/351: Matthews 0.40176, Accuracy: 68.75000, Loss: 0.018225582
350/351: Matthews 0.45698, Accuracy: 75.69444, Loss: 0.019212501
 
Best Matthews: 0.47811, Best Accuracy: 75.69444, Best Loss: 0.017506997 at epoch 57
Time Elasped: 00:19:53
========= Epoch 66 =========
175/351: Matthews 0.35793, Accuracy: 66.66667, Loss: 0.020588607
350/351: Matthews 0.39478, Accuracy: 68.05556, Loss: 0.018497765
 
Best Matthews: 0.47811, Best Accuracy: 75.69444, Best Loss: 0.017506997 at epoch 57
Time Elasped: 00:20:11
========= Epoch 67 =========
175/351: Matthews 0.43831, Accuracy: 72.22222, Loss: 0.017143102
350/351: Matthews 0.33766, Accuracy: 64.58333, Loss: 0.021386832
 
Best Matthews: 0.47811, Best Accuracy: 75.69444, Best Loss: 0.017506997 at epoch 57
Time Elasped: 00:20:28
========= Epoch 68 =========
175/351: Matthews 0.43076, Accuracy: 71.52778, Loss: 0.017934514
350/351: Matthews 0.43831, Accuracy: 72.22222, Loss: 0.016815891
 
Best Matthews: 0.47811, Best Accuracy: 75.69444, Best Loss: 0.017506997 at epoch 57
Time Elasped: 00:20:46
========= Epoch 69 =========
175/351: Matthews 0.43076, Accuracy: 71.52778, Loss: 0.018004937
350/351: Matthews 0.43076, Accuracy: 71.52778, Loss: 0.015887866
 
Best Matthews: 0.47811, Best Accuracy: 75.69444, Best Loss: 0.017506997 at epoch 57
Time Elasped: 00:21:04
========= Epoch 70 =========
175/351: Matthews 0.39478, Accuracy: 68.05556, Loss: 0.017421843
350/351: Matthews 0.46985, Accuracy: 75.00000, Loss: 0.016827732
 
Best Matthews: 0.47811, Best Accuracy: 75.69444, Best Loss: 0.017506997 at epoch 57
Time Elasped: 00:21:22
========= Epoch 71 =========
175/351: Matthews 0.41604, Accuracy: 70.13889, Loss: 0.018715474
350/351: Matthews 0.45379, Accuracy: 73.61111, Loss: 0.017204147
 
Best Matthews: 0.47811, Best Accuracy: 75.69444, Best Loss: 0.017506997 at epoch 57
Time Elasped: 00:21:40
========= Epoch 72 =========
175/351: Matthews 0.41630, Accuracy: 72.22222, Loss: 0.019081884
350/351: Matthews 0.40885, Accuracy: 69.44444, Loss: 0.018768860
 
Best Matthews: 0.47811, Best Accuracy: 75.69444, Best Loss: 0.017506997 at epoch 57
Time Elasped: 00:21:58
========= Epoch 73 =========
175/351: Matthews 0.39478, Accuracy: 68.05556, Loss: 0.017866838
350/351: Matthews 0.38110, Accuracy: 66.66667, Loss: 0.019330667
 
Best Matthews: 0.47811, Best Accuracy: 75.69444, Best Loss: 0.017506997 at epoch 57
Time Elasped: 00:22:16
========= Epoch 74 =========
175/351: Matthews 0.39478, Accuracy: 68.05556, Loss: 0.016907449
350/351: Matthews 0.43831, Accuracy: 72.22222, Loss: 0.018015636
 
Best Matthews: 0.47811, Best Accuracy: 75.69444, Best Loss: 0.017506997 at epoch 57
Time Elasped: 00:22:34
========= Epoch 75 =========
175/351: Matthews 0.43831, Accuracy: 72.22222, Loss: 0.018059313
350/351: Matthews 0.38789, Accuracy: 67.36111, Loss: 0.016494579
 
Best Matthews: 0.47811, Best Accuracy: 75.69444, Best Loss: 0.017506997 at epoch 57
Time Elasped: 00:22:52
========= Epoch 76 =========
175/351: Matthews 0.42334, Accuracy: 70.83333, Loss: 0.018361015
350/351: Matthews 0.42334, Accuracy: 70.83333, Loss: 0.016866114
 
Best Matthews: 0.47811, Best Accuracy: 75.69444, Best Loss: 0.017506997 at epoch 57
Time Elasped: 00:23:10
========= Epoch 77 =========
175/351: Matthews 0.40885, Accuracy: 69.44444, Loss: 0.016401973
350/351: Matthews 0.39478, Accuracy: 68.05556, Loss: 0.016563464
 
Best Matthews: 0.47811, Best Accuracy: 75.69444, Best Loss: 0.017506997 at epoch 57
Time Elasped: 00:23:28
========= Epoch 78 =========
Early Stopping activated
 
Best Matthews: 0.47811, Best Accuracy: 75.69444, Best Loss: 0.017506997 at epoch 57
Time Elasped: 00:23:38
Test Set:
0/0: Matthews 0.44440, Accuracy: 79.74684, Loss: 0.020942688
