Namespace(batch_size=32, buffer_size=1, by_source=False, crop_pad_length=30, data='./acceptability_corpus/verb_classes_cola/inchoative', data_type='discriminator', dropout=0.2, embedding='glove.6B.300d', embedding_path='/scratch/asw462/models/elmo_encoder/elmo.emb', embedding_size=217, encoder_num_layers=2, encoder_path='/scratch/asw462/models/elmo_encoder/elmo.pth', encoding_size=528, encoding_type='lstm_pooling_classifier', epochs=1000, evaluate_train=False, experiment_name='experiment_linear_classifier_h_145_l_4_lr_0.0001_e_217_do_0.2', glove=False, gpu=True, hidden_size=145, imbalance=True, learning_rate=8e-05, lm_path=None, logs_dir='/scratch/asw462/logs/verb_classes_cola/inchoative', max_pool=False, model='linear_classifier', num_layers=4, output_dir='/scratch/asw462/logs/verb_classes_cola/outputs/inchoative', patience=20, preprocess_tokenizer='space', prints_per_stage=1, resume=True, resume_file=None, save_loc='/scratch/asw462/models/verb_classes_cola/inchoative', seed=1111, should_not_log=False, should_not_lowercase=False, should_not_preprocess_data=False, stages_per_epoch=2, train_embeddings=False, train_evaluate_interval=10, vocab_file='/scratch/asw462/data/vocab_100k.tsv')
======== General =======
Model: linear_classifier
GPU: True
Experiment Name: experiment_linear_classifier_h_145_l_4_lr_0.0001_e_217_do_0.2
Save location: /scratch/asw462/models/verb_classes_cola/inchoative
Logs dir: /scratch/asw462/logs/verb_classes_cola/inchoative
Timestamp: 2018/08/02 04:53:59
 
======== Data =======
Training set: 11207 examples
Validation set: 144 examples
Test set: 474 examples
 
======= Parameters =======
Learning Rate: 0.000080
Batch Size: 32
Epochs: 1000
Patience: 20
Stages per Epoch: 2
Embedding: 100004 x 217
Number of layers: 4
Hidden Size: 145
Encoder Size: 528
Resume: True
 
======= Model =======
LinearClassifierWithEncoder(
  (model): LinearClassifier(
    (dropout): Dropout(p=0.2)
    (enc2h): Linear(in_features=1056, out_features=145, bias=True)
    (h20): Linear(in_features=145, out_features=1, bias=True)
    (sigmoid): Sigmoid()
    (tanh): Tanh()
    (softmax): Softmax()
  )
  (encoder): LSTMPoolingClassifierWithELMo(
    (elmo): ELMOClassifier(
      (lm): LSTMLanguageModel(
        (dropout): Dropout(p=0.2)
        (embedding): Embedding(100003, 217)
        (lstm): LSTM(217, 891, num_layers=2, dropout=0.2)
        (fc): Linear(in_features=891, out_features=100003, bias=True)
      )
      (lstms): ModuleList(
        (0): LSTM(217, 891, batch_first=True)
        (1): LSTM(891, 891, batch_first=True)
      )
      (dropout): Dropout(p=0.2)
      (linear_comb): Linear(in_features=2, out_features=1, bias=True)
      (fc1): Linear(in_features=891, out_features=528, bias=True)
      (relu): ReLU()
      (out): Linear(in_features=528, out_features=1, bias=True)
      (sigmoid): Sigmoid()
    )
    (pooling_classifier): LSTMPoolingClassifier(
      (ih2h): LSTM(891, 528, num_layers=3, batch_first=True, dropout=0.2, bidirectional=True)
      (pool2o): Linear(in_features=1056, out_features=1, bias=True)
      (sigmoid): Sigmoid()
      (softmax): Softmax()
      (dropout): Dropout(p=0.2)
    )
  )
)
 
========= Epoch 1 =========
175/351: Matthews 0.32385, Accuracy: 73.61111, Loss: 0.024621240
350/351: Matthews 0.31131, Accuracy: 68.75000, Loss: 0.025811397
 
Best Matthews: 0.32385, Best Accuracy: 73.61111, Best Loss: 0.024621240 at epoch 1
Time Elasped: 00:00:24
========= Epoch 2 =========
175/351: Matthews 0.32663, Accuracy: 70.13889, Loss: 0.026789448
350/351: Matthews 0.38110, Accuracy: 66.66667, Loss: 0.027822336
 
Best Matthews: 0.38110, Best Accuracy: 66.66667, Best Loss: 0.027822336 at epoch 2
Time Elasped: 00:00:44
========= Epoch 3 =========
175/351: Matthews 0.37901, Accuracy: 68.75000, Loss: 0.025622235
350/351: Matthews 0.37189, Accuracy: 68.05556, Loss: 0.024837216
 
Best Matthews: 0.38110, Best Accuracy: 66.66667, Best Loss: 0.027822336 at epoch 2
Time Elasped: 00:01:02
========= Epoch 4 =========
175/351: Matthews 0.37250, Accuracy: 72.22222, Loss: 0.022757875
350/351: Matthews 0.38110, Accuracy: 66.66667, Loss: 0.023579487
 
Best Matthews: 0.38110, Best Accuracy: 66.66667, Best Loss: 0.027822336 at epoch 2
Time Elasped: 00:01:19
========= Epoch 5 =========
175/351: Matthews 0.37439, Accuracy: 65.97222, Loss: 0.024583240
350/351: Matthews 0.36486, Accuracy: 67.36111, Loss: 0.022815181
 
Best Matthews: 0.38110, Best Accuracy: 66.66667, Best Loss: 0.027822336 at epoch 2
Time Elasped: 00:01:37
========= Epoch 6 =========
175/351: Matthews 0.39478, Accuracy: 68.05556, Loss: 0.023389738
350/351: Matthews 0.39478, Accuracy: 68.05556, Loss: 0.022124408
 
Best Matthews: 0.39478, Best Accuracy: 68.05556, Best Loss: 0.023389738 at epoch 6
Time Elasped: 00:01:56
========= Epoch 7 =========
175/351: Matthews 0.38789, Accuracy: 67.36111, Loss: 0.021281372
350/351: Matthews 0.38110, Accuracy: 66.66667, Loss: 0.021355949
 
Best Matthews: 0.39478, Best Accuracy: 68.05556, Best Loss: 0.023389738 at epoch 6
Time Elasped: 00:02:14
========= Epoch 8 =========
175/351: Matthews 0.31873, Accuracy: 56.94444, Loss: 0.022038503
350/351: Matthews 0.36375, Accuracy: 69.44444, Loss: 0.021549866
 
Best Matthews: 0.39478, Best Accuracy: 68.05556, Best Loss: 0.023389738 at epoch 6
Time Elasped: 00:02:31
========= Epoch 9 =========
175/351: Matthews 0.35639, Accuracy: 68.75000, Loss: 0.019617018
350/351: Matthews 0.41785, Accuracy: 68.05556, Loss: 0.022275792
 
Best Matthews: 0.41785, Best Accuracy: 68.05556, Best Loss: 0.022275792 at epoch 9
Time Elasped: 00:02:51
========= Epoch 10 =========
175/351: Matthews 0.37122, Accuracy: 70.13889, Loss: 0.022044236
350/351: Matthews 0.38789, Accuracy: 67.36111, Loss: 0.020553591
 
Best Matthews: 0.41785, Best Accuracy: 68.05556, Best Loss: 0.022275792 at epoch 9
Time Elasped: 00:03:08
========= Epoch 11 =========
175/351: Matthews 0.41881, Accuracy: 74.30556, Loss: 0.021605377
350/351: Matthews 0.41785, Accuracy: 68.05556, Loss: 0.021476709
 
Best Matthews: 0.41881, Best Accuracy: 74.30556, Best Loss: 0.021605377 at epoch 11
Time Elasped: 00:03:27
========= Epoch 12 =========
175/351: Matthews 0.41111, Accuracy: 67.36111, Loss: 0.017837536
350/351: Matthews 0.38110, Accuracy: 66.66667, Loss: 0.019295616
 
Best Matthews: 0.41881, Best Accuracy: 74.30556, Best Loss: 0.021605377 at epoch 11
Time Elasped: 00:03:45
========= Epoch 13 =========
175/351: Matthews 0.43831, Accuracy: 72.22222, Loss: 0.020269997
350/351: Matthews 0.38110, Accuracy: 66.66667, Loss: 0.019947939
 
Best Matthews: 0.43831, Best Accuracy: 72.22222, Best Loss: 0.020269997 at epoch 13
Time Elasped: 00:04:04
========= Epoch 14 =========
175/351: Matthews 0.38064, Accuracy: 72.91667, Loss: 0.022285953
350/351: Matthews 0.39142, Accuracy: 65.27778, Loss: 0.018654171
 
Best Matthews: 0.43831, Best Accuracy: 72.22222, Best Loss: 0.020269997 at epoch 13
Time Elasped: 00:04:22
========= Epoch 15 =========
175/351: Matthews 0.40860, Accuracy: 71.52778, Loss: 0.019124293
350/351: Matthews 0.42334, Accuracy: 70.83333, Loss: 0.017478930
 
Best Matthews: 0.43831, Best Accuracy: 72.22222, Best Loss: 0.020269997 at epoch 13
Time Elasped: 00:04:39
========= Epoch 16 =========
175/351: Matthews 0.41051, Accuracy: 73.61111, Loss: 0.018523716
350/351: Matthews 0.43076, Accuracy: 71.52778, Loss: 0.021282463
 
Best Matthews: 0.43831, Best Accuracy: 72.22222, Best Loss: 0.020269997 at epoch 13
Time Elasped: 00:04:57
========= Epoch 17 =========
175/351: Matthews 0.37439, Accuracy: 65.97222, Loss: 0.019787073
350/351: Matthews 0.34835, Accuracy: 63.19444, Loss: 0.022041001
 
Best Matthews: 0.43831, Best Accuracy: 72.22222, Best Loss: 0.020269997 at epoch 13
Time Elasped: 00:05:15
========= Epoch 18 =========
175/351: Matthews 0.41604, Accuracy: 70.13889, Loss: 0.018330064
350/351: Matthews 0.38789, Accuracy: 67.36111, Loss: 0.021533761
 
Best Matthews: 0.43831, Best Accuracy: 72.22222, Best Loss: 0.020269997 at epoch 13
Time Elasped: 00:05:32
========= Epoch 19 =========
175/351: Matthews 0.44024, Accuracy: 74.30556, Loss: 0.020853192
350/351: Matthews 0.38789, Accuracy: 67.36111, Loss: 0.021446806
 
Best Matthews: 0.44024, Best Accuracy: 74.30556, Best Loss: 0.020853192 at epoch 19
Time Elasped: 00:05:51
========= Epoch 20 =========
175/351: Matthews 0.43076, Accuracy: 71.52778, Loss: 0.021579948
350/351: Matthews 0.36776, Accuracy: 65.27778, Loss: 0.021310763
 
Best Matthews: 0.44024, Best Accuracy: 74.30556, Best Loss: 0.020853192 at epoch 19
Time Elasped: 00:06:09
========= Epoch 21 =========
175/351: Matthews 0.41604, Accuracy: 70.13889, Loss: 0.017679420
350/351: Matthews 0.42334, Accuracy: 70.83333, Loss: 0.017630223
 
Best Matthews: 0.44024, Best Accuracy: 74.30556, Best Loss: 0.020853192 at epoch 19
Time Elasped: 00:06:26
========= Epoch 22 =========
175/351: Matthews 0.38789, Accuracy: 67.36111, Loss: 0.023089094
350/351: Matthews 0.40176, Accuracy: 68.75000, Loss: 0.018228150
 
Best Matthews: 0.44024, Best Accuracy: 74.30556, Best Loss: 0.020853192 at epoch 19
Time Elasped: 00:06:44
========= Epoch 23 =========
175/351: Matthews 0.40176, Accuracy: 68.75000, Loss: 0.020035951
350/351: Matthews 0.42334, Accuracy: 70.83333, Loss: 0.017520900
 
Best Matthews: 0.44024, Best Accuracy: 74.30556, Best Loss: 0.020853192 at epoch 19
Time Elasped: 00:07:01
========= Epoch 24 =========
175/351: Matthews 0.36122, Accuracy: 64.58333, Loss: 0.021463080
350/351: Matthews 0.37439, Accuracy: 65.97222, Loss: 0.019347697
 
Best Matthews: 0.44024, Best Accuracy: 74.30556, Best Loss: 0.020853192 at epoch 19
Time Elasped: 00:07:19
========= Epoch 25 =========
175/351: Matthews 0.43076, Accuracy: 71.52778, Loss: 0.018897990
350/351: Matthews 0.40176, Accuracy: 68.75000, Loss: 0.020295458
 
Best Matthews: 0.44024, Best Accuracy: 74.30556, Best Loss: 0.020853192 at epoch 19
Time Elasped: 00:07:37
========= Epoch 26 =========
175/351: Matthews 0.41604, Accuracy: 70.13889, Loss: 0.017858422
350/351: Matthews 0.40885, Accuracy: 69.44444, Loss: 0.020326773
 
Best Matthews: 0.44024, Best Accuracy: 74.30556, Best Loss: 0.020853192 at epoch 19
Time Elasped: 00:07:54
========= Epoch 27 =========
175/351: Matthews 0.43162, Accuracy: 69.44444, Loss: 0.017232754
350/351: Matthews 0.38738, Accuracy: 59.02778, Loss: 0.021769971
 
Best Matthews: 0.44024, Best Accuracy: 74.30556, Best Loss: 0.020853192 at epoch 19
Time Elasped: 00:08:12
========= Epoch 28 =========
175/351: Matthews 0.40885, Accuracy: 69.44444, Loss: 0.020415930
350/351: Matthews 0.39478, Accuracy: 68.05556, Loss: 0.017564222
 
Best Matthews: 0.44024, Best Accuracy: 74.30556, Best Loss: 0.020853192 at epoch 19
Time Elasped: 00:08:29
========= Epoch 29 =========
175/351: Matthews 0.41604, Accuracy: 70.13889, Loss: 0.016987380
350/351: Matthews 0.36623, Accuracy: 62.50000, Loss: 0.021081380
 
Best Matthews: 0.44024, Best Accuracy: 74.30556, Best Loss: 0.020853192 at epoch 19
Time Elasped: 00:08:47
========= Epoch 30 =========
175/351: Matthews 0.45379, Accuracy: 73.61111, Loss: 0.019839731
350/351: Matthews 0.43076, Accuracy: 71.52778, Loss: 0.019331935
 
Best Matthews: 0.45379, Best Accuracy: 73.61111, Best Loss: 0.019839731 at epoch 30
Time Elasped: 00:09:06
========= Epoch 31 =========
175/351: Matthews 0.40885, Accuracy: 69.44444, Loss: 0.017234484
350/351: Matthews 0.41604, Accuracy: 70.13889, Loss: 0.020052092
 
Best Matthews: 0.45379, Best Accuracy: 73.61111, Best Loss: 0.019839731 at epoch 30
Time Elasped: 00:09:23
========= Epoch 32 =========
175/351: Matthews 0.42334, Accuracy: 70.83333, Loss: 0.018304078
350/351: Matthews 0.40176, Accuracy: 68.75000, Loss: 0.017948571
 
Best Matthews: 0.45379, Best Accuracy: 73.61111, Best Loss: 0.019839731 at epoch 30
Time Elasped: 00:09:41
========= Epoch 33 =========
175/351: Matthews 0.35475, Accuracy: 63.88889, Loss: 0.020748782
350/351: Matthews 0.43831, Accuracy: 72.22222, Loss: 0.017688938
 
Best Matthews: 0.45379, Best Accuracy: 73.61111, Best Loss: 0.019839731 at epoch 30
Time Elasped: 00:09:59
========= Epoch 34 =========
175/351: Matthews 0.50394, Accuracy: 77.77778, Loss: 0.017497349
350/351: Matthews 0.38110, Accuracy: 66.66667, Loss: 0.018201580
 
Best Matthews: 0.50394, Best Accuracy: 77.77778, Best Loss: 0.017497349 at epoch 34
Time Elasped: 00:10:18
========= Epoch 35 =========
175/351: Matthews 0.42334, Accuracy: 70.83333, Loss: 0.019182068
350/351: Matthews 0.48655, Accuracy: 76.38889, Loss: 0.018406971
 
Best Matthews: 0.50394, Best Accuracy: 77.77778, Best Loss: 0.017497349 at epoch 34
Time Elasped: 00:10:36
========= Epoch 36 =========
175/351: Matthews 0.42334, Accuracy: 70.83333, Loss: 0.018469512
350/351: Matthews 0.34835, Accuracy: 63.19444, Loss: 0.020348668
 
Best Matthews: 0.50394, Best Accuracy: 77.77778, Best Loss: 0.017497349 at epoch 34
Time Elasped: 00:10:53
========= Epoch 37 =========
175/351: Matthews 0.37189, Accuracy: 68.05556, Loss: 0.022071292
350/351: Matthews 0.34835, Accuracy: 63.19444, Loss: 0.021398236
 
Best Matthews: 0.50394, Best Accuracy: 77.77778, Best Loss: 0.017497349 at epoch 34
Time Elasped: 00:11:11
========= Epoch 38 =========
175/351: Matthews 0.38789, Accuracy: 67.36111, Loss: 0.019469195
350/351: Matthews 0.38110, Accuracy: 66.66667, Loss: 0.018282291
 
Best Matthews: 0.50394, Best Accuracy: 77.77778, Best Loss: 0.017497349 at epoch 34
Time Elasped: 00:11:28
========= Epoch 39 =========
175/351: Matthews 0.37439, Accuracy: 65.97222, Loss: 0.016911457
350/351: Matthews 0.38110, Accuracy: 66.66667, Loss: 0.018279470
 
Best Matthews: 0.50394, Best Accuracy: 77.77778, Best Loss: 0.017497349 at epoch 34
Time Elasped: 00:11:46
========= Epoch 40 =========
175/351: Matthews 0.43076, Accuracy: 71.52778, Loss: 0.019170930
350/351: Matthews 0.43076, Accuracy: 71.52778, Loss: 0.018031109
 
Best Matthews: 0.50394, Best Accuracy: 77.77778, Best Loss: 0.017497349 at epoch 34
Time Elasped: 00:12:04
========= Epoch 41 =========
175/351: Matthews 0.43831, Accuracy: 72.22222, Loss: 0.018617594
350/351: Matthews 0.38789, Accuracy: 67.36111, Loss: 0.020119897
 
Best Matthews: 0.50394, Best Accuracy: 77.77778, Best Loss: 0.017497349 at epoch 34
Time Elasped: 00:12:21
========= Epoch 42 =========
175/351: Matthews 0.40176, Accuracy: 68.75000, Loss: 0.018942086
350/351: Matthews 0.32953, Accuracy: 61.11111, Loss: 0.019858508
 
Best Matthews: 0.50394, Best Accuracy: 77.77778, Best Loss: 0.017497349 at epoch 34
Time Elasped: 00:12:39
========= Epoch 43 =========
175/351: Matthews 0.49515, Accuracy: 77.08333, Loss: 0.018177834
350/351: Matthews 0.38110, Accuracy: 66.66667, Loss: 0.019701006
 
Best Matthews: 0.50394, Best Accuracy: 77.77778, Best Loss: 0.017497349 at epoch 34
Time Elasped: 00:12:57
========= Epoch 44 =========
175/351: Matthews 0.40176, Accuracy: 68.75000, Loss: 0.016238964
350/351: Matthews 0.43831, Accuracy: 72.22222, Loss: 0.019652218
 
Best Matthews: 0.50394, Best Accuracy: 77.77778, Best Loss: 0.017497349 at epoch 34
Time Elasped: 00:13:14
========= Epoch 45 =========
175/351: Matthews 0.36122, Accuracy: 64.58333, Loss: 0.017864125
350/351: Matthews 0.45379, Accuracy: 73.61111, Loss: 0.018296364
 
Best Matthews: 0.50394, Best Accuracy: 77.77778, Best Loss: 0.017497349 at epoch 34
Time Elasped: 00:13:32
========= Epoch 46 =========
175/351: Matthews 0.40176, Accuracy: 68.75000, Loss: 0.017993132
350/351: Matthews 0.43076, Accuracy: 71.52778, Loss: 0.018693785
 
Best Matthews: 0.50394, Best Accuracy: 77.77778, Best Loss: 0.017497349 at epoch 34
Time Elasped: 00:13:50
========= Epoch 47 =========
175/351: Matthews 0.34835, Accuracy: 63.19444, Loss: 0.019895295
350/351: Matthews 0.40176, Accuracy: 68.75000, Loss: 0.019028748
 
Best Matthews: 0.50394, Best Accuracy: 77.77778, Best Loss: 0.017497349 at epoch 34
Time Elasped: 00:14:07
========= Epoch 48 =========
175/351: Matthews 0.36776, Accuracy: 65.27778, Loss: 0.019458753
350/351: Matthews 0.42334, Accuracy: 70.83333, Loss: 0.017115330
 
Best Matthews: 0.50394, Best Accuracy: 77.77778, Best Loss: 0.017497349 at epoch 34
Time Elasped: 00:14:25
========= Epoch 49 =========
175/351: Matthews 0.35475, Accuracy: 63.88889, Loss: 0.018942542
350/351: Matthews 0.48655, Accuracy: 76.38889, Loss: 0.017107286
 
Best Matthews: 0.50394, Best Accuracy: 77.77778, Best Loss: 0.017497349 at epoch 34
Time Elasped: 00:14:42
========= Epoch 50 =========
175/351: Matthews 0.42334, Accuracy: 70.83333, Loss: 0.020233303
350/351: Matthews 0.46175, Accuracy: 74.30556, Loss: 0.016391622
 
Best Matthews: 0.50394, Best Accuracy: 77.77778, Best Loss: 0.017497349 at epoch 34
Time Elasped: 00:15:00
========= Epoch 51 =========
175/351: Matthews 0.32953, Accuracy: 61.11111, Loss: 0.018678447
350/351: Matthews 0.36122, Accuracy: 64.58333, Loss: 0.018952979
 
Best Matthews: 0.50394, Best Accuracy: 77.77778, Best Loss: 0.017497349 at epoch 34
Time Elasped: 00:15:18
========= Epoch 52 =========
175/351: Matthews 0.41604, Accuracy: 70.13889, Loss: 0.017064621
350/351: Matthews 0.40885, Accuracy: 69.44444, Loss: 0.019292328
 
Best Matthews: 0.50394, Best Accuracy: 77.77778, Best Loss: 0.017497349 at epoch 34
Time Elasped: 00:15:35
========= Epoch 53 =========
175/351: Matthews 0.42414, Accuracy: 72.91667, Loss: 0.020468295
350/351: Matthews 0.39478, Accuracy: 68.05556, Loss: 0.016703162
 
Best Matthews: 0.50394, Best Accuracy: 77.77778, Best Loss: 0.017497349 at epoch 34
Time Elasped: 00:15:53
========= Epoch 54 =========
175/351: Matthews 0.47811, Accuracy: 75.69444, Loss: 0.016949326
350/351: Matthews 0.43076, Accuracy: 71.52778, Loss: 0.017997899
 
Best Matthews: 0.50394, Best Accuracy: 77.77778, Best Loss: 0.017497349 at epoch 34
Time Elasped: 00:16:10
========= Epoch 55 =========
Early Stopping activated
 
Best Matthews: 0.50394, Best Accuracy: 77.77778, Best Loss: 0.017497349 at epoch 34
Time Elasped: 00:16:21
Test Set:
0/0: Matthews 0.45237, Accuracy: 80.59072, Loss: 0.021936517
