Namespace(batch_size=32, buffer_size=1, by_source=False, crop_pad_length=30, data='./acceptability_corpus/verb_classes_cola/inchoative', data_type='discriminator', dropout=0.5, embedding='glove.6B.300d', embedding_path='/scratch/asw462/models/elmo_encoder/elmo.emb', embedding_size=217, encoder_num_layers=2, encoder_path='/scratch/asw462/models/elmo_encoder/elmo.pth', encoding_size=528, encoding_type='lstm_pooling_classifier', epochs=1000, evaluate_train=False, experiment_name='experiment_linear_classifier_h_147_l_3_lr_0.0000_e_217_do_0.5', glove=False, gpu=True, hidden_size=147, imbalance=True, learning_rate=2e-05, lm_path=None, logs_dir='/scratch/asw462/logs/verb_classes_cola/inchoative', max_pool=False, model='linear_classifier', num_layers=3, output_dir='/scratch/asw462/logs/verb_classes_cola/outputs/inchoative', patience=20, preprocess_tokenizer='space', prints_per_stage=1, resume=True, resume_file=None, save_loc='/scratch/asw462/models/verb_classes_cola/inchoative', seed=1111, should_not_log=False, should_not_lowercase=False, should_not_preprocess_data=False, stages_per_epoch=2, train_embeddings=False, train_evaluate_interval=10, vocab_file='/scratch/asw462/data/vocab_100k.tsv')
======== General =======
Model: linear_classifier
GPU: True
Experiment Name: experiment_linear_classifier_h_147_l_3_lr_0.0000_e_217_do_0.5
Save location: /scratch/asw462/models/verb_classes_cola/inchoative
Logs dir: /scratch/asw462/logs/verb_classes_cola/inchoative
Timestamp: 2018/08/02 04:43:01
 
======== Data =======
Training set: 11207 examples
Validation set: 144 examples
Test set: 474 examples
 
======= Parameters =======
Learning Rate: 0.000020
Batch Size: 32
Epochs: 1000
Patience: 20
Stages per Epoch: 2
Embedding: 100004 x 217
Number of layers: 3
Hidden Size: 147
Encoder Size: 528
Resume: True
 
======= Model =======
LinearClassifierWithEncoder(
  (model): LinearClassifier(
    (dropout): Dropout(p=0.5)
    (enc2h): Linear(in_features=1056, out_features=147, bias=True)
    (h20): Linear(in_features=147, out_features=1, bias=True)
    (sigmoid): Sigmoid()
    (tanh): Tanh()
    (softmax): Softmax()
  )
  (encoder): LSTMPoolingClassifierWithELMo(
    (elmo): ELMOClassifier(
      (lm): LSTMLanguageModel(
        (dropout): Dropout(p=0.2)
        (embedding): Embedding(100003, 217)
        (lstm): LSTM(217, 891, num_layers=2, dropout=0.2)
        (fc): Linear(in_features=891, out_features=100003, bias=True)
      )
      (lstms): ModuleList(
        (0): LSTM(217, 891, batch_first=True)
        (1): LSTM(891, 891, batch_first=True)
      )
      (dropout): Dropout(p=0.2)
      (linear_comb): Linear(in_features=2, out_features=1, bias=True)
      (fc1): Linear(in_features=891, out_features=528, bias=True)
      (relu): ReLU()
      (out): Linear(in_features=528, out_features=1, bias=True)
      (sigmoid): Sigmoid()
    )
    (pooling_classifier): LSTMPoolingClassifier(
      (ih2h): LSTM(891, 528, num_layers=3, batch_first=True, dropout=0.2, bidirectional=True)
      (pool2o): Linear(in_features=1056, out_features=1, bias=True)
      (sigmoid): Sigmoid()
      (softmax): Softmax()
      (dropout): Dropout(p=0.2)
    )
  )
)
 
========= Epoch 1 =========
175/351: Matthews 0.32974, Accuracy: 75.69444, Loss: 0.026471481
350/351: Matthews 0.33278, Accuracy: 74.30556, Loss: 0.023987850
 
Best Matthews: 0.33278, Best Accuracy: 74.30556, Best Loss: 0.023987850 at epoch 1
Time Elasped: 00:00:26
========= Epoch 2 =========
175/351: Matthews 0.30656, Accuracy: 72.22222, Loss: 0.023527929
350/351: Matthews 0.37067, Accuracy: 77.08333, Loss: 0.022659489
 
Best Matthews: 0.37067, Best Accuracy: 77.08333, Best Loss: 0.022659489 at epoch 2
Time Elasped: 00:00:46
========= Epoch 3 =========
175/351: Matthews 0.34566, Accuracy: 73.61111, Loss: 0.023325029
350/351: Matthews 0.34566, Accuracy: 73.61111, Loss: 0.023944784
 
Best Matthews: 0.37067, Best Accuracy: 77.08333, Best Loss: 0.022659489 at epoch 2
Time Elasped: 00:01:04
========= Epoch 4 =========
175/351: Matthews 0.33707, Accuracy: 72.91667, Loss: 0.023825122
350/351: Matthews 0.30383, Accuracy: 68.05556, Loss: 0.024719665
 
Best Matthews: 0.37067, Best Accuracy: 77.08333, Best Loss: 0.022659489 at epoch 2
Time Elasped: 00:01:22
========= Epoch 5 =========
175/351: Matthews 0.35889, Accuracy: 72.91667, Loss: 0.024728788
350/351: Matthews 0.30383, Accuracy: 68.05556, Loss: 0.024998205
 
Best Matthews: 0.37067, Best Accuracy: 77.08333, Best Loss: 0.022659489 at epoch 2
Time Elasped: 00:01:40
========= Epoch 6 =========
175/351: Matthews 0.31131, Accuracy: 68.75000, Loss: 0.025580034
350/351: Matthews 0.30383, Accuracy: 68.05556, Loss: 0.025095373
 
Best Matthews: 0.37067, Best Accuracy: 77.08333, Best Loss: 0.022659489 at epoch 2
Time Elasped: 00:01:57
========= Epoch 7 =========
175/351: Matthews 0.30383, Accuracy: 68.05556, Loss: 0.025253961
350/351: Matthews 0.37901, Accuracy: 68.75000, Loss: 0.026006872
 
Best Matthews: 0.37901, Best Accuracy: 68.75000, Best Loss: 0.026006872 at epoch 7
Time Elasped: 00:02:17
========= Epoch 8 =========
175/351: Matthews 0.38624, Accuracy: 69.44444, Loss: 0.025954947
350/351: Matthews 0.36375, Accuracy: 69.44444, Loss: 0.025931385
 
Best Matthews: 0.38624, Best Accuracy: 69.44444, Best Loss: 0.025954947 at epoch 8
Time Elasped: 00:02:36
========= Epoch 9 =========
175/351: Matthews 0.39357, Accuracy: 70.13889, Loss: 0.026214580
350/351: Matthews 0.37189, Accuracy: 68.05556, Loss: 0.025498655
 
Best Matthews: 0.39357, Best Accuracy: 70.13889, Best Loss: 0.026214580 at epoch 9
Time Elasped: 00:02:56
========= Epoch 10 =========
175/351: Matthews 0.38624, Accuracy: 69.44444, Loss: 0.025257182
350/351: Matthews 0.39357, Accuracy: 70.13889, Loss: 0.025416399
 
Best Matthews: 0.39357, Best Accuracy: 70.13889, Best Loss: 0.026214580 at epoch 9
Time Elasped: 00:03:14
========= Epoch 11 =========
175/351: Matthews 0.36486, Accuracy: 67.36111, Loss: 0.026427014
350/351: Matthews 0.36486, Accuracy: 67.36111, Loss: 0.025167207
 
Best Matthews: 0.39357, Best Accuracy: 70.13889, Best Loss: 0.026214580 at epoch 9
Time Elasped: 00:03:32
========= Epoch 12 =========
175/351: Matthews 0.39357, Accuracy: 70.13889, Loss: 0.025370431
350/351: Matthews 0.38624, Accuracy: 69.44444, Loss: 0.025404702
 
Best Matthews: 0.39357, Best Accuracy: 70.13889, Best Loss: 0.026214580 at epoch 9
Time Elasped: 00:03:50
========= Epoch 13 =========
175/351: Matthews 0.38789, Accuracy: 67.36111, Loss: 0.025395355
350/351: Matthews 0.40176, Accuracy: 68.75000, Loss: 0.025147352
 
Best Matthews: 0.40176, Best Accuracy: 68.75000, Best Loss: 0.025147352 at epoch 13
Time Elasped: 00:04:09
========= Epoch 14 =========
175/351: Matthews 0.38789, Accuracy: 67.36111, Loss: 0.024843276
350/351: Matthews 0.39357, Accuracy: 70.13889, Loss: 0.025231510
 
Best Matthews: 0.40176, Best Accuracy: 68.75000, Best Loss: 0.025147352 at epoch 13
Time Elasped: 00:04:27
========= Epoch 15 =========
175/351: Matthews 0.39478, Accuracy: 68.05556, Loss: 0.024572863
350/351: Matthews 0.38789, Accuracy: 67.36111, Loss: 0.024359561
 
Best Matthews: 0.40176, Best Accuracy: 68.75000, Best Loss: 0.025147352 at epoch 13
Time Elasped: 00:04:45
========= Epoch 16 =========
175/351: Matthews 0.39478, Accuracy: 68.05556, Loss: 0.024816295
350/351: Matthews 0.39357, Accuracy: 70.13889, Loss: 0.024621844
 
Best Matthews: 0.40176, Best Accuracy: 68.75000, Best Loss: 0.025147352 at epoch 13
Time Elasped: 00:05:03
========= Epoch 17 =========
175/351: Matthews 0.39478, Accuracy: 68.05556, Loss: 0.024450815
350/351: Matthews 0.39478, Accuracy: 68.05556, Loss: 0.024063991
 
Best Matthews: 0.40176, Best Accuracy: 68.75000, Best Loss: 0.025147352 at epoch 13
Time Elasped: 00:05:21
========= Epoch 18 =========
175/351: Matthews 0.39478, Accuracy: 68.05556, Loss: 0.023462981
350/351: Matthews 0.37901, Accuracy: 68.75000, Loss: 0.024999557
 
Best Matthews: 0.40176, Best Accuracy: 68.75000, Best Loss: 0.025147352 at epoch 13
Time Elasped: 00:05:39
========= Epoch 19 =========
175/351: Matthews 0.39478, Accuracy: 68.05556, Loss: 0.023800035
350/351: Matthews 0.39478, Accuracy: 68.05556, Loss: 0.023538146
 
Best Matthews: 0.40176, Best Accuracy: 68.75000, Best Loss: 0.025147352 at epoch 13
Time Elasped: 00:05:57
========= Epoch 20 =========
175/351: Matthews 0.36486, Accuracy: 67.36111, Loss: 0.022073617
350/351: Matthews 0.39478, Accuracy: 68.05556, Loss: 0.023532824
 
Best Matthews: 0.40176, Best Accuracy: 68.75000, Best Loss: 0.025147352 at epoch 13
Time Elasped: 00:06:15
========= Epoch 21 =========
175/351: Matthews 0.40176, Accuracy: 68.75000, Loss: 0.024293956
350/351: Matthews 0.38789, Accuracy: 67.36111, Loss: 0.023020847
 
Best Matthews: 0.40176, Best Accuracy: 68.75000, Best Loss: 0.025147352 at epoch 13
Time Elasped: 00:06:32
========= Epoch 22 =========
175/351: Matthews 0.39478, Accuracy: 68.05556, Loss: 0.022893013
350/351: Matthews 0.39478, Accuracy: 68.05556, Loss: 0.023055745
 
Best Matthews: 0.40176, Best Accuracy: 68.75000, Best Loss: 0.025147352 at epoch 13
Time Elasped: 00:06:50
========= Epoch 23 =========
175/351: Matthews 0.39478, Accuracy: 68.05556, Loss: 0.022788227
350/351: Matthews 0.40176, Accuracy: 68.75000, Loss: 0.023574996
 
Best Matthews: 0.40176, Best Accuracy: 68.75000, Best Loss: 0.025147352 at epoch 13
Time Elasped: 00:07:08
========= Epoch 24 =========
175/351: Matthews 0.40176, Accuracy: 68.75000, Loss: 0.022747083
350/351: Matthews 0.39478, Accuracy: 68.05556, Loss: 0.023243899
 
Best Matthews: 0.40176, Best Accuracy: 68.75000, Best Loss: 0.025147352 at epoch 13
Time Elasped: 00:07:26
========= Epoch 25 =========
175/351: Matthews 0.38789, Accuracy: 67.36111, Loss: 0.022943897
350/351: Matthews 0.39478, Accuracy: 68.05556, Loss: 0.022196018
 
Best Matthews: 0.40176, Best Accuracy: 68.75000, Best Loss: 0.025147352 at epoch 13
Time Elasped: 00:07:44
========= Epoch 26 =========
175/351: Matthews 0.40176, Accuracy: 68.75000, Loss: 0.023564582
350/351: Matthews 0.38789, Accuracy: 67.36111, Loss: 0.022677739
 
Best Matthews: 0.40176, Best Accuracy: 68.75000, Best Loss: 0.025147352 at epoch 13
Time Elasped: 00:08:02
========= Epoch 27 =========
175/351: Matthews 0.39478, Accuracy: 68.05556, Loss: 0.021876797
350/351: Matthews 0.40176, Accuracy: 68.75000, Loss: 0.023035086
 
Best Matthews: 0.40176, Best Accuracy: 68.75000, Best Loss: 0.025147352 at epoch 13
Time Elasped: 00:08:20
========= Epoch 28 =========
175/351: Matthews 0.39357, Accuracy: 70.13889, Loss: 0.022652199
350/351: Matthews 0.38789, Accuracy: 67.36111, Loss: 0.022912181
 
Best Matthews: 0.40176, Best Accuracy: 68.75000, Best Loss: 0.025147352 at epoch 13
Time Elasped: 00:08:38
========= Epoch 29 =========
175/351: Matthews 0.38789, Accuracy: 67.36111, Loss: 0.022967637
350/351: Matthews 0.39478, Accuracy: 68.05556, Loss: 0.022033008
 
Best Matthews: 0.40176, Best Accuracy: 68.75000, Best Loss: 0.025147352 at epoch 13
Time Elasped: 00:08:55
========= Epoch 30 =========
175/351: Matthews 0.37122, Accuracy: 70.13889, Loss: 0.022325128
350/351: Matthews 0.38789, Accuracy: 67.36111, Loss: 0.022118671
 
Best Matthews: 0.40176, Best Accuracy: 68.75000, Best Loss: 0.025147352 at epoch 13
Time Elasped: 00:09:13
========= Epoch 31 =========
175/351: Matthews 0.38789, Accuracy: 67.36111, Loss: 0.022152831
350/351: Matthews 0.39478, Accuracy: 68.05556, Loss: 0.021765075
 
Best Matthews: 0.40176, Best Accuracy: 68.75000, Best Loss: 0.025147352 at epoch 13
Time Elasped: 00:09:31
========= Epoch 32 =========
175/351: Matthews 0.39478, Accuracy: 68.05556, Loss: 0.023079981
350/351: Matthews 0.38789, Accuracy: 67.36111, Loss: 0.021825337
 
Best Matthews: 0.40176, Best Accuracy: 68.75000, Best Loss: 0.025147352 at epoch 13
Time Elasped: 00:09:49
========= Epoch 33 =========
175/351: Matthews 0.39478, Accuracy: 68.05556, Loss: 0.022135448
350/351: Matthews 0.36375, Accuracy: 69.44444, Loss: 0.021437850
 
Best Matthews: 0.40176, Best Accuracy: 68.75000, Best Loss: 0.025147352 at epoch 13
Time Elasped: 00:10:07
========= Epoch 34 =========
Early Stopping activated
 
Best Matthews: 0.40176, Best Accuracy: 68.75000, Best Loss: 0.025147352 at epoch 13
Time Elasped: 00:10:18
Test Set:
0/0: Matthews 0.38632, Accuracy: 75.73840, Loss: 0.019994144
