Namespace(batch_size=32, buffer_size=1, by_source=False, crop_pad_length=30, data='./acceptability_corpus/verb_classes_cola/inchoative', data_type='discriminator', dropout=0.5, embedding='glove.6B.300d', embedding_path='/scratch/asw462/models/elmo_encoder/elmo.emb', embedding_size=217, encoder_num_layers=2, encoder_path='/scratch/asw462/models/elmo_encoder/elmo.pth', encoding_size=528, encoding_type='lstm_pooling_classifier', epochs=1000, evaluate_train=False, experiment_name='experiment_linear_classifier_h_39_l_4_lr_0.0000_e_217_do_0.5', glove=False, gpu=True, hidden_size=39, imbalance=True, learning_rate=2e-05, lm_path=None, logs_dir='/scratch/asw462/logs/verb_classes_cola/inchoative', max_pool=False, model='linear_classifier', num_layers=4, output_dir='/scratch/asw462/logs/verb_classes_cola/outputs/inchoative', patience=20, preprocess_tokenizer='space', prints_per_stage=1, resume=True, resume_file=None, save_loc='/scratch/asw462/models/verb_classes_cola/inchoative', seed=1111, should_not_log=False, should_not_lowercase=False, should_not_preprocess_data=False, stages_per_epoch=2, train_embeddings=False, train_evaluate_interval=10, vocab_file='/scratch/asw462/data/vocab_100k.tsv')
======== General =======
Model: linear_classifier
GPU: True
Experiment Name: experiment_linear_classifier_h_39_l_4_lr_0.0000_e_217_do_0.5
Save location: /scratch/asw462/models/verb_classes_cola/inchoative
Logs dir: /scratch/asw462/logs/verb_classes_cola/inchoative
Timestamp: 2018/08/02 04:50:41
 
======== Data =======
Training set: 11207 examples
Validation set: 144 examples
Test set: 474 examples
 
======= Parameters =======
Learning Rate: 0.000020
Batch Size: 32
Epochs: 1000
Patience: 20
Stages per Epoch: 2
Embedding: 100004 x 217
Number of layers: 4
Hidden Size: 39
Encoder Size: 528
Resume: True
 
======= Model =======
LinearClassifierWithEncoder(
  (model): LinearClassifier(
    (dropout): Dropout(p=0.5)
    (enc2h): Linear(in_features=1056, out_features=39, bias=True)
    (h20): Linear(in_features=39, out_features=1, bias=True)
    (sigmoid): Sigmoid()
    (tanh): Tanh()
    (softmax): Softmax()
  )
  (encoder): LSTMPoolingClassifierWithELMo(
    (elmo): ELMOClassifier(
      (lm): LSTMLanguageModel(
        (dropout): Dropout(p=0.2)
        (embedding): Embedding(100003, 217)
        (lstm): LSTM(217, 891, num_layers=2, dropout=0.2)
        (fc): Linear(in_features=891, out_features=100003, bias=True)
      )
      (lstms): ModuleList(
        (0): LSTM(217, 891, batch_first=True)
        (1): LSTM(891, 891, batch_first=True)
      )
      (dropout): Dropout(p=0.2)
      (linear_comb): Linear(in_features=2, out_features=1, bias=True)
      (fc1): Linear(in_features=891, out_features=528, bias=True)
      (relu): ReLU()
      (out): Linear(in_features=528, out_features=1, bias=True)
      (sigmoid): Sigmoid()
    )
    (pooling_classifier): LSTMPoolingClassifier(
      (ih2h): LSTM(891, 528, num_layers=3, batch_first=True, dropout=0.2, bidirectional=True)
      (pool2o): Linear(in_features=1056, out_features=1, bias=True)
      (sigmoid): Sigmoid()
      (softmax): Softmax()
      (dropout): Dropout(p=0.2)
    )
  )
)
 
========= Epoch 1 =========
175/351: Matthews 0.35986, Accuracy: 77.77778, Loss: 0.030473517
350/351: Matthews 0.34954, Accuracy: 77.08333, Loss: 0.027153780
 
Best Matthews: 0.35986, Best Accuracy: 77.77778, Best Loss: 0.030473517 at epoch 1
Time Elasped: 00:00:24
========= Epoch 2 =========
175/351: Matthews 0.32974, Accuracy: 75.69444, Loss: 0.025063165
350/351: Matthews 0.36084, Accuracy: 76.38889, Loss: 0.023942191
 
Best Matthews: 0.36084, Best Accuracy: 76.38889, Best Loss: 0.023942191 at epoch 2
Time Elasped: 00:00:43
========= Epoch 3 =========
175/351: Matthews 0.37258, Accuracy: 75.69444, Loss: 0.023400267
350/351: Matthews 0.34191, Accuracy: 75.00000, Loss: 0.022584478
 
Best Matthews: 0.37258, Best Accuracy: 75.69444, Best Loss: 0.023400267 at epoch 3
Time Elasped: 00:01:02
========= Epoch 4 =========
175/351: Matthews 0.35444, Accuracy: 74.30556, Loss: 0.022225567
350/351: Matthews 0.35444, Accuracy: 74.30556, Loss: 0.021850708
 
Best Matthews: 0.37258, Best Accuracy: 75.69444, Best Loss: 0.023400267 at epoch 3
Time Elasped: 00:01:19
========= Epoch 5 =========
175/351: Matthews 0.35444, Accuracy: 74.30556, Loss: 0.021624797
350/351: Matthews 0.35444, Accuracy: 74.30556, Loss: 0.021689417
 
Best Matthews: 0.37258, Best Accuracy: 75.69444, Best Loss: 0.023400267 at epoch 3
Time Elasped: 00:01:37
========= Epoch 6 =========
175/351: Matthews 0.35444, Accuracy: 74.30556, Loss: 0.022058027
350/351: Matthews 0.32864, Accuracy: 72.22222, Loss: 0.022190991
 
Best Matthews: 0.37258, Best Accuracy: 75.69444, Best Loss: 0.023400267 at epoch 3
Time Elasped: 00:01:55
========= Epoch 7 =========
175/351: Matthews 0.34247, Accuracy: 71.52778, Loss: 0.022323680
350/351: Matthews 0.32864, Accuracy: 72.22222, Loss: 0.022267401
 
Best Matthews: 0.37258, Best Accuracy: 75.69444, Best Loss: 0.023400267 at epoch 3
Time Elasped: 00:02:12
========= Epoch 8 =========
175/351: Matthews 0.32864, Accuracy: 72.22222, Loss: 0.022494261
350/351: Matthews 0.31891, Accuracy: 69.44444, Loss: 0.022866696
 
Best Matthews: 0.37258, Best Accuracy: 75.69444, Best Loss: 0.023400267 at epoch 3
Time Elasped: 00:02:30
========= Epoch 9 =========
175/351: Matthews 0.35060, Accuracy: 72.22222, Loss: 0.022578678
350/351: Matthews 0.31891, Accuracy: 69.44444, Loss: 0.023294143
 
Best Matthews: 0.37258, Best Accuracy: 75.69444, Best Loss: 0.023400267 at epoch 3
Time Elasped: 00:02:47
========= Epoch 10 =========
175/351: Matthews 0.32663, Accuracy: 70.13889, Loss: 0.023388429
350/351: Matthews 0.33448, Accuracy: 70.83333, Loss: 0.023759292
 
Best Matthews: 0.37258, Best Accuracy: 75.69444, Best Loss: 0.023400267 at epoch 3
Time Elasped: 00:03:05
========= Epoch 11 =========
175/351: Matthews 0.33448, Accuracy: 70.83333, Loss: 0.024060382
350/351: Matthews 0.32663, Accuracy: 70.13889, Loss: 0.024084591
 
Best Matthews: 0.37258, Best Accuracy: 75.69444, Best Loss: 0.023400267 at epoch 3
Time Elasped: 00:03:23
========= Epoch 12 =========
175/351: Matthews 0.33448, Accuracy: 70.83333, Loss: 0.024021579
350/351: Matthews 0.31891, Accuracy: 69.44444, Loss: 0.024111768
 
Best Matthews: 0.37258, Best Accuracy: 75.69444, Best Loss: 0.023400267 at epoch 3
Time Elasped: 00:03:40
========= Epoch 13 =========
175/351: Matthews 0.31131, Accuracy: 68.75000, Loss: 0.024525616
350/351: Matthews 0.30383, Accuracy: 68.05556, Loss: 0.024535851
 
Best Matthews: 0.37258, Best Accuracy: 75.69444, Best Loss: 0.023400267 at epoch 3
Time Elasped: 00:03:58
========= Epoch 14 =========
175/351: Matthews 0.32663, Accuracy: 70.13889, Loss: 0.024418533
350/351: Matthews 0.37901, Accuracy: 68.75000, Loss: 0.024777343
 
Best Matthews: 0.37901, Best Accuracy: 68.75000, Best Loss: 0.024777343 at epoch 14
Time Elasped: 00:04:17
========= Epoch 15 =========
175/351: Matthews 0.37189, Accuracy: 68.05556, Loss: 0.025293960
350/351: Matthews 0.34132, Accuracy: 69.44444, Loss: 0.024909670
 
Best Matthews: 0.37901, Best Accuracy: 68.75000, Best Loss: 0.024777343 at epoch 14
Time Elasped: 00:04:34
========= Epoch 16 =========
175/351: Matthews 0.37189, Accuracy: 68.05556, Loss: 0.024832434
350/351: Matthews 0.40103, Accuracy: 70.83333, Loss: 0.024733206
 
Best Matthews: 0.40103, Best Accuracy: 70.83333, Best Loss: 0.024733206 at epoch 16
Time Elasped: 00:04:53
========= Epoch 17 =========
175/351: Matthews 0.34132, Accuracy: 69.44444, Loss: 0.025335727
350/351: Matthews 0.37189, Accuracy: 68.05556, Loss: 0.025327033
 
Best Matthews: 0.40103, Best Accuracy: 70.83333, Best Loss: 0.024733206 at epoch 16
Time Elasped: 00:05:11
========= Epoch 18 =========
175/351: Matthews 0.37189, Accuracy: 68.05556, Loss: 0.024937381
350/351: Matthews 0.37189, Accuracy: 68.05556, Loss: 0.025550816
 
Best Matthews: 0.40103, Best Accuracy: 70.83333, Best Loss: 0.024733206 at epoch 16
Time Elasped: 00:05:29
========= Epoch 19 =========
175/351: Matthews 0.37189, Accuracy: 68.05556, Loss: 0.026079754
350/351: Matthews 0.39357, Accuracy: 70.13889, Loss: 0.025594228
 
Best Matthews: 0.40103, Best Accuracy: 70.83333, Best Loss: 0.024733206 at epoch 16
Time Elasped: 00:05:46
========= Epoch 20 =========
175/351: Matthews 0.38624, Accuracy: 69.44444, Loss: 0.025280173
350/351: Matthews 0.37189, Accuracy: 68.05556, Loss: 0.025242392
 
Best Matthews: 0.40103, Best Accuracy: 70.83333, Best Loss: 0.024733206 at epoch 16
Time Elasped: 00:06:04
========= Epoch 21 =========
175/351: Matthews 0.37189, Accuracy: 68.05556, Loss: 0.025548370
350/351: Matthews 0.37189, Accuracy: 68.05556, Loss: 0.025102456
 
Best Matthews: 0.40103, Best Accuracy: 70.83333, Best Loss: 0.024733206 at epoch 16
Time Elasped: 00:06:21
========= Epoch 22 =========
175/351: Matthews 0.37901, Accuracy: 68.75000, Loss: 0.024515029
350/351: Matthews 0.36486, Accuracy: 67.36111, Loss: 0.025153132
 
Best Matthews: 0.40103, Best Accuracy: 70.83333, Best Loss: 0.024733206 at epoch 16
Time Elasped: 00:06:39
========= Epoch 23 =========
175/351: Matthews 0.36486, Accuracy: 67.36111, Loss: 0.025047749
350/351: Matthews 0.37189, Accuracy: 68.05556, Loss: 0.024925164
 
Best Matthews: 0.40103, Best Accuracy: 70.83333, Best Loss: 0.024733206 at epoch 16
Time Elasped: 00:06:57
========= Epoch 24 =========
175/351: Matthews 0.36486, Accuracy: 67.36111, Loss: 0.024651529
350/351: Matthews 0.35109, Accuracy: 65.97222, Loss: 0.025139708
 
Best Matthews: 0.40103, Best Accuracy: 70.83333, Best Loss: 0.024733206 at epoch 16
Time Elasped: 00:07:14
========= Epoch 25 =========
175/351: Matthews 0.37901, Accuracy: 68.75000, Loss: 0.024611582
350/351: Matthews 0.38110, Accuracy: 66.66667, Loss: 0.025137153
 
Best Matthews: 0.40103, Best Accuracy: 70.83333, Best Loss: 0.024733206 at epoch 16
Time Elasped: 00:07:32
========= Epoch 26 =========
175/351: Matthews 0.37901, Accuracy: 68.75000, Loss: 0.024755100
350/351: Matthews 0.36486, Accuracy: 67.36111, Loss: 0.025261920
 
Best Matthews: 0.40103, Best Accuracy: 70.83333, Best Loss: 0.024733206 at epoch 16
Time Elasped: 00:07:49
========= Epoch 27 =========
175/351: Matthews 0.37189, Accuracy: 68.05556, Loss: 0.025303089
350/351: Matthews 0.35109, Accuracy: 65.97222, Loss: 0.024884697
 
Best Matthews: 0.40103, Best Accuracy: 70.83333, Best Loss: 0.024733206 at epoch 16
Time Elasped: 00:08:07
========= Epoch 28 =========
175/351: Matthews 0.35793, Accuracy: 66.66667, Loss: 0.024776994
350/351: Matthews 0.35793, Accuracy: 66.66667, Loss: 0.024853243
 
Best Matthews: 0.40103, Best Accuracy: 70.83333, Best Loss: 0.024733206 at epoch 16
Time Elasped: 00:08:25
========= Epoch 29 =========
175/351: Matthews 0.36486, Accuracy: 67.36111, Loss: 0.024769311
350/351: Matthews 0.35109, Accuracy: 65.97222, Loss: 0.024627702
 
Best Matthews: 0.40103, Best Accuracy: 70.83333, Best Loss: 0.024733206 at epoch 16
Time Elasped: 00:08:42
========= Epoch 30 =========
175/351: Matthews 0.38110, Accuracy: 66.66667, Loss: 0.025441355
350/351: Matthews 0.35109, Accuracy: 65.97222, Loss: 0.024377793
 
Best Matthews: 0.40103, Best Accuracy: 70.83333, Best Loss: 0.024733206 at epoch 16
Time Elasped: 00:09:00
========= Epoch 31 =========
175/351: Matthews 0.35793, Accuracy: 66.66667, Loss: 0.024445325
350/351: Matthews 0.35793, Accuracy: 66.66667, Loss: 0.024533884
 
Best Matthews: 0.40103, Best Accuracy: 70.83333, Best Loss: 0.024733206 at epoch 16
Time Elasped: 00:09:17
========= Epoch 32 =========
175/351: Matthews 0.35793, Accuracy: 66.66667, Loss: 0.024035520
350/351: Matthews 0.38110, Accuracy: 66.66667, Loss: 0.024296820
 
Best Matthews: 0.40103, Best Accuracy: 70.83333, Best Loss: 0.024733206 at epoch 16
Time Elasped: 00:09:35
========= Epoch 33 =========
175/351: Matthews 0.38110, Accuracy: 66.66667, Loss: 0.024038964
350/351: Matthews 0.36486, Accuracy: 67.36111, Loss: 0.023952365
 
Best Matthews: 0.40103, Best Accuracy: 70.83333, Best Loss: 0.024733206 at epoch 16
Time Elasped: 00:09:53
========= Epoch 34 =========
175/351: Matthews 0.36486, Accuracy: 67.36111, Loss: 0.024337257
350/351: Matthews 0.36486, Accuracy: 67.36111, Loss: 0.023917644
 
Best Matthews: 0.40103, Best Accuracy: 70.83333, Best Loss: 0.024733206 at epoch 16
Time Elasped: 00:10:10
========= Epoch 35 =========
175/351: Matthews 0.37189, Accuracy: 68.05556, Loss: 0.024615029
350/351: Matthews 0.36486, Accuracy: 67.36111, Loss: 0.023769438
 
Best Matthews: 0.40103, Best Accuracy: 70.83333, Best Loss: 0.024733206 at epoch 16
Time Elasped: 00:10:28
========= Epoch 36 =========
175/351: Matthews 0.35793, Accuracy: 66.66667, Loss: 0.024256764
350/351: Matthews 0.38789, Accuracy: 67.36111, Loss: 0.023562983
 
Best Matthews: 0.40103, Best Accuracy: 70.83333, Best Loss: 0.024733206 at epoch 16
Time Elasped: 00:10:45
========= Epoch 37 =========
Early Stopping activated
 
Best Matthews: 0.40103, Best Accuracy: 70.83333, Best Loss: 0.024733206 at epoch 16
Time Elasped: 00:10:56
Test Set:
0/0: Matthews 0.34640, Accuracy: 75.52743, Loss: 0.021143165
