Namespace(batch_size=32, buffer_size=1, by_source=False, crop_pad_length=30, data='./acceptability_corpus/verb_classes_cola/inchoative', data_type='discriminator', dropout=0.2, embedding='glove.6B.300d', embedding_path='/scratch/asw462/models/elmo_encoder/elmo.emb', embedding_size=217, encoder_num_layers=2, encoder_path='/scratch/asw462/models/elmo_encoder/elmo.pth', encoding_size=528, encoding_type='lstm_pooling_classifier', epochs=1000, evaluate_train=False, experiment_name='experiment_linear_classifier_h_92_l_1_lr_0.0001_e_217_do_0.2', glove=False, gpu=True, hidden_size=92, imbalance=True, learning_rate=7e-05, lm_path=None, logs_dir='/scratch/asw462/logs/verb_classes_cola/inchoative', max_pool=False, model='linear_classifier', num_layers=1, output_dir='/scratch/asw462/logs/verb_classes_cola/outputs/inchoative', patience=20, preprocess_tokenizer='space', prints_per_stage=1, resume=True, resume_file=None, save_loc='/scratch/asw462/models/verb_classes_cola/inchoative', seed=1111, should_not_log=False, should_not_lowercase=False, should_not_preprocess_data=False, stages_per_epoch=2, train_embeddings=False, train_evaluate_interval=10, vocab_file='/scratch/asw462/data/vocab_100k.tsv')
======== General =======
Model: linear_classifier
GPU: True
Experiment Name: experiment_linear_classifier_h_92_l_1_lr_0.0001_e_217_do_0.2
Save location: /scratch/asw462/models/verb_classes_cola/inchoative
Logs dir: /scratch/asw462/logs/verb_classes_cola/inchoative
Timestamp: 2018/08/02 04:43:03
 
======== Data =======
Training set: 11207 examples
Validation set: 144 examples
Test set: 474 examples
 
======= Parameters =======
Learning Rate: 0.000070
Batch Size: 32
Epochs: 1000
Patience: 20
Stages per Epoch: 2
Embedding: 100004 x 217
Number of layers: 1
Hidden Size: 92
Encoder Size: 528
Resume: True
 
======= Model =======
LinearClassifierWithEncoder(
  (model): LinearClassifier(
    (dropout): Dropout(p=0.2)
    (enc2h): Linear(in_features=1056, out_features=92, bias=True)
    (h20): Linear(in_features=92, out_features=1, bias=True)
    (sigmoid): Sigmoid()
    (tanh): Tanh()
    (softmax): Softmax()
  )
  (encoder): LSTMPoolingClassifierWithELMo(
    (elmo): ELMOClassifier(
      (lm): LSTMLanguageModel(
        (dropout): Dropout(p=0.2)
        (embedding): Embedding(100003, 217)
        (lstm): LSTM(217, 891, num_layers=2, dropout=0.2)
        (fc): Linear(in_features=891, out_features=100003, bias=True)
      )
      (lstms): ModuleList(
        (0): LSTM(217, 891, batch_first=True)
        (1): LSTM(891, 891, batch_first=True)
      )
      (dropout): Dropout(p=0.2)
      (linear_comb): Linear(in_features=2, out_features=1, bias=True)
      (fc1): Linear(in_features=891, out_features=528, bias=True)
      (relu): ReLU()
      (out): Linear(in_features=528, out_features=1, bias=True)
      (sigmoid): Sigmoid()
    )
    (pooling_classifier): LSTMPoolingClassifier(
      (ih2h): LSTM(891, 528, num_layers=3, batch_first=True, dropout=0.2, bidirectional=True)
      (pool2o): Linear(in_features=1056, out_features=1, bias=True)
      (sigmoid): Sigmoid()
      (softmax): Softmax()
      (dropout): Dropout(p=0.2)
    )
  )
)
 
========= Epoch 1 =========
175/351: Matthews 0.34566, Accuracy: 73.61111, Loss: 0.024669516
350/351: Matthews 0.35126, Accuracy: 75.69444, Loss: 0.025011847
 
Best Matthews: 0.35126, Best Accuracy: 75.69444, Best Loss: 0.025011847 at epoch 1
Time Elasped: 00:00:25
========= Epoch 2 =========
175/351: Matthews 0.29646, Accuracy: 67.36111, Loss: 0.026946227
350/351: Matthews 0.35109, Accuracy: 65.97222, Loss: 0.025689902
 
Best Matthews: 0.35126, Best Accuracy: 75.69444, Best Loss: 0.025011847 at epoch 1
Time Elasped: 00:00:43
========= Epoch 3 =========
175/351: Matthews 0.38110, Accuracy: 66.66667, Loss: 0.028321346
350/351: Matthews 0.36486, Accuracy: 67.36111, Loss: 0.025978713
 
Best Matthews: 0.38110, Best Accuracy: 66.66667, Best Loss: 0.028321346 at epoch 3
Time Elasped: 00:01:02
========= Epoch 4 =========
175/351: Matthews 0.37901, Accuracy: 68.75000, Loss: 0.025642822
350/351: Matthews 0.37901, Accuracy: 68.75000, Loss: 0.023139755
 
Best Matthews: 0.38110, Best Accuracy: 66.66667, Best Loss: 0.028321346 at epoch 3
Time Elasped: 00:01:19
========= Epoch 5 =========
175/351: Matthews 0.38110, Accuracy: 66.66667, Loss: 0.025017661
350/351: Matthews 0.41630, Accuracy: 72.22222, Loss: 0.023823172
 
Best Matthews: 0.41630, Best Accuracy: 72.22222, Best Loss: 0.023823172 at epoch 5
Time Elasped: 00:01:38
========= Epoch 6 =========
175/351: Matthews 0.37189, Accuracy: 68.05556, Loss: 0.024601077
350/351: Matthews 0.36486, Accuracy: 67.36111, Loss: 0.024276723
 
Best Matthews: 0.41630, Best Accuracy: 72.22222, Best Loss: 0.023823172 at epoch 5
Time Elasped: 00:01:56
========= Epoch 7 =========
175/351: Matthews 0.36486, Accuracy: 67.36111, Loss: 0.024057044
350/351: Matthews 0.38110, Accuracy: 66.66667, Loss: 0.023017656
 
Best Matthews: 0.41630, Best Accuracy: 72.22222, Best Loss: 0.023823172 at epoch 5
Time Elasped: 00:02:13
========= Epoch 8 =========
175/351: Matthews 0.36776, Accuracy: 65.27778, Loss: 0.023512632
350/351: Matthews 0.36375, Accuracy: 69.44444, Loss: 0.024344077
 
Best Matthews: 0.41630, Best Accuracy: 72.22222, Best Loss: 0.023823172 at epoch 5
Time Elasped: 00:02:31
========= Epoch 9 =========
175/351: Matthews 0.39478, Accuracy: 68.05556, Loss: 0.026002521
350/351: Matthews 0.35639, Accuracy: 68.75000, Loss: 0.021911588
 
Best Matthews: 0.41630, Best Accuracy: 72.22222, Best Loss: 0.023823172 at epoch 5
Time Elasped: 00:02:48
========= Epoch 10 =========
175/351: Matthews 0.36450, Accuracy: 71.52778, Loss: 0.024971578
350/351: Matthews 0.35639, Accuracy: 68.75000, Loss: 0.019957882
 
Best Matthews: 0.41630, Best Accuracy: 72.22222, Best Loss: 0.023823172 at epoch 5
Time Elasped: 00:03:06
========= Epoch 11 =========
175/351: Matthews 0.38789, Accuracy: 67.36111, Loss: 0.020830830
350/351: Matthews 0.38789, Accuracy: 67.36111, Loss: 0.022066335
 
Best Matthews: 0.41630, Best Accuracy: 72.22222, Best Loss: 0.023823172 at epoch 5
Time Elasped: 00:03:23
========= Epoch 12 =========
175/351: Matthews 0.40446, Accuracy: 66.66667, Loss: 0.022090346
350/351: Matthews 0.38789, Accuracy: 67.36111, Loss: 0.021311520
 
Best Matthews: 0.41630, Best Accuracy: 72.22222, Best Loss: 0.023823172 at epoch 5
Time Elasped: 00:03:41
========= Epoch 13 =========
175/351: Matthews 0.39790, Accuracy: 65.97222, Loss: 0.021855659
350/351: Matthews 0.38789, Accuracy: 67.36111, Loss: 0.021953455
 
Best Matthews: 0.41630, Best Accuracy: 72.22222, Best Loss: 0.023823172 at epoch 5
Time Elasped: 00:03:58
========= Epoch 14 =========
175/351: Matthews 0.41785, Accuracy: 68.05556, Loss: 0.021277055
350/351: Matthews 0.41111, Accuracy: 67.36111, Loss: 0.021376835
 
Best Matthews: 0.41785, Best Accuracy: 68.05556, Best Loss: 0.021277055 at epoch 14
Time Elasped: 00:04:17
========= Epoch 15 =========
175/351: Matthews 0.37243, Accuracy: 63.19444, Loss: 0.021821550
350/351: Matthews 0.37881, Accuracy: 70.83333, Loss: 0.019319985
 
Best Matthews: 0.41785, Best Accuracy: 68.05556, Best Loss: 0.021277055 at epoch 14
Time Elasped: 00:04:35
========= Epoch 16 =========
175/351: Matthews 0.38789, Accuracy: 67.36111, Loss: 0.020519896
350/351: Matthews 0.39478, Accuracy: 68.05556, Loss: 0.020617939
 
Best Matthews: 0.41785, Best Accuracy: 68.05556, Best Loss: 0.021277055 at epoch 14
Time Elasped: 00:04:52
========= Epoch 17 =========
175/351: Matthews 0.39790, Accuracy: 65.97222, Loss: 0.019688086
350/351: Matthews 0.37868, Accuracy: 63.88889, Loss: 0.021446938
 
Best Matthews: 0.41785, Best Accuracy: 68.05556, Best Loss: 0.021277055 at epoch 14
Time Elasped: 00:05:10
========= Epoch 18 =========
175/351: Matthews 0.37901, Accuracy: 68.75000, Loss: 0.019552042
350/351: Matthews 0.37868, Accuracy: 63.88889, Loss: 0.021521688
 
Best Matthews: 0.41785, Best Accuracy: 68.05556, Best Loss: 0.021277055 at epoch 14
Time Elasped: 00:05:27
========= Epoch 19 =========
175/351: Matthews 0.39790, Accuracy: 65.97222, Loss: 0.021322088
350/351: Matthews 0.39478, Accuracy: 68.05556, Loss: 0.020257807
 
Best Matthews: 0.41785, Best Accuracy: 68.05556, Best Loss: 0.021277055 at epoch 14
Time Elasped: 00:05:45
========= Epoch 20 =========
175/351: Matthews 0.40885, Accuracy: 69.44444, Loss: 0.019401867
350/351: Matthews 0.36776, Accuracy: 65.27778, Loss: 0.021216197
 
Best Matthews: 0.41785, Best Accuracy: 68.05556, Best Loss: 0.021277055 at epoch 14
Time Elasped: 00:06:02
========= Epoch 21 =========
175/351: Matthews 0.40446, Accuracy: 66.66667, Loss: 0.020839378
350/351: Matthews 0.41604, Accuracy: 70.13889, Loss: 0.019989226
 
Best Matthews: 0.41785, Best Accuracy: 68.05556, Best Loss: 0.021277055 at epoch 14
Time Elasped: 00:06:20
========= Epoch 22 =========
175/351: Matthews 0.36776, Accuracy: 65.27778, Loss: 0.019790232
350/351: Matthews 0.38110, Accuracy: 66.66667, Loss: 0.018878804
 
Best Matthews: 0.41785, Best Accuracy: 68.05556, Best Loss: 0.021277055 at epoch 14
Time Elasped: 00:06:37
========= Epoch 23 =========
175/351: Matthews 0.41604, Accuracy: 70.13889, Loss: 0.020539727
350/351: Matthews 0.35475, Accuracy: 63.88889, Loss: 0.020192679
 
Best Matthews: 0.41785, Best Accuracy: 68.05556, Best Loss: 0.021277055 at epoch 14
Time Elasped: 00:06:55
========= Epoch 24 =========
175/351: Matthews 0.39478, Accuracy: 68.05556, Loss: 0.022268070
350/351: Matthews 0.40237, Accuracy: 72.91667, Loss: 0.016737282
 
Best Matthews: 0.41785, Best Accuracy: 68.05556, Best Loss: 0.021277055 at epoch 14
Time Elasped: 00:07:12
========= Epoch 25 =========
175/351: Matthews 0.43076, Accuracy: 71.52778, Loss: 0.018638836
350/351: Matthews 0.36122, Accuracy: 64.58333, Loss: 0.018106110
 
Best Matthews: 0.43076, Best Accuracy: 71.52778, Best Loss: 0.018638836 at epoch 25
Time Elasped: 00:07:31
========= Epoch 26 =========
175/351: Matthews 0.40176, Accuracy: 68.75000, Loss: 0.020178409
350/351: Matthews 0.43076, Accuracy: 71.52778, Loss: 0.017906172
 
Best Matthews: 0.43076, Best Accuracy: 71.52778, Best Loss: 0.018638836 at epoch 25
Time Elasped: 00:07:49
========= Epoch 27 =========
175/351: Matthews 0.44598, Accuracy: 72.91667, Loss: 0.017427458
350/351: Matthews 0.38110, Accuracy: 66.66667, Loss: 0.019646502
 
Best Matthews: 0.44598, Best Accuracy: 72.91667, Best Loss: 0.017427458 at epoch 27
Time Elasped: 00:08:08
========= Epoch 28 =========
175/351: Matthews 0.36776, Accuracy: 65.27778, Loss: 0.020588270
350/351: Matthews 0.39438, Accuracy: 72.22222, Loss: 0.017612182
 
Best Matthews: 0.44598, Best Accuracy: 72.91667, Best Loss: 0.017427458 at epoch 27
Time Elasped: 00:08:25
========= Epoch 29 =========
175/351: Matthews 0.36776, Accuracy: 65.27778, Loss: 0.018434597
350/351: Matthews 0.41604, Accuracy: 70.13889, Loss: 0.019038490
 
Best Matthews: 0.44598, Best Accuracy: 72.91667, Best Loss: 0.017427458 at epoch 27
Time Elasped: 00:08:43
========= Epoch 30 =========
175/351: Matthews 0.37868, Accuracy: 63.88889, Loss: 0.017716265
350/351: Matthews 0.42334, Accuracy: 70.83333, Loss: 0.020161475
 
Best Matthews: 0.44598, Best Accuracy: 72.91667, Best Loss: 0.017427458 at epoch 27
Time Elasped: 00:09:00
========= Epoch 31 =========
175/351: Matthews 0.38501, Accuracy: 64.58333, Loss: 0.017812189
350/351: Matthews 0.38110, Accuracy: 66.66667, Loss: 0.019160600
 
Best Matthews: 0.44598, Best Accuracy: 72.91667, Best Loss: 0.017427458 at epoch 27
Time Elasped: 00:09:18
========= Epoch 32 =========
175/351: Matthews 0.45379, Accuracy: 73.61111, Loss: 0.019714948
350/351: Matthews 0.39294, Accuracy: 59.72222, Loss: 0.018985854
 
Best Matthews: 0.45379, Best Accuracy: 73.61111, Best Loss: 0.019714948 at epoch 32
Time Elasped: 00:09:37
========= Epoch 33 =========
175/351: Matthews 0.41604, Accuracy: 70.13889, Loss: 0.020104176
350/351: Matthews 0.37439, Accuracy: 65.97222, Loss: 0.018701696
 
Best Matthews: 0.45379, Best Accuracy: 73.61111, Best Loss: 0.019714948 at epoch 32
Time Elasped: 00:09:54
========= Epoch 34 =========
175/351: Matthews 0.39142, Accuracy: 65.27778, Loss: 0.018038303
350/351: Matthews 0.42334, Accuracy: 70.83333, Loss: 0.018555520
 
Best Matthews: 0.45379, Best Accuracy: 73.61111, Best Loss: 0.019714948 at epoch 32
Time Elasped: 00:10:12
========= Epoch 35 =========
175/351: Matthews 0.44598, Accuracy: 72.91667, Loss: 0.019121880
350/351: Matthews 0.39478, Accuracy: 68.05556, Loss: 0.017015530
 
Best Matthews: 0.45379, Best Accuracy: 73.61111, Best Loss: 0.019714948 at epoch 32
Time Elasped: 00:10:29
========= Epoch 36 =========
175/351: Matthews 0.41604, Accuracy: 70.13889, Loss: 0.017490473
350/351: Matthews 0.39478, Accuracy: 68.05556, Loss: 0.017915027
 
Best Matthews: 0.45379, Best Accuracy: 73.61111, Best Loss: 0.019714948 at epoch 32
Time Elasped: 00:10:47
========= Epoch 37 =========
175/351: Matthews 0.43831, Accuracy: 72.22222, Loss: 0.020226306
350/351: Matthews 0.41604, Accuracy: 70.13889, Loss: 0.016159452
 
Best Matthews: 0.45379, Best Accuracy: 73.61111, Best Loss: 0.019714948 at epoch 32
Time Elasped: 00:11:04
========= Epoch 38 =========
175/351: Matthews 0.40885, Accuracy: 69.44444, Loss: 0.017025044
350/351: Matthews 0.43076, Accuracy: 71.52778, Loss: 0.018884927
 
Best Matthews: 0.45379, Best Accuracy: 73.61111, Best Loss: 0.019714948 at epoch 32
Time Elasped: 00:11:22
========= Epoch 39 =========
175/351: Matthews 0.42334, Accuracy: 70.83333, Loss: 0.016753324
350/351: Matthews 0.37243, Accuracy: 63.19444, Loss: 0.018476344
 
Best Matthews: 0.45379, Best Accuracy: 73.61111, Best Loss: 0.019714948 at epoch 32
Time Elasped: 00:11:39
========= Epoch 40 =========
175/351: Matthews 0.40176, Accuracy: 68.75000, Loss: 0.018502492
350/351: Matthews 0.40176, Accuracy: 68.75000, Loss: 0.018710607
 
Best Matthews: 0.45379, Best Accuracy: 73.61111, Best Loss: 0.019714948 at epoch 32
Time Elasped: 00:11:57
========= Epoch 41 =========
175/351: Matthews 0.39142, Accuracy: 65.27778, Loss: 0.016763349
350/351: Matthews 0.41604, Accuracy: 70.13889, Loss: 0.018887626
 
Best Matthews: 0.45379, Best Accuracy: 73.61111, Best Loss: 0.019714948 at epoch 32
Time Elasped: 00:12:14
========= Epoch 42 =========
175/351: Matthews 0.44598, Accuracy: 72.91667, Loss: 0.018080284
350/351: Matthews 0.39478, Accuracy: 68.05556, Loss: 0.017655472
 
Best Matthews: 0.45379, Best Accuracy: 73.61111, Best Loss: 0.019714948 at epoch 32
Time Elasped: 00:12:32
========= Epoch 43 =========
175/351: Matthews 0.39478, Accuracy: 68.05556, Loss: 0.019418197
350/351: Matthews 0.37868, Accuracy: 63.88889, Loss: 0.018068963
 
Best Matthews: 0.45379, Best Accuracy: 73.61111, Best Loss: 0.019714948 at epoch 32
Time Elasped: 00:12:49
========= Epoch 44 =========
175/351: Matthews 0.42334, Accuracy: 70.83333, Loss: 0.018615733
350/351: Matthews 0.40885, Accuracy: 69.44444, Loss: 0.016812945
 
Best Matthews: 0.45379, Best Accuracy: 73.61111, Best Loss: 0.019714948 at epoch 32
Time Elasped: 00:13:07
========= Epoch 45 =========
175/351: Matthews 0.39478, Accuracy: 68.05556, Loss: 0.018379450
350/351: Matthews 0.39294, Accuracy: 59.72222, Loss: 0.019379324
 
Best Matthews: 0.45379, Best Accuracy: 73.61111, Best Loss: 0.019714948 at epoch 32
Time Elasped: 00:13:25
========= Epoch 46 =========
175/351: Matthews 0.39478, Accuracy: 68.05556, Loss: 0.017934602
350/351: Matthews 0.35475, Accuracy: 63.88889, Loss: 0.018957208
 
Best Matthews: 0.45379, Best Accuracy: 73.61111, Best Loss: 0.019714948 at epoch 32
Time Elasped: 00:13:42
========= Epoch 47 =========
175/351: Matthews 0.36776, Accuracy: 65.27778, Loss: 0.020877641
350/351: Matthews 0.40176, Accuracy: 68.75000, Loss: 0.017719515
 
Best Matthews: 0.45379, Best Accuracy: 73.61111, Best Loss: 0.019714948 at epoch 32
Time Elasped: 00:14:00
========= Epoch 48 =========
175/351: Matthews 0.39478, Accuracy: 68.05556, Loss: 0.018514083
350/351: Matthews 0.35475, Accuracy: 63.88889, Loss: 0.020393322
 
Best Matthews: 0.45379, Best Accuracy: 73.61111, Best Loss: 0.019714948 at epoch 32
Time Elasped: 00:14:17
========= Epoch 49 =========
175/351: Matthews 0.39478, Accuracy: 68.05556, Loss: 0.018885771
350/351: Matthews 0.39478, Accuracy: 68.05556, Loss: 0.020907053
 
Best Matthews: 0.45379, Best Accuracy: 73.61111, Best Loss: 0.019714948 at epoch 32
Time Elasped: 00:14:35
========= Epoch 50 =========
175/351: Matthews 0.38501, Accuracy: 64.58333, Loss: 0.018850505
350/351: Matthews 0.44598, Accuracy: 72.91667, Loss: 0.019973281
 
Best Matthews: 0.45379, Best Accuracy: 73.61111, Best Loss: 0.019714948 at epoch 32
Time Elasped: 00:14:52
========= Epoch 51 =========
175/351: Matthews 0.44598, Accuracy: 72.91667, Loss: 0.018113719
350/351: Matthews 0.43076, Accuracy: 71.52778, Loss: 0.018437372
 
Best Matthews: 0.45379, Best Accuracy: 73.61111, Best Loss: 0.019714948 at epoch 32
Time Elasped: 00:15:10
========= Epoch 52 =========
175/351: Matthews 0.36776, Accuracy: 65.27778, Loss: 0.019505194
350/351: Matthews 0.39478, Accuracy: 68.05556, Loss: 0.017511202
 
Best Matthews: 0.45379, Best Accuracy: 73.61111, Best Loss: 0.019714948 at epoch 32
Time Elasped: 00:15:27
========= Epoch 53 =========
Early Stopping activated
 
Best Matthews: 0.45379, Best Accuracy: 73.61111, Best Loss: 0.019714948 at epoch 32
Time Elasped: 00:15:38
Test Set:
0/0: Matthews 0.46015, Accuracy: 79.95781, Loss: 0.019829271
