Namespace(batch_size=32, buffer_size=1, by_source=False, crop_pad_length=30, data='./acceptability_corpus/verb_classes_cola/inchoative', data_type='discriminator', dropout=0.2, embedding='glove.6B.300d', embedding_path='/scratch/asw462/models/elmo_encoder/elmo.emb', embedding_size=217, encoder_num_layers=2, encoder_path='/scratch/asw462/models/elmo_encoder/elmo.pth', encoding_size=528, encoding_type='lstm_pooling_classifier', epochs=1000, evaluate_train=False, experiment_name='experiment_linear_classifier_h_169_l_1_lr_0.0001_e_217_do_0.2', glove=False, gpu=True, hidden_size=169, imbalance=True, learning_rate=5e-05, lm_path=None, logs_dir='/scratch/asw462/logs/verb_classes_cola/inchoative', max_pool=False, model='linear_classifier', num_layers=1, output_dir='/scratch/asw462/logs/verb_classes_cola/outputs/inchoative', patience=20, preprocess_tokenizer='space', prints_per_stage=1, resume=True, resume_file=None, save_loc='/scratch/asw462/models/verb_classes_cola/inchoative', seed=1111, should_not_log=False, should_not_lowercase=False, should_not_preprocess_data=False, stages_per_epoch=2, train_embeddings=False, train_evaluate_interval=10, vocab_file='/scratch/asw462/data/vocab_100k.tsv')
======== General =======
Model: linear_classifier
GPU: True
Experiment Name: experiment_linear_classifier_h_169_l_1_lr_0.0001_e_217_do_0.2
Save location: /scratch/asw462/models/verb_classes_cola/inchoative
Logs dir: /scratch/asw462/logs/verb_classes_cola/inchoative
Timestamp: 2018/08/02 04:54:47
 
======== Data =======
Training set: 11207 examples
Validation set: 144 examples
Test set: 474 examples
 
======= Parameters =======
Learning Rate: 0.000050
Batch Size: 32
Epochs: 1000
Patience: 20
Stages per Epoch: 2
Embedding: 100004 x 217
Number of layers: 1
Hidden Size: 169
Encoder Size: 528
Resume: True
 
======= Model =======
LinearClassifierWithEncoder(
  (model): LinearClassifier(
    (dropout): Dropout(p=0.2)
    (enc2h): Linear(in_features=1056, out_features=169, bias=True)
    (h20): Linear(in_features=169, out_features=1, bias=True)
    (sigmoid): Sigmoid()
    (tanh): Tanh()
    (softmax): Softmax()
  )
  (encoder): LSTMPoolingClassifierWithELMo(
    (elmo): ELMOClassifier(
      (lm): LSTMLanguageModel(
        (dropout): Dropout(p=0.2)
        (embedding): Embedding(100003, 217)
        (lstm): LSTM(217, 891, num_layers=2, dropout=0.2)
        (fc): Linear(in_features=891, out_features=100003, bias=True)
      )
      (lstms): ModuleList(
        (0): LSTM(217, 891, batch_first=True)
        (1): LSTM(891, 891, batch_first=True)
      )
      (dropout): Dropout(p=0.2)
      (linear_comb): Linear(in_features=2, out_features=1, bias=True)
      (fc1): Linear(in_features=891, out_features=528, bias=True)
      (relu): ReLU()
      (out): Linear(in_features=528, out_features=1, bias=True)
      (sigmoid): Sigmoid()
    )
    (pooling_classifier): LSTMPoolingClassifier(
      (ih2h): LSTM(891, 528, num_layers=3, batch_first=True, dropout=0.2, bidirectional=True)
      (pool2o): Linear(in_features=1056, out_features=1, bias=True)
      (sigmoid): Sigmoid()
      (softmax): Softmax()
      (dropout): Dropout(p=0.2)
    )
  )
)
 
========= Epoch 1 =========
175/351: Matthews 0.36084, Accuracy: 76.38889, Loss: 0.024189982
350/351: Matthews 0.36734, Accuracy: 73.61111, Loss: 0.025628098
 
Best Matthews: 0.36734, Best Accuracy: 73.61111, Best Loss: 0.025628098 at epoch 1
Time Elasped: 00:00:26
========= Epoch 2 =========
175/351: Matthews 0.36734, Accuracy: 73.61111, Loss: 0.025518692
350/351: Matthews 0.33493, Accuracy: 66.66667, Loss: 0.026596170
 
Best Matthews: 0.36734, Best Accuracy: 73.61111, Best Loss: 0.025628098 at epoch 1
Time Elasped: 00:00:44
========= Epoch 3 =========
175/351: Matthews 0.32663, Accuracy: 70.13889, Loss: 0.027132721
350/351: Matthews 0.35889, Accuracy: 72.91667, Loss: 0.025971919
 
Best Matthews: 0.36734, Best Accuracy: 73.61111, Best Loss: 0.025628098 at epoch 1
Time Elasped: 00:01:02
========= Epoch 4 =========
175/351: Matthews 0.36486, Accuracy: 67.36111, Loss: 0.026744809
350/351: Matthews 0.36486, Accuracy: 67.36111, Loss: 0.026158863
 
Best Matthews: 0.36734, Best Accuracy: 73.61111, Best Loss: 0.025628098 at epoch 1
Time Elasped: 00:01:20
========= Epoch 5 =========
175/351: Matthews 0.39357, Accuracy: 70.13889, Loss: 0.026297836
350/351: Matthews 0.35793, Accuracy: 66.66667, Loss: 0.024412703
 
Best Matthews: 0.39357, Best Accuracy: 70.13889, Best Loss: 0.026297836 at epoch 5
Time Elasped: 00:01:40
========= Epoch 6 =========
175/351: Matthews 0.33574, Accuracy: 61.80556, Loss: 0.025468287
350/351: Matthews 0.36486, Accuracy: 67.36111, Loss: 0.023662451
 
Best Matthews: 0.39357, Best Accuracy: 70.13889, Best Loss: 0.026297836 at epoch 5
Time Elasped: 00:01:58
========= Epoch 7 =========
175/351: Matthews 0.37189, Accuracy: 68.05556, Loss: 0.022971931
350/351: Matthews 0.38789, Accuracy: 67.36111, Loss: 0.022612891
 
Best Matthews: 0.39357, Best Accuracy: 70.13889, Best Loss: 0.026297836 at epoch 5
Time Elasped: 00:02:16
========= Epoch 8 =========
175/351: Matthews 0.41111, Accuracy: 67.36111, Loss: 0.024516839
350/351: Matthews 0.37868, Accuracy: 63.88889, Loss: 0.021653169
 
Best Matthews: 0.41111, Best Accuracy: 67.36111, Best Loss: 0.024516839 at epoch 8
Time Elasped: 00:02:35
========= Epoch 9 =========
175/351: Matthews 0.38789, Accuracy: 67.36111, Loss: 0.022418221
350/351: Matthews 0.38789, Accuracy: 67.36111, Loss: 0.022495089
 
Best Matthews: 0.41111, Best Accuracy: 67.36111, Best Loss: 0.024516839 at epoch 8
Time Elasped: 00:02:53
========= Epoch 10 =========
175/351: Matthews 0.36486, Accuracy: 67.36111, Loss: 0.022687809
350/351: Matthews 0.41785, Accuracy: 68.05556, Loss: 0.020404134
 
Best Matthews: 0.41785, Best Accuracy: 68.05556, Best Loss: 0.020404134 at epoch 10
Time Elasped: 00:03:13
========= Epoch 11 =========
175/351: Matthews 0.39142, Accuracy: 65.27778, Loss: 0.023349871
350/351: Matthews 0.38789, Accuracy: 67.36111, Loss: 0.021868747
 
Best Matthews: 0.41785, Best Accuracy: 68.05556, Best Loss: 0.020404134 at epoch 10
Time Elasped: 00:03:31
========= Epoch 12 =========
175/351: Matthews 0.37901, Accuracy: 68.75000, Loss: 0.022574041
350/351: Matthews 0.38789, Accuracy: 67.36111, Loss: 0.022420118
 
Best Matthews: 0.41785, Best Accuracy: 68.05556, Best Loss: 0.020404134 at epoch 10
Time Elasped: 00:03:49
========= Epoch 13 =========
175/351: Matthews 0.40176, Accuracy: 68.75000, Loss: 0.019966543
350/351: Matthews 0.41111, Accuracy: 67.36111, Loss: 0.021745937
 
Best Matthews: 0.41785, Best Accuracy: 68.05556, Best Loss: 0.020404134 at epoch 10
Time Elasped: 00:04:07
========= Epoch 14 =========
175/351: Matthews 0.40176, Accuracy: 68.75000, Loss: 0.019283839
350/351: Matthews 0.39478, Accuracy: 68.05556, Loss: 0.021069162
 
Best Matthews: 0.41785, Best Accuracy: 68.05556, Best Loss: 0.020404134 at epoch 10
Time Elasped: 00:04:24
========= Epoch 15 =========
175/351: Matthews 0.38501, Accuracy: 64.58333, Loss: 0.022013267
350/351: Matthews 0.39478, Accuracy: 68.05556, Loss: 0.020470122
 
Best Matthews: 0.41785, Best Accuracy: 68.05556, Best Loss: 0.020404134 at epoch 10
Time Elasped: 00:04:42
========= Epoch 16 =========
175/351: Matthews 0.37901, Accuracy: 68.75000, Loss: 0.020210834
350/351: Matthews 0.37868, Accuracy: 63.88889, Loss: 0.021509084
 
Best Matthews: 0.41785, Best Accuracy: 68.05556, Best Loss: 0.020404134 at epoch 10
Time Elasped: 00:05:00
========= Epoch 17 =========
175/351: Matthews 0.42469, Accuracy: 68.75000, Loss: 0.023012794
350/351: Matthews 0.40885, Accuracy: 69.44444, Loss: 0.022033960
 
Best Matthews: 0.42469, Best Accuracy: 68.75000, Best Loss: 0.023012794 at epoch 17
Time Elasped: 00:05:20
========= Epoch 18 =========
175/351: Matthews 0.39142, Accuracy: 65.27778, Loss: 0.023461307
350/351: Matthews 0.35404, Accuracy: 61.11111, Loss: 0.021072997
 
Best Matthews: 0.42469, Best Accuracy: 68.75000, Best Loss: 0.023012794 at epoch 17
Time Elasped: 00:05:38
========= Epoch 19 =========
175/351: Matthews 0.37439, Accuracy: 65.97222, Loss: 0.021008503
350/351: Matthews 0.39142, Accuracy: 65.27778, Loss: 0.020559665
 
Best Matthews: 0.42469, Best Accuracy: 68.75000, Best Loss: 0.023012794 at epoch 17
Time Elasped: 00:05:56
========= Epoch 20 =========
175/351: Matthews 0.39357, Accuracy: 70.13889, Loss: 0.020304067
350/351: Matthews 0.40446, Accuracy: 66.66667, Loss: 0.021838960
 
Best Matthews: 0.42469, Best Accuracy: 68.75000, Best Loss: 0.023012794 at epoch 17
Time Elasped: 00:06:14
========= Epoch 21 =========
175/351: Matthews 0.40885, Accuracy: 69.44444, Loss: 0.019682745
350/351: Matthews 0.39478, Accuracy: 68.05556, Loss: 0.021548160
 
Best Matthews: 0.42469, Best Accuracy: 68.75000, Best Loss: 0.023012794 at epoch 17
Time Elasped: 00:06:32
========= Epoch 22 =========
175/351: Matthews 0.41604, Accuracy: 70.13889, Loss: 0.021129845
350/351: Matthews 0.38789, Accuracy: 67.36111, Loss: 0.021812176
 
Best Matthews: 0.42469, Best Accuracy: 68.75000, Best Loss: 0.023012794 at epoch 17
Time Elasped: 00:06:50
========= Epoch 23 =========
175/351: Matthews 0.37243, Accuracy: 63.19444, Loss: 0.023207843
350/351: Matthews 0.43831, Accuracy: 72.22222, Loss: 0.020662415
 
Best Matthews: 0.43831, Best Accuracy: 72.22222, Best Loss: 0.020662415 at epoch 23
Time Elasped: 00:07:09
========= Epoch 24 =========
175/351: Matthews 0.41604, Accuracy: 70.13889, Loss: 0.020100281
350/351: Matthews 0.41051, Accuracy: 73.61111, Loss: 0.019275349
 
Best Matthews: 0.43831, Best Accuracy: 72.22222, Best Loss: 0.020662415 at epoch 23
Time Elasped: 00:07:27
========= Epoch 25 =========
175/351: Matthews 0.43076, Accuracy: 71.52778, Loss: 0.018543051
350/351: Matthews 0.40885, Accuracy: 69.44444, Loss: 0.021131078
 
Best Matthews: 0.43831, Best Accuracy: 72.22222, Best Loss: 0.020662415 at epoch 23
Time Elasped: 00:07:45
========= Epoch 26 =========
175/351: Matthews 0.40176, Accuracy: 68.75000, Loss: 0.021499614
350/351: Matthews 0.43591, Accuracy: 75.69444, Loss: 0.021175843
 
Best Matthews: 0.43831, Best Accuracy: 72.22222, Best Loss: 0.020662415 at epoch 23
Time Elasped: 00:08:03
========= Epoch 27 =========
175/351: Matthews 0.39478, Accuracy: 68.05556, Loss: 0.019858932
350/351: Matthews 0.39790, Accuracy: 65.97222, Loss: 0.019772409
 
Best Matthews: 0.43831, Best Accuracy: 72.22222, Best Loss: 0.020662415 at epoch 23
Time Elasped: 00:08:21
========= Epoch 28 =========
175/351: Matthews 0.45698, Accuracy: 75.69444, Loss: 0.020563596
350/351: Matthews 0.40176, Accuracy: 68.75000, Loss: 0.020506420
 
Best Matthews: 0.45698, Best Accuracy: 75.69444, Best Loss: 0.020563596 at epoch 28
Time Elasped: 00:08:41
========= Epoch 29 =========
175/351: Matthews 0.42334, Accuracy: 70.83333, Loss: 0.020386024
350/351: Matthews 0.45379, Accuracy: 73.61111, Loss: 0.020199484
 
Best Matthews: 0.45698, Best Accuracy: 75.69444, Best Loss: 0.020563596 at epoch 28
Time Elasped: 00:08:59
========= Epoch 30 =========
175/351: Matthews 0.41785, Accuracy: 68.05556, Loss: 0.020715682
350/351: Matthews 0.42334, Accuracy: 70.83333, Loss: 0.019915069
 
Best Matthews: 0.45698, Best Accuracy: 75.69444, Best Loss: 0.020563596 at epoch 28
Time Elasped: 00:09:17
========= Epoch 31 =========
175/351: Matthews 0.41111, Accuracy: 67.36111, Loss: 0.021690658
350/351: Matthews 0.39478, Accuracy: 68.05556, Loss: 0.019301906
 
Best Matthews: 0.45698, Best Accuracy: 75.69444, Best Loss: 0.020563596 at epoch 28
Time Elasped: 00:09:35
========= Epoch 32 =========
175/351: Matthews 0.40176, Accuracy: 68.75000, Loss: 0.020925298
350/351: Matthews 0.38501, Accuracy: 64.58333, Loss: 0.020333467
 
Best Matthews: 0.45698, Best Accuracy: 75.69444, Best Loss: 0.020563596 at epoch 28
Time Elasped: 00:09:53
========= Epoch 33 =========
175/351: Matthews 0.41604, Accuracy: 70.13889, Loss: 0.020338789
350/351: Matthews 0.39478, Accuracy: 68.05556, Loss: 0.019123327
 
Best Matthews: 0.45698, Best Accuracy: 75.69444, Best Loss: 0.020563596 at epoch 28
Time Elasped: 00:10:10
========= Epoch 34 =========
175/351: Matthews 0.47811, Accuracy: 75.69444, Loss: 0.019382556
350/351: Matthews 0.39478, Accuracy: 68.05556, Loss: 0.019438436
 
Best Matthews: 0.47811, Best Accuracy: 75.69444, Best Loss: 0.019382556 at epoch 34
Time Elasped: 00:10:30
========= Epoch 35 =========
175/351: Matthews 0.46175, Accuracy: 74.30556, Loss: 0.018173165
350/351: Matthews 0.45379, Accuracy: 73.61111, Loss: 0.017973228
 
Best Matthews: 0.47811, Best Accuracy: 75.69444, Best Loss: 0.019382556 at epoch 34
Time Elasped: 00:10:48
========= Epoch 36 =========
175/351: Matthews 0.44598, Accuracy: 72.91667, Loss: 0.020401316
350/351: Matthews 0.40885, Accuracy: 69.44444, Loss: 0.019143326
 
Best Matthews: 0.47811, Best Accuracy: 75.69444, Best Loss: 0.019382556 at epoch 34
Time Elasped: 00:11:06
========= Epoch 37 =========
175/351: Matthews 0.39478, Accuracy: 68.05556, Loss: 0.018419656
350/351: Matthews 0.47811, Accuracy: 75.69444, Loss: 0.020198054
 
Best Matthews: 0.47811, Best Accuracy: 75.69444, Best Loss: 0.019382556 at epoch 34
Time Elasped: 00:11:24
========= Epoch 38 =========
175/351: Matthews 0.39478, Accuracy: 68.05556, Loss: 0.020377714
350/351: Matthews 0.45379, Accuracy: 73.61111, Loss: 0.019353353
 
Best Matthews: 0.47811, Best Accuracy: 75.69444, Best Loss: 0.019382556 at epoch 34
Time Elasped: 00:11:42
========= Epoch 39 =========
175/351: Matthews 0.38789, Accuracy: 67.36111, Loss: 0.018556913
350/351: Matthews 0.46175, Accuracy: 74.30556, Loss: 0.018149429
 
Best Matthews: 0.47811, Best Accuracy: 75.69444, Best Loss: 0.019382556 at epoch 34
Time Elasped: 00:12:00
========= Epoch 40 =========
175/351: Matthews 0.38110, Accuracy: 66.66667, Loss: 0.019943471
350/351: Matthews 0.39478, Accuracy: 68.05556, Loss: 0.020221440
 
Best Matthews: 0.47811, Best Accuracy: 75.69444, Best Loss: 0.019382556 at epoch 34
Time Elasped: 00:12:18
========= Epoch 41 =========
175/351: Matthews 0.40446, Accuracy: 66.66667, Loss: 0.019425642
350/351: Matthews 0.37439, Accuracy: 65.97222, Loss: 0.019605676
 
Best Matthews: 0.47811, Best Accuracy: 75.69444, Best Loss: 0.019382556 at epoch 34
Time Elasped: 00:12:36
========= Epoch 42 =========
175/351: Matthews 0.38110, Accuracy: 66.66667, Loss: 0.021695604
350/351: Matthews 0.39478, Accuracy: 68.05556, Loss: 0.019448958
 
Best Matthews: 0.47811, Best Accuracy: 75.69444, Best Loss: 0.019382556 at epoch 34
Time Elasped: 00:12:54
========= Epoch 43 =========
175/351: Matthews 0.40176, Accuracy: 68.75000, Loss: 0.018099318
350/351: Matthews 0.39478, Accuracy: 68.05556, Loss: 0.017366633
 
Best Matthews: 0.47811, Best Accuracy: 75.69444, Best Loss: 0.019382556 at epoch 34
Time Elasped: 00:13:11
========= Epoch 44 =========
175/351: Matthews 0.49515, Accuracy: 77.08333, Loss: 0.018626892
350/351: Matthews 0.38789, Accuracy: 67.36111, Loss: 0.019420313
 
Best Matthews: 0.49515, Best Accuracy: 77.08333, Best Loss: 0.018626892 at epoch 44
Time Elasped: 00:13:31
========= Epoch 45 =========
175/351: Matthews 0.42334, Accuracy: 70.83333, Loss: 0.020026028
350/351: Matthews 0.45379, Accuracy: 73.61111, Loss: 0.017044082
 
Best Matthews: 0.49515, Best Accuracy: 77.08333, Best Loss: 0.018626892 at epoch 44
Time Elasped: 00:13:49
========= Epoch 46 =========
175/351: Matthews 0.39478, Accuracy: 68.05556, Loss: 0.018790007
350/351: Matthews 0.37439, Accuracy: 65.97222, Loss: 0.019753647
 
Best Matthews: 0.49515, Best Accuracy: 77.08333, Best Loss: 0.018626892 at epoch 44
Time Elasped: 00:14:07
========= Epoch 47 =========
175/351: Matthews 0.45379, Accuracy: 73.61111, Loss: 0.017048173
350/351: Matthews 0.43076, Accuracy: 71.52778, Loss: 0.020606809
 
Best Matthews: 0.49515, Best Accuracy: 77.08333, Best Loss: 0.018626892 at epoch 44
Time Elasped: 00:14:25
========= Epoch 48 =========
175/351: Matthews 0.40176, Accuracy: 68.75000, Loss: 0.018528208
350/351: Matthews 0.40176, Accuracy: 68.75000, Loss: 0.018242011
 
Best Matthews: 0.49515, Best Accuracy: 77.08333, Best Loss: 0.018626892 at epoch 44
Time Elasped: 00:14:43
========= Epoch 49 =========
175/351: Matthews 0.40176, Accuracy: 68.75000, Loss: 0.019433176
350/351: Matthews 0.43076, Accuracy: 71.52778, Loss: 0.018728389
 
Best Matthews: 0.49515, Best Accuracy: 77.08333, Best Loss: 0.018626892 at epoch 44
Time Elasped: 00:15:01
========= Epoch 50 =========
175/351: Matthews 0.41604, Accuracy: 70.13889, Loss: 0.017650518
350/351: Matthews 0.38110, Accuracy: 66.66667, Loss: 0.018689205
 
Best Matthews: 0.49515, Best Accuracy: 77.08333, Best Loss: 0.018626892 at epoch 44
Time Elasped: 00:15:19
========= Epoch 51 =========
175/351: Matthews 0.39478, Accuracy: 68.05556, Loss: 0.019305865
350/351: Matthews 0.43076, Accuracy: 71.52778, Loss: 0.017813393
 
Best Matthews: 0.49515, Best Accuracy: 77.08333, Best Loss: 0.018626892 at epoch 44
Time Elasped: 00:15:37
========= Epoch 52 =========
175/351: Matthews 0.43831, Accuracy: 72.22222, Loss: 0.018463627
350/351: Matthews 0.37439, Accuracy: 65.97222, Loss: 0.018167338
 
Best Matthews: 0.49515, Best Accuracy: 77.08333, Best Loss: 0.018626892 at epoch 44
Time Elasped: 00:15:54
========= Epoch 53 =========
175/351: Matthews 0.50394, Accuracy: 77.77778, Loss: 0.020598407
350/351: Matthews 0.43076, Accuracy: 71.52778, Loss: 0.017707750
 
Best Matthews: 0.50394, Best Accuracy: 77.77778, Best Loss: 0.020598407 at epoch 53
Time Elasped: 00:16:14
========= Epoch 54 =========
175/351: Matthews 0.48655, Accuracy: 76.38889, Loss: 0.021396044
350/351: Matthews 0.42334, Accuracy: 70.83333, Loss: 0.018991709
 
Best Matthews: 0.50394, Best Accuracy: 77.77778, Best Loss: 0.020598407 at epoch 53
Time Elasped: 00:16:32
========= Epoch 55 =========
175/351: Matthews 0.47811, Accuracy: 75.69444, Loss: 0.020119117
350/351: Matthews 0.40885, Accuracy: 69.44444, Loss: 0.020659639
 
Best Matthews: 0.50394, Best Accuracy: 77.77778, Best Loss: 0.020598407 at epoch 53
Time Elasped: 00:16:50
========= Epoch 56 =========
175/351: Matthews 0.39478, Accuracy: 68.05556, Loss: 0.019727710
350/351: Matthews 0.36776, Accuracy: 65.27778, Loss: 0.019357499
 
Best Matthews: 0.50394, Best Accuracy: 77.77778, Best Loss: 0.020598407 at epoch 53
Time Elasped: 00:17:08
========= Epoch 57 =========
175/351: Matthews 0.39478, Accuracy: 68.05556, Loss: 0.018460002
350/351: Matthews 0.38789, Accuracy: 67.36111, Loss: 0.019822843
 
Best Matthews: 0.50394, Best Accuracy: 77.77778, Best Loss: 0.020598407 at epoch 53
Time Elasped: 00:17:26
========= Epoch 58 =========
175/351: Matthews 0.39478, Accuracy: 68.05556, Loss: 0.019004504
350/351: Matthews 0.35475, Accuracy: 63.88889, Loss: 0.019705221
 
Best Matthews: 0.50394, Best Accuracy: 77.77778, Best Loss: 0.020598407 at epoch 53
Time Elasped: 00:17:44
========= Epoch 59 =========
175/351: Matthews 0.40885, Accuracy: 69.44444, Loss: 0.019454867
350/351: Matthews 0.46175, Accuracy: 74.30556, Loss: 0.017822759
 
Best Matthews: 0.50394, Best Accuracy: 77.77778, Best Loss: 0.020598407 at epoch 53
Time Elasped: 00:18:02
========= Epoch 60 =========
175/351: Matthews 0.39478, Accuracy: 68.05556, Loss: 0.018752095
350/351: Matthews 0.39478, Accuracy: 68.05556, Loss: 0.018061707
 
Best Matthews: 0.50394, Best Accuracy: 77.77778, Best Loss: 0.020598407 at epoch 53
Time Elasped: 00:18:20
========= Epoch 61 =========
175/351: Matthews 0.43076, Accuracy: 71.52778, Loss: 0.020940850
350/351: Matthews 0.39478, Accuracy: 68.05556, Loss: 0.017122350
 
Best Matthews: 0.50394, Best Accuracy: 77.77778, Best Loss: 0.020598407 at epoch 53
Time Elasped: 00:18:38
========= Epoch 62 =========
175/351: Matthews 0.41604, Accuracy: 70.13889, Loss: 0.017884225
350/351: Matthews 0.42334, Accuracy: 70.83333, Loss: 0.019911526
 
Best Matthews: 0.50394, Best Accuracy: 77.77778, Best Loss: 0.020598407 at epoch 53
Time Elasped: 00:18:56
========= Epoch 63 =========
175/351: Matthews 0.39478, Accuracy: 68.05556, Loss: 0.019438283
350/351: Matthews 0.40885, Accuracy: 69.44444, Loss: 0.018209015
 
Best Matthews: 0.50394, Best Accuracy: 77.77778, Best Loss: 0.020598407 at epoch 53
Time Elasped: 00:19:14
========= Epoch 64 =========
175/351: Matthews 0.38789, Accuracy: 67.36111, Loss: 0.019908465
350/351: Matthews 0.41604, Accuracy: 70.13889, Loss: 0.018049373
 
Best Matthews: 0.50394, Best Accuracy: 77.77778, Best Loss: 0.020598407 at epoch 53
Time Elasped: 00:19:32
========= Epoch 65 =========
175/351: Matthews 0.45379, Accuracy: 73.61111, Loss: 0.019020475
350/351: Matthews 0.39478, Accuracy: 68.05556, Loss: 0.019040677
 
Best Matthews: 0.50394, Best Accuracy: 77.77778, Best Loss: 0.020598407 at epoch 53
Time Elasped: 00:19:50
========= Epoch 66 =========
175/351: Matthews 0.46175, Accuracy: 74.30556, Loss: 0.018085768
350/351: Matthews 0.40176, Accuracy: 68.75000, Loss: 0.019462287
 
Best Matthews: 0.50394, Best Accuracy: 77.77778, Best Loss: 0.020598407 at epoch 53
Time Elasped: 00:20:08
========= Epoch 67 =========
175/351: Matthews 0.37868, Accuracy: 63.88889, Loss: 0.018766575
350/351: Matthews 0.42334, Accuracy: 70.83333, Loss: 0.018623355
 
Best Matthews: 0.50394, Best Accuracy: 77.77778, Best Loss: 0.020598407 at epoch 53
Time Elasped: 00:20:25
========= Epoch 68 =========
175/351: Matthews 0.39478, Accuracy: 68.05556, Loss: 0.018378390
350/351: Matthews 0.45379, Accuracy: 73.61111, Loss: 0.018636849
 
Best Matthews: 0.50394, Best Accuracy: 77.77778, Best Loss: 0.020598407 at epoch 53
Time Elasped: 00:20:43
========= Epoch 69 =========
175/351: Matthews 0.43831, Accuracy: 72.22222, Loss: 0.016782820
350/351: Matthews 0.34835, Accuracy: 63.19444, Loss: 0.018509391
 
Best Matthews: 0.50394, Best Accuracy: 77.77778, Best Loss: 0.020598407 at epoch 53
Time Elasped: 00:21:01
========= Epoch 70 =========
175/351: Matthews 0.40176, Accuracy: 68.75000, Loss: 0.019548683
350/351: Matthews 0.39478, Accuracy: 68.05556, Loss: 0.017901305
 
Best Matthews: 0.50394, Best Accuracy: 77.77778, Best Loss: 0.020598407 at epoch 53
Time Elasped: 00:21:19
========= Epoch 71 =========
175/351: Matthews 0.41604, Accuracy: 70.13889, Loss: 0.017666330
350/351: Matthews 0.43076, Accuracy: 71.52778, Loss: 0.018655431
 
Best Matthews: 0.50394, Best Accuracy: 77.77778, Best Loss: 0.020598407 at epoch 53
Time Elasped: 00:21:37
========= Epoch 72 =========
175/351: Matthews 0.37243, Accuracy: 63.19444, Loss: 0.018126736
350/351: Matthews 0.41604, Accuracy: 70.13889, Loss: 0.019473761
 
Best Matthews: 0.50394, Best Accuracy: 77.77778, Best Loss: 0.020598407 at epoch 53
Time Elasped: 00:21:55
========= Epoch 73 =========
175/351: Matthews 0.36776, Accuracy: 65.27778, Loss: 0.019174869
350/351: Matthews 0.42334, Accuracy: 70.83333, Loss: 0.018819107
 
Best Matthews: 0.50394, Best Accuracy: 77.77778, Best Loss: 0.020598407 at epoch 53
Time Elasped: 00:22:13
========= Epoch 74 =========
Early Stopping activated
 
Best Matthews: 0.50394, Best Accuracy: 77.77778, Best Loss: 0.020598407 at epoch 53
Time Elasped: 00:22:24
Test Set:
0/0: Matthews 0.46473, Accuracy: 81.22363, Loss: 0.020825424
