Namespace(batch_size=32, buffer_size=1, by_source=False, crop_pad_length=30, data='./acceptability_corpus/verb_classes/there', data_type='discriminator', dropout=0.5, embedding='glove.6B.300d', embedding_path='/scratch/asw462/models/elmo_encoder/elmo.emb', embedding_size=217, encoder_num_layers=2, encoder_path='/scratch/asw462/models/elmo_encoder/elmo.pth', encoding_size=528, encoding_type='lstm_pooling_classifier', epochs=1000, evaluate_train=False, experiment_name='experiment_linear_classifier_h_78_l_4_lr_0.0000_e_217_do_0.5', glove=False, gpu=True, hidden_size=78, imbalance=True, learning_rate=3e-05, lm_path=None, logs_dir='/scratch/asw462/logs/verb_classes/there', max_pool=False, model='linear_classifier', num_layers=4, output_dir='/scratch/asw462/logs/verb_classes/outputs/there', patience=20, preprocess_tokenizer='space', prints_per_stage=1, resume=True, resume_file=None, save_loc='/scratch/asw462/models/verb_classes/there', seed=1111, should_not_log=False, should_not_lowercase=False, should_not_preprocess_data=False, stages_per_epoch=2, train_embeddings=False, train_evaluate_interval=10, vocab_file='/scratch/asw462/data/vocab_100k.tsv')
======== General =======
Model: linear_classifier
GPU: True
Experiment Name: experiment_linear_classifier_h_78_l_4_lr_0.0000_e_217_do_0.5
Save location: /scratch/asw462/models/verb_classes/there
Logs dir: /scratch/asw462/logs/verb_classes/there
Timestamp: 2018/08/01 20:04:32
 
======== Data =======
Training set: 946 examples
Validation set: 192 examples
Test set: 680 examples
 
======= Parameters =======
Learning Rate: 0.000030
Batch Size: 32
Epochs: 1000
Patience: 20
Stages per Epoch: 2
Embedding: 100004 x 217
Number of layers: 4
Hidden Size: 78
Encoder Size: 528
Resume: True
 
======= Model =======
LinearClassifierWithEncoder(
  (model): LinearClassifier(
    (dropout): Dropout(p=0.5)
    (enc2h): Linear(in_features=1056, out_features=78, bias=True)
    (h20): Linear(in_features=78, out_features=1, bias=True)
    (sigmoid): Sigmoid()
    (tanh): Tanh()
    (softmax): Softmax()
  )
  (encoder): LSTMPoolingClassifierWithELMo(
    (elmo): ELMOClassifier(
      (lm): LSTMLanguageModel(
        (dropout): Dropout(p=0.2)
        (embedding): Embedding(100003, 217)
        (lstm): LSTM(217, 891, num_layers=2, dropout=0.2)
        (fc): Linear(in_features=891, out_features=100003, bias=True)
      )
      (lstms): ModuleList(
        (0): LSTM(217, 891, batch_first=True)
        (1): LSTM(891, 891, batch_first=True)
      )
      (dropout): Dropout(p=0.2)
      (linear_comb): Linear(in_features=2, out_features=1, bias=True)
      (fc1): Linear(in_features=891, out_features=528, bias=True)
      (relu): ReLU()
      (out): Linear(in_features=528, out_features=1, bias=True)
      (sigmoid): Sigmoid()
    )
    (pooling_classifier): LSTMPoolingClassifier(
      (ih2h): LSTM(891, 528, num_layers=3, batch_first=True, dropout=0.2, bidirectional=True)
      (pool2o): Linear(in_features=1056, out_features=1, bias=True)
      (sigmoid): Sigmoid()
      (softmax): Softmax()
      (dropout): Dropout(p=0.2)
    )
  )
)
 
========= Epoch 1 =========
15/30: Matthews 0.38712, Accuracy: 77.08333, Loss: 0.057129671
30/30: Matthews 0.35294, Accuracy: 73.43750, Loss: 0.055919791
 
Best Matthews: 0.38712, Best Accuracy: 77.08333, Best Loss: 0.057129671 at epoch 1
Time Elasped: 00:00:08
========= Epoch 2 =========
15/30: Matthews 0.30303, Accuracy: 69.27083, Loss: 0.054566875
30/30: Matthews 0.30899, Accuracy: 69.79167, Loss: 0.053857724
 
Best Matthews: 0.38712, Best Accuracy: 77.08333, Best Loss: 0.057129671 at epoch 1
Time Elasped: 00:00:10
========= Epoch 3 =========
15/30: Matthews 0.31322, Accuracy: 68.75000, Loss: 0.052793771
30/30: Matthews 0.34538, Accuracy: 68.75000, Loss: 0.051566457
 
Best Matthews: 0.38712, Best Accuracy: 77.08333, Best Loss: 0.057129671 at epoch 1
Time Elasped: 00:00:11
========= Epoch 4 =========
15/30: Matthews 0.34538, Accuracy: 68.75000, Loss: 0.051263501
30/30: Matthews 0.33419, Accuracy: 67.70833, Loss: 0.049907337
 
Best Matthews: 0.38712, Best Accuracy: 77.08333, Best Loss: 0.057129671 at epoch 1
Time Elasped: 00:00:13
========= Epoch 5 =========
15/30: Matthews 0.32323, Accuracy: 66.66667, Loss: 0.048537821
30/30: Matthews 0.31782, Accuracy: 66.14583, Loss: 0.047828053
 
Best Matthews: 0.38712, Best Accuracy: 77.08333, Best Loss: 0.057129671 at epoch 1
Time Elasped: 00:00:14
========= Epoch 6 =========
15/30: Matthews 0.33963, Accuracy: 66.66667, Loss: 0.047107612
30/30: Matthews 0.33429, Accuracy: 66.14583, Loss: 0.046473225
 
Best Matthews: 0.38712, Best Accuracy: 77.08333, Best Loss: 0.057129671 at epoch 1
Time Elasped: 00:00:16
========= Epoch 7 =========
15/30: Matthews 0.33429, Accuracy: 66.14583, Loss: 0.045923536
30/30: Matthews 0.32901, Accuracy: 65.62500, Loss: 0.045098096
 
Best Matthews: 0.38712, Best Accuracy: 77.08333, Best Loss: 0.057129671 at epoch 1
Time Elasped: 00:00:17
========= Epoch 8 =========
15/30: Matthews 0.32901, Accuracy: 65.62500, Loss: 0.045060943
30/30: Matthews 0.33532, Accuracy: 64.58333, Loss: 0.043892622
 
Best Matthews: 0.38712, Best Accuracy: 77.08333, Best Loss: 0.057129671 at epoch 1
Time Elasped: 00:00:19
========= Epoch 9 =========
15/30: Matthews 0.32519, Accuracy: 63.54167, Loss: 0.042805130
30/30: Matthews 0.32519, Accuracy: 63.54167, Loss: 0.042769700
 
Best Matthews: 0.38712, Best Accuracy: 77.08333, Best Loss: 0.057129671 at epoch 1
Time Elasped: 00:00:20
========= Epoch 10 =========
15/30: Matthews 0.32519, Accuracy: 63.54167, Loss: 0.042239447
30/30: Matthews 0.33023, Accuracy: 64.06250, Loss: 0.041989416
 
Best Matthews: 0.38712, Best Accuracy: 77.08333, Best Loss: 0.057129671 at epoch 1
Time Elasped: 00:00:22
========= Epoch 11 =========
15/30: Matthews 0.33023, Accuracy: 64.06250, Loss: 0.041885634
30/30: Matthews 0.32018, Accuracy: 63.02083, Loss: 0.040972625
 
Best Matthews: 0.38712, Best Accuracy: 77.08333, Best Loss: 0.057129671 at epoch 1
Time Elasped: 00:00:23
========= Epoch 12 =========
15/30: Matthews 0.32018, Accuracy: 63.02083, Loss: 0.039853781
30/30: Matthews 0.32018, Accuracy: 63.02083, Loss: 0.039356470
 
Best Matthews: 0.38712, Best Accuracy: 77.08333, Best Loss: 0.057129671 at epoch 1
Time Elasped: 00:00:25
========= Epoch 13 =========
15/30: Matthews 0.31521, Accuracy: 62.50000, Loss: 0.038943835
30/30: Matthews 0.33725, Accuracy: 63.02083, Loss: 0.038337573
 
Best Matthews: 0.38712, Best Accuracy: 77.08333, Best Loss: 0.057129671 at epoch 1
Time Elasped: 00:00:26
========= Epoch 14 =========
15/30: Matthews 0.35933, Accuracy: 63.54167, Loss: 0.037899576
30/30: Matthews 0.35933, Accuracy: 63.54167, Loss: 0.037413294
 
Best Matthews: 0.38712, Best Accuracy: 77.08333, Best Loss: 0.057129671 at epoch 1
Time Elasped: 00:00:28
========= Epoch 15 =========
15/30: Matthews 0.35933, Accuracy: 63.54167, Loss: 0.036715915
30/30: Matthews 0.38146, Accuracy: 64.06250, Loss: 0.036487197
 
Best Matthews: 0.38712, Best Accuracy: 77.08333, Best Loss: 0.057129671 at epoch 1
Time Elasped: 00:00:29
========= Epoch 16 =========
15/30: Matthews 0.37664, Accuracy: 63.54167, Loss: 0.035249447
30/30: Matthews 0.37664, Accuracy: 63.54167, Loss: 0.035111725
 
Best Matthews: 0.38712, Best Accuracy: 77.08333, Best Loss: 0.057129671 at epoch 1
Time Elasped: 00:00:31
========= Epoch 17 =========
15/30: Matthews 0.37664, Accuracy: 63.54167, Loss: 0.035531407
30/30: Matthews 0.37664, Accuracy: 63.54167, Loss: 0.035510644
 
Best Matthews: 0.38712, Best Accuracy: 77.08333, Best Loss: 0.057129671 at epoch 1
Time Elasped: 00:00:32
========= Epoch 18 =========
15/30: Matthews 0.37664, Accuracy: 63.54167, Loss: 0.035784354
30/30: Matthews 0.37664, Accuracy: 63.54167, Loss: 0.035338086
 
Best Matthews: 0.38712, Best Accuracy: 77.08333, Best Loss: 0.057129671 at epoch 1
Time Elasped: 00:00:34
========= Epoch 19 =========
15/30: Matthews 0.37664, Accuracy: 63.54167, Loss: 0.034867120
30/30: Matthews 0.37664, Accuracy: 63.54167, Loss: 0.034310937
 
Best Matthews: 0.38712, Best Accuracy: 77.08333, Best Loss: 0.057129671 at epoch 1
Time Elasped: 00:00:35
========= Epoch 20 =========
15/30: Matthews 0.37664, Accuracy: 63.54167, Loss: 0.033855952
30/30: Matthews 0.37664, Accuracy: 63.54167, Loss: 0.033805976
 
Best Matthews: 0.38712, Best Accuracy: 77.08333, Best Loss: 0.057129671 at epoch 1
Time Elasped: 00:00:37
========= Epoch 21 =========
15/30: Matthews 0.37664, Accuracy: 63.54167, Loss: 0.032782257
30/30: Matthews 0.37664, Accuracy: 63.54167, Loss: 0.032678192
 
Best Matthews: 0.38712, Best Accuracy: 77.08333, Best Loss: 0.057129671 at epoch 1
Time Elasped: 00:00:38
========= Epoch 22 =========
Early Stopping activated
 
Best Matthews: 0.38712, Best Accuracy: 77.08333, Best Loss: 0.057129671 at epoch 1
Time Elasped: 00:00:40
Test Set:
0/0: Matthews 0.43223, Accuracy: 77.94118, Loss: 0.003835177
