Namespace(batch_size=32, buffer_size=1, by_source=False, crop_pad_length=30, data='./acceptability_corpus/verb_classes/there', data_type='discriminator', dropout=0.2, embedding='glove.6B.300d', embedding_path='/scratch/asw462/models/elmo_encoder/elmo.emb', embedding_size=217, encoder_num_layers=2, encoder_path='/scratch/asw462/models/elmo_encoder/elmo.pth', encoding_size=528, encoding_type='lstm_pooling_classifier', epochs=1000, evaluate_train=False, experiment_name='experiment_linear_classifier_h_176_l_1_lr_0.0000_e_217_do_0.2', glove=False, gpu=True, hidden_size=176, imbalance=True, learning_rate=3e-05, lm_path=None, logs_dir='/scratch/asw462/logs/verb_classes/there', max_pool=False, model='linear_classifier', num_layers=1, output_dir='/scratch/asw462/logs/verb_classes/outputs/there', patience=20, preprocess_tokenizer='space', prints_per_stage=1, resume=True, resume_file=None, save_loc='/scratch/asw462/models/verb_classes/there', seed=1111, should_not_log=False, should_not_lowercase=False, should_not_preprocess_data=False, stages_per_epoch=2, train_embeddings=False, train_evaluate_interval=10, vocab_file='/scratch/asw462/data/vocab_100k.tsv')
======== General =======
Model: linear_classifier
GPU: True
Experiment Name: experiment_linear_classifier_h_176_l_1_lr_0.0000_e_217_do_0.2
Save location: /scratch/asw462/models/verb_classes/there
Logs dir: /scratch/asw462/logs/verb_classes/there
Timestamp: 2018/08/01 20:48:39
 
======== Data =======
Training set: 946 examples
Validation set: 192 examples
Test set: 680 examples
 
======= Parameters =======
Learning Rate: 0.000030
Batch Size: 32
Epochs: 1000
Patience: 20
Stages per Epoch: 2
Embedding: 100004 x 217
Number of layers: 1
Hidden Size: 176
Encoder Size: 528
Resume: True
 
======= Model =======
LinearClassifierWithEncoder(
  (model): LinearClassifier(
    (dropout): Dropout(p=0.2)
    (enc2h): Linear(in_features=1056, out_features=176, bias=True)
    (h20): Linear(in_features=176, out_features=1, bias=True)
    (sigmoid): Sigmoid()
    (tanh): Tanh()
    (softmax): Softmax()
  )
  (encoder): LSTMPoolingClassifierWithELMo(
    (elmo): ELMOClassifier(
      (lm): LSTMLanguageModel(
        (dropout): Dropout(p=0.2)
        (embedding): Embedding(100003, 217)
        (lstm): LSTM(217, 891, num_layers=2, dropout=0.2)
        (fc): Linear(in_features=891, out_features=100003, bias=True)
      )
      (lstms): ModuleList(
        (0): LSTM(217, 891, batch_first=True)
        (1): LSTM(891, 891, batch_first=True)
      )
      (dropout): Dropout(p=0.2)
      (linear_comb): Linear(in_features=2, out_features=1, bias=True)
      (fc1): Linear(in_features=891, out_features=528, bias=True)
      (relu): ReLU()
      (out): Linear(in_features=528, out_features=1, bias=True)
      (sigmoid): Sigmoid()
    )
    (pooling_classifier): LSTMPoolingClassifier(
      (ih2h): LSTM(891, 528, num_layers=3, batch_first=True, dropout=0.2, bidirectional=True)
      (pool2o): Linear(in_features=1056, out_features=1, bias=True)
      (sigmoid): Sigmoid()
      (softmax): Softmax()
      (dropout): Dropout(p=0.2)
    )
  )
)
 
========= Epoch 1 =========
15/30: Matthews 0.32731, Accuracy: 77.08333, Loss: 0.057669133
30/30: Matthews 0.33359, Accuracy: 71.87500, Loss: 0.055321574
 
Best Matthews: 0.33359, Best Accuracy: 71.87500, Best Loss: 0.055321574 at epoch 1
Time Elasped: 00:00:09
========= Epoch 2 =========
15/30: Matthews 0.32494, Accuracy: 69.79167, Loss: 0.053433220
30/30: Matthews 0.34538, Accuracy: 68.75000, Loss: 0.051808327
 
Best Matthews: 0.34538, Best Accuracy: 68.75000, Best Loss: 0.051808327 at epoch 2
Time Elasped: 00:00:13
========= Epoch 3 =========
15/30: Matthews 0.34538, Accuracy: 68.75000, Loss: 0.050823520
30/30: Matthews 0.32868, Accuracy: 67.18750, Loss: 0.049795091
 
Best Matthews: 0.34538, Best Accuracy: 68.75000, Best Loss: 0.051808327 at epoch 2
Time Elasped: 00:00:14
========= Epoch 4 =========
15/30: Matthews 0.32323, Accuracy: 66.66667, Loss: 0.047359864
30/30: Matthews 0.32323, Accuracy: 66.66667, Loss: 0.046510120
 
Best Matthews: 0.34538, Best Accuracy: 68.75000, Best Loss: 0.051808327 at epoch 2
Time Elasped: 00:00:16
========= Epoch 5 =========
15/30: Matthews 0.30717, Accuracy: 65.10417, Loss: 0.045031885
30/30: Matthews 0.31342, Accuracy: 64.06250, Loss: 0.044212133
 
Best Matthews: 0.34538, Best Accuracy: 68.75000, Best Loss: 0.051808327 at epoch 2
Time Elasped: 00:00:18
========= Epoch 6 =========
15/30: Matthews 0.32519, Accuracy: 63.54167, Loss: 0.043258145
30/30: Matthews 0.33023, Accuracy: 64.06250, Loss: 0.042888477
 
Best Matthews: 0.34538, Best Accuracy: 68.75000, Best Loss: 0.051808327 at epoch 2
Time Elasped: 00:00:20
========= Epoch 7 =========
15/30: Matthews 0.31521, Accuracy: 62.50000, Loss: 0.041371594
30/30: Matthews 0.32018, Accuracy: 63.02083, Loss: 0.041090593
 
Best Matthews: 0.34538, Best Accuracy: 68.75000, Best Loss: 0.051808327 at epoch 2
Time Elasped: 00:00:22
========= Epoch 8 =========
15/30: Matthews 0.32018, Accuracy: 63.02083, Loss: 0.040374572
30/30: Matthews 0.31521, Accuracy: 62.50000, Loss: 0.039342011
 
Best Matthews: 0.34538, Best Accuracy: 68.75000, Best Loss: 0.051808327 at epoch 2
Time Elasped: 00:00:23
========= Epoch 9 =========
15/30: Matthews 0.33235, Accuracy: 62.50000, Loss: 0.038636918
30/30: Matthews 0.33235, Accuracy: 62.50000, Loss: 0.038239017
 
Best Matthews: 0.34538, Best Accuracy: 68.75000, Best Loss: 0.051808327 at epoch 2
Time Elasped: 00:00:25
========= Epoch 10 =========
15/30: Matthews 0.35447, Accuracy: 63.02083, Loss: 0.038050264
30/30: Matthews 0.35933, Accuracy: 63.54167, Loss: 0.037583550
 
Best Matthews: 0.35933, Best Accuracy: 63.54167, Best Loss: 0.037583550 at epoch 10
Time Elasped: 00:00:30
========= Epoch 11 =========
15/30: Matthews 0.36423, Accuracy: 64.06250, Loss: 0.038232478
30/30: Matthews 0.35933, Accuracy: 63.54167, Loss: 0.037063286
 
Best Matthews: 0.36423, Best Accuracy: 64.06250, Best Loss: 0.038232478 at epoch 11
Time Elasped: 00:00:33
========= Epoch 12 =========
15/30: Matthews 0.38146, Accuracy: 64.06250, Loss: 0.034874474
30/30: Matthews 0.38146, Accuracy: 64.06250, Loss: 0.034466942
 
Best Matthews: 0.38146, Best Accuracy: 64.06250, Best Loss: 0.034874474 at epoch 12
Time Elasped: 00:00:36
========= Epoch 13 =========
15/30: Matthews 0.38146, Accuracy: 64.06250, Loss: 0.033955177
30/30: Matthews 0.38146, Accuracy: 64.06250, Loss: 0.034230982
 
Best Matthews: 0.38146, Best Accuracy: 64.06250, Best Loss: 0.034874474 at epoch 12
Time Elasped: 00:00:38
========= Epoch 14 =========
15/30: Matthews 0.38146, Accuracy: 64.06250, Loss: 0.033991635
30/30: Matthews 0.38146, Accuracy: 64.06250, Loss: 0.032946795
 
Best Matthews: 0.38146, Best Accuracy: 64.06250, Best Loss: 0.034874474 at epoch 12
Time Elasped: 00:00:40
========= Epoch 15 =========
15/30: Matthews 0.38146, Accuracy: 64.06250, Loss: 0.031964938
30/30: Matthews 0.38146, Accuracy: 64.06250, Loss: 0.031807967
 
Best Matthews: 0.38146, Best Accuracy: 64.06250, Best Loss: 0.034874474 at epoch 12
Time Elasped: 00:00:42
========= Epoch 16 =========
15/30: Matthews 0.38146, Accuracy: 64.06250, Loss: 0.032378236
30/30: Matthews 0.38146, Accuracy: 64.06250, Loss: 0.032297644
 
Best Matthews: 0.38146, Best Accuracy: 64.06250, Best Loss: 0.034874474 at epoch 12
Time Elasped: 00:00:44
========= Epoch 17 =========
15/30: Matthews 0.38146, Accuracy: 64.06250, Loss: 0.031953792
30/30: Matthews 0.38146, Accuracy: 64.06250, Loss: 0.030470232
 
Best Matthews: 0.38146, Best Accuracy: 64.06250, Best Loss: 0.034874474 at epoch 12
Time Elasped: 00:00:45
========= Epoch 18 =========
15/30: Matthews 0.37664, Accuracy: 63.54167, Loss: 0.029180499
30/30: Matthews 0.38146, Accuracy: 64.06250, Loss: 0.029769386
 
Best Matthews: 0.38146, Best Accuracy: 64.06250, Best Loss: 0.034874474 at epoch 12
Time Elasped: 00:00:47
========= Epoch 19 =========
15/30: Matthews 0.38632, Accuracy: 64.58333, Loss: 0.029934764
30/30: Matthews 0.39121, Accuracy: 65.10417, Loss: 0.029792649
 
Best Matthews: 0.39121, Best Accuracy: 65.10417, Best Loss: 0.029792649 at epoch 19
Time Elasped: 00:00:52
========= Epoch 20 =========
15/30: Matthews 0.39121, Accuracy: 65.10417, Loss: 0.030611267
30/30: Matthews 0.38632, Accuracy: 64.58333, Loss: 0.029354073
 
Best Matthews: 0.39121, Best Accuracy: 65.10417, Best Loss: 0.029792649 at epoch 19
Time Elasped: 00:00:54
========= Epoch 21 =========
15/30: Matthews 0.38632, Accuracy: 64.58333, Loss: 0.028169354
30/30: Matthews 0.38632, Accuracy: 64.58333, Loss: 0.026958274
 
Best Matthews: 0.39121, Best Accuracy: 65.10417, Best Loss: 0.029792649 at epoch 19
Time Elasped: 00:00:55
========= Epoch 22 =========
15/30: Matthews 0.38632, Accuracy: 64.58333, Loss: 0.027534567
30/30: Matthews 0.38632, Accuracy: 64.58333, Loss: 0.028047080
 
Best Matthews: 0.39121, Best Accuracy: 65.10417, Best Loss: 0.029792649 at epoch 19
Time Elasped: 00:00:57
========= Epoch 23 =========
15/30: Matthews 0.38632, Accuracy: 64.58333, Loss: 0.026428642
30/30: Matthews 0.38632, Accuracy: 64.58333, Loss: 0.026814009
 
Best Matthews: 0.39121, Best Accuracy: 65.10417, Best Loss: 0.029792649 at epoch 19
Time Elasped: 00:00:59
========= Epoch 24 =========
15/30: Matthews 0.38632, Accuracy: 64.58333, Loss: 0.025738195
30/30: Matthews 0.38632, Accuracy: 64.58333, Loss: 0.025718465
 
Best Matthews: 0.39121, Best Accuracy: 65.10417, Best Loss: 0.029792649 at epoch 19
Time Elasped: 00:01:01
========= Epoch 25 =========
15/30: Matthews 0.38632, Accuracy: 64.58333, Loss: 0.026505147
30/30: Matthews 0.38632, Accuracy: 64.58333, Loss: 0.026269826
 
Best Matthews: 0.39121, Best Accuracy: 65.10417, Best Loss: 0.029792649 at epoch 19
Time Elasped: 00:01:03
========= Epoch 26 =========
15/30: Matthews 0.38632, Accuracy: 64.58333, Loss: 0.027031377
30/30: Matthews 0.38632, Accuracy: 64.58333, Loss: 0.025472616
 
Best Matthews: 0.39121, Best Accuracy: 65.10417, Best Loss: 0.029792649 at epoch 19
Time Elasped: 00:01:04
========= Epoch 27 =========
15/30: Matthews 0.38632, Accuracy: 64.58333, Loss: 0.024314702
30/30: Matthews 0.38632, Accuracy: 64.58333, Loss: 0.024735272
 
Best Matthews: 0.39121, Best Accuracy: 65.10417, Best Loss: 0.029792649 at epoch 19
Time Elasped: 00:01:06
========= Epoch 28 =========
15/30: Matthews 0.38632, Accuracy: 64.58333, Loss: 0.023995449
30/30: Matthews 0.38632, Accuracy: 64.58333, Loss: 0.024072344
 
Best Matthews: 0.39121, Best Accuracy: 65.10417, Best Loss: 0.029792649 at epoch 19
Time Elasped: 00:01:08
========= Epoch 29 =========
15/30: Matthews 0.38632, Accuracy: 64.58333, Loss: 0.023568292
30/30: Matthews 0.39121, Accuracy: 65.10417, Loss: 0.023779189
 
Best Matthews: 0.39121, Best Accuracy: 65.10417, Best Loss: 0.029792649 at epoch 19
Time Elasped: 00:01:10
========= Epoch 30 =========
15/30: Matthews 0.39121, Accuracy: 65.10417, Loss: 0.023548735
30/30: Matthews 0.39121, Accuracy: 65.10417, Loss: 0.023824523
 
Best Matthews: 0.39121, Best Accuracy: 65.10417, Best Loss: 0.029792649 at epoch 19
Time Elasped: 00:01:12
========= Epoch 31 =========
15/30: Matthews 0.39121, Accuracy: 65.10417, Loss: 0.023092767
30/30: Matthews 0.39121, Accuracy: 65.10417, Loss: 0.023087084
 
Best Matthews: 0.39121, Best Accuracy: 65.10417, Best Loss: 0.029792649 at epoch 19
Time Elasped: 00:01:13
========= Epoch 32 =========
15/30: Matthews 0.39121, Accuracy: 65.10417, Loss: 0.022622526
30/30: Matthews 0.39121, Accuracy: 65.10417, Loss: 0.022356947
 
Best Matthews: 0.39121, Best Accuracy: 65.10417, Best Loss: 0.029792649 at epoch 19
Time Elasped: 00:01:15
========= Epoch 33 =========
15/30: Matthews 0.39121, Accuracy: 65.10417, Loss: 0.023953388
30/30: Matthews 0.39121, Accuracy: 65.10417, Loss: 0.022167755
 
Best Matthews: 0.39121, Best Accuracy: 65.10417, Best Loss: 0.029792649 at epoch 19
Time Elasped: 00:01:17
========= Epoch 34 =========
15/30: Matthews 0.39121, Accuracy: 65.10417, Loss: 0.022551070
30/30: Matthews 0.39121, Accuracy: 65.10417, Loss: 0.022042498
 
Best Matthews: 0.39121, Best Accuracy: 65.10417, Best Loss: 0.029792649 at epoch 19
Time Elasped: 00:01:19
========= Epoch 35 =========
15/30: Matthews 0.39121, Accuracy: 65.10417, Loss: 0.022567327
30/30: Matthews 0.39121, Accuracy: 65.10417, Loss: 0.021517078
 
Best Matthews: 0.39121, Best Accuracy: 65.10417, Best Loss: 0.029792649 at epoch 19
Time Elasped: 00:01:21
========= Epoch 36 =========
15/30: Matthews 0.41330, Accuracy: 65.62500, Loss: 0.021076689
30/30: Matthews 0.39121, Accuracy: 65.10417, Loss: 0.021682136
 
Best Matthews: 0.41330, Best Accuracy: 65.62500, Best Loss: 0.021076689 at epoch 36
Time Elasped: 00:01:24
========= Epoch 37 =========
15/30: Matthews 0.39121, Accuracy: 65.10417, Loss: 0.021744880
30/30: Matthews 0.39121, Accuracy: 65.10417, Loss: 0.021067088
 
Best Matthews: 0.41330, Best Accuracy: 65.62500, Best Loss: 0.021076689 at epoch 36
Time Elasped: 00:01:26
========= Epoch 38 =========
15/30: Matthews 0.39121, Accuracy: 65.10417, Loss: 0.021861846
30/30: Matthews 0.39121, Accuracy: 65.10417, Loss: 0.021582519
 
Best Matthews: 0.41330, Best Accuracy: 65.62500, Best Loss: 0.021076689 at epoch 36
Time Elasped: 00:01:28
========= Epoch 39 =========
15/30: Matthews 0.39121, Accuracy: 65.10417, Loss: 0.020849635
30/30: Matthews 0.39121, Accuracy: 65.10417, Loss: 0.021066055
 
Best Matthews: 0.41330, Best Accuracy: 65.62500, Best Loss: 0.021076689 at epoch 36
Time Elasped: 00:01:29
========= Epoch 40 =========
15/30: Matthews 0.41330, Accuracy: 65.62500, Loss: 0.020126565
30/30: Matthews 0.39121, Accuracy: 65.10417, Loss: 0.020416041
 
Best Matthews: 0.41330, Best Accuracy: 65.62500, Best Loss: 0.021076689 at epoch 36
Time Elasped: 00:01:31
========= Epoch 41 =========
15/30: Matthews 0.39121, Accuracy: 65.10417, Loss: 0.020711675
30/30: Matthews 0.39121, Accuracy: 65.10417, Loss: 0.020123504
 
Best Matthews: 0.41330, Best Accuracy: 65.62500, Best Loss: 0.021076689 at epoch 36
Time Elasped: 00:01:33
========= Epoch 42 =========
15/30: Matthews 0.39121, Accuracy: 65.10417, Loss: 0.020214206
30/30: Matthews 0.41330, Accuracy: 65.62500, Loss: 0.019957577
 
Best Matthews: 0.41330, Best Accuracy: 65.62500, Best Loss: 0.021076689 at epoch 36
Time Elasped: 00:01:35
========= Epoch 43 =========
15/30: Matthews 0.41330, Accuracy: 65.62500, Loss: 0.019965423
30/30: Matthews 0.39121, Accuracy: 65.10417, Loss: 0.020535498
 
Best Matthews: 0.41330, Best Accuracy: 65.62500, Best Loss: 0.021076689 at epoch 36
Time Elasped: 00:01:37
========= Epoch 44 =========
15/30: Matthews 0.41330, Accuracy: 65.62500, Loss: 0.019005458
30/30: Matthews 0.41330, Accuracy: 65.62500, Loss: 0.019283265
 
Best Matthews: 0.41330, Best Accuracy: 65.62500, Best Loss: 0.021076689 at epoch 36
Time Elasped: 00:01:38
========= Epoch 45 =========
15/30: Matthews 0.41330, Accuracy: 65.62500, Loss: 0.018802034
30/30: Matthews 0.41330, Accuracy: 65.62500, Loss: 0.018806516
 
Best Matthews: 0.41330, Best Accuracy: 65.62500, Best Loss: 0.021076689 at epoch 36
Time Elasped: 00:01:40
========= Epoch 46 =========
15/30: Matthews 0.41330, Accuracy: 65.62500, Loss: 0.018232614
30/30: Matthews 0.41330, Accuracy: 65.62500, Loss: 0.018000369
 
Best Matthews: 0.41330, Best Accuracy: 65.62500, Best Loss: 0.021076689 at epoch 36
Time Elasped: 00:01:42
========= Epoch 47 =========
15/30: Matthews 0.41330, Accuracy: 65.62500, Loss: 0.018228922
30/30: Matthews 0.41330, Accuracy: 65.62500, Loss: 0.018786063
 
Best Matthews: 0.41330, Best Accuracy: 65.62500, Best Loss: 0.021076689 at epoch 36
Time Elasped: 00:01:44
========= Epoch 48 =========
15/30: Matthews 0.39121, Accuracy: 65.10417, Loss: 0.020281938
30/30: Matthews 0.41330, Accuracy: 65.62500, Loss: 0.019426270
 
Best Matthews: 0.41330, Best Accuracy: 65.62500, Best Loss: 0.021076689 at epoch 36
Time Elasped: 00:01:46
========= Epoch 49 =========
15/30: Matthews 0.41330, Accuracy: 65.62500, Loss: 0.019723783
30/30: Matthews 0.41330, Accuracy: 65.62500, Loss: 0.018578270
 
Best Matthews: 0.41330, Best Accuracy: 65.62500, Best Loss: 0.021076689 at epoch 36
Time Elasped: 00:01:47
========= Epoch 50 =========
15/30: Matthews 0.41330, Accuracy: 65.62500, Loss: 0.019168183
30/30: Matthews 0.41330, Accuracy: 65.62500, Loss: 0.018186000
 
Best Matthews: 0.41330, Best Accuracy: 65.62500, Best Loss: 0.021076689 at epoch 36
Time Elasped: 00:01:49
========= Epoch 51 =========
15/30: Matthews 0.41330, Accuracy: 65.62500, Loss: 0.018418312
30/30: Matthews 0.41330, Accuracy: 65.62500, Loss: 0.018472133
 
Best Matthews: 0.41330, Best Accuracy: 65.62500, Best Loss: 0.021076689 at epoch 36
Time Elasped: 00:01:51
========= Epoch 52 =========
15/30: Matthews 0.41330, Accuracy: 65.62500, Loss: 0.018135153
30/30: Matthews 0.41330, Accuracy: 65.62500, Loss: 0.018549751
 
Best Matthews: 0.41330, Best Accuracy: 65.62500, Best Loss: 0.021076689 at epoch 36
Time Elasped: 00:01:53
========= Epoch 53 =========
15/30: Matthews 0.41330, Accuracy: 65.62500, Loss: 0.018103408
30/30: Matthews 0.41330, Accuracy: 65.62500, Loss: 0.017937709
 
Best Matthews: 0.41330, Best Accuracy: 65.62500, Best Loss: 0.021076689 at epoch 36
Time Elasped: 00:01:55
========= Epoch 54 =========
15/30: Matthews 0.41330, Accuracy: 65.62500, Loss: 0.018312121
30/30: Matthews 0.41330, Accuracy: 65.62500, Loss: 0.018312578
 
Best Matthews: 0.41330, Best Accuracy: 65.62500, Best Loss: 0.021076689 at epoch 36
Time Elasped: 00:01:57
========= Epoch 55 =========
15/30: Matthews 0.41330, Accuracy: 65.62500, Loss: 0.017180969
30/30: Matthews 0.41330, Accuracy: 65.62500, Loss: 0.017812498
 
Best Matthews: 0.41330, Best Accuracy: 65.62500, Best Loss: 0.021076689 at epoch 36
Time Elasped: 00:01:58
========= Epoch 56 =========
15/30: Matthews 0.39121, Accuracy: 65.10417, Loss: 0.018692554
30/30: Matthews 0.39121, Accuracy: 65.10417, Loss: 0.018374410
 
Best Matthews: 0.41330, Best Accuracy: 65.62500, Best Loss: 0.021076689 at epoch 36
Time Elasped: 00:02:00
========= Epoch 57 =========
Early Stopping activated
 
Best Matthews: 0.41330, Best Accuracy: 65.62500, Best Loss: 0.021076689 at epoch 36
Time Elasped: 00:02:03
Test Set:
0/0: Matthews 0.51877, Accuracy: 73.08824, Loss: 0.001225564
