Namespace(batch_size=32, buffer_size=1, by_source=False, crop_pad_length=30, data='./acceptability_corpus/verb_classes/there', data_type='discriminator', dropout=0.5, embedding='glove.6B.300d', embedding_path='/scratch/asw462/models/elmo_encoder/elmo.emb', embedding_size=217, encoder_num_layers=2, encoder_path='/scratch/asw462/models/elmo_encoder/elmo.pth', encoding_size=528, encoding_type='lstm_pooling_classifier', epochs=1000, evaluate_train=False, experiment_name='experiment_linear_classifier_h_154_l_1_lr_0.0001_e_217_do_0.5', glove=False, gpu=True, hidden_size=154, imbalance=True, learning_rate=7e-05, lm_path=None, logs_dir='/scratch/asw462/logs/verb_classes/there', max_pool=False, model='linear_classifier', num_layers=1, output_dir='/scratch/asw462/logs/verb_classes/outputs/there', patience=20, preprocess_tokenizer='space', prints_per_stage=1, resume=True, resume_file=None, save_loc='/scratch/asw462/models/verb_classes/there', seed=1111, should_not_log=False, should_not_lowercase=False, should_not_preprocess_data=False, stages_per_epoch=2, train_embeddings=False, train_evaluate_interval=10, vocab_file='/scratch/asw462/data/vocab_100k.tsv')
======== General =======
Model: linear_classifier
GPU: True
Experiment Name: experiment_linear_classifier_h_154_l_1_lr_0.0001_e_217_do_0.5
Save location: /scratch/asw462/models/verb_classes/there
Logs dir: /scratch/asw462/logs/verb_classes/there
Timestamp: 2018/08/01 20:05:44
 
======== Data =======
Training set: 946 examples
Validation set: 192 examples
Test set: 680 examples
 
======= Parameters =======
Learning Rate: 0.000070
Batch Size: 32
Epochs: 1000
Patience: 20
Stages per Epoch: 2
Embedding: 100004 x 217
Number of layers: 1
Hidden Size: 154
Encoder Size: 528
Resume: True
 
======= Model =======
LinearClassifierWithEncoder(
  (model): LinearClassifier(
    (dropout): Dropout(p=0.5)
    (enc2h): Linear(in_features=1056, out_features=154, bias=True)
    (h20): Linear(in_features=154, out_features=1, bias=True)
    (sigmoid): Sigmoid()
    (tanh): Tanh()
    (softmax): Softmax()
  )
  (encoder): LSTMPoolingClassifierWithELMo(
    (elmo): ELMOClassifier(
      (lm): LSTMLanguageModel(
        (dropout): Dropout(p=0.2)
        (embedding): Embedding(100003, 217)
        (lstm): LSTM(217, 891, num_layers=2, dropout=0.2)
        (fc): Linear(in_features=891, out_features=100003, bias=True)
      )
      (lstms): ModuleList(
        (0): LSTM(217, 891, batch_first=True)
        (1): LSTM(891, 891, batch_first=True)
      )
      (dropout): Dropout(p=0.2)
      (linear_comb): Linear(in_features=2, out_features=1, bias=True)
      (fc1): Linear(in_features=891, out_features=528, bias=True)
      (relu): ReLU()
      (out): Linear(in_features=528, out_features=1, bias=True)
      (sigmoid): Sigmoid()
    )
    (pooling_classifier): LSTMPoolingClassifier(
      (ih2h): LSTM(891, 528, num_layers=3, batch_first=True, dropout=0.2, bidirectional=True)
      (pool2o): Linear(in_features=1056, out_features=1, bias=True)
      (sigmoid): Sigmoid()
      (softmax): Softmax()
      (dropout): Dropout(p=0.2)
    )
  )
)
 
========= Epoch 1 =========
15/30: Matthews 0.29133, Accuracy: 68.22917, Loss: 0.054831405
30/30: Matthews 0.29911, Accuracy: 70.31250, Loss: 0.054224213
 
Best Matthews: 0.29911, Best Accuracy: 70.31250, Best Loss: 0.054224213 at epoch 1
Time Elasped: 00:00:09
========= Epoch 2 =========
15/30: Matthews 0.30688, Accuracy: 66.66667, Loss: 0.050050790
30/30: Matthews 0.31857, Accuracy: 64.58333, Loss: 0.046933512
 
Best Matthews: 0.31857, Best Accuracy: 64.58333, Best Loss: 0.046933512 at epoch 2
Time Elasped: 00:00:14
========= Epoch 3 =========
15/30: Matthews 0.30830, Accuracy: 63.54167, Loss: 0.045116146
30/30: Matthews 0.32519, Accuracy: 63.54167, Loss: 0.043383082
 
Best Matthews: 0.32519, Best Accuracy: 63.54167, Best Loss: 0.043383082 at epoch 3
Time Elasped: 00:00:17
========= Epoch 4 =========
15/30: Matthews 0.31521, Accuracy: 62.50000, Loss: 0.041413710
30/30: Matthews 0.30537, Accuracy: 61.45833, Loss: 0.039145450
 
Best Matthews: 0.32519, Best Accuracy: 63.54167, Best Loss: 0.043383082 at epoch 3
Time Elasped: 00:00:19
========= Epoch 5 =========
15/30: Matthews 0.31027, Accuracy: 61.97917, Loss: 0.038553312
30/30: Matthews 0.33235, Accuracy: 62.50000, Loss: 0.036549655
 
Best Matthews: 0.33235, Best Accuracy: 62.50000, Best Loss: 0.036549655 at epoch 5
Time Elasped: 00:00:22
========= Epoch 6 =========
15/30: Matthews 0.37664, Accuracy: 63.54167, Loss: 0.034981608
30/30: Matthews 0.38146, Accuracy: 64.06250, Loss: 0.035346662
 
Best Matthews: 0.38146, Best Accuracy: 64.06250, Best Loss: 0.035346662 at epoch 6
Time Elasped: 00:00:27
========= Epoch 7 =========
15/30: Matthews 0.38146, Accuracy: 64.06250, Loss: 0.033445321
30/30: Matthews 0.38146, Accuracy: 64.06250, Loss: 0.032880013
 
Best Matthews: 0.38146, Best Accuracy: 64.06250, Best Loss: 0.035346662 at epoch 6
Time Elasped: 00:00:28
========= Epoch 8 =========
15/30: Matthews 0.38146, Accuracy: 64.06250, Loss: 0.035393839
30/30: Matthews 0.38146, Accuracy: 64.06250, Loss: 0.031302738
 
Best Matthews: 0.38146, Best Accuracy: 64.06250, Best Loss: 0.035346662 at epoch 6
Time Elasped: 00:00:30
========= Epoch 9 =========
15/30: Matthews 0.38146, Accuracy: 64.06250, Loss: 0.031198556
30/30: Matthews 0.38146, Accuracy: 64.06250, Loss: 0.030843859
 
Best Matthews: 0.38146, Best Accuracy: 64.06250, Best Loss: 0.035346662 at epoch 6
Time Elasped: 00:00:31
========= Epoch 10 =========
15/30: Matthews 0.38146, Accuracy: 64.06250, Loss: 0.028140927
30/30: Matthews 0.38146, Accuracy: 64.06250, Loss: 0.028613490
 
Best Matthews: 0.38146, Best Accuracy: 64.06250, Best Loss: 0.035346662 at epoch 6
Time Elasped: 00:00:33
========= Epoch 11 =========
15/30: Matthews 0.38632, Accuracy: 64.58333, Loss: 0.029298646
30/30: Matthews 0.38632, Accuracy: 64.58333, Loss: 0.028399656
 
Best Matthews: 0.38632, Best Accuracy: 64.58333, Best Loss: 0.029298646 at epoch 11
Time Elasped: 00:00:36
========= Epoch 12 =========
15/30: Matthews 0.38632, Accuracy: 64.58333, Loss: 0.027349497
30/30: Matthews 0.38632, Accuracy: 64.58333, Loss: 0.026618987
 
Best Matthews: 0.38632, Best Accuracy: 64.58333, Best Loss: 0.029298646 at epoch 11
Time Elasped: 00:00:37
========= Epoch 13 =========
15/30: Matthews 0.38632, Accuracy: 64.58333, Loss: 0.024752172
30/30: Matthews 0.38632, Accuracy: 64.58333, Loss: 0.024274861
 
Best Matthews: 0.38632, Best Accuracy: 64.58333, Best Loss: 0.029298646 at epoch 11
Time Elasped: 00:00:39
========= Epoch 14 =========
15/30: Matthews 0.38632, Accuracy: 64.58333, Loss: 0.024230619
30/30: Matthews 0.38632, Accuracy: 64.58333, Loss: 0.025791635
 
Best Matthews: 0.38632, Best Accuracy: 64.58333, Best Loss: 0.029298646 at epoch 11
Time Elasped: 00:00:40
========= Epoch 15 =========
15/30: Matthews 0.39121, Accuracy: 65.10417, Loss: 0.027201071
30/30: Matthews 0.38632, Accuracy: 64.58333, Loss: 0.024197062
 
Best Matthews: 0.39121, Best Accuracy: 65.10417, Best Loss: 0.027201071 at epoch 15
Time Elasped: 00:00:44
========= Epoch 16 =========
15/30: Matthews 0.40845, Accuracy: 65.10417, Loss: 0.023270130
30/30: Matthews 0.40845, Accuracy: 65.10417, Loss: 0.022932410
 
Best Matthews: 0.40845, Best Accuracy: 65.10417, Best Loss: 0.023270130 at epoch 16
Time Elasped: 00:00:47
========= Epoch 17 =========
15/30: Matthews 0.38632, Accuracy: 64.58333, Loss: 0.023210555
30/30: Matthews 0.40845, Accuracy: 65.10417, Loss: 0.021982849
 
Best Matthews: 0.40845, Best Accuracy: 65.10417, Best Loss: 0.023270130 at epoch 16
Time Elasped: 00:00:48
========= Epoch 18 =========
15/30: Matthews 0.39121, Accuracy: 65.10417, Loss: 0.023340786
30/30: Matthews 0.40845, Accuracy: 65.10417, Loss: 0.020088932
 
Best Matthews: 0.40845, Best Accuracy: 65.10417, Best Loss: 0.023270130 at epoch 16
Time Elasped: 00:00:50
========= Epoch 19 =========
15/30: Matthews 0.43063, Accuracy: 65.62500, Loss: 0.018767998
30/30: Matthews 0.41330, Accuracy: 65.62500, Loss: 0.020187929
 
Best Matthews: 0.43063, Best Accuracy: 65.62500, Best Loss: 0.018767998 at epoch 19
Time Elasped: 00:00:53
========= Epoch 20 =========
15/30: Matthews 0.41330, Accuracy: 65.62500, Loss: 0.019500576
30/30: Matthews 0.41330, Accuracy: 65.62500, Loss: 0.020353346
 
Best Matthews: 0.43063, Best Accuracy: 65.62500, Best Loss: 0.018767998 at epoch 19
Time Elasped: 00:00:54
========= Epoch 21 =========
15/30: Matthews 0.41330, Accuracy: 65.62500, Loss: 0.019893491
30/30: Matthews 0.41330, Accuracy: 65.62500, Loss: 0.020702745
 
Best Matthews: 0.43063, Best Accuracy: 65.62500, Best Loss: 0.018767998 at epoch 19
Time Elasped: 00:00:56
========= Epoch 22 =========
15/30: Matthews 0.41330, Accuracy: 65.62500, Loss: 0.020156806
30/30: Matthews 0.41330, Accuracy: 65.62500, Loss: 0.018811360
 
Best Matthews: 0.43063, Best Accuracy: 65.62500, Best Loss: 0.018767998 at epoch 19
Time Elasped: 00:00:57
========= Epoch 23 =========
15/30: Matthews 0.43543, Accuracy: 66.14583, Loss: 0.017290587
30/30: Matthews 0.41330, Accuracy: 65.62500, Loss: 0.019580668
 
Best Matthews: 0.43543, Best Accuracy: 66.14583, Best Loss: 0.017290587 at epoch 23
Time Elasped: 00:01:00
========= Epoch 24 =========
15/30: Matthews 0.41330, Accuracy: 65.62500, Loss: 0.020092775
30/30: Matthews 0.41330, Accuracy: 65.62500, Loss: 0.018962058
 
Best Matthews: 0.43543, Best Accuracy: 66.14583, Best Loss: 0.017290587 at epoch 23
Time Elasped: 00:01:02
========= Epoch 25 =========
15/30: Matthews 0.41330, Accuracy: 65.62500, Loss: 0.019374056
30/30: Matthews 0.43543, Accuracy: 66.14583, Loss: 0.016806511
 
Best Matthews: 0.43543, Best Accuracy: 66.14583, Best Loss: 0.017290587 at epoch 23
Time Elasped: 00:01:03
========= Epoch 26 =========
15/30: Matthews 0.43543, Accuracy: 66.14583, Loss: 0.016451468
30/30: Matthews 0.41330, Accuracy: 65.62500, Loss: 0.018299606
 
Best Matthews: 0.43543, Best Accuracy: 66.14583, Best Loss: 0.017290587 at epoch 23
Time Elasped: 00:01:05
========= Epoch 27 =========
15/30: Matthews 0.41330, Accuracy: 65.62500, Loss: 0.019142037
30/30: Matthews 0.41330, Accuracy: 65.62500, Loss: 0.017140013
 
Best Matthews: 0.43543, Best Accuracy: 66.14583, Best Loss: 0.017290587 at epoch 23
Time Elasped: 00:01:06
========= Epoch 28 =========
15/30: Matthews 0.41330, Accuracy: 65.62500, Loss: 0.017171462
30/30: Matthews 0.41330, Accuracy: 65.62500, Loss: 0.017017224
 
Best Matthews: 0.43543, Best Accuracy: 66.14583, Best Loss: 0.017290587 at epoch 23
Time Elasped: 00:01:08
========= Epoch 29 =========
15/30: Matthews 0.39121, Accuracy: 65.10417, Loss: 0.018043369
30/30: Matthews 0.41330, Accuracy: 65.62500, Loss: 0.017671466
 
Best Matthews: 0.43543, Best Accuracy: 66.14583, Best Loss: 0.017290587 at epoch 23
Time Elasped: 00:01:09
========= Epoch 30 =========
15/30: Matthews 0.41330, Accuracy: 65.62500, Loss: 0.016365969
30/30: Matthews 0.41330, Accuracy: 65.62500, Loss: 0.018186810
 
Best Matthews: 0.43543, Best Accuracy: 66.14583, Best Loss: 0.017290587 at epoch 23
Time Elasped: 00:01:11
========= Epoch 31 =========
15/30: Matthews 0.41330, Accuracy: 65.62500, Loss: 0.016946199
30/30: Matthews 0.41330, Accuracy: 65.62500, Loss: 0.015655982
 
Best Matthews: 0.43543, Best Accuracy: 66.14583, Best Loss: 0.017290587 at epoch 23
Time Elasped: 00:01:12
========= Epoch 32 =========
15/30: Matthews 0.41330, Accuracy: 65.62500, Loss: 0.015015709
30/30: Matthews 0.39121, Accuracy: 65.10417, Loss: 0.016270983
 
Best Matthews: 0.43543, Best Accuracy: 66.14583, Best Loss: 0.017290587 at epoch 23
Time Elasped: 00:01:14
========= Epoch 33 =========
15/30: Matthews 0.39121, Accuracy: 65.10417, Loss: 0.015483920
30/30: Matthews 0.39121, Accuracy: 65.10417, Loss: 0.018075104
 
Best Matthews: 0.43543, Best Accuracy: 66.14583, Best Loss: 0.017290587 at epoch 23
Time Elasped: 00:01:15
========= Epoch 34 =========
15/30: Matthews 0.39121, Accuracy: 65.10417, Loss: 0.015832872
30/30: Matthews 0.39121, Accuracy: 65.10417, Loss: 0.016088821
 
Best Matthews: 0.43543, Best Accuracy: 66.14583, Best Loss: 0.017290587 at epoch 23
Time Elasped: 00:01:17
========= Epoch 35 =========
15/30: Matthews 0.39121, Accuracy: 65.10417, Loss: 0.017240086
30/30: Matthews 0.39121, Accuracy: 65.10417, Loss: 0.016569105
 
Best Matthews: 0.43543, Best Accuracy: 66.14583, Best Loss: 0.017290587 at epoch 23
Time Elasped: 00:01:18
========= Epoch 36 =========
15/30: Matthews 0.39121, Accuracy: 65.10417, Loss: 0.015020855
30/30: Matthews 0.39121, Accuracy: 65.10417, Loss: 0.015961628
 
Best Matthews: 0.43543, Best Accuracy: 66.14583, Best Loss: 0.017290587 at epoch 23
Time Elasped: 00:01:20
========= Epoch 37 =========
15/30: Matthews 0.39121, Accuracy: 65.10417, Loss: 0.015575686
30/30: Matthews 0.39121, Accuracy: 65.10417, Loss: 0.015921801
 
Best Matthews: 0.43543, Best Accuracy: 66.14583, Best Loss: 0.017290587 at epoch 23
Time Elasped: 00:01:21
========= Epoch 38 =========
15/30: Matthews 0.39121, Accuracy: 65.10417, Loss: 0.016225364
30/30: Matthews 0.39121, Accuracy: 65.10417, Loss: 0.015286811
 
Best Matthews: 0.43543, Best Accuracy: 66.14583, Best Loss: 0.017290587 at epoch 23
Time Elasped: 00:01:23
========= Epoch 39 =========
15/30: Matthews 0.39615, Accuracy: 65.62500, Loss: 0.016355327
30/30: Matthews 0.39121, Accuracy: 65.10417, Loss: 0.015329269
 
Best Matthews: 0.43543, Best Accuracy: 66.14583, Best Loss: 0.017290587 at epoch 23
Time Elasped: 00:01:24
========= Epoch 40 =========
15/30: Matthews 0.39121, Accuracy: 65.10417, Loss: 0.014482218
30/30: Matthews 0.37415, Accuracy: 65.10417, Loss: 0.016416192
 
Best Matthews: 0.43543, Best Accuracy: 66.14583, Best Loss: 0.017290587 at epoch 23
Time Elasped: 00:01:26
========= Epoch 41 =========
15/30: Matthews 0.39121, Accuracy: 65.10417, Loss: 0.015234171
30/30: Matthews 0.37415, Accuracy: 65.10417, Loss: 0.015096109
 
Best Matthews: 0.43543, Best Accuracy: 66.14583, Best Loss: 0.017290587 at epoch 23
Time Elasped: 00:01:27
========= Epoch 42 =========
15/30: Matthews 0.37415, Accuracy: 65.10417, Loss: 0.014961881
30/30: Matthews 0.37415, Accuracy: 65.10417, Loss: 0.015005996
 
Best Matthews: 0.43543, Best Accuracy: 66.14583, Best Loss: 0.017290587 at epoch 23
Time Elasped: 00:01:29
========= Epoch 43 =========
15/30: Matthews 0.37415, Accuracy: 65.10417, Loss: 0.015403171
30/30: Matthews 0.37415, Accuracy: 65.10417, Loss: 0.014553979
 
Best Matthews: 0.43543, Best Accuracy: 66.14583, Best Loss: 0.017290587 at epoch 23
Time Elasped: 00:01:30
========= Epoch 44 =========
Early Stopping activated
 
Best Matthews: 0.43543, Best Accuracy: 66.14583, Best Loss: 0.017290587 at epoch 23
Time Elasped: 00:01:32
Test Set:
0/0: Matthews 0.51918, Accuracy: 72.79412, Loss: 0.001122594
