Namespace(batch_size=32, buffer_size=1, by_source=False, crop_pad_length=30, data='./acceptability_corpus/verb_classes/there', data_type='discriminator', dropout=0.5, embedding='glove.6B.300d', embedding_path='/scratch/asw462/models/elmo_encoder/elmo.emb', embedding_size=217, encoder_num_layers=2, encoder_path='/scratch/asw462/models/elmo_encoder/elmo.pth', encoding_size=528, encoding_type='lstm_pooling_classifier', epochs=1000, evaluate_train=False, experiment_name='experiment_linear_classifier_h_172_l_4_lr_0.0001_e_217_do_0.5', glove=False, gpu=True, hidden_size=172, imbalance=True, learning_rate=6e-05, lm_path=None, logs_dir='/scratch/asw462/logs/verb_classes/there', max_pool=False, model='linear_classifier', num_layers=4, output_dir='/scratch/asw462/logs/verb_classes/outputs/there', patience=20, preprocess_tokenizer='space', prints_per_stage=1, resume=True, resume_file=None, save_loc='/scratch/asw462/models/verb_classes/there', seed=1111, should_not_log=False, should_not_lowercase=False, should_not_preprocess_data=False, stages_per_epoch=2, train_embeddings=False, train_evaluate_interval=10, vocab_file='/scratch/asw462/data/vocab_100k.tsv')
======== General =======
Model: linear_classifier
GPU: True
Experiment Name: experiment_linear_classifier_h_172_l_4_lr_0.0001_e_217_do_0.5
Save location: /scratch/asw462/models/verb_classes/there
Logs dir: /scratch/asw462/logs/verb_classes/there
Timestamp: 2018/08/01 20:05:26
 
======== Data =======
Training set: 946 examples
Validation set: 192 examples
Test set: 680 examples
 
======= Parameters =======
Learning Rate: 0.000060
Batch Size: 32
Epochs: 1000
Patience: 20
Stages per Epoch: 2
Embedding: 100004 x 217
Number of layers: 4
Hidden Size: 172
Encoder Size: 528
Resume: True
 
======= Model =======
LinearClassifierWithEncoder(
  (model): LinearClassifier(
    (dropout): Dropout(p=0.5)
    (enc2h): Linear(in_features=1056, out_features=172, bias=True)
    (h20): Linear(in_features=172, out_features=1, bias=True)
    (sigmoid): Sigmoid()
    (tanh): Tanh()
    (softmax): Softmax()
  )
  (encoder): LSTMPoolingClassifierWithELMo(
    (elmo): ELMOClassifier(
      (lm): LSTMLanguageModel(
        (dropout): Dropout(p=0.2)
        (embedding): Embedding(100003, 217)
        (lstm): LSTM(217, 891, num_layers=2, dropout=0.2)
        (fc): Linear(in_features=891, out_features=100003, bias=True)
      )
      (lstms): ModuleList(
        (0): LSTM(217, 891, batch_first=True)
        (1): LSTM(891, 891, batch_first=True)
      )
      (dropout): Dropout(p=0.2)
      (linear_comb): Linear(in_features=2, out_features=1, bias=True)
      (fc1): Linear(in_features=891, out_features=528, bias=True)
      (relu): ReLU()
      (out): Linear(in_features=528, out_features=1, bias=True)
      (sigmoid): Sigmoid()
    )
    (pooling_classifier): LSTMPoolingClassifier(
      (ih2h): LSTM(891, 528, num_layers=3, batch_first=True, dropout=0.2, bidirectional=True)
      (pool2o): Linear(in_features=1056, out_features=1, bias=True)
      (sigmoid): Sigmoid()
      (softmax): Softmax()
      (dropout): Dropout(p=0.2)
    )
  )
)
 
========= Epoch 1 =========
15/30: Matthews 0.31782, Accuracy: 66.14583, Loss: 0.052142084
30/30: Matthews 0.32360, Accuracy: 68.22917, Loss: 0.051100175
 
Best Matthews: 0.32360, Best Accuracy: 68.22917, Best Loss: 0.051100175 at epoch 1
Time Elasped: 00:00:09
========= Epoch 2 =========
15/30: Matthews 0.34538, Accuracy: 68.75000, Loss: 0.049756726
30/30: Matthews 0.31247, Accuracy: 65.62500, Loss: 0.047124376
 
Best Matthews: 0.34538, Best Accuracy: 68.75000, Best Loss: 0.049756726 at epoch 2
Time Elasped: 00:00:12
========= Epoch 3 =========
15/30: Matthews 0.31857, Accuracy: 64.58333, Loss: 0.044476246
30/30: Matthews 0.34045, Accuracy: 65.10417, Loss: 0.042777191
 
Best Matthews: 0.34538, Best Accuracy: 68.75000, Best Loss: 0.049756726 at epoch 2
Time Elasped: 00:00:14
========= Epoch 4 =========
15/30: Matthews 0.31521, Accuracy: 62.50000, Loss: 0.040643344
30/30: Matthews 0.32519, Accuracy: 63.54167, Loss: 0.040435612
 
Best Matthews: 0.34538, Best Accuracy: 68.75000, Best Loss: 0.049756726 at epoch 2
Time Elasped: 00:00:15
========= Epoch 5 =========
15/30: Matthews 0.31521, Accuracy: 62.50000, Loss: 0.038726675
30/30: Matthews 0.32018, Accuracy: 63.02083, Loss: 0.038509756
 
Best Matthews: 0.34538, Best Accuracy: 68.75000, Best Loss: 0.049756726 at epoch 2
Time Elasped: 00:00:17
========= Epoch 6 =========
15/30: Matthews 0.32018, Accuracy: 63.02083, Loss: 0.038054277
30/30: Matthews 0.37664, Accuracy: 63.54167, Loss: 0.035591138
 
Best Matthews: 0.37664, Best Accuracy: 63.54167, Best Loss: 0.035591138 at epoch 6
Time Elasped: 00:00:20
========= Epoch 7 =========
15/30: Matthews 0.37664, Accuracy: 63.54167, Loss: 0.033286149
30/30: Matthews 0.37664, Accuracy: 63.54167, Loss: 0.033830528
 
Best Matthews: 0.37664, Best Accuracy: 63.54167, Best Loss: 0.035591138 at epoch 6
Time Elasped: 00:00:22
========= Epoch 8 =========
15/30: Matthews 0.37664, Accuracy: 63.54167, Loss: 0.034469068
30/30: Matthews 0.38146, Accuracy: 64.06250, Loss: 0.033052025
 
Best Matthews: 0.38146, Best Accuracy: 64.06250, Best Loss: 0.033052025 at epoch 8
Time Elasped: 00:00:25
========= Epoch 9 =========
15/30: Matthews 0.38146, Accuracy: 64.06250, Loss: 0.031245132
30/30: Matthews 0.38146, Accuracy: 64.06250, Loss: 0.031534327
 
Best Matthews: 0.38146, Best Accuracy: 64.06250, Best Loss: 0.033052025 at epoch 8
Time Elasped: 00:00:26
========= Epoch 10 =========
15/30: Matthews 0.38146, Accuracy: 64.06250, Loss: 0.031223354
30/30: Matthews 0.38146, Accuracy: 64.06250, Loss: 0.029751763
 
Best Matthews: 0.38146, Best Accuracy: 64.06250, Best Loss: 0.033052025 at epoch 8
Time Elasped: 00:00:28
========= Epoch 11 =========
15/30: Matthews 0.38146, Accuracy: 64.06250, Loss: 0.029808611
30/30: Matthews 0.37664, Accuracy: 63.54167, Loss: 0.027927518
 
Best Matthews: 0.38146, Best Accuracy: 64.06250, Best Loss: 0.033052025 at epoch 8
Time Elasped: 00:00:30
========= Epoch 12 =========
15/30: Matthews 0.37664, Accuracy: 63.54167, Loss: 0.027205522
30/30: Matthews 0.38146, Accuracy: 64.06250, Loss: 0.027066946
 
Best Matthews: 0.38146, Best Accuracy: 64.06250, Best Loss: 0.033052025 at epoch 8
Time Elasped: 00:00:31
========= Epoch 13 =========
15/30: Matthews 0.38146, Accuracy: 64.06250, Loss: 0.027752782
30/30: Matthews 0.38146, Accuracy: 64.06250, Loss: 0.026918252
 
Best Matthews: 0.38146, Best Accuracy: 64.06250, Best Loss: 0.033052025 at epoch 8
Time Elasped: 00:00:33
========= Epoch 14 =========
15/30: Matthews 0.38632, Accuracy: 64.58333, Loss: 0.026119471
30/30: Matthews 0.38632, Accuracy: 64.58333, Loss: 0.025544713
 
Best Matthews: 0.38632, Best Accuracy: 64.58333, Best Loss: 0.026119471 at epoch 14
Time Elasped: 00:00:36
========= Epoch 15 =========
15/30: Matthews 0.38632, Accuracy: 64.58333, Loss: 0.024846057
30/30: Matthews 0.38632, Accuracy: 64.58333, Loss: 0.025076355
 
Best Matthews: 0.38632, Best Accuracy: 64.58333, Best Loss: 0.026119471 at epoch 14
Time Elasped: 00:00:38
========= Epoch 16 =========
15/30: Matthews 0.38632, Accuracy: 64.58333, Loss: 0.022888191
30/30: Matthews 0.38632, Accuracy: 64.58333, Loss: 0.023699274
 
Best Matthews: 0.38632, Best Accuracy: 64.58333, Best Loss: 0.026119471 at epoch 14
Time Elasped: 00:00:40
========= Epoch 17 =========
15/30: Matthews 0.38632, Accuracy: 64.58333, Loss: 0.024041856
30/30: Matthews 0.38632, Accuracy: 64.58333, Loss: 0.024458274
 
Best Matthews: 0.38632, Best Accuracy: 64.58333, Best Loss: 0.026119471 at epoch 14
Time Elasped: 00:00:41
========= Epoch 18 =========
15/30: Matthews 0.38632, Accuracy: 64.58333, Loss: 0.022895214
30/30: Matthews 0.40845, Accuracy: 65.10417, Loss: 0.021361152
 
Best Matthews: 0.40845, Best Accuracy: 65.10417, Best Loss: 0.021361152 at epoch 18
Time Elasped: 00:00:44
========= Epoch 19 =========
15/30: Matthews 0.38632, Accuracy: 64.58333, Loss: 0.022783741
30/30: Matthews 0.38632, Accuracy: 64.58333, Loss: 0.022681872
 
Best Matthews: 0.40845, Best Accuracy: 65.10417, Best Loss: 0.021361152 at epoch 18
Time Elasped: 00:00:46
========= Epoch 20 =========
15/30: Matthews 0.38632, Accuracy: 64.58333, Loss: 0.021521948
30/30: Matthews 0.39121, Accuracy: 65.10417, Loss: 0.022671233
 
Best Matthews: 0.40845, Best Accuracy: 65.10417, Best Loss: 0.021361152 at epoch 18
Time Elasped: 00:00:48
========= Epoch 21 =========
15/30: Matthews 0.39121, Accuracy: 65.10417, Loss: 0.023840368
30/30: Matthews 0.41330, Accuracy: 65.62500, Loss: 0.020629046
 
Best Matthews: 0.41330, Best Accuracy: 65.62500, Best Loss: 0.020629046 at epoch 21
Time Elasped: 00:00:51
========= Epoch 22 =========
15/30: Matthews 0.40845, Accuracy: 65.10417, Loss: 0.017824482
30/30: Matthews 0.41330, Accuracy: 65.62500, Loss: 0.020631664
 
Best Matthews: 0.41330, Best Accuracy: 65.62500, Best Loss: 0.020629046 at epoch 21
Time Elasped: 00:00:53
========= Epoch 23 =========
15/30: Matthews 0.39121, Accuracy: 65.10417, Loss: 0.021174992
30/30: Matthews 0.39121, Accuracy: 65.10417, Loss: 0.021725764
 
Best Matthews: 0.41330, Best Accuracy: 65.62500, Best Loss: 0.020629046 at epoch 21
Time Elasped: 00:00:54
========= Epoch 24 =========
15/30: Matthews 0.39121, Accuracy: 65.10417, Loss: 0.020795055
30/30: Matthews 0.41330, Accuracy: 65.62500, Loss: 0.019038260
 
Best Matthews: 0.41330, Best Accuracy: 65.62500, Best Loss: 0.020629046 at epoch 21
Time Elasped: 00:00:56
========= Epoch 25 =========
15/30: Matthews 0.41330, Accuracy: 65.62500, Loss: 0.018386135
30/30: Matthews 0.41330, Accuracy: 65.62500, Loss: 0.018974364
 
Best Matthews: 0.41330, Best Accuracy: 65.62500, Best Loss: 0.020629046 at epoch 21
Time Elasped: 00:00:58
========= Epoch 26 =========
15/30: Matthews 0.41330, Accuracy: 65.62500, Loss: 0.018555549
30/30: Matthews 0.41330, Accuracy: 65.62500, Loss: 0.019895742
 
Best Matthews: 0.41330, Best Accuracy: 65.62500, Best Loss: 0.020629046 at epoch 21
Time Elasped: 00:00:59
========= Epoch 27 =========
15/30: Matthews 0.39121, Accuracy: 65.10417, Loss: 0.020891507
30/30: Matthews 0.41330, Accuracy: 65.62500, Loss: 0.019056009
 
Best Matthews: 0.41330, Best Accuracy: 65.62500, Best Loss: 0.020629046 at epoch 21
Time Elasped: 00:01:01
========= Epoch 28 =========
15/30: Matthews 0.41330, Accuracy: 65.62500, Loss: 0.018419196
30/30: Matthews 0.41330, Accuracy: 65.62500, Loss: 0.017442022
 
Best Matthews: 0.41330, Best Accuracy: 65.62500, Best Loss: 0.020629046 at epoch 21
Time Elasped: 00:01:03
========= Epoch 29 =========
15/30: Matthews 0.41330, Accuracy: 65.62500, Loss: 0.017096517
30/30: Matthews 0.41330, Accuracy: 65.62500, Loss: 0.018408793
 
Best Matthews: 0.41330, Best Accuracy: 65.62500, Best Loss: 0.020629046 at epoch 21
Time Elasped: 00:01:04
========= Epoch 30 =========
15/30: Matthews 0.41330, Accuracy: 65.62500, Loss: 0.019570791
30/30: Matthews 0.41330, Accuracy: 65.62500, Loss: 0.018792275
 
Best Matthews: 0.41330, Best Accuracy: 65.62500, Best Loss: 0.020629046 at epoch 21
Time Elasped: 00:01:06
========= Epoch 31 =========
15/30: Matthews 0.41330, Accuracy: 65.62500, Loss: 0.018731120
30/30: Matthews 0.41330, Accuracy: 65.62500, Loss: 0.017365813
 
Best Matthews: 0.41330, Best Accuracy: 65.62500, Best Loss: 0.020629046 at epoch 21
Time Elasped: 00:01:08
========= Epoch 32 =========
15/30: Matthews 0.41330, Accuracy: 65.62500, Loss: 0.017277022
30/30: Matthews 0.41330, Accuracy: 65.62500, Loss: 0.017549198
 
Best Matthews: 0.41330, Best Accuracy: 65.62500, Best Loss: 0.020629046 at epoch 21
Time Elasped: 00:01:09
========= Epoch 33 =========
15/30: Matthews 0.41330, Accuracy: 65.62500, Loss: 0.017490936
30/30: Matthews 0.41330, Accuracy: 65.62500, Loss: 0.016908435
 
Best Matthews: 0.41330, Best Accuracy: 65.62500, Best Loss: 0.020629046 at epoch 21
Time Elasped: 00:01:11
========= Epoch 34 =========
15/30: Matthews 0.39121, Accuracy: 65.10417, Loss: 0.015748979
30/30: Matthews 0.39121, Accuracy: 65.10417, Loss: 0.016710279
 
Best Matthews: 0.41330, Best Accuracy: 65.62500, Best Loss: 0.020629046 at epoch 21
Time Elasped: 00:01:13
========= Epoch 35 =========
15/30: Matthews 0.39121, Accuracy: 65.10417, Loss: 0.017739310
30/30: Matthews 0.39121, Accuracy: 65.10417, Loss: 0.018399954
 
Best Matthews: 0.41330, Best Accuracy: 65.62500, Best Loss: 0.020629046 at epoch 21
Time Elasped: 00:01:14
========= Epoch 36 =========
15/30: Matthews 0.39121, Accuracy: 65.10417, Loss: 0.017950377
30/30: Matthews 0.39121, Accuracy: 65.10417, Loss: 0.016107894
 
Best Matthews: 0.41330, Best Accuracy: 65.62500, Best Loss: 0.020629046 at epoch 21
Time Elasped: 00:01:16
========= Epoch 37 =========
15/30: Matthews 0.41330, Accuracy: 65.62500, Loss: 0.016105215
30/30: Matthews 0.39121, Accuracy: 65.10417, Loss: 0.017152123
 
Best Matthews: 0.41330, Best Accuracy: 65.62500, Best Loss: 0.020629046 at epoch 21
Time Elasped: 00:01:18
========= Epoch 38 =========
15/30: Matthews 0.39121, Accuracy: 65.10417, Loss: 0.015952172
30/30: Matthews 0.39121, Accuracy: 65.10417, Loss: 0.015211239
 
Best Matthews: 0.41330, Best Accuracy: 65.62500, Best Loss: 0.020629046 at epoch 21
Time Elasped: 00:01:19
========= Epoch 39 =========
15/30: Matthews 0.39121, Accuracy: 65.10417, Loss: 0.016558684
30/30: Matthews 0.39121, Accuracy: 65.10417, Loss: 0.015451388
 
Best Matthews: 0.41330, Best Accuracy: 65.62500, Best Loss: 0.020629046 at epoch 21
Time Elasped: 00:01:21
========= Epoch 40 =========
15/30: Matthews 0.39121, Accuracy: 65.10417, Loss: 0.014863446
30/30: Matthews 0.39121, Accuracy: 65.10417, Loss: 0.016579097
 
Best Matthews: 0.41330, Best Accuracy: 65.62500, Best Loss: 0.020629046 at epoch 21
Time Elasped: 00:01:23
========= Epoch 41 =========
15/30: Matthews 0.39121, Accuracy: 65.10417, Loss: 0.015829998
30/30: Matthews 0.39121, Accuracy: 65.10417, Loss: 0.014779819
 
Best Matthews: 0.41330, Best Accuracy: 65.62500, Best Loss: 0.020629046 at epoch 21
Time Elasped: 00:01:24
========= Epoch 42 =========
Early Stopping activated
 
Best Matthews: 0.41330, Best Accuracy: 65.62500, Best Loss: 0.020629046 at epoch 21
Time Elasped: 00:01:27
Test Set:
0/0: Matthews 0.50633, Accuracy: 72.64706, Loss: 0.001228035
