Namespace(batch_size=32, buffer_size=1, by_source=False, crop_pad_length=30, data='./acceptability_corpus/verb_classes/there', data_type='discriminator', dropout=0.5, embedding='glove.6B.300d', embedding_path='/scratch/asw462/models/elmo_encoder/elmo.emb', embedding_size=217, encoder_num_layers=2, encoder_path='/scratch/asw462/models/elmo_encoder/elmo.pth', encoding_size=528, encoding_type='lstm_pooling_classifier', epochs=1000, evaluate_train=False, experiment_name='experiment_linear_classifier_h_48_l_3_lr_0.0001_e_217_do_0.5', glove=False, gpu=True, hidden_size=48, imbalance=True, learning_rate=9e-05, lm_path=None, logs_dir='/scratch/asw462/logs/verb_classes/there', max_pool=False, model='linear_classifier', num_layers=3, output_dir='/scratch/asw462/logs/verb_classes/outputs/there', patience=20, preprocess_tokenizer='space', prints_per_stage=1, resume=True, resume_file=None, save_loc='/scratch/asw462/models/verb_classes/there', seed=1111, should_not_log=False, should_not_lowercase=False, should_not_preprocess_data=False, stages_per_epoch=2, train_embeddings=False, train_evaluate_interval=10, vocab_file='/scratch/asw462/data/vocab_100k.tsv')
======== General =======
Model: linear_classifier
GPU: True
Experiment Name: experiment_linear_classifier_h_48_l_3_lr_0.0001_e_217_do_0.5
Save location: /scratch/asw462/models/verb_classes/there
Logs dir: /scratch/asw462/logs/verb_classes/there
Timestamp: 2018/08/01 20:49:03
 
======== Data =======
Training set: 946 examples
Validation set: 192 examples
Test set: 680 examples
 
======= Parameters =======
Learning Rate: 0.000090
Batch Size: 32
Epochs: 1000
Patience: 20
Stages per Epoch: 2
Embedding: 100004 x 217
Number of layers: 3
Hidden Size: 48
Encoder Size: 528
Resume: True
 
======= Model =======
LinearClassifierWithEncoder(
  (model): LinearClassifier(
    (dropout): Dropout(p=0.5)
    (enc2h): Linear(in_features=1056, out_features=48, bias=True)
    (h20): Linear(in_features=48, out_features=1, bias=True)
    (sigmoid): Sigmoid()
    (tanh): Tanh()
    (softmax): Softmax()
  )
  (encoder): LSTMPoolingClassifierWithELMo(
    (elmo): ELMOClassifier(
      (lm): LSTMLanguageModel(
        (dropout): Dropout(p=0.2)
        (embedding): Embedding(100003, 217)
        (lstm): LSTM(217, 891, num_layers=2, dropout=0.2)
        (fc): Linear(in_features=891, out_features=100003, bias=True)
      )
      (lstms): ModuleList(
        (0): LSTM(217, 891, batch_first=True)
        (1): LSTM(891, 891, batch_first=True)
      )
      (dropout): Dropout(p=0.2)
      (linear_comb): Linear(in_features=2, out_features=1, bias=True)
      (fc1): Linear(in_features=891, out_features=528, bias=True)
      (relu): ReLU()
      (out): Linear(in_features=528, out_features=1, bias=True)
      (sigmoid): Sigmoid()
    )
    (pooling_classifier): LSTMPoolingClassifier(
      (ih2h): LSTM(891, 528, num_layers=3, batch_first=True, dropout=0.2, bidirectional=True)
      (pool2o): Linear(in_features=1056, out_features=1, bias=True)
      (sigmoid): Sigmoid()
      (softmax): Softmax()
      (dropout): Dropout(p=0.2)
    )
  )
)
 
========= Epoch 1 =========
15/30: Matthews 0.24120, Accuracy: 65.10417, Loss: 0.056394160
30/30: Matthews 0.28557, Accuracy: 67.70833, Loss: 0.054680184
 
Best Matthews: 0.28557, Best Accuracy: 67.70833, Best Loss: 0.054680184 at epoch 1
Time Elasped: 00:00:09
========= Epoch 2 =========
15/30: Matthews 0.29055, Accuracy: 66.66667, Loss: 0.052810808
30/30: Matthews 0.28503, Accuracy: 66.14583, Loss: 0.051656236
 
Best Matthews: 0.29055, Best Accuracy: 66.66667, Best Loss: 0.052810808 at epoch 2
Time Elasped: 00:00:13
========= Epoch 3 =========
15/30: Matthews 0.29613, Accuracy: 67.18750, Loss: 0.051172306
30/30: Matthews 0.31782, Accuracy: 66.14583, Loss: 0.048919583
 
Best Matthews: 0.31782, Best Accuracy: 66.14583, Best Loss: 0.048919583 at epoch 3
Time Elasped: 00:00:18
========= Epoch 4 =========
15/30: Matthews 0.32901, Accuracy: 65.62500, Loss: 0.047045097
30/30: Matthews 0.30323, Accuracy: 63.02083, Loss: 0.044945821
 
Best Matthews: 0.32901, Best Accuracy: 65.62500, Best Loss: 0.047045097 at epoch 4
Time Elasped: 00:00:21
========= Epoch 5 =========
15/30: Matthews 0.28823, Accuracy: 61.45833, Loss: 0.042925805
30/30: Matthews 0.31521, Accuracy: 62.50000, Loss: 0.042303349
 
Best Matthews: 0.32901, Best Accuracy: 65.62500, Best Loss: 0.047045097 at epoch 4
Time Elasped: 00:00:23
========= Epoch 6 =========
15/30: Matthews 0.31521, Accuracy: 62.50000, Loss: 0.040336890
30/30: Matthews 0.31521, Accuracy: 62.50000, Loss: 0.039410383
 
Best Matthews: 0.32901, Best Accuracy: 65.62500, Best Loss: 0.047045097 at epoch 4
Time Elasped: 00:00:25
========= Epoch 7 =========
15/30: Matthews 0.35933, Accuracy: 63.54167, Loss: 0.038127941
30/30: Matthews 0.37664, Accuracy: 63.54167, Loss: 0.036913599
 
Best Matthews: 0.37664, Best Accuracy: 63.54167, Best Loss: 0.036913599 at epoch 7
Time Elasped: 00:00:31
========= Epoch 8 =========
15/30: Matthews 0.35933, Accuracy: 63.54167, Loss: 0.037775489
30/30: Matthews 0.37664, Accuracy: 63.54167, Loss: 0.036340465
 
Best Matthews: 0.37664, Best Accuracy: 63.54167, Best Loss: 0.036913599 at epoch 7
Time Elasped: 00:00:33
========= Epoch 9 =========
15/30: Matthews 0.37664, Accuracy: 63.54167, Loss: 0.035215964
30/30: Matthews 0.37664, Accuracy: 63.54167, Loss: 0.034158024
 
Best Matthews: 0.37664, Best Accuracy: 63.54167, Best Loss: 0.036913599 at epoch 7
Time Elasped: 00:00:34
========= Epoch 10 =========
15/30: Matthews 0.37664, Accuracy: 63.54167, Loss: 0.033439994
30/30: Matthews 0.37664, Accuracy: 63.54167, Loss: 0.032800106
 
Best Matthews: 0.37664, Best Accuracy: 63.54167, Best Loss: 0.036913599 at epoch 7
Time Elasped: 00:00:36
========= Epoch 11 =========
15/30: Matthews 0.38146, Accuracy: 64.06250, Loss: 0.031815271
30/30: Matthews 0.38146, Accuracy: 64.06250, Loss: 0.032782805
 
Best Matthews: 0.38146, Best Accuracy: 64.06250, Best Loss: 0.031815271 at epoch 11
Time Elasped: 00:00:40
========= Epoch 12 =========
15/30: Matthews 0.38146, Accuracy: 64.06250, Loss: 0.032036543
30/30: Matthews 0.38146, Accuracy: 64.06250, Loss: 0.031488210
 
Best Matthews: 0.38146, Best Accuracy: 64.06250, Best Loss: 0.031815271 at epoch 11
Time Elasped: 00:00:41
========= Epoch 13 =========
15/30: Matthews 0.38146, Accuracy: 64.06250, Loss: 0.031233907
30/30: Matthews 0.38146, Accuracy: 64.06250, Loss: 0.030529313
 
Best Matthews: 0.38146, Best Accuracy: 64.06250, Best Loss: 0.031815271 at epoch 11
Time Elasped: 00:00:43
========= Epoch 14 =========
15/30: Matthews 0.38146, Accuracy: 64.06250, Loss: 0.028653783
30/30: Matthews 0.38146, Accuracy: 64.06250, Loss: 0.028685026
 
Best Matthews: 0.38146, Best Accuracy: 64.06250, Best Loss: 0.031815271 at epoch 11
Time Elasped: 00:00:45
========= Epoch 15 =========
15/30: Matthews 0.38632, Accuracy: 64.58333, Loss: 0.027950257
30/30: Matthews 0.38632, Accuracy: 64.58333, Loss: 0.027506001
 
Best Matthews: 0.38632, Best Accuracy: 64.58333, Best Loss: 0.027950257 at epoch 15
Time Elasped: 00:00:49
========= Epoch 16 =========
15/30: Matthews 0.38632, Accuracy: 64.58333, Loss: 0.027729926
30/30: Matthews 0.39121, Accuracy: 65.10417, Loss: 0.027125085
 
Best Matthews: 0.39121, Best Accuracy: 65.10417, Best Loss: 0.027125085 at epoch 16
Time Elasped: 00:00:53
========= Epoch 17 =========
15/30: Matthews 0.38632, Accuracy: 64.58333, Loss: 0.026472377
30/30: Matthews 0.39121, Accuracy: 65.10417, Loss: 0.026689264
 
Best Matthews: 0.39121, Best Accuracy: 65.10417, Best Loss: 0.027125085 at epoch 16
Time Elasped: 00:00:55
========= Epoch 18 =========
15/30: Matthews 0.39121, Accuracy: 65.10417, Loss: 0.026964212
30/30: Matthews 0.38632, Accuracy: 64.58333, Loss: 0.025845811
 
Best Matthews: 0.39121, Best Accuracy: 65.10417, Best Loss: 0.027125085 at epoch 16
Time Elasped: 00:00:57
========= Epoch 19 =========
15/30: Matthews 0.38632, Accuracy: 64.58333, Loss: 0.025462354
30/30: Matthews 0.38632, Accuracy: 64.58333, Loss: 0.024970978
 
Best Matthews: 0.39121, Best Accuracy: 65.10417, Best Loss: 0.027125085 at epoch 16
Time Elasped: 00:00:58
========= Epoch 20 =========
15/30: Matthews 0.38632, Accuracy: 64.58333, Loss: 0.023946864
30/30: Matthews 0.38632, Accuracy: 64.58333, Loss: 0.024282535
 
Best Matthews: 0.39121, Best Accuracy: 65.10417, Best Loss: 0.027125085 at epoch 16
Time Elasped: 00:01:00
========= Epoch 21 =========
15/30: Matthews 0.38632, Accuracy: 64.58333, Loss: 0.024378459
30/30: Matthews 0.38632, Accuracy: 64.58333, Loss: 0.024010941
 
Best Matthews: 0.39121, Best Accuracy: 65.10417, Best Loss: 0.027125085 at epoch 16
Time Elasped: 00:01:02
========= Epoch 22 =========
15/30: Matthews 0.39121, Accuracy: 65.10417, Loss: 0.025263876
30/30: Matthews 0.39121, Accuracy: 65.10417, Loss: 0.023213034
 
Best Matthews: 0.39121, Best Accuracy: 65.10417, Best Loss: 0.027125085 at epoch 16
Time Elasped: 00:01:04
========= Epoch 23 =========
15/30: Matthews 0.39121, Accuracy: 65.10417, Loss: 0.022402555
30/30: Matthews 0.39121, Accuracy: 65.10417, Loss: 0.022572055
 
Best Matthews: 0.39121, Best Accuracy: 65.10417, Best Loss: 0.027125085 at epoch 16
Time Elasped: 00:01:05
========= Epoch 24 =========
15/30: Matthews 0.41330, Accuracy: 65.62500, Loss: 0.021631231
30/30: Matthews 0.39121, Accuracy: 65.10417, Loss: 0.022709812
 
Best Matthews: 0.41330, Best Accuracy: 65.62500, Best Loss: 0.021631231 at epoch 24
Time Elasped: 00:01:09
========= Epoch 25 =========
15/30: Matthews 0.39121, Accuracy: 65.10417, Loss: 0.022770397
30/30: Matthews 0.39121, Accuracy: 65.10417, Loss: 0.021705550
 
Best Matthews: 0.41330, Best Accuracy: 65.62500, Best Loss: 0.021631231 at epoch 24
Time Elasped: 00:01:10
========= Epoch 26 =========
15/30: Matthews 0.41330, Accuracy: 65.62500, Loss: 0.020600953
30/30: Matthews 0.39121, Accuracy: 65.10417, Loss: 0.022571457
 
Best Matthews: 0.41330, Best Accuracy: 65.62500, Best Loss: 0.021631231 at epoch 24
Time Elasped: 00:01:12
========= Epoch 27 =========
15/30: Matthews 0.41330, Accuracy: 65.62500, Loss: 0.020909220
30/30: Matthews 0.41330, Accuracy: 65.62500, Loss: 0.021359250
 
Best Matthews: 0.41330, Best Accuracy: 65.62500, Best Loss: 0.021631231 at epoch 24
Time Elasped: 00:01:14
========= Epoch 28 =========
15/30: Matthews 0.39121, Accuracy: 65.10417, Loss: 0.022113482
30/30: Matthews 0.39121, Accuracy: 65.10417, Loss: 0.021216435
 
Best Matthews: 0.41330, Best Accuracy: 65.62500, Best Loss: 0.021631231 at epoch 24
Time Elasped: 00:01:16
========= Epoch 29 =========
15/30: Matthews 0.41330, Accuracy: 65.62500, Loss: 0.020253964
30/30: Matthews 0.41330, Accuracy: 65.62500, Loss: 0.019012620
 
Best Matthews: 0.41330, Best Accuracy: 65.62500, Best Loss: 0.021631231 at epoch 24
Time Elasped: 00:01:17
========= Epoch 30 =========
15/30: Matthews 0.41330, Accuracy: 65.62500, Loss: 0.020138793
30/30: Matthews 0.41330, Accuracy: 65.62500, Loss: 0.020556110
 
Best Matthews: 0.41330, Best Accuracy: 65.62500, Best Loss: 0.021631231 at epoch 24
Time Elasped: 00:01:19
========= Epoch 31 =========
15/30: Matthews 0.39121, Accuracy: 65.10417, Loss: 0.020714868
30/30: Matthews 0.41330, Accuracy: 65.62500, Loss: 0.019358164
 
Best Matthews: 0.41330, Best Accuracy: 65.62500, Best Loss: 0.021631231 at epoch 24
Time Elasped: 00:01:21
========= Epoch 32 =========
15/30: Matthews 0.41330, Accuracy: 65.62500, Loss: 0.019849507
30/30: Matthews 0.41330, Accuracy: 65.62500, Loss: 0.019652329
 
Best Matthews: 0.41330, Best Accuracy: 65.62500, Best Loss: 0.021631231 at epoch 24
Time Elasped: 00:01:23
========= Epoch 33 =========
15/30: Matthews 0.41330, Accuracy: 65.62500, Loss: 0.016866446
30/30: Matthews 0.41330, Accuracy: 65.62500, Loss: 0.018628833
 
Best Matthews: 0.41330, Best Accuracy: 65.62500, Best Loss: 0.021631231 at epoch 24
Time Elasped: 00:01:24
========= Epoch 34 =========
15/30: Matthews 0.41330, Accuracy: 65.62500, Loss: 0.019715444
30/30: Matthews 0.41330, Accuracy: 65.62500, Loss: 0.018475252
 
Best Matthews: 0.41330, Best Accuracy: 65.62500, Best Loss: 0.021631231 at epoch 24
Time Elasped: 00:01:26
========= Epoch 35 =========
15/30: Matthews 0.41330, Accuracy: 65.62500, Loss: 0.019037150
30/30: Matthews 0.41330, Accuracy: 65.62500, Loss: 0.017906035
 
Best Matthews: 0.41330, Best Accuracy: 65.62500, Best Loss: 0.021631231 at epoch 24
Time Elasped: 00:01:28
========= Epoch 36 =========
15/30: Matthews 0.41330, Accuracy: 65.62500, Loss: 0.017985699
30/30: Matthews 0.41330, Accuracy: 65.62500, Loss: 0.018617692
 
Best Matthews: 0.41330, Best Accuracy: 65.62500, Best Loss: 0.021631231 at epoch 24
Time Elasped: 00:01:30
========= Epoch 37 =========
15/30: Matthews 0.39121, Accuracy: 65.10417, Loss: 0.018274734
30/30: Matthews 0.41330, Accuracy: 65.62500, Loss: 0.018478485
 
Best Matthews: 0.41330, Best Accuracy: 65.62500, Best Loss: 0.021631231 at epoch 24
Time Elasped: 00:01:31
========= Epoch 38 =========
15/30: Matthews 0.41330, Accuracy: 65.62500, Loss: 0.017213933
30/30: Matthews 0.41330, Accuracy: 65.62500, Loss: 0.017496993
 
Best Matthews: 0.41330, Best Accuracy: 65.62500, Best Loss: 0.021631231 at epoch 24
Time Elasped: 00:01:33
========= Epoch 39 =========
15/30: Matthews 0.41330, Accuracy: 65.62500, Loss: 0.017313073
30/30: Matthews 0.41330, Accuracy: 65.62500, Loss: 0.017281308
 
Best Matthews: 0.41330, Best Accuracy: 65.62500, Best Loss: 0.021631231 at epoch 24
Time Elasped: 00:01:35
========= Epoch 40 =========
15/30: Matthews 0.39121, Accuracy: 65.10417, Loss: 0.018612420
30/30: Matthews 0.41330, Accuracy: 65.62500, Loss: 0.016805862
 
Best Matthews: 0.41330, Best Accuracy: 65.62500, Best Loss: 0.021631231 at epoch 24
Time Elasped: 00:01:37
========= Epoch 41 =========
15/30: Matthews 0.41330, Accuracy: 65.62500, Loss: 0.017356135
30/30: Matthews 0.39121, Accuracy: 65.10417, Loss: 0.017737109
 
Best Matthews: 0.41330, Best Accuracy: 65.62500, Best Loss: 0.021631231 at epoch 24
Time Elasped: 00:01:38
========= Epoch 42 =========
15/30: Matthews 0.39121, Accuracy: 65.10417, Loss: 0.016965948
30/30: Matthews 0.39121, Accuracy: 65.10417, Loss: 0.016748469
 
Best Matthews: 0.41330, Best Accuracy: 65.62500, Best Loss: 0.021631231 at epoch 24
Time Elasped: 00:01:40
========= Epoch 43 =========
15/30: Matthews 0.39121, Accuracy: 65.10417, Loss: 0.017858310
30/30: Matthews 0.39121, Accuracy: 65.10417, Loss: 0.017229019
 
Best Matthews: 0.41330, Best Accuracy: 65.62500, Best Loss: 0.021631231 at epoch 24
Time Elasped: 00:01:42
========= Epoch 44 =========
15/30: Matthews 0.39121, Accuracy: 65.10417, Loss: 0.018657980
30/30: Matthews 0.39121, Accuracy: 65.10417, Loss: 0.017523980
 
Best Matthews: 0.41330, Best Accuracy: 65.62500, Best Loss: 0.021631231 at epoch 24
Time Elasped: 00:01:44
========= Epoch 45 =========
Early Stopping activated
 
Best Matthews: 0.41330, Best Accuracy: 65.62500, Best Loss: 0.021631231 at epoch 24
Time Elasped: 00:01:46
Test Set:
0/0: Matthews 0.51877, Accuracy: 73.08824, Loss: 0.001291904
