Namespace(batch_size=32, buffer_size=1, by_source=False, crop_pad_length=30, data='./acceptability_corpus/verb_classes/there', data_type='discriminator', dropout=0.5, embedding='glove.6B.300d', embedding_path='/scratch/asw462/models/elmo_encoder/elmo.emb', embedding_size=217, encoder_num_layers=2, encoder_path='/scratch/asw462/models/elmo_encoder/elmo.pth', encoding_size=528, encoding_type='lstm_pooling_classifier', epochs=1000, evaluate_train=False, experiment_name='experiment_linear_classifier_h_61_l_4_lr_0.0001_e_217_do_0.5', glove=False, gpu=True, hidden_size=61, imbalance=True, learning_rate=0.00011, lm_path=None, logs_dir='/scratch/asw462/logs/verb_classes/there', max_pool=False, model='linear_classifier', num_layers=4, output_dir='/scratch/asw462/logs/verb_classes/outputs/there', patience=20, preprocess_tokenizer='space', prints_per_stage=1, resume=True, resume_file=None, save_loc='/scratch/asw462/models/verb_classes/there', seed=1111, should_not_log=False, should_not_lowercase=False, should_not_preprocess_data=False, stages_per_epoch=2, train_embeddings=False, train_evaluate_interval=10, vocab_file='/scratch/asw462/data/vocab_100k.tsv')
======== General =======
Model: linear_classifier
GPU: True
Experiment Name: experiment_linear_classifier_h_61_l_4_lr_0.0001_e_217_do_0.5
Save location: /scratch/asw462/models/verb_classes/there
Logs dir: /scratch/asw462/logs/verb_classes/there
Timestamp: 2018/08/01 20:04:58
 
======== Data =======
Training set: 946 examples
Validation set: 192 examples
Test set: 680 examples
 
======= Parameters =======
Learning Rate: 0.000110
Batch Size: 32
Epochs: 1000
Patience: 20
Stages per Epoch: 2
Embedding: 100004 x 217
Number of layers: 4
Hidden Size: 61
Encoder Size: 528
Resume: True
 
======= Model =======
LinearClassifierWithEncoder(
  (model): LinearClassifier(
    (dropout): Dropout(p=0.5)
    (enc2h): Linear(in_features=1056, out_features=61, bias=True)
    (h20): Linear(in_features=61, out_features=1, bias=True)
    (sigmoid): Sigmoid()
    (tanh): Tanh()
    (softmax): Softmax()
  )
  (encoder): LSTMPoolingClassifierWithELMo(
    (elmo): ELMOClassifier(
      (lm): LSTMLanguageModel(
        (dropout): Dropout(p=0.2)
        (embedding): Embedding(100003, 217)
        (lstm): LSTM(217, 891, num_layers=2, dropout=0.2)
        (fc): Linear(in_features=891, out_features=100003, bias=True)
      )
      (lstms): ModuleList(
        (0): LSTM(217, 891, batch_first=True)
        (1): LSTM(891, 891, batch_first=True)
      )
      (dropout): Dropout(p=0.2)
      (linear_comb): Linear(in_features=2, out_features=1, bias=True)
      (fc1): Linear(in_features=891, out_features=528, bias=True)
      (relu): ReLU()
      (out): Linear(in_features=528, out_features=1, bias=True)
      (sigmoid): Sigmoid()
    )
    (pooling_classifier): LSTMPoolingClassifier(
      (ih2h): LSTM(891, 528, num_layers=3, batch_first=True, dropout=0.2, bidirectional=True)
      (pool2o): Linear(in_features=1056, out_features=1, bias=True)
      (sigmoid): Sigmoid()
      (softmax): Softmax()
      (dropout): Dropout(p=0.2)
    )
  )
)
 
========= Epoch 1 =========
15/30: Matthews 0.23847, Accuracy: 69.27083, Loss: 0.055775846
30/30: Matthews 0.31904, Accuracy: 69.27083, Loss: 0.052466388
 
Best Matthews: 0.31904, Best Accuracy: 69.27083, Best Loss: 0.052466388 at epoch 1
Time Elasped: 00:00:09
========= Epoch 2 =========
15/30: Matthews 0.32868, Accuracy: 67.18750, Loss: 0.049179504
30/30: Matthews 0.30717, Accuracy: 65.10417, Loss: 0.046436846
 
Best Matthews: 0.32868, Best Accuracy: 67.18750, Best Loss: 0.049179504 at epoch 2
Time Elasped: 00:00:12
========= Epoch 3 =========
15/30: Matthews 0.32519, Accuracy: 63.54167, Loss: 0.043320398
30/30: Matthews 0.32519, Accuracy: 63.54167, Loss: 0.041445489
 
Best Matthews: 0.32868, Best Accuracy: 67.18750, Best Loss: 0.049179504 at epoch 2
Time Elasped: 00:00:13
========= Epoch 4 =========
15/30: Matthews 0.32018, Accuracy: 63.02083, Loss: 0.040311322
30/30: Matthews 0.32018, Accuracy: 63.02083, Loss: 0.039698742
 
Best Matthews: 0.32868, Best Accuracy: 67.18750, Best Loss: 0.049179504 at epoch 2
Time Elasped: 00:00:15
========= Epoch 5 =========
15/30: Matthews 0.34219, Accuracy: 63.54167, Loss: 0.038235935
30/30: Matthews 0.38146, Accuracy: 64.06250, Loss: 0.035911346
 
Best Matthews: 0.38146, Best Accuracy: 64.06250, Best Loss: 0.035911346 at epoch 5
Time Elasped: 00:00:19
========= Epoch 6 =========
15/30: Matthews 0.37664, Accuracy: 63.54167, Loss: 0.033984914
30/30: Matthews 0.37664, Accuracy: 63.54167, Loss: 0.032577547
 
Best Matthews: 0.38146, Best Accuracy: 64.06250, Best Loss: 0.035911346 at epoch 5
Time Elasped: 00:00:21
========= Epoch 7 =========
15/30: Matthews 0.38146, Accuracy: 64.06250, Loss: 0.031718845
30/30: Matthews 0.38146, Accuracy: 64.06250, Loss: 0.032701922
 
Best Matthews: 0.38146, Best Accuracy: 64.06250, Best Loss: 0.035911346 at epoch 5
Time Elasped: 00:00:22
========= Epoch 8 =========
15/30: Matthews 0.38146, Accuracy: 64.06250, Loss: 0.032846111
30/30: Matthews 0.38146, Accuracy: 64.06250, Loss: 0.030930437
 
Best Matthews: 0.38146, Best Accuracy: 64.06250, Best Loss: 0.035911346 at epoch 5
Time Elasped: 00:00:24
========= Epoch 9 =========
15/30: Matthews 0.38146, Accuracy: 64.06250, Loss: 0.028937307
30/30: Matthews 0.37664, Accuracy: 63.54167, Loss: 0.028260042
 
Best Matthews: 0.38146, Best Accuracy: 64.06250, Best Loss: 0.035911346 at epoch 5
Time Elasped: 00:00:25
========= Epoch 10 =========
15/30: Matthews 0.37664, Accuracy: 63.54167, Loss: 0.027529746
30/30: Matthews 0.38146, Accuracy: 64.06250, Loss: 0.028902424
 
Best Matthews: 0.38146, Best Accuracy: 64.06250, Best Loss: 0.035911346 at epoch 5
Time Elasped: 00:00:27
========= Epoch 11 =========
15/30: Matthews 0.38632, Accuracy: 64.58333, Loss: 0.029664166
30/30: Matthews 0.38632, Accuracy: 64.58333, Loss: 0.027390475
 
Best Matthews: 0.38632, Best Accuracy: 64.58333, Best Loss: 0.029664166 at epoch 11
Time Elasped: 00:00:30
========= Epoch 12 =========
15/30: Matthews 0.38632, Accuracy: 64.58333, Loss: 0.025273308
30/30: Matthews 0.38632, Accuracy: 64.58333, Loss: 0.025592327
 
Best Matthews: 0.38632, Best Accuracy: 64.58333, Best Loss: 0.029664166 at epoch 11
Time Elasped: 00:00:31
========= Epoch 13 =========
15/30: Matthews 0.38632, Accuracy: 64.58333, Loss: 0.025868858
30/30: Matthews 0.38632, Accuracy: 64.58333, Loss: 0.024248938
 
Best Matthews: 0.38632, Best Accuracy: 64.58333, Best Loss: 0.029664166 at epoch 11
Time Elasped: 00:00:33
========= Epoch 14 =========
15/30: Matthews 0.40845, Accuracy: 65.10417, Loss: 0.022710045
30/30: Matthews 0.38632, Accuracy: 64.58333, Loss: 0.024372265
 
Best Matthews: 0.40845, Best Accuracy: 65.10417, Best Loss: 0.022710045 at epoch 14
Time Elasped: 00:00:36
========= Epoch 15 =========
15/30: Matthews 0.39615, Accuracy: 65.62500, Loss: 0.025918365
30/30: Matthews 0.38632, Accuracy: 64.58333, Loss: 0.023289258
 
Best Matthews: 0.40845, Best Accuracy: 65.10417, Best Loss: 0.022710045 at epoch 14
Time Elasped: 00:00:37
========= Epoch 16 =========
15/30: Matthews 0.40845, Accuracy: 65.10417, Loss: 0.021136155
30/30: Matthews 0.41330, Accuracy: 65.62500, Loss: 0.021332671
 
Best Matthews: 0.41330, Best Accuracy: 65.62500, Best Loss: 0.021332671 at epoch 16
Time Elasped: 00:00:40
========= Epoch 17 =========
15/30: Matthews 0.39121, Accuracy: 65.10417, Loss: 0.023700173
30/30: Matthews 0.41330, Accuracy: 65.62500, Loss: 0.021224705
 
Best Matthews: 0.41330, Best Accuracy: 65.62500, Best Loss: 0.021332671 at epoch 16
Time Elasped: 00:00:42
========= Epoch 18 =========
15/30: Matthews 0.45762, Accuracy: 66.66667, Loss: 0.018105137
30/30: Matthews 0.43543, Accuracy: 66.14583, Loss: 0.019519902
 
Best Matthews: 0.45762, Best Accuracy: 66.66667, Best Loss: 0.018105137 at epoch 18
Time Elasped: 00:00:45
========= Epoch 19 =========
15/30: Matthews 0.41330, Accuracy: 65.62500, Loss: 0.020818427
30/30: Matthews 0.41330, Accuracy: 65.62500, Loss: 0.020805599
 
Best Matthews: 0.45762, Best Accuracy: 66.66667, Best Loss: 0.018105137 at epoch 18
Time Elasped: 00:00:46
========= Epoch 20 =========
15/30: Matthews 0.41330, Accuracy: 65.62500, Loss: 0.021855138
30/30: Matthews 0.41330, Accuracy: 65.62500, Loss: 0.019951964
 
Best Matthews: 0.45762, Best Accuracy: 66.66667, Best Loss: 0.018105137 at epoch 18
Time Elasped: 00:00:48
========= Epoch 21 =========
15/30: Matthews 0.41330, Accuracy: 65.62500, Loss: 0.018984449
30/30: Matthews 0.41330, Accuracy: 65.62500, Loss: 0.018716094
 
Best Matthews: 0.45762, Best Accuracy: 66.66667, Best Loss: 0.018105137 at epoch 18
Time Elasped: 00:00:49
========= Epoch 22 =========
15/30: Matthews 0.41330, Accuracy: 65.62500, Loss: 0.018101255
30/30: Matthews 0.41330, Accuracy: 65.62500, Loss: 0.019127791
 
Best Matthews: 0.45762, Best Accuracy: 66.66667, Best Loss: 0.018105137 at epoch 18
Time Elasped: 00:00:51
========= Epoch 23 =========
15/30: Matthews 0.41330, Accuracy: 65.62500, Loss: 0.019832430
30/30: Matthews 0.43543, Accuracy: 66.14583, Loss: 0.016987295
 
Best Matthews: 0.45762, Best Accuracy: 66.66667, Best Loss: 0.018105137 at epoch 18
Time Elasped: 00:00:52
========= Epoch 24 =========
15/30: Matthews 0.41330, Accuracy: 65.62500, Loss: 0.018250495
30/30: Matthews 0.41330, Accuracy: 65.62500, Loss: 0.018090514
 
Best Matthews: 0.45762, Best Accuracy: 66.66667, Best Loss: 0.018105137 at epoch 18
Time Elasped: 00:00:54
========= Epoch 25 =========
15/30: Matthews 0.43543, Accuracy: 66.14583, Loss: 0.016558178
30/30: Matthews 0.43543, Accuracy: 66.14583, Loss: 0.017086353
 
Best Matthews: 0.45762, Best Accuracy: 66.66667, Best Loss: 0.018105137 at epoch 18
Time Elasped: 00:00:55
========= Epoch 26 =========
15/30: Matthews 0.41330, Accuracy: 65.62500, Loss: 0.017915249
30/30: Matthews 0.41330, Accuracy: 65.62500, Loss: 0.018959867
 
Best Matthews: 0.45762, Best Accuracy: 66.66667, Best Loss: 0.018105137 at epoch 18
Time Elasped: 00:00:57
========= Epoch 27 =========
15/30: Matthews 0.41330, Accuracy: 65.62500, Loss: 0.016411235
30/30: Matthews 0.41330, Accuracy: 65.62500, Loss: 0.016847753
 
Best Matthews: 0.45762, Best Accuracy: 66.66667, Best Loss: 0.018105137 at epoch 18
Time Elasped: 00:00:58
========= Epoch 28 =========
15/30: Matthews 0.41330, Accuracy: 65.62500, Loss: 0.019932708
30/30: Matthews 0.41330, Accuracy: 65.62500, Loss: 0.017443622
 
Best Matthews: 0.45762, Best Accuracy: 66.66667, Best Loss: 0.018105137 at epoch 18
Time Elasped: 00:01:00
========= Epoch 29 =========
15/30: Matthews 0.41330, Accuracy: 65.62500, Loss: 0.017082994
30/30: Matthews 0.41330, Accuracy: 65.62500, Loss: 0.016049338
 
Best Matthews: 0.45762, Best Accuracy: 66.66667, Best Loss: 0.018105137 at epoch 18
Time Elasped: 00:01:01
========= Epoch 30 =========
15/30: Matthews 0.41330, Accuracy: 65.62500, Loss: 0.017693903
30/30: Matthews 0.41330, Accuracy: 65.62500, Loss: 0.016570325
 
Best Matthews: 0.45762, Best Accuracy: 66.66667, Best Loss: 0.018105137 at epoch 18
Time Elasped: 00:01:03
========= Epoch 31 =========
15/30: Matthews 0.43543, Accuracy: 66.14583, Loss: 0.012824247
30/30: Matthews 0.41330, Accuracy: 65.62500, Loss: 0.015587704
 
Best Matthews: 0.45762, Best Accuracy: 66.66667, Best Loss: 0.018105137 at epoch 18
Time Elasped: 00:01:04
========= Epoch 32 =========
15/30: Matthews 0.41330, Accuracy: 65.62500, Loss: 0.016549783
30/30: Matthews 0.39121, Accuracy: 65.10417, Loss: 0.016419463
 
Best Matthews: 0.45762, Best Accuracy: 66.66667, Best Loss: 0.018105137 at epoch 18
Time Elasped: 00:01:06
========= Epoch 33 =========
15/30: Matthews 0.39121, Accuracy: 65.10417, Loss: 0.016655792
30/30: Matthews 0.41330, Accuracy: 65.62500, Loss: 0.015430703
 
Best Matthews: 0.45762, Best Accuracy: 66.66667, Best Loss: 0.018105137 at epoch 18
Time Elasped: 00:01:07
========= Epoch 34 =========
15/30: Matthews 0.41330, Accuracy: 65.62500, Loss: 0.014984762
30/30: Matthews 0.39121, Accuracy: 65.10417, Loss: 0.015888264
 
Best Matthews: 0.45762, Best Accuracy: 66.66667, Best Loss: 0.018105137 at epoch 18
Time Elasped: 00:01:09
========= Epoch 35 =========
15/30: Matthews 0.39121, Accuracy: 65.10417, Loss: 0.015484437
30/30: Matthews 0.41330, Accuracy: 65.62500, Loss: 0.015348477
 
Best Matthews: 0.45762, Best Accuracy: 66.66667, Best Loss: 0.018105137 at epoch 18
Time Elasped: 00:01:10
========= Epoch 36 =========
15/30: Matthews 0.41330, Accuracy: 65.62500, Loss: 0.012826572
30/30: Matthews 0.39121, Accuracy: 65.10417, Loss: 0.015428570
 
Best Matthews: 0.45762, Best Accuracy: 66.66667, Best Loss: 0.018105137 at epoch 18
Time Elasped: 00:01:12
========= Epoch 37 =========
15/30: Matthews 0.37415, Accuracy: 65.10417, Loss: 0.016263957
30/30: Matthews 0.39121, Accuracy: 65.10417, Loss: 0.014520911
 
Best Matthews: 0.45762, Best Accuracy: 66.66667, Best Loss: 0.018105137 at epoch 18
Time Elasped: 00:01:13
========= Epoch 38 =========
15/30: Matthews 0.39121, Accuracy: 65.10417, Loss: 0.015070592
30/30: Matthews 0.39121, Accuracy: 65.10417, Loss: 0.014596771
 
Best Matthews: 0.45762, Best Accuracy: 66.66667, Best Loss: 0.018105137 at epoch 18
Time Elasped: 00:01:15
========= Epoch 39 =========
Early Stopping activated
 
Best Matthews: 0.45762, Best Accuracy: 66.66667, Best Loss: 0.018105137 at epoch 18
Time Elasped: 00:01:17
Test Set:
0/0: Matthews 0.52835, Accuracy: 72.94118, Loss: 0.001231976
