Namespace(batch_size=32, buffer_size=1, by_source=False, crop_pad_length=30, data='./acceptability_corpus/verb_classes/there', data_type='discriminator', dropout=0.2, embedding='glove.6B.300d', embedding_path='/scratch/asw462/models/elmo_encoder/elmo.emb', embedding_size=217, encoder_num_layers=2, encoder_path='/scratch/asw462/models/elmo_encoder/elmo.pth', encoding_size=528, encoding_type='lstm_pooling_classifier', epochs=1000, evaluate_train=False, experiment_name='experiment_linear_classifier_h_158_l_2_lr_0.0001_e_217_do_0.2', glove=False, gpu=True, hidden_size=158, imbalance=True, learning_rate=0.00012, lm_path=None, logs_dir='/scratch/asw462/logs/verb_classes/there', max_pool=False, model='linear_classifier', num_layers=2, output_dir='/scratch/asw462/logs/verb_classes/outputs/there', patience=20, preprocess_tokenizer='space', prints_per_stage=1, resume=True, resume_file=None, save_loc='/scratch/asw462/models/verb_classes/there', seed=1111, should_not_log=False, should_not_lowercase=False, should_not_preprocess_data=False, stages_per_epoch=2, train_embeddings=False, train_evaluate_interval=10, vocab_file='/scratch/asw462/data/vocab_100k.tsv')
======== General =======
Model: linear_classifier
GPU: True
Experiment Name: experiment_linear_classifier_h_158_l_2_lr_0.0001_e_217_do_0.2
Save location: /scratch/asw462/models/verb_classes/there
Logs dir: /scratch/asw462/logs/verb_classes/there
Timestamp: 2018/08/01 20:06:59
 
======== Data =======
Training set: 946 examples
Validation set: 192 examples
Test set: 680 examples
 
======= Parameters =======
Learning Rate: 0.000120
Batch Size: 32
Epochs: 1000
Patience: 20
Stages per Epoch: 2
Embedding: 100004 x 217
Number of layers: 2
Hidden Size: 158
Encoder Size: 528
Resume: True
 
======= Model =======
LinearClassifierWithEncoder(
  (model): LinearClassifier(
    (dropout): Dropout(p=0.2)
    (enc2h): Linear(in_features=1056, out_features=158, bias=True)
    (h20): Linear(in_features=158, out_features=1, bias=True)
    (sigmoid): Sigmoid()
    (tanh): Tanh()
    (softmax): Softmax()
  )
  (encoder): LSTMPoolingClassifierWithELMo(
    (elmo): ELMOClassifier(
      (lm): LSTMLanguageModel(
        (dropout): Dropout(p=0.2)
        (embedding): Embedding(100003, 217)
        (lstm): LSTM(217, 891, num_layers=2, dropout=0.2)
        (fc): Linear(in_features=891, out_features=100003, bias=True)
      )
      (lstms): ModuleList(
        (0): LSTM(217, 891, batch_first=True)
        (1): LSTM(891, 891, batch_first=True)
      )
      (dropout): Dropout(p=0.2)
      (linear_comb): Linear(in_features=2, out_features=1, bias=True)
      (fc1): Linear(in_features=891, out_features=528, bias=True)
      (relu): ReLU()
      (out): Linear(in_features=528, out_features=1, bias=True)
      (sigmoid): Sigmoid()
    )
    (pooling_classifier): LSTMPoolingClassifier(
      (ih2h): LSTM(891, 528, num_layers=3, batch_first=True, dropout=0.2, bidirectional=True)
      (pool2o): Linear(in_features=1056, out_features=1, bias=True)
      (sigmoid): Sigmoid()
      (softmax): Softmax()
      (dropout): Dropout(p=0.2)
    )
  )
)
 
========= Epoch 1 =========
15/30: Matthews 0.32323, Accuracy: 66.66667, Loss: 0.050514609
30/30: Matthews 0.34538, Accuracy: 68.75000, Loss: 0.049872999
 
Best Matthews: 0.34538, Best Accuracy: 68.75000, Best Loss: 0.049872999 at epoch 1
Time Elasped: 00:00:10
========= Epoch 2 =========
15/30: Matthews 0.32323, Accuracy: 66.66667, Loss: 0.046251525
30/30: Matthews 0.32018, Accuracy: 63.02083, Loss: 0.040885513
 
Best Matthews: 0.34538, Best Accuracy: 68.75000, Best Loss: 0.049872999 at epoch 1
Time Elasped: 00:00:11
========= Epoch 3 =========
15/30: Matthews 0.37186, Accuracy: 63.02083, Loss: 0.035267040
30/30: Matthews 0.37664, Accuracy: 63.54167, Loss: 0.036572307
 
Best Matthews: 0.37664, Best Accuracy: 63.54167, Best Loss: 0.036572307 at epoch 3
Time Elasped: 00:00:16
========= Epoch 4 =========
15/30: Matthews 0.38146, Accuracy: 64.06250, Loss: 0.035919540
30/30: Matthews 0.38146, Accuracy: 64.06250, Loss: 0.031758827
 
Best Matthews: 0.38146, Best Accuracy: 64.06250, Best Loss: 0.035919540 at epoch 4
Time Elasped: 00:00:19
========= Epoch 5 =========
15/30: Matthews 0.38632, Accuracy: 64.58333, Loss: 0.034907870
30/30: Matthews 0.38146, Accuracy: 64.06250, Loss: 0.029554933
 
Best Matthews: 0.38632, Best Accuracy: 64.58333, Best Loss: 0.034907870 at epoch 5
Time Elasped: 00:00:23
========= Epoch 6 =========
15/30: Matthews 0.38146, Accuracy: 64.06250, Loss: 0.027284841
30/30: Matthews 0.39121, Accuracy: 65.10417, Loss: 0.028253719
 
Best Matthews: 0.39121, Best Accuracy: 65.10417, Best Loss: 0.028253719 at epoch 6
Time Elasped: 00:00:26
========= Epoch 7 =========
15/30: Matthews 0.38632, Accuracy: 64.58333, Loss: 0.026550665
30/30: Matthews 0.38632, Accuracy: 64.58333, Loss: 0.024005041
 
Best Matthews: 0.39121, Best Accuracy: 65.10417, Best Loss: 0.028253719 at epoch 6
Time Elasped: 00:00:28
========= Epoch 8 =========
15/30: Matthews 0.38632, Accuracy: 64.58333, Loss: 0.025398734
30/30: Matthews 0.39615, Accuracy: 65.62500, Loss: 0.026112492
 
Best Matthews: 0.39615, Best Accuracy: 65.62500, Best Loss: 0.026112492 at epoch 8
Time Elasped: 00:00:31
========= Epoch 9 =========
15/30: Matthews 0.40845, Accuracy: 65.10417, Loss: 0.021458005
30/30: Matthews 0.41330, Accuracy: 65.62500, Loss: 0.021643589
 
Best Matthews: 0.41330, Best Accuracy: 65.62500, Best Loss: 0.021643589 at epoch 9
Time Elasped: 00:00:36
========= Epoch 10 =========
15/30: Matthews 0.41330, Accuracy: 65.62500, Loss: 0.020926128
30/30: Matthews 0.39121, Accuracy: 65.10417, Loss: 0.021666658
 
Best Matthews: 0.41330, Best Accuracy: 65.62500, Best Loss: 0.021643589 at epoch 9
Time Elasped: 00:00:37
========= Epoch 11 =========
15/30: Matthews 0.39121, Accuracy: 65.10417, Loss: 0.022032157
30/30: Matthews 0.41330, Accuracy: 65.62500, Loss: 0.017769384
 
Best Matthews: 0.41330, Best Accuracy: 65.62500, Best Loss: 0.021643589 at epoch 9
Time Elasped: 00:00:39
========= Epoch 12 =========
15/30: Matthews 0.39121, Accuracy: 65.10417, Loss: 0.020336779
30/30: Matthews 0.41330, Accuracy: 65.62500, Loss: 0.019199903
 
Best Matthews: 0.41330, Best Accuracy: 65.62500, Best Loss: 0.021643589 at epoch 9
Time Elasped: 00:00:41
========= Epoch 13 =========
15/30: Matthews 0.39121, Accuracy: 65.10417, Loss: 0.020443934
30/30: Matthews 0.41330, Accuracy: 65.62500, Loss: 0.018210883
 
Best Matthews: 0.41330, Best Accuracy: 65.62500, Best Loss: 0.021643589 at epoch 9
Time Elasped: 00:00:42
========= Epoch 14 =========
15/30: Matthews 0.39121, Accuracy: 65.10417, Loss: 0.018521776
30/30: Matthews 0.39121, Accuracy: 65.10417, Loss: 0.018573722
 
Best Matthews: 0.41330, Best Accuracy: 65.62500, Best Loss: 0.021643589 at epoch 9
Time Elasped: 00:00:44
========= Epoch 15 =========
15/30: Matthews 0.39121, Accuracy: 65.10417, Loss: 0.018539226
30/30: Matthews 0.41330, Accuracy: 65.62500, Loss: 0.017488236
 
Best Matthews: 0.41330, Best Accuracy: 65.62500, Best Loss: 0.021643589 at epoch 9
Time Elasped: 00:00:46
========= Epoch 16 =========
15/30: Matthews 0.39121, Accuracy: 65.10417, Loss: 0.017907446
30/30: Matthews 0.39121, Accuracy: 65.10417, Loss: 0.017942544
 
Best Matthews: 0.41330, Best Accuracy: 65.62500, Best Loss: 0.021643589 at epoch 9
Time Elasped: 00:00:47
========= Epoch 17 =========
15/30: Matthews 0.39121, Accuracy: 65.10417, Loss: 0.016959717
30/30: Matthews 0.39121, Accuracy: 65.10417, Loss: 0.017501724
 
Best Matthews: 0.41330, Best Accuracy: 65.62500, Best Loss: 0.021643589 at epoch 9
Time Elasped: 00:00:49
========= Epoch 18 =========
15/30: Matthews 0.39121, Accuracy: 65.10417, Loss: 0.018772205
30/30: Matthews 0.39121, Accuracy: 65.10417, Loss: 0.014168138
 
Best Matthews: 0.41330, Best Accuracy: 65.62500, Best Loss: 0.021643589 at epoch 9
Time Elasped: 00:00:51
========= Epoch 19 =========
15/30: Matthews 0.39121, Accuracy: 65.10417, Loss: 0.014589860
30/30: Matthews 0.39121, Accuracy: 65.10417, Loss: 0.018409523
 
Best Matthews: 0.41330, Best Accuracy: 65.62500, Best Loss: 0.021643589 at epoch 9
Time Elasped: 00:00:52
========= Epoch 20 =========
15/30: Matthews 0.39121, Accuracy: 65.10417, Loss: 0.014996347
30/30: Matthews 0.36917, Accuracy: 64.58333, Loss: 0.015146136
 
Best Matthews: 0.41330, Best Accuracy: 65.62500, Best Loss: 0.021643589 at epoch 9
Time Elasped: 00:00:54
========= Epoch 21 =========
15/30: Matthews 0.37415, Accuracy: 65.10417, Loss: 0.015255027
30/30: Matthews 0.39121, Accuracy: 65.10417, Loss: 0.014325549
 
Best Matthews: 0.41330, Best Accuracy: 65.62500, Best Loss: 0.021643589 at epoch 9
Time Elasped: 00:00:56
========= Epoch 22 =========
15/30: Matthews 0.39121, Accuracy: 65.10417, Loss: 0.015741210
30/30: Matthews 0.36917, Accuracy: 64.58333, Loss: 0.015470143
 
Best Matthews: 0.41330, Best Accuracy: 65.62500, Best Loss: 0.021643589 at epoch 9
Time Elasped: 00:00:57
========= Epoch 23 =========
15/30: Matthews 0.36917, Accuracy: 64.58333, Loss: 0.014342979
30/30: Matthews 0.39121, Accuracy: 65.10417, Loss: 0.014191231
 
Best Matthews: 0.41330, Best Accuracy: 65.62500, Best Loss: 0.021643589 at epoch 9
Time Elasped: 00:00:59
========= Epoch 24 =========
15/30: Matthews 0.36917, Accuracy: 64.58333, Loss: 0.015290757
30/30: Matthews 0.36917, Accuracy: 64.58333, Loss: 0.012996618
 
Best Matthews: 0.41330, Best Accuracy: 65.62500, Best Loss: 0.021643589 at epoch 9
Time Elasped: 00:01:01
========= Epoch 25 =========
15/30: Matthews 0.33023, Accuracy: 64.06250, Loss: 0.016958722
30/30: Matthews 0.39121, Accuracy: 65.10417, Loss: 0.012405592
 
Best Matthews: 0.41330, Best Accuracy: 65.62500, Best Loss: 0.021643589 at epoch 9
Time Elasped: 00:01:02
========= Epoch 26 =========
15/30: Matthews 0.33023, Accuracy: 64.06250, Loss: 0.015667045
30/30: Matthews 0.37415, Accuracy: 65.10417, Loss: 0.014266261
 
Best Matthews: 0.41330, Best Accuracy: 65.62500, Best Loss: 0.021643589 at epoch 9
Time Elasped: 00:01:04
========= Epoch 27 =========
15/30: Matthews 0.35218, Accuracy: 64.58333, Loss: 0.015499802
30/30: Matthews 0.35218, Accuracy: 64.58333, Loss: 0.014102392
 
Best Matthews: 0.41330, Best Accuracy: 65.62500, Best Loss: 0.021643589 at epoch 9
Time Elasped: 00:01:06
========= Epoch 28 =========
15/30: Matthews 0.39615, Accuracy: 65.62500, Loss: 0.014463502
30/30: Matthews 0.35218, Accuracy: 64.58333, Loss: 0.016082880
 
Best Matthews: 0.41330, Best Accuracy: 65.62500, Best Loss: 0.021643589 at epoch 9
Time Elasped: 00:01:07
========= Epoch 29 =========
15/30: Matthews 0.35218, Accuracy: 64.58333, Loss: 0.016314700
30/30: Matthews 0.37415, Accuracy: 65.10417, Loss: 0.013042439
 
Best Matthews: 0.41330, Best Accuracy: 65.62500, Best Loss: 0.021643589 at epoch 9
Time Elasped: 00:01:09
========= Epoch 30 =========
Early Stopping activated
 
Best Matthews: 0.41330, Best Accuracy: 65.62500, Best Loss: 0.021643589 at epoch 9
Time Elasped: 00:01:12
Test Set:
0/0: Matthews 0.51877, Accuracy: 73.08824, Loss: 0.001272714
