Namespace(batch_size=32, buffer_size=1, by_source=False, crop_pad_length=30, data='./acceptability_corpus/verb_classes/there', data_type='discriminator', dropout=0.5, embedding='glove.6B.300d', embedding_path='/scratch/asw462/models/elmo_encoder/elmo.emb', embedding_size=217, encoder_num_layers=2, encoder_path='/scratch/asw462/models/elmo_encoder/elmo.pth', encoding_size=528, encoding_type='lstm_pooling_classifier', epochs=1000, evaluate_train=False, experiment_name='experiment_linear_classifier_h_141_l_4_lr_0.0001_e_217_do_0.5', glove=False, gpu=True, hidden_size=141, imbalance=True, learning_rate=0.0001, lm_path=None, logs_dir='/scratch/asw462/logs/verb_classes/there', max_pool=False, model='linear_classifier', num_layers=4, output_dir='/scratch/asw462/logs/verb_classes/outputs/there', patience=20, preprocess_tokenizer='space', prints_per_stage=1, resume=True, resume_file=None, save_loc='/scratch/asw462/models/verb_classes/there', seed=1111, should_not_log=False, should_not_lowercase=False, should_not_preprocess_data=False, stages_per_epoch=2, train_embeddings=False, train_evaluate_interval=10, vocab_file='/scratch/asw462/data/vocab_100k.tsv')
======== General =======
Model: linear_classifier
GPU: True
Experiment Name: experiment_linear_classifier_h_141_l_4_lr_0.0001_e_217_do_0.5
Save location: /scratch/asw462/models/verb_classes/there
Logs dir: /scratch/asw462/logs/verb_classes/there
Timestamp: 2018/08/01 20:48:01
 
======== Data =======
Training set: 946 examples
Validation set: 192 examples
Test set: 680 examples
 
======= Parameters =======
Learning Rate: 0.000100
Batch Size: 32
Epochs: 1000
Patience: 20
Stages per Epoch: 2
Embedding: 100004 x 217
Number of layers: 4
Hidden Size: 141
Encoder Size: 528
Resume: True
 
======= Model =======
LinearClassifierWithEncoder(
  (model): LinearClassifier(
    (dropout): Dropout(p=0.5)
    (enc2h): Linear(in_features=1056, out_features=141, bias=True)
    (h20): Linear(in_features=141, out_features=1, bias=True)
    (sigmoid): Sigmoid()
    (tanh): Tanh()
    (softmax): Softmax()
  )
  (encoder): LSTMPoolingClassifierWithELMo(
    (elmo): ELMOClassifier(
      (lm): LSTMLanguageModel(
        (dropout): Dropout(p=0.2)
        (embedding): Embedding(100003, 217)
        (lstm): LSTM(217, 891, num_layers=2, dropout=0.2)
        (fc): Linear(in_features=891, out_features=100003, bias=True)
      )
      (lstms): ModuleList(
        (0): LSTM(217, 891, batch_first=True)
        (1): LSTM(891, 891, batch_first=True)
      )
      (dropout): Dropout(p=0.2)
      (linear_comb): Linear(in_features=2, out_features=1, bias=True)
      (fc1): Linear(in_features=891, out_features=528, bias=True)
      (relu): ReLU()
      (out): Linear(in_features=528, out_features=1, bias=True)
      (sigmoid): Sigmoid()
    )
    (pooling_classifier): LSTMPoolingClassifier(
      (ih2h): LSTM(891, 528, num_layers=3, batch_first=True, dropout=0.2, bidirectional=True)
      (pool2o): Linear(in_features=1056, out_features=1, bias=True)
      (sigmoid): Sigmoid()
      (softmax): Softmax()
      (dropout): Dropout(p=0.2)
    )
  )
)
 
========= Epoch 1 =========
15/30: Matthews 0.30213, Accuracy: 71.87500, Loss: 0.056027194
30/30: Matthews 0.30177, Accuracy: 67.70833, Loss: 0.051106185
 
Best Matthews: 0.30213, Best Accuracy: 71.87500, Best Loss: 0.056027194 at epoch 1
Time Elasped: 00:00:08
========= Epoch 2 =========
15/30: Matthews 0.32868, Accuracy: 67.18750, Loss: 0.047949245
30/30: Matthews 0.30830, Accuracy: 63.54167, Loss: 0.044084236
 
Best Matthews: 0.32868, Best Accuracy: 67.18750, Best Loss: 0.047949245 at epoch 2
Time Elasped: 00:00:11
========= Epoch 3 =========
15/30: Matthews 0.31521, Accuracy: 62.50000, Loss: 0.041551823
30/30: Matthews 0.32018, Accuracy: 63.02083, Loss: 0.041264946
 
Best Matthews: 0.32868, Best Accuracy: 67.18750, Best Loss: 0.047949245 at epoch 2
Time Elasped: 00:00:12
========= Epoch 4 =========
15/30: Matthews 0.32018, Accuracy: 63.02083, Loss: 0.039810508
30/30: Matthews 0.37664, Accuracy: 63.54167, Loss: 0.036330223
 
Best Matthews: 0.37664, Best Accuracy: 63.54167, Best Loss: 0.036330223 at epoch 4
Time Elasped: 00:00:15
========= Epoch 5 =========
15/30: Matthews 0.37664, Accuracy: 63.54167, Loss: 0.035303722
30/30: Matthews 0.37664, Accuracy: 63.54167, Loss: 0.033473517
 
Best Matthews: 0.37664, Best Accuracy: 63.54167, Best Loss: 0.036330223 at epoch 4
Time Elasped: 00:00:17
========= Epoch 6 =========
15/30: Matthews 0.38146, Accuracy: 64.06250, Loss: 0.033928598
30/30: Matthews 0.38146, Accuracy: 64.06250, Loss: 0.033767559
 
Best Matthews: 0.38146, Best Accuracy: 64.06250, Best Loss: 0.033928598 at epoch 6
Time Elasped: 00:00:20
========= Epoch 7 =========
15/30: Matthews 0.38146, Accuracy: 64.06250, Loss: 0.031536974
30/30: Matthews 0.38146, Accuracy: 64.06250, Loss: 0.029188424
 
Best Matthews: 0.38146, Best Accuracy: 64.06250, Best Loss: 0.033928598 at epoch 6
Time Elasped: 00:00:21
========= Epoch 8 =========
15/30: Matthews 0.37664, Accuracy: 63.54167, Loss: 0.028249482
30/30: Matthews 0.38632, Accuracy: 64.58333, Loss: 0.029923730
 
Best Matthews: 0.38632, Best Accuracy: 64.58333, Best Loss: 0.029923730 at epoch 8
Time Elasped: 00:00:24
========= Epoch 9 =========
15/30: Matthews 0.38632, Accuracy: 64.58333, Loss: 0.029300908
30/30: Matthews 0.38632, Accuracy: 64.58333, Loss: 0.027022118
 
Best Matthews: 0.38632, Best Accuracy: 64.58333, Best Loss: 0.029923730 at epoch 8
Time Elasped: 00:00:26
========= Epoch 10 =========
15/30: Matthews 0.38632, Accuracy: 64.58333, Loss: 0.026037288
30/30: Matthews 0.39121, Accuracy: 65.10417, Loss: 0.027386169
 
Best Matthews: 0.39121, Best Accuracy: 65.10417, Best Loss: 0.027386169 at epoch 10
Time Elasped: 00:00:28
========= Epoch 11 =========
15/30: Matthews 0.38632, Accuracy: 64.58333, Loss: 0.023155694
30/30: Matthews 0.38632, Accuracy: 64.58333, Loss: 0.025089520
 
Best Matthews: 0.39121, Best Accuracy: 65.10417, Best Loss: 0.027386169 at epoch 10
Time Elasped: 00:00:30
========= Epoch 12 =========
15/30: Matthews 0.39615, Accuracy: 65.62500, Loss: 0.026490445
30/30: Matthews 0.39121, Accuracy: 65.10417, Loss: 0.023593180
 
Best Matthews: 0.39615, Best Accuracy: 65.62500, Best Loss: 0.026490445 at epoch 12
Time Elasped: 00:00:33
========= Epoch 13 =========
15/30: Matthews 0.39121, Accuracy: 65.10417, Loss: 0.022452834
30/30: Matthews 0.39121, Accuracy: 65.10417, Loss: 0.022366313
 
Best Matthews: 0.39615, Best Accuracy: 65.62500, Best Loss: 0.026490445 at epoch 12
Time Elasped: 00:00:34
========= Epoch 14 =========
15/30: Matthews 0.41330, Accuracy: 65.62500, Loss: 0.020610536
30/30: Matthews 0.39121, Accuracy: 65.10417, Loss: 0.021756679
 
Best Matthews: 0.41330, Best Accuracy: 65.62500, Best Loss: 0.020610536 at epoch 14
Time Elasped: 00:00:38
========= Epoch 15 =========
15/30: Matthews 0.41330, Accuracy: 65.62500, Loss: 0.019863655
30/30: Matthews 0.39121, Accuracy: 65.10417, Loss: 0.021706829
 
Best Matthews: 0.41330, Best Accuracy: 65.62500, Best Loss: 0.020610536 at epoch 14
Time Elasped: 00:00:39
========= Epoch 16 =========
15/30: Matthews 0.41330, Accuracy: 65.62500, Loss: 0.020404443
30/30: Matthews 0.41330, Accuracy: 65.62500, Loss: 0.018439330
 
Best Matthews: 0.41330, Best Accuracy: 65.62500, Best Loss: 0.020610536 at epoch 14
Time Elasped: 00:00:41
========= Epoch 17 =========
15/30: Matthews 0.41330, Accuracy: 65.62500, Loss: 0.017939749
30/30: Matthews 0.39121, Accuracy: 65.10417, Loss: 0.021821335
 
Best Matthews: 0.41330, Best Accuracy: 65.62500, Best Loss: 0.020610536 at epoch 14
Time Elasped: 00:00:42
========= Epoch 18 =========
15/30: Matthews 0.41330, Accuracy: 65.62500, Loss: 0.019396075
30/30: Matthews 0.41330, Accuracy: 65.62500, Loss: 0.018734497
 
Best Matthews: 0.41330, Best Accuracy: 65.62500, Best Loss: 0.020610536 at epoch 14
Time Elasped: 00:00:44
========= Epoch 19 =========
15/30: Matthews 0.41330, Accuracy: 65.62500, Loss: 0.017155528
30/30: Matthews 0.41330, Accuracy: 65.62500, Loss: 0.017573826
 
Best Matthews: 0.41330, Best Accuracy: 65.62500, Best Loss: 0.020610536 at epoch 14
Time Elasped: 00:00:45
========= Epoch 20 =========
15/30: Matthews 0.41330, Accuracy: 65.62500, Loss: 0.019364465
30/30: Matthews 0.41330, Accuracy: 65.62500, Loss: 0.017869242
 
Best Matthews: 0.41330, Best Accuracy: 65.62500, Best Loss: 0.020610536 at epoch 14
Time Elasped: 00:00:47
========= Epoch 21 =========
15/30: Matthews 0.41330, Accuracy: 65.62500, Loss: 0.019409421
30/30: Matthews 0.41330, Accuracy: 65.62500, Loss: 0.017438931
 
Best Matthews: 0.41330, Best Accuracy: 65.62500, Best Loss: 0.020610536 at epoch 14
Time Elasped: 00:00:48
========= Epoch 22 =========
15/30: Matthews 0.41330, Accuracy: 65.62500, Loss: 0.016406078
30/30: Matthews 0.39121, Accuracy: 65.10417, Loss: 0.017464671
 
Best Matthews: 0.41330, Best Accuracy: 65.62500, Best Loss: 0.020610536 at epoch 14
Time Elasped: 00:00:50
========= Epoch 23 =========
15/30: Matthews 0.39121, Accuracy: 65.10417, Loss: 0.019941316
30/30: Matthews 0.41330, Accuracy: 65.62500, Loss: 0.016950615
 
Best Matthews: 0.41330, Best Accuracy: 65.62500, Best Loss: 0.020610536 at epoch 14
Time Elasped: 00:00:51
========= Epoch 24 =========
15/30: Matthews 0.41330, Accuracy: 65.62500, Loss: 0.017138146
30/30: Matthews 0.39121, Accuracy: 65.10417, Loss: 0.018397912
 
Best Matthews: 0.41330, Best Accuracy: 65.62500, Best Loss: 0.020610536 at epoch 14
Time Elasped: 00:00:53
========= Epoch 25 =========
15/30: Matthews 0.41330, Accuracy: 65.62500, Loss: 0.015793681
30/30: Matthews 0.41330, Accuracy: 65.62500, Loss: 0.016401537
 
Best Matthews: 0.41330, Best Accuracy: 65.62500, Best Loss: 0.020610536 at epoch 14
Time Elasped: 00:00:55
========= Epoch 26 =========
15/30: Matthews 0.37415, Accuracy: 65.10417, Loss: 0.018832687
30/30: Matthews 0.39121, Accuracy: 65.10417, Loss: 0.014780223
 
Best Matthews: 0.41330, Best Accuracy: 65.62500, Best Loss: 0.020610536 at epoch 14
Time Elasped: 00:00:56
========= Epoch 27 =========
15/30: Matthews 0.39121, Accuracy: 65.10417, Loss: 0.014775832
30/30: Matthews 0.37415, Accuracy: 65.10417, Loss: 0.018249388
 
Best Matthews: 0.41330, Best Accuracy: 65.62500, Best Loss: 0.020610536 at epoch 14
Time Elasped: 00:00:58
========= Epoch 28 =========
15/30: Matthews 0.39615, Accuracy: 65.62500, Loss: 0.018995613
30/30: Matthews 0.39121, Accuracy: 65.10417, Loss: 0.014270398
 
Best Matthews: 0.41330, Best Accuracy: 65.62500, Best Loss: 0.020610536 at epoch 14
Time Elasped: 00:00:59
========= Epoch 29 =========
15/30: Matthews 0.39121, Accuracy: 65.10417, Loss: 0.015529481
30/30: Matthews 0.39615, Accuracy: 65.62500, Loss: 0.018020071
 
Best Matthews: 0.41330, Best Accuracy: 65.62500, Best Loss: 0.020610536 at epoch 14
Time Elasped: 00:01:01
========= Epoch 30 =========
15/30: Matthews 0.39615, Accuracy: 65.62500, Loss: 0.015703509
30/30: Matthews 0.39615, Accuracy: 65.62500, Loss: 0.017369090
 
Best Matthews: 0.41330, Best Accuracy: 65.62500, Best Loss: 0.020610536 at epoch 14
Time Elasped: 00:01:02
========= Epoch 31 =========
15/30: Matthews 0.37415, Accuracy: 65.10417, Loss: 0.017024659
30/30: Matthews 0.37415, Accuracy: 65.10417, Loss: 0.014572654
 
Best Matthews: 0.41330, Best Accuracy: 65.62500, Best Loss: 0.020610536 at epoch 14
Time Elasped: 00:01:04
========= Epoch 32 =========
15/30: Matthews 0.39615, Accuracy: 65.62500, Loss: 0.016666941
30/30: Matthews 0.39615, Accuracy: 65.62500, Loss: 0.015122126
 
Best Matthews: 0.41330, Best Accuracy: 65.62500, Best Loss: 0.020610536 at epoch 14
Time Elasped: 00:01:05
========= Epoch 33 =========
15/30: Matthews 0.39615, Accuracy: 65.62500, Loss: 0.016399764
30/30: Matthews 0.39615, Accuracy: 65.62500, Loss: 0.013124226
 
Best Matthews: 0.41330, Best Accuracy: 65.62500, Best Loss: 0.020610536 at epoch 14
Time Elasped: 00:01:07
========= Epoch 34 =========
15/30: Matthews 0.37415, Accuracy: 65.10417, Loss: 0.015218727
30/30: Matthews 0.37415, Accuracy: 65.10417, Loss: 0.014067980
 
Best Matthews: 0.41330, Best Accuracy: 65.62500, Best Loss: 0.020610536 at epoch 14
Time Elasped: 00:01:09
========= Epoch 35 =========
Early Stopping activated
 
Best Matthews: 0.41330, Best Accuracy: 65.62500, Best Loss: 0.020610536 at epoch 14
Time Elasped: 00:01:11
Test Set:
0/0: Matthews 0.51338, Accuracy: 72.94118, Loss: 0.001169201
