Namespace(batch_size=32, buffer_size=1, by_source=False, crop_pad_length=30, data='./acceptability_corpus/verb_classes/there', data_type='discriminator', dropout=0.5, embedding='glove.6B.300d', embedding_path='/scratch/asw462/models/elmo_encoder/elmo.emb', embedding_size=217, encoder_num_layers=2, encoder_path='/scratch/asw462/models/elmo_encoder/elmo.pth', encoding_size=528, encoding_type='lstm_pooling_classifier', epochs=1000, evaluate_train=False, experiment_name='experiment_linear_classifier_h_152_l_2_lr_0.0001_e_217_do_0.5', glove=False, gpu=True, hidden_size=152, imbalance=True, learning_rate=0.00011, lm_path=None, logs_dir='/scratch/asw462/logs/verb_classes/there', max_pool=False, model='linear_classifier', num_layers=2, output_dir='/scratch/asw462/logs/verb_classes/outputs/there', patience=20, preprocess_tokenizer='space', prints_per_stage=1, resume=True, resume_file=None, save_loc='/scratch/asw462/models/verb_classes/there', seed=1111, should_not_log=False, should_not_lowercase=False, should_not_preprocess_data=False, stages_per_epoch=2, train_embeddings=False, train_evaluate_interval=10, vocab_file='/scratch/asw462/data/vocab_100k.tsv')
======== General =======
Model: linear_classifier
GPU: True
Experiment Name: experiment_linear_classifier_h_152_l_2_lr_0.0001_e_217_do_0.5
Save location: /scratch/asw462/models/verb_classes/there
Logs dir: /scratch/asw462/logs/verb_classes/there
Timestamp: 2018/08/01 20:47:36
 
======== Data =======
Training set: 946 examples
Validation set: 192 examples
Test set: 680 examples
 
======= Parameters =======
Learning Rate: 0.000110
Batch Size: 32
Epochs: 1000
Patience: 20
Stages per Epoch: 2
Embedding: 100004 x 217
Number of layers: 2
Hidden Size: 152
Encoder Size: 528
Resume: True
 
======= Model =======
LinearClassifierWithEncoder(
  (model): LinearClassifier(
    (dropout): Dropout(p=0.5)
    (enc2h): Linear(in_features=1056, out_features=152, bias=True)
    (h20): Linear(in_features=152, out_features=1, bias=True)
    (sigmoid): Sigmoid()
    (tanh): Tanh()
    (softmax): Softmax()
  )
  (encoder): LSTMPoolingClassifierWithELMo(
    (elmo): ELMOClassifier(
      (lm): LSTMLanguageModel(
        (dropout): Dropout(p=0.2)
        (embedding): Embedding(100003, 217)
        (lstm): LSTM(217, 891, num_layers=2, dropout=0.2)
        (fc): Linear(in_features=891, out_features=100003, bias=True)
      )
      (lstms): ModuleList(
        (0): LSTM(217, 891, batch_first=True)
        (1): LSTM(891, 891, batch_first=True)
      )
      (dropout): Dropout(p=0.2)
      (linear_comb): Linear(in_features=2, out_features=1, bias=True)
      (fc1): Linear(in_features=891, out_features=528, bias=True)
      (relu): ReLU()
      (out): Linear(in_features=528, out_features=1, bias=True)
      (sigmoid): Sigmoid()
    )
    (pooling_classifier): LSTMPoolingClassifier(
      (ih2h): LSTM(891, 528, num_layers=3, batch_first=True, dropout=0.2, bidirectional=True)
      (pool2o): Linear(in_features=1056, out_features=1, bias=True)
      (sigmoid): Sigmoid()
      (softmax): Softmax()
      (dropout): Dropout(p=0.2)
    )
  )
)
 
========= Epoch 1 =========
15/30: Matthews 0.34087, Accuracy: 69.79167, Loss: 0.053134928
30/30: Matthews 0.34538, Accuracy: 68.75000, Loss: 0.050141076
 
Best Matthews: 0.34538, Best Accuracy: 68.75000, Best Loss: 0.050141076 at epoch 1
Time Elasped: 00:00:10
========= Epoch 2 =========
15/30: Matthews 0.33963, Accuracy: 66.66667, Loss: 0.044759293
30/30: Matthews 0.32018, Accuracy: 63.02083, Loss: 0.041205550
 
Best Matthews: 0.34538, Best Accuracy: 68.75000, Best Loss: 0.050141076 at epoch 1
Time Elasped: 00:00:12
========= Epoch 3 =========
15/30: Matthews 0.35084, Accuracy: 66.14583, Loss: 0.043500349
30/30: Matthews 0.32018, Accuracy: 63.02083, Loss: 0.039068639
 
Best Matthews: 0.35084, Best Accuracy: 66.14583, Best Loss: 0.043500349 at epoch 3
Time Elasped: 00:00:15
========= Epoch 4 =========
15/30: Matthews 0.37664, Accuracy: 63.54167, Loss: 0.034438079
30/30: Matthews 0.37664, Accuracy: 63.54167, Loss: 0.032493214
 
Best Matthews: 0.37664, Best Accuracy: 63.54167, Best Loss: 0.034438079 at epoch 4
Time Elasped: 00:00:19
========= Epoch 5 =========
15/30: Matthews 0.37664, Accuracy: 63.54167, Loss: 0.032665685
30/30: Matthews 0.38146, Accuracy: 64.06250, Loss: 0.033972705
 
Best Matthews: 0.38146, Best Accuracy: 64.06250, Best Loss: 0.033972705 at epoch 5
Time Elasped: 00:00:22
========= Epoch 6 =========
15/30: Matthews 0.37664, Accuracy: 63.54167, Loss: 0.028496916
30/30: Matthews 0.38632, Accuracy: 64.58333, Loss: 0.030767058
 
Best Matthews: 0.38632, Best Accuracy: 64.58333, Best Loss: 0.030767058 at epoch 6
Time Elasped: 00:00:25
========= Epoch 7 =========
15/30: Matthews 0.38632, Accuracy: 64.58333, Loss: 0.030978667
30/30: Matthews 0.38632, Accuracy: 64.58333, Loss: 0.029913026
 
Best Matthews: 0.38632, Best Accuracy: 64.58333, Best Loss: 0.030767058 at epoch 6
Time Elasped: 00:00:27
========= Epoch 8 =========
15/30: Matthews 0.38146, Accuracy: 64.06250, Loss: 0.023154939
30/30: Matthews 0.38632, Accuracy: 64.58333, Loss: 0.027008067
 
Best Matthews: 0.38632, Best Accuracy: 64.58333, Best Loss: 0.030767058 at epoch 6
Time Elasped: 00:00:29
========= Epoch 9 =========
15/30: Matthews 0.39121, Accuracy: 65.10417, Loss: 0.031285430
30/30: Matthews 0.38632, Accuracy: 64.58333, Loss: 0.024575745
 
Best Matthews: 0.39121, Best Accuracy: 65.10417, Best Loss: 0.031285430 at epoch 9
Time Elasped: 00:00:32
========= Epoch 10 =========
15/30: Matthews 0.38632, Accuracy: 64.58333, Loss: 0.021521802
30/30: Matthews 0.38632, Accuracy: 64.58333, Loss: 0.024224311
 
Best Matthews: 0.39121, Best Accuracy: 65.10417, Best Loss: 0.031285430 at epoch 9
Time Elasped: 00:00:34
========= Epoch 11 =========
15/30: Matthews 0.39121, Accuracy: 65.10417, Loss: 0.025307626
30/30: Matthews 0.39121, Accuracy: 65.10417, Loss: 0.022959997
 
Best Matthews: 0.39121, Best Accuracy: 65.10417, Best Loss: 0.031285430 at epoch 9
Time Elasped: 00:00:35
========= Epoch 12 =========
15/30: Matthews 0.40845, Accuracy: 65.10417, Loss: 0.019396979
30/30: Matthews 0.39121, Accuracy: 65.10417, Loss: 0.022916881
 
Best Matthews: 0.40845, Best Accuracy: 65.10417, Best Loss: 0.019396979 at epoch 12
Time Elasped: 00:00:39
========= Epoch 13 =========
15/30: Matthews 0.39121, Accuracy: 65.10417, Loss: 0.020683374
30/30: Matthews 0.39121, Accuracy: 65.10417, Loss: 0.020253810
 
Best Matthews: 0.40845, Best Accuracy: 65.10417, Best Loss: 0.019396979 at epoch 12
Time Elasped: 00:00:40
========= Epoch 14 =========
15/30: Matthews 0.41330, Accuracy: 65.62500, Loss: 0.017402815
30/30: Matthews 0.39121, Accuracy: 65.10417, Loss: 0.022004053
 
Best Matthews: 0.41330, Best Accuracy: 65.62500, Best Loss: 0.017402815 at epoch 14
Time Elasped: 00:00:43
========= Epoch 15 =========
15/30: Matthews 0.39121, Accuracy: 65.10417, Loss: 0.023216774
30/30: Matthews 0.41330, Accuracy: 65.62500, Loss: 0.016323206
 
Best Matthews: 0.41330, Best Accuracy: 65.62500, Best Loss: 0.017402815 at epoch 14
Time Elasped: 00:00:45
========= Epoch 16 =========
15/30: Matthews 0.41330, Accuracy: 65.62500, Loss: 0.017894400
30/30: Matthews 0.41330, Accuracy: 65.62500, Loss: 0.017320000
 
Best Matthews: 0.41330, Best Accuracy: 65.62500, Best Loss: 0.017402815 at epoch 14
Time Elasped: 00:00:47
========= Epoch 17 =========
15/30: Matthews 0.41330, Accuracy: 65.62500, Loss: 0.019850433
30/30: Matthews 0.41330, Accuracy: 65.62500, Loss: 0.017028337
 
Best Matthews: 0.41330, Best Accuracy: 65.62500, Best Loss: 0.017402815 at epoch 14
Time Elasped: 00:00:48
========= Epoch 18 =========
15/30: Matthews 0.39121, Accuracy: 65.10417, Loss: 0.020422893
30/30: Matthews 0.41330, Accuracy: 65.62500, Loss: 0.017431130
 
Best Matthews: 0.41330, Best Accuracy: 65.62500, Best Loss: 0.017402815 at epoch 14
Time Elasped: 00:00:50
========= Epoch 19 =========
15/30: Matthews 0.39121, Accuracy: 65.10417, Loss: 0.017078179
30/30: Matthews 0.39121, Accuracy: 65.10417, Loss: 0.016543429
 
Best Matthews: 0.41330, Best Accuracy: 65.62500, Best Loss: 0.017402815 at epoch 14
Time Elasped: 00:00:52
========= Epoch 20 =========
15/30: Matthews 0.39121, Accuracy: 65.10417, Loss: 0.016777351
30/30: Matthews 0.41330, Accuracy: 65.62500, Loss: 0.016849194
 
Best Matthews: 0.41330, Best Accuracy: 65.62500, Best Loss: 0.017402815 at epoch 14
Time Elasped: 00:00:54
========= Epoch 21 =========
15/30: Matthews 0.41330, Accuracy: 65.62500, Loss: 0.017835441
30/30: Matthews 0.41330, Accuracy: 65.62500, Loss: 0.018005267
 
Best Matthews: 0.41330, Best Accuracy: 65.62500, Best Loss: 0.017402815 at epoch 14
Time Elasped: 00:00:55
========= Epoch 22 =========
15/30: Matthews 0.36917, Accuracy: 64.58333, Loss: 0.018903859
30/30: Matthews 0.43543, Accuracy: 66.14583, Loss: 0.013613431
 
Best Matthews: 0.43543, Best Accuracy: 66.14583, Best Loss: 0.013613431 at epoch 22
Time Elasped: 00:00:59
========= Epoch 23 =========
15/30: Matthews 0.39121, Accuracy: 65.10417, Loss: 0.016853405
30/30: Matthews 0.39121, Accuracy: 65.10417, Loss: 0.017098213
 
Best Matthews: 0.43543, Best Accuracy: 66.14583, Best Loss: 0.013613431 at epoch 22
Time Elasped: 00:01:00
========= Epoch 24 =========
15/30: Matthews 0.39615, Accuracy: 65.62500, Loss: 0.018114548
30/30: Matthews 0.39121, Accuracy: 65.10417, Loss: 0.014517856
 
Best Matthews: 0.43543, Best Accuracy: 66.14583, Best Loss: 0.013613431 at epoch 22
Time Elasped: 00:01:02
========= Epoch 25 =========
15/30: Matthews 0.37415, Accuracy: 65.10417, Loss: 0.015808187
30/30: Matthews 0.39121, Accuracy: 65.10417, Loss: 0.015495357
 
Best Matthews: 0.43543, Best Accuracy: 66.14583, Best Loss: 0.013613431 at epoch 22
Time Elasped: 00:01:04
========= Epoch 26 =========
15/30: Matthews 0.39615, Accuracy: 65.62500, Loss: 0.016716321
30/30: Matthews 0.39121, Accuracy: 65.10417, Loss: 0.015207820
 
Best Matthews: 0.43543, Best Accuracy: 66.14583, Best Loss: 0.013613431 at epoch 22
Time Elasped: 00:01:05
========= Epoch 27 =========
15/30: Matthews 0.37415, Accuracy: 65.10417, Loss: 0.019200106
30/30: Matthews 0.41330, Accuracy: 65.62500, Loss: 0.012292246
 
Best Matthews: 0.43543, Best Accuracy: 66.14583, Best Loss: 0.013613431 at epoch 22
Time Elasped: 00:01:07
========= Epoch 28 =========
15/30: Matthews 0.37415, Accuracy: 65.10417, Loss: 0.014359389
30/30: Matthews 0.37415, Accuracy: 65.10417, Loss: 0.016523693
 
Best Matthews: 0.43543, Best Accuracy: 66.14583, Best Loss: 0.013613431 at epoch 22
Time Elasped: 00:01:09
========= Epoch 29 =========
15/30: Matthews 0.39615, Accuracy: 65.62500, Loss: 0.017067802
30/30: Matthews 0.39121, Accuracy: 65.10417, Loss: 0.013183601
 
Best Matthews: 0.43543, Best Accuracy: 66.14583, Best Loss: 0.013613431 at epoch 22
Time Elasped: 00:01:10
========= Epoch 30 =========
15/30: Matthews 0.37415, Accuracy: 65.10417, Loss: 0.014635133
30/30: Matthews 0.37415, Accuracy: 65.10417, Loss: 0.015546368
 
Best Matthews: 0.43543, Best Accuracy: 66.14583, Best Loss: 0.013613431 at epoch 22
Time Elasped: 00:01:12
========= Epoch 31 =========
15/30: Matthews 0.39615, Accuracy: 65.62500, Loss: 0.013946645
30/30: Matthews 0.39615, Accuracy: 65.62500, Loss: 0.013531147
 
Best Matthews: 0.43543, Best Accuracy: 66.14583, Best Loss: 0.013613431 at epoch 22
Time Elasped: 00:01:14
========= Epoch 32 =========
15/30: Matthews 0.37415, Accuracy: 65.10417, Loss: 0.013485017
30/30: Matthews 0.37415, Accuracy: 65.10417, Loss: 0.016439021
 
Best Matthews: 0.43543, Best Accuracy: 66.14583, Best Loss: 0.013613431 at epoch 22
Time Elasped: 00:01:16
========= Epoch 33 =========
15/30: Matthews 0.37415, Accuracy: 65.10417, Loss: 0.013596428
30/30: Matthews 0.37415, Accuracy: 65.10417, Loss: 0.013931570
 
Best Matthews: 0.43543, Best Accuracy: 66.14583, Best Loss: 0.013613431 at epoch 22
Time Elasped: 00:01:17
========= Epoch 34 =========
15/30: Matthews 0.37415, Accuracy: 65.10417, Loss: 0.013963324
30/30: Matthews 0.37917, Accuracy: 65.62500, Loss: 0.015208434
 
Best Matthews: 0.43543, Best Accuracy: 66.14583, Best Loss: 0.013613431 at epoch 22
Time Elasped: 00:01:19
========= Epoch 35 =========
15/30: Matthews 0.37917, Accuracy: 65.62500, Loss: 0.016675089
30/30: Matthews 0.37415, Accuracy: 65.10417, Loss: 0.013946762
 
Best Matthews: 0.43543, Best Accuracy: 66.14583, Best Loss: 0.013613431 at epoch 22
Time Elasped: 00:01:21
========= Epoch 36 =========
15/30: Matthews 0.39615, Accuracy: 65.62500, Loss: 0.012640129
30/30: Matthews 0.37415, Accuracy: 65.10417, Loss: 0.014473276
 
Best Matthews: 0.43543, Best Accuracy: 66.14583, Best Loss: 0.013613431 at epoch 22
Time Elasped: 00:01:22
========= Epoch 37 =========
15/30: Matthews 0.35218, Accuracy: 64.58333, Loss: 0.011363251
30/30: Matthews 0.37415, Accuracy: 65.10417, Loss: 0.012351761
 
Best Matthews: 0.43543, Best Accuracy: 66.14583, Best Loss: 0.013613431 at epoch 22
Time Elasped: 00:01:24
========= Epoch 38 =========
15/30: Matthews 0.39615, Accuracy: 65.62500, Loss: 0.014020056
30/30: Matthews 0.37415, Accuracy: 65.10417, Loss: 0.011808033
 
Best Matthews: 0.43543, Best Accuracy: 66.14583, Best Loss: 0.013613431 at epoch 22
Time Elasped: 00:01:26
========= Epoch 39 =========
15/30: Matthews 0.35218, Accuracy: 64.58333, Loss: 0.012565263
30/30: Matthews 0.35218, Accuracy: 64.58333, Loss: 0.014026985
 
Best Matthews: 0.43543, Best Accuracy: 66.14583, Best Loss: 0.013613431 at epoch 22
Time Elasped: 00:01:27
========= Epoch 40 =========
15/30: Matthews 0.37415, Accuracy: 65.10417, Loss: 0.015909890
30/30: Matthews 0.37415, Accuracy: 65.10417, Loss: 0.012106621
 
Best Matthews: 0.43543, Best Accuracy: 66.14583, Best Loss: 0.013613431 at epoch 22
Time Elasped: 00:01:29
========= Epoch 41 =========
15/30: Matthews 0.37415, Accuracy: 65.10417, Loss: 0.011364649
30/30: Matthews 0.36234, Accuracy: 65.62500, Loss: 0.013593427
 
Best Matthews: 0.43543, Best Accuracy: 66.14583, Best Loss: 0.013613431 at epoch 22
Time Elasped: 00:01:31
========= Epoch 42 =========
15/30: Matthews 0.38424, Accuracy: 66.14583, Loss: 0.015416251
30/30: Matthews 0.41819, Accuracy: 66.14583, Loss: 0.009087470
 
Best Matthews: 0.43543, Best Accuracy: 66.14583, Best Loss: 0.013613431 at epoch 22
Time Elasped: 00:01:32
========= Epoch 43 =========
Early Stopping activated
 
Best Matthews: 0.43543, Best Accuracy: 66.14583, Best Loss: 0.013613431 at epoch 22
Time Elasped: 00:01:35
Test Set:
0/0: Matthews 0.53659, Accuracy: 73.67647, Loss: 0.001011215
