Namespace(batch_size=32, buffer_size=1, by_source=False, crop_pad_length=30, data='./acceptability_corpus/verb_classes/there', data_type='discriminator', dropout=0.2, embedding='glove.6B.300d', embedding_path='/scratch/asw462/models/elmo_encoder/elmo.emb', embedding_size=217, encoder_num_layers=2, encoder_path='/scratch/asw462/models/elmo_encoder/elmo.pth', encoding_size=528, encoding_type='lstm_pooling_classifier', epochs=1000, evaluate_train=False, experiment_name='experiment_linear_classifier_h_112_l_4_lr_0.0001_e_217_do_0.2', glove=False, gpu=True, hidden_size=112, imbalance=True, learning_rate=0.00011, lm_path=None, logs_dir='/scratch/asw462/logs/verb_classes/there', max_pool=False, model='linear_classifier', num_layers=4, output_dir='/scratch/asw462/logs/verb_classes/outputs/there', patience=20, preprocess_tokenizer='space', prints_per_stage=1, resume=True, resume_file=None, save_loc='/scratch/asw462/models/verb_classes/there', seed=1111, should_not_log=False, should_not_lowercase=False, should_not_preprocess_data=False, stages_per_epoch=2, train_embeddings=False, train_evaluate_interval=10, vocab_file='/scratch/asw462/data/vocab_100k.tsv')
======== General =======
Model: linear_classifier
GPU: True
Experiment Name: experiment_linear_classifier_h_112_l_4_lr_0.0001_e_217_do_0.2
Save location: /scratch/asw462/models/verb_classes/there
Logs dir: /scratch/asw462/logs/verb_classes/there
Timestamp: 2018/08/01 20:04:06
 
======== Data =======
Training set: 946 examples
Validation set: 192 examples
Test set: 680 examples
 
======= Parameters =======
Learning Rate: 0.000110
Batch Size: 32
Epochs: 1000
Patience: 20
Stages per Epoch: 2
Embedding: 100004 x 217
Number of layers: 4
Hidden Size: 112
Encoder Size: 528
Resume: True
 
======= Model =======
LinearClassifierWithEncoder(
  (model): LinearClassifier(
    (dropout): Dropout(p=0.2)
    (enc2h): Linear(in_features=1056, out_features=112, bias=True)
    (h20): Linear(in_features=112, out_features=1, bias=True)
    (sigmoid): Sigmoid()
    (tanh): Tanh()
    (softmax): Softmax()
  )
  (encoder): LSTMPoolingClassifierWithELMo(
    (elmo): ELMOClassifier(
      (lm): LSTMLanguageModel(
        (dropout): Dropout(p=0.2)
        (embedding): Embedding(100003, 217)
        (lstm): LSTM(217, 891, num_layers=2, dropout=0.2)
        (fc): Linear(in_features=891, out_features=100003, bias=True)
      )
      (lstms): ModuleList(
        (0): LSTM(217, 891, batch_first=True)
        (1): LSTM(891, 891, batch_first=True)
      )
      (dropout): Dropout(p=0.2)
      (linear_comb): Linear(in_features=2, out_features=1, bias=True)
      (fc1): Linear(in_features=891, out_features=528, bias=True)
      (relu): ReLU()
      (out): Linear(in_features=528, out_features=1, bias=True)
      (sigmoid): Sigmoid()
    )
    (pooling_classifier): LSTMPoolingClassifier(
      (ih2h): LSTM(891, 528, num_layers=3, batch_first=True, dropout=0.2, bidirectional=True)
      (pool2o): Linear(in_features=1056, out_features=1, bias=True)
      (sigmoid): Sigmoid()
      (softmax): Softmax()
      (dropout): Dropout(p=0.2)
    )
  )
)
 
========= Epoch 1 =========
15/30: Matthews 0.34676, Accuracy: 70.31250, Loss: 0.051613733
30/30: Matthews 0.36712, Accuracy: 69.27083, Loss: 0.048672333
 
Best Matthews: 0.36712, Best Accuracy: 69.27083, Best Loss: 0.048672333 at epoch 1
Time Elasped: 00:00:11
========= Epoch 2 =========
15/30: Matthews 0.32018, Accuracy: 63.02083, Loss: 0.042615627
30/30: Matthews 0.33532, Accuracy: 64.58333, Loss: 0.042375306
 
Best Matthews: 0.36712, Best Accuracy: 69.27083, Best Loss: 0.048672333 at epoch 1
Time Elasped: 00:00:12
========= Epoch 3 =========
15/30: Matthews 0.32018, Accuracy: 63.02083, Loss: 0.039260859
30/30: Matthews 0.34219, Accuracy: 63.54167, Loss: 0.038082833
 
Best Matthews: 0.36712, Best Accuracy: 69.27083, Best Loss: 0.048672333 at epoch 1
Time Elasped: 00:00:14
========= Epoch 4 =========
15/30: Matthews 0.37664, Accuracy: 63.54167, Loss: 0.036152303
30/30: Matthews 0.37664, Accuracy: 63.54167, Loss: 0.034058606
 
Best Matthews: 0.37664, Best Accuracy: 63.54167, Best Loss: 0.036152303 at epoch 4
Time Elasped: 00:00:17
========= Epoch 5 =========
15/30: Matthews 0.38146, Accuracy: 64.06250, Loss: 0.032974293
30/30: Matthews 0.38146, Accuracy: 64.06250, Loss: 0.032335982
 
Best Matthews: 0.38146, Best Accuracy: 64.06250, Best Loss: 0.032974293 at epoch 5
Time Elasped: 00:00:20
========= Epoch 6 =========
15/30: Matthews 0.38146, Accuracy: 64.06250, Loss: 0.032309505
30/30: Matthews 0.38146, Accuracy: 64.06250, Loss: 0.029070154
 
Best Matthews: 0.38146, Best Accuracy: 64.06250, Best Loss: 0.032974293 at epoch 5
Time Elasped: 00:00:22
========= Epoch 7 =========
15/30: Matthews 0.38146, Accuracy: 64.06250, Loss: 0.029204602
30/30: Matthews 0.37664, Accuracy: 63.54167, Loss: 0.025869419
 
Best Matthews: 0.38146, Best Accuracy: 64.06250, Best Loss: 0.032974293 at epoch 5
Time Elasped: 00:00:24
========= Epoch 8 =========
15/30: Matthews 0.38632, Accuracy: 64.58333, Loss: 0.026550939
30/30: Matthews 0.40845, Accuracy: 65.10417, Loss: 0.024671182
 
Best Matthews: 0.40845, Best Accuracy: 65.10417, Best Loss: 0.024671182 at epoch 8
Time Elasped: 00:00:28
========= Epoch 9 =========
15/30: Matthews 0.38632, Accuracy: 64.58333, Loss: 0.025268550
30/30: Matthews 0.40845, Accuracy: 65.10417, Loss: 0.023088721
 
Best Matthews: 0.40845, Best Accuracy: 65.10417, Best Loss: 0.024671182 at epoch 8
Time Elasped: 00:00:30
========= Epoch 10 =========
15/30: Matthews 0.40845, Accuracy: 65.10417, Loss: 0.022541210
30/30: Matthews 0.40845, Accuracy: 65.10417, Loss: 0.021991501
 
Best Matthews: 0.40845, Best Accuracy: 65.10417, Best Loss: 0.024671182 at epoch 8
Time Elasped: 00:00:31
========= Epoch 11 =========
15/30: Matthews 0.40845, Accuracy: 65.10417, Loss: 0.022317280
30/30: Matthews 0.40845, Accuracy: 65.10417, Loss: 0.020223171
 
Best Matthews: 0.40845, Best Accuracy: 65.10417, Best Loss: 0.024671182 at epoch 8
Time Elasped: 00:00:33
========= Epoch 12 =========
15/30: Matthews 0.40845, Accuracy: 65.10417, Loss: 0.021332480
30/30: Matthews 0.40845, Accuracy: 65.10417, Loss: 0.021326239
 
Best Matthews: 0.40845, Best Accuracy: 65.10417, Best Loss: 0.024671182 at epoch 8
Time Elasped: 00:00:35
========= Epoch 13 =========
15/30: Matthews 0.40845, Accuracy: 65.10417, Loss: 0.018914250
30/30: Matthews 0.41330, Accuracy: 65.62500, Loss: 0.021578590
 
Best Matthews: 0.41330, Best Accuracy: 65.62500, Best Loss: 0.021578590 at epoch 13
Time Elasped: 00:00:38
========= Epoch 14 =========
15/30: Matthews 0.40845, Accuracy: 65.10417, Loss: 0.017904148
30/30: Matthews 0.41330, Accuracy: 65.62500, Loss: 0.020514491
 
Best Matthews: 0.41330, Best Accuracy: 65.62500, Best Loss: 0.021578590 at epoch 13
Time Elasped: 00:00:40
========= Epoch 15 =========
15/30: Matthews 0.41330, Accuracy: 65.62500, Loss: 0.019061429
30/30: Matthews 0.41330, Accuracy: 65.62500, Loss: 0.018421603
 
Best Matthews: 0.41330, Best Accuracy: 65.62500, Best Loss: 0.021578590 at epoch 13
Time Elasped: 00:00:41
========= Epoch 16 =========
15/30: Matthews 0.41330, Accuracy: 65.62500, Loss: 0.018083113
30/30: Matthews 0.39121, Accuracy: 65.10417, Loss: 0.021019429
 
Best Matthews: 0.41330, Best Accuracy: 65.62500, Best Loss: 0.021578590 at epoch 13
Time Elasped: 00:00:43
========= Epoch 17 =========
15/30: Matthews 0.41330, Accuracy: 65.62500, Loss: 0.017603882
30/30: Matthews 0.41330, Accuracy: 65.62500, Loss: 0.017945390
 
Best Matthews: 0.41330, Best Accuracy: 65.62500, Best Loss: 0.021578590 at epoch 13
Time Elasped: 00:00:45
========= Epoch 18 =========
15/30: Matthews 0.39121, Accuracy: 65.10417, Loss: 0.019904266
30/30: Matthews 0.41330, Accuracy: 65.62500, Loss: 0.015653860
 
Best Matthews: 0.41330, Best Accuracy: 65.62500, Best Loss: 0.021578590 at epoch 13
Time Elasped: 00:00:46
========= Epoch 19 =========
15/30: Matthews 0.39121, Accuracy: 65.10417, Loss: 0.016216186
30/30: Matthews 0.39121, Accuracy: 65.10417, Loss: 0.018031783
 
Best Matthews: 0.41330, Best Accuracy: 65.62500, Best Loss: 0.021578590 at epoch 13
Time Elasped: 00:00:48
========= Epoch 20 =========
15/30: Matthews 0.39121, Accuracy: 65.10417, Loss: 0.019178035
30/30: Matthews 0.41330, Accuracy: 65.62500, Loss: 0.013931289
 
Best Matthews: 0.41330, Best Accuracy: 65.62500, Best Loss: 0.021578590 at epoch 13
Time Elasped: 00:00:50
========= Epoch 21 =========
15/30: Matthews 0.39121, Accuracy: 65.10417, Loss: 0.016764202
30/30: Matthews 0.39121, Accuracy: 65.10417, Loss: 0.016309458
 
Best Matthews: 0.41330, Best Accuracy: 65.62500, Best Loss: 0.021578590 at epoch 13
Time Elasped: 00:00:51
========= Epoch 22 =========
15/30: Matthews 0.39121, Accuracy: 65.10417, Loss: 0.015709190
30/30: Matthews 0.39121, Accuracy: 65.10417, Loss: 0.016420162
 
Best Matthews: 0.41330, Best Accuracy: 65.62500, Best Loss: 0.021578590 at epoch 13
Time Elasped: 00:00:53
========= Epoch 23 =========
15/30: Matthews 0.37415, Accuracy: 65.10417, Loss: 0.016446835
30/30: Matthews 0.39121, Accuracy: 65.10417, Loss: 0.016648413
 
Best Matthews: 0.41330, Best Accuracy: 65.62500, Best Loss: 0.021578590 at epoch 13
Time Elasped: 00:00:55
========= Epoch 24 =========
15/30: Matthews 0.36917, Accuracy: 64.58333, Loss: 0.019108209
30/30: Matthews 0.41330, Accuracy: 65.62500, Loss: 0.012532791
 
Best Matthews: 0.41330, Best Accuracy: 65.62500, Best Loss: 0.021578590 at epoch 13
Time Elasped: 00:00:56
========= Epoch 25 =========
15/30: Matthews 0.39121, Accuracy: 65.10417, Loss: 0.013740207
30/30: Matthews 0.35218, Accuracy: 64.58333, Loss: 0.016673693
 
Best Matthews: 0.41330, Best Accuracy: 65.62500, Best Loss: 0.021578590 at epoch 13
Time Elasped: 00:00:58
========= Epoch 26 =========
15/30: Matthews 0.39121, Accuracy: 65.10417, Loss: 0.013696822
30/30: Matthews 0.37415, Accuracy: 65.10417, Loss: 0.017090354
 
Best Matthews: 0.41330, Best Accuracy: 65.62500, Best Loss: 0.021578590 at epoch 13
Time Elasped: 00:01:00
========= Epoch 27 =========
15/30: Matthews 0.33023, Accuracy: 64.06250, Loss: 0.015485971
30/30: Matthews 0.36917, Accuracy: 64.58333, Loss: 0.014534188
 
Best Matthews: 0.41330, Best Accuracy: 65.62500, Best Loss: 0.021578590 at epoch 13
Time Elasped: 00:01:01
========= Epoch 28 =========
15/30: Matthews 0.39121, Accuracy: 65.10417, Loss: 0.013030704
30/30: Matthews 0.35218, Accuracy: 64.58333, Loss: 0.019052731
 
Best Matthews: 0.41330, Best Accuracy: 65.62500, Best Loss: 0.021578590 at epoch 13
Time Elasped: 00:01:03
========= Epoch 29 =========
15/30: Matthews 0.35218, Accuracy: 64.58333, Loss: 0.014802163
30/30: Matthews 0.37415, Accuracy: 65.10417, Loss: 0.015951857
 
Best Matthews: 0.41330, Best Accuracy: 65.62500, Best Loss: 0.021578590 at epoch 13
Time Elasped: 00:01:05
========= Epoch 30 =========
15/30: Matthews 0.39121, Accuracy: 65.10417, Loss: 0.014377185
30/30: Matthews 0.37415, Accuracy: 65.10417, Loss: 0.015115070
 
Best Matthews: 0.41330, Best Accuracy: 65.62500, Best Loss: 0.021578590 at epoch 13
Time Elasped: 00:01:06
========= Epoch 31 =========
15/30: Matthews 0.33532, Accuracy: 64.58333, Loss: 0.017280594
30/30: Matthews 0.39615, Accuracy: 65.62500, Loss: 0.011289738
 
Best Matthews: 0.41330, Best Accuracy: 65.62500, Best Loss: 0.021578590 at epoch 13
Time Elasped: 00:01:08
========= Epoch 32 =========
15/30: Matthews 0.37415, Accuracy: 65.10417, Loss: 0.012993706
30/30: Matthews 0.35724, Accuracy: 65.10417, Loss: 0.016504594
 
Best Matthews: 0.41330, Best Accuracy: 65.62500, Best Loss: 0.021578590 at epoch 13
Time Elasped: 00:01:10
========= Epoch 33 =========
15/30: Matthews 0.39615, Accuracy: 65.62500, Loss: 0.011461306
30/30: Matthews 0.35724, Accuracy: 65.10417, Loss: 0.014016683
 
Best Matthews: 0.41330, Best Accuracy: 65.62500, Best Loss: 0.021578590 at epoch 13
Time Elasped: 00:01:11
========= Epoch 34 =========
Early Stopping activated
 
Best Matthews: 0.41330, Best Accuracy: 65.62500, Best Loss: 0.021578590 at epoch 13
Time Elasped: 00:01:14
Test Set:
0/0: Matthews 0.51815, Accuracy: 73.67647, Loss: 0.001228184
