Namespace(batch_size=32, buffer_size=1, by_source=False, crop_pad_length=30, data='./acceptability_corpus/verb_classes/there', data_type='discriminator', dropout=0.5, embedding='glove.6B.300d', embedding_path='/scratch/asw462/models/elmo_encoder/elmo.emb', embedding_size=217, encoder_num_layers=2, encoder_path='/scratch/asw462/models/elmo_encoder/elmo.pth', encoding_size=528, encoding_type='lstm_pooling_classifier', epochs=1000, evaluate_train=False, experiment_name='experiment_linear_classifier_h_93_l_4_lr_0.0001_e_217_do_0.5', glove=False, gpu=True, hidden_size=93, imbalance=True, learning_rate=6e-05, lm_path=None, logs_dir='/scratch/asw462/logs/verb_classes/there', max_pool=False, model='linear_classifier', num_layers=4, output_dir='/scratch/asw462/logs/verb_classes/outputs/there', patience=20, preprocess_tokenizer='space', prints_per_stage=1, resume=True, resume_file=None, save_loc='/scratch/asw462/models/verb_classes/there', seed=1111, should_not_log=False, should_not_lowercase=False, should_not_preprocess_data=False, stages_per_epoch=2, train_embeddings=False, train_evaluate_interval=10, vocab_file='/scratch/asw462/data/vocab_100k.tsv')
======== General =======
Model: linear_classifier
GPU: True
Experiment Name: experiment_linear_classifier_h_93_l_4_lr_0.0001_e_217_do_0.5
Save location: /scratch/asw462/models/verb_classes/there
Logs dir: /scratch/asw462/logs/verb_classes/there
Timestamp: 2018/08/01 20:48:01
 
======== Data =======
Training set: 946 examples
Validation set: 192 examples
Test set: 680 examples
 
======= Parameters =======
Learning Rate: 0.000060
Batch Size: 32
Epochs: 1000
Patience: 20
Stages per Epoch: 2
Embedding: 100004 x 217
Number of layers: 4
Hidden Size: 93
Encoder Size: 528
Resume: True
 
======= Model =======
LinearClassifierWithEncoder(
  (model): LinearClassifier(
    (dropout): Dropout(p=0.5)
    (enc2h): Linear(in_features=1056, out_features=93, bias=True)
    (h20): Linear(in_features=93, out_features=1, bias=True)
    (sigmoid): Sigmoid()
    (tanh): Tanh()
    (softmax): Softmax()
  )
  (encoder): LSTMPoolingClassifierWithELMo(
    (elmo): ELMOClassifier(
      (lm): LSTMLanguageModel(
        (dropout): Dropout(p=0.2)
        (embedding): Embedding(100003, 217)
        (lstm): LSTM(217, 891, num_layers=2, dropout=0.2)
        (fc): Linear(in_features=891, out_features=100003, bias=True)
      )
      (lstms): ModuleList(
        (0): LSTM(217, 891, batch_first=True)
        (1): LSTM(891, 891, batch_first=True)
      )
      (dropout): Dropout(p=0.2)
      (linear_comb): Linear(in_features=2, out_features=1, bias=True)
      (fc1): Linear(in_features=891, out_features=528, bias=True)
      (relu): ReLU()
      (out): Linear(in_features=528, out_features=1, bias=True)
      (sigmoid): Sigmoid()
    )
    (pooling_classifier): LSTMPoolingClassifier(
      (ih2h): LSTM(891, 528, num_layers=3, batch_first=True, dropout=0.2, bidirectional=True)
      (pool2o): Linear(in_features=1056, out_features=1, bias=True)
      (sigmoid): Sigmoid()
      (softmax): Softmax()
      (dropout): Dropout(p=0.2)
    )
  )
)
 
========= Epoch 1 =========
15/30: Matthews 0.33976, Accuracy: 68.22917, Loss: 0.053347180
30/30: Matthews 0.34538, Accuracy: 68.75000, Loss: 0.051698168
 
Best Matthews: 0.34538, Best Accuracy: 68.75000, Best Loss: 0.051698168 at epoch 1
Time Elasped: 00:00:08
========= Epoch 2 =========
15/30: Matthews 0.33976, Accuracy: 68.22917, Loss: 0.050044060
30/30: Matthews 0.35595, Accuracy: 68.22917, Loss: 0.048370272
 
Best Matthews: 0.35595, Best Accuracy: 68.22917, Best Loss: 0.048370272 at epoch 2
Time Elasped: 00:00:11
========= Epoch 3 =========
15/30: Matthews 0.34502, Accuracy: 67.18750, Loss: 0.046873699
30/30: Matthews 0.34045, Accuracy: 65.10417, Loss: 0.044688990
 
Best Matthews: 0.35595, Best Accuracy: 68.22917, Best Loss: 0.048370272 at epoch 2
Time Elasped: 00:00:13
========= Epoch 4 =========
15/30: Matthews 0.31521, Accuracy: 62.50000, Loss: 0.042768608
30/30: Matthews 0.31521, Accuracy: 62.50000, Loss: 0.041992908
 
Best Matthews: 0.35595, Best Accuracy: 68.22917, Best Loss: 0.048370272 at epoch 2
Time Elasped: 00:00:14
========= Epoch 5 =========
15/30: Matthews 0.31027, Accuracy: 61.97917, Loss: 0.040344104
30/30: Matthews 0.31521, Accuracy: 62.50000, Loss: 0.040033018
 
Best Matthews: 0.35595, Best Accuracy: 68.22917, Best Loss: 0.048370272 at epoch 2
Time Elasped: 00:00:16
========= Epoch 6 =========
15/30: Matthews 0.31521, Accuracy: 62.50000, Loss: 0.039803639
30/30: Matthews 0.31521, Accuracy: 62.50000, Loss: 0.038815826
 
Best Matthews: 0.35595, Best Accuracy: 68.22917, Best Loss: 0.048370272 at epoch 2
Time Elasped: 00:00:17
========= Epoch 7 =========
15/30: Matthews 0.37664, Accuracy: 63.54167, Loss: 0.035787533
30/30: Matthews 0.37664, Accuracy: 63.54167, Loss: 0.035925108
 
Best Matthews: 0.37664, Best Accuracy: 63.54167, Best Loss: 0.035787533 at epoch 7
Time Elasped: 00:00:20
========= Epoch 8 =========
15/30: Matthews 0.31521, Accuracy: 62.50000, Loss: 0.037873889
30/30: Matthews 0.33235, Accuracy: 62.50000, Loss: 0.036724195
 
Best Matthews: 0.37664, Best Accuracy: 63.54167, Best Loss: 0.035787533 at epoch 7
Time Elasped: 00:00:22
========= Epoch 9 =========
15/30: Matthews 0.37664, Accuracy: 63.54167, Loss: 0.035595484
30/30: Matthews 0.37664, Accuracy: 63.54167, Loss: 0.033777088
 
Best Matthews: 0.37664, Best Accuracy: 63.54167, Best Loss: 0.035787533 at epoch 7
Time Elasped: 00:00:23
========= Epoch 10 =========
15/30: Matthews 0.37664, Accuracy: 63.54167, Loss: 0.033314620
30/30: Matthews 0.37664, Accuracy: 63.54167, Loss: 0.032669147
 
Best Matthews: 0.37664, Best Accuracy: 63.54167, Best Loss: 0.035787533 at epoch 7
Time Elasped: 00:00:25
========= Epoch 11 =========
15/30: Matthews 0.37664, Accuracy: 63.54167, Loss: 0.031567708
30/30: Matthews 0.38146, Accuracy: 64.06250, Loss: 0.031402454
 
Best Matthews: 0.38146, Best Accuracy: 64.06250, Best Loss: 0.031402454 at epoch 11
Time Elasped: 00:00:28
========= Epoch 12 =========
15/30: Matthews 0.38146, Accuracy: 64.06250, Loss: 0.031157563
30/30: Matthews 0.38146, Accuracy: 64.06250, Loss: 0.030871933
 
Best Matthews: 0.38146, Best Accuracy: 64.06250, Best Loss: 0.031402454 at epoch 11
Time Elasped: 00:00:30
========= Epoch 13 =========
15/30: Matthews 0.38146, Accuracy: 64.06250, Loss: 0.031355411
30/30: Matthews 0.38146, Accuracy: 64.06250, Loss: 0.030114435
 
Best Matthews: 0.38146, Best Accuracy: 64.06250, Best Loss: 0.031402454 at epoch 11
Time Elasped: 00:00:31
========= Epoch 14 =========
15/30: Matthews 0.37664, Accuracy: 63.54167, Loss: 0.029281949
30/30: Matthews 0.37664, Accuracy: 63.54167, Loss: 0.028256414
 
Best Matthews: 0.38146, Best Accuracy: 64.06250, Best Loss: 0.031402454 at epoch 11
Time Elasped: 00:00:33
========= Epoch 15 =========
15/30: Matthews 0.37664, Accuracy: 63.54167, Loss: 0.027643159
30/30: Matthews 0.38146, Accuracy: 64.06250, Loss: 0.028218364
 
Best Matthews: 0.38146, Best Accuracy: 64.06250, Best Loss: 0.031402454 at epoch 11
Time Elasped: 00:00:34
========= Epoch 16 =========
15/30: Matthews 0.38146, Accuracy: 64.06250, Loss: 0.026503620
30/30: Matthews 0.38146, Accuracy: 64.06250, Loss: 0.027531765
 
Best Matthews: 0.38146, Best Accuracy: 64.06250, Best Loss: 0.031402454 at epoch 11
Time Elasped: 00:00:36
========= Epoch 17 =========
15/30: Matthews 0.38632, Accuracy: 64.58333, Loss: 0.027441030
30/30: Matthews 0.38632, Accuracy: 64.58333, Loss: 0.026441539
 
Best Matthews: 0.38632, Best Accuracy: 64.58333, Best Loss: 0.027441030 at epoch 17
Time Elasped: 00:00:39
========= Epoch 18 =========
15/30: Matthews 0.38632, Accuracy: 64.58333, Loss: 0.025665760
30/30: Matthews 0.38632, Accuracy: 64.58333, Loss: 0.025483047
 
Best Matthews: 0.38632, Best Accuracy: 64.58333, Best Loss: 0.027441030 at epoch 17
Time Elasped: 00:00:40
========= Epoch 19 =========
15/30: Matthews 0.38632, Accuracy: 64.58333, Loss: 0.025525406
30/30: Matthews 0.38632, Accuracy: 64.58333, Loss: 0.024618357
 
Best Matthews: 0.38632, Best Accuracy: 64.58333, Best Loss: 0.027441030 at epoch 17
Time Elasped: 00:00:42
========= Epoch 20 =========
15/30: Matthews 0.38632, Accuracy: 64.58333, Loss: 0.024998965
30/30: Matthews 0.38632, Accuracy: 64.58333, Loss: 0.024936331
 
Best Matthews: 0.38632, Best Accuracy: 64.58333, Best Loss: 0.027441030 at epoch 17
Time Elasped: 00:00:43
========= Epoch 21 =========
15/30: Matthews 0.38632, Accuracy: 64.58333, Loss: 0.024354974
30/30: Matthews 0.38632, Accuracy: 64.58333, Loss: 0.023703804
 
Best Matthews: 0.38632, Best Accuracy: 64.58333, Best Loss: 0.027441030 at epoch 17
Time Elasped: 00:00:45
========= Epoch 22 =========
15/30: Matthews 0.38632, Accuracy: 64.58333, Loss: 0.022721673
30/30: Matthews 0.38632, Accuracy: 64.58333, Loss: 0.023013552
 
Best Matthews: 0.38632, Best Accuracy: 64.58333, Best Loss: 0.027441030 at epoch 17
Time Elasped: 00:00:46
========= Epoch 23 =========
15/30: Matthews 0.38632, Accuracy: 64.58333, Loss: 0.022703677
30/30: Matthews 0.38632, Accuracy: 64.58333, Loss: 0.022087472
 
Best Matthews: 0.38632, Best Accuracy: 64.58333, Best Loss: 0.027441030 at epoch 17
Time Elasped: 00:00:48
========= Epoch 24 =========
15/30: Matthews 0.40845, Accuracy: 65.10417, Loss: 0.020969684
30/30: Matthews 0.40845, Accuracy: 65.10417, Loss: 0.021328002
 
Best Matthews: 0.40845, Best Accuracy: 65.10417, Best Loss: 0.020969684 at epoch 24
Time Elasped: 00:00:51
========= Epoch 25 =========
15/30: Matthews 0.40845, Accuracy: 65.10417, Loss: 0.021503866
30/30: Matthews 0.38632, Accuracy: 64.58333, Loss: 0.022225484
 
Best Matthews: 0.40845, Best Accuracy: 65.10417, Best Loss: 0.020969684 at epoch 24
Time Elasped: 00:00:52
========= Epoch 26 =========
15/30: Matthews 0.38632, Accuracy: 64.58333, Loss: 0.022466699
30/30: Matthews 0.38632, Accuracy: 64.58333, Loss: 0.021844024
 
Best Matthews: 0.40845, Best Accuracy: 65.10417, Best Loss: 0.020969684 at epoch 24
Time Elasped: 00:00:54
========= Epoch 27 =========
15/30: Matthews 0.39121, Accuracy: 65.10417, Loss: 0.021954906
30/30: Matthews 0.40845, Accuracy: 65.10417, Loss: 0.020080863
 
Best Matthews: 0.40845, Best Accuracy: 65.10417, Best Loss: 0.020969684 at epoch 24
Time Elasped: 00:00:55
========= Epoch 28 =========
15/30: Matthews 0.40845, Accuracy: 65.10417, Loss: 0.019451216
30/30: Matthews 0.41330, Accuracy: 65.62500, Loss: 0.019303307
 
Best Matthews: 0.41330, Best Accuracy: 65.62500, Best Loss: 0.019303307 at epoch 28
Time Elasped: 00:00:58
========= Epoch 29 =========
15/30: Matthews 0.40845, Accuracy: 65.10417, Loss: 0.018384947
30/30: Matthews 0.41330, Accuracy: 65.62500, Loss: 0.019921720
 
Best Matthews: 0.41330, Best Accuracy: 65.62500, Best Loss: 0.019303307 at epoch 28
Time Elasped: 00:00:59
========= Epoch 30 =========
15/30: Matthews 0.39121, Accuracy: 65.10417, Loss: 0.022556176
30/30: Matthews 0.39121, Accuracy: 65.10417, Loss: 0.021750992
 
Best Matthews: 0.41330, Best Accuracy: 65.62500, Best Loss: 0.019303307 at epoch 28
Time Elasped: 00:01:01
========= Epoch 31 =========
15/30: Matthews 0.41330, Accuracy: 65.62500, Loss: 0.019625245
30/30: Matthews 0.41330, Accuracy: 65.62500, Loss: 0.018628679
 
Best Matthews: 0.41330, Best Accuracy: 65.62500, Best Loss: 0.019303307 at epoch 28
Time Elasped: 00:01:03
========= Epoch 32 =========
15/30: Matthews 0.41330, Accuracy: 65.62500, Loss: 0.017861884
30/30: Matthews 0.41330, Accuracy: 65.62500, Loss: 0.018529849
 
Best Matthews: 0.41330, Best Accuracy: 65.62500, Best Loss: 0.019303307 at epoch 28
Time Elasped: 00:01:04
========= Epoch 33 =========
15/30: Matthews 0.41330, Accuracy: 65.62500, Loss: 0.018774649
30/30: Matthews 0.41330, Accuracy: 65.62500, Loss: 0.018431243
 
Best Matthews: 0.41330, Best Accuracy: 65.62500, Best Loss: 0.019303307 at epoch 28
Time Elasped: 00:01:06
========= Epoch 34 =========
15/30: Matthews 0.41330, Accuracy: 65.62500, Loss: 0.019157154
30/30: Matthews 0.41330, Accuracy: 65.62500, Loss: 0.017834688
 
Best Matthews: 0.41330, Best Accuracy: 65.62500, Best Loss: 0.019303307 at epoch 28
Time Elasped: 00:01:07
========= Epoch 35 =========
15/30: Matthews 0.41330, Accuracy: 65.62500, Loss: 0.017868904
30/30: Matthews 0.41330, Accuracy: 65.62500, Loss: 0.017278749
 
Best Matthews: 0.41330, Best Accuracy: 65.62500, Best Loss: 0.019303307 at epoch 28
Time Elasped: 00:01:09
========= Epoch 36 =========
15/30: Matthews 0.41330, Accuracy: 65.62500, Loss: 0.017661552
30/30: Matthews 0.41330, Accuracy: 65.62500, Loss: 0.017493166
 
Best Matthews: 0.41330, Best Accuracy: 65.62500, Best Loss: 0.019303307 at epoch 28
Time Elasped: 00:01:10
========= Epoch 37 =========
15/30: Matthews 0.41330, Accuracy: 65.62500, Loss: 0.017048662
30/30: Matthews 0.41330, Accuracy: 65.62500, Loss: 0.017567685
 
Best Matthews: 0.41330, Best Accuracy: 65.62500, Best Loss: 0.019303307 at epoch 28
Time Elasped: 00:01:12
========= Epoch 38 =========
15/30: Matthews 0.41330, Accuracy: 65.62500, Loss: 0.018538749
30/30: Matthews 0.41330, Accuracy: 65.62500, Loss: 0.017932874
 
Best Matthews: 0.41330, Best Accuracy: 65.62500, Best Loss: 0.019303307 at epoch 28
Time Elasped: 00:01:13
========= Epoch 39 =========
15/30: Matthews 0.41330, Accuracy: 65.62500, Loss: 0.017302918
30/30: Matthews 0.41330, Accuracy: 65.62500, Loss: 0.017483046
 
Best Matthews: 0.41330, Best Accuracy: 65.62500, Best Loss: 0.019303307 at epoch 28
Time Elasped: 00:01:15
========= Epoch 40 =========
15/30: Matthews 0.41330, Accuracy: 65.62500, Loss: 0.017365120
30/30: Matthews 0.41330, Accuracy: 65.62500, Loss: 0.017808065
 
Best Matthews: 0.41330, Best Accuracy: 65.62500, Best Loss: 0.019303307 at epoch 28
Time Elasped: 00:01:16
========= Epoch 41 =========
15/30: Matthews 0.41330, Accuracy: 65.62500, Loss: 0.016738420
30/30: Matthews 0.41330, Accuracy: 65.62500, Loss: 0.016315935
 
Best Matthews: 0.41330, Best Accuracy: 65.62500, Best Loss: 0.019303307 at epoch 28
Time Elasped: 00:01:18
========= Epoch 42 =========
15/30: Matthews 0.41330, Accuracy: 65.62500, Loss: 0.017303340
30/30: Matthews 0.41330, Accuracy: 65.62500, Loss: 0.016696967
 
Best Matthews: 0.41330, Best Accuracy: 65.62500, Best Loss: 0.019303307 at epoch 28
Time Elasped: 00:01:19
========= Epoch 43 =========
15/30: Matthews 0.41330, Accuracy: 65.62500, Loss: 0.016454827
30/30: Matthews 0.41330, Accuracy: 65.62500, Loss: 0.016289450
 
Best Matthews: 0.41330, Best Accuracy: 65.62500, Best Loss: 0.019303307 at epoch 28
Time Elasped: 00:01:21
========= Epoch 44 =========
15/30: Matthews 0.41330, Accuracy: 65.62500, Loss: 0.015791443
30/30: Matthews 0.41330, Accuracy: 65.62500, Loss: 0.016449293
 
Best Matthews: 0.41330, Best Accuracy: 65.62500, Best Loss: 0.019303307 at epoch 28
Time Elasped: 00:01:22
========= Epoch 45 =========
15/30: Matthews 0.41330, Accuracy: 65.62500, Loss: 0.015924444
30/30: Matthews 0.41330, Accuracy: 65.62500, Loss: 0.015540719
 
Best Matthews: 0.41330, Best Accuracy: 65.62500, Best Loss: 0.019303307 at epoch 28
Time Elasped: 00:01:24
========= Epoch 46 =========
15/30: Matthews 0.39121, Accuracy: 65.10417, Loss: 0.017460494
30/30: Matthews 0.41330, Accuracy: 65.62500, Loss: 0.015383964
 
Best Matthews: 0.41330, Best Accuracy: 65.62500, Best Loss: 0.019303307 at epoch 28
Time Elasped: 00:01:25
========= Epoch 47 =========
15/30: Matthews 0.41330, Accuracy: 65.62500, Loss: 0.014956582
30/30: Matthews 0.39121, Accuracy: 65.10417, Loss: 0.015059195
 
Best Matthews: 0.41330, Best Accuracy: 65.62500, Best Loss: 0.019303307 at epoch 28
Time Elasped: 00:01:27
========= Epoch 48 =========
15/30: Matthews 0.39121, Accuracy: 65.10417, Loss: 0.014743281
30/30: Matthews 0.39121, Accuracy: 65.10417, Loss: 0.015163322
 
Best Matthews: 0.41330, Best Accuracy: 65.62500, Best Loss: 0.019303307 at epoch 28
Time Elasped: 00:01:28
========= Epoch 49 =========
Early Stopping activated
 
Best Matthews: 0.41330, Best Accuracy: 65.62500, Best Loss: 0.019303307 at epoch 28
Time Elasped: 00:01:31
Test Set:
0/0: Matthews 0.52582, Accuracy: 73.38235, Loss: 0.001239510
