Namespace(batch_size=32, buffer_size=1, by_source=False, crop_pad_length=30, data='./acceptability_corpus/verb_classes/understood', data_type='discriminator', dropout=0.5, embedding='glove.6B.300d', embedding_path='/scratch/asw462/models/elmo_encoder/elmo.emb', embedding_size=217, encoder_num_layers=2, encoder_path='/scratch/asw462/models/elmo_encoder/elmo.pth', encoding_size=528, encoding_type='lstm_pooling_classifier', epochs=1000, evaluate_train=False, experiment_name='experiment_linear_classifier_h_164_l_4_lr_0.0000_e_217_do_0.5', glove=False, gpu=True, hidden_size=164, imbalance=True, learning_rate=4e-05, lm_path=None, logs_dir='/scratch/asw462/logs/verb_classes/understood', max_pool=False, model='linear_classifier', num_layers=4, output_dir='/scratch/asw462/logs/verb_classes/outputs/understood', patience=20, preprocess_tokenizer='space', prints_per_stage=1, resume=True, resume_file=None, save_loc='/scratch/asw462/models/verb_classes/understood', seed=1111, should_not_log=False, should_not_lowercase=False, should_not_preprocess_data=False, stages_per_epoch=2, train_embeddings=False, train_evaluate_interval=10, vocab_file='/scratch/asw462/data/vocab_100k.tsv')
======== General =======
Model: linear_classifier
GPU: True
Experiment Name: experiment_linear_classifier_h_164_l_4_lr_0.0000_e_217_do_0.5
Save location: /scratch/asw462/models/verb_classes/understood
Logs dir: /scratch/asw462/logs/verb_classes/understood
Timestamp: 2018/08/01 19:43:51
 
======== Data =======
Training set: 296 examples
Validation set: 90 examples
Test set: 318 examples
 
======= Parameters =======
Learning Rate: 0.000040
Batch Size: 32
Epochs: 1000
Patience: 20
Stages per Epoch: 2
Embedding: 100004 x 217
Number of layers: 4
Hidden Size: 164
Encoder Size: 528
Resume: True
 
======= Model =======
LinearClassifierWithEncoder(
  (model): LinearClassifier(
    (dropout): Dropout(p=0.5)
    (enc2h): Linear(in_features=1056, out_features=164, bias=True)
    (h20): Linear(in_features=164, out_features=1, bias=True)
    (sigmoid): Sigmoid()
    (tanh): Tanh()
    (softmax): Softmax()
  )
  (encoder): LSTMPoolingClassifierWithELMo(
    (elmo): ELMOClassifier(
      (lm): LSTMLanguageModel(
        (dropout): Dropout(p=0.2)
        (embedding): Embedding(100003, 217)
        (lstm): LSTM(217, 891, num_layers=2, dropout=0.2)
        (fc): Linear(in_features=891, out_features=100003, bias=True)
      )
      (lstms): ModuleList(
        (0): LSTM(217, 891, batch_first=True)
        (1): LSTM(891, 891, batch_first=True)
      )
      (dropout): Dropout(p=0.2)
      (linear_comb): Linear(in_features=2, out_features=1, bias=True)
      (fc1): Linear(in_features=891, out_features=528, bias=True)
      (relu): ReLU()
      (out): Linear(in_features=528, out_features=1, bias=True)
      (sigmoid): Sigmoid()
    )
    (pooling_classifier): LSTMPoolingClassifier(
      (ih2h): LSTM(891, 528, num_layers=3, batch_first=True, dropout=0.2, bidirectional=True)
      (pool2o): Linear(in_features=1056, out_features=1, bias=True)
      (sigmoid): Sigmoid()
      (softmax): Softmax()
      (dropout): Dropout(p=0.2)
    )
  )
)
 
========= Epoch 1 =========
5/10: Matthews 0.28897, Accuracy: 62.22222, Loss: 0.096980137
10/10: Matthews 0.18394, Accuracy: 56.66667, Loss: 0.094407505
 
Best Matthews: 0.28897, Best Accuracy: 62.22222, Best Loss: 0.096980137 at epoch 1
Time Elasped: 00:00:06
========= Epoch 2 =========
5/10: Matthews 0.29062, Accuracy: 61.11111, Loss: 0.092204889
10/10: Matthews 0.19612, Accuracy: 56.66667, Loss: 0.090288120
 
Best Matthews: 0.29062, Best Accuracy: 61.11111, Best Loss: 0.092204889 at epoch 2
Time Elasped: 00:00:08
========= Epoch 3 =========
5/10: Matthews 0.29062, Accuracy: 61.11111, Loss: 0.088059802
10/10: Matthews 0.25548, Accuracy: 60.00000, Loss: 0.086340152
 
Best Matthews: 0.29062, Best Accuracy: 61.11111, Best Loss: 0.092204889 at epoch 2
Time Elasped: 00:00:09
========= Epoch 4 =========
5/10: Matthews 0.29062, Accuracy: 61.11111, Loss: 0.084965049
10/10: Matthews 0.25548, Accuracy: 60.00000, Loss: 0.083584992
 
Best Matthews: 0.29062, Best Accuracy: 61.11111, Best Loss: 0.092204889 at epoch 2
Time Elasped: 00:00:10
========= Epoch 5 =========
5/10: Matthews 0.32071, Accuracy: 63.33333, Loss: 0.082247713
10/10: Matthews 0.38211, Accuracy: 66.66667, Loss: 0.080904478
 
Best Matthews: 0.38211, Best Accuracy: 66.66667, Best Loss: 0.080904478 at epoch 5
Time Elasped: 00:00:13
========= Epoch 6 =========
5/10: Matthews 0.40202, Accuracy: 67.77778, Loss: 0.079592726
10/10: Matthews 0.42172, Accuracy: 68.88889, Loss: 0.078468037
 
Best Matthews: 0.42172, Best Accuracy: 68.88889, Best Loss: 0.078468037 at epoch 6
Time Elasped: 00:00:16
========= Epoch 7 =========
5/10: Matthews 0.42172, Accuracy: 68.88889, Loss: 0.077421798
10/10: Matthews 0.41219, Accuracy: 68.88889, Loss: 0.076432112
 
Best Matthews: 0.42172, Best Accuracy: 68.88889, Best Loss: 0.078468037 at epoch 6
Time Elasped: 00:00:17
========= Epoch 8 =========
5/10: Matthews 0.43201, Accuracy: 70.00000, Loss: 0.075353516
10/10: Matthews 0.46068, Accuracy: 71.11111, Loss: 0.074499406
 
Best Matthews: 0.46068, Best Accuracy: 71.11111, Best Loss: 0.074499406 at epoch 8
Time Elasped: 00:00:21
========= Epoch 9 =========
5/10: Matthews 0.46068, Accuracy: 71.11111, Loss: 0.073704110
10/10: Matthews 0.46068, Accuracy: 71.11111, Loss: 0.072962454
 
Best Matthews: 0.46068, Best Accuracy: 71.11111, Best Loss: 0.074499406 at epoch 8
Time Elasped: 00:00:21
========= Epoch 10 =========
5/10: Matthews 0.44126, Accuracy: 70.00000, Loss: 0.072183757
10/10: Matthews 0.46068, Accuracy: 71.11111, Loss: 0.071351708
 
Best Matthews: 0.46068, Best Accuracy: 71.11111, Best Loss: 0.074499406 at epoch 8
Time Elasped: 00:00:22
========= Epoch 11 =========
5/10: Matthews 0.55709, Accuracy: 76.66667, Loss: 0.070780934
10/10: Matthews 0.50418, Accuracy: 74.44444, Loss: 0.070019044
 
Best Matthews: 0.55709, Best Accuracy: 76.66667, Best Loss: 0.070780934 at epoch 11
Time Elasped: 00:00:24
========= Epoch 12 =========
5/10: Matthews 0.58490, Accuracy: 78.88889, Loss: 0.069167593
10/10: Matthews 0.58490, Accuracy: 78.88889, Loss: 0.068392425
 
Best Matthews: 0.58490, Best Accuracy: 78.88889, Best Loss: 0.069167593 at epoch 12
Time Elasped: 00:00:26
========= Epoch 13 =========
5/10: Matthews 0.60541, Accuracy: 80.00000, Loss: 0.067645221
10/10: Matthews 0.66815, Accuracy: 83.33333, Loss: 0.066984622
 
Best Matthews: 0.66815, Best Accuracy: 83.33333, Best Loss: 0.066984622 at epoch 13
Time Elasped: 00:00:29
========= Epoch 14 =========
5/10: Matthews 0.66815, Accuracy: 83.33333, Loss: 0.066325543
10/10: Matthews 0.66815, Accuracy: 83.33333, Loss: 0.065752252
 
Best Matthews: 0.66815, Best Accuracy: 83.33333, Best Loss: 0.066984622 at epoch 13
Time Elasped: 00:00:30
========= Epoch 15 =========
5/10: Matthews 0.66815, Accuracy: 83.33333, Loss: 0.065262466
10/10: Matthews 0.66815, Accuracy: 83.33333, Loss: 0.064821932
 
Best Matthews: 0.66815, Best Accuracy: 83.33333, Best Loss: 0.066984622 at epoch 13
Time Elasped: 00:00:30
========= Epoch 16 =========
5/10: Matthews 0.68957, Accuracy: 84.44444, Loss: 0.064454720
10/10: Matthews 0.68957, Accuracy: 84.44444, Loss: 0.064063353
 
Best Matthews: 0.68957, Best Accuracy: 84.44444, Best Loss: 0.064454720 at epoch 16
Time Elasped: 00:00:32
========= Epoch 17 =========
5/10: Matthews 0.71129, Accuracy: 85.55556, Loss: 0.063824903
10/10: Matthews 0.71129, Accuracy: 85.55556, Loss: 0.063474814
 
Best Matthews: 0.71129, Best Accuracy: 85.55556, Best Loss: 0.063824903 at epoch 17
Time Elasped: 00:00:34
========= Epoch 18 =========
5/10: Matthews 0.68957, Accuracy: 84.44444, Loss: 0.062983629
10/10: Matthews 0.68957, Accuracy: 84.44444, Loss: 0.062496736
 
Best Matthews: 0.71129, Best Accuracy: 85.55556, Best Loss: 0.063824903 at epoch 17
Time Elasped: 00:00:35
========= Epoch 19 =========
5/10: Matthews 0.66815, Accuracy: 83.33333, Loss: 0.061927409
10/10: Matthews 0.66815, Accuracy: 83.33333, Loss: 0.061500263
 
Best Matthews: 0.71129, Best Accuracy: 85.55556, Best Loss: 0.063824903 at epoch 17
Time Elasped: 00:00:35
========= Epoch 20 =========
5/10: Matthews 0.66815, Accuracy: 83.33333, Loss: 0.061063745
10/10: Matthews 0.66815, Accuracy: 83.33333, Loss: 0.060648198
 
Best Matthews: 0.71129, Best Accuracy: 85.55556, Best Loss: 0.063824903 at epoch 17
Time Elasped: 00:00:36
========= Epoch 21 =========
5/10: Matthews 0.68957, Accuracy: 84.44444, Loss: 0.060188988
10/10: Matthews 0.68957, Accuracy: 84.44444, Loss: 0.059738763
 
Best Matthews: 0.71129, Best Accuracy: 85.55556, Best Loss: 0.063824903 at epoch 17
Time Elasped: 00:00:36
========= Epoch 22 =========
5/10: Matthews 0.73625, Accuracy: 86.66667, Loss: 0.059309467
10/10: Matthews 0.73625, Accuracy: 86.66667, Loss: 0.058943515
 
Best Matthews: 0.73625, Best Accuracy: 86.66667, Best Loss: 0.059309467 at epoch 22
Time Elasped: 00:00:39
========= Epoch 23 =========
5/10: Matthews 0.73625, Accuracy: 86.66667, Loss: 0.058592102
10/10: Matthews 0.73625, Accuracy: 86.66667, Loss: 0.058231036
 
Best Matthews: 0.73625, Best Accuracy: 86.66667, Best Loss: 0.059309467 at epoch 22
Time Elasped: 00:00:39
========= Epoch 24 =========
5/10: Matthews 0.80020, Accuracy: 90.00000, Loss: 0.057901690
10/10: Matthews 0.82304, Accuracy: 91.11111, Loss: 0.057564635
 
Best Matthews: 0.82304, Best Accuracy: 91.11111, Best Loss: 0.057564635 at epoch 24
Time Elasped: 00:00:42
========= Epoch 25 =========
5/10: Matthews 0.82304, Accuracy: 91.11111, Loss: 0.057205258
10/10: Matthews 0.82304, Accuracy: 91.11111, Loss: 0.056821442
 
Best Matthews: 0.82304, Best Accuracy: 91.11111, Best Loss: 0.057564635 at epoch 24
Time Elasped: 00:00:43
========= Epoch 26 =========
5/10: Matthews 0.82304, Accuracy: 91.11111, Loss: 0.056396569
10/10: Matthews 0.82304, Accuracy: 91.11111, Loss: 0.055918021
 
Best Matthews: 0.82304, Best Accuracy: 91.11111, Best Loss: 0.057564635 at epoch 24
Time Elasped: 00:00:43
========= Epoch 27 =========
5/10: Matthews 0.82304, Accuracy: 91.11111, Loss: 0.055404435
10/10: Matthews 0.82304, Accuracy: 91.11111, Loss: 0.055018944
 
Best Matthews: 0.82304, Best Accuracy: 91.11111, Best Loss: 0.057564635 at epoch 24
Time Elasped: 00:00:44
========= Epoch 28 =========
5/10: Matthews 0.82304, Accuracy: 91.11111, Loss: 0.054583041
10/10: Matthews 0.82304, Accuracy: 91.11111, Loss: 0.054197221
 
Best Matthews: 0.82304, Best Accuracy: 91.11111, Best Loss: 0.057564635 at epoch 24
Time Elasped: 00:00:44
========= Epoch 29 =========
5/10: Matthews 0.82304, Accuracy: 91.11111, Loss: 0.053934855
10/10: Matthews 0.82304, Accuracy: 91.11111, Loss: 0.053615771
 
Best Matthews: 0.82304, Best Accuracy: 91.11111, Best Loss: 0.057564635 at epoch 24
Time Elasped: 00:00:45
========= Epoch 30 =========
5/10: Matthews 0.82304, Accuracy: 91.11111, Loss: 0.053199922
10/10: Matthews 0.82304, Accuracy: 91.11111, Loss: 0.052910259
 
Best Matthews: 0.82304, Best Accuracy: 91.11111, Best Loss: 0.057564635 at epoch 24
Time Elasped: 00:00:46
========= Epoch 31 =========
5/10: Matthews 0.84465, Accuracy: 92.22222, Loss: 0.052687433
10/10: Matthews 0.86667, Accuracy: 93.33333, Loss: 0.052439170
 
Best Matthews: 0.86667, Best Accuracy: 93.33333, Best Loss: 0.052439170 at epoch 31
Time Elasped: 00:00:49
========= Epoch 32 =========
5/10: Matthews 0.86667, Accuracy: 93.33333, Loss: 0.052277300
10/10: Matthews 0.84465, Accuracy: 92.22222, Loss: 0.052055624
 
Best Matthews: 0.86667, Best Accuracy: 93.33333, Best Loss: 0.052439170 at epoch 31
Time Elasped: 00:00:50
========= Epoch 33 =========
5/10: Matthews 0.86752, Accuracy: 93.33333, Loss: 0.051969359
10/10: Matthews 0.86752, Accuracy: 93.33333, Loss: 0.051743481
 
Best Matthews: 0.86752, Best Accuracy: 93.33333, Best Loss: 0.051969359 at epoch 33
Time Elasped: 00:00:52
========= Epoch 34 =========
5/10: Matthews 0.89087, Accuracy: 94.44444, Loss: 0.051398849
10/10: Matthews 0.86752, Accuracy: 93.33333, Loss: 0.051060989
 
Best Matthews: 0.89087, Best Accuracy: 94.44444, Best Loss: 0.051398849 at epoch 34
Time Elasped: 00:00:54
========= Epoch 35 =========
5/10: Matthews 0.86752, Accuracy: 93.33333, Loss: 0.050721778
10/10: Matthews 0.86752, Accuracy: 93.33333, Loss: 0.050454760
 
Best Matthews: 0.89087, Best Accuracy: 94.44444, Best Loss: 0.051398849 at epoch 34
Time Elasped: 00:00:54
========= Epoch 36 =========
5/10: Matthews 0.88911, Accuracy: 94.44444, Loss: 0.050383488
10/10: Matthews 0.88911, Accuracy: 94.44444, Loss: 0.050261296
 
Best Matthews: 0.89087, Best Accuracy: 94.44444, Best Loss: 0.051398849 at epoch 34
Time Elasped: 00:00:55
========= Epoch 37 =========
5/10: Matthews 0.86667, Accuracy: 93.33333, Loss: 0.050149017
10/10: Matthews 0.88911, Accuracy: 94.44444, Loss: 0.049950133
 
Best Matthews: 0.89087, Best Accuracy: 94.44444, Best Loss: 0.051398849 at epoch 34
Time Elasped: 00:00:55
========= Epoch 38 =========
5/10: Matthews 0.88911, Accuracy: 94.44444, Loss: 0.049798711
10/10: Matthews 0.88911, Accuracy: 94.44444, Loss: 0.049640173
 
Best Matthews: 0.89087, Best Accuracy: 94.44444, Best Loss: 0.051398849 at epoch 34
Time Elasped: 00:00:56
========= Epoch 39 =========
5/10: Matthews 0.88911, Accuracy: 94.44444, Loss: 0.049332221
10/10: Matthews 0.88911, Accuracy: 94.44444, Loss: 0.049082745
 
Best Matthews: 0.89087, Best Accuracy: 94.44444, Best Loss: 0.051398849 at epoch 34
Time Elasped: 00:00:56
========= Epoch 40 =========
5/10: Matthews 0.88911, Accuracy: 94.44444, Loss: 0.048710012
10/10: Matthews 0.88911, Accuracy: 94.44444, Loss: 0.048407496
 
Best Matthews: 0.89087, Best Accuracy: 94.44444, Best Loss: 0.051398849 at epoch 34
Time Elasped: 00:00:57
========= Epoch 41 =========
5/10: Matthews 0.88911, Accuracy: 94.44444, Loss: 0.048216650
10/10: Matthews 0.88911, Accuracy: 94.44444, Loss: 0.048004786
 
Best Matthews: 0.89087, Best Accuracy: 94.44444, Best Loss: 0.051398849 at epoch 34
Time Elasped: 00:00:57
========= Epoch 42 =========
5/10: Matthews 0.88911, Accuracy: 94.44444, Loss: 0.047727484
10/10: Matthews 0.88911, Accuracy: 94.44444, Loss: 0.047511795
 
Best Matthews: 0.89087, Best Accuracy: 94.44444, Best Loss: 0.051398849 at epoch 34
Time Elasped: 00:00:58
========= Epoch 43 =========
5/10: Matthews 0.88911, Accuracy: 94.44444, Loss: 0.047310988
10/10: Matthews 0.88911, Accuracy: 94.44444, Loss: 0.047040727
 
Best Matthews: 0.89087, Best Accuracy: 94.44444, Best Loss: 0.051398849 at epoch 34
Time Elasped: 00:00:58
========= Epoch 44 =========
5/10: Matthews 0.88911, Accuracy: 94.44444, Loss: 0.046604665
10/10: Matthews 0.88911, Accuracy: 94.44444, Loss: 0.046407927
 
Best Matthews: 0.89087, Best Accuracy: 94.44444, Best Loss: 0.051398849 at epoch 34
Time Elasped: 00:00:59
========= Epoch 45 =========
5/10: Matthews 0.88911, Accuracy: 94.44444, Loss: 0.046441147
10/10: Matthews 0.88911, Accuracy: 94.44444, Loss: 0.046327957
 
Best Matthews: 0.89087, Best Accuracy: 94.44444, Best Loss: 0.051398849 at epoch 34
Time Elasped: 00:01:00
========= Epoch 46 =========
5/10: Matthews 0.91201, Accuracy: 95.55556, Loss: 0.046206782
10/10: Matthews 0.91201, Accuracy: 95.55556, Loss: 0.046011024
 
Best Matthews: 0.91201, Best Accuracy: 95.55556, Best Loss: 0.046206782 at epoch 46
Time Elasped: 00:01:02
========= Epoch 47 =========
5/10: Matthews 0.88911, Accuracy: 94.44444, Loss: 0.045929866
10/10: Matthews 0.88911, Accuracy: 94.44444, Loss: 0.045777565
 
Best Matthews: 0.91201, Best Accuracy: 95.55556, Best Loss: 0.046206782 at epoch 46
Time Elasped: 00:01:02
========= Epoch 48 =========
5/10: Matthews 0.88911, Accuracy: 94.44444, Loss: 0.045644903
10/10: Matthews 0.88911, Accuracy: 94.44444, Loss: 0.045367426
 
Best Matthews: 0.91201, Best Accuracy: 95.55556, Best Loss: 0.046206782 at epoch 46
Time Elasped: 00:01:03
========= Epoch 49 =========
5/10: Matthews 0.88911, Accuracy: 94.44444, Loss: 0.045050462
10/10: Matthews 0.88911, Accuracy: 94.44444, Loss: 0.044740788
 
Best Matthews: 0.91201, Best Accuracy: 95.55556, Best Loss: 0.046206782 at epoch 46
Time Elasped: 00:01:03
========= Epoch 50 =========
5/10: Matthews 0.88911, Accuracy: 94.44444, Loss: 0.044350561
10/10: Matthews 0.88911, Accuracy: 94.44444, Loss: 0.044127591
 
Best Matthews: 0.91201, Best Accuracy: 95.55556, Best Loss: 0.046206782 at epoch 46
Time Elasped: 00:01:04
========= Epoch 51 =========
5/10: Matthews 0.88911, Accuracy: 94.44444, Loss: 0.044062246
10/10: Matthews 0.91201, Accuracy: 95.55556, Loss: 0.043905555
 
Best Matthews: 0.91201, Best Accuracy: 95.55556, Best Loss: 0.046206782 at epoch 46
Time Elasped: 00:01:04
========= Epoch 52 =========
5/10: Matthews 0.91201, Accuracy: 95.55556, Loss: 0.043781916
10/10: Matthews 0.91201, Accuracy: 95.55556, Loss: 0.043602122
 
Best Matthews: 0.91201, Best Accuracy: 95.55556, Best Loss: 0.046206782 at epoch 46
Time Elasped: 00:01:05
========= Epoch 53 =========
5/10: Matthews 0.88911, Accuracy: 94.44444, Loss: 0.043362000
10/10: Matthews 0.88911, Accuracy: 94.44444, Loss: 0.043167660
 
Best Matthews: 0.91201, Best Accuracy: 95.55556, Best Loss: 0.046206782 at epoch 46
Time Elasped: 00:01:05
========= Epoch 54 =========
5/10: Matthews 0.88911, Accuracy: 94.44444, Loss: 0.042888898
10/10: Matthews 0.88911, Accuracy: 94.44444, Loss: 0.042661953
 
Best Matthews: 0.91201, Best Accuracy: 95.55556, Best Loss: 0.046206782 at epoch 46
Time Elasped: 00:01:06
========= Epoch 55 =========
5/10: Matthews 0.88911, Accuracy: 94.44444, Loss: 0.042322408
10/10: Matthews 0.88911, Accuracy: 94.44444, Loss: 0.042152341
 
Best Matthews: 0.91201, Best Accuracy: 95.55556, Best Loss: 0.046206782 at epoch 46
Time Elasped: 00:01:06
========= Epoch 56 =========
5/10: Matthews 0.88911, Accuracy: 94.44444, Loss: 0.042166191
10/10: Matthews 0.88911, Accuracy: 94.44444, Loss: 0.042056651
 
Best Matthews: 0.91201, Best Accuracy: 95.55556, Best Loss: 0.046206782 at epoch 46
Time Elasped: 00:01:07
========= Epoch 57 =========
5/10: Matthews 0.91201, Accuracy: 95.55556, Loss: 0.041835059
10/10: Matthews 0.91201, Accuracy: 95.55556, Loss: 0.041690440
 
Best Matthews: 0.91201, Best Accuracy: 95.55556, Best Loss: 0.046206782 at epoch 46
Time Elasped: 00:01:08
========= Epoch 58 =========
5/10: Matthews 0.91201, Accuracy: 95.55556, Loss: 0.041520286
10/10: Matthews 0.91201, Accuracy: 95.55556, Loss: 0.041378117
 
Best Matthews: 0.91201, Best Accuracy: 95.55556, Best Loss: 0.046206782 at epoch 46
Time Elasped: 00:01:08
========= Epoch 59 =========
5/10: Matthews 0.91201, Accuracy: 95.55556, Loss: 0.041104632
10/10: Matthews 0.91201, Accuracy: 95.55556, Loss: 0.040897401
 
Best Matthews: 0.91201, Best Accuracy: 95.55556, Best Loss: 0.046206782 at epoch 46
Time Elasped: 00:01:09
========= Epoch 60 =========
5/10: Matthews 0.91201, Accuracy: 95.55556, Loss: 0.040727541
10/10: Matthews 0.88911, Accuracy: 94.44444, Loss: 0.040507987
 
Best Matthews: 0.91201, Best Accuracy: 95.55556, Best Loss: 0.046206782 at epoch 46
Time Elasped: 00:01:09
========= Epoch 61 =========
5/10: Matthews 0.88911, Accuracy: 94.44444, Loss: 0.040445103
10/10: Matthews 0.91111, Accuracy: 95.55556, Loss: 0.040306229
 
Best Matthews: 0.91201, Best Accuracy: 95.55556, Best Loss: 0.046206782 at epoch 46
Time Elasped: 00:01:10
========= Epoch 62 =========
5/10: Matthews 0.91111, Accuracy: 95.55556, Loss: 0.039947965
10/10: Matthews 0.91111, Accuracy: 95.55556, Loss: 0.039760213
 
Best Matthews: 0.91201, Best Accuracy: 95.55556, Best Loss: 0.046206782 at epoch 46
Time Elasped: 00:01:10
========= Epoch 63 =========
5/10: Matthews 0.91111, Accuracy: 95.55556, Loss: 0.039558416
10/10: Matthews 0.88911, Accuracy: 94.44444, Loss: 0.039300860
 
Best Matthews: 0.91201, Best Accuracy: 95.55556, Best Loss: 0.046206782 at epoch 46
Time Elasped: 00:01:11
========= Epoch 64 =========
5/10: Matthews 0.91201, Accuracy: 95.55556, Loss: 0.039241812
10/10: Matthews 0.91201, Accuracy: 95.55556, Loss: 0.039034377
 
Best Matthews: 0.91201, Best Accuracy: 95.55556, Best Loss: 0.046206782 at epoch 46
Time Elasped: 00:01:11
========= Epoch 65 =========
5/10: Matthews 0.91201, Accuracy: 95.55556, Loss: 0.038901859
10/10: Matthews 0.93541, Accuracy: 96.66667, Loss: 0.038708419
 
Best Matthews: 0.93541, Best Accuracy: 96.66667, Best Loss: 0.038708419 at epoch 65
Time Elasped: 00:01:13
========= Epoch 66 =========
5/10: Matthews 0.93541, Accuracy: 96.66667, Loss: 0.038611367
10/10: Matthews 0.93541, Accuracy: 96.66667, Loss: 0.038457926
 
Best Matthews: 0.93541, Best Accuracy: 96.66667, Best Loss: 0.038708419 at epoch 65
Time Elasped: 00:01:14
========= Epoch 67 =========
5/10: Matthews 0.93541, Accuracy: 96.66667, Loss: 0.038361724
10/10: Matthews 0.93541, Accuracy: 96.66667, Loss: 0.038360590
 
Best Matthews: 0.93541, Best Accuracy: 96.66667, Best Loss: 0.038708419 at epoch 65
Time Elasped: 00:01:14
========= Epoch 68 =========
5/10: Matthews 0.93541, Accuracy: 96.66667, Loss: 0.038487940
10/10: Matthews 0.93541, Accuracy: 96.66667, Loss: 0.038466427
 
Best Matthews: 0.93541, Best Accuracy: 96.66667, Best Loss: 0.038708419 at epoch 65
Time Elasped: 00:01:15
========= Epoch 69 =========
5/10: Matthews 0.93356, Accuracy: 96.66667, Loss: 0.038188362
10/10: Matthews 0.91201, Accuracy: 95.55556, Loss: 0.037912226
 
Best Matthews: 0.93541, Best Accuracy: 96.66667, Best Loss: 0.038708419 at epoch 65
Time Elasped: 00:01:15
========= Epoch 70 =========
5/10: Matthews 0.91473, Accuracy: 95.55556, Loss: 0.037753224
10/10: Matthews 0.91473, Accuracy: 95.55556, Loss: 0.037553671
 
Best Matthews: 0.93541, Best Accuracy: 96.66667, Best Loss: 0.038708419 at epoch 65
Time Elasped: 00:01:16
========= Epoch 71 =========
5/10: Matthews 0.91473, Accuracy: 95.55556, Loss: 0.037532430
10/10: Matthews 0.91473, Accuracy: 95.55556, Loss: 0.037338683
 
Best Matthews: 0.93541, Best Accuracy: 96.66667, Best Loss: 0.038708419 at epoch 65
Time Elasped: 00:01:17
========= Epoch 72 =========
5/10: Matthews 0.91473, Accuracy: 95.55556, Loss: 0.037221408
10/10: Matthews 0.91473, Accuracy: 95.55556, Loss: 0.037003263
 
Best Matthews: 0.93541, Best Accuracy: 96.66667, Best Loss: 0.038708419 at epoch 65
Time Elasped: 00:01:17
========= Epoch 73 =========
5/10: Matthews 0.89087, Accuracy: 94.44444, Loss: 0.036795065
10/10: Matthews 0.89087, Accuracy: 94.44444, Loss: 0.036556451
 
Best Matthews: 0.93541, Best Accuracy: 96.66667, Best Loss: 0.038708419 at epoch 65
Time Elasped: 00:01:18
========= Epoch 74 =========
5/10: Matthews 0.89087, Accuracy: 94.44444, Loss: 0.036352756
10/10: Matthews 0.89087, Accuracy: 94.44444, Loss: 0.036245362
 
Best Matthews: 0.93541, Best Accuracy: 96.66667, Best Loss: 0.038708419 at epoch 65
Time Elasped: 00:01:18
========= Epoch 75 =========
5/10: Matthews 0.91473, Accuracy: 95.55556, Loss: 0.036217202
10/10: Matthews 0.91473, Accuracy: 95.55556, Loss: 0.036114168
 
Best Matthews: 0.93541, Best Accuracy: 96.66667, Best Loss: 0.038708419 at epoch 65
Time Elasped: 00:01:19
========= Epoch 76 =========
5/10: Matthews 0.89087, Accuracy: 94.44444, Loss: 0.036167574
10/10: Matthews 0.89087, Accuracy: 94.44444, Loss: 0.036148511
 
Best Matthews: 0.93541, Best Accuracy: 96.66667, Best Loss: 0.038708419 at epoch 65
Time Elasped: 00:01:19
========= Epoch 77 =========
5/10: Matthews 0.89087, Accuracy: 94.44444, Loss: 0.036038372
10/10: Matthews 0.91473, Accuracy: 95.55556, Loss: 0.036031442
 
Best Matthews: 0.93541, Best Accuracy: 96.66667, Best Loss: 0.038708419 at epoch 65
Time Elasped: 00:01:20
========= Epoch 78 =========
5/10: Matthews 0.91473, Accuracy: 95.55556, Loss: 0.036137501
10/10: Matthews 0.91473, Accuracy: 95.55556, Loss: 0.036153062
 
Best Matthews: 0.93541, Best Accuracy: 96.66667, Best Loss: 0.038708419 at epoch 65
Time Elasped: 00:01:20
========= Epoch 79 =========
5/10: Matthews 0.91473, Accuracy: 95.55556, Loss: 0.036044542
10/10: Matthews 0.91473, Accuracy: 95.55556, Loss: 0.035938509
 
Best Matthews: 0.93541, Best Accuracy: 96.66667, Best Loss: 0.038708419 at epoch 65
Time Elasped: 00:01:21
========= Epoch 80 =========
5/10: Matthews 0.91473, Accuracy: 95.55556, Loss: 0.035933116
10/10: Matthews 0.89087, Accuracy: 94.44444, Loss: 0.035857259
 
Best Matthews: 0.93541, Best Accuracy: 96.66667, Best Loss: 0.038708419 at epoch 65
Time Elasped: 00:01:21
========= Epoch 81 =========
5/10: Matthews 0.91201, Accuracy: 95.55556, Loss: 0.035787619
10/10: Matthews 0.91201, Accuracy: 95.55556, Loss: 0.035639707
 
Best Matthews: 0.93541, Best Accuracy: 96.66667, Best Loss: 0.038708419 at epoch 65
Time Elasped: 00:01:22
========= Epoch 82 =========
5/10: Matthews 0.91201, Accuracy: 95.55556, Loss: 0.035452106
10/10: Matthews 0.91473, Accuracy: 95.55556, Loss: 0.035357846
 
Best Matthews: 0.93541, Best Accuracy: 96.66667, Best Loss: 0.038708419 at epoch 65
Time Elasped: 00:01:22
========= Epoch 83 =========
5/10: Matthews 0.93541, Accuracy: 96.66667, Loss: 0.035331400
10/10: Matthews 0.93541, Accuracy: 96.66667, Loss: 0.035226978
 
Best Matthews: 0.93541, Best Accuracy: 96.66667, Best Loss: 0.038708419 at epoch 65
Time Elasped: 00:01:23
========= Epoch 84 =========
5/10: Matthews 0.91201, Accuracy: 95.55556, Loss: 0.034994306
10/10: Matthews 0.91201, Accuracy: 95.55556, Loss: 0.034848701
 
Best Matthews: 0.93541, Best Accuracy: 96.66667, Best Loss: 0.038708419 at epoch 65
Time Elasped: 00:01:24
========= Epoch 85 =========
5/10: Matthews 0.91201, Accuracy: 95.55556, Loss: 0.034698433
10/10: Matthews 0.91201, Accuracy: 95.55556, Loss: 0.034720519
 
Best Matthews: 0.93541, Best Accuracy: 96.66667, Best Loss: 0.038708419 at epoch 65
Time Elasped: 00:01:24
========= Epoch 86 =========
Early Stopping activated
 
Best Matthews: 0.93541, Best Accuracy: 96.66667, Best Loss: 0.038708419 at epoch 65
Time Elasped: 00:01:26
Test Set:
0/0: Matthews 0.72534, Accuracy: 86.16352, Loss: 0.013042125
