Namespace(batch_size=32, buffer_size=1, by_source=False, crop_pad_length=30, data='./acceptability_corpus/verb_classes/understood', data_type='discriminator', dropout=0.5, embedding='glove.6B.300d', embedding_path='/scratch/asw462/models/elmo_encoder/elmo.emb', embedding_size=217, encoder_num_layers=2, encoder_path='/scratch/asw462/models/elmo_encoder/elmo.pth', encoding_size=528, encoding_type='lstm_pooling_classifier', epochs=1000, evaluate_train=False, experiment_name='experiment_linear_classifier_h_173_l_1_lr_0.0000_e_217_do_0.5', glove=False, gpu=True, hidden_size=173, imbalance=True, learning_rate=1e-05, lm_path=None, logs_dir='/scratch/asw462/logs/verb_classes/understood', max_pool=False, model='linear_classifier', num_layers=1, output_dir='/scratch/asw462/logs/verb_classes/outputs/understood', patience=20, preprocess_tokenizer='space', prints_per_stage=1, resume=True, resume_file=None, save_loc='/scratch/asw462/models/verb_classes/understood', seed=1111, should_not_log=False, should_not_lowercase=False, should_not_preprocess_data=False, stages_per_epoch=2, train_embeddings=False, train_evaluate_interval=10, vocab_file='/scratch/asw462/data/vocab_100k.tsv')
======== General =======
Model: linear_classifier
GPU: True
Experiment Name: experiment_linear_classifier_h_173_l_1_lr_0.0000_e_217_do_0.5
Save location: /scratch/asw462/models/verb_classes/understood
Logs dir: /scratch/asw462/logs/verb_classes/understood
Timestamp: 2018/08/01 20:50:30
 
======== Data =======
Training set: 296 examples
Validation set: 90 examples
Test set: 318 examples
 
======= Parameters =======
Learning Rate: 0.000010
Batch Size: 32
Epochs: 1000
Patience: 20
Stages per Epoch: 2
Embedding: 100004 x 217
Number of layers: 1
Hidden Size: 173
Encoder Size: 528
Resume: True
 
======= Model =======
LinearClassifierWithEncoder(
  (model): LinearClassifier(
    (dropout): Dropout(p=0.5)
    (enc2h): Linear(in_features=1056, out_features=173, bias=True)
    (h20): Linear(in_features=173, out_features=1, bias=True)
    (sigmoid): Sigmoid()
    (tanh): Tanh()
    (softmax): Softmax()
  )
  (encoder): LSTMPoolingClassifierWithELMo(
    (elmo): ELMOClassifier(
      (lm): LSTMLanguageModel(
        (dropout): Dropout(p=0.2)
        (embedding): Embedding(100003, 217)
        (lstm): LSTM(217, 891, num_layers=2, dropout=0.2)
        (fc): Linear(in_features=891, out_features=100003, bias=True)
      )
      (lstms): ModuleList(
        (0): LSTM(217, 891, batch_first=True)
        (1): LSTM(891, 891, batch_first=True)
      )
      (dropout): Dropout(p=0.2)
      (linear_comb): Linear(in_features=2, out_features=1, bias=True)
      (fc1): Linear(in_features=891, out_features=528, bias=True)
      (relu): ReLU()
      (out): Linear(in_features=528, out_features=1, bias=True)
      (sigmoid): Sigmoid()
    )
    (pooling_classifier): LSTMPoolingClassifier(
      (ih2h): LSTM(891, 528, num_layers=3, batch_first=True, dropout=0.2, bidirectional=True)
      (pool2o): Linear(in_features=1056, out_features=1, bias=True)
      (sigmoid): Sigmoid()
      (softmax): Softmax()
      (dropout): Dropout(p=0.2)
    )
  )
)
 
========= Epoch 1 =========
5/10: Matthews 0.32998, Accuracy: 65.55556, Loss: 0.096940337
10/10: Matthews 0.38401, Accuracy: 67.77778, Loss: 0.096300252
 
Best Matthews: 0.38401, Best Accuracy: 67.77778, Best Loss: 0.096300252 at epoch 1
Time Elasped: 00:00:17
========= Epoch 2 =========
5/10: Matthews 0.39223, Accuracy: 67.77778, Loss: 0.095728970
10/10: Matthews 0.42172, Accuracy: 68.88889, Loss: 0.095147758
 
Best Matthews: 0.42172, Best Accuracy: 68.88889, Best Loss: 0.095147758 at epoch 2
Time Elasped: 00:00:24
========= Epoch 3 =========
5/10: Matthews 0.45227, Accuracy: 70.00000, Loss: 0.094689465
10/10: Matthews 0.41367, Accuracy: 67.77778, Loss: 0.094157590
 
Best Matthews: 0.45227, Best Accuracy: 70.00000, Best Loss: 0.094689465 at epoch 3
Time Elasped: 00:00:28
========= Epoch 4 =========
5/10: Matthews 0.41367, Accuracy: 67.77778, Loss: 0.093656392
10/10: Matthews 0.41367, Accuracy: 67.77778, Loss: 0.093182437
 
Best Matthews: 0.45227, Best Accuracy: 70.00000, Best Loss: 0.094689465 at epoch 3
Time Elasped: 00:00:29
========= Epoch 5 =========
5/10: Matthews 0.41367, Accuracy: 67.77778, Loss: 0.092610317
10/10: Matthews 0.41367, Accuracy: 67.77778, Loss: 0.092144966
 
Best Matthews: 0.45227, Best Accuracy: 70.00000, Best Loss: 0.094689465 at epoch 3
Time Elasped: 00:00:31
========= Epoch 6 =========
5/10: Matthews 0.41367, Accuracy: 67.77778, Loss: 0.091712252
10/10: Matthews 0.41367, Accuracy: 67.77778, Loss: 0.091259087
 
Best Matthews: 0.45227, Best Accuracy: 70.00000, Best Loss: 0.094689465 at epoch 3
Time Elasped: 00:00:33
========= Epoch 7 =========
5/10: Matthews 0.41367, Accuracy: 67.77778, Loss: 0.090792169
10/10: Matthews 0.41367, Accuracy: 67.77778, Loss: 0.090280660
 
Best Matthews: 0.45227, Best Accuracy: 70.00000, Best Loss: 0.094689465 at epoch 3
Time Elasped: 00:00:35
========= Epoch 8 =========
5/10: Matthews 0.41367, Accuracy: 67.77778, Loss: 0.089834499
10/10: Matthews 0.37417, Accuracy: 65.55556, Loss: 0.089436150
 
Best Matthews: 0.45227, Best Accuracy: 70.00000, Best Loss: 0.094689465 at epoch 3
Time Elasped: 00:00:37
========= Epoch 9 =========
5/10: Matthews 0.43306, Accuracy: 68.88889, Loss: 0.089068095
10/10: Matthews 0.43306, Accuracy: 68.88889, Loss: 0.088695155
 
Best Matthews: 0.45227, Best Accuracy: 70.00000, Best Loss: 0.094689465 at epoch 3
Time Elasped: 00:00:39
========= Epoch 10 =========
5/10: Matthews 0.43306, Accuracy: 68.88889, Loss: 0.088320488
10/10: Matthews 0.39406, Accuracy: 66.66667, Loss: 0.087954394
 
Best Matthews: 0.45227, Best Accuracy: 70.00000, Best Loss: 0.094689465 at epoch 3
Time Elasped: 00:00:41
========= Epoch 11 =========
5/10: Matthews 0.39406, Accuracy: 66.66667, Loss: 0.087638018
10/10: Matthews 0.39406, Accuracy: 66.66667, Loss: 0.087310743
 
Best Matthews: 0.45227, Best Accuracy: 70.00000, Best Loss: 0.094689465 at epoch 3
Time Elasped: 00:00:43
========= Epoch 12 =========
5/10: Matthews 0.39406, Accuracy: 66.66667, Loss: 0.086943430
10/10: Matthews 0.39406, Accuracy: 66.66667, Loss: 0.086565638
 
Best Matthews: 0.45227, Best Accuracy: 70.00000, Best Loss: 0.094689465 at epoch 3
Time Elasped: 00:00:45
========= Epoch 13 =========
5/10: Matthews 0.41367, Accuracy: 67.77778, Loss: 0.086200836
10/10: Matthews 0.41367, Accuracy: 67.77778, Loss: 0.085854303
 
Best Matthews: 0.45227, Best Accuracy: 70.00000, Best Loss: 0.094689465 at epoch 3
Time Elasped: 00:00:47
========= Epoch 14 =========
5/10: Matthews 0.41367, Accuracy: 67.77778, Loss: 0.085469347
10/10: Matthews 0.39406, Accuracy: 66.66667, Loss: 0.085111422
 
Best Matthews: 0.45227, Best Accuracy: 70.00000, Best Loss: 0.094689465 at epoch 3
Time Elasped: 00:00:49
========= Epoch 15 =========
5/10: Matthews 0.39406, Accuracy: 66.66667, Loss: 0.084810389
10/10: Matthews 0.39406, Accuracy: 66.66667, Loss: 0.084490633
 
Best Matthews: 0.45227, Best Accuracy: 70.00000, Best Loss: 0.094689465 at epoch 3
Time Elasped: 00:00:51
========= Epoch 16 =========
5/10: Matthews 0.38211, Accuracy: 66.66667, Loss: 0.084136719
10/10: Matthews 0.42172, Accuracy: 68.88889, Loss: 0.083769925
 
Best Matthews: 0.45227, Best Accuracy: 70.00000, Best Loss: 0.094689465 at epoch 3
Time Elasped: 00:00:52
========= Epoch 17 =========
5/10: Matthews 0.44126, Accuracy: 70.00000, Loss: 0.083358129
10/10: Matthews 0.44126, Accuracy: 70.00000, Loss: 0.083011876
 
Best Matthews: 0.45227, Best Accuracy: 70.00000, Best Loss: 0.094689465 at epoch 3
Time Elasped: 00:00:54
========= Epoch 18 =========
5/10: Matthews 0.44126, Accuracy: 70.00000, Loss: 0.082694976
10/10: Matthews 0.44126, Accuracy: 70.00000, Loss: 0.082380146
 
Best Matthews: 0.45227, Best Accuracy: 70.00000, Best Loss: 0.094689465 at epoch 3
Time Elasped: 00:00:56
========= Epoch 19 =========
5/10: Matthews 0.44126, Accuracy: 70.00000, Loss: 0.082110516
10/10: Matthews 0.40202, Accuracy: 67.77778, Loss: 0.081817902
 
Best Matthews: 0.45227, Best Accuracy: 70.00000, Best Loss: 0.094689465 at epoch 3
Time Elasped: 00:00:58
========= Epoch 20 =========
5/10: Matthews 0.40202, Accuracy: 67.77778, Loss: 0.081542026
10/10: Matthews 0.38211, Accuracy: 66.66667, Loss: 0.081293996
 
Best Matthews: 0.45227, Best Accuracy: 70.00000, Best Loss: 0.094689465 at epoch 3
Time Elasped: 00:01:00
========= Epoch 21 =========
5/10: Matthews 0.38211, Accuracy: 66.66667, Loss: 0.081032096
10/10: Matthews 0.38211, Accuracy: 66.66667, Loss: 0.080767568
 
Best Matthews: 0.45227, Best Accuracy: 70.00000, Best Loss: 0.094689465 at epoch 3
Time Elasped: 00:01:02
========= Epoch 22 =========
5/10: Matthews 0.38211, Accuracy: 66.66667, Loss: 0.080496449
10/10: Matthews 0.38211, Accuracy: 66.66667, Loss: 0.080214940
 
Best Matthews: 0.45227, Best Accuracy: 70.00000, Best Loss: 0.094689465 at epoch 3
Time Elasped: 00:01:04
========= Epoch 23 =========
5/10: Matthews 0.38211, Accuracy: 66.66667, Loss: 0.079905489
10/10: Matthews 0.42172, Accuracy: 68.88889, Loss: 0.079645883
 
Best Matthews: 0.45227, Best Accuracy: 70.00000, Best Loss: 0.094689465 at epoch 3
Time Elasped: 00:01:06
========= Epoch 24 =========
Early Stopping activated
 
Best Matthews: 0.45227, Best Accuracy: 70.00000, Best Loss: 0.094689465 at epoch 3
Time Elasped: 00:01:09
Test Set:
0/0: Matthews 0.27534, Accuracy: 63.52201, Loss: 0.030499992
