Namespace(batch_size=32, buffer_size=1, by_source=False, crop_pad_length=30, data='./acceptability_corpus/verb_classes/understood', data_type='discriminator', dropout=0.2, embedding='glove.6B.300d', embedding_path='/scratch/asw462/models/elmo_encoder/elmo.emb', embedding_size=217, encoder_num_layers=2, encoder_path='/scratch/asw462/models/elmo_encoder/elmo.pth', encoding_size=528, encoding_type='lstm_pooling_classifier', epochs=1000, evaluate_train=False, experiment_name='experiment_linear_classifier_h_70_l_1_lr_0.0000_e_217_do_0.2', glove=False, gpu=True, hidden_size=70, imbalance=True, learning_rate=1e-05, lm_path=None, logs_dir='/scratch/asw462/logs/verb_classes/understood', max_pool=False, model='linear_classifier', num_layers=1, output_dir='/scratch/asw462/logs/verb_classes/outputs/understood', patience=20, preprocess_tokenizer='space', prints_per_stage=1, resume=True, resume_file=None, save_loc='/scratch/asw462/models/verb_classes/understood', seed=1111, should_not_log=False, should_not_lowercase=False, should_not_preprocess_data=False, stages_per_epoch=2, train_embeddings=False, train_evaluate_interval=10, vocab_file='/scratch/asw462/data/vocab_100k.tsv')
======== General =======
Model: linear_classifier
GPU: True
Experiment Name: experiment_linear_classifier_h_70_l_1_lr_0.0000_e_217_do_0.2
Save location: /scratch/asw462/models/verb_classes/understood
Logs dir: /scratch/asw462/logs/verb_classes/understood
Timestamp: 2018/08/01 19:52:52
 
======== Data =======
Training set: 296 examples
Validation set: 90 examples
Test set: 318 examples
 
======= Parameters =======
Learning Rate: 0.000010
Batch Size: 32
Epochs: 1000
Patience: 20
Stages per Epoch: 2
Embedding: 100004 x 217
Number of layers: 1
Hidden Size: 70
Encoder Size: 528
Resume: True
 
======= Model =======
LinearClassifierWithEncoder(
  (model): LinearClassifier(
    (dropout): Dropout(p=0.2)
    (enc2h): Linear(in_features=1056, out_features=70, bias=True)
    (h20): Linear(in_features=70, out_features=1, bias=True)
    (sigmoid): Sigmoid()
    (tanh): Tanh()
    (softmax): Softmax()
  )
  (encoder): LSTMPoolingClassifierWithELMo(
    (elmo): ELMOClassifier(
      (lm): LSTMLanguageModel(
        (dropout): Dropout(p=0.2)
        (embedding): Embedding(100003, 217)
        (lstm): LSTM(217, 891, num_layers=2, dropout=0.2)
        (fc): Linear(in_features=891, out_features=100003, bias=True)
      )
      (lstms): ModuleList(
        (0): LSTM(217, 891, batch_first=True)
        (1): LSTM(891, 891, batch_first=True)
      )
      (dropout): Dropout(p=0.2)
      (linear_comb): Linear(in_features=2, out_features=1, bias=True)
      (fc1): Linear(in_features=891, out_features=528, bias=True)
      (relu): ReLU()
      (out): Linear(in_features=528, out_features=1, bias=True)
      (sigmoid): Sigmoid()
    )
    (pooling_classifier): LSTMPoolingClassifier(
      (ih2h): LSTM(891, 528, num_layers=3, batch_first=True, dropout=0.2, bidirectional=True)
      (pool2o): Linear(in_features=1056, out_features=1, bias=True)
      (sigmoid): Sigmoid()
      (softmax): Softmax()
      (dropout): Dropout(p=0.2)
    )
  )
)
 
========= Epoch 1 =========
5/10: Matthews 0.20743, Accuracy: 55.55556, Loss: 0.099159442
10/10: Matthews 0.23426, Accuracy: 56.66667, Loss: 0.098702473
 
Best Matthews: 0.23426, Best Accuracy: 56.66667, Best Loss: 0.098702473 at epoch 1
Time Elasped: 00:00:08
========= Epoch 2 =========
5/10: Matthews 0.28284, Accuracy: 58.88889, Loss: 0.098261208
10/10: Matthews 0.28284, Accuracy: 58.88889, Loss: 0.097768529
 
Best Matthews: 0.28284, Best Accuracy: 58.88889, Best Loss: 0.098261208 at epoch 2
Time Elasped: 00:00:10
========= Epoch 3 =========
5/10: Matthews 0.28284, Accuracy: 58.88889, Loss: 0.097276243
10/10: Matthews 0.28284, Accuracy: 58.88889, Loss: 0.096819856
 
Best Matthews: 0.28284, Best Accuracy: 58.88889, Best Loss: 0.098261208 at epoch 2
Time Elasped: 00:00:11
========= Epoch 4 =========
5/10: Matthews 0.28284, Accuracy: 58.88889, Loss: 0.096343591
10/10: Matthews 0.30530, Accuracy: 60.00000, Loss: 0.095897166
 
Best Matthews: 0.30530, Best Accuracy: 60.00000, Best Loss: 0.095897166 at epoch 4
Time Elasped: 00:00:13
========= Epoch 5 =========
5/10: Matthews 0.30530, Accuracy: 60.00000, Loss: 0.095517593
10/10: Matthews 0.30530, Accuracy: 60.00000, Loss: 0.095120748
 
Best Matthews: 0.30530, Best Accuracy: 60.00000, Best Loss: 0.095897166 at epoch 4
Time Elasped: 00:00:14
========= Epoch 6 =========
5/10: Matthews 0.30530, Accuracy: 60.00000, Loss: 0.094649272
10/10: Matthews 0.30530, Accuracy: 60.00000, Loss: 0.094195429
 
Best Matthews: 0.30530, Best Accuracy: 60.00000, Best Loss: 0.095897166 at epoch 4
Time Elasped: 00:00:14
========= Epoch 7 =========
5/10: Matthews 0.26149, Accuracy: 58.88889, Loss: 0.093752713
10/10: Matthews 0.26149, Accuracy: 58.88889, Loss: 0.093381310
 
Best Matthews: 0.30530, Best Accuracy: 60.00000, Best Loss: 0.095897166 at epoch 4
Time Elasped: 00:00:15
========= Epoch 8 =========
5/10: Matthews 0.26149, Accuracy: 58.88889, Loss: 0.093026659
10/10: Matthews 0.26149, Accuracy: 58.88889, Loss: 0.092666435
 
Best Matthews: 0.30530, Best Accuracy: 60.00000, Best Loss: 0.095897166 at epoch 4
Time Elasped: 00:00:16
========= Epoch 9 =========
5/10: Matthews 0.26149, Accuracy: 58.88889, Loss: 0.092307207
10/10: Matthews 0.26149, Accuracy: 58.88889, Loss: 0.091954676
 
Best Matthews: 0.30530, Best Accuracy: 60.00000, Best Loss: 0.095897166 at epoch 4
Time Elasped: 00:00:16
========= Epoch 10 =========
5/10: Matthews 0.26149, Accuracy: 58.88889, Loss: 0.091696888
10/10: Matthews 0.26149, Accuracy: 58.88889, Loss: 0.091367520
 
Best Matthews: 0.30530, Best Accuracy: 60.00000, Best Loss: 0.095897166 at epoch 4
Time Elasped: 00:00:17
========= Epoch 11 =========
5/10: Matthews 0.28446, Accuracy: 60.00000, Loss: 0.091021072
10/10: Matthews 0.28446, Accuracy: 60.00000, Loss: 0.090684456
 
Best Matthews: 0.30530, Best Accuracy: 60.00000, Best Loss: 0.095897166 at epoch 4
Time Elasped: 00:00:18
========= Epoch 12 =========
5/10: Matthews 0.30657, Accuracy: 61.11111, Loss: 0.090313911
10/10: Matthews 0.30657, Accuracy: 61.11111, Loss: 0.089924155
 
Best Matthews: 0.30657, Best Accuracy: 61.11111, Best Loss: 0.090313911 at epoch 12
Time Elasped: 00:00:20
========= Epoch 13 =========
5/10: Matthews 0.30657, Accuracy: 61.11111, Loss: 0.089546744
10/10: Matthews 0.26833, Accuracy: 60.00000, Loss: 0.089167775
 
Best Matthews: 0.30657, Best Accuracy: 61.11111, Best Loss: 0.090313911 at epoch 12
Time Elasped: 00:00:20
========= Epoch 14 =========
5/10: Matthews 0.26833, Accuracy: 60.00000, Loss: 0.088840426
10/10: Matthews 0.26833, Accuracy: 60.00000, Loss: 0.088548968
 
Best Matthews: 0.30657, Best Accuracy: 61.11111, Best Loss: 0.090313911 at epoch 12
Time Elasped: 00:00:21
========= Epoch 15 =========
5/10: Matthews 0.26833, Accuracy: 60.00000, Loss: 0.088311900
10/10: Matthews 0.29062, Accuracy: 61.11111, Loss: 0.088003985
 
Best Matthews: 0.30657, Best Accuracy: 61.11111, Best Loss: 0.090313911 at epoch 12
Time Elasped: 00:00:22
========= Epoch 16 =========
5/10: Matthews 0.29062, Accuracy: 61.11111, Loss: 0.087673765
10/10: Matthews 0.29062, Accuracy: 61.11111, Loss: 0.087389305
 
Best Matthews: 0.30657, Best Accuracy: 61.11111, Best Loss: 0.090313911 at epoch 12
Time Elasped: 00:00:22
========= Epoch 17 =========
5/10: Matthews 0.29062, Accuracy: 61.11111, Loss: 0.087158039
10/10: Matthews 0.29062, Accuracy: 61.11111, Loss: 0.086923975
 
Best Matthews: 0.30657, Best Accuracy: 61.11111, Best Loss: 0.090313911 at epoch 12
Time Elasped: 00:00:23
========= Epoch 18 =========
5/10: Matthews 0.29062, Accuracy: 61.11111, Loss: 0.086687109
10/10: Matthews 0.29062, Accuracy: 61.11111, Loss: 0.086405818
 
Best Matthews: 0.30657, Best Accuracy: 61.11111, Best Loss: 0.090313911 at epoch 12
Time Elasped: 00:00:23
========= Epoch 19 =========
5/10: Matthews 0.29062, Accuracy: 61.11111, Loss: 0.086145147
10/10: Matthews 0.29062, Accuracy: 61.11111, Loss: 0.085866250
 
Best Matthews: 0.30657, Best Accuracy: 61.11111, Best Loss: 0.090313911 at epoch 12
Time Elasped: 00:00:24
========= Epoch 20 =========
5/10: Matthews 0.31225, Accuracy: 62.22222, Loss: 0.085566807
10/10: Matthews 0.31225, Accuracy: 62.22222, Loss: 0.085262664
 
Best Matthews: 0.31225, Best Accuracy: 62.22222, Best Loss: 0.085566807 at epoch 20
Time Elasped: 00:00:26
========= Epoch 21 =========
5/10: Matthews 0.31225, Accuracy: 62.22222, Loss: 0.084993829
10/10: Matthews 0.31225, Accuracy: 62.22222, Loss: 0.084747420
 
Best Matthews: 0.31225, Best Accuracy: 62.22222, Best Loss: 0.085566807 at epoch 20
Time Elasped: 00:00:27
========= Epoch 22 =========
5/10: Matthews 0.31225, Accuracy: 62.22222, Loss: 0.084523455
10/10: Matthews 0.31225, Accuracy: 62.22222, Loss: 0.084292656
 
Best Matthews: 0.31225, Best Accuracy: 62.22222, Best Loss: 0.085566807 at epoch 20
Time Elasped: 00:00:28
========= Epoch 23 =========
5/10: Matthews 0.31225, Accuracy: 62.22222, Loss: 0.084088829
10/10: Matthews 0.31225, Accuracy: 62.22222, Loss: 0.083844577
 
Best Matthews: 0.31225, Best Accuracy: 62.22222, Best Loss: 0.085566807 at epoch 20
Time Elasped: 00:00:28
========= Epoch 24 =========
5/10: Matthews 0.31225, Accuracy: 62.22222, Loss: 0.083595922
10/10: Matthews 0.31225, Accuracy: 62.22222, Loss: 0.083341736
 
Best Matthews: 0.31225, Best Accuracy: 62.22222, Best Loss: 0.085566807 at epoch 20
Time Elasped: 00:00:29
========= Epoch 25 =========
5/10: Matthews 0.31225, Accuracy: 62.22222, Loss: 0.083112595
10/10: Matthews 0.31225, Accuracy: 62.22222, Loss: 0.082864290
 
Best Matthews: 0.31225, Best Accuracy: 62.22222, Best Loss: 0.085566807 at epoch 20
Time Elasped: 00:00:29
========= Epoch 26 =========
5/10: Matthews 0.33333, Accuracy: 63.33333, Loss: 0.082632600
10/10: Matthews 0.35395, Accuracy: 64.44444, Loss: 0.082398934
 
Best Matthews: 0.35395, Best Accuracy: 64.44444, Best Loss: 0.082398934 at epoch 26
Time Elasped: 00:00:33
========= Epoch 27 =========
5/10: Matthews 0.37417, Accuracy: 65.55556, Loss: 0.082177613
10/10: Matthews 0.37417, Accuracy: 65.55556, Loss: 0.081933938
 
Best Matthews: 0.37417, Best Accuracy: 65.55556, Best Loss: 0.082177613 at epoch 27
Time Elasped: 00:00:35
========= Epoch 28 =========
5/10: Matthews 0.35395, Accuracy: 64.44444, Loss: 0.081695482
10/10: Matthews 0.35395, Accuracy: 64.44444, Loss: 0.081464926
 
Best Matthews: 0.37417, Best Accuracy: 65.55556, Best Loss: 0.082177613 at epoch 27
Time Elasped: 00:00:36
========= Epoch 29 =========
5/10: Matthews 0.35395, Accuracy: 64.44444, Loss: 0.081200192
10/10: Matthews 0.35395, Accuracy: 64.44444, Loss: 0.080984587
 
Best Matthews: 0.37417, Best Accuracy: 65.55556, Best Loss: 0.082177613 at epoch 27
Time Elasped: 00:00:36
========= Epoch 30 =========
5/10: Matthews 0.37417, Accuracy: 65.55556, Loss: 0.080747377
10/10: Matthews 0.37417, Accuracy: 65.55556, Loss: 0.080515830
 
Best Matthews: 0.37417, Best Accuracy: 65.55556, Best Loss: 0.082177613 at epoch 27
Time Elasped: 00:00:37
========= Epoch 31 =========
5/10: Matthews 0.37417, Accuracy: 65.55556, Loss: 0.080361234
10/10: Matthews 0.37417, Accuracy: 65.55556, Loss: 0.080166886
 
Best Matthews: 0.37417, Best Accuracy: 65.55556, Best Loss: 0.082177613 at epoch 27
Time Elasped: 00:00:38
========= Epoch 32 =========
5/10: Matthews 0.39406, Accuracy: 66.66667, Loss: 0.079961178
10/10: Matthews 0.39406, Accuracy: 66.66667, Loss: 0.079743385
 
Best Matthews: 0.39406, Best Accuracy: 66.66667, Best Loss: 0.079961178 at epoch 32
Time Elasped: 00:00:41
========= Epoch 33 =========
5/10: Matthews 0.43306, Accuracy: 68.88889, Loss: 0.079519600
10/10: Matthews 0.45227, Accuracy: 70.00000, Loss: 0.079296456
 
Best Matthews: 0.45227, Best Accuracy: 70.00000, Best Loss: 0.079296456 at epoch 33
Time Elasped: 00:00:46
========= Epoch 34 =========
5/10: Matthews 0.45227, Accuracy: 70.00000, Loss: 0.079095766
10/10: Matthews 0.47133, Accuracy: 71.11111, Loss: 0.078940513
 
Best Matthews: 0.47133, Best Accuracy: 71.11111, Best Loss: 0.078940513 at epoch 34
Time Elasped: 00:00:48
========= Epoch 35 =========
5/10: Matthews 0.47133, Accuracy: 71.11111, Loss: 0.078818607
10/10: Matthews 0.47133, Accuracy: 71.11111, Loss: 0.078647651
 
Best Matthews: 0.47133, Best Accuracy: 71.11111, Best Loss: 0.078940513 at epoch 34
Time Elasped: 00:00:48
========= Epoch 36 =========
5/10: Matthews 0.47133, Accuracy: 71.11111, Loss: 0.078463581
10/10: Matthews 0.47133, Accuracy: 71.11111, Loss: 0.078283654
 
Best Matthews: 0.47133, Best Accuracy: 71.11111, Best Loss: 0.078940513 at epoch 34
Time Elasped: 00:00:49
========= Epoch 37 =========
5/10: Matthews 0.47133, Accuracy: 71.11111, Loss: 0.078156736
10/10: Matthews 0.47133, Accuracy: 71.11111, Loss: 0.077979649
 
Best Matthews: 0.47133, Best Accuracy: 71.11111, Best Loss: 0.078940513 at epoch 34
Time Elasped: 00:00:50
========= Epoch 38 =========
5/10: Matthews 0.47133, Accuracy: 71.11111, Loss: 0.077790854
10/10: Matthews 0.44126, Accuracy: 70.00000, Loss: 0.077603096
 
Best Matthews: 0.47133, Best Accuracy: 71.11111, Best Loss: 0.078940513 at epoch 34
Time Elasped: 00:00:50
========= Epoch 39 =========
5/10: Matthews 0.49929, Accuracy: 73.33333, Loss: 0.077427350
10/10: Matthews 0.49929, Accuracy: 73.33333, Loss: 0.077257204
 
Best Matthews: 0.49929, Best Accuracy: 73.33333, Best Loss: 0.077427350 at epoch 39
Time Elasped: 00:00:53
========= Epoch 40 =========
5/10: Matthews 0.49929, Accuracy: 73.33333, Loss: 0.077115462
10/10: Matthews 0.51854, Accuracy: 74.44444, Loss: 0.076961221
 
Best Matthews: 0.51854, Best Accuracy: 74.44444, Best Loss: 0.076961221 at epoch 40
Time Elasped: 00:00:55
========= Epoch 41 =========
5/10: Matthews 0.51854, Accuracy: 74.44444, Loss: 0.076843675
10/10: Matthews 0.51854, Accuracy: 74.44444, Loss: 0.076709440
 
Best Matthews: 0.51854, Best Accuracy: 74.44444, Best Loss: 0.076961221 at epoch 40
Time Elasped: 00:00:55
========= Epoch 42 =========
5/10: Matthews 0.51854, Accuracy: 74.44444, Loss: 0.076576630
10/10: Matthews 0.51854, Accuracy: 74.44444, Loss: 0.076430564
 
Best Matthews: 0.51854, Best Accuracy: 74.44444, Best Loss: 0.076961221 at epoch 40
Time Elasped: 00:00:56
========= Epoch 43 =========
5/10: Matthews 0.49103, Accuracy: 73.33333, Loss: 0.076287831
10/10: Matthews 0.53031, Accuracy: 75.55556, Loss: 0.076133304
 
Best Matthews: 0.53031, Best Accuracy: 75.55556, Best Loss: 0.076133304 at epoch 43
Time Elasped: 00:00:58
========= Epoch 44 =========
5/10: Matthews 0.62989, Accuracy: 81.11111, Loss: 0.075993644
10/10: Matthews 0.62989, Accuracy: 81.11111, Loss: 0.075830703
 
Best Matthews: 0.62989, Best Accuracy: 81.11111, Best Loss: 0.075993644 at epoch 44
Time Elasped: 00:01:01
========= Epoch 45 =========
5/10: Matthews 0.62989, Accuracy: 81.11111, Loss: 0.075631290
10/10: Matthews 0.62989, Accuracy: 81.11111, Loss: 0.075439575
 
Best Matthews: 0.62989, Best Accuracy: 81.11111, Best Loss: 0.075993644 at epoch 44
Time Elasped: 00:01:01
========= Epoch 46 =========
5/10: Matthews 0.62989, Accuracy: 81.11111, Loss: 0.075239250
10/10: Matthews 0.65025, Accuracy: 82.22222, Loss: 0.075080797
 
Best Matthews: 0.65025, Best Accuracy: 82.22222, Best Loss: 0.075080797 at epoch 46
Time Elasped: 00:01:03
========= Epoch 47 =========
5/10: Matthews 0.65025, Accuracy: 82.22222, Loss: 0.074912776
10/10: Matthews 0.65025, Accuracy: 82.22222, Loss: 0.074762466
 
Best Matthews: 0.65025, Best Accuracy: 82.22222, Best Loss: 0.075080797 at epoch 46
Time Elasped: 00:01:04
========= Epoch 48 =========
5/10: Matthews 0.67082, Accuracy: 83.33333, Loss: 0.074640931
10/10: Matthews 0.67082, Accuracy: 83.33333, Loss: 0.074506410
 
Best Matthews: 0.67082, Best Accuracy: 83.33333, Best Loss: 0.074640931 at epoch 48
Time Elasped: 00:01:06
========= Epoch 49 =========
5/10: Matthews 0.67082, Accuracy: 83.33333, Loss: 0.074339718
10/10: Matthews 0.69163, Accuracy: 84.44444, Loss: 0.074184508
 
Best Matthews: 0.69163, Best Accuracy: 84.44444, Best Loss: 0.074184508 at epoch 49
Time Elasped: 00:01:09
========= Epoch 50 =========
5/10: Matthews 0.69163, Accuracy: 84.44444, Loss: 0.074044938
10/10: Matthews 0.67082, Accuracy: 83.33333, Loss: 0.073897060
 
Best Matthews: 0.69163, Best Accuracy: 84.44444, Best Loss: 0.074184508 at epoch 49
Time Elasped: 00:01:09
========= Epoch 51 =========
5/10: Matthews 0.69163, Accuracy: 84.44444, Loss: 0.073712693
10/10: Matthews 0.69163, Accuracy: 84.44444, Loss: 0.073554638
 
Best Matthews: 0.69163, Best Accuracy: 84.44444, Best Loss: 0.074184508 at epoch 49
Time Elasped: 00:01:10
========= Epoch 52 =========
5/10: Matthews 0.69163, Accuracy: 84.44444, Loss: 0.073424890
10/10: Matthews 0.69163, Accuracy: 84.44444, Loss: 0.073273918
 
Best Matthews: 0.69163, Best Accuracy: 84.44444, Best Loss: 0.074184508 at epoch 49
Time Elasped: 00:01:11
========= Epoch 53 =========
5/10: Matthews 0.67082, Accuracy: 83.33333, Loss: 0.073043738
10/10: Matthews 0.65025, Accuracy: 82.22222, Loss: 0.072855806
 
Best Matthews: 0.69163, Best Accuracy: 84.44444, Best Loss: 0.074184508 at epoch 49
Time Elasped: 00:01:11
========= Epoch 54 =========
5/10: Matthews 0.65025, Accuracy: 82.22222, Loss: 0.072704299
10/10: Matthews 0.65025, Accuracy: 82.22222, Loss: 0.072526222
 
Best Matthews: 0.69163, Best Accuracy: 84.44444, Best Loss: 0.074184508 at epoch 49
Time Elasped: 00:01:12
========= Epoch 55 =========
5/10: Matthews 0.67082, Accuracy: 83.33333, Loss: 0.072374731
10/10: Matthews 0.67082, Accuracy: 83.33333, Loss: 0.072215313
 
Best Matthews: 0.69163, Best Accuracy: 84.44444, Best Loss: 0.074184508 at epoch 49
Time Elasped: 00:01:12
========= Epoch 56 =========
5/10: Matthews 0.65025, Accuracy: 82.22222, Loss: 0.072028701
10/10: Matthews 0.67082, Accuracy: 83.33333, Loss: 0.071877734
 
Best Matthews: 0.69163, Best Accuracy: 84.44444, Best Loss: 0.074184508 at epoch 49
Time Elasped: 00:01:13
========= Epoch 57 =========
5/10: Matthews 0.65025, Accuracy: 82.22222, Loss: 0.071717787
10/10: Matthews 0.65025, Accuracy: 82.22222, Loss: 0.071586890
 
Best Matthews: 0.69163, Best Accuracy: 84.44444, Best Loss: 0.074184508 at epoch 49
Time Elasped: 00:01:14
========= Epoch 58 =========
5/10: Matthews 0.65025, Accuracy: 82.22222, Loss: 0.071460252
10/10: Matthews 0.65025, Accuracy: 82.22222, Loss: 0.071345435
 
Best Matthews: 0.69163, Best Accuracy: 84.44444, Best Loss: 0.074184508 at epoch 49
Time Elasped: 00:01:14
========= Epoch 59 =========
5/10: Matthews 0.65025, Accuracy: 82.22222, Loss: 0.071217134
10/10: Matthews 0.69163, Accuracy: 84.44444, Loss: 0.071103695
 
Best Matthews: 0.69163, Best Accuracy: 84.44444, Best Loss: 0.074184508 at epoch 49
Time Elasped: 00:01:15
========= Epoch 60 =========
5/10: Matthews 0.69163, Accuracy: 84.44444, Loss: 0.070994875
10/10: Matthews 0.69163, Accuracy: 84.44444, Loss: 0.070874161
 
Best Matthews: 0.69163, Best Accuracy: 84.44444, Best Loss: 0.074184508 at epoch 49
Time Elasped: 00:01:16
========= Epoch 61 =========
5/10: Matthews 0.65025, Accuracy: 82.22222, Loss: 0.070707713
10/10: Matthews 0.65025, Accuracy: 82.22222, Loss: 0.070566898
 
Best Matthews: 0.69163, Best Accuracy: 84.44444, Best Loss: 0.074184508 at epoch 49
Time Elasped: 00:01:16
========= Epoch 62 =========
5/10: Matthews 0.67082, Accuracy: 83.33333, Loss: 0.070461496
10/10: Matthews 0.69163, Accuracy: 84.44444, Loss: 0.070331256
 
Best Matthews: 0.69163, Best Accuracy: 84.44444, Best Loss: 0.074184508 at epoch 49
Time Elasped: 00:01:17
========= Epoch 63 =========
5/10: Matthews 0.67082, Accuracy: 83.33333, Loss: 0.070204406
10/10: Matthews 0.69163, Accuracy: 84.44444, Loss: 0.070085356
 
Best Matthews: 0.69163, Best Accuracy: 84.44444, Best Loss: 0.074184508 at epoch 49
Time Elasped: 00:01:18
========= Epoch 64 =========
5/10: Matthews 0.69163, Accuracy: 84.44444, Loss: 0.069956170
10/10: Matthews 0.69163, Accuracy: 84.44444, Loss: 0.069838127
 
Best Matthews: 0.69163, Best Accuracy: 84.44444, Best Loss: 0.074184508 at epoch 49
Time Elasped: 00:01:18
========= Epoch 65 =========
5/10: Matthews 0.69163, Accuracy: 84.44444, Loss: 0.069729471
10/10: Matthews 0.69163, Accuracy: 84.44444, Loss: 0.069605207
 
Best Matthews: 0.69163, Best Accuracy: 84.44444, Best Loss: 0.074184508 at epoch 49
Time Elasped: 00:01:19
========= Epoch 66 =========
5/10: Matthews 0.69163, Accuracy: 84.44444, Loss: 0.069444381
10/10: Matthews 0.69163, Accuracy: 84.44444, Loss: 0.069298055
 
Best Matthews: 0.69163, Best Accuracy: 84.44444, Best Loss: 0.074184508 at epoch 49
Time Elasped: 00:01:20
========= Epoch 67 =========
5/10: Matthews 0.69163, Accuracy: 84.44444, Loss: 0.069163174
10/10: Matthews 0.69163, Accuracy: 84.44444, Loss: 0.069016372
 
Best Matthews: 0.69163, Best Accuracy: 84.44444, Best Loss: 0.074184508 at epoch 49
Time Elasped: 00:01:20
========= Epoch 68 =========
5/10: Matthews 0.69163, Accuracy: 84.44444, Loss: 0.068870677
10/10: Matthews 0.69163, Accuracy: 84.44444, Loss: 0.068713310
 
Best Matthews: 0.69163, Best Accuracy: 84.44444, Best Loss: 0.074184508 at epoch 49
Time Elasped: 00:01:21
========= Epoch 69 =========
5/10: Matthews 0.69163, Accuracy: 84.44444, Loss: 0.068571509
10/10: Matthews 0.69163, Accuracy: 84.44444, Loss: 0.068423912
 
Best Matthews: 0.69163, Best Accuracy: 84.44444, Best Loss: 0.074184508 at epoch 49
Time Elasped: 00:01:21
========= Epoch 70 =========
Early Stopping activated
 
Best Matthews: 0.69163, Best Accuracy: 84.44444, Best Loss: 0.074184508 at epoch 49
Time Elasped: 00:01:24
Test Set:
0/0: Matthews 0.48596, Accuracy: 73.89937, Loss: 0.023770914
