Namespace(batch_size=32, buffer_size=1, by_source=False, crop_pad_length=30, data='./acceptability_corpus/verb_classes/understood', data_type='discriminator', dropout=0.2, embedding='glove.6B.300d', embedding_path='/scratch/asw462/models/elmo_encoder/elmo.emb', embedding_size=217, encoder_num_layers=2, encoder_path='/scratch/asw462/models/elmo_encoder/elmo.pth', encoding_size=528, encoding_type='lstm_pooling_classifier', epochs=1000, evaluate_train=False, experiment_name='experiment_linear_classifier_h_186_l_4_lr_0.0001_e_217_do_0.2', glove=False, gpu=True, hidden_size=186, imbalance=True, learning_rate=6e-05, lm_path=None, logs_dir='/scratch/asw462/logs/verb_classes/understood', max_pool=False, model='linear_classifier', num_layers=4, output_dir='/scratch/asw462/logs/verb_classes/outputs/understood', patience=20, preprocess_tokenizer='space', prints_per_stage=1, resume=True, resume_file=None, save_loc='/scratch/asw462/models/verb_classes/understood', seed=1111, should_not_log=False, should_not_lowercase=False, should_not_preprocess_data=False, stages_per_epoch=2, train_embeddings=False, train_evaluate_interval=10, vocab_file='/scratch/asw462/data/vocab_100k.tsv')
======== General =======
Model: linear_classifier
GPU: True
Experiment Name: experiment_linear_classifier_h_186_l_4_lr_0.0001_e_217_do_0.2
Save location: /scratch/asw462/models/verb_classes/understood
Logs dir: /scratch/asw462/logs/verb_classes/understood
Timestamp: 2018/08/01 20:49:35
 
======== Data =======
Training set: 296 examples
Validation set: 90 examples
Test set: 318 examples
 
======= Parameters =======
Learning Rate: 0.000060
Batch Size: 32
Epochs: 1000
Patience: 20
Stages per Epoch: 2
Embedding: 100004 x 217
Number of layers: 4
Hidden Size: 186
Encoder Size: 528
Resume: True
 
======= Model =======
LinearClassifierWithEncoder(
  (model): LinearClassifier(
    (dropout): Dropout(p=0.2)
    (enc2h): Linear(in_features=1056, out_features=186, bias=True)
    (h20): Linear(in_features=186, out_features=1, bias=True)
    (sigmoid): Sigmoid()
    (tanh): Tanh()
    (softmax): Softmax()
  )
  (encoder): LSTMPoolingClassifierWithELMo(
    (elmo): ELMOClassifier(
      (lm): LSTMLanguageModel(
        (dropout): Dropout(p=0.2)
        (embedding): Embedding(100003, 217)
        (lstm): LSTM(217, 891, num_layers=2, dropout=0.2)
        (fc): Linear(in_features=891, out_features=100003, bias=True)
      )
      (lstms): ModuleList(
        (0): LSTM(217, 891, batch_first=True)
        (1): LSTM(891, 891, batch_first=True)
      )
      (dropout): Dropout(p=0.2)
      (linear_comb): Linear(in_features=2, out_features=1, bias=True)
      (fc1): Linear(in_features=891, out_features=528, bias=True)
      (relu): ReLU()
      (out): Linear(in_features=528, out_features=1, bias=True)
      (sigmoid): Sigmoid()
    )
    (pooling_classifier): LSTMPoolingClassifier(
      (ih2h): LSTM(891, 528, num_layers=3, batch_first=True, dropout=0.2, bidirectional=True)
      (pool2o): Linear(in_features=1056, out_features=1, bias=True)
      (sigmoid): Sigmoid()
      (softmax): Softmax()
      (dropout): Dropout(p=0.2)
    )
  )
)
 
========= Epoch 1 =========
5/10: Matthews 0.46713, Accuracy: 73.33333, Loss: 0.093806140
10/10: Matthews 0.26726, Accuracy: 61.11111, Loss: 0.089321454
 
Best Matthews: 0.46713, Best Accuracy: 73.33333, Best Loss: 0.093806140 at epoch 1
Time Elasped: 00:00:07
========= Epoch 2 =========
5/10: Matthews 0.29062, Accuracy: 61.11111, Loss: 0.086695904
10/10: Matthews 0.29062, Accuracy: 61.11111, Loss: 0.083703841
 
Best Matthews: 0.46713, Best Accuracy: 73.33333, Best Loss: 0.093806140 at epoch 1
Time Elasped: 00:00:08
========= Epoch 3 =========
5/10: Matthews 0.32071, Accuracy: 63.33333, Loss: 0.080797429
10/10: Matthews 0.42172, Accuracy: 68.88889, Loss: 0.078174347
 
Best Matthews: 0.46713, Best Accuracy: 73.33333, Best Loss: 0.093806140 at epoch 1
Time Elasped: 00:00:09
========= Epoch 4 =========
5/10: Matthews 0.55709, Accuracy: 76.66667, Loss: 0.075770336
10/10: Matthews 0.51938, Accuracy: 75.55556, Loss: 0.073640421
 
Best Matthews: 0.55709, Best Accuracy: 76.66667, Best Loss: 0.075770336 at epoch 4
Time Elasped: 00:00:11
========= Epoch 5 =========
5/10: Matthews 0.56980, Accuracy: 77.77778, Loss: 0.071910048
10/10: Matthews 0.53031, Accuracy: 75.55556, Loss: 0.070483579
 
Best Matthews: 0.56980, Best Accuracy: 77.77778, Best Loss: 0.071910048 at epoch 5
Time Elasped: 00:00:14
========= Epoch 6 =========
5/10: Matthews 0.58969, Accuracy: 78.88889, Loss: 0.069399208
10/10: Matthews 0.60541, Accuracy: 80.00000, Loss: 0.068172608
 
Best Matthews: 0.60541, Best Accuracy: 80.00000, Best Loss: 0.068172608 at epoch 6
Time Elasped: 00:00:18
========= Epoch 7 =========
5/10: Matthews 0.66815, Accuracy: 83.33333, Loss: 0.066939598
10/10: Matthews 0.66815, Accuracy: 83.33333, Loss: 0.065690205
 
Best Matthews: 0.66815, Best Accuracy: 83.33333, Best Loss: 0.066939598 at epoch 7
Time Elasped: 00:00:20
========= Epoch 8 =========
5/10: Matthews 0.71129, Accuracy: 85.55556, Loss: 0.064565192
10/10: Matthews 0.68957, Accuracy: 84.44444, Loss: 0.063397831
 
Best Matthews: 0.71129, Best Accuracy: 85.55556, Best Loss: 0.064565192 at epoch 8
Time Elasped: 00:00:22
========= Epoch 9 =========
5/10: Matthews 0.66815, Accuracy: 83.33333, Loss: 0.062306521
10/10: Matthews 0.67082, Accuracy: 83.33333, Loss: 0.061518584
 
Best Matthews: 0.71129, Best Accuracy: 85.55556, Best Loss: 0.064565192 at epoch 8
Time Elasped: 00:00:23
========= Epoch 10 =========
5/10: Matthews 0.62989, Accuracy: 81.11111, Loss: 0.061088032
10/10: Matthews 0.67082, Accuracy: 83.33333, Loss: 0.060783524
 
Best Matthews: 0.71129, Best Accuracy: 85.55556, Best Loss: 0.064565192 at epoch 8
Time Elasped: 00:00:23
========= Epoch 11 =========
5/10: Matthews 0.65488, Accuracy: 82.22222, Loss: 0.060493983
10/10: Matthews 0.69510, Accuracy: 84.44444, Loss: 0.059776258
 
Best Matthews: 0.71129, Best Accuracy: 85.55556, Best Loss: 0.064565192 at epoch 8
Time Elasped: 00:00:24
========= Epoch 12 =========
5/10: Matthews 0.71554, Accuracy: 85.55556, Loss: 0.059112189
10/10: Matthews 0.75724, Accuracy: 87.77778, Loss: 0.058439944
 
Best Matthews: 0.75724, Best Accuracy: 87.77778, Best Loss: 0.058439944 at epoch 12
Time Elasped: 00:00:29
========= Epoch 13 =========
5/10: Matthews 0.75724, Accuracy: 87.77778, Loss: 0.057589716
10/10: Matthews 0.84465, Accuracy: 92.22222, Loss: 0.057009411
 
Best Matthews: 0.84465, Best Accuracy: 92.22222, Best Loss: 0.057009411 at epoch 13
Time Elasped: 00:00:31
========= Epoch 14 =========
5/10: Matthews 0.84465, Accuracy: 92.22222, Loss: 0.056423563
10/10: Matthews 0.84465, Accuracy: 92.22222, Loss: 0.055539746
 
Best Matthews: 0.84465, Best Accuracy: 92.22222, Best Loss: 0.057009411 at epoch 13
Time Elasped: 00:00:32
========= Epoch 15 =========
5/10: Matthews 0.75724, Accuracy: 87.77778, Loss: 0.054842854
10/10: Matthews 0.75724, Accuracy: 87.77778, Loss: 0.054010370
 
Best Matthews: 0.84465, Best Accuracy: 92.22222, Best Loss: 0.057009411 at epoch 13
Time Elasped: 00:00:32
========= Epoch 16 =========
5/10: Matthews 0.84465, Accuracy: 92.22222, Loss: 0.053273731
10/10: Matthews 0.84465, Accuracy: 92.22222, Loss: 0.052670124
 
Best Matthews: 0.84465, Best Accuracy: 92.22222, Best Loss: 0.057009411 at epoch 13
Time Elasped: 00:00:33
========= Epoch 17 =========
5/10: Matthews 0.82304, Accuracy: 91.11111, Loss: 0.052180465
10/10: Matthews 0.82549, Accuracy: 91.11111, Loss: 0.051829243
 
Best Matthews: 0.84465, Best Accuracy: 92.22222, Best Loss: 0.057009411 at epoch 13
Time Elasped: 00:00:34
========= Epoch 18 =========
5/10: Matthews 0.84971, Accuracy: 92.22222, Loss: 0.051159885
10/10: Matthews 0.84971, Accuracy: 92.22222, Loss: 0.050545751
 
Best Matthews: 0.84971, Best Accuracy: 92.22222, Best Loss: 0.051159885 at epoch 18
Time Elasped: 00:00:36
========= Epoch 19 =========
5/10: Matthews 0.84465, Accuracy: 92.22222, Loss: 0.049858634
10/10: Matthews 0.86667, Accuracy: 93.33333, Loss: 0.049268145
 
Best Matthews: 0.86667, Best Accuracy: 93.33333, Best Loss: 0.049268145 at epoch 19
Time Elasped: 00:00:38
========= Epoch 20 =========
5/10: Matthews 0.86667, Accuracy: 93.33333, Loss: 0.048683776
10/10: Matthews 0.86667, Accuracy: 93.33333, Loss: 0.048420540
 
Best Matthews: 0.86667, Best Accuracy: 93.33333, Best Loss: 0.049268145 at epoch 19
Time Elasped: 00:00:39
========= Epoch 21 =========
5/10: Matthews 0.86667, Accuracy: 93.33333, Loss: 0.047921599
10/10: Matthews 0.86667, Accuracy: 93.33333, Loss: 0.047449213
 
Best Matthews: 0.86667, Best Accuracy: 93.33333, Best Loss: 0.049268145 at epoch 19
Time Elasped: 00:00:40
========= Epoch 22 =========
5/10: Matthews 0.88911, Accuracy: 94.44444, Loss: 0.046954929
10/10: Matthews 0.88911, Accuracy: 94.44444, Loss: 0.046627834
 
Best Matthews: 0.88911, Best Accuracy: 94.44444, Best Loss: 0.046954929 at epoch 22
Time Elasped: 00:00:42
========= Epoch 23 =========
5/10: Matthews 0.88911, Accuracy: 94.44444, Loss: 0.046211031
10/10: Matthews 0.88911, Accuracy: 94.44444, Loss: 0.045586687
 
Best Matthews: 0.88911, Best Accuracy: 94.44444, Best Loss: 0.046954929 at epoch 22
Time Elasped: 00:00:43
========= Epoch 24 =========
5/10: Matthews 0.86667, Accuracy: 93.33333, Loss: 0.045226717
10/10: Matthews 0.86667, Accuracy: 93.33333, Loss: 0.044982772
 
Best Matthews: 0.88911, Best Accuracy: 94.44444, Best Loss: 0.046954929 at epoch 22
Time Elasped: 00:00:43
========= Epoch 25 =========
5/10: Matthews 0.88911, Accuracy: 94.44444, Loss: 0.044842280
10/10: Matthews 0.88911, Accuracy: 94.44444, Loss: 0.044652679
 
Best Matthews: 0.88911, Best Accuracy: 94.44444, Best Loss: 0.046954929 at epoch 22
Time Elasped: 00:00:44
========= Epoch 26 =========
5/10: Matthews 0.91111, Accuracy: 95.55556, Loss: 0.044398027
10/10: Matthews 0.91111, Accuracy: 95.55556, Loss: 0.044146856
 
Best Matthews: 0.91111, Best Accuracy: 95.55556, Best Loss: 0.044398027 at epoch 26
Time Elasped: 00:00:46
========= Epoch 27 =========
5/10: Matthews 0.91201, Accuracy: 95.55556, Loss: 0.043837285
10/10: Matthews 0.89087, Accuracy: 94.44444, Loss: 0.043392415
 
Best Matthews: 0.91201, Best Accuracy: 95.55556, Best Loss: 0.043837285 at epoch 27
Time Elasped: 00:00:49
========= Epoch 28 =========
5/10: Matthews 0.91201, Accuracy: 95.55556, Loss: 0.042746374
10/10: Matthews 0.88911, Accuracy: 94.44444, Loss: 0.042236053
 
Best Matthews: 0.91201, Best Accuracy: 95.55556, Best Loss: 0.043837285 at epoch 27
Time Elasped: 00:00:49
========= Epoch 29 =========
5/10: Matthews 0.88911, Accuracy: 94.44444, Loss: 0.042041453
10/10: Matthews 0.91111, Accuracy: 95.55556, Loss: 0.041777738
 
Best Matthews: 0.91201, Best Accuracy: 95.55556, Best Loss: 0.043837285 at epoch 27
Time Elasped: 00:00:50
========= Epoch 30 =========
5/10: Matthews 0.91111, Accuracy: 95.55556, Loss: 0.041724308
10/10: Matthews 0.91111, Accuracy: 95.55556, Loss: 0.041495249
 
Best Matthews: 0.91201, Best Accuracy: 95.55556, Best Loss: 0.043837285 at epoch 27
Time Elasped: 00:00:50
========= Epoch 31 =========
5/10: Matthews 0.91111, Accuracy: 95.55556, Loss: 0.041215799
10/10: Matthews 0.91111, Accuracy: 95.55556, Loss: 0.040758419
 
Best Matthews: 0.91201, Best Accuracy: 95.55556, Best Loss: 0.043837285 at epoch 27
Time Elasped: 00:00:51
========= Epoch 32 =========
5/10: Matthews 0.89087, Accuracy: 94.44444, Loss: 0.040243663
10/10: Matthews 0.89087, Accuracy: 94.44444, Loss: 0.039766412
 
Best Matthews: 0.91201, Best Accuracy: 95.55556, Best Loss: 0.043837285 at epoch 27
Time Elasped: 00:00:52
========= Epoch 33 =========
5/10: Matthews 0.89087, Accuracy: 94.44444, Loss: 0.039403862
10/10: Matthews 0.89087, Accuracy: 94.44444, Loss: 0.038987790
 
Best Matthews: 0.91201, Best Accuracy: 95.55556, Best Loss: 0.043837285 at epoch 27
Time Elasped: 00:00:52
========= Epoch 34 =========
5/10: Matthews 0.91111, Accuracy: 95.55556, Loss: 0.038599613
10/10: Matthews 0.91111, Accuracy: 95.55556, Loss: 0.038456085
 
Best Matthews: 0.91201, Best Accuracy: 95.55556, Best Loss: 0.043837285 at epoch 27
Time Elasped: 00:00:53
========= Epoch 35 =========
5/10: Matthews 0.88911, Accuracy: 94.44444, Loss: 0.038200853
10/10: Matthews 0.88911, Accuracy: 94.44444, Loss: 0.037980392
 
Best Matthews: 0.91201, Best Accuracy: 95.55556, Best Loss: 0.043837285 at epoch 27
Time Elasped: 00:00:54
========= Epoch 36 =========
5/10: Matthews 0.91201, Accuracy: 95.55556, Loss: 0.037683720
10/10: Matthews 0.88911, Accuracy: 94.44444, Loss: 0.037407541
 
Best Matthews: 0.91201, Best Accuracy: 95.55556, Best Loss: 0.043837285 at epoch 27
Time Elasped: 00:00:54
========= Epoch 37 =========
5/10: Matthews 0.88911, Accuracy: 94.44444, Loss: 0.037340752
10/10: Matthews 0.88911, Accuracy: 94.44444, Loss: 0.037159170
 
Best Matthews: 0.91201, Best Accuracy: 95.55556, Best Loss: 0.043837285 at epoch 27
Time Elasped: 00:00:55
========= Epoch 38 =========
5/10: Matthews 0.91111, Accuracy: 95.55556, Loss: 0.036861359
10/10: Matthews 0.91111, Accuracy: 95.55556, Loss: 0.036951052
 
Best Matthews: 0.91201, Best Accuracy: 95.55556, Best Loss: 0.043837285 at epoch 27
Time Elasped: 00:00:55
========= Epoch 39 =========
5/10: Matthews 0.88911, Accuracy: 94.44444, Loss: 0.037002993
10/10: Matthews 0.91201, Accuracy: 95.55556, Loss: 0.037222767
 
Best Matthews: 0.91201, Best Accuracy: 95.55556, Best Loss: 0.043837285 at epoch 27
Time Elasped: 00:00:56
========= Epoch 40 =========
5/10: Matthews 0.93541, Accuracy: 96.66667, Loss: 0.036875351
10/10: Matthews 0.93541, Accuracy: 96.66667, Loss: 0.036737209
 
Best Matthews: 0.93541, Best Accuracy: 96.66667, Best Loss: 0.036875351 at epoch 40
Time Elasped: 00:00:58
========= Epoch 41 =========
5/10: Matthews 0.93541, Accuracy: 96.66667, Loss: 0.036063970
10/10: Matthews 0.93541, Accuracy: 96.66667, Loss: 0.035722939
 
Best Matthews: 0.93541, Best Accuracy: 96.66667, Best Loss: 0.036875351 at epoch 40
Time Elasped: 00:00:59
========= Epoch 42 =========
5/10: Matthews 0.93541, Accuracy: 96.66667, Loss: 0.035698356
10/10: Matthews 0.93541, Accuracy: 96.66667, Loss: 0.035563842
 
Best Matthews: 0.93541, Best Accuracy: 96.66667, Best Loss: 0.036875351 at epoch 40
Time Elasped: 00:01:00
========= Epoch 43 =========
5/10: Matthews 0.93541, Accuracy: 96.66667, Loss: 0.035514519
10/10: Matthews 0.91201, Accuracy: 95.55556, Loss: 0.035282156
 
Best Matthews: 0.93541, Best Accuracy: 96.66667, Best Loss: 0.036875351 at epoch 40
Time Elasped: 00:01:00
========= Epoch 44 =========
5/10: Matthews 0.91201, Accuracy: 95.55556, Loss: 0.034725189
10/10: Matthews 0.91201, Accuracy: 95.55556, Loss: 0.034488302
 
Best Matthews: 0.93541, Best Accuracy: 96.66667, Best Loss: 0.036875351 at epoch 40
Time Elasped: 00:01:01
========= Epoch 45 =========
5/10: Matthews 0.91201, Accuracy: 95.55556, Loss: 0.034724365
10/10: Matthews 0.91201, Accuracy: 95.55556, Loss: 0.034758520
 
Best Matthews: 0.93541, Best Accuracy: 96.66667, Best Loss: 0.036875351 at epoch 40
Time Elasped: 00:01:01
========= Epoch 46 =========
5/10: Matthews 0.91201, Accuracy: 95.55556, Loss: 0.034603818
10/10: Matthews 0.91201, Accuracy: 95.55556, Loss: 0.034516075
 
Best Matthews: 0.93541, Best Accuracy: 96.66667, Best Loss: 0.036875351 at epoch 40
Time Elasped: 00:01:02
========= Epoch 47 =========
5/10: Matthews 0.93541, Accuracy: 96.66667, Loss: 0.034479446
10/10: Matthews 0.91201, Accuracy: 95.55556, Loss: 0.034377792
 
Best Matthews: 0.93541, Best Accuracy: 96.66667, Best Loss: 0.036875351 at epoch 40
Time Elasped: 00:01:03
========= Epoch 48 =========
5/10: Matthews 0.91201, Accuracy: 95.55556, Loss: 0.034140192
10/10: Matthews 0.91201, Accuracy: 95.55556, Loss: 0.034038769
 
Best Matthews: 0.93541, Best Accuracy: 96.66667, Best Loss: 0.036875351 at epoch 40
Time Elasped: 00:01:03
========= Epoch 49 =========
5/10: Matthews 0.91201, Accuracy: 95.55556, Loss: 0.033895779
10/10: Matthews 0.91201, Accuracy: 95.55556, Loss: 0.033631730
 
Best Matthews: 0.93541, Best Accuracy: 96.66667, Best Loss: 0.036875351 at epoch 40
Time Elasped: 00:01:04
========= Epoch 50 =========
5/10: Matthews 0.91201, Accuracy: 95.55556, Loss: 0.033036870
10/10: Matthews 0.91201, Accuracy: 95.55556, Loss: 0.032546054
 
Best Matthews: 0.93541, Best Accuracy: 96.66667, Best Loss: 0.036875351 at epoch 40
Time Elasped: 00:01:04
========= Epoch 51 =========
5/10: Matthews 0.93541, Accuracy: 96.66667, Loss: 0.032599688
10/10: Matthews 0.93541, Accuracy: 96.66667, Loss: 0.032759908
 
Best Matthews: 0.93541, Best Accuracy: 96.66667, Best Loss: 0.036875351 at epoch 40
Time Elasped: 00:01:05
========= Epoch 52 =========
5/10: Matthews 0.91473, Accuracy: 95.55556, Loss: 0.032983955
10/10: Matthews 0.93541, Accuracy: 96.66667, Loss: 0.032935323
 
Best Matthews: 0.93541, Best Accuracy: 96.66667, Best Loss: 0.036875351 at epoch 40
Time Elasped: 00:01:06
========= Epoch 53 =========
5/10: Matthews 0.91201, Accuracy: 95.55556, Loss: 0.032712314
10/10: Matthews 0.91201, Accuracy: 95.55556, Loss: 0.032733830
 
Best Matthews: 0.93541, Best Accuracy: 96.66667, Best Loss: 0.036875351 at epoch 40
Time Elasped: 00:01:06
========= Epoch 54 =========
5/10: Matthews 0.91201, Accuracy: 95.55556, Loss: 0.032940242
10/10: Matthews 0.91201, Accuracy: 95.55556, Loss: 0.032658206
 
Best Matthews: 0.93541, Best Accuracy: 96.66667, Best Loss: 0.036875351 at epoch 40
Time Elasped: 00:01:07
========= Epoch 55 =========
5/10: Matthews 0.91201, Accuracy: 95.55556, Loss: 0.032054112
10/10: Matthews 0.91201, Accuracy: 95.55556, Loss: 0.031690296
 
Best Matthews: 0.93541, Best Accuracy: 96.66667, Best Loss: 0.036875351 at epoch 40
Time Elasped: 00:01:08
========= Epoch 56 =========
5/10: Matthews 0.91201, Accuracy: 95.55556, Loss: 0.031897073
10/10: Matthews 0.91201, Accuracy: 95.55556, Loss: 0.032014794
 
Best Matthews: 0.93541, Best Accuracy: 96.66667, Best Loss: 0.036875351 at epoch 40
Time Elasped: 00:01:08
========= Epoch 57 =========
5/10: Matthews 0.91201, Accuracy: 95.55556, Loss: 0.031938076
10/10: Matthews 0.91201, Accuracy: 95.55556, Loss: 0.031944291
 
Best Matthews: 0.93541, Best Accuracy: 96.66667, Best Loss: 0.036875351 at epoch 40
Time Elasped: 00:01:09
========= Epoch 58 =========
5/10: Matthews 0.91201, Accuracy: 95.55556, Loss: 0.031961430
10/10: Matthews 0.91201, Accuracy: 95.55556, Loss: 0.031907574
 
Best Matthews: 0.93541, Best Accuracy: 96.66667, Best Loss: 0.036875351 at epoch 40
Time Elasped: 00:01:09
========= Epoch 59 =========
5/10: Matthews 0.91201, Accuracy: 95.55556, Loss: 0.031917927
10/10: Matthews 0.91201, Accuracy: 95.55556, Loss: 0.031810003
 
Best Matthews: 0.93541, Best Accuracy: 96.66667, Best Loss: 0.036875351 at epoch 40
Time Elasped: 00:01:10
========= Epoch 60 =========
5/10: Matthews 0.91201, Accuracy: 95.55556, Loss: 0.031407971
10/10: Matthews 0.91201, Accuracy: 95.55556, Loss: 0.031194745
 
Best Matthews: 0.93541, Best Accuracy: 96.66667, Best Loss: 0.036875351 at epoch 40
Time Elasped: 00:01:11
========= Epoch 61 =========
Early Stopping activated
 
Best Matthews: 0.93541, Best Accuracy: 96.66667, Best Loss: 0.036875351 at epoch 40
Time Elasped: 00:01:13
Test Set:
0/0: Matthews 0.73896, Accuracy: 86.79245, Loss: 0.012342285
