Namespace(batch_size=32, buffer_size=1, by_source=False, crop_pad_length=30, data='./acceptability_corpus/verb_classes/understood', data_type='discriminator', dropout=0.5, embedding='glove.6B.300d', embedding_path='/scratch/asw462/models/elmo_encoder/elmo.emb', embedding_size=217, encoder_num_layers=2, encoder_path='/scratch/asw462/models/elmo_encoder/elmo.pth', encoding_size=528, encoding_type='lstm_pooling_classifier', epochs=1000, evaluate_train=False, experiment_name='experiment_linear_classifier_h_137_l_4_lr_0.0000_e_217_do_0.5', glove=False, gpu=True, hidden_size=137, imbalance=True, learning_rate=3e-05, lm_path=None, logs_dir='/scratch/asw462/logs/verb_classes/understood', max_pool=False, model='linear_classifier', num_layers=4, output_dir='/scratch/asw462/logs/verb_classes/outputs/understood', patience=20, preprocess_tokenizer='space', prints_per_stage=1, resume=True, resume_file=None, save_loc='/scratch/asw462/models/verb_classes/understood', seed=1111, should_not_log=False, should_not_lowercase=False, should_not_preprocess_data=False, stages_per_epoch=2, train_embeddings=False, train_evaluate_interval=10, vocab_file='/scratch/asw462/data/vocab_100k.tsv')
======== General =======
Model: linear_classifier
GPU: True
Experiment Name: experiment_linear_classifier_h_137_l_4_lr_0.0000_e_217_do_0.5
Save location: /scratch/asw462/models/verb_classes/understood
Logs dir: /scratch/asw462/logs/verb_classes/understood
Timestamp: 2018/08/01 20:49:51
 
======== Data =======
Training set: 296 examples
Validation set: 90 examples
Test set: 318 examples
 
======= Parameters =======
Learning Rate: 0.000030
Batch Size: 32
Epochs: 1000
Patience: 20
Stages per Epoch: 2
Embedding: 100004 x 217
Number of layers: 4
Hidden Size: 137
Encoder Size: 528
Resume: True
 
======= Model =======
LinearClassifierWithEncoder(
  (model): LinearClassifier(
    (dropout): Dropout(p=0.5)
    (enc2h): Linear(in_features=1056, out_features=137, bias=True)
    (h20): Linear(in_features=137, out_features=1, bias=True)
    (sigmoid): Sigmoid()
    (tanh): Tanh()
    (softmax): Softmax()
  )
  (encoder): LSTMPoolingClassifierWithELMo(
    (elmo): ELMOClassifier(
      (lm): LSTMLanguageModel(
        (dropout): Dropout(p=0.2)
        (embedding): Embedding(100003, 217)
        (lstm): LSTM(217, 891, num_layers=2, dropout=0.2)
        (fc): Linear(in_features=891, out_features=100003, bias=True)
      )
      (lstms): ModuleList(
        (0): LSTM(217, 891, batch_first=True)
        (1): LSTM(891, 891, batch_first=True)
      )
      (dropout): Dropout(p=0.2)
      (linear_comb): Linear(in_features=2, out_features=1, bias=True)
      (fc1): Linear(in_features=891, out_features=528, bias=True)
      (relu): ReLU()
      (out): Linear(in_features=528, out_features=1, bias=True)
      (sigmoid): Sigmoid()
    )
    (pooling_classifier): LSTMPoolingClassifier(
      (ih2h): LSTM(891, 528, num_layers=3, batch_first=True, dropout=0.2, bidirectional=True)
      (pool2o): Linear(in_features=1056, out_features=1, bias=True)
      (sigmoid): Sigmoid()
      (softmax): Softmax()
      (dropout): Dropout(p=0.2)
    )
  )
)
 
========= Epoch 1 =========
5/10: Matthews 0.36196, Accuracy: 65.55556, Loss: 0.098163690
10/10: Matthews 0.57907, Accuracy: 78.88889, Loss: 0.096288215
 
Best Matthews: 0.57907, Best Accuracy: 78.88889, Best Loss: 0.096288215 at epoch 1
Time Elasped: 00:00:08
========= Epoch 2 =========
5/10: Matthews 0.56980, Accuracy: 77.77778, Loss: 0.094880401
10/10: Matthews 0.47140, Accuracy: 72.22222, Loss: 0.093304443
 
Best Matthews: 0.57907, Best Accuracy: 78.88889, Best Loss: 0.096288215 at epoch 1
Time Elasped: 00:00:08
========= Epoch 3 =========
5/10: Matthews 0.47140, Accuracy: 72.22222, Loss: 0.091722510
10/10: Matthews 0.40202, Accuracy: 67.77778, Loss: 0.090230285
 
Best Matthews: 0.57907, Best Accuracy: 78.88889, Best Loss: 0.096288215 at epoch 1
Time Elasped: 00:00:09
========= Epoch 4 =========
5/10: Matthews 0.38211, Accuracy: 66.66667, Loss: 0.089284452
10/10: Matthews 0.38211, Accuracy: 66.66667, Loss: 0.088211653
 
Best Matthews: 0.57907, Best Accuracy: 78.88889, Best Loss: 0.096288215 at epoch 1
Time Elasped: 00:00:09
========= Epoch 5 =========
5/10: Matthews 0.38211, Accuracy: 66.66667, Loss: 0.087097528
10/10: Matthews 0.41367, Accuracy: 67.77778, Loss: 0.086065955
 
Best Matthews: 0.57907, Best Accuracy: 78.88889, Best Loss: 0.096288215 at epoch 1
Time Elasped: 00:00:10
========= Epoch 6 =========
5/10: Matthews 0.40202, Accuracy: 67.77778, Loss: 0.085148716
10/10: Matthews 0.42172, Accuracy: 68.88889, Loss: 0.084197733
 
Best Matthews: 0.57907, Best Accuracy: 78.88889, Best Loss: 0.096288215 at epoch 1
Time Elasped: 00:00:11
========= Epoch 7 =========
5/10: Matthews 0.44126, Accuracy: 70.00000, Loss: 0.083287578
10/10: Matthews 0.48002, Accuracy: 72.22222, Loss: 0.082344845
 
Best Matthews: 0.57907, Best Accuracy: 78.88889, Best Loss: 0.096288215 at epoch 1
Time Elasped: 00:00:11
========= Epoch 8 =========
5/10: Matthews 0.51854, Accuracy: 74.44444, Loss: 0.081458404
10/10: Matthews 0.51854, Accuracy: 74.44444, Loss: 0.080562894
 
Best Matthews: 0.57907, Best Accuracy: 78.88889, Best Loss: 0.096288215 at epoch 1
Time Elasped: 00:00:12
========= Epoch 9 =========
5/10: Matthews 0.51066, Accuracy: 74.44444, Loss: 0.079639053
10/10: Matthews 0.51066, Accuracy: 74.44444, Loss: 0.078796318
 
Best Matthews: 0.57907, Best Accuracy: 78.88889, Best Loss: 0.096288215 at epoch 1
Time Elasped: 00:00:12
========= Epoch 10 =========
5/10: Matthews 0.51066, Accuracy: 74.44444, Loss: 0.077949206
10/10: Matthews 0.51066, Accuracy: 74.44444, Loss: 0.077141031
 
Best Matthews: 0.57907, Best Accuracy: 78.88889, Best Loss: 0.096288215 at epoch 1
Time Elasped: 00:00:13
========= Epoch 11 =========
5/10: Matthews 0.51066, Accuracy: 74.44444, Loss: 0.076350774
10/10: Matthews 0.50418, Accuracy: 74.44444, Loss: 0.075715219
 
Best Matthews: 0.57907, Best Accuracy: 78.88889, Best Loss: 0.096288215 at epoch 1
Time Elasped: 00:00:13
========= Epoch 12 =========
5/10: Matthews 0.50418, Accuracy: 74.44444, Loss: 0.075152683
10/10: Matthews 0.48420, Accuracy: 73.33333, Loss: 0.074495501
 
Best Matthews: 0.57907, Best Accuracy: 78.88889, Best Loss: 0.096288215 at epoch 1
Time Elasped: 00:00:14
========= Epoch 13 =========
5/10: Matthews 0.52422, Accuracy: 75.55556, Loss: 0.073846642
10/10: Matthews 0.54433, Accuracy: 76.66667, Loss: 0.073325306
 
Best Matthews: 0.57907, Best Accuracy: 78.88889, Best Loss: 0.096288215 at epoch 1
Time Elasped: 00:00:14
========= Epoch 14 =========
5/10: Matthews 0.56455, Accuracy: 77.77778, Loss: 0.072720348
10/10: Matthews 0.56455, Accuracy: 77.77778, Loss: 0.072213321
 
Best Matthews: 0.57907, Best Accuracy: 78.88889, Best Loss: 0.096288215 at epoch 1
Time Elasped: 00:00:15
========= Epoch 15 =========
5/10: Matthews 0.60541, Accuracy: 80.00000, Loss: 0.071763070
10/10: Matthews 0.60541, Accuracy: 80.00000, Loss: 0.071296512
 
Best Matthews: 0.60541, Best Accuracy: 80.00000, Best Loss: 0.071763070 at epoch 15
Time Elasped: 00:00:17
========= Epoch 16 =========
5/10: Matthews 0.60541, Accuracy: 80.00000, Loss: 0.070858738
10/10: Matthews 0.60541, Accuracy: 80.00000, Loss: 0.070354668
 
Best Matthews: 0.60541, Best Accuracy: 80.00000, Best Loss: 0.071763070 at epoch 15
Time Elasped: 00:00:17
========= Epoch 17 =========
5/10: Matthews 0.56455, Accuracy: 77.77778, Loss: 0.069822555
10/10: Matthews 0.54433, Accuracy: 76.66667, Loss: 0.069375499
 
Best Matthews: 0.60541, Best Accuracy: 80.00000, Best Loss: 0.071763070 at epoch 15
Time Elasped: 00:00:18
========= Epoch 18 =========
5/10: Matthews 0.54433, Accuracy: 76.66667, Loss: 0.068770536
10/10: Matthews 0.58490, Accuracy: 78.88889, Loss: 0.068282286
 
Best Matthews: 0.60541, Best Accuracy: 80.00000, Best Loss: 0.071763070 at epoch 15
Time Elasped: 00:00:18
========= Epoch 19 =========
5/10: Matthews 0.58490, Accuracy: 78.88889, Loss: 0.067921427
10/10: Matthews 0.58490, Accuracy: 78.88889, Loss: 0.067530664
 
Best Matthews: 0.60541, Best Accuracy: 80.00000, Best Loss: 0.071763070 at epoch 15
Time Elasped: 00:00:19
========= Epoch 20 =========
5/10: Matthews 0.60541, Accuracy: 80.00000, Loss: 0.067104541
10/10: Matthews 0.60541, Accuracy: 80.00000, Loss: 0.066715521
 
Best Matthews: 0.60541, Best Accuracy: 80.00000, Best Loss: 0.071763070 at epoch 15
Time Elasped: 00:00:19
========= Epoch 21 =========
5/10: Matthews 0.60541, Accuracy: 80.00000, Loss: 0.066279713
10/10: Matthews 0.60541, Accuracy: 80.00000, Loss: 0.065866767
 
Best Matthews: 0.60541, Best Accuracy: 80.00000, Best Loss: 0.071763070 at epoch 15
Time Elasped: 00:00:20
========= Epoch 22 =========
5/10: Matthews 0.62610, Accuracy: 81.11111, Loss: 0.065503650
10/10: Matthews 0.68957, Accuracy: 84.44444, Loss: 0.065086752
 
Best Matthews: 0.68957, Best Accuracy: 84.44444, Best Loss: 0.065086752 at epoch 22
Time Elasped: 00:00:24
========= Epoch 23 =========
5/10: Matthews 0.73333, Accuracy: 86.66667, Loss: 0.064735625
10/10: Matthews 0.73333, Accuracy: 86.66667, Loss: 0.064387931
 
Best Matthews: 0.73333, Best Accuracy: 86.66667, Best Loss: 0.064735625 at epoch 23
Time Elasped: 00:00:25
========= Epoch 24 =========
5/10: Matthews 0.73333, Accuracy: 86.66667, Loss: 0.064062187
10/10: Matthews 0.73333, Accuracy: 86.66667, Loss: 0.063723008
 
Best Matthews: 0.73333, Best Accuracy: 86.66667, Best Loss: 0.064735625 at epoch 23
Time Elasped: 00:00:26
========= Epoch 25 =========
5/10: Matthews 0.73333, Accuracy: 86.66667, Loss: 0.063359017
10/10: Matthews 0.73333, Accuracy: 86.66667, Loss: 0.063085238
 
Best Matthews: 0.73333, Best Accuracy: 86.66667, Best Loss: 0.064735625 at epoch 23
Time Elasped: 00:00:27
========= Epoch 26 =========
5/10: Matthews 0.73333, Accuracy: 86.66667, Loss: 0.062797541
10/10: Matthews 0.73333, Accuracy: 86.66667, Loss: 0.062459077
 
Best Matthews: 0.73333, Best Accuracy: 86.66667, Best Loss: 0.064735625 at epoch 23
Time Elasped: 00:00:27
========= Epoch 27 =========
5/10: Matthews 0.80178, Accuracy: 90.00000, Loss: 0.062095197
10/10: Matthews 0.80178, Accuracy: 90.00000, Loss: 0.061695570
 
Best Matthews: 0.80178, Best Accuracy: 90.00000, Best Loss: 0.062095197 at epoch 27
Time Elasped: 00:00:29
========= Epoch 28 =========
5/10: Matthews 0.80178, Accuracy: 90.00000, Loss: 0.061335097
10/10: Matthews 0.73333, Accuracy: 86.66667, Loss: 0.061046860
 
Best Matthews: 0.80178, Best Accuracy: 90.00000, Best Loss: 0.062095197 at epoch 27
Time Elasped: 00:00:30
========= Epoch 29 =========
5/10: Matthews 0.73333, Accuracy: 86.66667, Loss: 0.060784992
10/10: Matthews 0.73333, Accuracy: 86.66667, Loss: 0.060459402
 
Best Matthews: 0.80178, Best Accuracy: 90.00000, Best Loss: 0.062095197 at epoch 27
Time Elasped: 00:00:30
========= Epoch 30 =========
5/10: Matthews 0.73333, Accuracy: 86.66667, Loss: 0.060086536
10/10: Matthews 0.73333, Accuracy: 86.66667, Loss: 0.059739653
 
Best Matthews: 0.80178, Best Accuracy: 90.00000, Best Loss: 0.062095197 at epoch 27
Time Elasped: 00:00:31
========= Epoch 31 =========
5/10: Matthews 0.73333, Accuracy: 86.66667, Loss: 0.059421560
10/10: Matthews 0.73333, Accuracy: 86.66667, Loss: 0.059147978
 
Best Matthews: 0.80178, Best Accuracy: 90.00000, Best Loss: 0.062095197 at epoch 27
Time Elasped: 00:00:31
========= Epoch 32 =========
5/10: Matthews 0.73333, Accuracy: 86.66667, Loss: 0.058876737
10/10: Matthews 0.73333, Accuracy: 86.66667, Loss: 0.058630731
 
Best Matthews: 0.80178, Best Accuracy: 90.00000, Best Loss: 0.062095197 at epoch 27
Time Elasped: 00:00:32
========= Epoch 33 =========
5/10: Matthews 0.80178, Accuracy: 90.00000, Loss: 0.058300802
10/10: Matthews 0.80178, Accuracy: 90.00000, Loss: 0.057996729
 
Best Matthews: 0.80178, Best Accuracy: 90.00000, Best Loss: 0.062095197 at epoch 27
Time Elasped: 00:00:32
========= Epoch 34 =========
5/10: Matthews 0.80178, Accuracy: 90.00000, Loss: 0.057665465
10/10: Matthews 0.80178, Accuracy: 90.00000, Loss: 0.057412222
 
Best Matthews: 0.80178, Best Accuracy: 90.00000, Best Loss: 0.062095197 at epoch 27
Time Elasped: 00:00:33
========= Epoch 35 =========
5/10: Matthews 0.80178, Accuracy: 90.00000, Loss: 0.057088624
10/10: Matthews 0.80178, Accuracy: 90.00000, Loss: 0.056826459
 
Best Matthews: 0.80178, Best Accuracy: 90.00000, Best Loss: 0.062095197 at epoch 27
Time Elasped: 00:00:33
========= Epoch 36 =========
5/10: Matthews 0.80178, Accuracy: 90.00000, Loss: 0.056532844
10/10: Matthews 0.80178, Accuracy: 90.00000, Loss: 0.056314744
 
Best Matthews: 0.80178, Best Accuracy: 90.00000, Best Loss: 0.062095197 at epoch 27
Time Elasped: 00:00:34
========= Epoch 37 =========
5/10: Matthews 0.82304, Accuracy: 91.11111, Loss: 0.055996381
10/10: Matthews 0.80178, Accuracy: 90.00000, Loss: 0.055740918
 
Best Matthews: 0.82304, Best Accuracy: 91.11111, Best Loss: 0.055996381 at epoch 37
Time Elasped: 00:00:36
========= Epoch 38 =========
5/10: Matthews 0.82304, Accuracy: 91.11111, Loss: 0.055578730
10/10: Matthews 0.82304, Accuracy: 91.11111, Loss: 0.055470859
 
Best Matthews: 0.82304, Best Accuracy: 91.11111, Best Loss: 0.055996381 at epoch 37
Time Elasped: 00:00:36
========= Epoch 39 =========
5/10: Matthews 0.82304, Accuracy: 91.11111, Loss: 0.055308416
10/10: Matthews 0.80178, Accuracy: 90.00000, Loss: 0.055199814
 
Best Matthews: 0.82304, Best Accuracy: 91.11111, Best Loss: 0.055996381 at epoch 37
Time Elasped: 00:00:37
========= Epoch 40 =========
5/10: Matthews 0.80178, Accuracy: 90.00000, Loss: 0.055221531
10/10: Matthews 0.80178, Accuracy: 90.00000, Loss: 0.055109331
 
Best Matthews: 0.82304, Best Accuracy: 91.11111, Best Loss: 0.055996381 at epoch 37
Time Elasped: 00:00:37
========= Epoch 41 =========
5/10: Matthews 0.80178, Accuracy: 90.00000, Loss: 0.054834207
10/10: Matthews 0.80178, Accuracy: 90.00000, Loss: 0.054600302
 
Best Matthews: 0.82304, Best Accuracy: 91.11111, Best Loss: 0.055996381 at epoch 37
Time Elasped: 00:00:38
========= Epoch 42 =========
5/10: Matthews 0.80178, Accuracy: 90.00000, Loss: 0.054361577
10/10: Matthews 0.80178, Accuracy: 90.00000, Loss: 0.054084025
 
Best Matthews: 0.82304, Best Accuracy: 91.11111, Best Loss: 0.055996381 at epoch 37
Time Elasped: 00:00:39
========= Epoch 43 =========
5/10: Matthews 0.80178, Accuracy: 90.00000, Loss: 0.053799725
10/10: Matthews 0.80178, Accuracy: 90.00000, Loss: 0.053570419
 
Best Matthews: 0.82304, Best Accuracy: 91.11111, Best Loss: 0.055996381 at epoch 37
Time Elasped: 00:00:39
========= Epoch 44 =========
5/10: Matthews 0.84465, Accuracy: 92.22222, Loss: 0.053328334
10/10: Matthews 0.84465, Accuracy: 92.22222, Loss: 0.053153610
 
Best Matthews: 0.84465, Best Accuracy: 92.22222, Best Loss: 0.053328334 at epoch 44
Time Elasped: 00:00:41
========= Epoch 45 =========
5/10: Matthews 0.84465, Accuracy: 92.22222, Loss: 0.053080082
10/10: Matthews 0.84465, Accuracy: 92.22222, Loss: 0.052945709
 
Best Matthews: 0.84465, Best Accuracy: 92.22222, Best Loss: 0.053328334 at epoch 44
Time Elasped: 00:00:42
========= Epoch 46 =========
5/10: Matthews 0.84465, Accuracy: 92.22222, Loss: 0.052804401
10/10: Matthews 0.84465, Accuracy: 92.22222, Loss: 0.052636698
 
Best Matthews: 0.84465, Best Accuracy: 92.22222, Best Loss: 0.053328334 at epoch 44
Time Elasped: 00:00:42
========= Epoch 47 =========
5/10: Matthews 0.84465, Accuracy: 92.22222, Loss: 0.052462843
10/10: Matthews 0.86752, Accuracy: 93.33333, Loss: 0.052251154
 
Best Matthews: 0.86752, Best Accuracy: 93.33333, Best Loss: 0.052251154 at epoch 47
Time Elasped: 00:00:44
========= Epoch 48 =========
5/10: Matthews 0.84465, Accuracy: 92.22222, Loss: 0.052089257
10/10: Matthews 0.86752, Accuracy: 93.33333, Loss: 0.051985322
 
Best Matthews: 0.86752, Best Accuracy: 93.33333, Best Loss: 0.052251154 at epoch 47
Time Elasped: 00:00:44
========= Epoch 49 =========
5/10: Matthews 0.86752, Accuracy: 93.33333, Loss: 0.052022537
10/10: Matthews 0.86752, Accuracy: 93.33333, Loss: 0.051946312
 
Best Matthews: 0.86752, Best Accuracy: 93.33333, Best Loss: 0.052251154 at epoch 47
Time Elasped: 00:00:45
========= Epoch 50 =========
5/10: Matthews 0.86752, Accuracy: 93.33333, Loss: 0.051839648
10/10: Matthews 0.86752, Accuracy: 93.33333, Loss: 0.051622709
 
Best Matthews: 0.86752, Best Accuracy: 93.33333, Best Loss: 0.052251154 at epoch 47
Time Elasped: 00:00:46
========= Epoch 51 =========
5/10: Matthews 0.86752, Accuracy: 93.33333, Loss: 0.051337078
10/10: Matthews 0.86752, Accuracy: 93.33333, Loss: 0.051092185
 
Best Matthews: 0.86752, Best Accuracy: 93.33333, Best Loss: 0.052251154 at epoch 47
Time Elasped: 00:00:46
========= Epoch 52 =========
5/10: Matthews 0.86752, Accuracy: 93.33333, Loss: 0.050869465
10/10: Matthews 0.86752, Accuracy: 93.33333, Loss: 0.050630363
 
Best Matthews: 0.86752, Best Accuracy: 93.33333, Best Loss: 0.052251154 at epoch 47
Time Elasped: 00:00:47
========= Epoch 53 =========
5/10: Matthews 0.88911, Accuracy: 94.44444, Loss: 0.050544924
10/10: Matthews 0.88911, Accuracy: 94.44444, Loss: 0.050409460
 
Best Matthews: 0.88911, Best Accuracy: 94.44444, Best Loss: 0.050544924 at epoch 53
Time Elasped: 00:00:49
========= Epoch 54 =========
5/10: Matthews 0.88911, Accuracy: 94.44444, Loss: 0.050166702
10/10: Matthews 0.88911, Accuracy: 94.44444, Loss: 0.049966065
 
Best Matthews: 0.88911, Best Accuracy: 94.44444, Best Loss: 0.050544924 at epoch 53
Time Elasped: 00:00:49
========= Epoch 55 =========
5/10: Matthews 0.88911, Accuracy: 94.44444, Loss: 0.049788782
10/10: Matthews 0.88911, Accuracy: 94.44444, Loss: 0.049600940
 
Best Matthews: 0.88911, Best Accuracy: 94.44444, Best Loss: 0.050544924 at epoch 53
Time Elasped: 00:00:50
========= Epoch 56 =========
5/10: Matthews 0.88911, Accuracy: 94.44444, Loss: 0.049361287
10/10: Matthews 0.88911, Accuracy: 94.44444, Loss: 0.049168438
 
Best Matthews: 0.88911, Best Accuracy: 94.44444, Best Loss: 0.050544924 at epoch 53
Time Elasped: 00:00:50
========= Epoch 57 =========
5/10: Matthews 0.88911, Accuracy: 94.44444, Loss: 0.049024057
10/10: Matthews 0.88911, Accuracy: 94.44444, Loss: 0.048800988
 
Best Matthews: 0.88911, Best Accuracy: 94.44444, Best Loss: 0.050544924 at epoch 53
Time Elasped: 00:00:51
========= Epoch 58 =========
5/10: Matthews 0.88911, Accuracy: 94.44444, Loss: 0.048437044
10/10: Matthews 0.88911, Accuracy: 94.44444, Loss: 0.048153347
 
Best Matthews: 0.88911, Best Accuracy: 94.44444, Best Loss: 0.050544924 at epoch 53
Time Elasped: 00:00:51
========= Epoch 59 =========
5/10: Matthews 0.88911, Accuracy: 94.44444, Loss: 0.047875203
10/10: Matthews 0.88911, Accuracy: 94.44444, Loss: 0.047695923
 
Best Matthews: 0.88911, Best Accuracy: 94.44444, Best Loss: 0.050544924 at epoch 53
Time Elasped: 00:00:52
========= Epoch 60 =========
5/10: Matthews 0.88911, Accuracy: 94.44444, Loss: 0.047606828
10/10: Matthews 0.88911, Accuracy: 94.44444, Loss: 0.047482448
 
Best Matthews: 0.88911, Best Accuracy: 94.44444, Best Loss: 0.050544924 at epoch 53
Time Elasped: 00:00:52
========= Epoch 61 =========
5/10: Matthews 0.88911, Accuracy: 94.44444, Loss: 0.047318215
10/10: Matthews 0.88911, Accuracy: 94.44444, Loss: 0.047129345
 
Best Matthews: 0.88911, Best Accuracy: 94.44444, Best Loss: 0.050544924 at epoch 53
Time Elasped: 00:00:53
========= Epoch 62 =========
5/10: Matthews 0.88911, Accuracy: 94.44444, Loss: 0.047061247
10/10: Matthews 0.88911, Accuracy: 94.44444, Loss: 0.046947119
 
Best Matthews: 0.88911, Best Accuracy: 94.44444, Best Loss: 0.050544924 at epoch 53
Time Elasped: 00:00:53
========= Epoch 63 =========
5/10: Matthews 0.88911, Accuracy: 94.44444, Loss: 0.046854332
10/10: Matthews 0.88911, Accuracy: 94.44444, Loss: 0.046675221
 
Best Matthews: 0.88911, Best Accuracy: 94.44444, Best Loss: 0.050544924 at epoch 53
Time Elasped: 00:00:54
========= Epoch 64 =========
5/10: Matthews 0.88911, Accuracy: 94.44444, Loss: 0.046523836
10/10: Matthews 0.88911, Accuracy: 94.44444, Loss: 0.046405029
 
Best Matthews: 0.88911, Best Accuracy: 94.44444, Best Loss: 0.050544924 at epoch 53
Time Elasped: 00:00:54
========= Epoch 65 =========
5/10: Matthews 0.88911, Accuracy: 94.44444, Loss: 0.046277846
10/10: Matthews 0.88911, Accuracy: 94.44444, Loss: 0.046159463
 
Best Matthews: 0.88911, Best Accuracy: 94.44444, Best Loss: 0.050544924 at epoch 53
Time Elasped: 00:00:55
========= Epoch 66 =========
5/10: Matthews 0.88911, Accuracy: 94.44444, Loss: 0.046063985
10/10: Matthews 0.88911, Accuracy: 94.44444, Loss: 0.045868291
 
Best Matthews: 0.88911, Best Accuracy: 94.44444, Best Loss: 0.050544924 at epoch 53
Time Elasped: 00:00:55
========= Epoch 67 =========
5/10: Matthews 0.88911, Accuracy: 94.44444, Loss: 0.045690494
10/10: Matthews 0.88911, Accuracy: 94.44444, Loss: 0.045491468
 
Best Matthews: 0.88911, Best Accuracy: 94.44444, Best Loss: 0.050544924 at epoch 53
Time Elasped: 00:00:56
========= Epoch 68 =========
5/10: Matthews 0.88911, Accuracy: 94.44444, Loss: 0.045320177
10/10: Matthews 0.88911, Accuracy: 94.44444, Loss: 0.045147387
 
Best Matthews: 0.88911, Best Accuracy: 94.44444, Best Loss: 0.050544924 at epoch 53
Time Elasped: 00:00:57
========= Epoch 69 =========
5/10: Matthews 0.88911, Accuracy: 94.44444, Loss: 0.045007261
10/10: Matthews 0.88911, Accuracy: 94.44444, Loss: 0.044822894
 
Best Matthews: 0.88911, Best Accuracy: 94.44444, Best Loss: 0.050544924 at epoch 53
Time Elasped: 00:00:57
========= Epoch 70 =========
5/10: Matthews 0.88911, Accuracy: 94.44444, Loss: 0.044628419
10/10: Matthews 0.88911, Accuracy: 94.44444, Loss: 0.044496716
 
Best Matthews: 0.88911, Best Accuracy: 94.44444, Best Loss: 0.050544924 at epoch 53
Time Elasped: 00:00:58
========= Epoch 71 =========
5/10: Matthews 0.88911, Accuracy: 94.44444, Loss: 0.044459507
10/10: Matthews 0.88911, Accuracy: 94.44444, Loss: 0.044403572
 
Best Matthews: 0.88911, Best Accuracy: 94.44444, Best Loss: 0.050544924 at epoch 53
Time Elasped: 00:00:58
========= Epoch 72 =========
5/10: Matthews 0.88911, Accuracy: 94.44444, Loss: 0.044250096
10/10: Matthews 0.88911, Accuracy: 94.44444, Loss: 0.044088448
 
Best Matthews: 0.88911, Best Accuracy: 94.44444, Best Loss: 0.050544924 at epoch 53
Time Elasped: 00:00:59
========= Epoch 73 =========
5/10: Matthews 0.88911, Accuracy: 94.44444, Loss: 0.043876735
10/10: Matthews 0.88911, Accuracy: 94.44444, Loss: 0.043681865
 
Best Matthews: 0.88911, Best Accuracy: 94.44444, Best Loss: 0.050544924 at epoch 53
Time Elasped: 00:00:59
========= Epoch 74 =========
Early Stopping activated
 
Best Matthews: 0.88911, Best Accuracy: 94.44444, Best Loss: 0.050544924 at epoch 53
Time Elasped: 00:01:01
Test Set:
0/0: Matthews 0.74117, Accuracy: 87.10692, Loss: 0.016714606
