Namespace(batch_size=32, buffer_size=1, by_source=False, crop_pad_length=30, data='./acceptability_corpus/verb_classes/understood', data_type='discriminator', dropout=0.2, embedding='glove.6B.300d', embedding_path='/scratch/asw462/models/elmo_encoder/elmo.emb', embedding_size=217, encoder_num_layers=2, encoder_path='/scratch/asw462/models/elmo_encoder/elmo.pth', encoding_size=528, encoding_type='lstm_pooling_classifier', epochs=1000, evaluate_train=False, experiment_name='experiment_linear_classifier_h_124_l_1_lr_0.0000_e_217_do_0.2', glove=False, gpu=True, hidden_size=124, imbalance=True, learning_rate=2e-05, lm_path=None, logs_dir='/scratch/asw462/logs/verb_classes/understood', max_pool=False, model='linear_classifier', num_layers=1, output_dir='/scratch/asw462/logs/verb_classes/outputs/understood', patience=20, preprocess_tokenizer='space', prints_per_stage=1, resume=True, resume_file=None, save_loc='/scratch/asw462/models/verb_classes/understood', seed=1111, should_not_log=False, should_not_lowercase=False, should_not_preprocess_data=False, stages_per_epoch=2, train_embeddings=False, train_evaluate_interval=10, vocab_file='/scratch/asw462/data/vocab_100k.tsv')
======== General =======
Model: linear_classifier
GPU: True
Experiment Name: experiment_linear_classifier_h_124_l_1_lr_0.0000_e_217_do_0.2
Save location: /scratch/asw462/models/verb_classes/understood
Logs dir: /scratch/asw462/logs/verb_classes/understood
Timestamp: 2018/08/01 19:46:51
 
======== Data =======
Training set: 296 examples
Validation set: 90 examples
Test set: 318 examples
 
======= Parameters =======
Learning Rate: 0.000020
Batch Size: 32
Epochs: 1000
Patience: 20
Stages per Epoch: 2
Embedding: 100004 x 217
Number of layers: 1
Hidden Size: 124
Encoder Size: 528
Resume: True
 
======= Model =======
LinearClassifierWithEncoder(
  (model): LinearClassifier(
    (dropout): Dropout(p=0.2)
    (enc2h): Linear(in_features=1056, out_features=124, bias=True)
    (h20): Linear(in_features=124, out_features=1, bias=True)
    (sigmoid): Sigmoid()
    (tanh): Tanh()
    (softmax): Softmax()
  )
  (encoder): LSTMPoolingClassifierWithELMo(
    (elmo): ELMOClassifier(
      (lm): LSTMLanguageModel(
        (dropout): Dropout(p=0.2)
        (embedding): Embedding(100003, 217)
        (lstm): LSTM(217, 891, num_layers=2, dropout=0.2)
        (fc): Linear(in_features=891, out_features=100003, bias=True)
      )
      (lstms): ModuleList(
        (0): LSTM(217, 891, batch_first=True)
        (1): LSTM(891, 891, batch_first=True)
      )
      (dropout): Dropout(p=0.2)
      (linear_comb): Linear(in_features=2, out_features=1, bias=True)
      (fc1): Linear(in_features=891, out_features=528, bias=True)
      (relu): ReLU()
      (out): Linear(in_features=528, out_features=1, bias=True)
      (sigmoid): Sigmoid()
    )
    (pooling_classifier): LSTMPoolingClassifier(
      (ih2h): LSTM(891, 528, num_layers=3, batch_first=True, dropout=0.2, bidirectional=True)
      (pool2o): Linear(in_features=1056, out_features=1, bias=True)
      (sigmoid): Sigmoid()
      (softmax): Softmax()
      (dropout): Dropout(p=0.2)
    )
  )
)
 
========= Epoch 1 =========
5/10: Matthews -0.24542, Accuracy: 37.77778, Loss: 0.103634177
10/10: Matthews -0.08516, Accuracy: 46.66667, Loss: 0.101953973
 
Best Matthews: 0.00000, Best Accuracy: 0.00000, Best Loss: inf at epoch 0
Time Elasped: 00:00:05
========= Epoch 2 =========
5/10: Matthews 0.18394, Accuracy: 56.66667, Loss: 0.100439156
10/10: Matthews 0.16961, Accuracy: 55.55556, Loss: 0.099135102
 
Best Matthews: 0.18394, Best Accuracy: 56.66667, Best Loss: 0.100439156 at epoch 2
Time Elasped: 00:00:07
========= Epoch 3 =========
5/10: Matthews 0.21213, Accuracy: 56.66667, Loss: 0.097884040
10/10: Matthews 0.23746, Accuracy: 57.77778, Loss: 0.096724701
 
Best Matthews: 0.23746, Best Accuracy: 57.77778, Best Loss: 0.096724701 at epoch 3
Time Elasped: 00:00:11
========= Epoch 4 =========
5/10: Matthews 0.18519, Accuracy: 55.55556, Loss: 0.095697202
10/10: Matthews 0.23426, Accuracy: 56.66667, Loss: 0.094672055
 
Best Matthews: 0.23746, Best Accuracy: 57.77778, Best Loss: 0.096724701 at epoch 3
Time Elasped: 00:00:11
========= Epoch 5 =========
5/10: Matthews 0.28284, Accuracy: 58.88889, Loss: 0.093605116
10/10: Matthews 0.28284, Accuracy: 58.88889, Loss: 0.092590597
 
Best Matthews: 0.28284, Best Accuracy: 58.88889, Best Loss: 0.093605116 at epoch 5
Time Elasped: 00:00:13
========= Epoch 6 =========
5/10: Matthews 0.30530, Accuracy: 60.00000, Loss: 0.091697290
10/10: Matthews 0.30530, Accuracy: 60.00000, Loss: 0.090833177
 
Best Matthews: 0.30530, Best Accuracy: 60.00000, Best Loss: 0.091697290 at epoch 6
Time Elasped: 00:00:15
========= Epoch 7 =========
5/10: Matthews 0.30530, Accuracy: 60.00000, Loss: 0.089857165
10/10: Matthews 0.30530, Accuracy: 60.00000, Loss: 0.089015664
 
Best Matthews: 0.30530, Best Accuracy: 60.00000, Best Loss: 0.091697290 at epoch 6
Time Elasped: 00:00:16
========= Epoch 8 =========
5/10: Matthews 0.32686, Accuracy: 61.11111, Loss: 0.088215245
10/10: Matthews 0.36788, Accuracy: 63.33333, Loss: 0.087399011
 
Best Matthews: 0.36788, Best Accuracy: 63.33333, Best Loss: 0.087399011 at epoch 8
Time Elasped: 00:00:19
========= Epoch 9 =========
5/10: Matthews 0.34874, Accuracy: 63.33333, Loss: 0.086628146
10/10: Matthews 0.38889, Accuracy: 65.55556, Loss: 0.085917907
 
Best Matthews: 0.38889, Best Accuracy: 65.55556, Best Loss: 0.085917907 at epoch 9
Time Elasped: 00:00:21
========= Epoch 10 =========
5/10: Matthews 0.38889, Accuracy: 65.55556, Loss: 0.085189443
10/10: Matthews 0.42762, Accuracy: 67.77778, Loss: 0.084559006
 
Best Matthews: 0.42762, Best Accuracy: 67.77778, Best Loss: 0.084559006 at epoch 10
Time Elasped: 00:00:23
========= Epoch 11 =========
5/10: Matthews 0.42762, Accuracy: 67.77778, Loss: 0.084000222
10/10: Matthews 0.42762, Accuracy: 67.77778, Loss: 0.083335823
 
Best Matthews: 0.42762, Best Accuracy: 67.77778, Best Loss: 0.084559006 at epoch 10
Time Elasped: 00:00:23
========= Epoch 12 =========
5/10: Matthews 0.42762, Accuracy: 67.77778, Loss: 0.082549556
10/10: Matthews 0.42762, Accuracy: 67.77778, Loss: 0.081846073
 
Best Matthews: 0.42762, Best Accuracy: 67.77778, Best Loss: 0.084559006 at epoch 10
Time Elasped: 00:00:24
========= Epoch 13 =========
5/10: Matthews 0.42762, Accuracy: 67.77778, Loss: 0.081368611
10/10: Matthews 0.43306, Accuracy: 68.88889, Loss: 0.080781523
 
Best Matthews: 0.43306, Best Accuracy: 68.88889, Best Loss: 0.080781523 at epoch 13
Time Elasped: 00:00:27
========= Epoch 14 =========
5/10: Matthews 0.44126, Accuracy: 70.00000, Loss: 0.080136924
10/10: Matthews 0.44126, Accuracy: 70.00000, Loss: 0.079617018
 
Best Matthews: 0.44126, Best Accuracy: 70.00000, Best Loss: 0.080136924 at epoch 14
Time Elasped: 00:00:29
========= Epoch 15 =========
5/10: Matthews 0.43201, Accuracy: 70.00000, Loss: 0.079187732
10/10: Matthews 0.43201, Accuracy: 70.00000, Loss: 0.078714053
 
Best Matthews: 0.44126, Best Accuracy: 70.00000, Best Loss: 0.080136924 at epoch 14
Time Elasped: 00:00:29
========= Epoch 16 =========
5/10: Matthews 0.43201, Accuracy: 70.00000, Loss: 0.078211350
10/10: Matthews 0.43201, Accuracy: 70.00000, Loss: 0.077680736
 
Best Matthews: 0.44126, Best Accuracy: 70.00000, Best Loss: 0.080136924 at epoch 14
Time Elasped: 00:00:30
========= Epoch 17 =========
5/10: Matthews 0.43201, Accuracy: 70.00000, Loss: 0.077279764
10/10: Matthews 0.43201, Accuracy: 70.00000, Loss: 0.076876852
 
Best Matthews: 0.44126, Best Accuracy: 70.00000, Best Loss: 0.080136924 at epoch 14
Time Elasped: 00:00:30
========= Epoch 18 =========
5/10: Matthews 0.43201, Accuracy: 70.00000, Loss: 0.076445844
10/10: Matthews 0.43201, Accuracy: 70.00000, Loss: 0.076045773
 
Best Matthews: 0.44126, Best Accuracy: 70.00000, Best Loss: 0.080136924 at epoch 14
Time Elasped: 00:00:31
========= Epoch 19 =========
5/10: Matthews 0.49103, Accuracy: 73.33333, Loss: 0.075467873
10/10: Matthews 0.51066, Accuracy: 74.44444, Loss: 0.074983093
 
Best Matthews: 0.51066, Best Accuracy: 74.44444, Best Loss: 0.074983093 at epoch 19
Time Elasped: 00:00:34
========= Epoch 20 =========
5/10: Matthews 0.51066, Accuracy: 74.44444, Loss: 0.074696604
10/10: Matthews 0.51066, Accuracy: 74.44444, Loss: 0.074375290
 
Best Matthews: 0.51066, Best Accuracy: 74.44444, Best Loss: 0.074983093 at epoch 19
Time Elasped: 00:00:35
========= Epoch 21 =========
5/10: Matthews 0.51066, Accuracy: 74.44444, Loss: 0.073971536
10/10: Matthews 0.51066, Accuracy: 74.44444, Loss: 0.073588223
 
Best Matthews: 0.51066, Best Accuracy: 74.44444, Best Loss: 0.074983093 at epoch 19
Time Elasped: 00:00:35
========= Epoch 22 =========
5/10: Matthews 0.53031, Accuracy: 75.55556, Loss: 0.073356554
10/10: Matthews 0.53031, Accuracy: 75.55556, Loss: 0.073031383
 
Best Matthews: 0.53031, Best Accuracy: 75.55556, Best Loss: 0.073356554 at epoch 22
Time Elasped: 00:00:38
========= Epoch 23 =========
5/10: Matthews 0.55002, Accuracy: 76.66667, Loss: 0.072638946
10/10: Matthews 0.60971, Accuracy: 80.00000, Loss: 0.072239674
 
Best Matthews: 0.60971, Best Accuracy: 80.00000, Best Loss: 0.072239674 at epoch 23
Time Elasped: 00:00:41
========= Epoch 24 =========
5/10: Matthews 0.60971, Accuracy: 80.00000, Loss: 0.071804259
10/10: Matthews 0.60971, Accuracy: 80.00000, Loss: 0.071437126
 
Best Matthews: 0.60971, Best Accuracy: 80.00000, Best Loss: 0.072239674 at epoch 23
Time Elasped: 00:00:42
========= Epoch 25 =========
5/10: Matthews 0.60971, Accuracy: 80.00000, Loss: 0.071079826
10/10: Matthews 0.60971, Accuracy: 80.00000, Loss: 0.070753998
 
Best Matthews: 0.60971, Best Accuracy: 80.00000, Best Loss: 0.072239674 at epoch 23
Time Elasped: 00:00:42
========= Epoch 26 =========
5/10: Matthews 0.60971, Accuracy: 80.00000, Loss: 0.070408816
10/10: Matthews 0.60971, Accuracy: 80.00000, Loss: 0.070050743
 
Best Matthews: 0.60971, Best Accuracy: 80.00000, Best Loss: 0.072239674 at epoch 23
Time Elasped: 00:00:43
========= Epoch 27 =========
5/10: Matthews 0.60971, Accuracy: 80.00000, Loss: 0.069712872
10/10: Matthews 0.60971, Accuracy: 80.00000, Loss: 0.069438574
 
Best Matthews: 0.60971, Best Accuracy: 80.00000, Best Loss: 0.072239674 at epoch 23
Time Elasped: 00:00:43
========= Epoch 28 =========
5/10: Matthews 0.60971, Accuracy: 80.00000, Loss: 0.069172944
10/10: Matthews 0.60971, Accuracy: 80.00000, Loss: 0.068894254
 
Best Matthews: 0.60971, Best Accuracy: 80.00000, Best Loss: 0.072239674 at epoch 23
Time Elasped: 00:00:44
========= Epoch 29 =========
5/10: Matthews 0.60971, Accuracy: 80.00000, Loss: 0.068571705
10/10: Matthews 0.60971, Accuracy: 80.00000, Loss: 0.068299760
 
Best Matthews: 0.60971, Best Accuracy: 80.00000, Best Loss: 0.072239674 at epoch 23
Time Elasped: 00:00:44
========= Epoch 30 =========
5/10: Matthews 0.65025, Accuracy: 82.22222, Loss: 0.068087191
10/10: Matthews 0.65025, Accuracy: 82.22222, Loss: 0.067778704
 
Best Matthews: 0.65025, Best Accuracy: 82.22222, Best Loss: 0.068087191 at epoch 30
Time Elasped: 00:00:46
========= Epoch 31 =========
5/10: Matthews 0.65025, Accuracy: 82.22222, Loss: 0.067517424
10/10: Matthews 0.65025, Accuracy: 82.22222, Loss: 0.067251094
 
Best Matthews: 0.65025, Best Accuracy: 82.22222, Best Loss: 0.068087191 at epoch 30
Time Elasped: 00:00:47
========= Epoch 32 =========
5/10: Matthews 0.65025, Accuracy: 82.22222, Loss: 0.066932832
10/10: Matthews 0.65025, Accuracy: 82.22222, Loss: 0.066683340
 
Best Matthews: 0.65025, Best Accuracy: 82.22222, Best Loss: 0.068087191 at epoch 30
Time Elasped: 00:00:47
========= Epoch 33 =========
5/10: Matthews 0.65025, Accuracy: 82.22222, Loss: 0.066479884
10/10: Matthews 0.67082, Accuracy: 83.33333, Loss: 0.066237492
 
Best Matthews: 0.67082, Best Accuracy: 83.33333, Best Loss: 0.066237492 at epoch 33
Time Elasped: 00:00:49
========= Epoch 34 =========
5/10: Matthews 0.67082, Accuracy: 83.33333, Loss: 0.066033904
10/10: Matthews 0.69163, Accuracy: 84.44444, Loss: 0.065764968
 
Best Matthews: 0.69163, Best Accuracy: 84.44444, Best Loss: 0.065764968 at epoch 34
Time Elasped: 00:00:51
========= Epoch 35 =========
5/10: Matthews 0.69163, Accuracy: 84.44444, Loss: 0.065499597
10/10: Matthews 0.69510, Accuracy: 84.44444, Loss: 0.065199396
 
Best Matthews: 0.69510, Best Accuracy: 84.44444, Best Loss: 0.065199396 at epoch 35
Time Elasped: 00:00:53
========= Epoch 36 =========
5/10: Matthews 0.69510, Accuracy: 84.44444, Loss: 0.064937539
10/10: Matthews 0.69510, Accuracy: 84.44444, Loss: 0.064675623
 
Best Matthews: 0.69510, Best Accuracy: 84.44444, Best Loss: 0.065199396 at epoch 35
Time Elasped: 00:00:54
========= Epoch 37 =========
5/10: Matthews 0.67488, Accuracy: 83.33333, Loss: 0.064418109
10/10: Matthews 0.67488, Accuracy: 83.33333, Loss: 0.064148818
 
Best Matthews: 0.69510, Best Accuracy: 84.44444, Best Loss: 0.065199396 at epoch 35
Time Elasped: 00:00:54
========= Epoch 38 =========
5/10: Matthews 0.69510, Accuracy: 84.44444, Loss: 0.063879082
10/10: Matthews 0.71554, Accuracy: 85.55556, Loss: 0.063581986
 
Best Matthews: 0.71554, Best Accuracy: 85.55556, Best Loss: 0.063581986 at epoch 38
Time Elasped: 00:00:57
========= Epoch 39 =========
5/10: Matthews 0.71554, Accuracy: 85.55556, Loss: 0.063335286
10/10: Matthews 0.71554, Accuracy: 85.55556, Loss: 0.063078600
 
Best Matthews: 0.71554, Best Accuracy: 85.55556, Best Loss: 0.063581986 at epoch 38
Time Elasped: 00:00:57
========= Epoch 40 =========
5/10: Matthews 0.71554, Accuracy: 85.55556, Loss: 0.062820005
10/10: Matthews 0.71554, Accuracy: 85.55556, Loss: 0.062560368
 
Best Matthews: 0.71554, Best Accuracy: 85.55556, Best Loss: 0.063581986 at epoch 38
Time Elasped: 00:00:58
========= Epoch 41 =========
5/10: Matthews 0.73625, Accuracy: 86.66667, Loss: 0.062312190
10/10: Matthews 0.73625, Accuracy: 86.66667, Loss: 0.062030125
 
Best Matthews: 0.73625, Best Accuracy: 86.66667, Best Loss: 0.062312190 at epoch 41
Time Elasped: 00:01:00
========= Epoch 42 =========
5/10: Matthews 0.80020, Accuracy: 90.00000, Loss: 0.061736573
10/10: Matthews 0.80020, Accuracy: 90.00000, Loss: 0.061474048
 
Best Matthews: 0.80020, Best Accuracy: 90.00000, Best Loss: 0.061736573 at epoch 42
Time Elasped: 00:01:02
========= Epoch 43 =========
5/10: Matthews 0.73625, Accuracy: 86.66667, Loss: 0.061254099
10/10: Matthews 0.73625, Accuracy: 86.66667, Loss: 0.061029402
 
Best Matthews: 0.80020, Best Accuracy: 90.00000, Best Loss: 0.061736573 at epoch 42
Time Elasped: 00:01:02
========= Epoch 44 =========
5/10: Matthews 0.73625, Accuracy: 86.66667, Loss: 0.060956505
10/10: Matthews 0.73625, Accuracy: 86.66667, Loss: 0.060832564
 
Best Matthews: 0.80020, Best Accuracy: 90.00000, Best Loss: 0.061736573 at epoch 42
Time Elasped: 00:01:03
========= Epoch 45 =========
5/10: Matthews 0.73625, Accuracy: 86.66667, Loss: 0.060756116
10/10: Matthews 0.73625, Accuracy: 86.66667, Loss: 0.060596291
 
Best Matthews: 0.80020, Best Accuracy: 90.00000, Best Loss: 0.061736573 at epoch 42
Time Elasped: 00:01:03
========= Epoch 46 =========
5/10: Matthews 0.82222, Accuracy: 91.11111, Loss: 0.060522917
10/10: Matthews 0.82222, Accuracy: 91.11111, Loss: 0.060394579
 
Best Matthews: 0.82222, Best Accuracy: 91.11111, Best Loss: 0.060522917 at epoch 46
Time Elasped: 00:01:05
========= Epoch 47 =========
5/10: Matthews 0.84465, Accuracy: 92.22222, Loss: 0.060295508
10/10: Matthews 0.84465, Accuracy: 92.22222, Loss: 0.060081217
 
Best Matthews: 0.84465, Best Accuracy: 92.22222, Best Loss: 0.060295508 at epoch 47
Time Elasped: 00:01:07
========= Epoch 48 =========
5/10: Matthews 0.84465, Accuracy: 92.22222, Loss: 0.059773435
10/10: Matthews 0.78087, Accuracy: 88.88889, Loss: 0.059488911
 
Best Matthews: 0.84465, Best Accuracy: 92.22222, Best Loss: 0.060295508 at epoch 47
Time Elasped: 00:01:08
========= Epoch 49 =========
5/10: Matthews 0.84465, Accuracy: 92.22222, Loss: 0.059201045
10/10: Matthews 0.84465, Accuracy: 92.22222, Loss: 0.059008328
 
Best Matthews: 0.84465, Best Accuracy: 92.22222, Best Loss: 0.060295508 at epoch 47
Time Elasped: 00:01:08
========= Epoch 50 =========
5/10: Matthews 0.84465, Accuracy: 92.22222, Loss: 0.058840217
10/10: Matthews 0.84465, Accuracy: 92.22222, Loss: 0.058606286
 
Best Matthews: 0.84465, Best Accuracy: 92.22222, Best Loss: 0.060295508 at epoch 47
Time Elasped: 00:01:09
========= Epoch 51 =========
5/10: Matthews 0.82222, Accuracy: 91.11111, Loss: 0.058324316
10/10: Matthews 0.82222, Accuracy: 91.11111, Loss: 0.058130762
 
Best Matthews: 0.84465, Best Accuracy: 92.22222, Best Loss: 0.060295508 at epoch 47
Time Elasped: 00:01:09
========= Epoch 52 =========
5/10: Matthews 0.84465, Accuracy: 92.22222, Loss: 0.057961803
10/10: Matthews 0.84465, Accuracy: 92.22222, Loss: 0.057753383
 
Best Matthews: 0.84465, Best Accuracy: 92.22222, Best Loss: 0.060295508 at epoch 47
Time Elasped: 00:01:10
========= Epoch 53 =========
5/10: Matthews 0.84465, Accuracy: 92.22222, Loss: 0.057519097
10/10: Matthews 0.86667, Accuracy: 93.33333, Loss: 0.057282050
 
Best Matthews: 0.86667, Best Accuracy: 93.33333, Best Loss: 0.057282050 at epoch 53
Time Elasped: 00:01:12
========= Epoch 54 =========
5/10: Matthews 0.86667, Accuracy: 93.33333, Loss: 0.057073927
10/10: Matthews 0.84465, Accuracy: 92.22222, Loss: 0.056852298
 
Best Matthews: 0.86667, Best Accuracy: 93.33333, Best Loss: 0.057282050 at epoch 53
Time Elasped: 00:01:13
========= Epoch 55 =========
5/10: Matthews 0.84465, Accuracy: 92.22222, Loss: 0.056602605
10/10: Matthews 0.84465, Accuracy: 92.22222, Loss: 0.056382317
 
Best Matthews: 0.86667, Best Accuracy: 93.33333, Best Loss: 0.057282050 at epoch 53
Time Elasped: 00:01:13
========= Epoch 56 =========
5/10: Matthews 0.84465, Accuracy: 92.22222, Loss: 0.056169552
10/10: Matthews 0.84465, Accuracy: 92.22222, Loss: 0.055987337
 
Best Matthews: 0.86667, Best Accuracy: 93.33333, Best Loss: 0.057282050 at epoch 53
Time Elasped: 00:01:14
========= Epoch 57 =========
5/10: Matthews 0.84465, Accuracy: 92.22222, Loss: 0.055887969
10/10: Matthews 0.84465, Accuracy: 92.22222, Loss: 0.055774493
 
Best Matthews: 0.86667, Best Accuracy: 93.33333, Best Loss: 0.057282050 at epoch 53
Time Elasped: 00:01:14
========= Epoch 58 =========
5/10: Matthews 0.84465, Accuracy: 92.22222, Loss: 0.055581019
10/10: Matthews 0.84465, Accuracy: 92.22222, Loss: 0.055397103
 
Best Matthews: 0.86667, Best Accuracy: 93.33333, Best Loss: 0.057282050 at epoch 53
Time Elasped: 00:01:15
========= Epoch 59 =========
5/10: Matthews 0.84465, Accuracy: 92.22222, Loss: 0.055231253
10/10: Matthews 0.84465, Accuracy: 92.22222, Loss: 0.055044238
 
Best Matthews: 0.86667, Best Accuracy: 93.33333, Best Loss: 0.057282050 at epoch 53
Time Elasped: 00:01:15
========= Epoch 60 =========
5/10: Matthews 0.84465, Accuracy: 92.22222, Loss: 0.054877292
10/10: Matthews 0.86667, Accuracy: 93.33333, Loss: 0.054679076
 
Best Matthews: 0.86667, Best Accuracy: 93.33333, Best Loss: 0.057282050 at epoch 53
Time Elasped: 00:01:16
========= Epoch 61 =========
5/10: Matthews 0.86667, Accuracy: 93.33333, Loss: 0.054462624
10/10: Matthews 0.86667, Accuracy: 93.33333, Loss: 0.054284011
 
Best Matthews: 0.86667, Best Accuracy: 93.33333, Best Loss: 0.057282050 at epoch 53
Time Elasped: 00:01:16
========= Epoch 62 =========
5/10: Matthews 0.86667, Accuracy: 93.33333, Loss: 0.054083819
10/10: Matthews 0.86667, Accuracy: 93.33333, Loss: 0.053940688
 
Best Matthews: 0.86667, Best Accuracy: 93.33333, Best Loss: 0.057282050 at epoch 53
Time Elasped: 00:01:17
========= Epoch 63 =========
5/10: Matthews 0.86667, Accuracy: 93.33333, Loss: 0.053756576
10/10: Matthews 0.86667, Accuracy: 93.33333, Loss: 0.053544633
 
Best Matthews: 0.86667, Best Accuracy: 93.33333, Best Loss: 0.057282050 at epoch 53
Time Elasped: 00:01:17
========= Epoch 64 =========
5/10: Matthews 0.86667, Accuracy: 93.33333, Loss: 0.053319539
10/10: Matthews 0.86667, Accuracy: 93.33333, Loss: 0.053201442
 
Best Matthews: 0.86667, Best Accuracy: 93.33333, Best Loss: 0.057282050 at epoch 53
Time Elasped: 00:01:18
========= Epoch 65 =========
5/10: Matthews 0.86667, Accuracy: 93.33333, Loss: 0.053050677
10/10: Matthews 0.86667, Accuracy: 93.33333, Loss: 0.052921454
 
Best Matthews: 0.86667, Best Accuracy: 93.33333, Best Loss: 0.057282050 at epoch 53
Time Elasped: 00:01:18
========= Epoch 66 =========
5/10: Matthews 0.86667, Accuracy: 93.33333, Loss: 0.052688313
10/10: Matthews 0.86667, Accuracy: 93.33333, Loss: 0.052481524
 
Best Matthews: 0.86667, Best Accuracy: 93.33333, Best Loss: 0.057282050 at epoch 53
Time Elasped: 00:01:19
========= Epoch 67 =========
5/10: Matthews 0.86667, Accuracy: 93.33333, Loss: 0.052214071
10/10: Matthews 0.86667, Accuracy: 93.33333, Loss: 0.051986265
 
Best Matthews: 0.86667, Best Accuracy: 93.33333, Best Loss: 0.057282050 at epoch 53
Time Elasped: 00:01:20
========= Epoch 68 =========
5/10: Matthews 0.86667, Accuracy: 93.33333, Loss: 0.051905399
10/10: Matthews 0.86667, Accuracy: 93.33333, Loss: 0.051742999
 
Best Matthews: 0.86667, Best Accuracy: 93.33333, Best Loss: 0.057282050 at epoch 53
Time Elasped: 00:01:20
========= Epoch 69 =========
5/10: Matthews 0.86667, Accuracy: 93.33333, Loss: 0.051557589
10/10: Matthews 0.86667, Accuracy: 93.33333, Loss: 0.051400195
 
Best Matthews: 0.86667, Best Accuracy: 93.33333, Best Loss: 0.057282050 at epoch 53
Time Elasped: 00:01:21
========= Epoch 70 =========
5/10: Matthews 0.86667, Accuracy: 93.33333, Loss: 0.051294226
10/10: Matthews 0.86667, Accuracy: 93.33333, Loss: 0.051143297
 
Best Matthews: 0.86667, Best Accuracy: 93.33333, Best Loss: 0.057282050 at epoch 53
Time Elasped: 00:01:21
========= Epoch 71 =========
5/10: Matthews 0.86667, Accuracy: 93.33333, Loss: 0.051029332
10/10: Matthews 0.86667, Accuracy: 93.33333, Loss: 0.050854153
 
Best Matthews: 0.86667, Best Accuracy: 93.33333, Best Loss: 0.057282050 at epoch 53
Time Elasped: 00:01:22
========= Epoch 72 =========
5/10: Matthews 0.86667, Accuracy: 93.33333, Loss: 0.050661023
10/10: Matthews 0.86667, Accuracy: 93.33333, Loss: 0.050501495
 
Best Matthews: 0.86667, Best Accuracy: 93.33333, Best Loss: 0.057282050 at epoch 53
Time Elasped: 00:01:22
========= Epoch 73 =========
5/10: Matthews 0.86667, Accuracy: 93.33333, Loss: 0.050357681
10/10: Matthews 0.86667, Accuracy: 93.33333, Loss: 0.050182486
 
Best Matthews: 0.86667, Best Accuracy: 93.33333, Best Loss: 0.057282050 at epoch 53
Time Elasped: 00:01:23
========= Epoch 74 =========
5/10: Matthews 0.88911, Accuracy: 94.44444, Loss: 0.050041374
10/10: Matthews 0.88911, Accuracy: 94.44444, Loss: 0.049901719
 
Best Matthews: 0.88911, Best Accuracy: 94.44444, Best Loss: 0.050041374 at epoch 74
Time Elasped: 00:01:25
========= Epoch 75 =========
5/10: Matthews 0.88911, Accuracy: 94.44444, Loss: 0.049820492
10/10: Matthews 0.88911, Accuracy: 94.44444, Loss: 0.049692350
 
Best Matthews: 0.88911, Best Accuracy: 94.44444, Best Loss: 0.050041374 at epoch 74
Time Elasped: 00:01:25
========= Epoch 76 =========
5/10: Matthews 0.88911, Accuracy: 94.44444, Loss: 0.049623855
10/10: Matthews 0.88911, Accuracy: 94.44444, Loss: 0.049479151
 
Best Matthews: 0.88911, Best Accuracy: 94.44444, Best Loss: 0.050041374 at epoch 74
Time Elasped: 00:01:26
========= Epoch 77 =========
5/10: Matthews 0.88911, Accuracy: 94.44444, Loss: 0.049304909
10/10: Matthews 0.88911, Accuracy: 94.44444, Loss: 0.049167283
 
Best Matthews: 0.88911, Best Accuracy: 94.44444, Best Loss: 0.050041374 at epoch 74
Time Elasped: 00:01:26
========= Epoch 78 =========
5/10: Matthews 0.88911, Accuracy: 94.44444, Loss: 0.049040731
10/10: Matthews 0.88911, Accuracy: 94.44444, Loss: 0.048963038
 
Best Matthews: 0.88911, Best Accuracy: 94.44444, Best Loss: 0.050041374 at epoch 74
Time Elasped: 00:01:27
========= Epoch 79 =========
5/10: Matthews 0.88911, Accuracy: 94.44444, Loss: 0.048819802
10/10: Matthews 0.88911, Accuracy: 94.44444, Loss: 0.048695230
 
Best Matthews: 0.88911, Best Accuracy: 94.44444, Best Loss: 0.050041374 at epoch 74
Time Elasped: 00:01:27
========= Epoch 80 =========
5/10: Matthews 0.88911, Accuracy: 94.44444, Loss: 0.048497412
10/10: Matthews 0.88911, Accuracy: 94.44444, Loss: 0.048361731
 
Best Matthews: 0.88911, Best Accuracy: 94.44444, Best Loss: 0.050041374 at epoch 74
Time Elasped: 00:01:28
========= Epoch 81 =========
5/10: Matthews 0.88911, Accuracy: 94.44444, Loss: 0.048231061
10/10: Matthews 0.88911, Accuracy: 94.44444, Loss: 0.048103052
 
Best Matthews: 0.88911, Best Accuracy: 94.44444, Best Loss: 0.050041374 at epoch 74
Time Elasped: 00:01:29
========= Epoch 82 =========
5/10: Matthews 0.88911, Accuracy: 94.44444, Loss: 0.047896984
10/10: Matthews 0.88911, Accuracy: 94.44444, Loss: 0.047776688
 
Best Matthews: 0.88911, Best Accuracy: 94.44444, Best Loss: 0.050041374 at epoch 74
Time Elasped: 00:01:29
========= Epoch 83 =========
5/10: Matthews 0.88911, Accuracy: 94.44444, Loss: 0.047809452
10/10: Matthews 0.88911, Accuracy: 94.44444, Loss: 0.047729884
 
Best Matthews: 0.88911, Best Accuracy: 94.44444, Best Loss: 0.050041374 at epoch 74
Time Elasped: 00:01:30
========= Epoch 84 =========
5/10: Matthews 0.88911, Accuracy: 94.44444, Loss: 0.047582361
10/10: Matthews 0.88911, Accuracy: 94.44444, Loss: 0.047447247
 
Best Matthews: 0.88911, Best Accuracy: 94.44444, Best Loss: 0.050041374 at epoch 74
Time Elasped: 00:01:30
========= Epoch 85 =========
5/10: Matthews 0.88911, Accuracy: 94.44444, Loss: 0.047383536
10/10: Matthews 0.88911, Accuracy: 94.44444, Loss: 0.047315110
 
Best Matthews: 0.88911, Best Accuracy: 94.44444, Best Loss: 0.050041374 at epoch 74
Time Elasped: 00:01:31
========= Epoch 86 =========
5/10: Matthews 0.88911, Accuracy: 94.44444, Loss: 0.047265397
10/10: Matthews 0.88911, Accuracy: 94.44444, Loss: 0.047191938
 
Best Matthews: 0.88911, Best Accuracy: 94.44444, Best Loss: 0.050041374 at epoch 74
Time Elasped: 00:01:31
========= Epoch 87 =========
5/10: Matthews 0.88911, Accuracy: 94.44444, Loss: 0.047113985
10/10: Matthews 0.88911, Accuracy: 94.44444, Loss: 0.047007243
 
Best Matthews: 0.88911, Best Accuracy: 94.44444, Best Loss: 0.050041374 at epoch 74
Time Elasped: 00:01:32
========= Epoch 88 =========
5/10: Matthews 0.88911, Accuracy: 94.44444, Loss: 0.046870682
10/10: Matthews 0.88911, Accuracy: 94.44444, Loss: 0.046703476
 
Best Matthews: 0.88911, Best Accuracy: 94.44444, Best Loss: 0.050041374 at epoch 74
Time Elasped: 00:01:32
========= Epoch 89 =========
5/10: Matthews 0.88911, Accuracy: 94.44444, Loss: 0.046619723
10/10: Matthews 0.88911, Accuracy: 94.44444, Loss: 0.046543683
 
Best Matthews: 0.88911, Best Accuracy: 94.44444, Best Loss: 0.050041374 at epoch 74
Time Elasped: 00:01:33
========= Epoch 90 =========
5/10: Matthews 0.88911, Accuracy: 94.44444, Loss: 0.046509181
10/10: Matthews 0.88911, Accuracy: 94.44444, Loss: 0.046422852
 
Best Matthews: 0.88911, Best Accuracy: 94.44444, Best Loss: 0.050041374 at epoch 74
Time Elasped: 00:01:33
========= Epoch 91 =========
5/10: Matthews 0.88911, Accuracy: 94.44444, Loss: 0.046341287
10/10: Matthews 0.88911, Accuracy: 94.44444, Loss: 0.046271833
 
Best Matthews: 0.88911, Best Accuracy: 94.44444, Best Loss: 0.050041374 at epoch 74
Time Elasped: 00:01:34
========= Epoch 92 =========
5/10: Matthews 0.88911, Accuracy: 94.44444, Loss: 0.046117581
10/10: Matthews 0.88911, Accuracy: 94.44444, Loss: 0.045948325
 
Best Matthews: 0.88911, Best Accuracy: 94.44444, Best Loss: 0.050041374 at epoch 74
Time Elasped: 00:01:34
========= Epoch 93 =========
5/10: Matthews 0.88911, Accuracy: 94.44444, Loss: 0.045812437
10/10: Matthews 0.88911, Accuracy: 94.44444, Loss: 0.045680560
 
Best Matthews: 0.88911, Best Accuracy: 94.44444, Best Loss: 0.050041374 at epoch 74
Time Elasped: 00:01:35
========= Epoch 94 =========
5/10: Matthews 0.88911, Accuracy: 94.44444, Loss: 0.045500294
10/10: Matthews 0.88911, Accuracy: 94.44444, Loss: 0.045405722
 
Best Matthews: 0.88911, Best Accuracy: 94.44444, Best Loss: 0.050041374 at epoch 74
Time Elasped: 00:01:36
========= Epoch 95 =========
Early Stopping activated
 
Best Matthews: 0.88911, Best Accuracy: 94.44444, Best Loss: 0.050041374 at epoch 74
Time Elasped: 00:01:38
Test Set:
0/0: Matthews 0.74771, Accuracy: 87.42138, Loss: 0.016448825
