Namespace(batch_size=32, buffer_size=1, by_source=False, crop_pad_length=30, data='./acceptability_corpus/verb_classes/understood', data_type='discriminator', dropout=0.5, embedding='glove.6B.300d', embedding_path='/scratch/asw462/models/elmo_encoder/elmo.emb', embedding_size=217, encoder_num_layers=2, encoder_path='/scratch/asw462/models/elmo_encoder/elmo.pth', encoding_size=528, encoding_type='lstm_pooling_classifier', epochs=1000, evaluate_train=False, experiment_name='experiment_linear_classifier_h_44_l_4_lr_0.0000_e_217_do_0.5', glove=False, gpu=True, hidden_size=44, imbalance=True, learning_rate=4e-05, lm_path=None, logs_dir='/scratch/asw462/logs/verb_classes/understood', max_pool=False, model='linear_classifier', num_layers=4, output_dir='/scratch/asw462/logs/verb_classes/outputs/understood', patience=20, preprocess_tokenizer='space', prints_per_stage=1, resume=True, resume_file=None, save_loc='/scratch/asw462/models/verb_classes/understood', seed=1111, should_not_log=False, should_not_lowercase=False, should_not_preprocess_data=False, stages_per_epoch=2, train_embeddings=False, train_evaluate_interval=10, vocab_file='/scratch/asw462/data/vocab_100k.tsv')
======== General =======
Model: linear_classifier
GPU: True
Experiment Name: experiment_linear_classifier_h_44_l_4_lr_0.0000_e_217_do_0.5
Save location: /scratch/asw462/models/verb_classes/understood
Logs dir: /scratch/asw462/logs/verb_classes/understood
Timestamp: 2018/08/01 20:49:51
 
======== Data =======
Training set: 296 examples
Validation set: 90 examples
Test set: 318 examples
 
======= Parameters =======
Learning Rate: 0.000040
Batch Size: 32
Epochs: 1000
Patience: 20
Stages per Epoch: 2
Embedding: 100004 x 217
Number of layers: 4
Hidden Size: 44
Encoder Size: 528
Resume: True
 
======= Model =======
LinearClassifierWithEncoder(
  (model): LinearClassifier(
    (dropout): Dropout(p=0.5)
    (enc2h): Linear(in_features=1056, out_features=44, bias=True)
    (h20): Linear(in_features=44, out_features=1, bias=True)
    (sigmoid): Sigmoid()
    (tanh): Tanh()
    (softmax): Softmax()
  )
  (encoder): LSTMPoolingClassifierWithELMo(
    (elmo): ELMOClassifier(
      (lm): LSTMLanguageModel(
        (dropout): Dropout(p=0.2)
        (embedding): Embedding(100003, 217)
        (lstm): LSTM(217, 891, num_layers=2, dropout=0.2)
        (fc): Linear(in_features=891, out_features=100003, bias=True)
      )
      (lstms): ModuleList(
        (0): LSTM(217, 891, batch_first=True)
        (1): LSTM(891, 891, batch_first=True)
      )
      (dropout): Dropout(p=0.2)
      (linear_comb): Linear(in_features=2, out_features=1, bias=True)
      (fc1): Linear(in_features=891, out_features=528, bias=True)
      (relu): ReLU()
      (out): Linear(in_features=528, out_features=1, bias=True)
      (sigmoid): Sigmoid()
    )
    (pooling_classifier): LSTMPoolingClassifier(
      (ih2h): LSTM(891, 528, num_layers=3, batch_first=True, dropout=0.2, bidirectional=True)
      (pool2o): Linear(in_features=1056, out_features=1, bias=True)
      (sigmoid): Sigmoid()
      (softmax): Softmax()
      (dropout): Dropout(p=0.2)
    )
  )
)
 
========= Epoch 1 =========
5/10: Matthews 0.17817, Accuracy: 58.88889, Loss: 0.100626458
10/10: Matthews 0.12403, Accuracy: 55.55556, Loss: 0.099154727
 
Best Matthews: 0.17817, Best Accuracy: 58.88889, Best Loss: 0.100626458 at epoch 1
Time Elasped: 00:00:06
========= Epoch 2 =========
5/10: Matthews 0.17365, Accuracy: 57.77778, Loss: 0.097657818
10/10: Matthews 0.27778, Accuracy: 61.11111, Loss: 0.096299934
 
Best Matthews: 0.27778, Best Accuracy: 61.11111, Best Loss: 0.096299934 at epoch 2
Time Elasped: 00:00:08
========= Epoch 3 =========
5/10: Matthews 0.23250, Accuracy: 58.88889, Loss: 0.095087348
10/10: Matthews 0.22125, Accuracy: 57.77778, Loss: 0.093815517
 
Best Matthews: 0.27778, Best Accuracy: 61.11111, Best Loss: 0.096299934 at epoch 2
Time Elasped: 00:00:09
========= Epoch 4 =========
5/10: Matthews 0.22125, Accuracy: 57.77778, Loss: 0.092767493
10/10: Matthews 0.22125, Accuracy: 57.77778, Loss: 0.091741647
 
Best Matthews: 0.27778, Best Accuracy: 61.11111, Best Loss: 0.096299934 at epoch 2
Time Elasped: 00:00:09
========= Epoch 5 =========
5/10: Matthews 0.26833, Accuracy: 60.00000, Loss: 0.090648694
10/10: Matthews 0.26833, Accuracy: 60.00000, Loss: 0.089713605
 
Best Matthews: 0.27778, Best Accuracy: 61.11111, Best Loss: 0.096299934 at epoch 2
Time Elasped: 00:00:10
========= Epoch 6 =========
5/10: Matthews 0.26833, Accuracy: 60.00000, Loss: 0.088765616
10/10: Matthews 0.26833, Accuracy: 60.00000, Loss: 0.087864182
 
Best Matthews: 0.27778, Best Accuracy: 61.11111, Best Loss: 0.096299934 at epoch 2
Time Elasped: 00:00:10
========= Epoch 7 =========
5/10: Matthews 0.26833, Accuracy: 60.00000, Loss: 0.087095250
10/10: Matthews 0.31225, Accuracy: 62.22222, Loss: 0.086304813
 
Best Matthews: 0.31225, Best Accuracy: 62.22222, Best Loss: 0.086304813 at epoch 7
Time Elasped: 00:00:12
========= Epoch 8 =========
5/10: Matthews 0.41367, Accuracy: 67.77778, Loss: 0.085573276
10/10: Matthews 0.44126, Accuracy: 70.00000, Loss: 0.084869941
 
Best Matthews: 0.44126, Best Accuracy: 70.00000, Best Loss: 0.084869941 at epoch 8
Time Elasped: 00:00:16
========= Epoch 9 =========
5/10: Matthews 0.46068, Accuracy: 71.11111, Loss: 0.084099007
10/10: Matthews 0.46068, Accuracy: 71.11111, Loss: 0.083387820
 
Best Matthews: 0.46068, Best Accuracy: 71.11111, Best Loss: 0.084099007 at epoch 9
Time Elasped: 00:00:18
========= Epoch 10 =========
5/10: Matthews 0.49929, Accuracy: 73.33333, Loss: 0.082671589
10/10: Matthews 0.49929, Accuracy: 73.33333, Loss: 0.081992308
 
Best Matthews: 0.49929, Best Accuracy: 73.33333, Best Loss: 0.082671589 at epoch 10
Time Elasped: 00:00:20
========= Epoch 11 =========
5/10: Matthews 0.49929, Accuracy: 73.33333, Loss: 0.081386116
10/10: Matthews 0.53780, Accuracy: 75.55556, Loss: 0.080787007
 
Best Matthews: 0.53780, Best Accuracy: 75.55556, Best Loss: 0.080787007 at epoch 11
Time Elasped: 00:00:22
========= Epoch 12 =========
5/10: Matthews 0.57643, Accuracy: 77.77778, Loss: 0.080178181
10/10: Matthews 0.53780, Accuracy: 75.55556, Loss: 0.079565493
 
Best Matthews: 0.57643, Best Accuracy: 77.77778, Best Loss: 0.080178181 at epoch 12
Time Elasped: 00:00:24
========= Epoch 13 =========
5/10: Matthews 0.53780, Accuracy: 75.55556, Loss: 0.079204517
10/10: Matthews 0.53780, Accuracy: 75.55556, Loss: 0.078666247
 
Best Matthews: 0.57643, Best Accuracy: 77.77778, Best Loss: 0.080178181 at epoch 12
Time Elasped: 00:00:24
========= Epoch 14 =========
5/10: Matthews 0.61539, Accuracy: 80.00000, Loss: 0.078135305
10/10: Matthews 0.61539, Accuracy: 80.00000, Loss: 0.077574666
 
Best Matthews: 0.61539, Best Accuracy: 80.00000, Best Loss: 0.078135305 at epoch 14
Time Elasped: 00:00:26
========= Epoch 15 =========
5/10: Matthews 0.57643, Accuracy: 77.77778, Loss: 0.077034802
10/10: Matthews 0.57643, Accuracy: 77.77778, Loss: 0.076552841
 
Best Matthews: 0.61539, Best Accuracy: 80.00000, Best Loss: 0.078135305 at epoch 14
Time Elasped: 00:00:27
========= Epoch 16 =========
5/10: Matthews 0.61539, Accuracy: 80.00000, Loss: 0.076047548
10/10: Matthews 0.61539, Accuracy: 80.00000, Loss: 0.075533962
 
Best Matthews: 0.61539, Best Accuracy: 80.00000, Best Loss: 0.078135305 at epoch 14
Time Elasped: 00:00:27
========= Epoch 17 =========
5/10: Matthews 0.61539, Accuracy: 80.00000, Loss: 0.074968661
10/10: Matthews 0.61539, Accuracy: 80.00000, Loss: 0.074393484
 
Best Matthews: 0.61539, Best Accuracy: 80.00000, Best Loss: 0.078135305 at epoch 14
Time Elasped: 00:00:28
========= Epoch 18 =========
5/10: Matthews 0.61539, Accuracy: 80.00000, Loss: 0.073929214
10/10: Matthews 0.61539, Accuracy: 80.00000, Loss: 0.073524268
 
Best Matthews: 0.61539, Best Accuracy: 80.00000, Best Loss: 0.078135305 at epoch 14
Time Elasped: 00:00:28
========= Epoch 19 =========
5/10: Matthews 0.63505, Accuracy: 81.11111, Loss: 0.073081154
10/10: Matthews 0.63505, Accuracy: 81.11111, Loss: 0.072632572
 
Best Matthews: 0.63505, Best Accuracy: 81.11111, Best Loss: 0.073081154 at epoch 19
Time Elasped: 00:00:30
========= Epoch 20 =========
5/10: Matthews 0.63505, Accuracy: 81.11111, Loss: 0.072106001
10/10: Matthews 0.61539, Accuracy: 80.00000, Loss: 0.071616777
 
Best Matthews: 0.63505, Best Accuracy: 81.11111, Best Loss: 0.073081154 at epoch 19
Time Elasped: 00:00:31
========= Epoch 21 =========
5/10: Matthews 0.61539, Accuracy: 80.00000, Loss: 0.071128347
10/10: Matthews 0.61539, Accuracy: 80.00000, Loss: 0.070709186
 
Best Matthews: 0.63505, Best Accuracy: 81.11111, Best Loss: 0.073081154 at epoch 19
Time Elasped: 00:00:31
========= Epoch 22 =========
5/10: Matthews 0.61539, Accuracy: 80.00000, Loss: 0.070405822
10/10: Matthews 0.61539, Accuracy: 80.00000, Loss: 0.070136462
 
Best Matthews: 0.63505, Best Accuracy: 81.11111, Best Loss: 0.073081154 at epoch 19
Time Elasped: 00:00:32
========= Epoch 23 =========
5/10: Matthews 0.63505, Accuracy: 81.11111, Loss: 0.069879648
10/10: Matthews 0.63505, Accuracy: 81.11111, Loss: 0.069570393
 
Best Matthews: 0.63505, Best Accuracy: 81.11111, Best Loss: 0.073081154 at epoch 19
Time Elasped: 00:00:32
========= Epoch 24 =========
5/10: Matthews 0.65488, Accuracy: 82.22222, Loss: 0.069207933
10/10: Matthews 0.67082, Accuracy: 83.33333, Loss: 0.068829505
 
Best Matthews: 0.67082, Best Accuracy: 83.33333, Best Loss: 0.068829505 at epoch 24
Time Elasped: 00:00:35
========= Epoch 25 =========
5/10: Matthews 0.69163, Accuracy: 84.44444, Loss: 0.068511942
10/10: Matthews 0.69163, Accuracy: 84.44444, Loss: 0.068221029
 
Best Matthews: 0.69163, Best Accuracy: 84.44444, Best Loss: 0.068511942 at epoch 25
Time Elasped: 00:00:37
========= Epoch 26 =========
5/10: Matthews 0.69163, Accuracy: 84.44444, Loss: 0.067882835
10/10: Matthews 0.69163, Accuracy: 84.44444, Loss: 0.067549202
 
Best Matthews: 0.69163, Best Accuracy: 84.44444, Best Loss: 0.068511942 at epoch 25
Time Elasped: 00:00:38
========= Epoch 27 =========
5/10: Matthews 0.69163, Accuracy: 84.44444, Loss: 0.067198933
10/10: Matthews 0.69163, Accuracy: 84.44444, Loss: 0.066814359
 
Best Matthews: 0.69163, Best Accuracy: 84.44444, Best Loss: 0.068511942 at epoch 25
Time Elasped: 00:00:38
========= Epoch 28 =========
5/10: Matthews 0.69163, Accuracy: 84.44444, Loss: 0.066437647
10/10: Matthews 0.69163, Accuracy: 84.44444, Loss: 0.066091432
 
Best Matthews: 0.69163, Best Accuracy: 84.44444, Best Loss: 0.068511942 at epoch 25
Time Elasped: 00:00:39
========= Epoch 29 =========
5/10: Matthews 0.69163, Accuracy: 84.44444, Loss: 0.065794765
10/10: Matthews 0.69163, Accuracy: 84.44444, Loss: 0.065486177
 
Best Matthews: 0.69163, Best Accuracy: 84.44444, Best Loss: 0.068511942 at epoch 25
Time Elasped: 00:00:39
========= Epoch 30 =========
5/10: Matthews 0.69163, Accuracy: 84.44444, Loss: 0.065135315
10/10: Matthews 0.69163, Accuracy: 84.44444, Loss: 0.064782058
 
Best Matthews: 0.69163, Best Accuracy: 84.44444, Best Loss: 0.068511942 at epoch 25
Time Elasped: 00:00:40
========= Epoch 31 =========
5/10: Matthews 0.69163, Accuracy: 84.44444, Loss: 0.064517466
10/10: Matthews 0.69163, Accuracy: 84.44444, Loss: 0.064251539
 
Best Matthews: 0.69163, Best Accuracy: 84.44444, Best Loss: 0.068511942 at epoch 25
Time Elasped: 00:00:41
========= Epoch 32 =========
5/10: Matthews 0.69163, Accuracy: 84.44444, Loss: 0.063957294
10/10: Matthews 0.69163, Accuracy: 84.44444, Loss: 0.063697126
 
Best Matthews: 0.69163, Best Accuracy: 84.44444, Best Loss: 0.068511942 at epoch 25
Time Elasped: 00:00:41
========= Epoch 33 =========
5/10: Matthews 0.77778, Accuracy: 88.88889, Loss: 0.063429398
10/10: Matthews 0.77778, Accuracy: 88.88889, Loss: 0.063118760
 
Best Matthews: 0.77778, Best Accuracy: 88.88889, Best Loss: 0.063429398 at epoch 33
Time Elasped: 00:00:43
========= Epoch 34 =========
5/10: Matthews 0.71270, Accuracy: 85.55556, Loss: 0.062849283
10/10: Matthews 0.71270, Accuracy: 85.55556, Loss: 0.062582699
 
Best Matthews: 0.77778, Best Accuracy: 88.88889, Best Loss: 0.063429398 at epoch 33
Time Elasped: 00:00:43
========= Epoch 35 =========
5/10: Matthews 0.71270, Accuracy: 85.55556, Loss: 0.062324577
10/10: Matthews 0.69163, Accuracy: 84.44444, Loss: 0.062028005
 
Best Matthews: 0.77778, Best Accuracy: 88.88889, Best Loss: 0.063429398 at epoch 33
Time Elasped: 00:00:44
========= Epoch 36 =========
5/10: Matthews 0.69163, Accuracy: 84.44444, Loss: 0.061705377
10/10: Matthews 0.71270, Accuracy: 85.55556, Loss: 0.061437247
 
Best Matthews: 0.77778, Best Accuracy: 88.88889, Best Loss: 0.063429398 at epoch 33
Time Elasped: 00:00:45
========= Epoch 37 =========
5/10: Matthews 0.69163, Accuracy: 84.44444, Loss: 0.061213631
10/10: Matthews 0.71270, Accuracy: 85.55556, Loss: 0.060990604
 
Best Matthews: 0.77778, Best Accuracy: 88.88889, Best Loss: 0.063429398 at epoch 33
Time Elasped: 00:00:45
========= Epoch 38 =========
5/10: Matthews 0.77778, Accuracy: 88.88889, Loss: 0.060896434
10/10: Matthews 0.77778, Accuracy: 88.88889, Loss: 0.060753398
 
Best Matthews: 0.77778, Best Accuracy: 88.88889, Best Loss: 0.063429398 at epoch 33
Time Elasped: 00:00:46
========= Epoch 39 =========
5/10: Matthews 0.77778, Accuracy: 88.88889, Loss: 0.060563988
10/10: Matthews 0.77778, Accuracy: 88.88889, Loss: 0.060390594
 
Best Matthews: 0.77778, Best Accuracy: 88.88889, Best Loss: 0.063429398 at epoch 33
Time Elasped: 00:00:46
========= Epoch 40 =========
5/10: Matthews 0.77778, Accuracy: 88.88889, Loss: 0.060205364
10/10: Matthews 0.77778, Accuracy: 88.88889, Loss: 0.059956344
 
Best Matthews: 0.77778, Best Accuracy: 88.88889, Best Loss: 0.063429398 at epoch 33
Time Elasped: 00:00:47
========= Epoch 41 =========
5/10: Matthews 0.77778, Accuracy: 88.88889, Loss: 0.059613413
10/10: Matthews 0.77778, Accuracy: 88.88889, Loss: 0.059338162
 
Best Matthews: 0.77778, Best Accuracy: 88.88889, Best Loss: 0.063429398 at epoch 33
Time Elasped: 00:00:47
========= Epoch 42 =========
5/10: Matthews 0.77778, Accuracy: 88.88889, Loss: 0.058980136
10/10: Matthews 0.77778, Accuracy: 88.88889, Loss: 0.058704731
 
Best Matthews: 0.77778, Best Accuracy: 88.88889, Best Loss: 0.063429398 at epoch 33
Time Elasped: 00:00:48
========= Epoch 43 =========
5/10: Matthews 0.77778, Accuracy: 88.88889, Loss: 0.058336708
10/10: Matthews 0.77778, Accuracy: 88.88889, Loss: 0.058078316
 
Best Matthews: 0.77778, Best Accuracy: 88.88889, Best Loss: 0.063429398 at epoch 33
Time Elasped: 00:00:48
========= Epoch 44 =========
5/10: Matthews 0.80020, Accuracy: 90.00000, Loss: 0.057882553
10/10: Matthews 0.80020, Accuracy: 90.00000, Loss: 0.057703039
 
Best Matthews: 0.80020, Best Accuracy: 90.00000, Best Loss: 0.057882553 at epoch 44
Time Elasped: 00:00:50
========= Epoch 45 =========
5/10: Matthews 0.80020, Accuracy: 90.00000, Loss: 0.057489936
10/10: Matthews 0.80020, Accuracy: 90.00000, Loss: 0.057271338
 
Best Matthews: 0.80020, Best Accuracy: 90.00000, Best Loss: 0.057882553 at epoch 44
Time Elasped: 00:00:51
========= Epoch 46 =========
5/10: Matthews 0.82222, Accuracy: 91.11111, Loss: 0.057023584
10/10: Matthews 0.82222, Accuracy: 91.11111, Loss: 0.056791692
 
Best Matthews: 0.82222, Best Accuracy: 91.11111, Best Loss: 0.057023584 at epoch 46
Time Elasped: 00:00:53
========= Epoch 47 =========
5/10: Matthews 0.82222, Accuracy: 91.11111, Loss: 0.056586250
10/10: Matthews 0.82222, Accuracy: 91.11111, Loss: 0.056421359
 
Best Matthews: 0.82222, Best Accuracy: 91.11111, Best Loss: 0.057023584 at epoch 46
Time Elasped: 00:00:53
========= Epoch 48 =========
5/10: Matthews 0.84465, Accuracy: 92.22222, Loss: 0.056234360
10/10: Matthews 0.82222, Accuracy: 91.11111, Loss: 0.056067244
 
Best Matthews: 0.84465, Best Accuracy: 92.22222, Best Loss: 0.056234360 at epoch 48
Time Elasped: 00:00:55
========= Epoch 49 =========
5/10: Matthews 0.82222, Accuracy: 91.11111, Loss: 0.055984031
10/10: Matthews 0.82222, Accuracy: 91.11111, Loss: 0.055813222
 
Best Matthews: 0.84465, Best Accuracy: 92.22222, Best Loss: 0.056234360 at epoch 48
Time Elasped: 00:00:56
========= Epoch 50 =========
5/10: Matthews 0.82222, Accuracy: 91.11111, Loss: 0.055628914
10/10: Matthews 0.82222, Accuracy: 91.11111, Loss: 0.055539778
 
Best Matthews: 0.84465, Best Accuracy: 92.22222, Best Loss: 0.056234360 at epoch 48
Time Elasped: 00:00:56
========= Epoch 51 =========
5/10: Matthews 0.82222, Accuracy: 91.11111, Loss: 0.055512842
10/10: Matthews 0.84465, Accuracy: 92.22222, Loss: 0.055422470
 
Best Matthews: 0.84465, Best Accuracy: 92.22222, Best Loss: 0.056234360 at epoch 48
Time Elasped: 00:00:57
========= Epoch 52 =========
5/10: Matthews 0.84465, Accuracy: 92.22222, Loss: 0.055217955
10/10: Matthews 0.84465, Accuracy: 92.22222, Loss: 0.055009736
 
Best Matthews: 0.84465, Best Accuracy: 92.22222, Best Loss: 0.056234360 at epoch 48
Time Elasped: 00:00:57
========= Epoch 53 =========
5/10: Matthews 0.86752, Accuracy: 93.33333, Loss: 0.054809719
10/10: Matthews 0.86752, Accuracy: 93.33333, Loss: 0.054649936
 
Best Matthews: 0.86752, Best Accuracy: 93.33333, Best Loss: 0.054809719 at epoch 53
Time Elasped: 00:00:59
========= Epoch 54 =========
5/10: Matthews 0.88911, Accuracy: 94.44444, Loss: 0.054489093
10/10: Matthews 0.88911, Accuracy: 94.44444, Loss: 0.054319456
 
Best Matthews: 0.88911, Best Accuracy: 94.44444, Best Loss: 0.054489093 at epoch 54
Time Elasped: 00:01:02
========= Epoch 55 =========
5/10: Matthews 0.88911, Accuracy: 94.44444, Loss: 0.054139736
10/10: Matthews 0.88911, Accuracy: 94.44444, Loss: 0.053967757
 
Best Matthews: 0.88911, Best Accuracy: 94.44444, Best Loss: 0.054489093 at epoch 54
Time Elasped: 00:01:02
========= Epoch 56 =========
5/10: Matthews 0.88911, Accuracy: 94.44444, Loss: 0.053755087
10/10: Matthews 0.88911, Accuracy: 94.44444, Loss: 0.053544283
 
Best Matthews: 0.88911, Best Accuracy: 94.44444, Best Loss: 0.054489093 at epoch 54
Time Elasped: 00:01:03
========= Epoch 57 =========
5/10: Matthews 0.84465, Accuracy: 92.22222, Loss: 0.053353490
10/10: Matthews 0.84465, Accuracy: 92.22222, Loss: 0.053206682
 
Best Matthews: 0.88911, Best Accuracy: 94.44444, Best Loss: 0.054489093 at epoch 54
Time Elasped: 00:01:03
========= Epoch 58 =========
5/10: Matthews 0.88911, Accuracy: 94.44444, Loss: 0.053071107
10/10: Matthews 0.88911, Accuracy: 94.44444, Loss: 0.052958722
 
Best Matthews: 0.88911, Best Accuracy: 94.44444, Best Loss: 0.054489093 at epoch 54
Time Elasped: 00:01:04
========= Epoch 59 =========
5/10: Matthews 0.88911, Accuracy: 94.44444, Loss: 0.052745088
10/10: Matthews 0.88911, Accuracy: 94.44444, Loss: 0.052561622
 
Best Matthews: 0.88911, Best Accuracy: 94.44444, Best Loss: 0.054489093 at epoch 54
Time Elasped: 00:01:04
========= Epoch 60 =========
5/10: Matthews 0.88911, Accuracy: 94.44444, Loss: 0.052376360
10/10: Matthews 0.88911, Accuracy: 94.44444, Loss: 0.052205488
 
Best Matthews: 0.88911, Best Accuracy: 94.44444, Best Loss: 0.054489093 at epoch 54
Time Elasped: 00:01:05
========= Epoch 61 =========
5/10: Matthews 0.88911, Accuracy: 94.44444, Loss: 0.052108542
10/10: Matthews 0.88911, Accuracy: 94.44444, Loss: 0.051977830
 
Best Matthews: 0.88911, Best Accuracy: 94.44444, Best Loss: 0.054489093 at epoch 54
Time Elasped: 00:01:05
========= Epoch 62 =========
5/10: Matthews 0.88911, Accuracy: 94.44444, Loss: 0.051772298
10/10: Matthews 0.88911, Accuracy: 94.44444, Loss: 0.051664437
 
Best Matthews: 0.88911, Best Accuracy: 94.44444, Best Loss: 0.054489093 at epoch 54
Time Elasped: 00:01:06
========= Epoch 63 =========
5/10: Matthews 0.88911, Accuracy: 94.44444, Loss: 0.051593399
10/10: Matthews 0.88911, Accuracy: 94.44444, Loss: 0.051449151
 
Best Matthews: 0.88911, Best Accuracy: 94.44444, Best Loss: 0.054489093 at epoch 54
Time Elasped: 00:01:07
========= Epoch 64 =========
5/10: Matthews 0.88911, Accuracy: 94.44444, Loss: 0.051271635
10/10: Matthews 0.88911, Accuracy: 94.44444, Loss: 0.051136335
 
Best Matthews: 0.88911, Best Accuracy: 94.44444, Best Loss: 0.054489093 at epoch 54
Time Elasped: 00:01:07
========= Epoch 65 =========
5/10: Matthews 0.88911, Accuracy: 94.44444, Loss: 0.050979763
10/10: Matthews 0.88911, Accuracy: 94.44444, Loss: 0.050808091
 
Best Matthews: 0.88911, Best Accuracy: 94.44444, Best Loss: 0.054489093 at epoch 54
Time Elasped: 00:01:08
========= Epoch 66 =========
5/10: Matthews 0.86667, Accuracy: 93.33333, Loss: 0.050673495
10/10: Matthews 0.86667, Accuracy: 93.33333, Loss: 0.050539033
 
Best Matthews: 0.88911, Best Accuracy: 94.44444, Best Loss: 0.054489093 at epoch 54
Time Elasped: 00:01:08
========= Epoch 67 =========
5/10: Matthews 0.86667, Accuracy: 93.33333, Loss: 0.050340006
10/10: Matthews 0.86667, Accuracy: 93.33333, Loss: 0.050220240
 
Best Matthews: 0.88911, Best Accuracy: 94.44444, Best Loss: 0.054489093 at epoch 54
Time Elasped: 00:01:09
========= Epoch 68 =========
5/10: Matthews 0.86667, Accuracy: 93.33333, Loss: 0.050138617
10/10: Matthews 0.88911, Accuracy: 94.44444, Loss: 0.049996429
 
Best Matthews: 0.88911, Best Accuracy: 94.44444, Best Loss: 0.054489093 at epoch 54
Time Elasped: 00:01:09
========= Epoch 69 =========
5/10: Matthews 0.88911, Accuracy: 94.44444, Loss: 0.049779177
10/10: Matthews 0.88911, Accuracy: 94.44444, Loss: 0.049642637
 
Best Matthews: 0.88911, Best Accuracy: 94.44444, Best Loss: 0.054489093 at epoch 54
Time Elasped: 00:01:10
========= Epoch 70 =========
5/10: Matthews 0.86667, Accuracy: 93.33333, Loss: 0.049584643
10/10: Matthews 0.88911, Accuracy: 94.44444, Loss: 0.049528366
 
Best Matthews: 0.88911, Best Accuracy: 94.44444, Best Loss: 0.054489093 at epoch 54
Time Elasped: 00:01:10
========= Epoch 71 =========
5/10: Matthews 0.91201, Accuracy: 95.55556, Loss: 0.049530941
10/10: Matthews 0.91201, Accuracy: 95.55556, Loss: 0.049423260
 
Best Matthews: 0.91201, Best Accuracy: 95.55556, Best Loss: 0.049530941 at epoch 71
Time Elasped: 00:01:12
========= Epoch 72 =========
5/10: Matthews 0.91201, Accuracy: 95.55556, Loss: 0.049333085
10/10: Matthews 0.91201, Accuracy: 95.55556, Loss: 0.049200122
 
Best Matthews: 0.91201, Best Accuracy: 95.55556, Best Loss: 0.049530941 at epoch 71
Time Elasped: 00:01:13
========= Epoch 73 =========
5/10: Matthews 0.91201, Accuracy: 95.55556, Loss: 0.049067969
10/10: Matthews 0.93356, Accuracy: 96.66667, Loss: 0.049000067
 
Best Matthews: 0.93356, Best Accuracy: 96.66667, Best Loss: 0.049000067 at epoch 73
Time Elasped: 00:01:16
========= Epoch 74 =========
5/10: Matthews 0.93356, Accuracy: 96.66667, Loss: 0.048961719
10/10: Matthews 0.93356, Accuracy: 96.66667, Loss: 0.048802344
 
Best Matthews: 0.93356, Best Accuracy: 96.66667, Best Loss: 0.049000067 at epoch 73
Time Elasped: 00:01:16
========= Epoch 75 =========
5/10: Matthews 0.93356, Accuracy: 96.66667, Loss: 0.048642376
10/10: Matthews 0.93356, Accuracy: 96.66667, Loss: 0.048520369
 
Best Matthews: 0.93356, Best Accuracy: 96.66667, Best Loss: 0.049000067 at epoch 73
Time Elasped: 00:01:17
========= Epoch 76 =========
5/10: Matthews 0.91201, Accuracy: 95.55556, Loss: 0.048408641
10/10: Matthews 0.91201, Accuracy: 95.55556, Loss: 0.048286385
 
Best Matthews: 0.93356, Best Accuracy: 96.66667, Best Loss: 0.049000067 at epoch 73
Time Elasped: 00:01:17
========= Epoch 77 =========
5/10: Matthews 0.91201, Accuracy: 95.55556, Loss: 0.048137421
10/10: Matthews 0.91201, Accuracy: 95.55556, Loss: 0.047997544
 
Best Matthews: 0.93356, Best Accuracy: 96.66667, Best Loss: 0.049000067 at epoch 73
Time Elasped: 00:01:18
========= Epoch 78 =========
5/10: Matthews 0.91201, Accuracy: 95.55556, Loss: 0.047981776
10/10: Matthews 0.91201, Accuracy: 95.55556, Loss: 0.047871653
 
Best Matthews: 0.93356, Best Accuracy: 96.66667, Best Loss: 0.049000067 at epoch 73
Time Elasped: 00:01:18
========= Epoch 79 =========
5/10: Matthews 0.91201, Accuracy: 95.55556, Loss: 0.047744576
10/10: Matthews 0.91201, Accuracy: 95.55556, Loss: 0.047625287
 
Best Matthews: 0.93356, Best Accuracy: 96.66667, Best Loss: 0.049000067 at epoch 73
Time Elasped: 00:01:19
========= Epoch 80 =========
5/10: Matthews 0.91201, Accuracy: 95.55556, Loss: 0.047541936
10/10: Matthews 0.91201, Accuracy: 95.55556, Loss: 0.047404602
 
Best Matthews: 0.93356, Best Accuracy: 96.66667, Best Loss: 0.049000067 at epoch 73
Time Elasped: 00:01:19
========= Epoch 81 =========
5/10: Matthews 0.93356, Accuracy: 96.66667, Loss: 0.047282277
10/10: Matthews 0.93356, Accuracy: 96.66667, Loss: 0.047210137
 
Best Matthews: 0.93356, Best Accuracy: 96.66667, Best Loss: 0.049000067 at epoch 73
Time Elasped: 00:01:20
========= Epoch 82 =========
5/10: Matthews 0.91111, Accuracy: 95.55556, Loss: 0.047273498
10/10: Matthews 0.91111, Accuracy: 95.55556, Loss: 0.047232474
 
Best Matthews: 0.93356, Best Accuracy: 96.66667, Best Loss: 0.049000067 at epoch 73
Time Elasped: 00:01:21
========= Epoch 83 =========
5/10: Matthews 0.91111, Accuracy: 95.55556, Loss: 0.047167873
10/10: Matthews 0.93356, Accuracy: 96.66667, Loss: 0.047040478
 
Best Matthews: 0.93356, Best Accuracy: 96.66667, Best Loss: 0.049000067 at epoch 73
Time Elasped: 00:01:21
========= Epoch 84 =========
5/10: Matthews 0.93356, Accuracy: 96.66667, Loss: 0.046889565
10/10: Matthews 0.93356, Accuracy: 96.66667, Loss: 0.046746318
 
Best Matthews: 0.93356, Best Accuracy: 96.66667, Best Loss: 0.049000067 at epoch 73
Time Elasped: 00:01:22
========= Epoch 85 =========
5/10: Matthews 0.93356, Accuracy: 96.66667, Loss: 0.046582052
10/10: Matthews 0.93356, Accuracy: 96.66667, Loss: 0.046466064
 
Best Matthews: 0.93356, Best Accuracy: 96.66667, Best Loss: 0.049000067 at epoch 73
Time Elasped: 00:01:22
========= Epoch 86 =========
5/10: Matthews 0.93356, Accuracy: 96.66667, Loss: 0.046321360
10/10: Matthews 0.93356, Accuracy: 96.66667, Loss: 0.046212249
 
Best Matthews: 0.93356, Best Accuracy: 96.66667, Best Loss: 0.049000067 at epoch 73
Time Elasped: 00:01:23
========= Epoch 87 =========
5/10: Matthews 0.93356, Accuracy: 96.66667, Loss: 0.046120358
10/10: Matthews 0.93356, Accuracy: 96.66667, Loss: 0.045995765
 
Best Matthews: 0.93356, Best Accuracy: 96.66667, Best Loss: 0.049000067 at epoch 73
Time Elasped: 00:01:23
========= Epoch 88 =========
5/10: Matthews 0.93356, Accuracy: 96.66667, Loss: 0.045759455
10/10: Matthews 0.93356, Accuracy: 96.66667, Loss: 0.045575338
 
Best Matthews: 0.93356, Best Accuracy: 96.66667, Best Loss: 0.049000067 at epoch 73
Time Elasped: 00:01:24
========= Epoch 89 =========
5/10: Matthews 0.93356, Accuracy: 96.66667, Loss: 0.045443344
10/10: Matthews 0.93356, Accuracy: 96.66667, Loss: 0.045353932
 
Best Matthews: 0.93356, Best Accuracy: 96.66667, Best Loss: 0.049000067 at epoch 73
Time Elasped: 00:01:24
========= Epoch 90 =========
5/10: Matthews 0.91201, Accuracy: 95.55556, Loss: 0.045238993
10/10: Matthews 0.91201, Accuracy: 95.55556, Loss: 0.045120165
 
Best Matthews: 0.93356, Best Accuracy: 96.66667, Best Loss: 0.049000067 at epoch 73
Time Elasped: 00:01:25
========= Epoch 91 =========
5/10: Matthews 0.91201, Accuracy: 95.55556, Loss: 0.044920794
10/10: Matthews 0.91201, Accuracy: 95.55556, Loss: 0.044737207
 
Best Matthews: 0.93356, Best Accuracy: 96.66667, Best Loss: 0.049000067 at epoch 73
Time Elasped: 00:01:25
========= Epoch 92 =========
5/10: Matthews 0.91201, Accuracy: 95.55556, Loss: 0.044577053
10/10: Matthews 0.91201, Accuracy: 95.55556, Loss: 0.044495583
 
Best Matthews: 0.93356, Best Accuracy: 96.66667, Best Loss: 0.049000067 at epoch 73
Time Elasped: 00:01:26
========= Epoch 93 =========
5/10: Matthews 0.91201, Accuracy: 95.55556, Loss: 0.044434505
10/10: Matthews 0.91201, Accuracy: 95.55556, Loss: 0.044349209
 
Best Matthews: 0.93356, Best Accuracy: 96.66667, Best Loss: 0.049000067 at epoch 73
Time Elasped: 00:01:26
========= Epoch 94 =========
Early Stopping activated
 
Best Matthews: 0.93356, Best Accuracy: 96.66667, Best Loss: 0.049000067 at epoch 73
Time Elasped: 00:01:28
Test Set:
0/0: Matthews 0.74771, Accuracy: 87.42138, Loss: 0.016149935
