Namespace(batch_size=32, buffer_size=1, by_source=False, crop_pad_length=30, data='./acceptability_corpus/verb_classes/understood', data_type='discriminator', dropout=0.2, embedding='glove.6B.300d', embedding_path='/scratch/asw462/models/elmo_encoder/elmo.emb', embedding_size=217, encoder_num_layers=2, encoder_path='/scratch/asw462/models/elmo_encoder/elmo.pth', encoding_size=528, encoding_type='lstm_pooling_classifier', epochs=1000, evaluate_train=False, experiment_name='experiment_linear_classifier_h_60_l_3_lr_0.0000_e_217_do_0.2', glove=False, gpu=True, hidden_size=60, imbalance=True, learning_rate=1e-05, lm_path=None, logs_dir='/scratch/asw462/logs/verb_classes/understood', max_pool=False, model='linear_classifier', num_layers=3, output_dir='/scratch/asw462/logs/verb_classes/outputs/understood', patience=20, preprocess_tokenizer='space', prints_per_stage=1, resume=True, resume_file=None, save_loc='/scratch/asw462/models/verb_classes/understood', seed=1111, should_not_log=False, should_not_lowercase=False, should_not_preprocess_data=False, stages_per_epoch=2, train_embeddings=False, train_evaluate_interval=10, vocab_file='/scratch/asw462/data/vocab_100k.tsv')
======== General =======
Model: linear_classifier
GPU: True
Experiment Name: experiment_linear_classifier_h_60_l_3_lr_0.0000_e_217_do_0.2
Save location: /scratch/asw462/models/verb_classes/understood
Logs dir: /scratch/asw462/logs/verb_classes/understood
Timestamp: 2018/08/01 20:50:56
 
======== Data =======
Training set: 296 examples
Validation set: 90 examples
Test set: 318 examples
 
======= Parameters =======
Learning Rate: 0.000010
Batch Size: 32
Epochs: 1000
Patience: 20
Stages per Epoch: 2
Embedding: 100004 x 217
Number of layers: 3
Hidden Size: 60
Encoder Size: 528
Resume: True
 
======= Model =======
LinearClassifierWithEncoder(
  (model): LinearClassifier(
    (dropout): Dropout(p=0.2)
    (enc2h): Linear(in_features=1056, out_features=60, bias=True)
    (h20): Linear(in_features=60, out_features=1, bias=True)
    (sigmoid): Sigmoid()
    (tanh): Tanh()
    (softmax): Softmax()
  )
  (encoder): LSTMPoolingClassifierWithELMo(
    (elmo): ELMOClassifier(
      (lm): LSTMLanguageModel(
        (dropout): Dropout(p=0.2)
        (embedding): Embedding(100003, 217)
        (lstm): LSTM(217, 891, num_layers=2, dropout=0.2)
        (fc): Linear(in_features=891, out_features=100003, bias=True)
      )
      (lstms): ModuleList(
        (0): LSTM(217, 891, batch_first=True)
        (1): LSTM(891, 891, batch_first=True)
      )
      (dropout): Dropout(p=0.2)
      (linear_comb): Linear(in_features=2, out_features=1, bias=True)
      (fc1): Linear(in_features=891, out_features=528, bias=True)
      (relu): ReLU()
      (out): Linear(in_features=528, out_features=1, bias=True)
      (sigmoid): Sigmoid()
    )
    (pooling_classifier): LSTMPoolingClassifier(
      (ih2h): LSTM(891, 528, num_layers=3, batch_first=True, dropout=0.2, bidirectional=True)
      (pool2o): Linear(in_features=1056, out_features=1, bias=True)
      (sigmoid): Sigmoid()
      (softmax): Softmax()
      (dropout): Dropout(p=0.2)
    )
  )
)
 
========= Epoch 1 =========
5/10: Matthews -0.07881, Accuracy: 46.66667, Loss: 0.101959515
10/10: Matthews -0.04903, Accuracy: 47.77778, Loss: 0.101444011
 
Best Matthews: 0.00000, Best Accuracy: 0.00000, Best Loss: inf at epoch 0
Time Elasped: 00:00:05
========= Epoch 2 =========
5/10: Matthews -0.04903, Accuracy: 47.77778, Loss: 0.100963253
10/10: Matthews -0.02378, Accuracy: 48.88889, Loss: 0.100471083
 
Best Matthews: 0.00000, Best Accuracy: 0.00000, Best Loss: inf at epoch 0
Time Elasped: 00:00:06
========= Epoch 3 =========
5/10: Matthews -0.13498, Accuracy: 43.33333, Loss: 0.099922138
10/10: Matthews -0.02224, Accuracy: 48.88889, Loss: 0.099447950
 
Best Matthews: 0.00000, Best Accuracy: 0.00000, Best Loss: inf at epoch 0
Time Elasped: 00:00:06
========= Epoch 4 =========
5/10: Matthews 0.06667, Accuracy: 53.33333, Loss: 0.099038633
10/10: Matthews 0.15617, Accuracy: 57.77778, Loss: 0.098602295
 
Best Matthews: 0.15617, Best Accuracy: 57.77778, Best Loss: 0.098602295 at epoch 4
Time Elasped: 00:00:09
========= Epoch 5 =========
5/10: Matthews 0.22496, Accuracy: 61.11111, Loss: 0.098211585
10/10: Matthews 0.27217, Accuracy: 63.33333, Loss: 0.097797701
 
Best Matthews: 0.27217, Best Accuracy: 63.33333, Best Loss: 0.097797701 at epoch 5
Time Elasped: 00:00:13
========= Epoch 6 =========
5/10: Matthews 0.32998, Accuracy: 65.55556, Loss: 0.097394074
10/10: Matthews 0.25126, Accuracy: 61.11111, Loss: 0.096979099
 
Best Matthews: 0.32998, Best Accuracy: 65.55556, Best Loss: 0.097394074 at epoch 6
Time Elasped: 00:00:15
========= Epoch 7 =========
5/10: Matthews 0.26726, Accuracy: 61.11111, Loss: 0.096555265
10/10: Matthews 0.27778, Accuracy: 61.11111, Loss: 0.096114233
 
Best Matthews: 0.32998, Best Accuracy: 65.55556, Best Loss: 0.097394074 at epoch 6
Time Elasped: 00:00:15
========= Epoch 8 =========
5/10: Matthews 0.31225, Accuracy: 62.22222, Loss: 0.095720567
10/10: Matthews 0.31225, Accuracy: 62.22222, Loss: 0.095325258
 
Best Matthews: 0.32998, Best Accuracy: 65.55556, Best Loss: 0.097394074 at epoch 6
Time Elasped: 00:00:16
========= Epoch 9 =========
5/10: Matthews 0.29062, Accuracy: 61.11111, Loss: 0.094939084
10/10: Matthews 0.31225, Accuracy: 62.22222, Loss: 0.094544072
 
Best Matthews: 0.32998, Best Accuracy: 65.55556, Best Loss: 0.097394074 at epoch 6
Time Elasped: 00:00:16
========= Epoch 10 =========
5/10: Matthews 0.31225, Accuracy: 62.22222, Loss: 0.094144779
10/10: Matthews 0.31225, Accuracy: 62.22222, Loss: 0.093775145
 
Best Matthews: 0.32998, Best Accuracy: 65.55556, Best Loss: 0.097394074 at epoch 6
Time Elasped: 00:00:17
========= Epoch 11 =========
5/10: Matthews 0.31225, Accuracy: 62.22222, Loss: 0.093458642
10/10: Matthews 0.31225, Accuracy: 62.22222, Loss: 0.093132485
 
Best Matthews: 0.32998, Best Accuracy: 65.55556, Best Loss: 0.097394074 at epoch 6
Time Elasped: 00:00:18
========= Epoch 12 =========
5/10: Matthews 0.31225, Accuracy: 62.22222, Loss: 0.092777485
10/10: Matthews 0.31225, Accuracy: 62.22222, Loss: 0.092421405
 
Best Matthews: 0.32998, Best Accuracy: 65.55556, Best Loss: 0.097394074 at epoch 6
Time Elasped: 00:00:18
========= Epoch 13 =========
5/10: Matthews 0.29062, Accuracy: 61.11111, Loss: 0.092127673
10/10: Matthews 0.31225, Accuracy: 62.22222, Loss: 0.091825697
 
Best Matthews: 0.32998, Best Accuracy: 65.55556, Best Loss: 0.097394074 at epoch 6
Time Elasped: 00:00:19
========= Epoch 14 =========
5/10: Matthews 0.31225, Accuracy: 62.22222, Loss: 0.091560660
10/10: Matthews 0.31225, Accuracy: 62.22222, Loss: 0.091277356
 
Best Matthews: 0.32998, Best Accuracy: 65.55556, Best Loss: 0.097394074 at epoch 6
Time Elasped: 00:00:19
========= Epoch 15 =========
5/10: Matthews 0.33333, Accuracy: 63.33333, Loss: 0.090929445
10/10: Matthews 0.33333, Accuracy: 63.33333, Loss: 0.090607770
 
Best Matthews: 0.33333, Best Accuracy: 63.33333, Best Loss: 0.090929445 at epoch 15
Time Elasped: 00:00:21
========= Epoch 16 =========
5/10: Matthews 0.33333, Accuracy: 63.33333, Loss: 0.090313700
10/10: Matthews 0.33333, Accuracy: 63.33333, Loss: 0.090043661
 
Best Matthews: 0.33333, Best Accuracy: 63.33333, Best Loss: 0.090929445 at epoch 15
Time Elasped: 00:00:22
========= Epoch 17 =========
5/10: Matthews 0.33333, Accuracy: 63.33333, Loss: 0.089748806
10/10: Matthews 0.35395, Accuracy: 64.44444, Loss: 0.089468564
 
Best Matthews: 0.35395, Best Accuracy: 64.44444, Best Loss: 0.089468564 at epoch 17
Time Elasped: 00:00:23
========= Epoch 18 =========
5/10: Matthews 0.35395, Accuracy: 64.44444, Loss: 0.089220598
10/10: Matthews 0.37417, Accuracy: 65.55556, Loss: 0.088953993
 
Best Matthews: 0.37417, Best Accuracy: 65.55556, Best Loss: 0.088953993 at epoch 18
Time Elasped: 00:00:25
========= Epoch 19 =========
5/10: Matthews 0.37417, Accuracy: 65.55556, Loss: 0.088687007
10/10: Matthews 0.37417, Accuracy: 65.55556, Loss: 0.088426320
 
Best Matthews: 0.37417, Best Accuracy: 65.55556, Best Loss: 0.088953993 at epoch 18
Time Elasped: 00:00:26
========= Epoch 20 =========
5/10: Matthews 0.37417, Accuracy: 65.55556, Loss: 0.088152605
10/10: Matthews 0.37417, Accuracy: 65.55556, Loss: 0.087894323
 
Best Matthews: 0.37417, Best Accuracy: 65.55556, Best Loss: 0.088953993 at epoch 18
Time Elasped: 00:00:26
========= Epoch 21 =========
5/10: Matthews 0.37417, Accuracy: 65.55556, Loss: 0.087698502
10/10: Matthews 0.37417, Accuracy: 65.55556, Loss: 0.087471750
 
Best Matthews: 0.37417, Best Accuracy: 65.55556, Best Loss: 0.088953993 at epoch 18
Time Elasped: 00:00:27
========= Epoch 22 =========
5/10: Matthews 0.37417, Accuracy: 65.55556, Loss: 0.087219710
10/10: Matthews 0.35395, Accuracy: 64.44444, Loss: 0.086963378
 
Best Matthews: 0.37417, Best Accuracy: 65.55556, Best Loss: 0.088953993 at epoch 18
Time Elasped: 00:00:28
========= Epoch 23 =========
5/10: Matthews 0.35395, Accuracy: 64.44444, Loss: 0.086762709
10/10: Matthews 0.35395, Accuracy: 64.44444, Loss: 0.086529732
 
Best Matthews: 0.37417, Best Accuracy: 65.55556, Best Loss: 0.088953993 at epoch 18
Time Elasped: 00:00:28
========= Epoch 24 =========
5/10: Matthews 0.35395, Accuracy: 64.44444, Loss: 0.086270115
10/10: Matthews 0.35395, Accuracy: 64.44444, Loss: 0.086005582
 
Best Matthews: 0.37417, Best Accuracy: 65.55556, Best Loss: 0.088953993 at epoch 18
Time Elasped: 00:00:29
========= Epoch 25 =========
5/10: Matthews 0.35395, Accuracy: 64.44444, Loss: 0.085737393
10/10: Matthews 0.35395, Accuracy: 64.44444, Loss: 0.085473691
 
Best Matthews: 0.37417, Best Accuracy: 65.55556, Best Loss: 0.088953993 at epoch 18
Time Elasped: 00:00:29
========= Epoch 26 =========
5/10: Matthews 0.32071, Accuracy: 63.33333, Loss: 0.085177067
10/10: Matthews 0.32071, Accuracy: 63.33333, Loss: 0.084914091
 
Best Matthews: 0.37417, Best Accuracy: 65.55556, Best Loss: 0.088953993 at epoch 18
Time Elasped: 00:00:30
========= Epoch 27 =========
5/10: Matthews 0.36196, Accuracy: 65.55556, Loss: 0.084682231
10/10: Matthews 0.40202, Accuracy: 67.77778, Loss: 0.084453477
 
Best Matthews: 0.40202, Best Accuracy: 67.77778, Best Loss: 0.084453477 at epoch 27
Time Elasped: 00:00:32
========= Epoch 28 =========
5/10: Matthews 0.40202, Accuracy: 67.77778, Loss: 0.084199577
10/10: Matthews 0.40202, Accuracy: 67.77778, Loss: 0.083965821
 
Best Matthews: 0.40202, Best Accuracy: 67.77778, Best Loss: 0.084453477 at epoch 27
Time Elasped: 00:00:32
========= Epoch 29 =========
5/10: Matthews 0.40202, Accuracy: 67.77778, Loss: 0.083671210
10/10: Matthews 0.37210, Accuracy: 66.66667, Loss: 0.083423895
 
Best Matthews: 0.40202, Best Accuracy: 67.77778, Best Loss: 0.084453477 at epoch 27
Time Elasped: 00:00:33
========= Epoch 30 =========
5/10: Matthews 0.37210, Accuracy: 66.66667, Loss: 0.083209091
10/10: Matthews 0.41219, Accuracy: 68.88889, Loss: 0.083026144
 
Best Matthews: 0.41219, Best Accuracy: 68.88889, Best Loss: 0.083026144 at epoch 30
Time Elasped: 00:00:35
========= Epoch 31 =========
5/10: Matthews 0.45174, Accuracy: 71.11111, Loss: 0.082802826
10/10: Matthews 0.45174, Accuracy: 71.11111, Loss: 0.082602013
 
Best Matthews: 0.45174, Best Accuracy: 71.11111, Best Loss: 0.082802826 at epoch 31
Time Elasped: 00:00:37
========= Epoch 32 =========
5/10: Matthews 0.45174, Accuracy: 71.11111, Loss: 0.082435852
10/10: Matthews 0.45174, Accuracy: 71.11111, Loss: 0.082209471
 
Best Matthews: 0.45174, Best Accuracy: 71.11111, Best Loss: 0.082802826 at epoch 31
Time Elasped: 00:00:37
========= Epoch 33 =========
5/10: Matthews 0.47140, Accuracy: 72.22222, Loss: 0.081958320
10/10: Matthews 0.47140, Accuracy: 72.22222, Loss: 0.081707552
 
Best Matthews: 0.47140, Best Accuracy: 72.22222, Best Loss: 0.081958320 at epoch 33
Time Elasped: 00:00:39
========= Epoch 34 =========
5/10: Matthews 0.47140, Accuracy: 72.22222, Loss: 0.081466993
10/10: Matthews 0.45174, Accuracy: 71.11111, Loss: 0.081257386
 
Best Matthews: 0.47140, Best Accuracy: 72.22222, Best Loss: 0.081958320 at epoch 33
Time Elasped: 00:00:40
========= Epoch 35 =========
5/10: Matthews 0.45174, Accuracy: 71.11111, Loss: 0.081076219
10/10: Matthews 0.47140, Accuracy: 72.22222, Loss: 0.080883328
 
Best Matthews: 0.47140, Best Accuracy: 72.22222, Best Loss: 0.081958320 at epoch 33
Time Elasped: 00:00:40
========= Epoch 36 =========
5/10: Matthews 0.47140, Accuracy: 72.22222, Loss: 0.080672084
10/10: Matthews 0.47140, Accuracy: 72.22222, Loss: 0.080469799
 
Best Matthews: 0.47140, Best Accuracy: 72.22222, Best Loss: 0.081958320 at epoch 33
Time Elasped: 00:00:41
========= Epoch 37 =========
5/10: Matthews 0.47140, Accuracy: 72.22222, Loss: 0.080257151
10/10: Matthews 0.47140, Accuracy: 72.22222, Loss: 0.080057462
 
Best Matthews: 0.47140, Best Accuracy: 72.22222, Best Loss: 0.081958320 at epoch 33
Time Elasped: 00:00:41
========= Epoch 38 =========
5/10: Matthews 0.47140, Accuracy: 72.22222, Loss: 0.079859320
10/10: Matthews 0.47140, Accuracy: 72.22222, Loss: 0.079684210
 
Best Matthews: 0.47140, Best Accuracy: 72.22222, Best Loss: 0.081958320 at epoch 33
Time Elasped: 00:00:42
========= Epoch 39 =========
5/10: Matthews 0.47140, Accuracy: 72.22222, Loss: 0.079498302
10/10: Matthews 0.47140, Accuracy: 72.22222, Loss: 0.079301220
 
Best Matthews: 0.47140, Best Accuracy: 72.22222, Best Loss: 0.081958320 at epoch 33
Time Elasped: 00:00:42
========= Epoch 40 =========
5/10: Matthews 0.47140, Accuracy: 72.22222, Loss: 0.079131020
10/10: Matthews 0.47140, Accuracy: 72.22222, Loss: 0.078969007
 
Best Matthews: 0.47140, Best Accuracy: 72.22222, Best Loss: 0.081958320 at epoch 33
Time Elasped: 00:00:43
========= Epoch 41 =========
5/10: Matthews 0.47140, Accuracy: 72.22222, Loss: 0.078804419
10/10: Matthews 0.47140, Accuracy: 72.22222, Loss: 0.078641913
 
Best Matthews: 0.47140, Best Accuracy: 72.22222, Best Loss: 0.081958320 at epoch 33
Time Elasped: 00:00:43
========= Epoch 42 =========
5/10: Matthews 0.47140, Accuracy: 72.22222, Loss: 0.078453202
10/10: Matthews 0.47140, Accuracy: 72.22222, Loss: 0.078275002
 
Best Matthews: 0.47140, Best Accuracy: 72.22222, Best Loss: 0.081958320 at epoch 33
Time Elasped: 00:00:44
========= Epoch 43 =========
5/10: Matthews 0.47140, Accuracy: 72.22222, Loss: 0.078140603
10/10: Matthews 0.49103, Accuracy: 73.33333, Loss: 0.077995406
 
Best Matthews: 0.49103, Best Accuracy: 73.33333, Best Loss: 0.077995406 at epoch 43
Time Elasped: 00:00:46
========= Epoch 44 =========
5/10: Matthews 0.49103, Accuracy: 73.33333, Loss: 0.077839126
10/10: Matthews 0.49103, Accuracy: 73.33333, Loss: 0.077687285
 
Best Matthews: 0.49103, Best Accuracy: 73.33333, Best Loss: 0.077995406 at epoch 43
Time Elasped: 00:00:46
========= Epoch 45 =========
5/10: Matthews 0.51066, Accuracy: 74.44444, Loss: 0.077530522
10/10: Matthews 0.55002, Accuracy: 76.66667, Loss: 0.077359348
 
Best Matthews: 0.55002, Best Accuracy: 76.66667, Best Loss: 0.077359348 at epoch 45
Time Elasped: 00:00:50
========= Epoch 46 =========
5/10: Matthews 0.55002, Accuracy: 76.66667, Loss: 0.077179941
10/10: Matthews 0.55002, Accuracy: 76.66667, Loss: 0.076999738
 
Best Matthews: 0.55002, Best Accuracy: 76.66667, Best Loss: 0.077359348 at epoch 45
Time Elasped: 00:00:50
========= Epoch 47 =========
5/10: Matthews 0.55002, Accuracy: 76.66667, Loss: 0.076819833
10/10: Matthews 0.55002, Accuracy: 76.66667, Loss: 0.076641750
 
Best Matthews: 0.55002, Best Accuracy: 76.66667, Best Loss: 0.077359348 at epoch 45
Time Elasped: 00:00:51
========= Epoch 48 =========
5/10: Matthews 0.51066, Accuracy: 74.44444, Loss: 0.076437224
10/10: Matthews 0.49103, Accuracy: 73.33333, Loss: 0.076277600
 
Best Matthews: 0.55002, Best Accuracy: 76.66667, Best Loss: 0.077359348 at epoch 45
Time Elasped: 00:00:51
========= Epoch 49 =========
5/10: Matthews 0.49103, Accuracy: 73.33333, Loss: 0.076151726
10/10: Matthews 0.51066, Accuracy: 74.44444, Loss: 0.076024585
 
Best Matthews: 0.55002, Best Accuracy: 76.66667, Best Loss: 0.077359348 at epoch 45
Time Elasped: 00:00:52
========= Epoch 50 =========
5/10: Matthews 0.51066, Accuracy: 74.44444, Loss: 0.075876231
10/10: Matthews 0.51066, Accuracy: 74.44444, Loss: 0.075726287
 
Best Matthews: 0.55002, Best Accuracy: 76.66667, Best Loss: 0.077359348 at epoch 45
Time Elasped: 00:00:52
========= Epoch 51 =========
5/10: Matthews 0.51066, Accuracy: 74.44444, Loss: 0.075567892
10/10: Matthews 0.51066, Accuracy: 74.44444, Loss: 0.075414228
 
Best Matthews: 0.55002, Best Accuracy: 76.66667, Best Loss: 0.077359348 at epoch 45
Time Elasped: 00:00:53
========= Epoch 52 =========
5/10: Matthews 0.51066, Accuracy: 74.44444, Loss: 0.075256560
10/10: Matthews 0.55002, Accuracy: 76.66667, Loss: 0.075106917
 
Best Matthews: 0.55002, Best Accuracy: 76.66667, Best Loss: 0.077359348 at epoch 45
Time Elasped: 00:00:53
========= Epoch 53 =========
5/10: Matthews 0.55002, Accuracy: 76.66667, Loss: 0.075025203
10/10: Matthews 0.55002, Accuracy: 76.66667, Loss: 0.074911308
 
Best Matthews: 0.55002, Best Accuracy: 76.66667, Best Loss: 0.077359348 at epoch 45
Time Elasped: 00:00:54
========= Epoch 54 =========
5/10: Matthews 0.56980, Accuracy: 77.77778, Loss: 0.074736479
10/10: Matthews 0.56980, Accuracy: 77.77778, Loss: 0.074578105
 
Best Matthews: 0.56980, Best Accuracy: 77.77778, Best Loss: 0.074736479 at epoch 54
Time Elasped: 00:00:56
========= Epoch 55 =========
5/10: Matthews 0.56980, Accuracy: 77.77778, Loss: 0.074441168
10/10: Matthews 0.56980, Accuracy: 77.77778, Loss: 0.074281565
 
Best Matthews: 0.56980, Best Accuracy: 77.77778, Best Loss: 0.074736479 at epoch 54
Time Elasped: 00:00:56
========= Epoch 56 =========
5/10: Matthews 0.56980, Accuracy: 77.77778, Loss: 0.074149699
10/10: Matthews 0.56980, Accuracy: 77.77778, Loss: 0.074009763
 
Best Matthews: 0.56980, Best Accuracy: 77.77778, Best Loss: 0.074736479 at epoch 54
Time Elasped: 00:00:57
========= Epoch 57 =========
5/10: Matthews 0.56980, Accuracy: 77.77778, Loss: 0.073883555
10/10: Matthews 0.56980, Accuracy: 77.77778, Loss: 0.073756207
 
Best Matthews: 0.56980, Best Accuracy: 77.77778, Best Loss: 0.074736479 at epoch 54
Time Elasped: 00:00:57
========= Epoch 58 =========
5/10: Matthews 0.56980, Accuracy: 77.77778, Loss: 0.073620595
10/10: Matthews 0.56980, Accuracy: 77.77778, Loss: 0.073496199
 
Best Matthews: 0.56980, Best Accuracy: 77.77778, Best Loss: 0.074736479 at epoch 54
Time Elasped: 00:00:58
========= Epoch 59 =========
5/10: Matthews 0.56980, Accuracy: 77.77778, Loss: 0.073366764
10/10: Matthews 0.56980, Accuracy: 77.77778, Loss: 0.073234092
 
Best Matthews: 0.56980, Best Accuracy: 77.77778, Best Loss: 0.074736479 at epoch 54
Time Elasped: 00:00:58
========= Epoch 60 =========
5/10: Matthews 0.56980, Accuracy: 77.77778, Loss: 0.073102993
10/10: Matthews 0.56980, Accuracy: 77.77778, Loss: 0.072964403
 
Best Matthews: 0.56980, Best Accuracy: 77.77778, Best Loss: 0.074736479 at epoch 54
Time Elasped: 00:00:59
========= Epoch 61 =========
5/10: Matthews 0.56980, Accuracy: 77.77778, Loss: 0.072818904
10/10: Matthews 0.56980, Accuracy: 77.77778, Loss: 0.072691758
 
Best Matthews: 0.56980, Best Accuracy: 77.77778, Best Loss: 0.074736479 at epoch 54
Time Elasped: 00:01:00
========= Epoch 62 =========
5/10: Matthews 0.56980, Accuracy: 77.77778, Loss: 0.072544199
10/10: Matthews 0.56980, Accuracy: 77.77778, Loss: 0.072412062
 
Best Matthews: 0.56980, Best Accuracy: 77.77778, Best Loss: 0.074736479 at epoch 54
Time Elasped: 00:01:00
========= Epoch 63 =========
5/10: Matthews 0.56980, Accuracy: 77.77778, Loss: 0.072294410
10/10: Matthews 0.56980, Accuracy: 77.77778, Loss: 0.072163248
 
Best Matthews: 0.56980, Best Accuracy: 77.77778, Best Loss: 0.074736479 at epoch 54
Time Elasped: 00:01:01
========= Epoch 64 =========
5/10: Matthews 0.56980, Accuracy: 77.77778, Loss: 0.072040770
10/10: Matthews 0.56980, Accuracy: 77.77778, Loss: 0.071911473
 
Best Matthews: 0.56980, Best Accuracy: 77.77778, Best Loss: 0.074736479 at epoch 54
Time Elasped: 00:01:01
========= Epoch 65 =========
5/10: Matthews 0.56980, Accuracy: 77.77778, Loss: 0.071772363
10/10: Matthews 0.56980, Accuracy: 77.77778, Loss: 0.071617953
 
Best Matthews: 0.56980, Best Accuracy: 77.77778, Best Loss: 0.074736479 at epoch 54
Time Elasped: 00:01:02
========= Epoch 66 =========
5/10: Matthews 0.56980, Accuracy: 77.77778, Loss: 0.071478727
10/10: Matthews 0.56980, Accuracy: 77.77778, Loss: 0.071349631
 
Best Matthews: 0.56980, Best Accuracy: 77.77778, Best Loss: 0.074736479 at epoch 54
Time Elasped: 00:01:02
========= Epoch 67 =========
5/10: Matthews 0.56980, Accuracy: 77.77778, Loss: 0.071245914
10/10: Matthews 0.56980, Accuracy: 77.77778, Loss: 0.071117783
 
Best Matthews: 0.56980, Best Accuracy: 77.77778, Best Loss: 0.074736479 at epoch 54
Time Elasped: 00:01:03
========= Epoch 68 =========
5/10: Matthews 0.56455, Accuracy: 77.77778, Loss: 0.070994843
10/10: Matthews 0.56455, Accuracy: 77.77778, Loss: 0.070862050
 
Best Matthews: 0.56980, Best Accuracy: 77.77778, Best Loss: 0.074736479 at epoch 54
Time Elasped: 00:01:03
========= Epoch 69 =========
5/10: Matthews 0.56455, Accuracy: 77.77778, Loss: 0.070731407
10/10: Matthews 0.56455, Accuracy: 77.77778, Loss: 0.070600594
 
Best Matthews: 0.56980, Best Accuracy: 77.77778, Best Loss: 0.074736479 at epoch 54
Time Elasped: 00:01:04
========= Epoch 70 =========
5/10: Matthews 0.56455, Accuracy: 77.77778, Loss: 0.070451090
10/10: Matthews 0.56455, Accuracy: 77.77778, Loss: 0.070321364
 
Best Matthews: 0.56980, Best Accuracy: 77.77778, Best Loss: 0.074736479 at epoch 54
Time Elasped: 00:01:04
========= Epoch 71 =========
5/10: Matthews 0.56455, Accuracy: 77.77778, Loss: 0.070211633
10/10: Matthews 0.56455, Accuracy: 77.77778, Loss: 0.070087841
 
Best Matthews: 0.56980, Best Accuracy: 77.77778, Best Loss: 0.074736479 at epoch 54
Time Elasped: 00:01:05
========= Epoch 72 =========
5/10: Matthews 0.58490, Accuracy: 78.88889, Loss: 0.070007277
10/10: Matthews 0.60541, Accuracy: 80.00000, Loss: 0.069887786
 
Best Matthews: 0.60541, Best Accuracy: 80.00000, Best Loss: 0.069887786 at epoch 72
Time Elasped: 00:01:08
========= Epoch 73 =========
5/10: Matthews 0.60541, Accuracy: 80.00000, Loss: 0.069732359
10/10: Matthews 0.60541, Accuracy: 80.00000, Loss: 0.069609764
 
Best Matthews: 0.60541, Best Accuracy: 80.00000, Best Loss: 0.069887786 at epoch 72
Time Elasped: 00:01:09
========= Epoch 74 =========
5/10: Matthews 0.60541, Accuracy: 80.00000, Loss: 0.069505278
10/10: Matthews 0.60541, Accuracy: 80.00000, Loss: 0.069415559
 
Best Matthews: 0.60541, Best Accuracy: 80.00000, Best Loss: 0.069887786 at epoch 72
Time Elasped: 00:01:09
========= Epoch 75 =========
5/10: Matthews 0.60541, Accuracy: 80.00000, Loss: 0.069335492
10/10: Matthews 0.60541, Accuracy: 80.00000, Loss: 0.069249519
 
Best Matthews: 0.60541, Best Accuracy: 80.00000, Best Loss: 0.069887786 at epoch 72
Time Elasped: 00:01:10
========= Epoch 76 =========
5/10: Matthews 0.60541, Accuracy: 80.00000, Loss: 0.069161812
10/10: Matthews 0.64701, Accuracy: 82.22222, Loss: 0.069056686
 
Best Matthews: 0.64701, Best Accuracy: 82.22222, Best Loss: 0.069056686 at epoch 76
Time Elasped: 00:01:12
========= Epoch 77 =========
5/10: Matthews 0.64701, Accuracy: 82.22222, Loss: 0.068925932
10/10: Matthews 0.64701, Accuracy: 82.22222, Loss: 0.068808243
 
Best Matthews: 0.64701, Best Accuracy: 82.22222, Best Loss: 0.069056686 at epoch 76
Time Elasped: 00:01:13
========= Epoch 78 =========
5/10: Matthews 0.64701, Accuracy: 82.22222, Loss: 0.068705040
10/10: Matthews 0.64701, Accuracy: 82.22222, Loss: 0.068602498
 
Best Matthews: 0.64701, Best Accuracy: 82.22222, Best Loss: 0.069056686 at epoch 76
Time Elasped: 00:01:13
========= Epoch 79 =========
5/10: Matthews 0.64701, Accuracy: 82.22222, Loss: 0.068516578
10/10: Matthews 0.64701, Accuracy: 82.22222, Loss: 0.068438498
 
Best Matthews: 0.64701, Best Accuracy: 82.22222, Best Loss: 0.069056686 at epoch 76
Time Elasped: 00:01:14
========= Epoch 80 =========
5/10: Matthews 0.60541, Accuracy: 80.00000, Loss: 0.068335512
10/10: Matthews 0.60541, Accuracy: 80.00000, Loss: 0.068240102
 
Best Matthews: 0.64701, Best Accuracy: 82.22222, Best Loss: 0.069056686 at epoch 76
Time Elasped: 00:01:14
========= Epoch 81 =========
5/10: Matthews 0.60541, Accuracy: 80.00000, Loss: 0.068142388
10/10: Matthews 0.60541, Accuracy: 80.00000, Loss: 0.068054332
 
Best Matthews: 0.64701, Best Accuracy: 82.22222, Best Loss: 0.069056686 at epoch 76
Time Elasped: 00:01:15
========= Epoch 82 =========
5/10: Matthews 0.60541, Accuracy: 80.00000, Loss: 0.067930486
10/10: Matthews 0.60541, Accuracy: 80.00000, Loss: 0.067813195
 
Best Matthews: 0.64701, Best Accuracy: 82.22222, Best Loss: 0.069056686 at epoch 76
Time Elasped: 00:01:15
========= Epoch 83 =========
5/10: Matthews 0.60541, Accuracy: 80.00000, Loss: 0.067731349
10/10: Matthews 0.60541, Accuracy: 80.00000, Loss: 0.067627276
 
Best Matthews: 0.64701, Best Accuracy: 82.22222, Best Loss: 0.069056686 at epoch 76
Time Elasped: 00:01:16
========= Epoch 84 =========
5/10: Matthews 0.60541, Accuracy: 80.00000, Loss: 0.067517959
10/10: Matthews 0.60541, Accuracy: 80.00000, Loss: 0.067400275
 
Best Matthews: 0.64701, Best Accuracy: 82.22222, Best Loss: 0.069056686 at epoch 76
Time Elasped: 00:01:16
========= Epoch 85 =========
5/10: Matthews 0.60541, Accuracy: 80.00000, Loss: 0.067267148
10/10: Matthews 0.60541, Accuracy: 80.00000, Loss: 0.067157904
 
Best Matthews: 0.64701, Best Accuracy: 82.22222, Best Loss: 0.069056686 at epoch 76
Time Elasped: 00:01:17
========= Epoch 86 =========
5/10: Matthews 0.64701, Accuracy: 82.22222, Loss: 0.067084673
10/10: Matthews 0.64701, Accuracy: 82.22222, Loss: 0.067006863
 
Best Matthews: 0.64701, Best Accuracy: 82.22222, Best Loss: 0.069056686 at epoch 76
Time Elasped: 00:01:17
========= Epoch 87 =========
5/10: Matthews 0.64701, Accuracy: 82.22222, Loss: 0.066920810
10/10: Matthews 0.64701, Accuracy: 82.22222, Loss: 0.066834672
 
Best Matthews: 0.64701, Best Accuracy: 82.22222, Best Loss: 0.069056686 at epoch 76
Time Elasped: 00:01:18
========= Epoch 88 =========
5/10: Matthews 0.64701, Accuracy: 82.22222, Loss: 0.066729302
10/10: Matthews 0.64701, Accuracy: 82.22222, Loss: 0.066633786
 
Best Matthews: 0.64701, Best Accuracy: 82.22222, Best Loss: 0.069056686 at epoch 76
Time Elasped: 00:01:19
========= Epoch 89 =========
5/10: Matthews 0.64701, Accuracy: 82.22222, Loss: 0.066548273
10/10: Matthews 0.64701, Accuracy: 82.22222, Loss: 0.066450675
 
Best Matthews: 0.64701, Best Accuracy: 82.22222, Best Loss: 0.069056686 at epoch 76
Time Elasped: 00:01:19
========= Epoch 90 =========
5/10: Matthews 0.64701, Accuracy: 82.22222, Loss: 0.066352971
10/10: Matthews 0.64701, Accuracy: 82.22222, Loss: 0.066253863
 
Best Matthews: 0.64701, Best Accuracy: 82.22222, Best Loss: 0.069056686 at epoch 76
Time Elasped: 00:01:20
========= Epoch 91 =========
5/10: Matthews 0.64701, Accuracy: 82.22222, Loss: 0.066160133
10/10: Matthews 0.64701, Accuracy: 82.22222, Loss: 0.066058116
 
Best Matthews: 0.64701, Best Accuracy: 82.22222, Best Loss: 0.069056686 at epoch 76
Time Elasped: 00:01:20
========= Epoch 92 =========
5/10: Matthews 0.64701, Accuracy: 82.22222, Loss: 0.065946452
10/10: Matthews 0.64701, Accuracy: 82.22222, Loss: 0.065847800
 
Best Matthews: 0.64701, Best Accuracy: 82.22222, Best Loss: 0.069056686 at epoch 76
Time Elasped: 00:01:21
========= Epoch 93 =========
5/10: Matthews 0.64701, Accuracy: 82.22222, Loss: 0.065757126
10/10: Matthews 0.64701, Accuracy: 82.22222, Loss: 0.065659142
 
Best Matthews: 0.64701, Best Accuracy: 82.22222, Best Loss: 0.069056686 at epoch 76
Time Elasped: 00:01:21
========= Epoch 94 =========
5/10: Matthews 0.64701, Accuracy: 82.22222, Loss: 0.065570651
10/10: Matthews 0.64701, Accuracy: 82.22222, Loss: 0.065469705
 
Best Matthews: 0.64701, Best Accuracy: 82.22222, Best Loss: 0.069056686 at epoch 76
Time Elasped: 00:01:22
========= Epoch 95 =========
5/10: Matthews 0.64701, Accuracy: 82.22222, Loss: 0.065341096
10/10: Matthews 0.64701, Accuracy: 82.22222, Loss: 0.065258153
 
Best Matthews: 0.64701, Best Accuracy: 82.22222, Best Loss: 0.069056686 at epoch 76
Time Elasped: 00:01:22
========= Epoch 96 =========
5/10: Matthews 0.64701, Accuracy: 82.22222, Loss: 0.065175449
10/10: Matthews 0.64701, Accuracy: 82.22222, Loss: 0.065067519
 
Best Matthews: 0.64701, Best Accuracy: 82.22222, Best Loss: 0.069056686 at epoch 76
Time Elasped: 00:01:23
========= Epoch 97 =========
Early Stopping activated
 
Best Matthews: 0.64701, Best Accuracy: 82.22222, Best Loss: 0.069056686 at epoch 76
Time Elasped: 00:01:25
Test Set:
0/0: Matthews 0.51739, Accuracy: 75.47170, Loss: 0.022160449
