Namespace(batch_size=32, buffer_size=1, by_source=False, crop_pad_length=30, data='./acceptability_corpus/verb_classes/understood', data_type='discriminator', dropout=0.2, embedding='glove.6B.300d', embedding_path='/scratch/asw462/models/elmo_encoder/elmo.emb', embedding_size=217, encoder_num_layers=2, encoder_path='/scratch/asw462/models/elmo_encoder/elmo.pth', encoding_size=528, encoding_type='lstm_pooling_classifier', epochs=1000, evaluate_train=False, experiment_name='experiment_linear_classifier_h_147_l_1_lr_0.0001_e_217_do_0.2', glove=False, gpu=True, hidden_size=147, imbalance=True, learning_rate=9e-05, lm_path=None, logs_dir='/scratch/asw462/logs/verb_classes/understood', max_pool=False, model='linear_classifier', num_layers=1, output_dir='/scratch/asw462/logs/verb_classes/outputs/understood', patience=20, preprocess_tokenizer='space', prints_per_stage=1, resume=True, resume_file=None, save_loc='/scratch/asw462/models/verb_classes/understood', seed=1111, should_not_log=False, should_not_lowercase=False, should_not_preprocess_data=False, stages_per_epoch=2, train_embeddings=False, train_evaluate_interval=10, vocab_file='/scratch/asw462/data/vocab_100k.tsv')
======== General =======
Model: linear_classifier
GPU: True
Experiment Name: experiment_linear_classifier_h_147_l_1_lr_0.0001_e_217_do_0.2
Save location: /scratch/asw462/models/verb_classes/understood
Logs dir: /scratch/asw462/logs/verb_classes/understood
Timestamp: 2018/08/01 19:45:40
 
======== Data =======
Training set: 296 examples
Validation set: 90 examples
Test set: 318 examples
 
======= Parameters =======
Learning Rate: 0.000090
Batch Size: 32
Epochs: 1000
Patience: 20
Stages per Epoch: 2
Embedding: 100004 x 217
Number of layers: 1
Hidden Size: 147
Encoder Size: 528
Resume: True
 
======= Model =======
LinearClassifierWithEncoder(
  (model): LinearClassifier(
    (dropout): Dropout(p=0.2)
    (enc2h): Linear(in_features=1056, out_features=147, bias=True)
    (h20): Linear(in_features=147, out_features=1, bias=True)
    (sigmoid): Sigmoid()
    (tanh): Tanh()
    (softmax): Softmax()
  )
  (encoder): LSTMPoolingClassifierWithELMo(
    (elmo): ELMOClassifier(
      (lm): LSTMLanguageModel(
        (dropout): Dropout(p=0.2)
        (embedding): Embedding(100003, 217)
        (lstm): LSTM(217, 891, num_layers=2, dropout=0.2)
        (fc): Linear(in_features=891, out_features=100003, bias=True)
      )
      (lstms): ModuleList(
        (0): LSTM(217, 891, batch_first=True)
        (1): LSTM(891, 891, batch_first=True)
      )
      (dropout): Dropout(p=0.2)
      (linear_comb): Linear(in_features=2, out_features=1, bias=True)
      (fc1): Linear(in_features=891, out_features=528, bias=True)
      (relu): ReLU()
      (out): Linear(in_features=528, out_features=1, bias=True)
      (sigmoid): Sigmoid()
    )
    (pooling_classifier): LSTMPoolingClassifier(
      (ih2h): LSTM(891, 528, num_layers=3, batch_first=True, dropout=0.2, bidirectional=True)
      (pool2o): Linear(in_features=1056, out_features=1, bias=True)
      (sigmoid): Sigmoid()
      (softmax): Softmax()
      (dropout): Dropout(p=0.2)
    )
  )
)
 
========= Epoch 1 =========
5/10: Matthews 0.16961, Accuracy: 55.55556, Loss: 0.093153212
10/10: Matthews 0.27778, Accuracy: 61.11111, Loss: 0.088168319
 
Best Matthews: 0.27778, Best Accuracy: 61.11111, Best Loss: 0.088168319 at epoch 1
Time Elasped: 00:00:08
========= Epoch 2 =========
5/10: Matthews 0.27778, Accuracy: 61.11111, Loss: 0.083843968
10/10: Matthews 0.31025, Accuracy: 63.33333, Loss: 0.080222469
 
Best Matthews: 0.31025, Best Accuracy: 63.33333, Best Loss: 0.080222469 at epoch 2
Time Elasped: 00:00:10
========= Epoch 3 =========
5/10: Matthews 0.39223, Accuracy: 67.77778, Loss: 0.077782382
10/10: Matthews 0.41219, Accuracy: 68.88889, Loss: 0.076006794
 
Best Matthews: 0.41219, Best Accuracy: 68.88889, Best Loss: 0.076006794 at epoch 3
Time Elasped: 00:00:13
========= Epoch 4 =========
5/10: Matthews 0.51066, Accuracy: 74.44444, Loss: 0.074979390
10/10: Matthews 0.54433, Accuracy: 76.66667, Loss: 0.073309559
 
Best Matthews: 0.54433, Best Accuracy: 76.66667, Best Loss: 0.073309559 at epoch 4
Time Elasped: 00:00:16
========= Epoch 5 =========
5/10: Matthews 0.52422, Accuracy: 75.55556, Loss: 0.071171294
10/10: Matthews 0.55002, Accuracy: 76.66667, Loss: 0.069416189
 
Best Matthews: 0.55002, Best Accuracy: 76.66667, Best Loss: 0.069416189 at epoch 5
Time Elasped: 00:00:18
========= Epoch 6 =========
5/10: Matthews 0.60971, Accuracy: 80.00000, Loss: 0.067813820
10/10: Matthews 0.64701, Accuracy: 82.22222, Loss: 0.066309076
 
Best Matthews: 0.64701, Best Accuracy: 82.22222, Best Loss: 0.066309076 at epoch 6
Time Elasped: 00:00:22
========= Epoch 7 =========
5/10: Matthews 0.69163, Accuracy: 84.44444, Loss: 0.064676719
10/10: Matthews 0.69163, Accuracy: 84.44444, Loss: 0.063164653
 
Best Matthews: 0.69163, Best Accuracy: 84.44444, Best Loss: 0.064676719 at epoch 7
Time Elasped: 00:00:25
========= Epoch 8 =========
5/10: Matthews 0.65025, Accuracy: 82.22222, Loss: 0.061851623
10/10: Matthews 0.65025, Accuracy: 82.22222, Loss: 0.060819530
 
Best Matthews: 0.69163, Best Accuracy: 84.44444, Best Loss: 0.064676719 at epoch 7
Time Elasped: 00:00:25
========= Epoch 9 =========
5/10: Matthews 0.67082, Accuracy: 83.33333, Loss: 0.059757821
10/10: Matthews 0.71270, Accuracy: 85.55556, Loss: 0.058781465
 
Best Matthews: 0.71270, Best Accuracy: 85.55556, Best Loss: 0.058781465 at epoch 9
Time Elasped: 00:00:27
========= Epoch 10 =========
5/10: Matthews 0.80020, Accuracy: 90.00000, Loss: 0.058301793
10/10: Matthews 0.80020, Accuracy: 90.00000, Loss: 0.057800950
 
Best Matthews: 0.80020, Best Accuracy: 90.00000, Best Loss: 0.058301793 at epoch 10
Time Elasped: 00:00:29
========= Epoch 11 =========
5/10: Matthews 0.84465, Accuracy: 92.22222, Loss: 0.057625786
10/10: Matthews 0.84465, Accuracy: 92.22222, Loss: 0.057144059
 
Best Matthews: 0.84465, Best Accuracy: 92.22222, Best Loss: 0.057625786 at epoch 11
Time Elasped: 00:00:31
========= Epoch 12 =========
5/10: Matthews 0.84465, Accuracy: 92.22222, Loss: 0.056348854
10/10: Matthews 0.84465, Accuracy: 92.22222, Loss: 0.055639643
 
Best Matthews: 0.84465, Best Accuracy: 92.22222, Best Loss: 0.057625786 at epoch 11
Time Elasped: 00:00:32
========= Epoch 13 =========
5/10: Matthews 0.86667, Accuracy: 93.33333, Loss: 0.054761251
10/10: Matthews 0.86667, Accuracy: 93.33333, Loss: 0.053854285
 
Best Matthews: 0.86667, Best Accuracy: 93.33333, Best Loss: 0.054761251 at epoch 13
Time Elasped: 00:00:33
========= Epoch 14 =========
5/10: Matthews 0.84465, Accuracy: 92.22222, Loss: 0.052856599
10/10: Matthews 0.86667, Accuracy: 93.33333, Loss: 0.052040927
 
Best Matthews: 0.86667, Best Accuracy: 93.33333, Best Loss: 0.054761251 at epoch 13
Time Elasped: 00:00:34
========= Epoch 15 =========
5/10: Matthews 0.86752, Accuracy: 93.33333, Loss: 0.051904731
10/10: Matthews 0.89087, Accuracy: 94.44444, Loss: 0.051645904
 
Best Matthews: 0.89087, Best Accuracy: 94.44444, Best Loss: 0.051645904 at epoch 15
Time Elasped: 00:00:37
========= Epoch 16 =========
5/10: Matthews 0.87011, Accuracy: 93.33333, Loss: 0.052066639
10/10: Matthews 0.89087, Accuracy: 94.44444, Loss: 0.051483250
 
Best Matthews: 0.89087, Best Accuracy: 94.44444, Best Loss: 0.051645904 at epoch 15
Time Elasped: 00:00:38
========= Epoch 17 =========
5/10: Matthews 0.86752, Accuracy: 93.33333, Loss: 0.050432555
10/10: Matthews 0.86752, Accuracy: 93.33333, Loss: 0.049817472
 
Best Matthews: 0.89087, Best Accuracy: 94.44444, Best Loss: 0.051645904 at epoch 15
Time Elasped: 00:00:39
========= Epoch 18 =========
5/10: Matthews 0.91111, Accuracy: 95.55556, Loss: 0.049623924
10/10: Matthews 0.88911, Accuracy: 94.44444, Loss: 0.049174213
 
Best Matthews: 0.91111, Best Accuracy: 95.55556, Best Loss: 0.049623924 at epoch 18
Time Elasped: 00:00:40
========= Epoch 19 =========
5/10: Matthews 0.86752, Accuracy: 93.33333, Loss: 0.048330980
10/10: Matthews 0.86752, Accuracy: 93.33333, Loss: 0.047780630
 
Best Matthews: 0.91111, Best Accuracy: 95.55556, Best Loss: 0.049623924 at epoch 18
Time Elasped: 00:00:41
========= Epoch 20 =========
5/10: Matthews 0.89087, Accuracy: 94.44444, Loss: 0.047518815
10/10: Matthews 0.86752, Accuracy: 93.33333, Loss: 0.046922207
 
Best Matthews: 0.91111, Best Accuracy: 95.55556, Best Loss: 0.049623924 at epoch 18
Time Elasped: 00:00:42
========= Epoch 21 =========
5/10: Matthews 0.89087, Accuracy: 94.44444, Loss: 0.046259737
10/10: Matthews 0.89087, Accuracy: 94.44444, Loss: 0.045648564
 
Best Matthews: 0.91111, Best Accuracy: 95.55556, Best Loss: 0.049623924 at epoch 18
Time Elasped: 00:00:42
========= Epoch 22 =========
5/10: Matthews 0.86752, Accuracy: 93.33333, Loss: 0.044386143
10/10: Matthews 0.86752, Accuracy: 93.33333, Loss: 0.043985605
 
Best Matthews: 0.91111, Best Accuracy: 95.55556, Best Loss: 0.049623924 at epoch 18
Time Elasped: 00:00:43
========= Epoch 23 =========
5/10: Matthews 0.86752, Accuracy: 93.33333, Loss: 0.044027042
10/10: Matthews 0.86752, Accuracy: 93.33333, Loss: 0.043817984
 
Best Matthews: 0.91111, Best Accuracy: 95.55556, Best Loss: 0.049623924 at epoch 18
Time Elasped: 00:00:43
========= Epoch 24 =========
5/10: Matthews 0.88911, Accuracy: 94.44444, Loss: 0.043752103
10/10: Matthews 0.88911, Accuracy: 94.44444, Loss: 0.043206157
 
Best Matthews: 0.91111, Best Accuracy: 95.55556, Best Loss: 0.049623924 at epoch 18
Time Elasped: 00:00:44
========= Epoch 25 =========
5/10: Matthews 0.88911, Accuracy: 94.44444, Loss: 0.043073832
10/10: Matthews 0.88911, Accuracy: 94.44444, Loss: 0.042745553
 
Best Matthews: 0.91111, Best Accuracy: 95.55556, Best Loss: 0.049623924 at epoch 18
Time Elasped: 00:00:44
========= Epoch 26 =========
5/10: Matthews 0.91201, Accuracy: 95.55556, Loss: 0.042253049
10/10: Matthews 0.91201, Accuracy: 95.55556, Loss: 0.041490420
 
Best Matthews: 0.91201, Best Accuracy: 95.55556, Best Loss: 0.042253049 at epoch 26
Time Elasped: 00:00:46
========= Epoch 27 =========
5/10: Matthews 0.93541, Accuracy: 96.66667, Loss: 0.040820991
10/10: Matthews 0.93541, Accuracy: 96.66667, Loss: 0.040448266
 
Best Matthews: 0.93541, Best Accuracy: 96.66667, Best Loss: 0.040820991 at epoch 27
Time Elasped: 00:00:48
========= Epoch 28 =========
5/10: Matthews 0.91201, Accuracy: 95.55556, Loss: 0.040348853
10/10: Matthews 0.91201, Accuracy: 95.55556, Loss: 0.040042305
 
Best Matthews: 0.93541, Best Accuracy: 96.66667, Best Loss: 0.040820991 at epoch 27
Time Elasped: 00:00:49
========= Epoch 29 =========
5/10: Matthews 0.91201, Accuracy: 95.55556, Loss: 0.040297161
10/10: Matthews 0.91201, Accuracy: 95.55556, Loss: 0.040025335
 
Best Matthews: 0.93541, Best Accuracy: 96.66667, Best Loss: 0.040820991 at epoch 27
Time Elasped: 00:00:49
========= Epoch 30 =========
5/10: Matthews 0.91201, Accuracy: 95.55556, Loss: 0.039549224
10/10: Matthews 0.91201, Accuracy: 95.55556, Loss: 0.038941887
 
Best Matthews: 0.93541, Best Accuracy: 96.66667, Best Loss: 0.040820991 at epoch 27
Time Elasped: 00:00:50
========= Epoch 31 =========
5/10: Matthews 0.91201, Accuracy: 95.55556, Loss: 0.038211256
10/10: Matthews 0.91201, Accuracy: 95.55556, Loss: 0.037648810
 
Best Matthews: 0.93541, Best Accuracy: 96.66667, Best Loss: 0.040820991 at epoch 27
Time Elasped: 00:00:50
========= Epoch 32 =========
5/10: Matthews 0.91201, Accuracy: 95.55556, Loss: 0.037413189
10/10: Matthews 0.93541, Accuracy: 96.66667, Loss: 0.037175380
 
Best Matthews: 0.93541, Best Accuracy: 96.66667, Best Loss: 0.040820991 at epoch 27
Time Elasped: 00:00:51
========= Epoch 33 =========
5/10: Matthews 0.93541, Accuracy: 96.66667, Loss: 0.036997101
10/10: Matthews 0.93541, Accuracy: 96.66667, Loss: 0.036731169
 
Best Matthews: 0.93541, Best Accuracy: 96.66667, Best Loss: 0.040820991 at epoch 27
Time Elasped: 00:00:51
========= Epoch 34 =========
5/10: Matthews 0.93541, Accuracy: 96.66667, Loss: 0.037028888
10/10: Matthews 0.93541, Accuracy: 96.66667, Loss: 0.036649911
 
Best Matthews: 0.93541, Best Accuracy: 96.66667, Best Loss: 0.040820991 at epoch 27
Time Elasped: 00:00:52
========= Epoch 35 =========
5/10: Matthews 0.93541, Accuracy: 96.66667, Loss: 0.036139501
10/10: Matthews 0.93541, Accuracy: 96.66667, Loss: 0.035699066
 
Best Matthews: 0.93541, Best Accuracy: 96.66667, Best Loss: 0.040820991 at epoch 27
Time Elasped: 00:00:52
========= Epoch 36 =========
5/10: Matthews 0.91201, Accuracy: 95.55556, Loss: 0.035665856
10/10: Matthews 0.91201, Accuracy: 95.55556, Loss: 0.035385704
 
Best Matthews: 0.93541, Best Accuracy: 96.66667, Best Loss: 0.040820991 at epoch 27
Time Elasped: 00:00:53
========= Epoch 37 =========
5/10: Matthews 0.91201, Accuracy: 95.55556, Loss: 0.034846210
10/10: Matthews 0.91201, Accuracy: 95.55556, Loss: 0.034309313
 
Best Matthews: 0.93541, Best Accuracy: 96.66667, Best Loss: 0.040820991 at epoch 27
Time Elasped: 00:00:53
========= Epoch 38 =========
5/10: Matthews 0.91201, Accuracy: 95.55556, Loss: 0.034318071
10/10: Matthews 0.91201, Accuracy: 95.55556, Loss: 0.034098906
 
Best Matthews: 0.93541, Best Accuracy: 96.66667, Best Loss: 0.040820991 at epoch 27
Time Elasped: 00:00:54
========= Epoch 39 =========
5/10: Matthews 0.91201, Accuracy: 95.55556, Loss: 0.033704927
10/10: Matthews 0.91201, Accuracy: 95.55556, Loss: 0.033532397
 
Best Matthews: 0.93541, Best Accuracy: 96.66667, Best Loss: 0.040820991 at epoch 27
Time Elasped: 00:00:55
========= Epoch 40 =========
5/10: Matthews 0.91201, Accuracy: 95.55556, Loss: 0.033286497
10/10: Matthews 0.91201, Accuracy: 95.55556, Loss: 0.033329956
 
Best Matthews: 0.93541, Best Accuracy: 96.66667, Best Loss: 0.040820991 at epoch 27
Time Elasped: 00:00:55
========= Epoch 41 =========
5/10: Matthews 0.93541, Accuracy: 96.66667, Loss: 0.033864948
10/10: Matthews 0.93541, Accuracy: 96.66667, Loss: 0.033852906
 
Best Matthews: 0.93541, Best Accuracy: 96.66667, Best Loss: 0.040820991 at epoch 27
Time Elasped: 00:00:56
========= Epoch 42 =========
5/10: Matthews 0.91473, Accuracy: 95.55556, Loss: 0.033706183
10/10: Matthews 0.93541, Accuracy: 96.66667, Loss: 0.033486467
 
Best Matthews: 0.93541, Best Accuracy: 96.66667, Best Loss: 0.040820991 at epoch 27
Time Elasped: 00:00:56
========= Epoch 43 =========
5/10: Matthews 0.91201, Accuracy: 95.55556, Loss: 0.033201655
10/10: Matthews 0.91201, Accuracy: 95.55556, Loss: 0.033324522
 
Best Matthews: 0.93541, Best Accuracy: 96.66667, Best Loss: 0.040820991 at epoch 27
Time Elasped: 00:00:57
========= Epoch 44 =========
5/10: Matthews 0.91201, Accuracy: 95.55556, Loss: 0.033424822
10/10: Matthews 0.91201, Accuracy: 95.55556, Loss: 0.033489148
 
Best Matthews: 0.93541, Best Accuracy: 96.66667, Best Loss: 0.040820991 at epoch 27
Time Elasped: 00:00:57
========= Epoch 45 =========
5/10: Matthews 0.91201, Accuracy: 95.55556, Loss: 0.033303587
10/10: Matthews 0.91201, Accuracy: 95.55556, Loss: 0.033067862
 
Best Matthews: 0.93541, Best Accuracy: 96.66667, Best Loss: 0.040820991 at epoch 27
Time Elasped: 00:00:58
========= Epoch 46 =========
5/10: Matthews 0.91201, Accuracy: 95.55556, Loss: 0.032679550
10/10: Matthews 0.91201, Accuracy: 95.55556, Loss: 0.032433436
 
Best Matthews: 0.93541, Best Accuracy: 96.66667, Best Loss: 0.040820991 at epoch 27
Time Elasped: 00:00:58
========= Epoch 47 =========
5/10: Matthews 0.91201, Accuracy: 95.55556, Loss: 0.032234298
10/10: Matthews 0.91201, Accuracy: 95.55556, Loss: 0.032053582
 
Best Matthews: 0.93541, Best Accuracy: 96.66667, Best Loss: 0.040820991 at epoch 27
Time Elasped: 00:00:59
========= Epoch 48 =========
Early Stopping activated
 
Best Matthews: 0.93541, Best Accuracy: 96.66667, Best Loss: 0.040820991 at epoch 27
Time Elasped: 00:01:01
Test Set:
0/0: Matthews 0.74475, Accuracy: 87.10692, Loss: 0.013411282
