Namespace(batch_size=32, buffer_size=1, by_source=False, crop_pad_length=30, data='./acceptability_corpus/verb_classes/understood', data_type='discriminator', dropout=0.5, embedding='glove.6B.300d', embedding_path='/scratch/asw462/models/elmo_encoder/elmo.emb', embedding_size=217, encoder_num_layers=2, encoder_path='/scratch/asw462/models/elmo_encoder/elmo.pth', encoding_size=528, encoding_type='lstm_pooling_classifier', epochs=1000, evaluate_train=False, experiment_name='experiment_linear_classifier_h_26_l_2_lr_0.0002_e_217_do_0.5', glove=False, gpu=True, hidden_size=26, imbalance=True, learning_rate=0.00016, lm_path=None, logs_dir='/scratch/asw462/logs/verb_classes/understood', max_pool=False, model='linear_classifier', num_layers=2, output_dir='/scratch/asw462/logs/verb_classes/outputs/understood', patience=20, preprocess_tokenizer='space', prints_per_stage=1, resume=True, resume_file=None, save_loc='/scratch/asw462/models/verb_classes/understood', seed=1111, should_not_log=False, should_not_lowercase=False, should_not_preprocess_data=False, stages_per_epoch=2, train_embeddings=False, train_evaluate_interval=10, vocab_file='/scratch/asw462/data/vocab_100k.tsv')
======== General =======
Model: linear_classifier
GPU: True
Experiment Name: experiment_linear_classifier_h_26_l_2_lr_0.0002_e_217_do_0.5
Save location: /scratch/asw462/models/verb_classes/understood
Logs dir: /scratch/asw462/logs/verb_classes/understood
Timestamp: 2018/08/01 20:49:20
 
======== Data =======
Training set: 296 examples
Validation set: 90 examples
Test set: 318 examples
 
======= Parameters =======
Learning Rate: 0.000160
Batch Size: 32
Epochs: 1000
Patience: 20
Stages per Epoch: 2
Embedding: 100004 x 217
Number of layers: 2
Hidden Size: 26
Encoder Size: 528
Resume: True
 
======= Model =======
LinearClassifierWithEncoder(
  (model): LinearClassifier(
    (dropout): Dropout(p=0.5)
    (enc2h): Linear(in_features=1056, out_features=26, bias=True)
    (h20): Linear(in_features=26, out_features=1, bias=True)
    (sigmoid): Sigmoid()
    (tanh): Tanh()
    (softmax): Softmax()
  )
  (encoder): LSTMPoolingClassifierWithELMo(
    (elmo): ELMOClassifier(
      (lm): LSTMLanguageModel(
        (dropout): Dropout(p=0.2)
        (embedding): Embedding(100003, 217)
        (lstm): LSTM(217, 891, num_layers=2, dropout=0.2)
        (fc): Linear(in_features=891, out_features=100003, bias=True)
      )
      (lstms): ModuleList(
        (0): LSTM(217, 891, batch_first=True)
        (1): LSTM(891, 891, batch_first=True)
      )
      (dropout): Dropout(p=0.2)
      (linear_comb): Linear(in_features=2, out_features=1, bias=True)
      (fc1): Linear(in_features=891, out_features=528, bias=True)
      (relu): ReLU()
      (out): Linear(in_features=528, out_features=1, bias=True)
      (sigmoid): Sigmoid()
    )
    (pooling_classifier): LSTMPoolingClassifier(
      (ih2h): LSTM(891, 528, num_layers=3, batch_first=True, dropout=0.2, bidirectional=True)
      (pool2o): Linear(in_features=1056, out_features=1, bias=True)
      (sigmoid): Sigmoid()
      (softmax): Softmax()
      (dropout): Dropout(p=0.2)
    )
  )
)
 
========= Epoch 1 =========
5/10: Matthews 0.42426, Accuracy: 70.00000, Loss: 0.094491386
10/10: Matthews 0.29949, Accuracy: 62.22222, Loss: 0.090933524
 
Best Matthews: 0.42426, Best Accuracy: 70.00000, Best Loss: 0.094491386 at epoch 1
Time Elasped: 00:00:08
========= Epoch 2 =========
5/10: Matthews 0.23250, Accuracy: 58.88889, Loss: 0.088142628
10/10: Matthews 0.27778, Accuracy: 61.11111, Loss: 0.085705074
 
Best Matthews: 0.42426, Best Accuracy: 70.00000, Best Loss: 0.094491386 at epoch 1
Time Elasped: 00:00:08
========= Epoch 3 =========
5/10: Matthews 0.29949, Accuracy: 62.22222, Loss: 0.083291668
10/10: Matthews 0.29949, Accuracy: 62.22222, Loss: 0.081281471
 
Best Matthews: 0.42426, Best Accuracy: 70.00000, Best Loss: 0.094491386 at epoch 1
Time Elasped: 00:00:09
========= Epoch 4 =========
5/10: Matthews 0.34151, Accuracy: 64.44444, Loss: 0.079233106
10/10: Matthews 0.46068, Accuracy: 71.11111, Loss: 0.077291436
 
Best Matthews: 0.46068, Best Accuracy: 71.11111, Best Loss: 0.077291436 at epoch 4
Time Elasped: 00:00:11
========= Epoch 5 =========
5/10: Matthews 0.53780, Accuracy: 75.55556, Loss: 0.075583273
10/10: Matthews 0.56980, Accuracy: 77.77778, Loss: 0.074097718
 
Best Matthews: 0.56980, Best Accuracy: 77.77778, Best Loss: 0.074097718 at epoch 5
Time Elasped: 00:00:18
========= Epoch 6 =========
5/10: Matthews 0.60971, Accuracy: 80.00000, Loss: 0.072699330
10/10: Matthews 0.58969, Accuracy: 78.88889, Loss: 0.071349303
 
Best Matthews: 0.60971, Best Accuracy: 80.00000, Best Loss: 0.072699330 at epoch 6
Time Elasped: 00:00:21
========= Epoch 7 =========
5/10: Matthews 0.57643, Accuracy: 77.77778, Loss: 0.070230987
10/10: Matthews 0.61539, Accuracy: 80.00000, Loss: 0.069259951
 
Best Matthews: 0.61539, Best Accuracy: 80.00000, Best Loss: 0.069259951 at epoch 7
Time Elasped: 00:00:24
========= Epoch 8 =========
5/10: Matthews 0.61539, Accuracy: 80.00000, Loss: 0.068533929
10/10: Matthews 0.58969, Accuracy: 78.88889, Loss: 0.067855528
 
Best Matthews: 0.61539, Best Accuracy: 80.00000, Best Loss: 0.069259951 at epoch 7
Time Elasped: 00:00:25
========= Epoch 9 =========
5/10: Matthews 0.65025, Accuracy: 82.22222, Loss: 0.066913372
10/10: Matthews 0.69163, Accuracy: 84.44444, Loss: 0.066117165
 
Best Matthews: 0.69163, Best Accuracy: 84.44444, Best Loss: 0.066117165 at epoch 9
Time Elasped: 00:00:30
========= Epoch 10 =========
5/10: Matthews 0.69163, Accuracy: 84.44444, Loss: 0.065347274
10/10: Matthews 0.69163, Accuracy: 84.44444, Loss: 0.064515008
 
Best Matthews: 0.69163, Best Accuracy: 84.44444, Best Loss: 0.066117165 at epoch 9
Time Elasped: 00:00:30
========= Epoch 11 =========
5/10: Matthews 0.75574, Accuracy: 87.77778, Loss: 0.063869980
10/10: Matthews 0.75574, Accuracy: 87.77778, Loss: 0.063124609
 
Best Matthews: 0.75574, Best Accuracy: 87.77778, Best Loss: 0.063869980 at epoch 11
Time Elasped: 00:00:33
========= Epoch 12 =========
5/10: Matthews 0.80020, Accuracy: 90.00000, Loss: 0.062327252
10/10: Matthews 0.77855, Accuracy: 88.88889, Loss: 0.061567248
 
Best Matthews: 0.80020, Best Accuracy: 90.00000, Best Loss: 0.062327252 at epoch 12
Time Elasped: 00:00:37
========= Epoch 13 =========
5/10: Matthews 0.82549, Accuracy: 91.11111, Loss: 0.060960950
10/10: Matthews 0.80178, Accuracy: 90.00000, Loss: 0.060130956
 
Best Matthews: 0.82549, Best Accuracy: 91.11111, Best Loss: 0.060960950 at epoch 13
Time Elasped: 00:00:40
========= Epoch 14 =========
5/10: Matthews 0.82304, Accuracy: 91.11111, Loss: 0.059364626
10/10: Matthews 0.80020, Accuracy: 90.00000, Loss: 0.058579106
 
Best Matthews: 0.82549, Best Accuracy: 91.11111, Best Loss: 0.060960950 at epoch 13
Time Elasped: 00:00:40
========= Epoch 15 =========
5/10: Matthews 0.71270, Accuracy: 85.55556, Loss: 0.057939233
10/10: Matthews 0.71270, Accuracy: 85.55556, Loss: 0.057242701
 
Best Matthews: 0.82549, Best Accuracy: 91.11111, Best Loss: 0.060960950 at epoch 13
Time Elasped: 00:00:41
========= Epoch 16 =========
5/10: Matthews 0.80020, Accuracy: 90.00000, Loss: 0.056616656
10/10: Matthews 0.82304, Accuracy: 91.11111, Loss: 0.056078699
 
Best Matthews: 0.82549, Best Accuracy: 91.11111, Best Loss: 0.060960950 at epoch 13
Time Elasped: 00:00:42
========= Epoch 17 =========
5/10: Matthews 0.82549, Accuracy: 91.11111, Loss: 0.055534400
10/10: Matthews 0.82549, Accuracy: 91.11111, Loss: 0.055035390
 
Best Matthews: 0.82549, Best Accuracy: 91.11111, Best Loss: 0.060960950 at epoch 13
Time Elasped: 00:00:42
========= Epoch 18 =========
5/10: Matthews 0.82549, Accuracy: 91.11111, Loss: 0.055138620
10/10: Matthews 0.82549, Accuracy: 91.11111, Loss: 0.054804230
 
Best Matthews: 0.82549, Best Accuracy: 91.11111, Best Loss: 0.060960950 at epoch 13
Time Elasped: 00:00:43
========= Epoch 19 =========
5/10: Matthews 0.86752, Accuracy: 93.33333, Loss: 0.054176749
10/10: Matthews 0.86752, Accuracy: 93.33333, Loss: 0.053650920
 
Best Matthews: 0.86752, Best Accuracy: 93.33333, Best Loss: 0.054176749 at epoch 19
Time Elasped: 00:00:45
========= Epoch 20 =========
5/10: Matthews 0.84465, Accuracy: 92.22222, Loss: 0.053155973
10/10: Matthews 0.86667, Accuracy: 93.33333, Loss: 0.053015698
 
Best Matthews: 0.86752, Best Accuracy: 93.33333, Best Loss: 0.054176749 at epoch 19
Time Elasped: 00:00:46
========= Epoch 21 =========
5/10: Matthews 0.86667, Accuracy: 93.33333, Loss: 0.052910058
10/10: Matthews 0.86667, Accuracy: 93.33333, Loss: 0.052745999
 
Best Matthews: 0.86752, Best Accuracy: 93.33333, Best Loss: 0.054176749 at epoch 19
Time Elasped: 00:00:46
========= Epoch 22 =========
5/10: Matthews 0.86667, Accuracy: 93.33333, Loss: 0.052515173
10/10: Matthews 0.86667, Accuracy: 93.33333, Loss: 0.051997375
 
Best Matthews: 0.86752, Best Accuracy: 93.33333, Best Loss: 0.054176749 at epoch 19
Time Elasped: 00:00:47
========= Epoch 23 =========
5/10: Matthews 0.86667, Accuracy: 93.33333, Loss: 0.051655250
10/10: Matthews 0.88911, Accuracy: 94.44444, Loss: 0.051046334
 
Best Matthews: 0.88911, Best Accuracy: 94.44444, Best Loss: 0.051046334 at epoch 23
Time Elasped: 00:00:49
========= Epoch 24 =========
5/10: Matthews 0.88911, Accuracy: 94.44444, Loss: 0.050315460
10/10: Matthews 0.86667, Accuracy: 93.33333, Loss: 0.049780305
 
Best Matthews: 0.88911, Best Accuracy: 94.44444, Best Loss: 0.051046334 at epoch 23
Time Elasped: 00:00:50
========= Epoch 25 =========
5/10: Matthews 0.86667, Accuracy: 93.33333, Loss: 0.049268076
10/10: Matthews 0.86667, Accuracy: 93.33333, Loss: 0.049012868
 
Best Matthews: 0.88911, Best Accuracy: 94.44444, Best Loss: 0.051046334 at epoch 23
Time Elasped: 00:00:51
========= Epoch 26 =========
5/10: Matthews 0.89087, Accuracy: 94.44444, Loss: 0.048617252
10/10: Matthews 0.89087, Accuracy: 94.44444, Loss: 0.048258506
 
Best Matthews: 0.89087, Best Accuracy: 94.44444, Best Loss: 0.048617252 at epoch 26
Time Elasped: 00:00:53
========= Epoch 27 =========
5/10: Matthews 0.86752, Accuracy: 93.33333, Loss: 0.047793123
10/10: Matthews 0.86752, Accuracy: 93.33333, Loss: 0.047300227
 
Best Matthews: 0.89087, Best Accuracy: 94.44444, Best Loss: 0.048617252 at epoch 26
Time Elasped: 00:00:54
========= Epoch 28 =========
5/10: Matthews 0.86752, Accuracy: 93.33333, Loss: 0.046779982
10/10: Matthews 0.86752, Accuracy: 93.33333, Loss: 0.046339761
 
Best Matthews: 0.89087, Best Accuracy: 94.44444, Best Loss: 0.048617252 at epoch 26
Time Elasped: 00:00:55
========= Epoch 29 =========
5/10: Matthews 0.86752, Accuracy: 93.33333, Loss: 0.045955896
10/10: Matthews 0.89087, Accuracy: 94.44444, Loss: 0.045634535
 
Best Matthews: 0.89087, Best Accuracy: 94.44444, Best Loss: 0.048617252 at epoch 26
Time Elasped: 00:00:55
========= Epoch 30 =========
5/10: Matthews 0.86752, Accuracy: 93.33333, Loss: 0.045099460
10/10: Matthews 0.86752, Accuracy: 93.33333, Loss: 0.044953145
 
Best Matthews: 0.89087, Best Accuracy: 94.44444, Best Loss: 0.048617252 at epoch 26
Time Elasped: 00:00:56
========= Epoch 31 =========
5/10: Matthews 0.86752, Accuracy: 93.33333, Loss: 0.045257711
10/10: Matthews 0.86752, Accuracy: 93.33333, Loss: 0.045488411
 
Best Matthews: 0.89087, Best Accuracy: 94.44444, Best Loss: 0.048617252 at epoch 26
Time Elasped: 00:00:56
========= Epoch 32 =========
5/10: Matthews 0.89087, Accuracy: 94.44444, Loss: 0.045622010
10/10: Matthews 0.89087, Accuracy: 94.44444, Loss: 0.045621490
 
Best Matthews: 0.89087, Best Accuracy: 94.44444, Best Loss: 0.048617252 at epoch 26
Time Elasped: 00:00:57
========= Epoch 33 =========
5/10: Matthews 0.89087, Accuracy: 94.44444, Loss: 0.045373758
10/10: Matthews 0.89087, Accuracy: 94.44444, Loss: 0.045191081
 
Best Matthews: 0.89087, Best Accuracy: 94.44444, Best Loss: 0.048617252 at epoch 26
Time Elasped: 00:00:58
========= Epoch 34 =========
5/10: Matthews 0.86752, Accuracy: 93.33333, Loss: 0.044750245
10/10: Matthews 0.86752, Accuracy: 93.33333, Loss: 0.044643270
 
Best Matthews: 0.89087, Best Accuracy: 94.44444, Best Loss: 0.048617252 at epoch 26
Time Elasped: 00:00:58
========= Epoch 35 =========
5/10: Matthews 0.86752, Accuracy: 93.33333, Loss: 0.044470840
10/10: Matthews 0.86752, Accuracy: 93.33333, Loss: 0.044320043
 
Best Matthews: 0.89087, Best Accuracy: 94.44444, Best Loss: 0.048617252 at epoch 26
Time Elasped: 00:00:59
========= Epoch 36 =========
5/10: Matthews 0.89087, Accuracy: 94.44444, Loss: 0.044079839
10/10: Matthews 0.89087, Accuracy: 94.44444, Loss: 0.043621874
 
Best Matthews: 0.89087, Best Accuracy: 94.44444, Best Loss: 0.048617252 at epoch 26
Time Elasped: 00:01:00
========= Epoch 37 =========
5/10: Matthews 0.86752, Accuracy: 93.33333, Loss: 0.043340519
10/10: Matthews 0.86752, Accuracy: 93.33333, Loss: 0.043090094
 
Best Matthews: 0.89087, Best Accuracy: 94.44444, Best Loss: 0.048617252 at epoch 26
Time Elasped: 00:01:00
========= Epoch 38 =========
5/10: Matthews 0.86752, Accuracy: 93.33333, Loss: 0.042711624
10/10: Matthews 0.88911, Accuracy: 94.44444, Loss: 0.042402919
 
Best Matthews: 0.89087, Best Accuracy: 94.44444, Best Loss: 0.048617252 at epoch 26
Time Elasped: 00:01:01
========= Epoch 39 =========
5/10: Matthews 0.86752, Accuracy: 93.33333, Loss: 0.042459038
10/10: Matthews 0.88911, Accuracy: 94.44444, Loss: 0.042339966
 
Best Matthews: 0.89087, Best Accuracy: 94.44444, Best Loss: 0.048617252 at epoch 26
Time Elasped: 00:01:01
========= Epoch 40 =========
5/10: Matthews 0.88911, Accuracy: 94.44444, Loss: 0.042445723
10/10: Matthews 0.88911, Accuracy: 94.44444, Loss: 0.042108986
 
Best Matthews: 0.89087, Best Accuracy: 94.44444, Best Loss: 0.048617252 at epoch 26
Time Elasped: 00:01:02
========= Epoch 41 =========
5/10: Matthews 0.88911, Accuracy: 94.44444, Loss: 0.041483900
10/10: Matthews 0.89087, Accuracy: 94.44444, Loss: 0.041042635
 
Best Matthews: 0.89087, Best Accuracy: 94.44444, Best Loss: 0.048617252 at epoch 26
Time Elasped: 00:01:03
========= Epoch 42 =========
5/10: Matthews 0.89087, Accuracy: 94.44444, Loss: 0.040438721
10/10: Matthews 0.91201, Accuracy: 95.55556, Loss: 0.040032834
 
Best Matthews: 0.91201, Best Accuracy: 95.55556, Best Loss: 0.040032834 at epoch 42
Time Elasped: 00:01:05
========= Epoch 43 =========
5/10: Matthews 0.91201, Accuracy: 95.55556, Loss: 0.039914754
10/10: Matthews 0.89087, Accuracy: 94.44444, Loss: 0.039663914
 
Best Matthews: 0.91201, Best Accuracy: 95.55556, Best Loss: 0.040032834 at epoch 42
Time Elasped: 00:01:06
========= Epoch 44 =========
5/10: Matthews 0.91473, Accuracy: 95.55556, Loss: 0.039275350
10/10: Matthews 0.91473, Accuracy: 95.55556, Loss: 0.039170037
 
Best Matthews: 0.91473, Best Accuracy: 95.55556, Best Loss: 0.039275350 at epoch 44
Time Elasped: 00:01:08
========= Epoch 45 =========
5/10: Matthews 0.91473, Accuracy: 95.55556, Loss: 0.038871919
10/10: Matthews 0.91473, Accuracy: 95.55556, Loss: 0.038721636
 
Best Matthews: 0.91473, Best Accuracy: 95.55556, Best Loss: 0.039275350 at epoch 44
Time Elasped: 00:01:08
========= Epoch 46 =========
5/10: Matthews 0.91473, Accuracy: 95.55556, Loss: 0.038444008
10/10: Matthews 0.91201, Accuracy: 95.55556, Loss: 0.038288720
 
Best Matthews: 0.91473, Best Accuracy: 95.55556, Best Loss: 0.039275350 at epoch 44
Time Elasped: 00:01:09
========= Epoch 47 =========
5/10: Matthews 0.91201, Accuracy: 95.55556, Loss: 0.038049168
10/10: Matthews 0.91201, Accuracy: 95.55556, Loss: 0.037831834
 
Best Matthews: 0.91473, Best Accuracy: 95.55556, Best Loss: 0.039275350 at epoch 44
Time Elasped: 00:01:10
========= Epoch 48 =========
5/10: Matthews 0.91473, Accuracy: 95.55556, Loss: 0.037585359
10/10: Matthews 0.91473, Accuracy: 95.55556, Loss: 0.037461972
 
Best Matthews: 0.91473, Best Accuracy: 95.55556, Best Loss: 0.039275350 at epoch 44
Time Elasped: 00:01:10
========= Epoch 49 =========
5/10: Matthews 0.91473, Accuracy: 95.55556, Loss: 0.037413523
10/10: Matthews 0.91201, Accuracy: 95.55556, Loss: 0.037404988
 
Best Matthews: 0.91473, Best Accuracy: 95.55556, Best Loss: 0.039275350 at epoch 44
Time Elasped: 00:01:11
========= Epoch 50 =========
5/10: Matthews 0.91201, Accuracy: 95.55556, Loss: 0.037333812
10/10: Matthews 0.91201, Accuracy: 95.55556, Loss: 0.037156100
 
Best Matthews: 0.91473, Best Accuracy: 95.55556, Best Loss: 0.039275350 at epoch 44
Time Elasped: 00:01:11
========= Epoch 51 =========
5/10: Matthews 0.91201, Accuracy: 95.55556, Loss: 0.036911419
10/10: Matthews 0.91473, Accuracy: 95.55556, Loss: 0.036796994
 
Best Matthews: 0.91473, Best Accuracy: 95.55556, Best Loss: 0.039275350 at epoch 44
Time Elasped: 00:01:12
========= Epoch 52 =========
5/10: Matthews 0.89087, Accuracy: 94.44444, Loss: 0.036617470
10/10: Matthews 0.89087, Accuracy: 94.44444, Loss: 0.036411108
 
Best Matthews: 0.91473, Best Accuracy: 95.55556, Best Loss: 0.039275350 at epoch 44
Time Elasped: 00:01:13
========= Epoch 53 =========
5/10: Matthews 0.91473, Accuracy: 95.55556, Loss: 0.036355686
10/10: Matthews 0.89087, Accuracy: 94.44444, Loss: 0.036213811
 
Best Matthews: 0.91473, Best Accuracy: 95.55556, Best Loss: 0.039275350 at epoch 44
Time Elasped: 00:01:13
========= Epoch 54 =========
5/10: Matthews 0.89087, Accuracy: 94.44444, Loss: 0.035912646
10/10: Matthews 0.89087, Accuracy: 94.44444, Loss: 0.035756943
 
Best Matthews: 0.91473, Best Accuracy: 95.55556, Best Loss: 0.039275350 at epoch 44
Time Elasped: 00:01:14
========= Epoch 55 =========
5/10: Matthews 0.89087, Accuracy: 94.44444, Loss: 0.035651268
10/10: Matthews 0.91201, Accuracy: 95.55556, Loss: 0.035478902
 
Best Matthews: 0.91473, Best Accuracy: 95.55556, Best Loss: 0.039275350 at epoch 44
Time Elasped: 00:01:14
========= Epoch 56 =========
5/10: Matthews 0.91201, Accuracy: 95.55556, Loss: 0.035379664
10/10: Matthews 0.89087, Accuracy: 94.44444, Loss: 0.035225383
 
Best Matthews: 0.91473, Best Accuracy: 95.55556, Best Loss: 0.039275350 at epoch 44
Time Elasped: 00:01:15
========= Epoch 57 =========
5/10: Matthews 0.89087, Accuracy: 94.44444, Loss: 0.035037645
10/10: Matthews 0.91201, Accuracy: 95.55556, Loss: 0.035035965
 
Best Matthews: 0.91473, Best Accuracy: 95.55556, Best Loss: 0.039275350 at epoch 44
Time Elasped: 00:01:16
========= Epoch 58 =========
5/10: Matthews 0.91201, Accuracy: 95.55556, Loss: 0.035028590
10/10: Matthews 0.91201, Accuracy: 95.55556, Loss: 0.034892273
 
Best Matthews: 0.91473, Best Accuracy: 95.55556, Best Loss: 0.039275350 at epoch 44
Time Elasped: 00:01:16
========= Epoch 59 =========
5/10: Matthews 0.91201, Accuracy: 95.55556, Loss: 0.034672777
10/10: Matthews 0.91201, Accuracy: 95.55556, Loss: 0.034503799
 
Best Matthews: 0.91473, Best Accuracy: 95.55556, Best Loss: 0.039275350 at epoch 44
Time Elasped: 00:01:17
========= Epoch 60 =========
5/10: Matthews 0.91473, Accuracy: 95.55556, Loss: 0.034305257
10/10: Matthews 0.89087, Accuracy: 94.44444, Loss: 0.033902921
 
Best Matthews: 0.91473, Best Accuracy: 95.55556, Best Loss: 0.039275350 at epoch 44
Time Elasped: 00:01:18
========= Epoch 61 =========
5/10: Matthews 0.91201, Accuracy: 95.55556, Loss: 0.033589384
10/10: Matthews 0.91201, Accuracy: 95.55556, Loss: 0.033557367
 
Best Matthews: 0.91473, Best Accuracy: 95.55556, Best Loss: 0.039275350 at epoch 44
Time Elasped: 00:01:18
========= Epoch 62 =========
5/10: Matthews 0.91201, Accuracy: 95.55556, Loss: 0.033498658
10/10: Matthews 0.91201, Accuracy: 95.55556, Loss: 0.033429543
 
Best Matthews: 0.91473, Best Accuracy: 95.55556, Best Loss: 0.039275350 at epoch 44
Time Elasped: 00:01:19
========= Epoch 63 =========
5/10: Matthews 0.91201, Accuracy: 95.55556, Loss: 0.033467258
10/10: Matthews 0.93541, Accuracy: 96.66667, Loss: 0.033529133
 
Best Matthews: 0.93541, Best Accuracy: 96.66667, Best Loss: 0.033529133 at epoch 63
Time Elasped: 00:01:21
========= Epoch 64 =========
5/10: Matthews 0.93541, Accuracy: 96.66667, Loss: 0.033608233
10/10: Matthews 0.93541, Accuracy: 96.66667, Loss: 0.033421702
 
Best Matthews: 0.93541, Best Accuracy: 96.66667, Best Loss: 0.033529133 at epoch 63
Time Elasped: 00:01:22
========= Epoch 65 =========
5/10: Matthews 0.91201, Accuracy: 95.55556, Loss: 0.033367342
10/10: Matthews 0.91201, Accuracy: 95.55556, Loss: 0.033174870
 
Best Matthews: 0.93541, Best Accuracy: 96.66667, Best Loss: 0.033529133 at epoch 63
Time Elasped: 00:01:22
========= Epoch 66 =========
5/10: Matthews 0.91201, Accuracy: 95.55556, Loss: 0.033159637
10/10: Matthews 0.91201, Accuracy: 95.55556, Loss: 0.032998615
 
Best Matthews: 0.93541, Best Accuracy: 96.66667, Best Loss: 0.033529133 at epoch 63
Time Elasped: 00:01:23
========= Epoch 67 =========
5/10: Matthews 0.91201, Accuracy: 95.55556, Loss: 0.032780793
10/10: Matthews 0.91201, Accuracy: 95.55556, Loss: 0.032599900
 
Best Matthews: 0.93541, Best Accuracy: 96.66667, Best Loss: 0.033529133 at epoch 63
Time Elasped: 00:01:23
========= Epoch 68 =========
5/10: Matthews 0.91201, Accuracy: 95.55556, Loss: 0.032396968
10/10: Matthews 0.91201, Accuracy: 95.55556, Loss: 0.032165003
 
Best Matthews: 0.93541, Best Accuracy: 96.66667, Best Loss: 0.033529133 at epoch 63
Time Elasped: 00:01:24
========= Epoch 69 =========
5/10: Matthews 0.91201, Accuracy: 95.55556, Loss: 0.031964360
10/10: Matthews 0.91201, Accuracy: 95.55556, Loss: 0.031851811
 
Best Matthews: 0.93541, Best Accuracy: 96.66667, Best Loss: 0.033529133 at epoch 63
Time Elasped: 00:01:25
========= Epoch 70 =========
5/10: Matthews 0.91201, Accuracy: 95.55556, Loss: 0.031704036
10/10: Matthews 0.91201, Accuracy: 95.55556, Loss: 0.031554275
 
Best Matthews: 0.93541, Best Accuracy: 96.66667, Best Loss: 0.033529133 at epoch 63
Time Elasped: 00:01:25
========= Epoch 71 =========
5/10: Matthews 0.93541, Accuracy: 96.66667, Loss: 0.031810779
10/10: Matthews 0.93541, Accuracy: 96.66667, Loss: 0.032023419
 
Best Matthews: 0.93541, Best Accuracy: 96.66667, Best Loss: 0.033529133 at epoch 63
Time Elasped: 00:01:26
========= Epoch 72 =========
5/10: Matthews 0.93541, Accuracy: 96.66667, Loss: 0.031763220
10/10: Matthews 0.91201, Accuracy: 95.55556, Loss: 0.031758534
 
Best Matthews: 0.93541, Best Accuracy: 96.66667, Best Loss: 0.033529133 at epoch 63
Time Elasped: 00:01:27
========= Epoch 73 =========
5/10: Matthews 0.91201, Accuracy: 95.55556, Loss: 0.032058567
10/10: Matthews 0.91201, Accuracy: 95.55556, Loss: 0.032140191
 
Best Matthews: 0.93541, Best Accuracy: 96.66667, Best Loss: 0.033529133 at epoch 63
Time Elasped: 00:01:27
========= Epoch 74 =========
5/10: Matthews 0.93541, Accuracy: 96.66667, Loss: 0.032457288
10/10: Matthews 0.93541, Accuracy: 96.66667, Loss: 0.032608302
 
Best Matthews: 0.93541, Best Accuracy: 96.66667, Best Loss: 0.033529133 at epoch 63
Time Elasped: 00:01:28
========= Epoch 75 =========
5/10: Matthews 0.93541, Accuracy: 96.66667, Loss: 0.032585944
10/10: Matthews 0.91201, Accuracy: 95.55556, Loss: 0.032415570
 
Best Matthews: 0.93541, Best Accuracy: 96.66667, Best Loss: 0.033529133 at epoch 63
Time Elasped: 00:01:28
========= Epoch 76 =========
5/10: Matthews 0.91201, Accuracy: 95.55556, Loss: 0.032113163
10/10: Matthews 0.93541, Accuracy: 96.66667, Loss: 0.031698465
 
Best Matthews: 0.93541, Best Accuracy: 96.66667, Best Loss: 0.033529133 at epoch 63
Time Elasped: 00:01:29
========= Epoch 77 =========
5/10: Matthews 0.93541, Accuracy: 96.66667, Loss: 0.031521016
10/10: Matthews 0.93541, Accuracy: 96.66667, Loss: 0.031264520
 
Best Matthews: 0.93541, Best Accuracy: 96.66667, Best Loss: 0.033529133 at epoch 63
Time Elasped: 00:01:30
========= Epoch 78 =========
5/10: Matthews 0.93541, Accuracy: 96.66667, Loss: 0.031017266
10/10: Matthews 0.91201, Accuracy: 95.55556, Loss: 0.031051800
 
Best Matthews: 0.93541, Best Accuracy: 96.66667, Best Loss: 0.033529133 at epoch 63
Time Elasped: 00:01:30
========= Epoch 79 =========
5/10: Matthews 0.91201, Accuracy: 95.55556, Loss: 0.032075718
10/10: Matthews 0.91201, Accuracy: 95.55556, Loss: 0.032755105
 
Best Matthews: 0.93541, Best Accuracy: 96.66667, Best Loss: 0.033529133 at epoch 63
Time Elasped: 00:01:31
========= Epoch 80 =========
5/10: Matthews 0.91201, Accuracy: 95.55556, Loss: 0.033006965
10/10: Matthews 0.91201, Accuracy: 95.55556, Loss: 0.032703622
 
Best Matthews: 0.93541, Best Accuracy: 96.66667, Best Loss: 0.033529133 at epoch 63
Time Elasped: 00:01:31
========= Epoch 81 =========
5/10: Matthews 0.91201, Accuracy: 95.55556, Loss: 0.031778812
10/10: Matthews 0.91201, Accuracy: 95.55556, Loss: 0.031068452
 
Best Matthews: 0.93541, Best Accuracy: 96.66667, Best Loss: 0.033529133 at epoch 63
Time Elasped: 00:01:32
========= Epoch 82 =========
5/10: Matthews 0.91201, Accuracy: 95.55556, Loss: 0.030459060
10/10: Matthews 0.91201, Accuracy: 95.55556, Loss: 0.029973782
 
Best Matthews: 0.93541, Best Accuracy: 96.66667, Best Loss: 0.033529133 at epoch 63
Time Elasped: 00:01:33
========= Epoch 83 =========
5/10: Matthews 0.93541, Accuracy: 96.66667, Loss: 0.029817645
10/10: Matthews 0.93541, Accuracy: 96.66667, Loss: 0.029833606
 
Best Matthews: 0.93541, Best Accuracy: 96.66667, Best Loss: 0.033529133 at epoch 63
Time Elasped: 00:01:33
========= Epoch 84 =========
Early Stopping activated
 
Best Matthews: 0.93541, Best Accuracy: 96.66667, Best Loss: 0.033529133 at epoch 63
Time Elasped: 00:01:36
Test Set:
0/0: Matthews 0.76796, Accuracy: 88.05031, Loss: 0.011089516
