Namespace(batch_size=32, buffer_size=1, by_source=False, crop_pad_length=30, data='./acceptability_corpus/verb_classes/understood', data_type='discriminator', dropout=0.5, embedding='glove.6B.300d', embedding_path='/scratch/asw462/models/elmo_encoder/elmo.emb', embedding_size=217, encoder_num_layers=2, encoder_path='/scratch/asw462/models/elmo_encoder/elmo.pth', encoding_size=528, encoding_type='lstm_pooling_classifier', epochs=1000, evaluate_train=False, experiment_name='experiment_linear_classifier_h_105_l_3_lr_0.0001_e_217_do_0.5', glove=False, gpu=True, hidden_size=105, imbalance=True, learning_rate=0.00015, lm_path=None, logs_dir='/scratch/asw462/logs/verb_classes/understood', max_pool=False, model='linear_classifier', num_layers=3, output_dir='/scratch/asw462/logs/verb_classes/outputs/understood', patience=20, preprocess_tokenizer='space', prints_per_stage=1, resume=True, resume_file=None, save_loc='/scratch/asw462/models/verb_classes/understood', seed=1111, should_not_log=False, should_not_lowercase=False, should_not_preprocess_data=False, stages_per_epoch=2, train_embeddings=False, train_evaluate_interval=10, vocab_file='/scratch/asw462/data/vocab_100k.tsv')
======== General =======
Model: linear_classifier
GPU: True
Experiment Name: experiment_linear_classifier_h_105_l_3_lr_0.0001_e_217_do_0.5
Save location: /scratch/asw462/models/verb_classes/understood
Logs dir: /scratch/asw462/logs/verb_classes/understood
Timestamp: 2018/08/01 20:51:02
 
======== Data =======
Training set: 296 examples
Validation set: 90 examples
Test set: 318 examples
 
======= Parameters =======
Learning Rate: 0.000150
Batch Size: 32
Epochs: 1000
Patience: 20
Stages per Epoch: 2
Embedding: 100004 x 217
Number of layers: 3
Hidden Size: 105
Encoder Size: 528
Resume: True
 
======= Model =======
LinearClassifierWithEncoder(
  (model): LinearClassifier(
    (dropout): Dropout(p=0.5)
    (enc2h): Linear(in_features=1056, out_features=105, bias=True)
    (h20): Linear(in_features=105, out_features=1, bias=True)
    (sigmoid): Sigmoid()
    (tanh): Tanh()
    (softmax): Softmax()
  )
  (encoder): LSTMPoolingClassifierWithELMo(
    (elmo): ELMOClassifier(
      (lm): LSTMLanguageModel(
        (dropout): Dropout(p=0.2)
        (embedding): Embedding(100003, 217)
        (lstm): LSTM(217, 891, num_layers=2, dropout=0.2)
        (fc): Linear(in_features=891, out_features=100003, bias=True)
      )
      (lstms): ModuleList(
        (0): LSTM(217, 891, batch_first=True)
        (1): LSTM(891, 891, batch_first=True)
      )
      (dropout): Dropout(p=0.2)
      (linear_comb): Linear(in_features=2, out_features=1, bias=True)
      (fc1): Linear(in_features=891, out_features=528, bias=True)
      (relu): ReLU()
      (out): Linear(in_features=528, out_features=1, bias=True)
      (sigmoid): Sigmoid()
    )
    (pooling_classifier): LSTMPoolingClassifier(
      (ih2h): LSTM(891, 528, num_layers=3, batch_first=True, dropout=0.2, bidirectional=True)
      (pool2o): Linear(in_features=1056, out_features=1, bias=True)
      (sigmoid): Sigmoid()
      (softmax): Softmax()
      (dropout): Dropout(p=0.2)
    )
  )
)
 
========= Epoch 1 =========
5/10: Matthews 0.24504, Accuracy: 60.00000, Loss: 0.093399239
10/10: Matthews 0.25548, Accuracy: 60.00000, Loss: 0.087972641
 
Best Matthews: 0.25548, Best Accuracy: 60.00000, Best Loss: 0.087972641 at epoch 1
Time Elasped: 00:00:08
========= Epoch 2 =========
5/10: Matthews 0.32071, Accuracy: 63.33333, Loss: 0.083450068
10/10: Matthews 0.32071, Accuracy: 63.33333, Loss: 0.079677306
 
Best Matthews: 0.32071, Best Accuracy: 63.33333, Best Loss: 0.083450068 at epoch 2
Time Elasped: 00:00:10
========= Epoch 3 =========
5/10: Matthews 0.27778, Accuracy: 61.11111, Loss: 0.077748267
10/10: Matthews 0.29949, Accuracy: 62.22222, Loss: 0.075523435
 
Best Matthews: 0.32071, Best Accuracy: 63.33333, Best Loss: 0.083450068 at epoch 2
Time Elasped: 00:00:11
========= Epoch 4 =========
5/10: Matthews 0.36196, Accuracy: 65.55556, Loss: 0.073435137
10/10: Matthews 0.44126, Accuracy: 70.00000, Loss: 0.071243493
 
Best Matthews: 0.44126, Best Accuracy: 70.00000, Best Loss: 0.071243493 at epoch 4
Time Elasped: 00:00:15
========= Epoch 5 =========
5/10: Matthews 0.55002, Accuracy: 76.66667, Loss: 0.069280709
10/10: Matthews 0.55002, Accuracy: 76.66667, Loss: 0.067663527
 
Best Matthews: 0.55002, Best Accuracy: 76.66667, Best Loss: 0.069280709 at epoch 5
Time Elasped: 00:00:17
========= Epoch 6 =========
5/10: Matthews 0.55709, Accuracy: 76.66667, Loss: 0.066179381
10/10: Matthews 0.57643, Accuracy: 77.77778, Loss: 0.064719041
 
Best Matthews: 0.57643, Best Accuracy: 77.77778, Best Loss: 0.064719041 at epoch 6
Time Elasped: 00:00:21
========= Epoch 7 =========
5/10: Matthews 0.55709, Accuracy: 76.66667, Loss: 0.063028208
10/10: Matthews 0.65025, Accuracy: 82.22222, Loss: 0.061605554
 
Best Matthews: 0.65025, Best Accuracy: 82.22222, Best Loss: 0.061605554 at epoch 7
Time Elasped: 00:00:23
========= Epoch 8 =========
5/10: Matthews 0.73406, Accuracy: 86.66667, Loss: 0.060843213
10/10: Matthews 0.75574, Accuracy: 87.77778, Loss: 0.060020871
 
Best Matthews: 0.75574, Best Accuracy: 87.77778, Best Loss: 0.060020871 at epoch 8
Time Elasped: 00:00:27
========= Epoch 9 =========
5/10: Matthews 0.71270, Accuracy: 85.55556, Loss: 0.059322781
10/10: Matthews 0.71270, Accuracy: 85.55556, Loss: 0.058236673
 
Best Matthews: 0.75574, Best Accuracy: 87.77778, Best Loss: 0.060020871 at epoch 8
Time Elasped: 00:00:28
========= Epoch 10 =========
5/10: Matthews 0.82304, Accuracy: 91.11111, Loss: 0.057340739
10/10: Matthews 0.82304, Accuracy: 91.11111, Loss: 0.056473902
 
Best Matthews: 0.82304, Best Accuracy: 91.11111, Best Loss: 0.057340739 at epoch 10
Time Elasped: 00:00:30
========= Epoch 11 =========
5/10: Matthews 0.86752, Accuracy: 93.33333, Loss: 0.055536911
10/10: Matthews 0.86667, Accuracy: 93.33333, Loss: 0.054280673
 
Best Matthews: 0.86752, Best Accuracy: 93.33333, Best Loss: 0.055536911 at epoch 11
Time Elasped: 00:00:32
========= Epoch 12 =========
5/10: Matthews 0.86667, Accuracy: 93.33333, Loss: 0.052898375
10/10: Matthews 0.86667, Accuracy: 93.33333, Loss: 0.052023543
 
Best Matthews: 0.86752, Best Accuracy: 93.33333, Best Loss: 0.055536911 at epoch 11
Time Elasped: 00:00:32
========= Epoch 13 =========
5/10: Matthews 0.80178, Accuracy: 90.00000, Loss: 0.051067294
10/10: Matthews 0.86667, Accuracy: 93.33333, Loss: 0.050103209
 
Best Matthews: 0.86752, Best Accuracy: 93.33333, Best Loss: 0.055536911 at epoch 11
Time Elasped: 00:00:33
========= Epoch 14 =========
5/10: Matthews 0.86667, Accuracy: 93.33333, Loss: 0.048956341
10/10: Matthews 0.86667, Accuracy: 93.33333, Loss: 0.048132748
 
Best Matthews: 0.86752, Best Accuracy: 93.33333, Best Loss: 0.055536911 at epoch 11
Time Elasped: 00:00:34
========= Epoch 15 =========
5/10: Matthews 0.86667, Accuracy: 93.33333, Loss: 0.047332848
10/10: Matthews 0.88911, Accuracy: 94.44444, Loss: 0.046446700
 
Best Matthews: 0.88911, Best Accuracy: 94.44444, Best Loss: 0.046446700 at epoch 15
Time Elasped: 00:00:36
========= Epoch 16 =========
5/10: Matthews 0.91201, Accuracy: 95.55556, Loss: 0.045560307
10/10: Matthews 0.91201, Accuracy: 95.55556, Loss: 0.044708194
 
Best Matthews: 0.91201, Best Accuracy: 95.55556, Best Loss: 0.045560307 at epoch 16
Time Elasped: 00:00:38
========= Epoch 17 =========
5/10: Matthews 0.88911, Accuracy: 94.44444, Loss: 0.044013222
10/10: Matthews 0.88911, Accuracy: 94.44444, Loss: 0.043556613
 
Best Matthews: 0.91201, Best Accuracy: 95.55556, Best Loss: 0.045560307 at epoch 16
Time Elasped: 00:00:38
========= Epoch 18 =========
5/10: Matthews 0.91201, Accuracy: 95.55556, Loss: 0.043246770
10/10: Matthews 0.91201, Accuracy: 95.55556, Loss: 0.042994473
 
Best Matthews: 0.91201, Best Accuracy: 95.55556, Best Loss: 0.045560307 at epoch 16
Time Elasped: 00:00:39
========= Epoch 19 =========
5/10: Matthews 0.91201, Accuracy: 95.55556, Loss: 0.043041039
10/10: Matthews 0.88911, Accuracy: 94.44444, Loss: 0.042594777
 
Best Matthews: 0.91201, Best Accuracy: 95.55556, Best Loss: 0.045560307 at epoch 16
Time Elasped: 00:00:40
========= Epoch 20 =========
5/10: Matthews 0.91111, Accuracy: 95.55556, Loss: 0.042364703
10/10: Matthews 0.91111, Accuracy: 95.55556, Loss: 0.041899178
 
Best Matthews: 0.91201, Best Accuracy: 95.55556, Best Loss: 0.045560307 at epoch 16
Time Elasped: 00:00:40
========= Epoch 21 =========
5/10: Matthews 0.91111, Accuracy: 95.55556, Loss: 0.041490210
10/10: Matthews 0.88911, Accuracy: 94.44444, Loss: 0.040889517
 
Best Matthews: 0.91201, Best Accuracy: 95.55556, Best Loss: 0.045560307 at epoch 16
Time Elasped: 00:00:41
========= Epoch 22 =========
5/10: Matthews 0.91201, Accuracy: 95.55556, Loss: 0.040183120
10/10: Matthews 0.93541, Accuracy: 96.66667, Loss: 0.039672359
 
Best Matthews: 0.93541, Best Accuracy: 96.66667, Best Loss: 0.039672359 at epoch 22
Time Elasped: 00:00:43
========= Epoch 23 =========
5/10: Matthews 0.91201, Accuracy: 95.55556, Loss: 0.039168051
10/10: Matthews 0.88911, Accuracy: 94.44444, Loss: 0.038694048
 
Best Matthews: 0.93541, Best Accuracy: 96.66667, Best Loss: 0.039672359 at epoch 22
Time Elasped: 00:00:44
========= Epoch 24 =========
5/10: Matthews 0.91111, Accuracy: 95.55556, Loss: 0.038328701
10/10: Matthews 0.91111, Accuracy: 95.55556, Loss: 0.037845378
 
Best Matthews: 0.93541, Best Accuracy: 96.66667, Best Loss: 0.039672359 at epoch 22
Time Elasped: 00:00:44
========= Epoch 25 =========
5/10: Matthews 0.91111, Accuracy: 95.55556, Loss: 0.037604242
10/10: Matthews 0.93356, Accuracy: 96.66667, Loss: 0.037472330
 
Best Matthews: 0.93541, Best Accuracy: 96.66667, Best Loss: 0.039672359 at epoch 22
Time Elasped: 00:00:45
========= Epoch 26 =========
5/10: Matthews 0.93356, Accuracy: 96.66667, Loss: 0.037828226
10/10: Matthews 0.93356, Accuracy: 96.66667, Loss: 0.038007175
 
Best Matthews: 0.93541, Best Accuracy: 96.66667, Best Loss: 0.039672359 at epoch 22
Time Elasped: 00:00:46
========= Epoch 27 =========
5/10: Matthews 0.95650, Accuracy: 97.77778, Loss: 0.037831185
10/10: Matthews 0.95650, Accuracy: 97.77778, Loss: 0.037380682
 
Best Matthews: 0.95650, Best Accuracy: 97.77778, Best Loss: 0.037831185 at epoch 27
Time Elasped: 00:00:48
========= Epoch 28 =========
5/10: Matthews 0.91201, Accuracy: 95.55556, Loss: 0.036131016
10/10: Matthews 0.89087, Accuracy: 94.44444, Loss: 0.035061349
 
Best Matthews: 0.95650, Best Accuracy: 97.77778, Best Loss: 0.037831185 at epoch 27
Time Elasped: 00:00:48
========= Epoch 29 =========
5/10: Matthews 0.89087, Accuracy: 94.44444, Loss: 0.034604157
10/10: Matthews 0.89087, Accuracy: 94.44444, Loss: 0.034057824
 
Best Matthews: 0.95650, Best Accuracy: 97.77778, Best Loss: 0.037831185 at epoch 27
Time Elasped: 00:00:49
========= Epoch 30 =========
5/10: Matthews 0.89087, Accuracy: 94.44444, Loss: 0.033961021
10/10: Matthews 0.89087, Accuracy: 94.44444, Loss: 0.033591297
 
Best Matthews: 0.95650, Best Accuracy: 97.77778, Best Loss: 0.037831185 at epoch 27
Time Elasped: 00:00:49
========= Epoch 31 =========
5/10: Matthews 0.91201, Accuracy: 95.55556, Loss: 0.033387825
10/10: Matthews 0.91201, Accuracy: 95.55556, Loss: 0.033194290
 
Best Matthews: 0.95650, Best Accuracy: 97.77778, Best Loss: 0.037831185 at epoch 27
Time Elasped: 00:00:50
========= Epoch 32 =========
5/10: Matthews 0.91473, Accuracy: 95.55556, Loss: 0.032383119
10/10: Matthews 0.91473, Accuracy: 95.55556, Loss: 0.032020749
 
Best Matthews: 0.95650, Best Accuracy: 97.77778, Best Loss: 0.037831185 at epoch 27
Time Elasped: 00:00:51
========= Epoch 33 =========
5/10: Matthews 0.91473, Accuracy: 95.55556, Loss: 0.032134257
10/10: Matthews 0.89087, Accuracy: 94.44444, Loss: 0.032014322
 
Best Matthews: 0.95650, Best Accuracy: 97.77778, Best Loss: 0.037831185 at epoch 27
Time Elasped: 00:00:51
========= Epoch 34 =========
5/10: Matthews 0.91201, Accuracy: 95.55556, Loss: 0.032821931
10/10: Matthews 0.91201, Accuracy: 95.55556, Loss: 0.032964537
 
Best Matthews: 0.95650, Best Accuracy: 97.77778, Best Loss: 0.037831185 at epoch 27
Time Elasped: 00:00:52
========= Epoch 35 =========
5/10: Matthews 0.91201, Accuracy: 95.55556, Loss: 0.032829844
10/10: Matthews 0.91473, Accuracy: 95.55556, Loss: 0.032672029
 
Best Matthews: 0.95650, Best Accuracy: 97.77778, Best Loss: 0.037831185 at epoch 27
Time Elasped: 00:00:53
========= Epoch 36 =========
5/10: Matthews 0.89087, Accuracy: 94.44444, Loss: 0.032240997
10/10: Matthews 0.89087, Accuracy: 94.44444, Loss: 0.032119788
 
Best Matthews: 0.95650, Best Accuracy: 97.77778, Best Loss: 0.037831185 at epoch 27
Time Elasped: 00:00:53
========= Epoch 37 =========
5/10: Matthews 0.91201, Accuracy: 95.55556, Loss: 0.031936955
10/10: Matthews 0.91201, Accuracy: 95.55556, Loss: 0.031672549
 
Best Matthews: 0.95650, Best Accuracy: 97.77778, Best Loss: 0.037831185 at epoch 27
Time Elasped: 00:00:54
========= Epoch 38 =========
5/10: Matthews 0.91201, Accuracy: 95.55556, Loss: 0.031269823
10/10: Matthews 0.91201, Accuracy: 95.55556, Loss: 0.030990471
 
Best Matthews: 0.95650, Best Accuracy: 97.77778, Best Loss: 0.037831185 at epoch 27
Time Elasped: 00:00:54
========= Epoch 39 =========
5/10: Matthews 0.91201, Accuracy: 95.55556, Loss: 0.030616286
10/10: Matthews 0.91201, Accuracy: 95.55556, Loss: 0.030217852
 
Best Matthews: 0.95650, Best Accuracy: 97.77778, Best Loss: 0.037831185 at epoch 27
Time Elasped: 00:00:55
========= Epoch 40 =========
5/10: Matthews 0.91201, Accuracy: 95.55556, Loss: 0.030109829
10/10: Matthews 0.91201, Accuracy: 95.55556, Loss: 0.029894797
 
Best Matthews: 0.95650, Best Accuracy: 97.77778, Best Loss: 0.037831185 at epoch 27
Time Elasped: 00:00:56
========= Epoch 41 =========
5/10: Matthews 0.89087, Accuracy: 94.44444, Loss: 0.029734257
10/10: Matthews 0.91473, Accuracy: 95.55556, Loss: 0.029955128
 
Best Matthews: 0.95650, Best Accuracy: 97.77778, Best Loss: 0.037831185 at epoch 27
Time Elasped: 00:00:56
========= Epoch 42 =========
5/10: Matthews 0.91473, Accuracy: 95.55556, Loss: 0.031171939
10/10: Matthews 0.91473, Accuracy: 95.55556, Loss: 0.031598398
 
Best Matthews: 0.95650, Best Accuracy: 97.77778, Best Loss: 0.037831185 at epoch 27
Time Elasped: 00:00:57
========= Epoch 43 =========
5/10: Matthews 0.91201, Accuracy: 95.55556, Loss: 0.031380696
10/10: Matthews 0.91201, Accuracy: 95.55556, Loss: 0.031209453
 
Best Matthews: 0.95650, Best Accuracy: 97.77778, Best Loss: 0.037831185 at epoch 27
Time Elasped: 00:00:57
========= Epoch 44 =========
5/10: Matthews 0.91201, Accuracy: 95.55556, Loss: 0.031298547
10/10: Matthews 0.91201, Accuracy: 95.55556, Loss: 0.030629887
 
Best Matthews: 0.95650, Best Accuracy: 97.77778, Best Loss: 0.037831185 at epoch 27
Time Elasped: 00:00:58
========= Epoch 45 =========
5/10: Matthews 0.91473, Accuracy: 95.55556, Loss: 0.029715909
10/10: Matthews 0.91201, Accuracy: 95.55556, Loss: 0.029410484
 
Best Matthews: 0.95650, Best Accuracy: 97.77778, Best Loss: 0.037831185 at epoch 27
Time Elasped: 00:00:59
========= Epoch 46 =========
5/10: Matthews 0.91201, Accuracy: 95.55556, Loss: 0.029236232
10/10: Matthews 0.91201, Accuracy: 95.55556, Loss: 0.029078322
 
Best Matthews: 0.95650, Best Accuracy: 97.77778, Best Loss: 0.037831185 at epoch 27
Time Elasped: 00:00:59
========= Epoch 47 =========
5/10: Matthews 0.91201, Accuracy: 95.55556, Loss: 0.028693639
10/10: Matthews 0.91473, Accuracy: 95.55556, Loss: 0.028473478
 
Best Matthews: 0.95650, Best Accuracy: 97.77778, Best Loss: 0.037831185 at epoch 27
Time Elasped: 00:01:00
========= Epoch 48 =========
Early Stopping activated
 
Best Matthews: 0.95650, Best Accuracy: 97.77778, Best Loss: 0.037831185 at epoch 27
Time Elasped: 00:01:02
Test Set:
0/0: Matthews 0.75271, Accuracy: 87.42138, Loss: 0.012719858
