Namespace(batch_size=32, buffer_size=1, by_source=False, crop_pad_length=30, data='./acceptability_corpus/verb_classes/understood', data_type='discriminator', dropout=0.5, embedding='glove.6B.300d', embedding_path='/scratch/asw462/models/elmo_encoder/elmo.emb', embedding_size=217, encoder_num_layers=2, encoder_path='/scratch/asw462/models/elmo_encoder/elmo.pth', encoding_size=528, encoding_type='lstm_pooling_classifier', epochs=1000, evaluate_train=False, experiment_name='experiment_linear_classifier_h_178_l_4_lr_0.0000_e_217_do_0.5', glove=False, gpu=True, hidden_size=178, imbalance=True, learning_rate=1e-05, lm_path=None, logs_dir='/scratch/asw462/logs/verb_classes/understood', max_pool=False, model='linear_classifier', num_layers=4, output_dir='/scratch/asw462/logs/verb_classes/outputs/understood', patience=20, preprocess_tokenizer='space', prints_per_stage=1, resume=True, resume_file=None, save_loc='/scratch/asw462/models/verb_classes/understood', seed=1111, should_not_log=False, should_not_lowercase=False, should_not_preprocess_data=False, stages_per_epoch=2, train_embeddings=False, train_evaluate_interval=10, vocab_file='/scratch/asw462/data/vocab_100k.tsv')
======== General =======
Model: linear_classifier
GPU: True
Experiment Name: experiment_linear_classifier_h_178_l_4_lr_0.0000_e_217_do_0.5
Save location: /scratch/asw462/models/verb_classes/understood
Logs dir: /scratch/asw462/logs/verb_classes/understood
Timestamp: 2018/08/01 20:50:58
 
======== Data =======
Training set: 296 examples
Validation set: 90 examples
Test set: 318 examples
 
======= Parameters =======
Learning Rate: 0.000010
Batch Size: 32
Epochs: 1000
Patience: 20
Stages per Epoch: 2
Embedding: 100004 x 217
Number of layers: 4
Hidden Size: 178
Encoder Size: 528
Resume: True
 
======= Model =======
LinearClassifierWithEncoder(
  (model): LinearClassifier(
    (dropout): Dropout(p=0.5)
    (enc2h): Linear(in_features=1056, out_features=178, bias=True)
    (h20): Linear(in_features=178, out_features=1, bias=True)
    (sigmoid): Sigmoid()
    (tanh): Tanh()
    (softmax): Softmax()
  )
  (encoder): LSTMPoolingClassifierWithELMo(
    (elmo): ELMOClassifier(
      (lm): LSTMLanguageModel(
        (dropout): Dropout(p=0.2)
        (embedding): Embedding(100003, 217)
        (lstm): LSTM(217, 891, num_layers=2, dropout=0.2)
        (fc): Linear(in_features=891, out_features=100003, bias=True)
      )
      (lstms): ModuleList(
        (0): LSTM(217, 891, batch_first=True)
        (1): LSTM(891, 891, batch_first=True)
      )
      (dropout): Dropout(p=0.2)
      (linear_comb): Linear(in_features=2, out_features=1, bias=True)
      (fc1): Linear(in_features=891, out_features=528, bias=True)
      (relu): ReLU()
      (out): Linear(in_features=528, out_features=1, bias=True)
      (sigmoid): Sigmoid()
    )
    (pooling_classifier): LSTMPoolingClassifier(
      (ih2h): LSTM(891, 528, num_layers=3, batch_first=True, dropout=0.2, bidirectional=True)
      (pool2o): Linear(in_features=1056, out_features=1, bias=True)
      (sigmoid): Sigmoid()
      (softmax): Softmax()
      (dropout): Dropout(p=0.2)
    )
  )
)
 
========= Epoch 1 =========
5/10: Matthews 0.33333, Accuracy: 60.00000, Loss: 0.100938437
10/10: Matthews 0.26726, Accuracy: 56.66667, Loss: 0.100162676
 
Best Matthews: 0.33333, Best Accuracy: 60.00000, Best Loss: 0.100938437 at epoch 1
Time Elasped: 00:00:07
========= Epoch 2 =========
5/10: Matthews 0.26726, Accuracy: 56.66667, Loss: 0.099368985
10/10: Matthews 0.31235, Accuracy: 58.88889, Loss: 0.098654058
 
Best Matthews: 0.33333, Best Accuracy: 60.00000, Best Loss: 0.100938437 at epoch 1
Time Elasped: 00:00:07
========= Epoch 3 =========
5/10: Matthews 0.31235, Accuracy: 58.88889, Loss: 0.097963619
10/10: Matthews 0.31235, Accuracy: 58.88889, Loss: 0.097299279
 
Best Matthews: 0.33333, Best Accuracy: 60.00000, Best Loss: 0.100938437 at epoch 1
Time Elasped: 00:00:08
========= Epoch 4 =========
5/10: Matthews 0.33333, Accuracy: 60.00000, Loss: 0.096750577
10/10: Matthews 0.33333, Accuracy: 60.00000, Loss: 0.096120548
 
Best Matthews: 0.33333, Best Accuracy: 60.00000, Best Loss: 0.100938437 at epoch 1
Time Elasped: 00:00:09
========= Epoch 5 =========
5/10: Matthews 0.30530, Accuracy: 60.00000, Loss: 0.095427057
10/10: Matthews 0.28284, Accuracy: 58.88889, Loss: 0.094808070
 
Best Matthews: 0.33333, Best Accuracy: 60.00000, Best Loss: 0.100938437 at epoch 1
Time Elasped: 00:00:09
========= Epoch 6 =========
5/10: Matthews 0.30530, Accuracy: 60.00000, Loss: 0.094274267
10/10: Matthews 0.30530, Accuracy: 60.00000, Loss: 0.093709861
 
Best Matthews: 0.33333, Best Accuracy: 60.00000, Best Loss: 0.100938437 at epoch 1
Time Elasped: 00:00:10
========= Epoch 7 =========
5/10: Matthews 0.30530, Accuracy: 60.00000, Loss: 0.093196191
10/10: Matthews 0.32686, Accuracy: 61.11111, Loss: 0.092726262
 
Best Matthews: 0.33333, Best Accuracy: 60.00000, Best Loss: 0.100938437 at epoch 1
Time Elasped: 00:00:10
========= Epoch 8 =========
5/10: Matthews 0.32686, Accuracy: 61.11111, Loss: 0.092306349
10/10: Matthews 0.34768, Accuracy: 62.22222, Loss: 0.091851785
 
Best Matthews: 0.34768, Best Accuracy: 62.22222, Best Loss: 0.091851785 at epoch 8
Time Elasped: 00:00:12
========= Epoch 9 =========
5/10: Matthews 0.34768, Accuracy: 62.22222, Loss: 0.091467116
10/10: Matthews 0.36788, Accuracy: 63.33333, Loss: 0.091016155
 
Best Matthews: 0.36788, Best Accuracy: 63.33333, Best Loss: 0.091016155 at epoch 9
Time Elasped: 00:00:15
========= Epoch 10 =========
5/10: Matthews 0.36788, Accuracy: 63.33333, Loss: 0.090451654
10/10: Matthews 0.36788, Accuracy: 63.33333, Loss: 0.089949279
 
Best Matthews: 0.36788, Best Accuracy: 63.33333, Best Loss: 0.091016155 at epoch 9
Time Elasped: 00:00:15
========= Epoch 11 =========
5/10: Matthews 0.36788, Accuracy: 63.33333, Loss: 0.089453231
10/10: Matthews 0.40687, Accuracy: 65.55556, Loss: 0.089007992
 
Best Matthews: 0.40687, Best Accuracy: 65.55556, Best Loss: 0.089007992 at epoch 11
Time Elasped: 00:00:18
========= Epoch 12 =========
5/10: Matthews 0.42762, Accuracy: 67.77778, Loss: 0.088597912
10/10: Matthews 0.42762, Accuracy: 67.77778, Loss: 0.088209555
 
Best Matthews: 0.42762, Best Accuracy: 67.77778, Best Loss: 0.088597912 at epoch 12
Time Elasped: 00:00:20
========= Epoch 13 =========
5/10: Matthews 0.42762, Accuracy: 67.77778, Loss: 0.087784301
10/10: Matthews 0.44660, Accuracy: 68.88889, Loss: 0.087366941
 
Best Matthews: 0.44660, Best Accuracy: 68.88889, Best Loss: 0.087366941 at epoch 13
Time Elasped: 00:00:23
========= Epoch 14 =========
5/10: Matthews 0.43306, Accuracy: 68.88889, Loss: 0.086957200
10/10: Matthews 0.43306, Accuracy: 68.88889, Loss: 0.086569940
 
Best Matthews: 0.44660, Best Accuracy: 68.88889, Best Loss: 0.087366941 at epoch 13
Time Elasped: 00:00:23
========= Epoch 15 =========
5/10: Matthews 0.43306, Accuracy: 68.88889, Loss: 0.086182584
10/10: Matthews 0.45227, Accuracy: 70.00000, Loss: 0.085809310
 
Best Matthews: 0.45227, Best Accuracy: 70.00000, Best Loss: 0.085809310 at epoch 15
Time Elasped: 00:00:26
========= Epoch 16 =========
5/10: Matthews 0.45227, Accuracy: 70.00000, Loss: 0.085462221
10/10: Matthews 0.45227, Accuracy: 70.00000, Loss: 0.085069794
 
Best Matthews: 0.45227, Best Accuracy: 70.00000, Best Loss: 0.085809310 at epoch 15
Time Elasped: 00:00:26
========= Epoch 17 =========
5/10: Matthews 0.45227, Accuracy: 70.00000, Loss: 0.084690216
10/10: Matthews 0.45227, Accuracy: 70.00000, Loss: 0.084283500
 
Best Matthews: 0.45227, Best Accuracy: 70.00000, Best Loss: 0.085809310 at epoch 15
Time Elasped: 00:00:27
========= Epoch 18 =========
5/10: Matthews 0.45227, Accuracy: 70.00000, Loss: 0.083887630
10/10: Matthews 0.45227, Accuracy: 70.00000, Loss: 0.083524778
 
Best Matthews: 0.45227, Best Accuracy: 70.00000, Best Loss: 0.085809310 at epoch 15
Time Elasped: 00:00:27
========= Epoch 19 =========
5/10: Matthews 0.47133, Accuracy: 71.11111, Loss: 0.083223104
10/10: Matthews 0.47133, Accuracy: 71.11111, Loss: 0.082891644
 
Best Matthews: 0.47133, Best Accuracy: 71.11111, Best Loss: 0.083223104 at epoch 19
Time Elasped: 00:00:30
========= Epoch 20 =========
5/10: Matthews 0.50918, Accuracy: 73.33333, Loss: 0.082548666
10/10: Matthews 0.50918, Accuracy: 73.33333, Loss: 0.082206885
 
Best Matthews: 0.50918, Best Accuracy: 73.33333, Best Loss: 0.082548666 at epoch 20
Time Elasped: 00:00:32
========= Epoch 21 =========
5/10: Matthews 0.50918, Accuracy: 73.33333, Loss: 0.081874000
10/10: Matthews 0.48002, Accuracy: 72.22222, Loss: 0.081542026
 
Best Matthews: 0.50918, Best Accuracy: 73.33333, Best Loss: 0.082548666 at epoch 20
Time Elasped: 00:00:32
========= Epoch 22 =========
5/10: Matthews 0.47140, Accuracy: 72.22222, Loss: 0.081238095
10/10: Matthews 0.47140, Accuracy: 72.22222, Loss: 0.080944157
 
Best Matthews: 0.50918, Best Accuracy: 73.33333, Best Loss: 0.082548666 at epoch 20
Time Elasped: 00:00:33
========= Epoch 23 =========
5/10: Matthews 0.47140, Accuracy: 72.22222, Loss: 0.080667316
10/10: Matthews 0.47140, Accuracy: 72.22222, Loss: 0.080358320
 
Best Matthews: 0.50918, Best Accuracy: 73.33333, Best Loss: 0.082548666 at epoch 20
Time Elasped: 00:00:34
========= Epoch 24 =========
5/10: Matthews 0.47140, Accuracy: 72.22222, Loss: 0.080010642
10/10: Matthews 0.47140, Accuracy: 72.22222, Loss: 0.079692120
 
Best Matthews: 0.50918, Best Accuracy: 73.33333, Best Loss: 0.082548666 at epoch 20
Time Elasped: 00:00:34
========= Epoch 25 =========
5/10: Matthews 0.47140, Accuracy: 72.22222, Loss: 0.079396025
10/10: Matthews 0.47140, Accuracy: 72.22222, Loss: 0.079131095
 
Best Matthews: 0.50918, Best Accuracy: 73.33333, Best Loss: 0.082548666 at epoch 20
Time Elasped: 00:00:35
========= Epoch 26 =========
5/10: Matthews 0.47140, Accuracy: 72.22222, Loss: 0.078877762
10/10: Matthews 0.47140, Accuracy: 72.22222, Loss: 0.078593090
 
Best Matthews: 0.50918, Best Accuracy: 73.33333, Best Loss: 0.082548666 at epoch 20
Time Elasped: 00:00:35
========= Epoch 27 =========
5/10: Matthews 0.47140, Accuracy: 72.22222, Loss: 0.078249963
10/10: Matthews 0.47140, Accuracy: 72.22222, Loss: 0.077930530
 
Best Matthews: 0.50918, Best Accuracy: 73.33333, Best Loss: 0.082548666 at epoch 20
Time Elasped: 00:00:36
========= Epoch 28 =========
5/10: Matthews 0.47140, Accuracy: 72.22222, Loss: 0.077623786
10/10: Matthews 0.47140, Accuracy: 72.22222, Loss: 0.077345551
 
Best Matthews: 0.50918, Best Accuracy: 73.33333, Best Loss: 0.082548666 at epoch 20
Time Elasped: 00:00:37
========= Epoch 29 =========
5/10: Matthews 0.47140, Accuracy: 72.22222, Loss: 0.077084822
10/10: Matthews 0.49103, Accuracy: 73.33333, Loss: 0.076864248
 
Best Matthews: 0.50918, Best Accuracy: 73.33333, Best Loss: 0.082548666 at epoch 20
Time Elasped: 00:00:37
========= Epoch 30 =========
5/10: Matthews 0.49103, Accuracy: 73.33333, Loss: 0.076605839
10/10: Matthews 0.53031, Accuracy: 75.55556, Loss: 0.076377540
 
Best Matthews: 0.53031, Best Accuracy: 75.55556, Best Loss: 0.076377540 at epoch 30
Time Elasped: 00:00:40
========= Epoch 31 =========
5/10: Matthews 0.53031, Accuracy: 75.55556, Loss: 0.076149654
10/10: Matthews 0.53031, Accuracy: 75.55556, Loss: 0.075906250
 
Best Matthews: 0.53031, Best Accuracy: 75.55556, Best Loss: 0.076377540 at epoch 30
Time Elasped: 00:00:40
========= Epoch 32 =========
5/10: Matthews 0.55002, Accuracy: 76.66667, Loss: 0.075693968
10/10: Matthews 0.55002, Accuracy: 76.66667, Loss: 0.075475778
 
Best Matthews: 0.55002, Best Accuracy: 76.66667, Best Loss: 0.075693968 at epoch 32
Time Elasped: 00:00:42
========= Epoch 33 =========
5/10: Matthews 0.55002, Accuracy: 76.66667, Loss: 0.075257005
10/10: Matthews 0.55002, Accuracy: 76.66667, Loss: 0.075038152
 
Best Matthews: 0.55002, Best Accuracy: 76.66667, Best Loss: 0.075693968 at epoch 32
Time Elasped: 00:00:43
========= Epoch 34 =========
5/10: Matthews 0.55002, Accuracy: 76.66667, Loss: 0.074826082
10/10: Matthews 0.58969, Accuracy: 78.88889, Loss: 0.074642457
 
Best Matthews: 0.58969, Best Accuracy: 78.88889, Best Loss: 0.074642457 at epoch 34
Time Elasped: 00:00:46
========= Epoch 35 =========
5/10: Matthews 0.58969, Accuracy: 78.88889, Loss: 0.074455833
10/10: Matthews 0.58969, Accuracy: 78.88889, Loss: 0.074278323
 
Best Matthews: 0.58969, Best Accuracy: 78.88889, Best Loss: 0.074642457 at epoch 34
Time Elasped: 00:00:46
========= Epoch 36 =========
5/10: Matthews 0.55002, Accuracy: 76.66667, Loss: 0.074130774
10/10: Matthews 0.55002, Accuracy: 76.66667, Loss: 0.073963091
 
Best Matthews: 0.58969, Best Accuracy: 78.88889, Best Loss: 0.074642457 at epoch 34
Time Elasped: 00:00:47
========= Epoch 37 =========
5/10: Matthews 0.55002, Accuracy: 76.66667, Loss: 0.073781379
10/10: Matthews 0.55002, Accuracy: 76.66667, Loss: 0.073554357
 
Best Matthews: 0.58969, Best Accuracy: 78.88889, Best Loss: 0.074642457 at epoch 34
Time Elasped: 00:00:47
========= Epoch 38 =========
5/10: Matthews 0.55002, Accuracy: 76.66667, Loss: 0.073400529
10/10: Matthews 0.58969, Accuracy: 78.88889, Loss: 0.073229180
 
Best Matthews: 0.58969, Best Accuracy: 78.88889, Best Loss: 0.074642457 at epoch 34
Time Elasped: 00:00:48
========= Epoch 39 =========
5/10: Matthews 0.58969, Accuracy: 78.88889, Loss: 0.073054843
10/10: Matthews 0.58969, Accuracy: 78.88889, Loss: 0.072850084
 
Best Matthews: 0.58969, Best Accuracy: 78.88889, Best Loss: 0.074642457 at epoch 34
Time Elasped: 00:00:49
========= Epoch 40 =========
5/10: Matthews 0.55002, Accuracy: 76.66667, Loss: 0.072585371
10/10: Matthews 0.58969, Accuracy: 78.88889, Loss: 0.072374354
 
Best Matthews: 0.58969, Best Accuracy: 78.88889, Best Loss: 0.074642457 at epoch 34
Time Elasped: 00:00:49
========= Epoch 41 =========
5/10: Matthews 0.58969, Accuracy: 78.88889, Loss: 0.072114865
10/10: Matthews 0.58969, Accuracy: 78.88889, Loss: 0.071877008
 
Best Matthews: 0.58969, Best Accuracy: 78.88889, Best Loss: 0.074642457 at epoch 34
Time Elasped: 00:00:50
========= Epoch 42 =========
5/10: Matthews 0.58969, Accuracy: 78.88889, Loss: 0.071643660
10/10: Matthews 0.58969, Accuracy: 78.88889, Loss: 0.071448406
 
Best Matthews: 0.58969, Best Accuracy: 78.88889, Best Loss: 0.074642457 at epoch 34
Time Elasped: 00:00:51
========= Epoch 43 =========
5/10: Matthews 0.58969, Accuracy: 78.88889, Loss: 0.071288962
10/10: Matthews 0.58969, Accuracy: 78.88889, Loss: 0.071098397
 
Best Matthews: 0.58969, Best Accuracy: 78.88889, Best Loss: 0.074642457 at epoch 34
Time Elasped: 00:00:51
========= Epoch 44 =========
5/10: Matthews 0.58969, Accuracy: 78.88889, Loss: 0.070871014
10/10: Matthews 0.58969, Accuracy: 78.88889, Loss: 0.070680904
 
Best Matthews: 0.58969, Best Accuracy: 78.88889, Best Loss: 0.074642457 at epoch 34
Time Elasped: 00:00:52
========= Epoch 45 =========
5/10: Matthews 0.58969, Accuracy: 78.88889, Loss: 0.070487054
10/10: Matthews 0.58969, Accuracy: 78.88889, Loss: 0.070328310
 
Best Matthews: 0.58969, Best Accuracy: 78.88889, Best Loss: 0.074642457 at epoch 34
Time Elasped: 00:00:52
========= Epoch 46 =========
5/10: Matthews 0.53031, Accuracy: 75.55556, Loss: 0.070119296
10/10: Matthews 0.53031, Accuracy: 75.55556, Loss: 0.069933150
 
Best Matthews: 0.58969, Best Accuracy: 78.88889, Best Loss: 0.074642457 at epoch 34
Time Elasped: 00:00:53
========= Epoch 47 =========
5/10: Matthews 0.56980, Accuracy: 77.77778, Loss: 0.069826624
10/10: Matthews 0.56980, Accuracy: 77.77778, Loss: 0.069690418
 
Best Matthews: 0.58969, Best Accuracy: 78.88889, Best Loss: 0.074642457 at epoch 34
Time Elasped: 00:00:54
========= Epoch 48 =========
5/10: Matthews 0.56980, Accuracy: 77.77778, Loss: 0.069531176
10/10: Matthews 0.56980, Accuracy: 77.77778, Loss: 0.069371891
 
Best Matthews: 0.58969, Best Accuracy: 78.88889, Best Loss: 0.074642457 at epoch 34
Time Elasped: 00:00:54
========= Epoch 49 =========
5/10: Matthews 0.58969, Accuracy: 78.88889, Loss: 0.069184399
10/10: Matthews 0.58969, Accuracy: 78.88889, Loss: 0.068986728
 
Best Matthews: 0.58969, Best Accuracy: 78.88889, Best Loss: 0.074642457 at epoch 34
Time Elasped: 00:00:55
========= Epoch 50 =========
5/10: Matthews 0.58969, Accuracy: 78.88889, Loss: 0.068785678
10/10: Matthews 0.58969, Accuracy: 78.88889, Loss: 0.068621021
 
Best Matthews: 0.58969, Best Accuracy: 78.88889, Best Loss: 0.074642457 at epoch 34
Time Elasped: 00:00:55
========= Epoch 51 =========
5/10: Matthews 0.58969, Accuracy: 78.88889, Loss: 0.068466218
10/10: Matthews 0.58969, Accuracy: 78.88889, Loss: 0.068288533
 
Best Matthews: 0.58969, Best Accuracy: 78.88889, Best Loss: 0.074642457 at epoch 34
Time Elasped: 00:00:56
========= Epoch 52 =========
5/10: Matthews 0.58969, Accuracy: 78.88889, Loss: 0.068095748
10/10: Matthews 0.58969, Accuracy: 78.88889, Loss: 0.067930338
 
Best Matthews: 0.58969, Best Accuracy: 78.88889, Best Loss: 0.074642457 at epoch 34
Time Elasped: 00:00:57
========= Epoch 53 =========
5/10: Matthews 0.60971, Accuracy: 80.00000, Loss: 0.067757638
10/10: Matthews 0.60971, Accuracy: 80.00000, Loss: 0.067598179
 
Best Matthews: 0.60971, Best Accuracy: 80.00000, Best Loss: 0.067757638 at epoch 53
Time Elasped: 00:00:59
========= Epoch 54 =========
5/10: Matthews 0.60971, Accuracy: 80.00000, Loss: 0.067374277
10/10: Matthews 0.60971, Accuracy: 80.00000, Loss: 0.067203124
 
Best Matthews: 0.60971, Best Accuracy: 80.00000, Best Loss: 0.067757638 at epoch 53
Time Elasped: 00:00:59
========= Epoch 55 =========
5/10: Matthews 0.65025, Accuracy: 82.22222, Loss: 0.067010593
10/10: Matthews 0.65025, Accuracy: 82.22222, Loss: 0.066848056
 
Best Matthews: 0.65025, Best Accuracy: 82.22222, Best Loss: 0.067010593 at epoch 55
Time Elasped: 00:01:02
========= Epoch 56 =========
5/10: Matthews 0.65025, Accuracy: 82.22222, Loss: 0.066708046
10/10: Matthews 0.65025, Accuracy: 82.22222, Loss: 0.066591554
 
Best Matthews: 0.65025, Best Accuracy: 82.22222, Best Loss: 0.067010593 at epoch 55
Time Elasped: 00:01:02
========= Epoch 57 =========
5/10: Matthews 0.65025, Accuracy: 82.22222, Loss: 0.066434786
10/10: Matthews 0.65025, Accuracy: 82.22222, Loss: 0.066298570
 
Best Matthews: 0.65025, Best Accuracy: 82.22222, Best Loss: 0.067010593 at epoch 55
Time Elasped: 00:01:03
========= Epoch 58 =========
5/10: Matthews 0.65025, Accuracy: 82.22222, Loss: 0.066144175
10/10: Matthews 0.65025, Accuracy: 82.22222, Loss: 0.066000377
 
Best Matthews: 0.65025, Best Accuracy: 82.22222, Best Loss: 0.067010593 at epoch 55
Time Elasped: 00:01:03
========= Epoch 59 =========
5/10: Matthews 0.65025, Accuracy: 82.22222, Loss: 0.065869252
10/10: Matthews 0.65025, Accuracy: 82.22222, Loss: 0.065716638
 
Best Matthews: 0.65025, Best Accuracy: 82.22222, Best Loss: 0.067010593 at epoch 55
Time Elasped: 00:01:04
========= Epoch 60 =========
5/10: Matthews 0.65025, Accuracy: 82.22222, Loss: 0.065551398
10/10: Matthews 0.65025, Accuracy: 82.22222, Loss: 0.065404012
 
Best Matthews: 0.65025, Best Accuracy: 82.22222, Best Loss: 0.067010593 at epoch 55
Time Elasped: 00:01:05
========= Epoch 61 =========
5/10: Matthews 0.65025, Accuracy: 82.22222, Loss: 0.065208011
10/10: Matthews 0.65025, Accuracy: 82.22222, Loss: 0.065050295
 
Best Matthews: 0.65025, Best Accuracy: 82.22222, Best Loss: 0.067010593 at epoch 55
Time Elasped: 00:01:05
========= Epoch 62 =========
5/10: Matthews 0.65025, Accuracy: 82.22222, Loss: 0.064865112
10/10: Matthews 0.65025, Accuracy: 82.22222, Loss: 0.064700540
 
Best Matthews: 0.65025, Best Accuracy: 82.22222, Best Loss: 0.067010593 at epoch 55
Time Elasped: 00:01:06
========= Epoch 63 =========
5/10: Matthews 0.65025, Accuracy: 82.22222, Loss: 0.064520375
10/10: Matthews 0.65025, Accuracy: 82.22222, Loss: 0.064363008
 
Best Matthews: 0.65025, Best Accuracy: 82.22222, Best Loss: 0.067010593 at epoch 55
Time Elasped: 00:01:06
========= Epoch 64 =========
5/10: Matthews 0.67082, Accuracy: 83.33333, Loss: 0.064255460
10/10: Matthews 0.67082, Accuracy: 83.33333, Loss: 0.064134449
 
Best Matthews: 0.67082, Best Accuracy: 83.33333, Best Loss: 0.064255460 at epoch 64
Time Elasped: 00:01:09
========= Epoch 65 =========
5/10: Matthews 0.69163, Accuracy: 84.44444, Loss: 0.064004935
10/10: Matthews 0.69163, Accuracy: 84.44444, Loss: 0.063855913
 
Best Matthews: 0.69163, Best Accuracy: 84.44444, Best Loss: 0.064004935 at epoch 65
Time Elasped: 00:01:11
========= Epoch 66 =========
5/10: Matthews 0.69163, Accuracy: 84.44444, Loss: 0.063704554
10/10: Matthews 0.69163, Accuracy: 84.44444, Loss: 0.063569572
 
Best Matthews: 0.69163, Best Accuracy: 84.44444, Best Loss: 0.064004935 at epoch 65
Time Elasped: 00:01:11
========= Epoch 67 =========
5/10: Matthews 0.69163, Accuracy: 84.44444, Loss: 0.063412354
10/10: Matthews 0.69163, Accuracy: 84.44444, Loss: 0.063269885
 
Best Matthews: 0.69163, Best Accuracy: 84.44444, Best Loss: 0.064004935 at epoch 65
Time Elasped: 00:01:12
========= Epoch 68 =========
5/10: Matthews 0.77778, Accuracy: 88.88889, Loss: 0.063197496
10/10: Matthews 0.77778, Accuracy: 88.88889, Loss: 0.063087723
 
Best Matthews: 0.77778, Best Accuracy: 88.88889, Best Loss: 0.063197496 at epoch 68
Time Elasped: 00:01:14
========= Epoch 69 =========
5/10: Matthews 0.77778, Accuracy: 88.88889, Loss: 0.062960439
10/10: Matthews 0.77778, Accuracy: 88.88889, Loss: 0.062846496
 
Best Matthews: 0.77778, Best Accuracy: 88.88889, Best Loss: 0.063197496 at epoch 68
Time Elasped: 00:01:15
========= Epoch 70 =========
5/10: Matthews 0.77778, Accuracy: 88.88889, Loss: 0.062748729
10/10: Matthews 0.77778, Accuracy: 88.88889, Loss: 0.062630240
 
Best Matthews: 0.77778, Best Accuracy: 88.88889, Best Loss: 0.063197496 at epoch 68
Time Elasped: 00:01:16
========= Epoch 71 =========
5/10: Matthews 0.77778, Accuracy: 88.88889, Loss: 0.062493398
10/10: Matthews 0.77778, Accuracy: 88.88889, Loss: 0.062365288
 
Best Matthews: 0.77778, Best Accuracy: 88.88889, Best Loss: 0.063197496 at epoch 68
Time Elasped: 00:01:16
========= Epoch 72 =========
5/10: Matthews 0.77778, Accuracy: 88.88889, Loss: 0.062268734
10/10: Matthews 0.77778, Accuracy: 88.88889, Loss: 0.062171745
 
Best Matthews: 0.77778, Best Accuracy: 88.88889, Best Loss: 0.063197496 at epoch 68
Time Elasped: 00:01:17
========= Epoch 73 =========
5/10: Matthews 0.77778, Accuracy: 88.88889, Loss: 0.062070142
10/10: Matthews 0.77778, Accuracy: 88.88889, Loss: 0.061959542
 
Best Matthews: 0.77778, Best Accuracy: 88.88889, Best Loss: 0.063197496 at epoch 68
Time Elasped: 00:01:17
========= Epoch 74 =========
5/10: Matthews 0.77778, Accuracy: 88.88889, Loss: 0.061830372
10/10: Matthews 0.77778, Accuracy: 88.88889, Loss: 0.061740065
 
Best Matthews: 0.77778, Best Accuracy: 88.88889, Best Loss: 0.063197496 at epoch 68
Time Elasped: 00:01:18
========= Epoch 75 =========
5/10: Matthews 0.77778, Accuracy: 88.88889, Loss: 0.061649725
10/10: Matthews 0.77778, Accuracy: 88.88889, Loss: 0.061524677
 
Best Matthews: 0.77778, Best Accuracy: 88.88889, Best Loss: 0.063197496 at epoch 68
Time Elasped: 00:01:19
========= Epoch 76 =========
5/10: Matthews 0.77778, Accuracy: 88.88889, Loss: 0.061388667
10/10: Matthews 0.77778, Accuracy: 88.88889, Loss: 0.061260292
 
Best Matthews: 0.77778, Best Accuracy: 88.88889, Best Loss: 0.063197496 at epoch 68
Time Elasped: 00:01:19
========= Epoch 77 =========
5/10: Matthews 0.77778, Accuracy: 88.88889, Loss: 0.061132468
10/10: Matthews 0.77778, Accuracy: 88.88889, Loss: 0.060988341
 
Best Matthews: 0.77778, Best Accuracy: 88.88889, Best Loss: 0.063197496 at epoch 68
Time Elasped: 00:01:20
========= Epoch 78 =========
5/10: Matthews 0.77778, Accuracy: 88.88889, Loss: 0.060865710
10/10: Matthews 0.77778, Accuracy: 88.88889, Loss: 0.060766146
 
Best Matthews: 0.77778, Best Accuracy: 88.88889, Best Loss: 0.063197496 at epoch 68
Time Elasped: 00:01:20
========= Epoch 79 =========
5/10: Matthews 0.77778, Accuracy: 88.88889, Loss: 0.060642687
10/10: Matthews 0.77778, Accuracy: 88.88889, Loss: 0.060517449
 
Best Matthews: 0.77778, Best Accuracy: 88.88889, Best Loss: 0.063197496 at epoch 68
Time Elasped: 00:01:21
========= Epoch 80 =========
5/10: Matthews 0.77778, Accuracy: 88.88889, Loss: 0.060390917
10/10: Matthews 0.77778, Accuracy: 88.88889, Loss: 0.060295826
 
Best Matthews: 0.77778, Best Accuracy: 88.88889, Best Loss: 0.063197496 at epoch 68
Time Elasped: 00:01:22
========= Epoch 81 =========
5/10: Matthews 0.77778, Accuracy: 88.88889, Loss: 0.060190630
10/10: Matthews 0.77778, Accuracy: 88.88889, Loss: 0.060110119
 
Best Matthews: 0.77778, Best Accuracy: 88.88889, Best Loss: 0.063197496 at epoch 68
Time Elasped: 00:01:22
========= Epoch 82 =========
5/10: Matthews 0.80020, Accuracy: 90.00000, Loss: 0.060050646
10/10: Matthews 0.80020, Accuracy: 90.00000, Loss: 0.059964964
 
Best Matthews: 0.80020, Best Accuracy: 90.00000, Best Loss: 0.060050646 at epoch 82
Time Elasped: 00:01:25
========= Epoch 83 =========
5/10: Matthews 0.80020, Accuracy: 90.00000, Loss: 0.059866418
10/10: Matthews 0.80020, Accuracy: 90.00000, Loss: 0.059752252
 
Best Matthews: 0.80020, Best Accuracy: 90.00000, Best Loss: 0.060050646 at epoch 82
Time Elasped: 00:01:25
========= Epoch 84 =========
5/10: Matthews 0.82222, Accuracy: 91.11111, Loss: 0.059639094
10/10: Matthews 0.82222, Accuracy: 91.11111, Loss: 0.059533522
 
Best Matthews: 0.82222, Best Accuracy: 91.11111, Best Loss: 0.059639094 at epoch 84
Time Elasped: 00:01:27
========= Epoch 85 =========
5/10: Matthews 0.82222, Accuracy: 91.11111, Loss: 0.059458727
10/10: Matthews 0.82222, Accuracy: 91.11111, Loss: 0.059356467
 
Best Matthews: 0.82222, Best Accuracy: 91.11111, Best Loss: 0.059639094 at epoch 84
Time Elasped: 00:01:28
========= Epoch 86 =========
5/10: Matthews 0.80020, Accuracy: 90.00000, Loss: 0.059251229
10/10: Matthews 0.80020, Accuracy: 90.00000, Loss: 0.059150754
 
Best Matthews: 0.82222, Best Accuracy: 91.11111, Best Loss: 0.059639094 at epoch 84
Time Elasped: 00:01:28
========= Epoch 87 =========
5/10: Matthews 0.80020, Accuracy: 90.00000, Loss: 0.059069379
10/10: Matthews 0.80020, Accuracy: 90.00000, Loss: 0.058970992
 
Best Matthews: 0.82222, Best Accuracy: 91.11111, Best Loss: 0.059639094 at epoch 84
Time Elasped: 00:01:29
========= Epoch 88 =========
5/10: Matthews 0.80020, Accuracy: 90.00000, Loss: 0.058848720
10/10: Matthews 0.82222, Accuracy: 91.11111, Loss: 0.058764633
 
Best Matthews: 0.82222, Best Accuracy: 91.11111, Best Loss: 0.059639094 at epoch 84
Time Elasped: 00:01:30
========= Epoch 89 =========
5/10: Matthews 0.82222, Accuracy: 91.11111, Loss: 0.058672455
10/10: Matthews 0.82222, Accuracy: 91.11111, Loss: 0.058583101
 
Best Matthews: 0.82222, Best Accuracy: 91.11111, Best Loss: 0.059639094 at epoch 84
Time Elasped: 00:01:30
========= Epoch 90 =========
5/10: Matthews 0.82222, Accuracy: 91.11111, Loss: 0.058561548
10/10: Matthews 0.82222, Accuracy: 91.11111, Loss: 0.058491527
 
Best Matthews: 0.82222, Best Accuracy: 91.11111, Best Loss: 0.059639094 at epoch 84
Time Elasped: 00:01:31
========= Epoch 91 =========
5/10: Matthews 0.82222, Accuracy: 91.11111, Loss: 0.058428706
10/10: Matthews 0.82222, Accuracy: 91.11111, Loss: 0.058324554
 
Best Matthews: 0.82222, Best Accuracy: 91.11111, Best Loss: 0.059639094 at epoch 84
Time Elasped: 00:01:32
========= Epoch 92 =========
5/10: Matthews 0.82222, Accuracy: 91.11111, Loss: 0.058193477
10/10: Matthews 0.82222, Accuracy: 91.11111, Loss: 0.058092954
 
Best Matthews: 0.82222, Best Accuracy: 91.11111, Best Loss: 0.059639094 at epoch 84
Time Elasped: 00:01:32
========= Epoch 93 =========
5/10: Matthews 0.82222, Accuracy: 91.11111, Loss: 0.057995351
10/10: Matthews 0.82222, Accuracy: 91.11111, Loss: 0.057897631
 
Best Matthews: 0.82222, Best Accuracy: 91.11111, Best Loss: 0.059639094 at epoch 84
Time Elasped: 00:01:33
========= Epoch 94 =========
5/10: Matthews 0.82222, Accuracy: 91.11111, Loss: 0.057799096
10/10: Matthews 0.82222, Accuracy: 91.11111, Loss: 0.057694340
 
Best Matthews: 0.82222, Best Accuracy: 91.11111, Best Loss: 0.059639094 at epoch 84
Time Elasped: 00:01:33
========= Epoch 95 =========
5/10: Matthews 0.82222, Accuracy: 91.11111, Loss: 0.057540867
10/10: Matthews 0.82222, Accuracy: 91.11111, Loss: 0.057415507
 
Best Matthews: 0.82222, Best Accuracy: 91.11111, Best Loss: 0.059639094 at epoch 84
Time Elasped: 00:01:34
========= Epoch 96 =========
5/10: Matthews 0.82222, Accuracy: 91.11111, Loss: 0.057294348
10/10: Matthews 0.82222, Accuracy: 91.11111, Loss: 0.057189046
 
Best Matthews: 0.82222, Best Accuracy: 91.11111, Best Loss: 0.059639094 at epoch 84
Time Elasped: 00:01:35
========= Epoch 97 =========
5/10: Matthews 0.82222, Accuracy: 91.11111, Loss: 0.057158073
10/10: Matthews 0.82222, Accuracy: 91.11111, Loss: 0.057073683
 
Best Matthews: 0.82222, Best Accuracy: 91.11111, Best Loss: 0.059639094 at epoch 84
Time Elasped: 00:01:35
========= Epoch 98 =========
5/10: Matthews 0.82222, Accuracy: 91.11111, Loss: 0.056993940
10/10: Matthews 0.82222, Accuracy: 91.11111, Loss: 0.056886249
 
Best Matthews: 0.82222, Best Accuracy: 91.11111, Best Loss: 0.059639094 at epoch 84
Time Elasped: 00:01:36
========= Epoch 99 =========
5/10: Matthews 0.82222, Accuracy: 91.11111, Loss: 0.056852950
10/10: Matthews 0.82222, Accuracy: 91.11111, Loss: 0.056763109
 
Best Matthews: 0.82222, Best Accuracy: 91.11111, Best Loss: 0.059639094 at epoch 84
Time Elasped: 00:01:36
========= Epoch 100 =========
5/10: Matthews 0.84465, Accuracy: 92.22222, Loss: 0.056651613
10/10: Matthews 0.84465, Accuracy: 92.22222, Loss: 0.056558524
 
Best Matthews: 0.84465, Best Accuracy: 92.22222, Best Loss: 0.056651613 at epoch 100
Time Elasped: 00:01:39
========= Epoch 101 =========
5/10: Matthews 0.84465, Accuracy: 92.22222, Loss: 0.056521628
10/10: Matthews 0.84465, Accuracy: 92.22222, Loss: 0.056445318
 
Best Matthews: 0.84465, Best Accuracy: 92.22222, Best Loss: 0.056651613 at epoch 100
Time Elasped: 00:01:39
========= Epoch 102 =========
5/10: Matthews 0.84465, Accuracy: 92.22222, Loss: 0.056409232
10/10: Matthews 0.84465, Accuracy: 92.22222, Loss: 0.056327438
 
Best Matthews: 0.84465, Best Accuracy: 92.22222, Best Loss: 0.056651613 at epoch 100
Time Elasped: 00:01:40
========= Epoch 103 =========
5/10: Matthews 0.84465, Accuracy: 92.22222, Loss: 0.056206014
10/10: Matthews 0.84465, Accuracy: 92.22222, Loss: 0.056107812
 
Best Matthews: 0.84465, Best Accuracy: 92.22222, Best Loss: 0.056651613 at epoch 100
Time Elasped: 00:01:40
========= Epoch 104 =========
5/10: Matthews 0.84465, Accuracy: 92.22222, Loss: 0.055984645
10/10: Matthews 0.84465, Accuracy: 92.22222, Loss: 0.055900659
 
Best Matthews: 0.84465, Best Accuracy: 92.22222, Best Loss: 0.056651613 at epoch 100
Time Elasped: 00:01:41
========= Epoch 105 =========
5/10: Matthews 0.84465, Accuracy: 92.22222, Loss: 0.055812793
10/10: Matthews 0.84465, Accuracy: 92.22222, Loss: 0.055719545
 
Best Matthews: 0.84465, Best Accuracy: 92.22222, Best Loss: 0.056651613 at epoch 100
Time Elasped: 00:01:42
========= Epoch 106 =========
5/10: Matthews 0.84465, Accuracy: 92.22222, Loss: 0.055632899
10/10: Matthews 0.84465, Accuracy: 92.22222, Loss: 0.055554205
 
Best Matthews: 0.84465, Best Accuracy: 92.22222, Best Loss: 0.056651613 at epoch 100
Time Elasped: 00:01:42
========= Epoch 107 =========
5/10: Matthews 0.84465, Accuracy: 92.22222, Loss: 0.055466970
10/10: Matthews 0.84465, Accuracy: 92.22222, Loss: 0.055377112
 
Best Matthews: 0.84465, Best Accuracy: 92.22222, Best Loss: 0.056651613 at epoch 100
Time Elasped: 00:01:43
========= Epoch 108 =========
5/10: Matthews 0.84465, Accuracy: 92.22222, Loss: 0.055243561
10/10: Matthews 0.84465, Accuracy: 92.22222, Loss: 0.055143489
 
Best Matthews: 0.84465, Best Accuracy: 92.22222, Best Loss: 0.056651613 at epoch 100
Time Elasped: 00:01:43
========= Epoch 109 =========
5/10: Matthews 0.84465, Accuracy: 92.22222, Loss: 0.055046463
10/10: Matthews 0.84465, Accuracy: 92.22222, Loss: 0.054949660
 
Best Matthews: 0.84465, Best Accuracy: 92.22222, Best Loss: 0.056651613 at epoch 100
Time Elasped: 00:01:44
========= Epoch 110 =========
5/10: Matthews 0.84465, Accuracy: 92.22222, Loss: 0.054837036
10/10: Matthews 0.84465, Accuracy: 92.22222, Loss: 0.054752043
 
Best Matthews: 0.84465, Best Accuracy: 92.22222, Best Loss: 0.056651613 at epoch 100
Time Elasped: 00:01:45
========= Epoch 111 =========
5/10: Matthews 0.84465, Accuracy: 92.22222, Loss: 0.054685603
10/10: Matthews 0.84465, Accuracy: 92.22222, Loss: 0.054612997
 
Best Matthews: 0.84465, Best Accuracy: 92.22222, Best Loss: 0.056651613 at epoch 100
Time Elasped: 00:01:45
========= Epoch 112 =========
5/10: Matthews 0.84465, Accuracy: 92.22222, Loss: 0.054510350
10/10: Matthews 0.84465, Accuracy: 92.22222, Loss: 0.054430919
 
Best Matthews: 0.84465, Best Accuracy: 92.22222, Best Loss: 0.056651613 at epoch 100
Time Elasped: 00:01:46
========= Epoch 113 =========
5/10: Matthews 0.84465, Accuracy: 92.22222, Loss: 0.054399935
10/10: Matthews 0.84465, Accuracy: 92.22222, Loss: 0.054343541
 
Best Matthews: 0.84465, Best Accuracy: 92.22222, Best Loss: 0.056651613 at epoch 100
Time Elasped: 00:01:47
========= Epoch 114 =========
5/10: Matthews 0.84465, Accuracy: 92.22222, Loss: 0.054261626
10/10: Matthews 0.84465, Accuracy: 92.22222, Loss: 0.054192660
 
Best Matthews: 0.84465, Best Accuracy: 92.22222, Best Loss: 0.056651613 at epoch 100
Time Elasped: 00:01:47
========= Epoch 115 =========
5/10: Matthews 0.86667, Accuracy: 93.33333, Loss: 0.054105828
10/10: Matthews 0.86667, Accuracy: 93.33333, Loss: 0.054029708
 
Best Matthews: 0.86667, Best Accuracy: 93.33333, Best Loss: 0.054105828 at epoch 115
Time Elasped: 00:01:49
========= Epoch 116 =========
5/10: Matthews 0.86667, Accuracy: 93.33333, Loss: 0.053963327
10/10: Matthews 0.86667, Accuracy: 93.33333, Loss: 0.053883415
 
Best Matthews: 0.86667, Best Accuracy: 93.33333, Best Loss: 0.054105828 at epoch 115
Time Elasped: 00:01:50
========= Epoch 117 =========
5/10: Matthews 0.86667, Accuracy: 93.33333, Loss: 0.053858248
10/10: Matthews 0.86667, Accuracy: 93.33333, Loss: 0.053815063
 
Best Matthews: 0.86667, Best Accuracy: 93.33333, Best Loss: 0.054105828 at epoch 115
Time Elasped: 00:01:51
========= Epoch 118 =========
5/10: Matthews 0.84465, Accuracy: 92.22222, Loss: 0.053760481
10/10: Matthews 0.86667, Accuracy: 93.33333, Loss: 0.053681564
 
Best Matthews: 0.86667, Best Accuracy: 93.33333, Best Loss: 0.054105828 at epoch 115
Time Elasped: 00:01:51
========= Epoch 119 =========
5/10: Matthews 0.86667, Accuracy: 93.33333, Loss: 0.053598081
10/10: Matthews 0.86667, Accuracy: 93.33333, Loss: 0.053536722
 
Best Matthews: 0.86667, Best Accuracy: 93.33333, Best Loss: 0.054105828 at epoch 115
Time Elasped: 00:01:52
========= Epoch 120 =========
5/10: Matthews 0.86667, Accuracy: 93.33333, Loss: 0.053509357
10/10: Matthews 0.86667, Accuracy: 93.33333, Loss: 0.053471968
 
Best Matthews: 0.86667, Best Accuracy: 93.33333, Best Loss: 0.054105828 at epoch 115
Time Elasped: 00:01:52
========= Epoch 121 =========
5/10: Matthews 0.86667, Accuracy: 93.33333, Loss: 0.053434165
10/10: Matthews 0.86667, Accuracy: 93.33333, Loss: 0.053362099
 
Best Matthews: 0.86667, Best Accuracy: 93.33333, Best Loss: 0.054105828 at epoch 115
Time Elasped: 00:01:53
========= Epoch 122 =========
5/10: Matthews 0.86667, Accuracy: 93.33333, Loss: 0.053260464
10/10: Matthews 0.86667, Accuracy: 93.33333, Loss: 0.053161685
 
Best Matthews: 0.86667, Best Accuracy: 93.33333, Best Loss: 0.054105828 at epoch 115
Time Elasped: 00:01:54
========= Epoch 123 =========
5/10: Matthews 0.86667, Accuracy: 93.33333, Loss: 0.053036367
10/10: Matthews 0.86667, Accuracy: 93.33333, Loss: 0.052913698
 
Best Matthews: 0.86667, Best Accuracy: 93.33333, Best Loss: 0.054105828 at epoch 115
Time Elasped: 00:01:54
========= Epoch 124 =========
5/10: Matthews 0.86667, Accuracy: 93.33333, Loss: 0.052823607
10/10: Matthews 0.86667, Accuracy: 93.33333, Loss: 0.052707646
 
Best Matthews: 0.86667, Best Accuracy: 93.33333, Best Loss: 0.054105828 at epoch 115
Time Elasped: 00:01:55
========= Epoch 125 =========
5/10: Matthews 0.86667, Accuracy: 93.33333, Loss: 0.052628830
10/10: Matthews 0.86667, Accuracy: 93.33333, Loss: 0.052550994
 
Best Matthews: 0.86667, Best Accuracy: 93.33333, Best Loss: 0.054105828 at epoch 115
Time Elasped: 00:01:55
========= Epoch 126 =========
5/10: Matthews 0.86667, Accuracy: 93.33333, Loss: 0.052483500
10/10: Matthews 0.86667, Accuracy: 93.33333, Loss: 0.052422587
 
Best Matthews: 0.86667, Best Accuracy: 93.33333, Best Loss: 0.054105828 at epoch 115
Time Elasped: 00:01:56
========= Epoch 127 =========
5/10: Matthews 0.86667, Accuracy: 93.33333, Loss: 0.052337424
10/10: Matthews 0.86667, Accuracy: 93.33333, Loss: 0.052241792
 
Best Matthews: 0.86667, Best Accuracy: 93.33333, Best Loss: 0.054105828 at epoch 115
Time Elasped: 00:01:57
========= Epoch 128 =========
5/10: Matthews 0.86667, Accuracy: 93.33333, Loss: 0.052169196
10/10: Matthews 0.86667, Accuracy: 93.33333, Loss: 0.052087503
 
Best Matthews: 0.86667, Best Accuracy: 93.33333, Best Loss: 0.054105828 at epoch 115
Time Elasped: 00:01:57
========= Epoch 129 =========
5/10: Matthews 0.86667, Accuracy: 93.33333, Loss: 0.052010404
10/10: Matthews 0.86667, Accuracy: 93.33333, Loss: 0.051941241
 
Best Matthews: 0.86667, Best Accuracy: 93.33333, Best Loss: 0.054105828 at epoch 115
Time Elasped: 00:01:58
========= Epoch 130 =========
5/10: Matthews 0.86667, Accuracy: 93.33333, Loss: 0.051864274
10/10: Matthews 0.86667, Accuracy: 93.33333, Loss: 0.051792505
 
Best Matthews: 0.86667, Best Accuracy: 93.33333, Best Loss: 0.054105828 at epoch 115
Time Elasped: 00:01:59
========= Epoch 131 =========
5/10: Matthews 0.86667, Accuracy: 93.33333, Loss: 0.051725886
10/10: Matthews 0.86667, Accuracy: 93.33333, Loss: 0.051641586
 
Best Matthews: 0.86667, Best Accuracy: 93.33333, Best Loss: 0.054105828 at epoch 115
Time Elasped: 00:01:59
========= Epoch 132 =========
5/10: Matthews 0.86667, Accuracy: 93.33333, Loss: 0.051561748
10/10: Matthews 0.86667, Accuracy: 93.33333, Loss: 0.051476860
 
Best Matthews: 0.86667, Best Accuracy: 93.33333, Best Loss: 0.054105828 at epoch 115
Time Elasped: 00:02:00
========= Epoch 133 =========
5/10: Matthews 0.86667, Accuracy: 93.33333, Loss: 0.051387660
10/10: Matthews 0.86667, Accuracy: 93.33333, Loss: 0.051298534
 
Best Matthews: 0.86667, Best Accuracy: 93.33333, Best Loss: 0.054105828 at epoch 115
Time Elasped: 00:02:00
========= Epoch 134 =========
5/10: Matthews 0.86667, Accuracy: 93.33333, Loss: 0.051245530
10/10: Matthews 0.86667, Accuracy: 93.33333, Loss: 0.051185428
 
Best Matthews: 0.86667, Best Accuracy: 93.33333, Best Loss: 0.054105828 at epoch 115
Time Elasped: 00:02:01
========= Epoch 135 =========
5/10: Matthews 0.86667, Accuracy: 93.33333, Loss: 0.051115174
10/10: Matthews 0.86667, Accuracy: 93.33333, Loss: 0.051058663
 
Best Matthews: 0.86667, Best Accuracy: 93.33333, Best Loss: 0.054105828 at epoch 115
Time Elasped: 00:02:02
========= Epoch 136 =========
Early Stopping activated
 
Best Matthews: 0.86667, Best Accuracy: 93.33333, Best Loss: 0.054105828 at epoch 115
Time Elasped: 00:02:04
Test Set:
0/0: Matthews 0.72790, Accuracy: 86.47799, Loss: 0.017393445
