Namespace(batch_size=32, buffer_size=1, by_source=False, crop_pad_length=30, data='./acceptability_corpus/verb_classes/dative', data_type='discriminator', dropout=0.5, embedding='glove.6B.300d', embedding_path='/scratch/asw462/models/elmo_encoder/elmo.emb', embedding_size=217, encoder_num_layers=2, encoder_path='/scratch/asw462/models/elmo_encoder/elmo.pth', encoding_size=528, encoding_type='lstm_pooling_classifier', epochs=1000, evaluate_train=False, experiment_name='experiment_linear_classifier_h_82_l_4_lr_0.0000_e_217_do_0.5', glove=False, gpu=True, hidden_size=82, imbalance=True, learning_rate=2e-05, lm_path=None, logs_dir='/scratch/asw462/logs/verb_classes/dative', max_pool=False, model='linear_classifier', num_layers=4, output_dir='/scratch/asw462/logs/verb_classes/outputs/dative', patience=20, preprocess_tokenizer='space', prints_per_stage=1, resume=True, resume_file=None, save_loc='/scratch/asw462/models/verb_classes/dative', seed=1111, should_not_log=False, should_not_lowercase=False, should_not_preprocess_data=False, stages_per_epoch=2, train_embeddings=False, train_evaluate_interval=10, vocab_file='/scratch/asw462/data/vocab_100k.tsv')
======== General =======
Model: linear_classifier
GPU: True
Experiment Name: experiment_linear_classifier_h_82_l_4_lr_0.0000_e_217_do_0.5
Save location: /scratch/asw462/models/verb_classes/dative
Logs dir: /scratch/asw462/logs/verb_classes/dative
Timestamp: 2018/08/01 20:07:57
 
======== Data =======
Training set: 358 examples
Validation set: 52 examples
Test set: 234 examples
 
======= Parameters =======
Learning Rate: 0.000020
Batch Size: 32
Epochs: 1000
Patience: 20
Stages per Epoch: 2
Embedding: 100004 x 217
Number of layers: 4
Hidden Size: 82
Encoder Size: 528
Resume: True
 
======= Model =======
LinearClassifierWithEncoder(
  (model): LinearClassifier(
    (dropout): Dropout(p=0.5)
    (enc2h): Linear(in_features=1056, out_features=82, bias=True)
    (h20): Linear(in_features=82, out_features=1, bias=True)
    (sigmoid): Sigmoid()
    (tanh): Tanh()
    (softmax): Softmax()
  )
  (encoder): LSTMPoolingClassifierWithELMo(
    (elmo): ELMOClassifier(
      (lm): LSTMLanguageModel(
        (dropout): Dropout(p=0.2)
        (embedding): Embedding(100003, 217)
        (lstm): LSTM(217, 891, num_layers=2, dropout=0.2)
        (fc): Linear(in_features=891, out_features=100003, bias=True)
      )
      (lstms): ModuleList(
        (0): LSTM(217, 891, batch_first=True)
        (1): LSTM(891, 891, batch_first=True)
      )
      (dropout): Dropout(p=0.2)
      (linear_comb): Linear(in_features=2, out_features=1, bias=True)
      (fc1): Linear(in_features=891, out_features=528, bias=True)
      (relu): ReLU()
      (out): Linear(in_features=528, out_features=1, bias=True)
      (sigmoid): Sigmoid()
    )
    (pooling_classifier): LSTMPoolingClassifier(
      (ih2h): LSTM(891, 528, num_layers=3, batch_first=True, dropout=0.2, bidirectional=True)
      (pool2o): Linear(in_features=1056, out_features=1, bias=True)
      (sigmoid): Sigmoid()
      (softmax): Softmax()
      (dropout): Dropout(p=0.2)
    )
  )
)
 
========= Epoch 1 =========
6/12: Matthews 0.14922, Accuracy: 26.92308, Loss: 0.127701365
12/12: Matthews 0.06406, Accuracy: 19.23077, Loss: 0.127062101
 
Best Matthews: 0.14922, Best Accuracy: 26.92308, Best Loss: 0.127701365 at epoch 1
Time Elasped: 00:00:07
========= Epoch 2 =========
6/12: Matthews 0.00000, Accuracy: 17.30769, Loss: 0.126722758
12/12: Matthews 0.00000, Accuracy: 17.30769, Loss: 0.126290248
 
Best Matthews: 0.14922, Best Accuracy: 26.92308, Best Loss: 0.127701365 at epoch 1
Time Elasped: 00:00:07
========= Epoch 3 =========
6/12: Matthews 0.00000, Accuracy: 17.30769, Loss: 0.125682097
12/12: Matthews 0.00000, Accuracy: 17.30769, Loss: 0.125265727
 
Best Matthews: 0.14922, Best Accuracy: 26.92308, Best Loss: 0.127701365 at epoch 1
Time Elasped: 00:00:08
========= Epoch 4 =========
6/12: Matthews 0.00000, Accuracy: 17.30769, Loss: 0.124897737
12/12: Matthews 0.00000, Accuracy: 17.30769, Loss: 0.124647452
 
Best Matthews: 0.14922, Best Accuracy: 26.92308, Best Loss: 0.127701365 at epoch 1
Time Elasped: 00:00:09
========= Epoch 5 =========
6/12: Matthews 0.00000, Accuracy: 17.30769, Loss: 0.124189762
12/12: Matthews 0.00000, Accuracy: 17.30769, Loss: 0.124039815
 
Best Matthews: 0.14922, Best Accuracy: 26.92308, Best Loss: 0.127701365 at epoch 1
Time Elasped: 00:00:09
========= Epoch 6 =========
6/12: Matthews 0.00000, Accuracy: 17.30769, Loss: 0.124230348
12/12: Matthews 0.00000, Accuracy: 17.30769, Loss: 0.124294309
 
Best Matthews: 0.14922, Best Accuracy: 26.92308, Best Loss: 0.127701365 at epoch 1
Time Elasped: 00:00:10
========= Epoch 7 =========
6/12: Matthews 0.00000, Accuracy: 17.30769, Loss: 0.124281737
12/12: Matthews 0.00000, Accuracy: 17.30769, Loss: 0.124325651
 
Best Matthews: 0.14922, Best Accuracy: 26.92308, Best Loss: 0.127701365 at epoch 1
Time Elasped: 00:00:11
========= Epoch 8 =========
6/12: Matthews 0.00000, Accuracy: 17.30769, Loss: 0.124381267
12/12: Matthews 0.00000, Accuracy: 17.30769, Loss: 0.124405283
 
Best Matthews: 0.14922, Best Accuracy: 26.92308, Best Loss: 0.127701365 at epoch 1
Time Elasped: 00:00:12
========= Epoch 9 =========
6/12: Matthews 0.00000, Accuracy: 17.30769, Loss: 0.124394802
12/12: Matthews 0.00000, Accuracy: 17.30769, Loss: 0.124377627
 
Best Matthews: 0.14922, Best Accuracy: 26.92308, Best Loss: 0.127701365 at epoch 1
Time Elasped: 00:00:12
========= Epoch 10 =========
6/12: Matthews 0.00000, Accuracy: 17.30769, Loss: 0.124580484
12/12: Matthews 0.00000, Accuracy: 17.30769, Loss: 0.124668561
 
Best Matthews: 0.14922, Best Accuracy: 26.92308, Best Loss: 0.127701365 at epoch 1
Time Elasped: 00:00:13
========= Epoch 11 =========
6/12: Matthews 0.00000, Accuracy: 17.30769, Loss: 0.124880910
12/12: Matthews 0.00000, Accuracy: 17.30769, Loss: 0.124928364
 
Best Matthews: 0.14922, Best Accuracy: 26.92308, Best Loss: 0.127701365 at epoch 1
Time Elasped: 00:00:14
========= Epoch 12 =========
6/12: Matthews 0.00000, Accuracy: 17.30769, Loss: 0.124829842
12/12: Matthews 0.00000, Accuracy: 17.30769, Loss: 0.124789935
 
Best Matthews: 0.14922, Best Accuracy: 26.92308, Best Loss: 0.127701365 at epoch 1
Time Elasped: 00:00:14
========= Epoch 13 =========
6/12: Matthews 0.00000, Accuracy: 17.30769, Loss: 0.124758739
12/12: Matthews 0.00000, Accuracy: 17.30769, Loss: 0.124780802
 
Best Matthews: 0.14922, Best Accuracy: 26.92308, Best Loss: 0.127701365 at epoch 1
Time Elasped: 00:00:15
========= Epoch 14 =========
6/12: Matthews 0.00000, Accuracy: 17.30769, Loss: 0.124708121
12/12: Matthews 0.00000, Accuracy: 17.30769, Loss: 0.124729633
 
Best Matthews: 0.14922, Best Accuracy: 26.92308, Best Loss: 0.127701365 at epoch 1
Time Elasped: 00:00:16
========= Epoch 15 =========
6/12: Matthews 0.00000, Accuracy: 17.30769, Loss: 0.124876022
12/12: Matthews 0.00000, Accuracy: 17.30769, Loss: 0.124974031
 
Best Matthews: 0.14922, Best Accuracy: 26.92308, Best Loss: 0.127701365 at epoch 1
Time Elasped: 00:00:16
========= Epoch 16 =========
6/12: Matthews 0.00000, Accuracy: 17.30769, Loss: 0.125093451
12/12: Matthews 0.00000, Accuracy: 17.30769, Loss: 0.125243499
 
Best Matthews: 0.14922, Best Accuracy: 26.92308, Best Loss: 0.127701365 at epoch 1
Time Elasped: 00:00:17
========= Epoch 17 =========
6/12: Matthews 0.00000, Accuracy: 17.30769, Loss: 0.125513957
12/12: Matthews 0.06406, Accuracy: 19.23077, Loss: 0.125624327
 
Best Matthews: 0.14922, Best Accuracy: 26.92308, Best Loss: 0.127701365 at epoch 1
Time Elasped: 00:00:18
========= Epoch 18 =========
6/12: Matthews 0.06406, Accuracy: 19.23077, Loss: 0.125864542
12/12: Matthews 0.06406, Accuracy: 19.23077, Loss: 0.126010968
 
Best Matthews: 0.14922, Best Accuracy: 26.92308, Best Loss: 0.127701365 at epoch 1
Time Elasped: 00:00:19
========= Epoch 19 =========
6/12: Matthews 0.06406, Accuracy: 19.23077, Loss: 0.126006301
12/12: Matthews 0.06406, Accuracy: 19.23077, Loss: 0.126035204
 
Best Matthews: 0.14922, Best Accuracy: 26.92308, Best Loss: 0.127701365 at epoch 1
Time Elasped: 00:00:19
========= Epoch 20 =========
6/12: Matthews 0.06406, Accuracy: 19.23077, Loss: 0.126033710
12/12: Matthews 0.06406, Accuracy: 19.23077, Loss: 0.126095726
 
Best Matthews: 0.14922, Best Accuracy: 26.92308, Best Loss: 0.127701365 at epoch 1
Time Elasped: 00:00:20
========= Epoch 21 =========
6/12: Matthews 0.06406, Accuracy: 19.23077, Loss: 0.126076478
12/12: Matthews 0.06406, Accuracy: 19.23077, Loss: 0.126033719
 
Best Matthews: 0.14922, Best Accuracy: 26.92308, Best Loss: 0.127701365 at epoch 1
Time Elasped: 00:00:21
========= Epoch 22 =========
Early Stopping activated
 
Best Matthews: 0.14922, Best Accuracy: 26.92308, Best Loss: 0.127701365 at epoch 1
Time Elasped: 00:00:23
Test Set:
0/0: Matthews 0.21875, Accuracy: 35.89744, Loss: 0.014770024
