Namespace(batch_size=32, buffer_size=1, by_source=False, crop_pad_length=30, data='./acceptability_corpus/verb_classes/dative', data_type='discriminator', dropout=0.5, embedding='glove.6B.300d', embedding_path='/scratch/asw462/models/elmo_encoder/elmo.emb', embedding_size=217, encoder_num_layers=2, encoder_path='/scratch/asw462/models/elmo_encoder/elmo.pth', encoding_size=528, encoding_type='lstm_pooling_classifier', epochs=1000, evaluate_train=False, experiment_name='experiment_linear_classifier_h_66_l_2_lr_0.0000_e_217_do_0.5', glove=False, gpu=True, hidden_size=66, imbalance=True, learning_rate=2e-05, lm_path=None, logs_dir='/scratch/asw462/logs/verb_classes/dative', max_pool=False, model='linear_classifier', num_layers=2, output_dir='/scratch/asw462/logs/verb_classes/outputs/dative', patience=20, preprocess_tokenizer='space', prints_per_stage=1, resume=True, resume_file=None, save_loc='/scratch/asw462/models/verb_classes/dative', seed=1111, should_not_log=False, should_not_lowercase=False, should_not_preprocess_data=False, stages_per_epoch=2, train_embeddings=False, train_evaluate_interval=10, vocab_file='/scratch/asw462/data/vocab_100k.tsv')
======== General =======
Model: linear_classifier
GPU: True
Experiment Name: experiment_linear_classifier_h_66_l_2_lr_0.0000_e_217_do_0.5
Save location: /scratch/asw462/models/verb_classes/dative
Logs dir: /scratch/asw462/logs/verb_classes/dative
Timestamp: 2018/08/01 20:20:23
 
======== Data =======
Training set: 358 examples
Validation set: 52 examples
Test set: 234 examples
 
======= Parameters =======
Learning Rate: 0.000020
Batch Size: 32
Epochs: 1000
Patience: 20
Stages per Epoch: 2
Embedding: 100004 x 217
Number of layers: 2
Hidden Size: 66
Encoder Size: 528
Resume: True
 
======= Model =======
LinearClassifierWithEncoder(
  (model): LinearClassifier(
    (dropout): Dropout(p=0.5)
    (enc2h): Linear(in_features=1056, out_features=66, bias=True)
    (h20): Linear(in_features=66, out_features=1, bias=True)
    (sigmoid): Sigmoid()
    (tanh): Tanh()
    (softmax): Softmax()
  )
  (encoder): LSTMPoolingClassifierWithELMo(
    (elmo): ELMOClassifier(
      (lm): LSTMLanguageModel(
        (dropout): Dropout(p=0.2)
        (embedding): Embedding(100003, 217)
        (lstm): LSTM(217, 891, num_layers=2, dropout=0.2)
        (fc): Linear(in_features=891, out_features=100003, bias=True)
      )
      (lstms): ModuleList(
        (0): LSTM(217, 891, batch_first=True)
        (1): LSTM(891, 891, batch_first=True)
      )
      (dropout): Dropout(p=0.2)
      (linear_comb): Linear(in_features=2, out_features=1, bias=True)
      (fc1): Linear(in_features=891, out_features=528, bias=True)
      (relu): ReLU()
      (out): Linear(in_features=528, out_features=1, bias=True)
      (sigmoid): Sigmoid()
    )
    (pooling_classifier): LSTMPoolingClassifier(
      (ih2h): LSTM(891, 528, num_layers=3, batch_first=True, dropout=0.2, bidirectional=True)
      (pool2o): Linear(in_features=1056, out_features=1, bias=True)
      (sigmoid): Sigmoid()
      (softmax): Softmax()
      (dropout): Dropout(p=0.2)
    )
  )
)
 
========= Epoch 1 =========
6/12: Matthews 0.17283, Accuracy: 82.69231, Loss: 0.129034152
12/12: Matthews 0.16371, Accuracy: 75.00000, Loss: 0.128158588
 
Best Matthews: 0.17283, Best Accuracy: 82.69231, Best Loss: 0.129034152 at epoch 1
Time Elasped: 00:00:06
========= Epoch 2 =========
6/12: Matthews 0.28624, Accuracy: 69.23077, Loss: 0.127234789
12/12: Matthews 0.16935, Accuracy: 50.00000, Loss: 0.126401938
 
Best Matthews: 0.28624, Best Accuracy: 69.23077, Best Loss: 0.127234789 at epoch 2
Time Elasped: 00:00:08
========= Epoch 3 =========
6/12: Matthews 0.11918, Accuracy: 44.23077, Loss: 0.125780839
12/12: Matthews 0.14922, Accuracy: 26.92308, Loss: 0.125286689
 
Best Matthews: 0.28624, Best Accuracy: 69.23077, Best Loss: 0.127234789 at epoch 2
Time Elasped: 00:00:09
========= Epoch 4 =========
6/12: Matthews 0.09150, Accuracy: 21.15385, Loss: 0.124669717
12/12: Matthews 0.06406, Accuracy: 19.23077, Loss: 0.124245020
 
Best Matthews: 0.28624, Best Accuracy: 69.23077, Best Loss: 0.127234789 at epoch 2
Time Elasped: 00:00:10
========= Epoch 5 =========
6/12: Matthews 0.00000, Accuracy: 17.30769, Loss: 0.123905558
12/12: Matthews 0.00000, Accuracy: 17.30769, Loss: 0.123696245
 
Best Matthews: 0.28624, Best Accuracy: 69.23077, Best Loss: 0.127234789 at epoch 2
Time Elasped: 00:00:10
========= Epoch 6 =========
6/12: Matthews 0.00000, Accuracy: 17.30769, Loss: 0.123687047
12/12: Matthews 0.00000, Accuracy: 17.30769, Loss: 0.123583784
 
Best Matthews: 0.28624, Best Accuracy: 69.23077, Best Loss: 0.127234789 at epoch 2
Time Elasped: 00:00:11
========= Epoch 7 =========
6/12: Matthews 0.00000, Accuracy: 17.30769, Loss: 0.123544821
12/12: Matthews 0.00000, Accuracy: 17.30769, Loss: 0.123529324
 
Best Matthews: 0.28624, Best Accuracy: 69.23077, Best Loss: 0.127234789 at epoch 2
Time Elasped: 00:00:11
========= Epoch 8 =========
6/12: Matthews 0.00000, Accuracy: 17.30769, Loss: 0.123631459
12/12: Matthews 0.00000, Accuracy: 17.30769, Loss: 0.123572927
 
Best Matthews: 0.28624, Best Accuracy: 69.23077, Best Loss: 0.127234789 at epoch 2
Time Elasped: 00:00:12
========= Epoch 9 =========
6/12: Matthews 0.00000, Accuracy: 17.30769, Loss: 0.123359130
12/12: Matthews 0.00000, Accuracy: 17.30769, Loss: 0.123218646
 
Best Matthews: 0.28624, Best Accuracy: 69.23077, Best Loss: 0.127234789 at epoch 2
Time Elasped: 00:00:13
========= Epoch 10 =========
6/12: Matthews 0.00000, Accuracy: 17.30769, Loss: 0.123287100
12/12: Matthews 0.00000, Accuracy: 17.30769, Loss: 0.123283496
 
Best Matthews: 0.28624, Best Accuracy: 69.23077, Best Loss: 0.127234789 at epoch 2
Time Elasped: 00:00:13
========= Epoch 11 =========
6/12: Matthews 0.00000, Accuracy: 17.30769, Loss: 0.123435901
12/12: Matthews 0.00000, Accuracy: 17.30769, Loss: 0.123457258
 
Best Matthews: 0.28624, Best Accuracy: 69.23077, Best Loss: 0.127234789 at epoch 2
Time Elasped: 00:00:14
========= Epoch 12 =========
6/12: Matthews 0.00000, Accuracy: 17.30769, Loss: 0.123619153
12/12: Matthews 0.00000, Accuracy: 17.30769, Loss: 0.123626709
 
Best Matthews: 0.28624, Best Accuracy: 69.23077, Best Loss: 0.127234789 at epoch 2
Time Elasped: 00:00:14
========= Epoch 13 =========
6/12: Matthews 0.00000, Accuracy: 17.30769, Loss: 0.123619942
12/12: Matthews 0.00000, Accuracy: 17.30769, Loss: 0.123466877
 
Best Matthews: 0.28624, Best Accuracy: 69.23077, Best Loss: 0.127234789 at epoch 2
Time Elasped: 00:00:15
========= Epoch 14 =========
6/12: Matthews 0.00000, Accuracy: 17.30769, Loss: 0.123352564
12/12: Matthews 0.00000, Accuracy: 17.30769, Loss: 0.123220499
 
Best Matthews: 0.28624, Best Accuracy: 69.23077, Best Loss: 0.127234789 at epoch 2
Time Elasped: 00:00:16
========= Epoch 15 =========
6/12: Matthews 0.00000, Accuracy: 17.30769, Loss: 0.123221232
12/12: Matthews 0.00000, Accuracy: 17.30769, Loss: 0.123234859
 
Best Matthews: 0.28624, Best Accuracy: 69.23077, Best Loss: 0.127234789 at epoch 2
Time Elasped: 00:00:16
========= Epoch 16 =========
6/12: Matthews 0.00000, Accuracy: 17.30769, Loss: 0.123167955
12/12: Matthews 0.00000, Accuracy: 17.30769, Loss: 0.123069149
 
Best Matthews: 0.28624, Best Accuracy: 69.23077, Best Loss: 0.127234789 at epoch 2
Time Elasped: 00:00:17
========= Epoch 17 =========
6/12: Matthews 0.00000, Accuracy: 17.30769, Loss: 0.122903861
12/12: Matthews 0.00000, Accuracy: 17.30769, Loss: 0.122894874
 
Best Matthews: 0.28624, Best Accuracy: 69.23077, Best Loss: 0.127234789 at epoch 2
Time Elasped: 00:00:17
========= Epoch 18 =========
6/12: Matthews 0.00000, Accuracy: 17.30769, Loss: 0.123016770
12/12: Matthews 0.00000, Accuracy: 17.30769, Loss: 0.123019328
 
Best Matthews: 0.28624, Best Accuracy: 69.23077, Best Loss: 0.127234789 at epoch 2
Time Elasped: 00:00:18
========= Epoch 19 =========
6/12: Matthews 0.00000, Accuracy: 17.30769, Loss: 0.122937569
12/12: Matthews 0.00000, Accuracy: 17.30769, Loss: 0.122954222
 
Best Matthews: 0.28624, Best Accuracy: 69.23077, Best Loss: 0.127234789 at epoch 2
Time Elasped: 00:00:19
========= Epoch 20 =========
6/12: Matthews 0.00000, Accuracy: 17.30769, Loss: 0.123120363
12/12: Matthews 0.00000, Accuracy: 17.30769, Loss: 0.123101500
 
Best Matthews: 0.28624, Best Accuracy: 69.23077, Best Loss: 0.127234789 at epoch 2
Time Elasped: 00:00:19
========= Epoch 21 =========
6/12: Matthews 0.00000, Accuracy: 17.30769, Loss: 0.123042785
12/12: Matthews 0.00000, Accuracy: 17.30769, Loss: 0.123032130
 
Best Matthews: 0.28624, Best Accuracy: 69.23077, Best Loss: 0.127234789 at epoch 2
Time Elasped: 00:00:20
========= Epoch 22 =========
6/12: Matthews 0.00000, Accuracy: 17.30769, Loss: 0.122968930
12/12: Matthews 0.00000, Accuracy: 17.30769, Loss: 0.122986748
 
Best Matthews: 0.28624, Best Accuracy: 69.23077, Best Loss: 0.127234789 at epoch 2
Time Elasped: 00:00:20
========= Epoch 23 =========
Early Stopping activated
 
Best Matthews: 0.28624, Best Accuracy: 69.23077, Best Loss: 0.127234789 at epoch 2
Time Elasped: 00:00:22
Test Set:
0/0: Matthews 0.27533, Accuracy: 71.36752, Loss: 0.014725118
