Namespace(batch_size=32, buffer_size=1, by_source=False, crop_pad_length=30, data='./acceptability_corpus/verb_classes/dative', data_type='discriminator', dropout=0.2, embedding='glove.6B.300d', embedding_path='/scratch/asw462/models/elmo_encoder/elmo.emb', embedding_size=217, encoder_num_layers=2, encoder_path='/scratch/asw462/models/elmo_encoder/elmo.pth', encoding_size=528, encoding_type='lstm_pooling_classifier', epochs=1000, evaluate_train=False, experiment_name='experiment_linear_classifier_h_148_l_4_lr_0.0001_e_217_do_0.2', glove=False, gpu=True, hidden_size=148, imbalance=True, learning_rate=0.00013, lm_path=None, logs_dir='/scratch/asw462/logs/verb_classes/dative', max_pool=False, model='linear_classifier', num_layers=4, output_dir='/scratch/asw462/logs/verb_classes/outputs/dative', patience=20, preprocess_tokenizer='space', prints_per_stage=1, resume=True, resume_file=None, save_loc='/scratch/asw462/models/verb_classes/dative', seed=1111, should_not_log=False, should_not_lowercase=False, should_not_preprocess_data=False, stages_per_epoch=2, train_embeddings=False, train_evaluate_interval=10, vocab_file='/scratch/asw462/data/vocab_100k.tsv')
======== General =======
Model: linear_classifier
GPU: True
Experiment Name: experiment_linear_classifier_h_148_l_4_lr_0.0001_e_217_do_0.2
Save location: /scratch/asw462/models/verb_classes/dative
Logs dir: /scratch/asw462/logs/verb_classes/dative
Timestamp: 2018/08/01 20:09:10
 
======== Data =======
Training set: 358 examples
Validation set: 52 examples
Test set: 234 examples
 
======= Parameters =======
Learning Rate: 0.000130
Batch Size: 32
Epochs: 1000
Patience: 20
Stages per Epoch: 2
Embedding: 100004 x 217
Number of layers: 4
Hidden Size: 148
Encoder Size: 528
Resume: True
 
======= Model =======
LinearClassifierWithEncoder(
  (model): LinearClassifier(
    (dropout): Dropout(p=0.2)
    (enc2h): Linear(in_features=1056, out_features=148, bias=True)
    (h20): Linear(in_features=148, out_features=1, bias=True)
    (sigmoid): Sigmoid()
    (tanh): Tanh()
    (softmax): Softmax()
  )
  (encoder): LSTMPoolingClassifierWithELMo(
    (elmo): ELMOClassifier(
      (lm): LSTMLanguageModel(
        (dropout): Dropout(p=0.2)
        (embedding): Embedding(100003, 217)
        (lstm): LSTM(217, 891, num_layers=2, dropout=0.2)
        (fc): Linear(in_features=891, out_features=100003, bias=True)
      )
      (lstms): ModuleList(
        (0): LSTM(217, 891, batch_first=True)
        (1): LSTM(891, 891, batch_first=True)
      )
      (dropout): Dropout(p=0.2)
      (linear_comb): Linear(in_features=2, out_features=1, bias=True)
      (fc1): Linear(in_features=891, out_features=528, bias=True)
      (relu): ReLU()
      (out): Linear(in_features=528, out_features=1, bias=True)
      (sigmoid): Sigmoid()
    )
    (pooling_classifier): LSTMPoolingClassifier(
      (ih2h): LSTM(891, 528, num_layers=3, batch_first=True, dropout=0.2, bidirectional=True)
      (pool2o): Linear(in_features=1056, out_features=1, bias=True)
      (sigmoid): Sigmoid()
      (softmax): Softmax()
      (dropout): Dropout(p=0.2)
    )
  )
)
 
========= Epoch 1 =========
6/12: Matthews 0.00000, Accuracy: 17.30769, Loss: 0.120583002
12/12: Matthews 0.00000, Accuracy: 17.30769, Loss: 0.122633980
 
Best Matthews: 0.00000, Best Accuracy: 0.00000, Best Loss: inf at epoch 0
Time Elasped: 00:00:08
========= Epoch 2 =========
6/12: Matthews 0.00000, Accuracy: 17.30769, Loss: 0.126607748
12/12: Matthews 0.13207, Accuracy: 25.00000, Loss: 0.128687226
 
Best Matthews: 0.13207, Best Accuracy: 25.00000, Best Loss: 0.128687226 at epoch 2
Time Elasped: 00:00:10
========= Epoch 3 =========
6/12: Matthews 0.16523, Accuracy: 28.84615, Loss: 0.129196745
12/12: Matthews 0.20930, Accuracy: 34.61538, Loss: 0.128924351
 
Best Matthews: 0.20930, Best Accuracy: 34.61538, Best Loss: 0.128924351 at epoch 3
Time Elasped: 00:00:14
========= Epoch 4 =========
6/12: Matthews 0.22324, Accuracy: 36.53846, Loss: 0.127417950
12/12: Matthews 0.23697, Accuracy: 38.46154, Loss: 0.126178054
 
Best Matthews: 0.23697, Best Accuracy: 38.46154, Best Loss: 0.126178054 at epoch 4
Time Elasped: 00:00:18
========= Epoch 5 =========
6/12: Matthews 0.22324, Accuracy: 36.53846, Loss: 0.125138521
12/12: Matthews 0.22324, Accuracy: 36.53846, Loss: 0.124012369
 
Best Matthews: 0.23697, Best Accuracy: 38.46154, Best Loss: 0.126178054 at epoch 4
Time Elasped: 00:00:18
========= Epoch 6 =========
6/12: Matthews 0.23697, Accuracy: 38.46154, Loss: 0.123972086
12/12: Matthews 0.23697, Accuracy: 38.46154, Loss: 0.121357459
 
Best Matthews: 0.23697, Best Accuracy: 38.46154, Best Loss: 0.126178054 at epoch 4
Time Elasped: 00:00:19
========= Epoch 7 =========
6/12: Matthews 0.20930, Accuracy: 34.61538, Loss: 0.115247974
12/12: Matthews 0.20930, Accuracy: 34.61538, Loss: 0.111578978
 
Best Matthews: 0.23697, Best Accuracy: 38.46154, Best Loss: 0.126178054 at epoch 4
Time Elasped: 00:00:20
========= Epoch 8 =========
6/12: Matthews 0.19508, Accuracy: 32.69231, Loss: 0.108374559
12/12: Matthews 0.25058, Accuracy: 40.38462, Loss: 0.107693214
 
Best Matthews: 0.25058, Best Accuracy: 40.38462, Best Loss: 0.107693214 at epoch 8
Time Elasped: 00:00:22
========= Epoch 9 =========
6/12: Matthews 0.28889, Accuracy: 55.76923, Loss: 0.109100846
12/12: Matthews 0.27294, Accuracy: 53.84615, Loss: 0.106867011
 
Best Matthews: 0.28889, Best Accuracy: 55.76923, Best Loss: 0.109100846 at epoch 9
Time Elasped: 00:00:24
========= Epoch 10 =========
6/12: Matthews 0.25058, Accuracy: 40.38462, Loss: 0.105018331
12/12: Matthews 0.23697, Accuracy: 38.46154, Loss: 0.102490067
 
Best Matthews: 0.28889, Best Accuracy: 55.76923, Best Loss: 0.109100846 at epoch 9
Time Elasped: 00:00:25
========= Epoch 11 =========
6/12: Matthews 0.30500, Accuracy: 48.07692, Loss: 0.100106093
12/12: Matthews 0.36168, Accuracy: 55.76923, Loss: 0.098255075
 
Best Matthews: 0.36168, Best Accuracy: 55.76923, Best Loss: 0.098255075 at epoch 11
Time Elasped: 00:00:29
========= Epoch 12 =========
6/12: Matthews 0.36168, Accuracy: 55.76923, Loss: 0.096236715
12/12: Matthews 0.30508, Accuracy: 57.69231, Loss: 0.095839189
 
Best Matthews: 0.36168, Best Accuracy: 55.76923, Best Loss: 0.098255075 at epoch 11
Time Elasped: 00:00:29
========= Epoch 13 =========
6/12: Matthews 0.36168, Accuracy: 55.76923, Loss: 0.094670983
12/12: Matthews 0.36168, Accuracy: 55.76923, Loss: 0.093430097
 
Best Matthews: 0.36168, Best Accuracy: 55.76923, Best Loss: 0.098255075 at epoch 11
Time Elasped: 00:00:30
========= Epoch 14 =========
6/12: Matthews 0.31884, Accuracy: 50.00000, Loss: 0.092822047
12/12: Matthews 0.36168, Accuracy: 55.76923, Loss: 0.093159162
 
Best Matthews: 0.36168, Best Accuracy: 55.76923, Best Loss: 0.098255075 at epoch 11
Time Elasped: 00:00:31
========= Epoch 15 =========
6/12: Matthews 0.36168, Accuracy: 55.76923, Loss: 0.091550488
12/12: Matthews 0.36168, Accuracy: 55.76923, Loss: 0.089656289
 
Best Matthews: 0.36168, Best Accuracy: 55.76923, Best Loss: 0.098255075 at epoch 11
Time Elasped: 00:00:31
========= Epoch 16 =========
6/12: Matthews 0.29129, Accuracy: 46.15385, Loss: 0.084270532
12/12: Matthews 0.36168, Accuracy: 55.76923, Loss: 0.083355647
 
Best Matthews: 0.36168, Best Accuracy: 55.76923, Best Loss: 0.098255075 at epoch 11
Time Elasped: 00:00:32
========= Epoch 17 =========
6/12: Matthews 0.40743, Accuracy: 61.53846, Loss: 0.085684199
12/12: Matthews 0.33848, Accuracy: 61.53846, Loss: 0.085839051
 
Best Matthews: 0.40743, Best Accuracy: 61.53846, Best Loss: 0.085684199 at epoch 17
Time Elasped: 00:00:35
========= Epoch 18 =========
6/12: Matthews 0.40743, Accuracy: 61.53846, Loss: 0.083972839
12/12: Matthews 0.39178, Accuracy: 59.61538, Loss: 0.081901037
 
Best Matthews: 0.40743, Best Accuracy: 61.53846, Best Loss: 0.085684199 at epoch 17
Time Elasped: 00:00:36
========= Epoch 19 =========
6/12: Matthews 0.40743, Accuracy: 61.53846, Loss: 0.083323231
12/12: Matthews 0.39178, Accuracy: 59.61538, Loss: 0.081161444
 
Best Matthews: 0.40743, Best Accuracy: 61.53846, Best Loss: 0.085684199 at epoch 17
Time Elasped: 00:00:36
========= Epoch 20 =========
6/12: Matthews 0.39178, Accuracy: 59.61538, Loss: 0.079146202
12/12: Matthews 0.39178, Accuracy: 59.61538, Loss: 0.079513678
 
Best Matthews: 0.40743, Best Accuracy: 61.53846, Best Loss: 0.085684199 at epoch 17
Time Elasped: 00:00:37
========= Epoch 21 =========
6/12: Matthews 0.30500, Accuracy: 48.07692, Loss: 0.077796606
12/12: Matthews 0.37654, Accuracy: 57.69231, Loss: 0.076616058
 
Best Matthews: 0.40743, Best Accuracy: 61.53846, Best Loss: 0.085684199 at epoch 17
Time Elasped: 00:00:38
========= Epoch 22 =========
6/12: Matthews 0.44023, Accuracy: 65.38462, Loss: 0.076984057
12/12: Matthews 0.47544, Accuracy: 69.23077, Loss: 0.077288325
 
Best Matthews: 0.47544, Best Accuracy: 69.23077, Best Loss: 0.077288325 at epoch 22
Time Elasped: 00:00:42
========= Epoch 23 =========
6/12: Matthews 0.44023, Accuracy: 65.38462, Loss: 0.076431678
12/12: Matthews 0.40743, Accuracy: 61.53846, Loss: 0.074989566
 
Best Matthews: 0.47544, Best Accuracy: 69.23077, Best Loss: 0.077288325 at epoch 22
Time Elasped: 00:00:42
========= Epoch 24 =========
6/12: Matthews 0.31884, Accuracy: 50.00000, Loss: 0.071977900
12/12: Matthews 0.34714, Accuracy: 53.84615, Loss: 0.073406064
 
Best Matthews: 0.47544, Best Accuracy: 69.23077, Best Loss: 0.077288325 at epoch 22
Time Elasped: 00:00:43
========= Epoch 25 =========
6/12: Matthews 0.44023, Accuracy: 65.38462, Loss: 0.077981160
12/12: Matthews 0.18825, Accuracy: 59.61538, Loss: 0.083159777
 
Best Matthews: 0.47544, Best Accuracy: 69.23077, Best Loss: 0.077288325 at epoch 22
Time Elasped: 00:00:44
========= Epoch 26 =========
6/12: Matthews 0.20667, Accuracy: 61.53846, Loss: 0.085752524
12/12: Matthews 0.44023, Accuracy: 65.38462, Loss: 0.081408061
 
Best Matthews: 0.47544, Best Accuracy: 69.23077, Best Loss: 0.077288325 at epoch 22
Time Elasped: 00:00:44
========= Epoch 27 =========
6/12: Matthews 0.42356, Accuracy: 63.46154, Loss: 0.076804234
12/12: Matthews 0.39178, Accuracy: 59.61538, Loss: 0.074426834
 
Best Matthews: 0.47544, Best Accuracy: 69.23077, Best Loss: 0.077288325 at epoch 22
Time Elasped: 00:00:45
========= Epoch 28 =========
6/12: Matthews 0.42356, Accuracy: 63.46154, Loss: 0.073037358
12/12: Matthews 0.44023, Accuracy: 65.38462, Loss: 0.073904780
 
Best Matthews: 0.47544, Best Accuracy: 69.23077, Best Loss: 0.077288325 at epoch 22
Time Elasped: 00:00:46
========= Epoch 29 =========
6/12: Matthews 0.44023, Accuracy: 65.38462, Loss: 0.074309519
12/12: Matthews 0.44023, Accuracy: 65.38462, Loss: 0.074336675
 
Best Matthews: 0.47544, Best Accuracy: 69.23077, Best Loss: 0.077288325 at epoch 22
Time Elasped: 00:00:46
========= Epoch 30 =========
6/12: Matthews 0.42356, Accuracy: 63.46154, Loss: 0.073236447
12/12: Matthews 0.42356, Accuracy: 63.46154, Loss: 0.072302708
 
Best Matthews: 0.47544, Best Accuracy: 69.23077, Best Loss: 0.077288325 at epoch 22
Time Elasped: 00:00:47
========= Epoch 31 =========
6/12: Matthews 0.42356, Accuracy: 63.46154, Loss: 0.072336197
12/12: Matthews 0.44023, Accuracy: 65.38462, Loss: 0.074142043
 
Best Matthews: 0.47544, Best Accuracy: 69.23077, Best Loss: 0.077288325 at epoch 22
Time Elasped: 00:00:48
========= Epoch 32 =========
6/12: Matthews 0.47544, Accuracy: 69.23077, Loss: 0.078256222
12/12: Matthews 0.47544, Accuracy: 69.23077, Loss: 0.077120222
 
Best Matthews: 0.47544, Best Accuracy: 69.23077, Best Loss: 0.077288325 at epoch 22
Time Elasped: 00:00:48
========= Epoch 33 =========
6/12: Matthews 0.42356, Accuracy: 63.46154, Loss: 0.072891694
12/12: Matthews 0.42356, Accuracy: 63.46154, Loss: 0.069614475
 
Best Matthews: 0.47544, Best Accuracy: 69.23077, Best Loss: 0.077288325 at epoch 22
Time Elasped: 00:00:49
========= Epoch 34 =========
6/12: Matthews 0.42356, Accuracy: 63.46154, Loss: 0.067767671
12/12: Matthews 0.42356, Accuracy: 63.46154, Loss: 0.068988974
 
Best Matthews: 0.47544, Best Accuracy: 69.23077, Best Loss: 0.077288325 at epoch 22
Time Elasped: 00:00:49
========= Epoch 35 =========
6/12: Matthews 0.49415, Accuracy: 71.15385, Loss: 0.069899577
12/12: Matthews 0.49415, Accuracy: 71.15385, Loss: 0.072235383
 
Best Matthews: 0.49415, Best Accuracy: 71.15385, Best Loss: 0.069899577 at epoch 35
Time Elasped: 00:00:52
========= Epoch 36 =========
6/12: Matthews 0.47544, Accuracy: 69.23077, Loss: 0.072412417
12/12: Matthews 0.42356, Accuracy: 63.46154, Loss: 0.070078575
 
Best Matthews: 0.49415, Best Accuracy: 71.15385, Best Loss: 0.069899577 at epoch 35
Time Elasped: 00:00:52
========= Epoch 37 =========
6/12: Matthews 0.42356, Accuracy: 63.46154, Loss: 0.064087680
12/12: Matthews 0.47544, Accuracy: 69.23077, Loss: 0.064077946
 
Best Matthews: 0.49415, Best Accuracy: 71.15385, Best Loss: 0.069899577 at epoch 35
Time Elasped: 00:00:53
========= Epoch 38 =========
6/12: Matthews 0.47544, Accuracy: 69.23077, Loss: 0.068594699
12/12: Matthews 0.47544, Accuracy: 69.23077, Loss: 0.071230430
 
Best Matthews: 0.49415, Best Accuracy: 71.15385, Best Loss: 0.069899577 at epoch 35
Time Elasped: 00:00:53
========= Epoch 39 =========
6/12: Matthews 0.45750, Accuracy: 67.30769, Loss: 0.071693352
12/12: Matthews 0.45750, Accuracy: 67.30769, Loss: 0.071185011
 
Best Matthews: 0.49415, Best Accuracy: 71.15385, Best Loss: 0.069899577 at epoch 35
Time Elasped: 00:00:54
========= Epoch 40 =========
6/12: Matthews 0.45750, Accuracy: 67.30769, Loss: 0.069073952
12/12: Matthews 0.47544, Accuracy: 69.23077, Loss: 0.068690098
 
Best Matthews: 0.49415, Best Accuracy: 71.15385, Best Loss: 0.069899577 at epoch 35
Time Elasped: 00:00:55
========= Epoch 41 =========
6/12: Matthews 0.45750, Accuracy: 67.30769, Loss: 0.066902491
12/12: Matthews 0.47544, Accuracy: 69.23077, Loss: 0.068551669
 
Best Matthews: 0.49415, Best Accuracy: 71.15385, Best Loss: 0.069899577 at epoch 35
Time Elasped: 00:00:55
========= Epoch 42 =========
6/12: Matthews 0.45750, Accuracy: 67.30769, Loss: 0.067530384
12/12: Matthews 0.47544, Accuracy: 69.23077, Loss: 0.067774200
 
Best Matthews: 0.49415, Best Accuracy: 71.15385, Best Loss: 0.069899577 at epoch 35
Time Elasped: 00:00:56
========= Epoch 43 =========
6/12: Matthews 0.45750, Accuracy: 67.30769, Loss: 0.067161789
12/12: Matthews 0.45750, Accuracy: 67.30769, Loss: 0.068713459
 
Best Matthews: 0.49415, Best Accuracy: 71.15385, Best Loss: 0.069899577 at epoch 35
Time Elasped: 00:00:57
========= Epoch 44 =========
6/12: Matthews 0.45750, Accuracy: 67.30769, Loss: 0.067979863
12/12: Matthews 0.45750, Accuracy: 67.30769, Loss: 0.067130373
 
Best Matthews: 0.49415, Best Accuracy: 71.15385, Best Loss: 0.069899577 at epoch 35
Time Elasped: 00:00:57
========= Epoch 45 =========
6/12: Matthews 0.45750, Accuracy: 67.30769, Loss: 0.064627757
12/12: Matthews 0.45750, Accuracy: 67.30769, Loss: 0.063660003
 
Best Matthews: 0.49415, Best Accuracy: 71.15385, Best Loss: 0.069899577 at epoch 35
Time Elasped: 00:00:58
========= Epoch 46 =========
6/12: Matthews 0.49415, Accuracy: 71.15385, Loss: 0.065666749
12/12: Matthews 0.47544, Accuracy: 69.23077, Loss: 0.067028440
 
Best Matthews: 0.49415, Best Accuracy: 71.15385, Best Loss: 0.069899577 at epoch 35
Time Elasped: 00:00:59
========= Epoch 47 =========
6/12: Matthews 0.45750, Accuracy: 67.30769, Loss: 0.064351476
12/12: Matthews 0.45750, Accuracy: 67.30769, Loss: 0.063154780
 
Best Matthews: 0.49415, Best Accuracy: 71.15385, Best Loss: 0.069899577 at epoch 35
Time Elasped: 00:00:59
========= Epoch 48 =========
6/12: Matthews 0.49415, Accuracy: 71.15385, Loss: 0.067641157
12/12: Matthews 0.51371, Accuracy: 73.07692, Loss: 0.067207712
 
Best Matthews: 0.51371, Best Accuracy: 73.07692, Best Loss: 0.067207712 at epoch 48
Time Elasped: 00:01:01
========= Epoch 49 =========
6/12: Matthews 0.49415, Accuracy: 71.15385, Loss: 0.067510820
12/12: Matthews 0.45750, Accuracy: 67.30769, Loss: 0.066299929
 
Best Matthews: 0.51371, Best Accuracy: 73.07692, Best Loss: 0.067207712 at epoch 48
Time Elasped: 00:01:02
========= Epoch 50 =========
6/12: Matthews 0.49415, Accuracy: 71.15385, Loss: 0.064796585
12/12: Matthews 0.49415, Accuracy: 71.15385, Loss: 0.063949085
 
Best Matthews: 0.51371, Best Accuracy: 73.07692, Best Loss: 0.067207712 at epoch 48
Time Elasped: 00:01:02
========= Epoch 51 =========
6/12: Matthews 0.49415, Accuracy: 71.15385, Loss: 0.064396533
12/12: Matthews 0.49415, Accuracy: 71.15385, Loss: 0.064834558
 
Best Matthews: 0.51371, Best Accuracy: 73.07692, Best Loss: 0.067207712 at epoch 48
Time Elasped: 00:01:03
========= Epoch 52 =========
6/12: Matthews 0.45750, Accuracy: 67.30769, Loss: 0.064044095
12/12: Matthews 0.45750, Accuracy: 67.30769, Loss: 0.063584676
 
Best Matthews: 0.51371, Best Accuracy: 73.07692, Best Loss: 0.067207712 at epoch 48
Time Elasped: 00:01:04
========= Epoch 53 =========
6/12: Matthews 0.45750, Accuracy: 67.30769, Loss: 0.060532446
12/12: Matthews 0.49415, Accuracy: 71.15385, Loss: 0.059527342
 
Best Matthews: 0.51371, Best Accuracy: 73.07692, Best Loss: 0.067207712 at epoch 48
Time Elasped: 00:01:04
========= Epoch 54 =========
6/12: Matthews 0.49415, Accuracy: 71.15385, Loss: 0.060762813
12/12: Matthews 0.49415, Accuracy: 71.15385, Loss: 0.060507573
 
Best Matthews: 0.51371, Best Accuracy: 73.07692, Best Loss: 0.067207712 at epoch 48
Time Elasped: 00:01:05
========= Epoch 55 =========
6/12: Matthews 0.49415, Accuracy: 71.15385, Loss: 0.060976716
12/12: Matthews 0.49415, Accuracy: 71.15385, Loss: 0.062147659
 
Best Matthews: 0.51371, Best Accuracy: 73.07692, Best Loss: 0.067207712 at epoch 48
Time Elasped: 00:01:06
========= Epoch 56 =========
6/12: Matthews 0.51371, Accuracy: 73.07692, Loss: 0.065303216
12/12: Matthews 0.49415, Accuracy: 71.15385, Loss: 0.063050701
 
Best Matthews: 0.51371, Best Accuracy: 73.07692, Best Loss: 0.067207712 at epoch 48
Time Elasped: 00:01:06
========= Epoch 57 =========
6/12: Matthews 0.45750, Accuracy: 67.30769, Loss: 0.063030977
12/12: Matthews 0.45750, Accuracy: 67.30769, Loss: 0.063339096
 
Best Matthews: 0.51371, Best Accuracy: 73.07692, Best Loss: 0.067207712 at epoch 48
Time Elasped: 00:01:07
========= Epoch 58 =========
6/12: Matthews 0.47544, Accuracy: 69.23077, Loss: 0.064888977
12/12: Matthews 0.47544, Accuracy: 69.23077, Loss: 0.068232225
 
Best Matthews: 0.51371, Best Accuracy: 73.07692, Best Loss: 0.067207712 at epoch 48
Time Elasped: 00:01:08
========= Epoch 59 =========
6/12: Matthews 0.47544, Accuracy: 69.23077, Loss: 0.069408233
12/12: Matthews 0.47544, Accuracy: 69.23077, Loss: 0.067619058
 
Best Matthews: 0.51371, Best Accuracy: 73.07692, Best Loss: 0.067207712 at epoch 48
Time Elasped: 00:01:08
========= Epoch 60 =========
6/12: Matthews 0.47544, Accuracy: 69.23077, Loss: 0.065861005
12/12: Matthews 0.45750, Accuracy: 67.30769, Loss: 0.061675888
 
Best Matthews: 0.51371, Best Accuracy: 73.07692, Best Loss: 0.067207712 at epoch 48
Time Elasped: 00:01:09
========= Epoch 61 =========
6/12: Matthews 0.45750, Accuracy: 67.30769, Loss: 0.060240956
12/12: Matthews 0.47544, Accuracy: 69.23077, Loss: 0.062342694
 
Best Matthews: 0.51371, Best Accuracy: 73.07692, Best Loss: 0.067207712 at epoch 48
Time Elasped: 00:01:09
========= Epoch 62 =========
6/12: Matthews 0.45750, Accuracy: 67.30769, Loss: 0.061260012
12/12: Matthews 0.49415, Accuracy: 71.15385, Loss: 0.059457884
 
Best Matthews: 0.51371, Best Accuracy: 73.07692, Best Loss: 0.067207712 at epoch 48
Time Elasped: 00:01:10
========= Epoch 63 =========
6/12: Matthews 0.49415, Accuracy: 71.15385, Loss: 0.059539708
12/12: Matthews 0.49415, Accuracy: 71.15385, Loss: 0.058820303
 
Best Matthews: 0.51371, Best Accuracy: 73.07692, Best Loss: 0.067207712 at epoch 48
Time Elasped: 00:01:11
========= Epoch 64 =========
6/12: Matthews 0.49415, Accuracy: 71.15385, Loss: 0.057414688
12/12: Matthews 0.49415, Accuracy: 71.15385, Loss: 0.055052757
 
Best Matthews: 0.51371, Best Accuracy: 73.07692, Best Loss: 0.067207712 at epoch 48
Time Elasped: 00:01:11
========= Epoch 65 =========
6/12: Matthews 0.47544, Accuracy: 69.23077, Loss: 0.055882202
12/12: Matthews 0.47544, Accuracy: 69.23077, Loss: 0.055865292
 
Best Matthews: 0.51371, Best Accuracy: 73.07692, Best Loss: 0.067207712 at epoch 48
Time Elasped: 00:01:12
========= Epoch 66 =========
6/12: Matthews 0.49415, Accuracy: 71.15385, Loss: 0.056686163
12/12: Matthews 0.49415, Accuracy: 71.15385, Loss: 0.056882019
 
Best Matthews: 0.51371, Best Accuracy: 73.07692, Best Loss: 0.067207712 at epoch 48
Time Elasped: 00:01:13
========= Epoch 67 =========
6/12: Matthews 0.45750, Accuracy: 67.30769, Loss: 0.057913349
12/12: Matthews 0.47544, Accuracy: 69.23077, Loss: 0.056761054
 
Best Matthews: 0.51371, Best Accuracy: 73.07692, Best Loss: 0.067207712 at epoch 48
Time Elasped: 00:01:13
========= Epoch 68 =========
6/12: Matthews 0.47544, Accuracy: 69.23077, Loss: 0.059642677
12/12: Matthews 0.49415, Accuracy: 71.15385, Loss: 0.062684233
 
Best Matthews: 0.51371, Best Accuracy: 73.07692, Best Loss: 0.067207712 at epoch 48
Time Elasped: 00:01:14
========= Epoch 69 =========
Early Stopping activated
 
Best Matthews: 0.51371, Best Accuracy: 73.07692, Best Loss: 0.067207712 at epoch 48
Time Elasped: 00:01:16
Test Set:
0/0: Matthews 0.44237, Accuracy: 77.35043, Loss: 0.009725690
