Namespace(batch_size=32, buffer_size=1, by_source=False, crop_pad_length=30, data='./acceptability_corpus/verb_classes/dative', data_type='discriminator', dropout=0.5, embedding='glove.6B.300d', embedding_path='/scratch/asw462/models/elmo_encoder/elmo.emb', embedding_size=217, encoder_num_layers=2, encoder_path='/scratch/asw462/models/elmo_encoder/elmo.pth', encoding_size=528, encoding_type='lstm_pooling_classifier', epochs=1000, evaluate_train=False, experiment_name='experiment_linear_classifier_h_124_l_4_lr_0.0000_e_217_do_0.5', glove=False, gpu=True, hidden_size=124, imbalance=True, learning_rate=2e-05, lm_path=None, logs_dir='/scratch/asw462/logs/verb_classes/dative', max_pool=False, model='linear_classifier', num_layers=4, output_dir='/scratch/asw462/logs/verb_classes/outputs/dative', patience=20, preprocess_tokenizer='space', prints_per_stage=1, resume=True, resume_file=None, save_loc='/scratch/asw462/models/verb_classes/dative', seed=1111, should_not_log=False, should_not_lowercase=False, should_not_preprocess_data=False, stages_per_epoch=2, train_embeddings=False, train_evaluate_interval=10, vocab_file='/scratch/asw462/data/vocab_100k.tsv')
======== General =======
Model: linear_classifier
GPU: True
Experiment Name: experiment_linear_classifier_h_124_l_4_lr_0.0000_e_217_do_0.5
Save location: /scratch/asw462/models/verb_classes/dative
Logs dir: /scratch/asw462/logs/verb_classes/dative
Timestamp: 2018/08/01 20:18:29
 
======== Data =======
Training set: 358 examples
Validation set: 52 examples
Test set: 234 examples
 
======= Parameters =======
Learning Rate: 0.000020
Batch Size: 32
Epochs: 1000
Patience: 20
Stages per Epoch: 2
Embedding: 100004 x 217
Number of layers: 4
Hidden Size: 124
Encoder Size: 528
Resume: True
 
======= Model =======
LinearClassifierWithEncoder(
  (model): LinearClassifier(
    (dropout): Dropout(p=0.5)
    (enc2h): Linear(in_features=1056, out_features=124, bias=True)
    (h20): Linear(in_features=124, out_features=1, bias=True)
    (sigmoid): Sigmoid()
    (tanh): Tanh()
    (softmax): Softmax()
  )
  (encoder): LSTMPoolingClassifierWithELMo(
    (elmo): ELMOClassifier(
      (lm): LSTMLanguageModel(
        (dropout): Dropout(p=0.2)
        (embedding): Embedding(100003, 217)
        (lstm): LSTM(217, 891, num_layers=2, dropout=0.2)
        (fc): Linear(in_features=891, out_features=100003, bias=True)
      )
      (lstms): ModuleList(
        (0): LSTM(217, 891, batch_first=True)
        (1): LSTM(891, 891, batch_first=True)
      )
      (dropout): Dropout(p=0.2)
      (linear_comb): Linear(in_features=2, out_features=1, bias=True)
      (fc1): Linear(in_features=891, out_features=528, bias=True)
      (relu): ReLU()
      (out): Linear(in_features=528, out_features=1, bias=True)
      (sigmoid): Sigmoid()
    )
    (pooling_classifier): LSTMPoolingClassifier(
      (ih2h): LSTM(891, 528, num_layers=3, batch_first=True, dropout=0.2, bidirectional=True)
      (pool2o): Linear(in_features=1056, out_features=1, bias=True)
      (sigmoid): Sigmoid()
      (softmax): Softmax()
      (dropout): Dropout(p=0.2)
    )
  )
)
 
========= Epoch 1 =========
6/12: Matthews 0.06575, Accuracy: 46.15385, Loss: 0.125149947
12/12: Matthews 0.06689, Accuracy: 38.46154, Loss: 0.124509014
 
Best Matthews: 0.06689, Best Accuracy: 38.46154, Best Loss: 0.124509014 at epoch 1
Time Elasped: 00:00:08
========= Epoch 2 =========
6/12: Matthews -0.03473, Accuracy: 28.84615, Loss: 0.124128965
12/12: Matthews 0.16523, Accuracy: 28.84615, Loss: 0.123558677
 
Best Matthews: 0.16523, Best Accuracy: 28.84615, Best Loss: 0.123558677 at epoch 2
Time Elasped: 00:00:11
========= Epoch 3 =========
6/12: Matthews 0.11320, Accuracy: 23.07692, Loss: 0.123077686
12/12: Matthews 0.11320, Accuracy: 23.07692, Loss: 0.122595365
 
Best Matthews: 0.16523, Best Accuracy: 28.84615, Best Loss: 0.123558677 at epoch 2
Time Elasped: 00:00:12
========= Epoch 4 =========
6/12: Matthews 0.09150, Accuracy: 21.15385, Loss: 0.122191814
12/12: Matthews 0.00000, Accuracy: 17.30769, Loss: 0.122004857
 
Best Matthews: 0.16523, Best Accuracy: 28.84615, Best Loss: 0.123558677 at epoch 2
Time Elasped: 00:00:12
========= Epoch 5 =========
6/12: Matthews 0.00000, Accuracy: 17.30769, Loss: 0.122122783
12/12: Matthews 0.00000, Accuracy: 17.30769, Loss: 0.122109725
 
Best Matthews: 0.16523, Best Accuracy: 28.84615, Best Loss: 0.123558677 at epoch 2
Time Elasped: 00:00:13
========= Epoch 6 =========
6/12: Matthews 0.00000, Accuracy: 17.30769, Loss: 0.121817295
12/12: Matthews 0.00000, Accuracy: 17.30769, Loss: 0.121727907
 
Best Matthews: 0.16523, Best Accuracy: 28.84615, Best Loss: 0.123558677 at epoch 2
Time Elasped: 00:00:14
========= Epoch 7 =========
6/12: Matthews 0.00000, Accuracy: 17.30769, Loss: 0.121916367
12/12: Matthews 0.00000, Accuracy: 17.30769, Loss: 0.121961117
 
Best Matthews: 0.16523, Best Accuracy: 28.84615, Best Loss: 0.123558677 at epoch 2
Time Elasped: 00:00:14
========= Epoch 8 =========
6/12: Matthews 0.00000, Accuracy: 17.30769, Loss: 0.121971681
12/12: Matthews 0.00000, Accuracy: 17.30769, Loss: 0.122127579
 
Best Matthews: 0.16523, Best Accuracy: 28.84615, Best Loss: 0.123558677 at epoch 2
Time Elasped: 00:00:15
========= Epoch 9 =========
6/12: Matthews 0.00000, Accuracy: 17.30769, Loss: 0.122274188
12/12: Matthews 0.00000, Accuracy: 17.30769, Loss: 0.122317186
 
Best Matthews: 0.16523, Best Accuracy: 28.84615, Best Loss: 0.123558677 at epoch 2
Time Elasped: 00:00:16
========= Epoch 10 =========
6/12: Matthews 0.00000, Accuracy: 17.30769, Loss: 0.122450003
12/12: Matthews 0.00000, Accuracy: 17.30769, Loss: 0.122469214
 
Best Matthews: 0.16523, Best Accuracy: 28.84615, Best Loss: 0.123558677 at epoch 2
Time Elasped: 00:00:16
========= Epoch 11 =========
6/12: Matthews 0.00000, Accuracy: 17.30769, Loss: 0.122591670
12/12: Matthews 0.00000, Accuracy: 17.30769, Loss: 0.122762607
 
Best Matthews: 0.16523, Best Accuracy: 28.84615, Best Loss: 0.123558677 at epoch 2
Time Elasped: 00:00:17
========= Epoch 12 =========
6/12: Matthews 0.00000, Accuracy: 17.30769, Loss: 0.122990663
12/12: Matthews 0.00000, Accuracy: 17.30769, Loss: 0.123391335
 
Best Matthews: 0.16523, Best Accuracy: 28.84615, Best Loss: 0.123558677 at epoch 2
Time Elasped: 00:00:18
========= Epoch 13 =========
6/12: Matthews 0.00000, Accuracy: 17.30769, Loss: 0.123298700
12/12: Matthews 0.00000, Accuracy: 17.30769, Loss: 0.123174787
 
Best Matthews: 0.16523, Best Accuracy: 28.84615, Best Loss: 0.123558677 at epoch 2
Time Elasped: 00:00:18
========= Epoch 14 =========
6/12: Matthews 0.00000, Accuracy: 17.30769, Loss: 0.123258325
12/12: Matthews 0.00000, Accuracy: 17.30769, Loss: 0.123546454
 
Best Matthews: 0.16523, Best Accuracy: 28.84615, Best Loss: 0.123558677 at epoch 2
Time Elasped: 00:00:19
========= Epoch 15 =========
6/12: Matthews 0.00000, Accuracy: 17.30769, Loss: 0.123674191
12/12: Matthews 0.00000, Accuracy: 17.30769, Loss: 0.123824963
 
Best Matthews: 0.16523, Best Accuracy: 28.84615, Best Loss: 0.123558677 at epoch 2
Time Elasped: 00:00:19
========= Epoch 16 =========
6/12: Matthews 0.00000, Accuracy: 17.30769, Loss: 0.123854692
12/12: Matthews 0.00000, Accuracy: 17.30769, Loss: 0.123996047
 
Best Matthews: 0.16523, Best Accuracy: 28.84615, Best Loss: 0.123558677 at epoch 2
Time Elasped: 00:00:20
========= Epoch 17 =========
6/12: Matthews 0.00000, Accuracy: 17.30769, Loss: 0.124042814
12/12: Matthews 0.00000, Accuracy: 17.30769, Loss: 0.124230926
 
Best Matthews: 0.16523, Best Accuracy: 28.84615, Best Loss: 0.123558677 at epoch 2
Time Elasped: 00:00:21
========= Epoch 18 =========
6/12: Matthews 0.06406, Accuracy: 19.23077, Loss: 0.124709780
12/12: Matthews 0.09150, Accuracy: 21.15385, Loss: 0.124870814
 
Best Matthews: 0.16523, Best Accuracy: 28.84615, Best Loss: 0.123558677 at epoch 2
Time Elasped: 00:00:21
========= Epoch 19 =========
6/12: Matthews 0.06406, Accuracy: 19.23077, Loss: 0.124664362
12/12: Matthews 0.06406, Accuracy: 19.23077, Loss: 0.124647370
 
Best Matthews: 0.16523, Best Accuracy: 28.84615, Best Loss: 0.123558677 at epoch 2
Time Elasped: 00:00:22
========= Epoch 20 =========
6/12: Matthews 0.06406, Accuracy: 19.23077, Loss: 0.124670020
12/12: Matthews 0.06406, Accuracy: 19.23077, Loss: 0.124718785
 
Best Matthews: 0.16523, Best Accuracy: 28.84615, Best Loss: 0.123558677 at epoch 2
Time Elasped: 00:00:23
========= Epoch 21 =========
6/12: Matthews 0.09150, Accuracy: 21.15385, Loss: 0.124952041
12/12: Matthews 0.09150, Accuracy: 21.15385, Loss: 0.125134266
 
Best Matthews: 0.16523, Best Accuracy: 28.84615, Best Loss: 0.123558677 at epoch 2
Time Elasped: 00:00:23
========= Epoch 22 =========
6/12: Matthews 0.09150, Accuracy: 21.15385, Loss: 0.125065877
12/12: Matthews 0.09150, Accuracy: 21.15385, Loss: 0.124999340
 
Best Matthews: 0.16523, Best Accuracy: 28.84615, Best Loss: 0.123558677 at epoch 2
Time Elasped: 00:00:24
========= Epoch 23 =========
Early Stopping activated
 
Best Matthews: 0.16523, Best Accuracy: 28.84615, Best Loss: 0.123558677 at epoch 2
Time Elasped: 00:00:26
Test Set:
0/0: Matthews 0.04510, Accuracy: 23.50427, Loss: 0.014009366
