Namespace(batch_size=32, buffer_size=1, by_source=False, crop_pad_length=30, data='./acceptability_corpus/verb_classes/dative', data_type='discriminator', dropout=0.5, embedding='glove.6B.300d', embedding_path='/scratch/asw462/models/elmo_encoder/elmo.emb', embedding_size=217, encoder_num_layers=2, encoder_path='/scratch/asw462/models/elmo_encoder/elmo.pth', encoding_size=528, encoding_type='lstm_pooling_classifier', epochs=1000, evaluate_train=False, experiment_name='experiment_linear_classifier_h_187_l_3_lr_0.0000_e_217_do_0.5', glove=False, gpu=True, hidden_size=187, imbalance=True, learning_rate=2e-05, lm_path=None, logs_dir='/scratch/asw462/logs/verb_classes/dative', max_pool=False, model='linear_classifier', num_layers=3, output_dir='/scratch/asw462/logs/verb_classes/outputs/dative', patience=20, preprocess_tokenizer='space', prints_per_stage=1, resume=True, resume_file=None, save_loc='/scratch/asw462/models/verb_classes/dative', seed=1111, should_not_log=False, should_not_lowercase=False, should_not_preprocess_data=False, stages_per_epoch=2, train_embeddings=False, train_evaluate_interval=10, vocab_file='/scratch/asw462/data/vocab_100k.tsv')
======== General =======
Model: linear_classifier
GPU: True
Experiment Name: experiment_linear_classifier_h_187_l_3_lr_0.0000_e_217_do_0.5
Save location: /scratch/asw462/models/verb_classes/dative
Logs dir: /scratch/asw462/logs/verb_classes/dative
Timestamp: 2018/08/01 20:08:49
 
======== Data =======
Training set: 358 examples
Validation set: 52 examples
Test set: 234 examples
 
======= Parameters =======
Learning Rate: 0.000020
Batch Size: 32
Epochs: 1000
Patience: 20
Stages per Epoch: 2
Embedding: 100004 x 217
Number of layers: 3
Hidden Size: 187
Encoder Size: 528
Resume: True
 
======= Model =======
LinearClassifierWithEncoder(
  (model): LinearClassifier(
    (dropout): Dropout(p=0.5)
    (enc2h): Linear(in_features=1056, out_features=187, bias=True)
    (h20): Linear(in_features=187, out_features=1, bias=True)
    (sigmoid): Sigmoid()
    (tanh): Tanh()
    (softmax): Softmax()
  )
  (encoder): LSTMPoolingClassifierWithELMo(
    (elmo): ELMOClassifier(
      (lm): LSTMLanguageModel(
        (dropout): Dropout(p=0.2)
        (embedding): Embedding(100003, 217)
        (lstm): LSTM(217, 891, num_layers=2, dropout=0.2)
        (fc): Linear(in_features=891, out_features=100003, bias=True)
      )
      (lstms): ModuleList(
        (0): LSTM(217, 891, batch_first=True)
        (1): LSTM(891, 891, batch_first=True)
      )
      (dropout): Dropout(p=0.2)
      (linear_comb): Linear(in_features=2, out_features=1, bias=True)
      (fc1): Linear(in_features=891, out_features=528, bias=True)
      (relu): ReLU()
      (out): Linear(in_features=528, out_features=1, bias=True)
      (sigmoid): Sigmoid()
    )
    (pooling_classifier): LSTMPoolingClassifier(
      (ih2h): LSTM(891, 528, num_layers=3, batch_first=True, dropout=0.2, bidirectional=True)
      (pool2o): Linear(in_features=1056, out_features=1, bias=True)
      (sigmoid): Sigmoid()
      (softmax): Softmax()
      (dropout): Dropout(p=0.2)
    )
  )
)
 
========= Epoch 1 =========
6/12: Matthews -0.03151, Accuracy: 73.07692, Loss: 0.129138085
12/12: Matthews 0.10432, Accuracy: 57.69231, Loss: 0.127479388
 
Best Matthews: 0.10432, Best Accuracy: 57.69231, Best Loss: 0.127479388 at epoch 1
Time Elasped: 00:00:06
========= Epoch 2 =========
6/12: Matthews 0.11250, Accuracy: 34.61538, Loss: 0.126374135
12/12: Matthews 0.13207, Accuracy: 25.00000, Loss: 0.125149360
 
Best Matthews: 0.13207, Best Accuracy: 25.00000, Best Loss: 0.125149360 at epoch 2
Time Elasped: 00:00:10
========= Epoch 3 =========
6/12: Matthews 0.06406, Accuracy: 19.23077, Loss: 0.124162546
12/12: Matthews 0.06406, Accuracy: 19.23077, Loss: 0.123570479
 
Best Matthews: 0.13207, Best Accuracy: 25.00000, Best Loss: 0.125149360 at epoch 2
Time Elasped: 00:00:10
========= Epoch 4 =========
6/12: Matthews 0.00000, Accuracy: 17.30769, Loss: 0.123468592
12/12: Matthews 0.00000, Accuracy: 17.30769, Loss: 0.123318929
 
Best Matthews: 0.13207, Best Accuracy: 25.00000, Best Loss: 0.125149360 at epoch 2
Time Elasped: 00:00:11
========= Epoch 5 =========
6/12: Matthews 0.00000, Accuracy: 17.30769, Loss: 0.123155181
12/12: Matthews 0.00000, Accuracy: 17.30769, Loss: 0.123257087
 
Best Matthews: 0.13207, Best Accuracy: 25.00000, Best Loss: 0.125149360 at epoch 2
Time Elasped: 00:00:12
========= Epoch 6 =========
6/12: Matthews 0.00000, Accuracy: 17.30769, Loss: 0.123509425
12/12: Matthews 0.00000, Accuracy: 17.30769, Loss: 0.123698620
 
Best Matthews: 0.13207, Best Accuracy: 25.00000, Best Loss: 0.125149360 at epoch 2
Time Elasped: 00:00:12
========= Epoch 7 =========
6/12: Matthews 0.00000, Accuracy: 17.30769, Loss: 0.123413526
12/12: Matthews 0.00000, Accuracy: 17.30769, Loss: 0.123415764
 
Best Matthews: 0.13207, Best Accuracy: 25.00000, Best Loss: 0.125149360 at epoch 2
Time Elasped: 00:00:13
========= Epoch 8 =========
6/12: Matthews 0.00000, Accuracy: 17.30769, Loss: 0.123229568
12/12: Matthews 0.00000, Accuracy: 17.30769, Loss: 0.123240223
 
Best Matthews: 0.13207, Best Accuracy: 25.00000, Best Loss: 0.125149360 at epoch 2
Time Elasped: 00:00:13
========= Epoch 9 =========
6/12: Matthews 0.00000, Accuracy: 17.30769, Loss: 0.123302918
12/12: Matthews 0.00000, Accuracy: 17.30769, Loss: 0.123360909
 
Best Matthews: 0.13207, Best Accuracy: 25.00000, Best Loss: 0.125149360 at epoch 2
Time Elasped: 00:00:14
========= Epoch 10 =========
6/12: Matthews 0.00000, Accuracy: 17.30769, Loss: 0.123566866
12/12: Matthews 0.00000, Accuracy: 17.30769, Loss: 0.123753071
 
Best Matthews: 0.13207, Best Accuracy: 25.00000, Best Loss: 0.125149360 at epoch 2
Time Elasped: 00:00:14
========= Epoch 11 =========
6/12: Matthews 0.00000, Accuracy: 17.30769, Loss: 0.123953260
12/12: Matthews 0.00000, Accuracy: 17.30769, Loss: 0.124061896
 
Best Matthews: 0.13207, Best Accuracy: 25.00000, Best Loss: 0.125149360 at epoch 2
Time Elasped: 00:00:15
========= Epoch 12 =========
6/12: Matthews 0.00000, Accuracy: 17.30769, Loss: 0.124380387
12/12: Matthews 0.00000, Accuracy: 17.30769, Loss: 0.124610085
 
Best Matthews: 0.13207, Best Accuracy: 25.00000, Best Loss: 0.125149360 at epoch 2
Time Elasped: 00:00:16
========= Epoch 13 =========
6/12: Matthews 0.00000, Accuracy: 17.30769, Loss: 0.124445420
12/12: Matthews 0.00000, Accuracy: 17.30769, Loss: 0.124310732
 
Best Matthews: 0.13207, Best Accuracy: 25.00000, Best Loss: 0.125149360 at epoch 2
Time Elasped: 00:00:16
========= Epoch 14 =========
6/12: Matthews 0.00000, Accuracy: 17.30769, Loss: 0.124498312
12/12: Matthews 0.00000, Accuracy: 17.30769, Loss: 0.124382257
 
Best Matthews: 0.13207, Best Accuracy: 25.00000, Best Loss: 0.125149360 at epoch 2
Time Elasped: 00:00:17
========= Epoch 15 =========
6/12: Matthews 0.00000, Accuracy: 17.30769, Loss: 0.124220912
12/12: Matthews 0.00000, Accuracy: 17.30769, Loss: 0.124185434
 
Best Matthews: 0.13207, Best Accuracy: 25.00000, Best Loss: 0.125149360 at epoch 2
Time Elasped: 00:00:17
========= Epoch 16 =========
6/12: Matthews 0.00000, Accuracy: 17.30769, Loss: 0.124078732
12/12: Matthews 0.00000, Accuracy: 17.30769, Loss: 0.124164343
 
Best Matthews: 0.13207, Best Accuracy: 25.00000, Best Loss: 0.125149360 at epoch 2
Time Elasped: 00:00:18
========= Epoch 17 =========
6/12: Matthews 0.00000, Accuracy: 17.30769, Loss: 0.124145636
12/12: Matthews 0.00000, Accuracy: 17.30769, Loss: 0.124059861
 
Best Matthews: 0.13207, Best Accuracy: 25.00000, Best Loss: 0.125149360 at epoch 2
Time Elasped: 00:00:18
========= Epoch 18 =========
6/12: Matthews 0.00000, Accuracy: 17.30769, Loss: 0.124431243
12/12: Matthews 0.00000, Accuracy: 17.30769, Loss: 0.124547197
 
Best Matthews: 0.13207, Best Accuracy: 25.00000, Best Loss: 0.125149360 at epoch 2
Time Elasped: 00:00:19
========= Epoch 19 =========
6/12: Matthews 0.00000, Accuracy: 17.30769, Loss: 0.124392473
12/12: Matthews 0.00000, Accuracy: 17.30769, Loss: 0.124431115
 
Best Matthews: 0.13207, Best Accuracy: 25.00000, Best Loss: 0.125149360 at epoch 2
Time Elasped: 00:00:20
========= Epoch 20 =========
6/12: Matthews 0.00000, Accuracy: 17.30769, Loss: 0.124296133
12/12: Matthews 0.06406, Accuracy: 19.23077, Loss: 0.124419368
 
Best Matthews: 0.13207, Best Accuracy: 25.00000, Best Loss: 0.125149360 at epoch 2
Time Elasped: 00:00:20
========= Epoch 21 =========
6/12: Matthews 0.09150, Accuracy: 21.15385, Loss: 0.124680831
12/12: Matthews 0.09150, Accuracy: 21.15385, Loss: 0.124793878
 
Best Matthews: 0.13207, Best Accuracy: 25.00000, Best Loss: 0.125149360 at epoch 2
Time Elasped: 00:00:21
========= Epoch 22 =========
6/12: Matthews 0.11320, Accuracy: 23.07692, Loss: 0.124629846
12/12: Matthews 0.11320, Accuracy: 23.07692, Loss: 0.124678025
 
Best Matthews: 0.13207, Best Accuracy: 25.00000, Best Loss: 0.125149360 at epoch 2
Time Elasped: 00:00:21
========= Epoch 23 =========
Early Stopping activated
 
Best Matthews: 0.13207, Best Accuracy: 25.00000, Best Loss: 0.125149360 at epoch 2
Time Elasped: 00:00:23
Test Set:
0/0: Matthews 0.04376, Accuracy: 21.36752, Loss: 0.014067721
