Namespace(batch_size=32, buffer_size=1, by_source=False, crop_pad_length=30, data='./acceptability_corpus/verb_classes/dative', data_type='discriminator', dropout=0.2, embedding='glove.6B.300d', embedding_path='/scratch/asw462/models/elmo_encoder/elmo.emb', embedding_size=217, encoder_num_layers=2, encoder_path='/scratch/asw462/models/elmo_encoder/elmo.pth', encoding_size=528, encoding_type='lstm_pooling_classifier', epochs=1000, evaluate_train=False, experiment_name='experiment_linear_classifier_h_151_l_2_lr_0.0000_e_217_do_0.2', glove=False, gpu=True, hidden_size=151, imbalance=True, learning_rate=2e-05, lm_path=None, logs_dir='/scratch/asw462/logs/verb_classes/dative', max_pool=False, model='linear_classifier', num_layers=2, output_dir='/scratch/asw462/logs/verb_classes/outputs/dative', patience=20, preprocess_tokenizer='space', prints_per_stage=1, resume=True, resume_file=None, save_loc='/scratch/asw462/models/verb_classes/dative', seed=1111, should_not_log=False, should_not_lowercase=False, should_not_preprocess_data=False, stages_per_epoch=2, train_embeddings=False, train_evaluate_interval=10, vocab_file='/scratch/asw462/data/vocab_100k.tsv')
======== General =======
Model: linear_classifier
GPU: True
Experiment Name: experiment_linear_classifier_h_151_l_2_lr_0.0000_e_217_do_0.2
Save location: /scratch/asw462/models/verb_classes/dative
Logs dir: /scratch/asw462/logs/verb_classes/dative
Timestamp: 2018/08/01 20:08:57
 
======== Data =======
Training set: 358 examples
Validation set: 52 examples
Test set: 234 examples
 
======= Parameters =======
Learning Rate: 0.000020
Batch Size: 32
Epochs: 1000
Patience: 20
Stages per Epoch: 2
Embedding: 100004 x 217
Number of layers: 2
Hidden Size: 151
Encoder Size: 528
Resume: True
 
======= Model =======
LinearClassifierWithEncoder(
  (model): LinearClassifier(
    (dropout): Dropout(p=0.2)
    (enc2h): Linear(in_features=1056, out_features=151, bias=True)
    (h20): Linear(in_features=151, out_features=1, bias=True)
    (sigmoid): Sigmoid()
    (tanh): Tanh()
    (softmax): Softmax()
  )
  (encoder): LSTMPoolingClassifierWithELMo(
    (elmo): ELMOClassifier(
      (lm): LSTMLanguageModel(
        (dropout): Dropout(p=0.2)
        (embedding): Embedding(100003, 217)
        (lstm): LSTM(217, 891, num_layers=2, dropout=0.2)
        (fc): Linear(in_features=891, out_features=100003, bias=True)
      )
      (lstms): ModuleList(
        (0): LSTM(217, 891, batch_first=True)
        (1): LSTM(891, 891, batch_first=True)
      )
      (dropout): Dropout(p=0.2)
      (linear_comb): Linear(in_features=2, out_features=1, bias=True)
      (fc1): Linear(in_features=891, out_features=528, bias=True)
      (relu): ReLU()
      (out): Linear(in_features=528, out_features=1, bias=True)
      (sigmoid): Sigmoid()
    )
    (pooling_classifier): LSTMPoolingClassifier(
      (ih2h): LSTM(891, 528, num_layers=3, batch_first=True, dropout=0.2, bidirectional=True)
      (pool2o): Linear(in_features=1056, out_features=1, bias=True)
      (sigmoid): Sigmoid()
      (softmax): Softmax()
      (dropout): Dropout(p=0.2)
    )
  )
)
 
========= Epoch 1 =========
6/12: Matthews -0.31210, Accuracy: 17.30769, Loss: 0.125475333
12/12: Matthews 0.00000, Accuracy: 17.30769, Loss: 0.124561677
 
Best Matthews: 0.00000, Best Accuracy: 0.00000, Best Loss: inf at epoch 0
Time Elasped: 00:00:05
========= Epoch 2 =========
6/12: Matthews 0.00000, Accuracy: 17.30769, Loss: 0.123769412
12/12: Matthews 0.00000, Accuracy: 17.30769, Loss: 0.123262662
 
Best Matthews: 0.00000, Best Accuracy: 0.00000, Best Loss: inf at epoch 0
Time Elasped: 00:00:06
========= Epoch 3 =========
6/12: Matthews 0.00000, Accuracy: 17.30769, Loss: 0.123069736
12/12: Matthews 0.00000, Accuracy: 17.30769, Loss: 0.122849446
 
Best Matthews: 0.00000, Best Accuracy: 0.00000, Best Loss: inf at epoch 0
Time Elasped: 00:00:07
========= Epoch 4 =========
6/12: Matthews 0.00000, Accuracy: 17.30769, Loss: 0.122773932
12/12: Matthews 0.00000, Accuracy: 17.30769, Loss: 0.122919569
 
Best Matthews: 0.00000, Best Accuracy: 0.00000, Best Loss: inf at epoch 0
Time Elasped: 00:00:07
========= Epoch 5 =========
6/12: Matthews 0.00000, Accuracy: 17.30769, Loss: 0.123066847
12/12: Matthews 0.00000, Accuracy: 17.30769, Loss: 0.123000255
 
Best Matthews: 0.00000, Best Accuracy: 0.00000, Best Loss: inf at epoch 0
Time Elasped: 00:00:08
========= Epoch 6 =========
6/12: Matthews 0.00000, Accuracy: 17.30769, Loss: 0.122719013
12/12: Matthews 0.00000, Accuracy: 17.30769, Loss: 0.122671733
 
Best Matthews: 0.00000, Best Accuracy: 0.00000, Best Loss: inf at epoch 0
Time Elasped: 00:00:08
========= Epoch 7 =========
6/12: Matthews 0.00000, Accuracy: 17.30769, Loss: 0.122538273
12/12: Matthews 0.00000, Accuracy: 17.30769, Loss: 0.122517641
 
Best Matthews: 0.00000, Best Accuracy: 0.00000, Best Loss: inf at epoch 0
Time Elasped: 00:00:09
========= Epoch 8 =========
6/12: Matthews 0.00000, Accuracy: 17.30769, Loss: 0.122620564
12/12: Matthews 0.00000, Accuracy: 17.30769, Loss: 0.122792024
 
Best Matthews: 0.00000, Best Accuracy: 0.00000, Best Loss: inf at epoch 0
Time Elasped: 00:00:10
========= Epoch 9 =========
6/12: Matthews 0.00000, Accuracy: 17.30769, Loss: 0.122947289
12/12: Matthews 0.00000, Accuracy: 17.30769, Loss: 0.123313693
 
Best Matthews: 0.00000, Best Accuracy: 0.00000, Best Loss: inf at epoch 0
Time Elasped: 00:00:10
========= Epoch 10 =========
6/12: Matthews 0.00000, Accuracy: 17.30769, Loss: 0.123514652
12/12: Matthews 0.00000, Accuracy: 17.30769, Loss: 0.123675420
 
Best Matthews: 0.00000, Best Accuracy: 0.00000, Best Loss: inf at epoch 0
Time Elasped: 00:00:11
========= Epoch 11 =========
6/12: Matthews 0.00000, Accuracy: 17.30769, Loss: 0.123895150
12/12: Matthews 0.00000, Accuracy: 17.30769, Loss: 0.124219821
 
Best Matthews: 0.00000, Best Accuracy: 0.00000, Best Loss: inf at epoch 0
Time Elasped: 00:00:11
========= Epoch 12 =========
6/12: Matthews 0.00000, Accuracy: 17.30769, Loss: 0.124175292
12/12: Matthews 0.00000, Accuracy: 17.30769, Loss: 0.124277876
 
Best Matthews: 0.00000, Best Accuracy: 0.00000, Best Loss: inf at epoch 0
Time Elasped: 00:00:12
========= Epoch 13 =========
6/12: Matthews 0.00000, Accuracy: 17.30769, Loss: 0.124302736
12/12: Matthews 0.00000, Accuracy: 17.30769, Loss: 0.124240637
 
Best Matthews: 0.00000, Best Accuracy: 0.00000, Best Loss: inf at epoch 0
Time Elasped: 00:00:12
========= Epoch 14 =========
6/12: Matthews 0.00000, Accuracy: 17.30769, Loss: 0.124109186
12/12: Matthews 0.00000, Accuracy: 17.30769, Loss: 0.123931004
 
Best Matthews: 0.00000, Best Accuracy: 0.00000, Best Loss: inf at epoch 0
Time Elasped: 00:00:13
========= Epoch 15 =========
6/12: Matthews 0.00000, Accuracy: 17.30769, Loss: 0.123851831
12/12: Matthews 0.00000, Accuracy: 17.30769, Loss: 0.123957588
 
Best Matthews: 0.00000, Best Accuracy: 0.00000, Best Loss: inf at epoch 0
Time Elasped: 00:00:14
========= Epoch 16 =========
6/12: Matthews 0.00000, Accuracy: 17.30769, Loss: 0.124100098
12/12: Matthews 0.00000, Accuracy: 17.30769, Loss: 0.124284955
 
Best Matthews: 0.00000, Best Accuracy: 0.00000, Best Loss: inf at epoch 0
Time Elasped: 00:00:14
========= Epoch 17 =========
6/12: Matthews 0.00000, Accuracy: 17.30769, Loss: 0.124315482
12/12: Matthews 0.06406, Accuracy: 19.23077, Loss: 0.124373408
 
Best Matthews: 0.06406, Best Accuracy: 19.23077, Best Loss: 0.124373408 at epoch 17
Time Elasped: 00:00:16
========= Epoch 18 =========
6/12: Matthews 0.06406, Accuracy: 19.23077, Loss: 0.124448905
12/12: Matthews 0.06406, Accuracy: 19.23077, Loss: 0.124344872
 
Best Matthews: 0.06406, Best Accuracy: 19.23077, Best Loss: 0.124373408 at epoch 17
Time Elasped: 00:00:16
========= Epoch 19 =========
6/12: Matthews 0.06406, Accuracy: 19.23077, Loss: 0.123996698
12/12: Matthews 0.11320, Accuracy: 23.07692, Loss: 0.123730880
 
Best Matthews: 0.11320, Best Accuracy: 23.07692, Best Loss: 0.123730880 at epoch 19
Time Elasped: 00:00:19
========= Epoch 20 =========
6/12: Matthews 0.11320, Accuracy: 23.07692, Loss: 0.123617502
12/12: Matthews 0.13207, Accuracy: 25.00000, Loss: 0.123612331
 
Best Matthews: 0.13207, Best Accuracy: 25.00000, Best Loss: 0.123612331 at epoch 20
Time Elasped: 00:00:21
========= Epoch 21 =========
6/12: Matthews 0.13207, Accuracy: 25.00000, Loss: 0.123241663
12/12: Matthews 0.13207, Accuracy: 25.00000, Loss: 0.122918221
 
Best Matthews: 0.13207, Best Accuracy: 25.00000, Best Loss: 0.123612331 at epoch 20
Time Elasped: 00:00:21
========= Epoch 22 =========
6/12: Matthews 0.11320, Accuracy: 23.07692, Loss: 0.122535724
12/12: Matthews 0.14922, Accuracy: 26.92308, Loss: 0.122412434
 
Best Matthews: 0.14922, Best Accuracy: 26.92308, Best Loss: 0.122412434 at epoch 22
Time Elasped: 00:00:23
========= Epoch 23 =========
6/12: Matthews 0.13207, Accuracy: 25.00000, Loss: 0.122410811
12/12: Matthews 0.13207, Accuracy: 25.00000, Loss: 0.122285916
 
Best Matthews: 0.14922, Best Accuracy: 26.92308, Best Loss: 0.122412434 at epoch 22
Time Elasped: 00:00:24
========= Epoch 24 =========
6/12: Matthews 0.14922, Accuracy: 26.92308, Loss: 0.122153704
12/12: Matthews 0.14922, Accuracy: 26.92308, Loss: 0.122252079
 
Best Matthews: 0.14922, Best Accuracy: 26.92308, Best Loss: 0.122412434 at epoch 22
Time Elasped: 00:00:24
========= Epoch 25 =========
6/12: Matthews 0.14922, Accuracy: 26.92308, Loss: 0.122331592
12/12: Matthews 0.14922, Accuracy: 26.92308, Loss: 0.122060803
 
Best Matthews: 0.14922, Best Accuracy: 26.92308, Best Loss: 0.122412434 at epoch 22
Time Elasped: 00:00:25
========= Epoch 26 =========
6/12: Matthews 0.14922, Accuracy: 26.92308, Loss: 0.121689081
12/12: Matthews 0.14922, Accuracy: 26.92308, Loss: 0.121366079
 
Best Matthews: 0.14922, Best Accuracy: 26.92308, Best Loss: 0.122412434 at epoch 22
Time Elasped: 00:00:26
========= Epoch 27 =========
6/12: Matthews 0.14922, Accuracy: 26.92308, Loss: 0.121063636
12/12: Matthews 0.16523, Accuracy: 28.84615, Loss: 0.120818358
 
Best Matthews: 0.16523, Best Accuracy: 28.84615, Best Loss: 0.120818358 at epoch 27
Time Elasped: 00:00:28
========= Epoch 28 =========
6/12: Matthews 0.16523, Accuracy: 28.84615, Loss: 0.120443711
12/12: Matthews 0.16523, Accuracy: 28.84615, Loss: 0.120135949
 
Best Matthews: 0.16523, Best Accuracy: 28.84615, Best Loss: 0.120818358 at epoch 27
Time Elasped: 00:00:28
========= Epoch 29 =========
6/12: Matthews 0.16523, Accuracy: 28.84615, Loss: 0.120065799
12/12: Matthews 0.16523, Accuracy: 28.84615, Loss: 0.119880144
 
Best Matthews: 0.16523, Best Accuracy: 28.84615, Best Loss: 0.120818358 at epoch 27
Time Elasped: 00:00:29
========= Epoch 30 =========
6/12: Matthews 0.16523, Accuracy: 28.84615, Loss: 0.119930432
12/12: Matthews 0.16523, Accuracy: 28.84615, Loss: 0.119744741
 
Best Matthews: 0.16523, Best Accuracy: 28.84615, Best Loss: 0.120818358 at epoch 27
Time Elasped: 00:00:29
========= Epoch 31 =========
6/12: Matthews 0.16523, Accuracy: 28.84615, Loss: 0.119528440
12/12: Matthews 0.16523, Accuracy: 28.84615, Loss: 0.119170501
 
Best Matthews: 0.16523, Best Accuracy: 28.84615, Best Loss: 0.120818358 at epoch 27
Time Elasped: 00:00:30
========= Epoch 32 =========
6/12: Matthews 0.16523, Accuracy: 28.84615, Loss: 0.118705273
12/12: Matthews 0.16523, Accuracy: 28.84615, Loss: 0.118362729
 
Best Matthews: 0.16523, Best Accuracy: 28.84615, Best Loss: 0.120818358 at epoch 27
Time Elasped: 00:00:30
========= Epoch 33 =========
6/12: Matthews 0.18044, Accuracy: 30.76923, Loss: 0.118306802
12/12: Matthews 0.18044, Accuracy: 30.76923, Loss: 0.118075921
 
Best Matthews: 0.18044, Best Accuracy: 30.76923, Best Loss: 0.118306802 at epoch 33
Time Elasped: 00:00:32
========= Epoch 34 =========
6/12: Matthews 0.18044, Accuracy: 30.76923, Loss: 0.117686675
12/12: Matthews 0.18044, Accuracy: 30.76923, Loss: 0.117486459
 
Best Matthews: 0.18044, Best Accuracy: 30.76923, Best Loss: 0.118306802 at epoch 33
Time Elasped: 00:00:33
========= Epoch 35 =========
6/12: Matthews 0.18044, Accuracy: 30.76923, Loss: 0.117158505
12/12: Matthews 0.19508, Accuracy: 32.69231, Loss: 0.116723629
 
Best Matthews: 0.19508, Best Accuracy: 32.69231, Best Loss: 0.116723629 at epoch 35
Time Elasped: 00:00:35
========= Epoch 36 =========
6/12: Matthews 0.19508, Accuracy: 32.69231, Loss: 0.116211066
12/12: Matthews 0.19508, Accuracy: 32.69231, Loss: 0.115927944
 
Best Matthews: 0.19508, Best Accuracy: 32.69231, Best Loss: 0.116723629 at epoch 35
Time Elasped: 00:00:36
========= Epoch 37 =========
6/12: Matthews 0.19508, Accuracy: 32.69231, Loss: 0.116019341
12/12: Matthews 0.19508, Accuracy: 32.69231, Loss: 0.115732074
 
Best Matthews: 0.19508, Best Accuracy: 32.69231, Best Loss: 0.116723629 at epoch 35
Time Elasped: 00:00:36
========= Epoch 38 =========
6/12: Matthews 0.19508, Accuracy: 32.69231, Loss: 0.115008207
12/12: Matthews 0.19508, Accuracy: 32.69231, Loss: 0.114398479
 
Best Matthews: 0.19508, Best Accuracy: 32.69231, Best Loss: 0.116723629 at epoch 35
Time Elasped: 00:00:37
========= Epoch 39 =========
6/12: Matthews 0.18044, Accuracy: 30.76923, Loss: 0.113909538
12/12: Matthews 0.19508, Accuracy: 32.69231, Loss: 0.113655760
 
Best Matthews: 0.19508, Best Accuracy: 32.69231, Best Loss: 0.116723629 at epoch 35
Time Elasped: 00:00:37
========= Epoch 40 =========
6/12: Matthews 0.19508, Accuracy: 32.69231, Loss: 0.113822442
12/12: Matthews 0.19508, Accuracy: 32.69231, Loss: 0.113763186
 
Best Matthews: 0.19508, Best Accuracy: 32.69231, Best Loss: 0.116723629 at epoch 35
Time Elasped: 00:00:38
========= Epoch 41 =========
6/12: Matthews 0.19508, Accuracy: 32.69231, Loss: 0.113204378
12/12: Matthews 0.19508, Accuracy: 32.69231, Loss: 0.112722048
 
Best Matthews: 0.19508, Best Accuracy: 32.69231, Best Loss: 0.116723629 at epoch 35
Time Elasped: 00:00:39
========= Epoch 42 =========
6/12: Matthews 0.19508, Accuracy: 32.69231, Loss: 0.112664745
12/12: Matthews 0.19508, Accuracy: 32.69231, Loss: 0.112590579
 
Best Matthews: 0.19508, Best Accuracy: 32.69231, Best Loss: 0.116723629 at epoch 35
Time Elasped: 00:00:39
========= Epoch 43 =========
6/12: Matthews 0.19508, Accuracy: 32.69231, Loss: 0.112246275
12/12: Matthews 0.19508, Accuracy: 32.69231, Loss: 0.112082546
 
Best Matthews: 0.19508, Best Accuracy: 32.69231, Best Loss: 0.116723629 at epoch 35
Time Elasped: 00:00:40
========= Epoch 44 =========
6/12: Matthews 0.19508, Accuracy: 32.69231, Loss: 0.112221232
12/12: Matthews 0.19508, Accuracy: 32.69231, Loss: 0.112146671
 
Best Matthews: 0.19508, Best Accuracy: 32.69231, Best Loss: 0.116723629 at epoch 35
Time Elasped: 00:00:40
========= Epoch 45 =========
6/12: Matthews 0.19508, Accuracy: 32.69231, Loss: 0.112130890
12/12: Matthews 0.20930, Accuracy: 34.61538, Loss: 0.112065609
 
Best Matthews: 0.20930, Best Accuracy: 34.61538, Best Loss: 0.112065609 at epoch 45
Time Elasped: 00:00:42
========= Epoch 46 =========
6/12: Matthews 0.22324, Accuracy: 36.53846, Loss: 0.111946216
12/12: Matthews 0.22324, Accuracy: 36.53846, Loss: 0.111748448
 
Best Matthews: 0.22324, Best Accuracy: 36.53846, Best Loss: 0.111946216 at epoch 46
Time Elasped: 00:00:45
========= Epoch 47 =========
6/12: Matthews 0.26414, Accuracy: 42.30769, Loss: 0.111397092
12/12: Matthews 0.26414, Accuracy: 42.30769, Loss: 0.110919145
 
Best Matthews: 0.26414, Best Accuracy: 42.30769, Best Loss: 0.111397092 at epoch 47
Time Elasped: 00:00:47
========= Epoch 48 =========
6/12: Matthews 0.26414, Accuracy: 42.30769, Loss: 0.110924391
12/12: Matthews 0.26414, Accuracy: 42.30769, Loss: 0.110622965
 
Best Matthews: 0.26414, Best Accuracy: 42.30769, Best Loss: 0.111397092 at epoch 47
Time Elasped: 00:00:47
========= Epoch 49 =========
6/12: Matthews 0.23697, Accuracy: 38.46154, Loss: 0.110192134
12/12: Matthews 0.22324, Accuracy: 36.53846, Loss: 0.109706163
 
Best Matthews: 0.26414, Best Accuracy: 42.30769, Best Loss: 0.111397092 at epoch 47
Time Elasped: 00:00:48
========= Epoch 50 =========
6/12: Matthews 0.22324, Accuracy: 36.53846, Loss: 0.109281320
12/12: Matthews 0.20930, Accuracy: 34.61538, Loss: 0.108928956
 
Best Matthews: 0.26414, Best Accuracy: 42.30769, Best Loss: 0.111397092 at epoch 47
Time Elasped: 00:00:49
========= Epoch 51 =========
6/12: Matthews 0.20930, Accuracy: 34.61538, Loss: 0.108636618
12/12: Matthews 0.20930, Accuracy: 34.61538, Loss: 0.108343638
 
Best Matthews: 0.26414, Best Accuracy: 42.30769, Best Loss: 0.111397092 at epoch 47
Time Elasped: 00:00:49
========= Epoch 52 =========
6/12: Matthews 0.20930, Accuracy: 34.61538, Loss: 0.108453925
12/12: Matthews 0.22324, Accuracy: 36.53846, Loss: 0.108406232
 
Best Matthews: 0.26414, Best Accuracy: 42.30769, Best Loss: 0.111397092 at epoch 47
Time Elasped: 00:00:50
========= Epoch 53 =========
6/12: Matthews 0.20930, Accuracy: 34.61538, Loss: 0.108036940
12/12: Matthews 0.22324, Accuracy: 36.53846, Loss: 0.107816577
 
Best Matthews: 0.26414, Best Accuracy: 42.30769, Best Loss: 0.111397092 at epoch 47
Time Elasped: 00:00:50
========= Epoch 54 =========
6/12: Matthews 0.22324, Accuracy: 36.53846, Loss: 0.107740512
12/12: Matthews 0.22324, Accuracy: 36.53846, Loss: 0.107604357
 
Best Matthews: 0.26414, Best Accuracy: 42.30769, Best Loss: 0.111397092 at epoch 47
Time Elasped: 00:00:51
========= Epoch 55 =========
6/12: Matthews 0.25058, Accuracy: 40.38462, Loss: 0.107616553
12/12: Matthews 0.27769, Accuracy: 44.23077, Loss: 0.107847379
 
Best Matthews: 0.27769, Best Accuracy: 44.23077, Best Loss: 0.107847379 at epoch 55
Time Elasped: 00:00:53
========= Epoch 56 =========
6/12: Matthews 0.26414, Accuracy: 42.30769, Loss: 0.107718431
12/12: Matthews 0.27769, Accuracy: 44.23077, Loss: 0.107633756
 
Best Matthews: 0.27769, Best Accuracy: 44.23077, Best Loss: 0.107847379 at epoch 55
Time Elasped: 00:00:54
========= Epoch 57 =========
6/12: Matthews 0.27769, Accuracy: 44.23077, Loss: 0.107577214
12/12: Matthews 0.30500, Accuracy: 48.07692, Loss: 0.107561689
 
Best Matthews: 0.30500, Best Accuracy: 48.07692, Best Loss: 0.107561689 at epoch 57
Time Elasped: 00:00:56
========= Epoch 58 =========
6/12: Matthews 0.30500, Accuracy: 48.07692, Loss: 0.107671811
12/12: Matthews 0.27769, Accuracy: 44.23077, Loss: 0.107354146
 
Best Matthews: 0.30500, Best Accuracy: 48.07692, Best Loss: 0.107561689 at epoch 57
Time Elasped: 00:00:56
========= Epoch 59 =========
6/12: Matthews 0.30500, Accuracy: 48.07692, Loss: 0.107408542
12/12: Matthews 0.30500, Accuracy: 48.07692, Loss: 0.106999544
 
Best Matthews: 0.30500, Best Accuracy: 48.07692, Best Loss: 0.107561689 at epoch 57
Time Elasped: 00:00:57
========= Epoch 60 =========
6/12: Matthews 0.29129, Accuracy: 46.15385, Loss: 0.106284903
12/12: Matthews 0.27769, Accuracy: 44.23077, Loss: 0.105844424
 
Best Matthews: 0.30500, Best Accuracy: 48.07692, Best Loss: 0.107561689 at epoch 57
Time Elasped: 00:00:58
========= Epoch 61 =========
6/12: Matthews 0.29129, Accuracy: 46.15385, Loss: 0.105577230
12/12: Matthews 0.31884, Accuracy: 50.00000, Loss: 0.105352695
 
Best Matthews: 0.31884, Best Accuracy: 50.00000, Best Loss: 0.105352695 at epoch 61
Time Elasped: 00:01:00
========= Epoch 62 =========
6/12: Matthews 0.29129, Accuracy: 46.15385, Loss: 0.104475993
12/12: Matthews 0.29129, Accuracy: 46.15385, Loss: 0.104196292
 
Best Matthews: 0.31884, Best Accuracy: 50.00000, Best Loss: 0.105352695 at epoch 61
Time Elasped: 00:01:01
========= Epoch 63 =========
6/12: Matthews 0.29129, Accuracy: 46.15385, Loss: 0.104304937
12/12: Matthews 0.31884, Accuracy: 50.00000, Loss: 0.104231633
 
Best Matthews: 0.31884, Best Accuracy: 50.00000, Best Loss: 0.105352695 at epoch 61
Time Elasped: 00:01:01
========= Epoch 64 =========
6/12: Matthews 0.30500, Accuracy: 48.07692, Loss: 0.103876627
12/12: Matthews 0.29129, Accuracy: 46.15385, Loss: 0.103440936
 
Best Matthews: 0.31884, Best Accuracy: 50.00000, Best Loss: 0.105352695 at epoch 61
Time Elasped: 00:01:02
========= Epoch 65 =========
6/12: Matthews 0.29129, Accuracy: 46.15385, Loss: 0.102894141
12/12: Matthews 0.27769, Accuracy: 44.23077, Loss: 0.102461402
 
Best Matthews: 0.31884, Best Accuracy: 50.00000, Best Loss: 0.105352695 at epoch 61
Time Elasped: 00:01:03
========= Epoch 66 =========
6/12: Matthews 0.27769, Accuracy: 44.23077, Loss: 0.102306632
12/12: Matthews 0.27769, Accuracy: 44.23077, Loss: 0.102052267
 
Best Matthews: 0.31884, Best Accuracy: 50.00000, Best Loss: 0.105352695 at epoch 61
Time Elasped: 00:01:03
========= Epoch 67 =========
6/12: Matthews 0.30500, Accuracy: 48.07692, Loss: 0.102052303
12/12: Matthews 0.30500, Accuracy: 48.07692, Loss: 0.101858148
 
Best Matthews: 0.31884, Best Accuracy: 50.00000, Best Loss: 0.105352695 at epoch 61
Time Elasped: 00:01:04
========= Epoch 68 =========
6/12: Matthews 0.30500, Accuracy: 48.07692, Loss: 0.101690274
12/12: Matthews 0.30500, Accuracy: 48.07692, Loss: 0.101349803
 
Best Matthews: 0.31884, Best Accuracy: 50.00000, Best Loss: 0.105352695 at epoch 61
Time Elasped: 00:01:04
========= Epoch 69 =========
6/12: Matthews 0.30500, Accuracy: 48.07692, Loss: 0.100504820
12/12: Matthews 0.29129, Accuracy: 46.15385, Loss: 0.099964289
 
Best Matthews: 0.31884, Best Accuracy: 50.00000, Best Loss: 0.105352695 at epoch 61
Time Elasped: 00:01:05
========= Epoch 70 =========
6/12: Matthews 0.29129, Accuracy: 46.15385, Loss: 0.099397302
12/12: Matthews 0.29129, Accuracy: 46.15385, Loss: 0.099141818
 
Best Matthews: 0.31884, Best Accuracy: 50.00000, Best Loss: 0.105352695 at epoch 61
Time Elasped: 00:01:05
========= Epoch 71 =========
6/12: Matthews 0.31884, Accuracy: 50.00000, Loss: 0.099068623
12/12: Matthews 0.33288, Accuracy: 51.92308, Loss: 0.099040343
 
Best Matthews: 0.33288, Best Accuracy: 51.92308, Best Loss: 0.099040343 at epoch 71
Time Elasped: 00:01:07
========= Epoch 72 =========
6/12: Matthews 0.31884, Accuracy: 50.00000, Loss: 0.098225199
12/12: Matthews 0.31884, Accuracy: 50.00000, Loss: 0.098007450
 
Best Matthews: 0.33288, Best Accuracy: 51.92308, Best Loss: 0.099040343 at epoch 71
Time Elasped: 00:01:08
========= Epoch 73 =========
6/12: Matthews 0.31884, Accuracy: 50.00000, Loss: 0.097493667
12/12: Matthews 0.31884, Accuracy: 50.00000, Loss: 0.097369671
 
Best Matthews: 0.33288, Best Accuracy: 51.92308, Best Loss: 0.099040343 at epoch 71
Time Elasped: 00:01:09
========= Epoch 74 =========
6/12: Matthews 0.33288, Accuracy: 51.92308, Loss: 0.097363912
12/12: Matthews 0.34714, Accuracy: 53.84615, Loss: 0.097562267
 
Best Matthews: 0.34714, Best Accuracy: 53.84615, Best Loss: 0.097562267 at epoch 74
Time Elasped: 00:01:11
========= Epoch 75 =========
6/12: Matthews 0.34714, Accuracy: 53.84615, Loss: 0.097404700
12/12: Matthews 0.34714, Accuracy: 53.84615, Loss: 0.097054381
 
Best Matthews: 0.34714, Best Accuracy: 53.84615, Best Loss: 0.097562267 at epoch 74
Time Elasped: 00:01:11
========= Epoch 76 =========
6/12: Matthews 0.34714, Accuracy: 53.84615, Loss: 0.096527952
12/12: Matthews 0.34714, Accuracy: 53.84615, Loss: 0.096448110
 
Best Matthews: 0.34714, Best Accuracy: 53.84615, Best Loss: 0.097562267 at epoch 74
Time Elasped: 00:01:12
========= Epoch 77 =========
6/12: Matthews 0.34714, Accuracy: 53.84615, Loss: 0.096149940
12/12: Matthews 0.34714, Accuracy: 53.84615, Loss: 0.095983184
 
Best Matthews: 0.34714, Best Accuracy: 53.84615, Best Loss: 0.097562267 at epoch 74
Time Elasped: 00:01:12
========= Epoch 78 =========
6/12: Matthews 0.34714, Accuracy: 53.84615, Loss: 0.096357639
12/12: Matthews 0.34714, Accuracy: 53.84615, Loss: 0.096250873
 
Best Matthews: 0.34714, Best Accuracy: 53.84615, Best Loss: 0.097562267 at epoch 74
Time Elasped: 00:01:13
========= Epoch 79 =========
6/12: Matthews 0.34714, Accuracy: 53.84615, Loss: 0.095894759
12/12: Matthews 0.34714, Accuracy: 53.84615, Loss: 0.095188764
 
Best Matthews: 0.34714, Best Accuracy: 53.84615, Best Loss: 0.097562267 at epoch 74
Time Elasped: 00:01:14
========= Epoch 80 =========
6/12: Matthews 0.33288, Accuracy: 51.92308, Loss: 0.094698723
12/12: Matthews 0.33288, Accuracy: 51.92308, Loss: 0.094389879
 
Best Matthews: 0.34714, Best Accuracy: 53.84615, Best Loss: 0.097562267 at epoch 74
Time Elasped: 00:01:14
========= Epoch 81 =========
6/12: Matthews 0.33288, Accuracy: 51.92308, Loss: 0.094114120
12/12: Matthews 0.33288, Accuracy: 51.92308, Loss: 0.094006896
 
Best Matthews: 0.34714, Best Accuracy: 53.84615, Best Loss: 0.097562267 at epoch 74
Time Elasped: 00:01:15
========= Epoch 82 =========
6/12: Matthews 0.33288, Accuracy: 51.92308, Loss: 0.093685526
12/12: Matthews 0.31884, Accuracy: 50.00000, Loss: 0.093308779
 
Best Matthews: 0.34714, Best Accuracy: 53.84615, Best Loss: 0.097562267 at epoch 74
Time Elasped: 00:01:15
========= Epoch 83 =========
6/12: Matthews 0.31884, Accuracy: 50.00000, Loss: 0.093179308
12/12: Matthews 0.31884, Accuracy: 50.00000, Loss: 0.093101850
 
Best Matthews: 0.34714, Best Accuracy: 53.84615, Best Loss: 0.097562267 at epoch 74
Time Elasped: 00:01:16
========= Epoch 84 =========
6/12: Matthews 0.31884, Accuracy: 50.00000, Loss: 0.092848998
12/12: Matthews 0.31884, Accuracy: 50.00000, Loss: 0.092607461
 
Best Matthews: 0.34714, Best Accuracy: 53.84615, Best Loss: 0.097562267 at epoch 74
Time Elasped: 00:01:16
========= Epoch 85 =========
6/12: Matthews 0.33288, Accuracy: 51.92308, Loss: 0.092390537
12/12: Matthews 0.34714, Accuracy: 53.84615, Loss: 0.092143059
 
Best Matthews: 0.34714, Best Accuracy: 53.84615, Best Loss: 0.097562267 at epoch 74
Time Elasped: 00:01:17
========= Epoch 86 =========
6/12: Matthews 0.34714, Accuracy: 53.84615, Loss: 0.092057411
12/12: Matthews 0.34714, Accuracy: 53.84615, Loss: 0.092094073
 
Best Matthews: 0.34714, Best Accuracy: 53.84615, Best Loss: 0.097562267 at epoch 74
Time Elasped: 00:01:18
========= Epoch 87 =========
6/12: Matthews 0.34714, Accuracy: 53.84615, Loss: 0.092235840
12/12: Matthews 0.34714, Accuracy: 53.84615, Loss: 0.092261406
 
Best Matthews: 0.34714, Best Accuracy: 53.84615, Best Loss: 0.097562267 at epoch 74
Time Elasped: 00:01:18
========= Epoch 88 =========
6/12: Matthews 0.34714, Accuracy: 53.84615, Loss: 0.091538842
12/12: Matthews 0.34714, Accuracy: 53.84615, Loss: 0.091005509
 
Best Matthews: 0.34714, Best Accuracy: 53.84615, Best Loss: 0.097562267 at epoch 74
Time Elasped: 00:01:19
========= Epoch 89 =========
6/12: Matthews 0.34714, Accuracy: 53.84615, Loss: 0.090799790
12/12: Matthews 0.34714, Accuracy: 53.84615, Loss: 0.090655015
 
Best Matthews: 0.34714, Best Accuracy: 53.84615, Best Loss: 0.097562267 at epoch 74
Time Elasped: 00:01:19
========= Epoch 90 =========
6/12: Matthews 0.34714, Accuracy: 53.84615, Loss: 0.090769520
12/12: Matthews 0.34714, Accuracy: 53.84615, Loss: 0.090662516
 
Best Matthews: 0.34714, Best Accuracy: 53.84615, Best Loss: 0.097562267 at epoch 74
Time Elasped: 00:01:20
========= Epoch 91 =========
6/12: Matthews 0.34714, Accuracy: 53.84615, Loss: 0.090534274
12/12: Matthews 0.34714, Accuracy: 53.84615, Loss: 0.090276214
 
Best Matthews: 0.34714, Best Accuracy: 53.84615, Best Loss: 0.097562267 at epoch 74
Time Elasped: 00:01:21
========= Epoch 92 =========
6/12: Matthews 0.34714, Accuracy: 53.84615, Loss: 0.089956045
12/12: Matthews 0.34714, Accuracy: 53.84615, Loss: 0.089869297
 
Best Matthews: 0.34714, Best Accuracy: 53.84615, Best Loss: 0.097562267 at epoch 74
Time Elasped: 00:01:21
========= Epoch 93 =========
6/12: Matthews 0.34714, Accuracy: 53.84615, Loss: 0.090139307
12/12: Matthews 0.36168, Accuracy: 55.76923, Loss: 0.090451708
 
Best Matthews: 0.36168, Best Accuracy: 55.76923, Best Loss: 0.090451708 at epoch 93
Time Elasped: 00:01:23
========= Epoch 94 =========
6/12: Matthews 0.40743, Accuracy: 61.53846, Loss: 0.090931645
12/12: Matthews 0.42356, Accuracy: 63.46154, Loss: 0.090954267
 
Best Matthews: 0.42356, Best Accuracy: 63.46154, Best Loss: 0.090954267 at epoch 94
Time Elasped: 00:01:27
========= Epoch 95 =========
6/12: Matthews 0.42356, Accuracy: 63.46154, Loss: 0.091088919
12/12: Matthews 0.42356, Accuracy: 63.46154, Loss: 0.090813270
 
Best Matthews: 0.42356, Best Accuracy: 63.46154, Best Loss: 0.090954267 at epoch 94
Time Elasped: 00:01:27
========= Epoch 96 =========
6/12: Matthews 0.42356, Accuracy: 63.46154, Loss: 0.090982263
12/12: Matthews 0.42356, Accuracy: 63.46154, Loss: 0.090607102
 
Best Matthews: 0.42356, Best Accuracy: 63.46154, Best Loss: 0.090954267 at epoch 94
Time Elasped: 00:01:28
========= Epoch 97 =========
6/12: Matthews 0.42356, Accuracy: 63.46154, Loss: 0.090496008
12/12: Matthews 0.42356, Accuracy: 63.46154, Loss: 0.090011853
 
Best Matthews: 0.42356, Best Accuracy: 63.46154, Best Loss: 0.090954267 at epoch 94
Time Elasped: 00:01:28
========= Epoch 98 =========
6/12: Matthews 0.42356, Accuracy: 63.46154, Loss: 0.089779349
12/12: Matthews 0.40743, Accuracy: 61.53846, Loss: 0.089656766
 
Best Matthews: 0.42356, Best Accuracy: 63.46154, Best Loss: 0.090954267 at epoch 94
Time Elasped: 00:01:29
========= Epoch 99 =========
6/12: Matthews 0.39178, Accuracy: 59.61538, Loss: 0.089815342
12/12: Matthews 0.39178, Accuracy: 59.61538, Loss: 0.089951222
 
Best Matthews: 0.42356, Best Accuracy: 63.46154, Best Loss: 0.090954267 at epoch 94
Time Elasped: 00:01:30
========= Epoch 100 =========
6/12: Matthews 0.40743, Accuracy: 61.53846, Loss: 0.090036080
12/12: Matthews 0.39178, Accuracy: 59.61538, Loss: 0.089956174
 
Best Matthews: 0.42356, Best Accuracy: 63.46154, Best Loss: 0.090954267 at epoch 94
Time Elasped: 00:01:30
========= Epoch 101 =========
6/12: Matthews 0.37654, Accuracy: 57.69231, Loss: 0.089430277
12/12: Matthews 0.36168, Accuracy: 55.76923, Loss: 0.088838531
 
Best Matthews: 0.42356, Best Accuracy: 63.46154, Best Loss: 0.090954267 at epoch 94
Time Elasped: 00:01:31
========= Epoch 102 =========
6/12: Matthews 0.34714, Accuracy: 53.84615, Loss: 0.088495603
12/12: Matthews 0.36168, Accuracy: 55.76923, Loss: 0.088401666
 
Best Matthews: 0.42356, Best Accuracy: 63.46154, Best Loss: 0.090954267 at epoch 94
Time Elasped: 00:01:31
========= Epoch 103 =========
6/12: Matthews 0.36168, Accuracy: 55.76923, Loss: 0.088485709
12/12: Matthews 0.36168, Accuracy: 55.76923, Loss: 0.088362602
 
Best Matthews: 0.42356, Best Accuracy: 63.46154, Best Loss: 0.090954267 at epoch 94
Time Elasped: 00:01:32
========= Epoch 104 =========
6/12: Matthews 0.37654, Accuracy: 57.69231, Loss: 0.088648924
12/12: Matthews 0.37654, Accuracy: 57.69231, Loss: 0.088547340
 
Best Matthews: 0.42356, Best Accuracy: 63.46154, Best Loss: 0.090954267 at epoch 94
Time Elasped: 00:01:33
========= Epoch 105 =========
6/12: Matthews 0.37654, Accuracy: 57.69231, Loss: 0.088242788
12/12: Matthews 0.37654, Accuracy: 57.69231, Loss: 0.087752801
 
Best Matthews: 0.42356, Best Accuracy: 63.46154, Best Loss: 0.090954267 at epoch 94
Time Elasped: 00:01:33
========= Epoch 106 =========
6/12: Matthews 0.37654, Accuracy: 57.69231, Loss: 0.087155461
12/12: Matthews 0.37654, Accuracy: 57.69231, Loss: 0.086711700
 
Best Matthews: 0.42356, Best Accuracy: 63.46154, Best Loss: 0.090954267 at epoch 94
Time Elasped: 00:01:34
========= Epoch 107 =========
6/12: Matthews 0.39178, Accuracy: 59.61538, Loss: 0.086712993
12/12: Matthews 0.39178, Accuracy: 59.61538, Loss: 0.086273890
 
Best Matthews: 0.42356, Best Accuracy: 63.46154, Best Loss: 0.090954267 at epoch 94
Time Elasped: 00:01:34
========= Epoch 108 =========
6/12: Matthews 0.39178, Accuracy: 59.61538, Loss: 0.085853898
12/12: Matthews 0.39178, Accuracy: 59.61538, Loss: 0.085791991
 
Best Matthews: 0.42356, Best Accuracy: 63.46154, Best Loss: 0.090954267 at epoch 94
Time Elasped: 00:01:35
========= Epoch 109 =========
6/12: Matthews 0.37654, Accuracy: 57.69231, Loss: 0.085433520
12/12: Matthews 0.39178, Accuracy: 59.61538, Loss: 0.085532216
 
Best Matthews: 0.42356, Best Accuracy: 63.46154, Best Loss: 0.090954267 at epoch 94
Time Elasped: 00:01:35
========= Epoch 110 =========
6/12: Matthews 0.40743, Accuracy: 61.53846, Loss: 0.085807837
12/12: Matthews 0.42356, Accuracy: 63.46154, Loss: 0.085970484
 
Best Matthews: 0.42356, Best Accuracy: 63.46154, Best Loss: 0.090954267 at epoch 94
Time Elasped: 00:01:36
========= Epoch 111 =========
6/12: Matthews 0.42356, Accuracy: 63.46154, Loss: 0.086175643
12/12: Matthews 0.42356, Accuracy: 63.46154, Loss: 0.086336549
 
Best Matthews: 0.42356, Best Accuracy: 63.46154, Best Loss: 0.090954267 at epoch 94
Time Elasped: 00:01:37
========= Epoch 112 =========
6/12: Matthews 0.42356, Accuracy: 63.46154, Loss: 0.086550612
12/12: Matthews 0.42356, Accuracy: 63.46154, Loss: 0.086842757
 
Best Matthews: 0.42356, Best Accuracy: 63.46154, Best Loss: 0.090954267 at epoch 94
Time Elasped: 00:01:37
========= Epoch 113 =========
6/12: Matthews 0.42356, Accuracy: 63.46154, Loss: 0.086780823
12/12: Matthews 0.42356, Accuracy: 63.46154, Loss: 0.086651307
 
Best Matthews: 0.42356, Best Accuracy: 63.46154, Best Loss: 0.090954267 at epoch 94
Time Elasped: 00:01:38
========= Epoch 114 =========
6/12: Matthews 0.42356, Accuracy: 63.46154, Loss: 0.086492025
12/12: Matthews 0.42356, Accuracy: 63.46154, Loss: 0.086111839
 
Best Matthews: 0.42356, Best Accuracy: 63.46154, Best Loss: 0.090954267 at epoch 94
Time Elasped: 00:01:38
========= Epoch 115 =========
Early Stopping activated
 
Best Matthews: 0.42356, Best Accuracy: 63.46154, Best Loss: 0.090954267 at epoch 94
Time Elasped: 00:01:40
Test Set:
0/0: Matthews 0.35240, Accuracy: 68.80342, Loss: 0.012167574
