Namespace(batch_size=32, buffer_size=1, by_source=False, crop_pad_length=30, data='./acceptability_corpus/verb_classes/dative', data_type='discriminator', dropout=0.5, embedding='glove.6B.300d', embedding_path='/scratch/asw462/models/elmo_encoder/elmo.emb', embedding_size=217, encoder_num_layers=2, encoder_path='/scratch/asw462/models/elmo_encoder/elmo.pth', encoding_size=528, encoding_type='lstm_pooling_classifier', epochs=1000, evaluate_train=False, experiment_name='experiment_linear_classifier_h_182_l_2_lr_0.0001_e_217_do_0.5', glove=False, gpu=True, hidden_size=182, imbalance=True, learning_rate=6e-05, lm_path=None, logs_dir='/scratch/asw462/logs/verb_classes/dative', max_pool=False, model='linear_classifier', num_layers=2, output_dir='/scratch/asw462/logs/verb_classes/outputs/dative', patience=20, preprocess_tokenizer='space', prints_per_stage=1, resume=True, resume_file=None, save_loc='/scratch/asw462/models/verb_classes/dative', seed=1111, should_not_log=False, should_not_lowercase=False, should_not_preprocess_data=False, stages_per_epoch=2, train_embeddings=False, train_evaluate_interval=10, vocab_file='/scratch/asw462/data/vocab_100k.tsv')
======== General =======
Model: linear_classifier
GPU: True
Experiment Name: experiment_linear_classifier_h_182_l_2_lr_0.0001_e_217_do_0.5
Save location: /scratch/asw462/models/verb_classes/dative
Logs dir: /scratch/asw462/logs/verb_classes/dative
Timestamp: 2018/08/01 20:07:29
 
======== Data =======
Training set: 358 examples
Validation set: 52 examples
Test set: 234 examples
 
======= Parameters =======
Learning Rate: 0.000060
Batch Size: 32
Epochs: 1000
Patience: 20
Stages per Epoch: 2
Embedding: 100004 x 217
Number of layers: 2
Hidden Size: 182
Encoder Size: 528
Resume: True
 
======= Model =======
LinearClassifierWithEncoder(
  (model): LinearClassifier(
    (dropout): Dropout(p=0.5)
    (enc2h): Linear(in_features=1056, out_features=182, bias=True)
    (h20): Linear(in_features=182, out_features=1, bias=True)
    (sigmoid): Sigmoid()
    (tanh): Tanh()
    (softmax): Softmax()
  )
  (encoder): LSTMPoolingClassifierWithELMo(
    (elmo): ELMOClassifier(
      (lm): LSTMLanguageModel(
        (dropout): Dropout(p=0.2)
        (embedding): Embedding(100003, 217)
        (lstm): LSTM(217, 891, num_layers=2, dropout=0.2)
        (fc): Linear(in_features=891, out_features=100003, bias=True)
      )
      (lstms): ModuleList(
        (0): LSTM(217, 891, batch_first=True)
        (1): LSTM(891, 891, batch_first=True)
      )
      (dropout): Dropout(p=0.2)
      (linear_comb): Linear(in_features=2, out_features=1, bias=True)
      (fc1): Linear(in_features=891, out_features=528, bias=True)
      (relu): ReLU()
      (out): Linear(in_features=528, out_features=1, bias=True)
      (sigmoid): Sigmoid()
    )
    (pooling_classifier): LSTMPoolingClassifier(
      (ih2h): LSTM(891, 528, num_layers=3, batch_first=True, dropout=0.2, bidirectional=True)
      (pool2o): Linear(in_features=1056, out_features=1, bias=True)
      (sigmoid): Sigmoid()
      (softmax): Softmax()
      (dropout): Dropout(p=0.2)
    )
  )
)
 
========= Epoch 1 =========
6/12: Matthews 0.11320, Accuracy: 23.07692, Loss: 0.126486989
12/12: Matthews 0.00000, Accuracy: 17.30769, Loss: 0.124242361
 
Best Matthews: 0.11320, Best Accuracy: 23.07692, Best Loss: 0.126486989 at epoch 1
Time Elasped: 00:00:07
========= Epoch 2 =========
6/12: Matthews 0.00000, Accuracy: 17.30769, Loss: 0.123155145
12/12: Matthews 0.00000, Accuracy: 17.30769, Loss: 0.122208797
 
Best Matthews: 0.11320, Best Accuracy: 23.07692, Best Loss: 0.126486989 at epoch 1
Time Elasped: 00:00:07
========= Epoch 3 =========
6/12: Matthews 0.00000, Accuracy: 17.30769, Loss: 0.120641121
12/12: Matthews 0.00000, Accuracy: 17.30769, Loss: 0.120709373
 
Best Matthews: 0.11320, Best Accuracy: 23.07692, Best Loss: 0.126486989 at epoch 1
Time Elasped: 00:00:08
========= Epoch 4 =========
6/12: Matthews 0.00000, Accuracy: 17.30769, Loss: 0.122071853
12/12: Matthews 0.00000, Accuracy: 17.30769, Loss: 0.122868474
 
Best Matthews: 0.11320, Best Accuracy: 23.07692, Best Loss: 0.126486989 at epoch 1
Time Elasped: 00:00:08
========= Epoch 5 =========
6/12: Matthews 0.00000, Accuracy: 17.30769, Loss: 0.122931086
12/12: Matthews 0.00000, Accuracy: 17.30769, Loss: 0.123235638
 
Best Matthews: 0.11320, Best Accuracy: 23.07692, Best Loss: 0.126486989 at epoch 1
Time Elasped: 00:00:09
========= Epoch 6 =========
6/12: Matthews 0.11320, Accuracy: 23.07692, Loss: 0.124356242
12/12: Matthews 0.11320, Accuracy: 23.07692, Loss: 0.124017963
 
Best Matthews: 0.11320, Best Accuracy: 23.07692, Best Loss: 0.126486989 at epoch 1
Time Elasped: 00:00:09
========= Epoch 7 =========
6/12: Matthews 0.11320, Accuracy: 23.07692, Loss: 0.122909271
12/12: Matthews 0.11320, Accuracy: 23.07692, Loss: 0.122109505
 
Best Matthews: 0.11320, Best Accuracy: 23.07692, Best Loss: 0.126486989 at epoch 1
Time Elasped: 00:00:10
========= Epoch 8 =========
6/12: Matthews 0.09150, Accuracy: 21.15385, Loss: 0.121102938
12/12: Matthews 0.09150, Accuracy: 21.15385, Loss: 0.120845996
 
Best Matthews: 0.11320, Best Accuracy: 23.07692, Best Loss: 0.126486989 at epoch 1
Time Elasped: 00:00:11
========= Epoch 9 =========
6/12: Matthews 0.00000, Accuracy: 17.30769, Loss: 0.120073273
12/12: Matthews 0.09150, Accuracy: 21.15385, Loss: 0.119983572
 
Best Matthews: 0.11320, Best Accuracy: 23.07692, Best Loss: 0.126486989 at epoch 1
Time Elasped: 00:00:11
========= Epoch 10 =========
6/12: Matthews 0.11320, Accuracy: 23.07692, Loss: 0.120921392
12/12: Matthews 0.16523, Accuracy: 28.84615, Loss: 0.120884859
 
Best Matthews: 0.16523, Best Accuracy: 28.84615, Best Loss: 0.120884859 at epoch 10
Time Elasped: 00:00:13
========= Epoch 11 =========
6/12: Matthews 0.11320, Accuracy: 23.07692, Loss: 0.119721559
12/12: Matthews 0.13207, Accuracy: 25.00000, Loss: 0.119024332
 
Best Matthews: 0.16523, Best Accuracy: 28.84615, Best Loss: 0.120884859 at epoch 10
Time Elasped: 00:00:14
========= Epoch 12 =========
6/12: Matthews 0.16523, Accuracy: 28.84615, Loss: 0.119125586
12/12: Matthews 0.16523, Accuracy: 28.84615, Loss: 0.118461508
 
Best Matthews: 0.16523, Best Accuracy: 28.84615, Best Loss: 0.120884859 at epoch 10
Time Elasped: 00:00:14
========= Epoch 13 =========
6/12: Matthews 0.16523, Accuracy: 28.84615, Loss: 0.116845406
12/12: Matthews 0.18044, Accuracy: 30.76923, Loss: 0.115919535
 
Best Matthews: 0.18044, Best Accuracy: 30.76923, Best Loss: 0.115919535 at epoch 13
Time Elasped: 00:00:16
========= Epoch 14 =========
6/12: Matthews 0.18044, Accuracy: 30.76923, Loss: 0.115545172
12/12: Matthews 0.18044, Accuracy: 30.76923, Loss: 0.115015415
 
Best Matthews: 0.18044, Best Accuracy: 30.76923, Best Loss: 0.115919535 at epoch 13
Time Elasped: 00:00:17
========= Epoch 15 =========
6/12: Matthews 0.23697, Accuracy: 38.46154, Loss: 0.115185233
12/12: Matthews 0.23697, Accuracy: 38.46154, Loss: 0.114665802
 
Best Matthews: 0.23697, Best Accuracy: 38.46154, Best Loss: 0.115185233 at epoch 15
Time Elasped: 00:00:19
========= Epoch 16 =========
6/12: Matthews 0.22324, Accuracy: 36.53846, Loss: 0.113556385
12/12: Matthews 0.23697, Accuracy: 38.46154, Loss: 0.112847833
 
Best Matthews: 0.23697, Best Accuracy: 38.46154, Best Loss: 0.115185233 at epoch 15
Time Elasped: 00:00:20
========= Epoch 17 =========
6/12: Matthews 0.19508, Accuracy: 32.69231, Loss: 0.111793894
12/12: Matthews 0.18044, Accuracy: 30.76923, Loss: 0.110624744
 
Best Matthews: 0.23697, Best Accuracy: 38.46154, Best Loss: 0.115185233 at epoch 15
Time Elasped: 00:00:20
========= Epoch 18 =========
6/12: Matthews 0.18044, Accuracy: 30.76923, Loss: 0.109596647
12/12: Matthews 0.18044, Accuracy: 30.76923, Loss: 0.108778394
 
Best Matthews: 0.23697, Best Accuracy: 38.46154, Best Loss: 0.115185233 at epoch 15
Time Elasped: 00:00:21
========= Epoch 19 =========
6/12: Matthews 0.19508, Accuracy: 32.69231, Loss: 0.107180247
12/12: Matthews 0.19508, Accuracy: 32.69231, Loss: 0.106025907
 
Best Matthews: 0.23697, Best Accuracy: 38.46154, Best Loss: 0.115185233 at epoch 15
Time Elasped: 00:00:21
========= Epoch 20 =========
6/12: Matthews 0.23697, Accuracy: 38.46154, Loss: 0.105249772
12/12: Matthews 0.26414, Accuracy: 42.30769, Loss: 0.104519211
 
Best Matthews: 0.26414, Best Accuracy: 42.30769, Best Loss: 0.104519211 at epoch 20
Time Elasped: 00:00:23
========= Epoch 21 =========
6/12: Matthews 0.29129, Accuracy: 46.15385, Loss: 0.103555349
12/12: Matthews 0.29129, Accuracy: 46.15385, Loss: 0.103194943
 
Best Matthews: 0.29129, Best Accuracy: 46.15385, Best Loss: 0.103555349 at epoch 21
Time Elasped: 00:00:25
========= Epoch 22 =========
6/12: Matthews 0.30500, Accuracy: 48.07692, Loss: 0.103020219
12/12: Matthews 0.31884, Accuracy: 50.00000, Loss: 0.102643068
 
Best Matthews: 0.31884, Best Accuracy: 50.00000, Best Loss: 0.102643068 at epoch 22
Time Elasped: 00:00:29
========= Epoch 23 =========
6/12: Matthews 0.30500, Accuracy: 48.07692, Loss: 0.102441476
12/12: Matthews 0.30500, Accuracy: 48.07692, Loss: 0.102096613
 
Best Matthews: 0.31884, Best Accuracy: 50.00000, Best Loss: 0.102643068 at epoch 22
Time Elasped: 00:00:29
========= Epoch 24 =========
6/12: Matthews 0.30500, Accuracy: 48.07692, Loss: 0.101012514
12/12: Matthews 0.30500, Accuracy: 48.07692, Loss: 0.100892342
 
Best Matthews: 0.31884, Best Accuracy: 50.00000, Best Loss: 0.102643068 at epoch 22
Time Elasped: 00:00:30
========= Epoch 25 =========
6/12: Matthews 0.29129, Accuracy: 46.15385, Loss: 0.100507608
12/12: Matthews 0.29129, Accuracy: 46.15385, Loss: 0.100217553
 
Best Matthews: 0.31884, Best Accuracy: 50.00000, Best Loss: 0.102643068 at epoch 22
Time Elasped: 00:00:30
========= Epoch 26 =========
6/12: Matthews 0.29129, Accuracy: 46.15385, Loss: 0.099282118
12/12: Matthews 0.29129, Accuracy: 46.15385, Loss: 0.098592217
 
Best Matthews: 0.31884, Best Accuracy: 50.00000, Best Loss: 0.102643068 at epoch 22
Time Elasped: 00:00:31
========= Epoch 27 =========
6/12: Matthews 0.30500, Accuracy: 48.07692, Loss: 0.098350928
12/12: Matthews 0.30500, Accuracy: 48.07692, Loss: 0.098631089
 
Best Matthews: 0.31884, Best Accuracy: 50.00000, Best Loss: 0.102643068 at epoch 22
Time Elasped: 00:00:32
========= Epoch 28 =========
6/12: Matthews 0.33288, Accuracy: 51.92308, Loss: 0.099093107
12/12: Matthews 0.34714, Accuracy: 53.84615, Loss: 0.098693279
 
Best Matthews: 0.34714, Best Accuracy: 53.84615, Best Loss: 0.098693279 at epoch 28
Time Elasped: 00:00:35
========= Epoch 29 =========
6/12: Matthews 0.30500, Accuracy: 48.07692, Loss: 0.096185904
12/12: Matthews 0.31884, Accuracy: 50.00000, Loss: 0.095211002
 
Best Matthews: 0.34714, Best Accuracy: 53.84615, Best Loss: 0.098693279 at epoch 28
Time Elasped: 00:00:36
========= Epoch 30 =========
6/12: Matthews 0.33288, Accuracy: 51.92308, Loss: 0.095854209
12/12: Matthews 0.34714, Accuracy: 53.84615, Loss: 0.096288608
 
Best Matthews: 0.34714, Best Accuracy: 53.84615, Best Loss: 0.098693279 at epoch 28
Time Elasped: 00:00:36
========= Epoch 31 =========
6/12: Matthews 0.34714, Accuracy: 53.84615, Loss: 0.096141953
12/12: Matthews 0.34714, Accuracy: 53.84615, Loss: 0.096059121
 
Best Matthews: 0.34714, Best Accuracy: 53.84615, Best Loss: 0.098693279 at epoch 28
Time Elasped: 00:00:37
========= Epoch 32 =========
6/12: Matthews 0.33288, Accuracy: 51.92308, Loss: 0.094705591
12/12: Matthews 0.33288, Accuracy: 51.92308, Loss: 0.093851823
 
Best Matthews: 0.34714, Best Accuracy: 53.84615, Best Loss: 0.098693279 at epoch 28
Time Elasped: 00:00:38
========= Epoch 33 =========
6/12: Matthews 0.34714, Accuracy: 53.84615, Loss: 0.093450326
12/12: Matthews 0.36168, Accuracy: 55.76923, Loss: 0.092960954
 
Best Matthews: 0.36168, Best Accuracy: 55.76923, Best Loss: 0.092960954 at epoch 33
Time Elasped: 00:00:40
========= Epoch 34 =========
6/12: Matthews 0.36168, Accuracy: 55.76923, Loss: 0.093545070
12/12: Matthews 0.36168, Accuracy: 55.76923, Loss: 0.093695200
 
Best Matthews: 0.36168, Best Accuracy: 55.76923, Best Loss: 0.092960954 at epoch 33
Time Elasped: 00:00:40
========= Epoch 35 =========
6/12: Matthews 0.36168, Accuracy: 55.76923, Loss: 0.093575973
12/12: Matthews 0.34714, Accuracy: 53.84615, Loss: 0.093178722
 
Best Matthews: 0.36168, Best Accuracy: 55.76923, Best Loss: 0.092960954 at epoch 33
Time Elasped: 00:00:41
========= Epoch 36 =========
6/12: Matthews 0.34714, Accuracy: 53.84615, Loss: 0.092972370
12/12: Matthews 0.33288, Accuracy: 51.92308, Loss: 0.092271731
 
Best Matthews: 0.36168, Best Accuracy: 55.76923, Best Loss: 0.092960954 at epoch 33
Time Elasped: 00:00:41
========= Epoch 37 =========
6/12: Matthews 0.34714, Accuracy: 53.84615, Loss: 0.091965850
12/12: Matthews 0.36168, Accuracy: 55.76923, Loss: 0.091483144
 
Best Matthews: 0.36168, Best Accuracy: 55.76923, Best Loss: 0.092960954 at epoch 33
Time Elasped: 00:00:42
========= Epoch 38 =========
6/12: Matthews 0.28889, Accuracy: 55.76923, Loss: 0.091475065
12/12: Matthews 0.28889, Accuracy: 55.76923, Loss: 0.090767191
 
Best Matthews: 0.36168, Best Accuracy: 55.76923, Best Loss: 0.092960954 at epoch 33
Time Elasped: 00:00:42
========= Epoch 39 =========
6/12: Matthews 0.28889, Accuracy: 55.76923, Loss: 0.089705192
12/12: Matthews 0.37654, Accuracy: 57.69231, Loss: 0.088216360
 
Best Matthews: 0.37654, Best Accuracy: 57.69231, Best Loss: 0.088216360 at epoch 39
Time Elasped: 00:00:44
========= Epoch 40 =========
6/12: Matthews 0.36168, Accuracy: 55.76923, Loss: 0.086540892
12/12: Matthews 0.34714, Accuracy: 53.84615, Loss: 0.084846460
 
Best Matthews: 0.37654, Best Accuracy: 57.69231, Best Loss: 0.088216360 at epoch 39
Time Elasped: 00:00:45
========= Epoch 41 =========
6/12: Matthews 0.39178, Accuracy: 59.61538, Loss: 0.084475261
12/12: Matthews 0.40743, Accuracy: 61.53846, Loss: 0.083918535
 
Best Matthews: 0.40743, Best Accuracy: 61.53846, Best Loss: 0.083918535 at epoch 41
Time Elasped: 00:00:48
========= Epoch 42 =========
6/12: Matthews 0.39178, Accuracy: 59.61538, Loss: 0.082834280
12/12: Matthews 0.37654, Accuracy: 57.69231, Loss: 0.082073817
 
Best Matthews: 0.40743, Best Accuracy: 61.53846, Best Loss: 0.083918535 at epoch 41
Time Elasped: 00:00:49
========= Epoch 43 =========
6/12: Matthews 0.39178, Accuracy: 59.61538, Loss: 0.081360679
12/12: Matthews 0.39178, Accuracy: 59.61538, Loss: 0.081192429
 
Best Matthews: 0.40743, Best Accuracy: 61.53846, Best Loss: 0.083918535 at epoch 41
Time Elasped: 00:00:50
========= Epoch 44 =========
6/12: Matthews 0.36168, Accuracy: 55.76923, Loss: 0.080242267
12/12: Matthews 0.34714, Accuracy: 53.84615, Loss: 0.079496952
 
Best Matthews: 0.40743, Best Accuracy: 61.53846, Best Loss: 0.083918535 at epoch 41
Time Elasped: 00:00:50
========= Epoch 45 =========
6/12: Matthews 0.27769, Accuracy: 44.23077, Loss: 0.078536290
12/12: Matthews 0.29129, Accuracy: 46.15385, Loss: 0.078723926
 
Best Matthews: 0.40743, Best Accuracy: 61.53846, Best Loss: 0.083918535 at epoch 41
Time Elasped: 00:00:51
========= Epoch 46 =========
6/12: Matthews 0.33288, Accuracy: 51.92308, Loss: 0.079176087
12/12: Matthews 0.37654, Accuracy: 57.69231, Loss: 0.080049423
 
Best Matthews: 0.40743, Best Accuracy: 61.53846, Best Loss: 0.083918535 at epoch 41
Time Elasped: 00:00:51
========= Epoch 47 =========
6/12: Matthews 0.37654, Accuracy: 57.69231, Loss: 0.080409288
12/12: Matthews 0.42356, Accuracy: 63.46154, Loss: 0.081663774
 
Best Matthews: 0.42356, Best Accuracy: 63.46154, Best Loss: 0.081663774 at epoch 47
Time Elasped: 00:00:53
========= Epoch 48 =========
6/12: Matthews 0.42356, Accuracy: 63.46154, Loss: 0.081811281
12/12: Matthews 0.42356, Accuracy: 63.46154, Loss: 0.080906070
 
Best Matthews: 0.42356, Best Accuracy: 63.46154, Best Loss: 0.081663774 at epoch 47
Time Elasped: 00:00:54
========= Epoch 49 =========
6/12: Matthews 0.37654, Accuracy: 57.69231, Loss: 0.079167549
12/12: Matthews 0.37654, Accuracy: 57.69231, Loss: 0.079218809
 
Best Matthews: 0.42356, Best Accuracy: 63.46154, Best Loss: 0.081663774 at epoch 47
Time Elasped: 00:00:54
========= Epoch 50 =========
6/12: Matthews 0.37654, Accuracy: 57.69231, Loss: 0.079087285
12/12: Matthews 0.37654, Accuracy: 57.69231, Loss: 0.079270326
 
Best Matthews: 0.42356, Best Accuracy: 63.46154, Best Loss: 0.081663774 at epoch 47
Time Elasped: 00:00:55
========= Epoch 51 =========
6/12: Matthews 0.39178, Accuracy: 59.61538, Loss: 0.080231621
12/12: Matthews 0.42356, Accuracy: 63.46154, Loss: 0.080411673
 
Best Matthews: 0.42356, Best Accuracy: 63.46154, Best Loss: 0.081663774 at epoch 47
Time Elasped: 00:00:56
========= Epoch 52 =========
6/12: Matthews 0.42356, Accuracy: 63.46154, Loss: 0.080875067
12/12: Matthews 0.42356, Accuracy: 63.46154, Loss: 0.080708981
 
Best Matthews: 0.42356, Best Accuracy: 63.46154, Best Loss: 0.081663774 at epoch 47
Time Elasped: 00:00:56
========= Epoch 53 =========
6/12: Matthews 0.39178, Accuracy: 59.61538, Loss: 0.080008534
12/12: Matthews 0.42356, Accuracy: 63.46154, Loss: 0.079543178
 
Best Matthews: 0.42356, Best Accuracy: 63.46154, Best Loss: 0.081663774 at epoch 47
Time Elasped: 00:00:57
========= Epoch 54 =========
6/12: Matthews 0.42356, Accuracy: 63.46154, Loss: 0.080389472
12/12: Matthews 0.42356, Accuracy: 63.46154, Loss: 0.080212685
 
Best Matthews: 0.42356, Best Accuracy: 63.46154, Best Loss: 0.081663774 at epoch 47
Time Elasped: 00:00:57
========= Epoch 55 =========
6/12: Matthews 0.42356, Accuracy: 63.46154, Loss: 0.078765493
12/12: Matthews 0.42356, Accuracy: 63.46154, Loss: 0.078050302
 
Best Matthews: 0.42356, Best Accuracy: 63.46154, Best Loss: 0.081663774 at epoch 47
Time Elasped: 00:00:58
========= Epoch 56 =========
6/12: Matthews 0.42356, Accuracy: 63.46154, Loss: 0.076288040
12/12: Matthews 0.42356, Accuracy: 63.46154, Loss: 0.075513065
 
Best Matthews: 0.42356, Best Accuracy: 63.46154, Best Loss: 0.081663774 at epoch 47
Time Elasped: 00:00:58
========= Epoch 57 =========
6/12: Matthews 0.42356, Accuracy: 63.46154, Loss: 0.075237503
12/12: Matthews 0.40743, Accuracy: 61.53846, Loss: 0.074458182
 
Best Matthews: 0.42356, Best Accuracy: 63.46154, Best Loss: 0.081663774 at epoch 47
Time Elasped: 00:00:59
========= Epoch 58 =========
6/12: Matthews 0.42356, Accuracy: 63.46154, Loss: 0.075218875
12/12: Matthews 0.42356, Accuracy: 63.46154, Loss: 0.074783857
 
Best Matthews: 0.42356, Best Accuracy: 63.46154, Best Loss: 0.081663774 at epoch 47
Time Elasped: 00:01:00
========= Epoch 59 =========
6/12: Matthews 0.42356, Accuracy: 63.46154, Loss: 0.074727861
12/12: Matthews 0.42356, Accuracy: 63.46154, Loss: 0.074731437
 
Best Matthews: 0.42356, Best Accuracy: 63.46154, Best Loss: 0.081663774 at epoch 47
Time Elasped: 00:01:00
========= Epoch 60 =========
6/12: Matthews 0.42356, Accuracy: 63.46154, Loss: 0.074541725
12/12: Matthews 0.42356, Accuracy: 63.46154, Loss: 0.074417898
 
Best Matthews: 0.42356, Best Accuracy: 63.46154, Best Loss: 0.081663774 at epoch 47
Time Elasped: 00:01:01
========= Epoch 61 =========
6/12: Matthews 0.44023, Accuracy: 65.38462, Loss: 0.075081000
12/12: Matthews 0.44023, Accuracy: 65.38462, Loss: 0.074819799
 
Best Matthews: 0.44023, Best Accuracy: 65.38462, Best Loss: 0.075081000 at epoch 61
Time Elasped: 00:01:03
========= Epoch 62 =========
6/12: Matthews 0.44023, Accuracy: 65.38462, Loss: 0.073708099
12/12: Matthews 0.44023, Accuracy: 65.38462, Loss: 0.073566501
 
Best Matthews: 0.44023, Best Accuracy: 65.38462, Best Loss: 0.075081000 at epoch 61
Time Elasped: 00:01:04
========= Epoch 63 =========
6/12: Matthews 0.44023, Accuracy: 65.38462, Loss: 0.072902542
12/12: Matthews 0.42356, Accuracy: 63.46154, Loss: 0.072035056
 
Best Matthews: 0.44023, Best Accuracy: 65.38462, Best Loss: 0.075081000 at epoch 61
Time Elasped: 00:01:04
========= Epoch 64 =========
6/12: Matthews 0.44023, Accuracy: 65.38462, Loss: 0.072538775
12/12: Matthews 0.42356, Accuracy: 63.46154, Loss: 0.071802052
 
Best Matthews: 0.44023, Best Accuracy: 65.38462, Best Loss: 0.075081000 at epoch 61
Time Elasped: 00:01:05
========= Epoch 65 =========
6/12: Matthews 0.42356, Accuracy: 63.46154, Loss: 0.070728082
12/12: Matthews 0.42356, Accuracy: 63.46154, Loss: 0.070821730
 
Best Matthews: 0.44023, Best Accuracy: 65.38462, Best Loss: 0.075081000 at epoch 61
Time Elasped: 00:01:05
========= Epoch 66 =========
6/12: Matthews 0.42356, Accuracy: 63.46154, Loss: 0.070592862
12/12: Matthews 0.44023, Accuracy: 65.38462, Loss: 0.071122633
 
Best Matthews: 0.44023, Best Accuracy: 65.38462, Best Loss: 0.075081000 at epoch 61
Time Elasped: 00:01:06
========= Epoch 67 =========
6/12: Matthews 0.45750, Accuracy: 67.30769, Loss: 0.071612881
12/12: Matthews 0.45750, Accuracy: 67.30769, Loss: 0.071841263
 
Best Matthews: 0.45750, Best Accuracy: 67.30769, Best Loss: 0.071612881 at epoch 67
Time Elasped: 00:01:08
========= Epoch 68 =========
6/12: Matthews 0.45750, Accuracy: 67.30769, Loss: 0.072203058
12/12: Matthews 0.44023, Accuracy: 65.38462, Loss: 0.072193118
 
Best Matthews: 0.45750, Best Accuracy: 67.30769, Best Loss: 0.071612881 at epoch 67
Time Elasped: 00:01:08
========= Epoch 69 =========
6/12: Matthews 0.45750, Accuracy: 67.30769, Loss: 0.071830355
12/12: Matthews 0.44023, Accuracy: 65.38462, Loss: 0.070629299
 
Best Matthews: 0.45750, Best Accuracy: 67.30769, Best Loss: 0.071612881 at epoch 67
Time Elasped: 00:01:09
========= Epoch 70 =========
6/12: Matthews 0.44023, Accuracy: 65.38462, Loss: 0.069812050
12/12: Matthews 0.44023, Accuracy: 65.38462, Loss: 0.069015457
 
Best Matthews: 0.45750, Best Accuracy: 67.30769, Best Loss: 0.071612881 at epoch 67
Time Elasped: 00:01:09
========= Epoch 71 =========
6/12: Matthews 0.40743, Accuracy: 61.53846, Loss: 0.068857349
12/12: Matthews 0.40743, Accuracy: 61.53846, Loss: 0.068853534
 
Best Matthews: 0.45750, Best Accuracy: 67.30769, Best Loss: 0.071612881 at epoch 67
Time Elasped: 00:01:10
========= Epoch 72 =========
6/12: Matthews 0.44023, Accuracy: 65.38462, Loss: 0.070343967
12/12: Matthews 0.44023, Accuracy: 65.38462, Loss: 0.070883966
 
Best Matthews: 0.45750, Best Accuracy: 67.30769, Best Loss: 0.071612881 at epoch 67
Time Elasped: 00:01:11
========= Epoch 73 =========
6/12: Matthews 0.44023, Accuracy: 65.38462, Loss: 0.070881688
12/12: Matthews 0.44023, Accuracy: 65.38462, Loss: 0.070796847
 
Best Matthews: 0.45750, Best Accuracy: 67.30769, Best Loss: 0.071612881 at epoch 67
Time Elasped: 00:01:11
========= Epoch 74 =========
6/12: Matthews 0.44023, Accuracy: 65.38462, Loss: 0.070890720
12/12: Matthews 0.44023, Accuracy: 65.38462, Loss: 0.071035986
 
Best Matthews: 0.45750, Best Accuracy: 67.30769, Best Loss: 0.071612881 at epoch 67
Time Elasped: 00:01:12
========= Epoch 75 =========
6/12: Matthews 0.44023, Accuracy: 65.38462, Loss: 0.072620525
12/12: Matthews 0.44023, Accuracy: 65.38462, Loss: 0.073009578
 
Best Matthews: 0.45750, Best Accuracy: 67.30769, Best Loss: 0.071612881 at epoch 67
Time Elasped: 00:01:12
========= Epoch 76 =========
6/12: Matthews 0.44023, Accuracy: 65.38462, Loss: 0.073147462
12/12: Matthews 0.44023, Accuracy: 65.38462, Loss: 0.072379896
 
Best Matthews: 0.45750, Best Accuracy: 67.30769, Best Loss: 0.071612881 at epoch 67
Time Elasped: 00:01:13
========= Epoch 77 =========
6/12: Matthews 0.44023, Accuracy: 65.38462, Loss: 0.071388887
12/12: Matthews 0.44023, Accuracy: 65.38462, Loss: 0.070617928
 
Best Matthews: 0.45750, Best Accuracy: 67.30769, Best Loss: 0.071612881 at epoch 67
Time Elasped: 00:01:13
========= Epoch 78 =========
6/12: Matthews 0.42356, Accuracy: 63.46154, Loss: 0.070063472
12/12: Matthews 0.44023, Accuracy: 65.38462, Loss: 0.070260534
 
Best Matthews: 0.45750, Best Accuracy: 67.30769, Best Loss: 0.071612881 at epoch 67
Time Elasped: 00:01:14
========= Epoch 79 =========
6/12: Matthews 0.45750, Accuracy: 67.30769, Loss: 0.072306427
12/12: Matthews 0.47544, Accuracy: 69.23077, Loss: 0.072855188
 
Best Matthews: 0.47544, Best Accuracy: 69.23077, Best Loss: 0.072855188 at epoch 79
Time Elasped: 00:01:16
========= Epoch 80 =========
6/12: Matthews 0.44023, Accuracy: 65.38462, Loss: 0.070359886
12/12: Matthews 0.44023, Accuracy: 65.38462, Loss: 0.069214692
 
Best Matthews: 0.47544, Best Accuracy: 69.23077, Best Loss: 0.072855188 at epoch 79
Time Elasped: 00:01:17
========= Epoch 81 =========
6/12: Matthews 0.44023, Accuracy: 65.38462, Loss: 0.070276499
12/12: Matthews 0.44023, Accuracy: 65.38462, Loss: 0.070742080
 
Best Matthews: 0.47544, Best Accuracy: 69.23077, Best Loss: 0.072855188 at epoch 79
Time Elasped: 00:01:17
========= Epoch 82 =========
6/12: Matthews 0.44023, Accuracy: 65.38462, Loss: 0.070998210
12/12: Matthews 0.44023, Accuracy: 65.38462, Loss: 0.070417973
 
Best Matthews: 0.47544, Best Accuracy: 69.23077, Best Loss: 0.072855188 at epoch 79
Time Elasped: 00:01:18
========= Epoch 83 =========
6/12: Matthews 0.44023, Accuracy: 65.38462, Loss: 0.069796911
12/12: Matthews 0.44023, Accuracy: 65.38462, Loss: 0.069769795
 
Best Matthews: 0.47544, Best Accuracy: 69.23077, Best Loss: 0.072855188 at epoch 79
Time Elasped: 00:01:18
========= Epoch 84 =========
6/12: Matthews 0.44023, Accuracy: 65.38462, Loss: 0.070365378
12/12: Matthews 0.44023, Accuracy: 65.38462, Loss: 0.070693167
 
Best Matthews: 0.47544, Best Accuracy: 69.23077, Best Loss: 0.072855188 at epoch 79
Time Elasped: 00:01:19
========= Epoch 85 =========
6/12: Matthews 0.44023, Accuracy: 65.38462, Loss: 0.071570800
12/12: Matthews 0.44023, Accuracy: 65.38462, Loss: 0.070589006
 
Best Matthews: 0.47544, Best Accuracy: 69.23077, Best Loss: 0.072855188 at epoch 79
Time Elasped: 00:01:20
========= Epoch 86 =========
6/12: Matthews 0.44023, Accuracy: 65.38462, Loss: 0.070874691
12/12: Matthews 0.44023, Accuracy: 65.38462, Loss: 0.070207467
 
Best Matthews: 0.47544, Best Accuracy: 69.23077, Best Loss: 0.072855188 at epoch 79
Time Elasped: 00:01:20
========= Epoch 87 =========
6/12: Matthews 0.44023, Accuracy: 65.38462, Loss: 0.069017828
12/12: Matthews 0.44023, Accuracy: 65.38462, Loss: 0.067217492
 
Best Matthews: 0.47544, Best Accuracy: 69.23077, Best Loss: 0.072855188 at epoch 79
Time Elasped: 00:01:21
========= Epoch 88 =========
6/12: Matthews 0.44023, Accuracy: 65.38462, Loss: 0.066394077
12/12: Matthews 0.42356, Accuracy: 63.46154, Loss: 0.065350941
 
Best Matthews: 0.47544, Best Accuracy: 69.23077, Best Loss: 0.072855188 at epoch 79
Time Elasped: 00:01:21
========= Epoch 89 =========
6/12: Matthews 0.44023, Accuracy: 65.38462, Loss: 0.063643997
12/12: Matthews 0.44023, Accuracy: 65.38462, Loss: 0.062616124
 
Best Matthews: 0.47544, Best Accuracy: 69.23077, Best Loss: 0.072855188 at epoch 79
Time Elasped: 00:01:22
========= Epoch 90 =========
6/12: Matthews 0.44023, Accuracy: 65.38462, Loss: 0.063197714
12/12: Matthews 0.44023, Accuracy: 65.38462, Loss: 0.063570591
 
Best Matthews: 0.47544, Best Accuracy: 69.23077, Best Loss: 0.072855188 at epoch 79
Time Elasped: 00:01:23
========= Epoch 91 =========
6/12: Matthews 0.44023, Accuracy: 65.38462, Loss: 0.065068107
12/12: Matthews 0.44023, Accuracy: 65.38462, Loss: 0.066483846
 
Best Matthews: 0.47544, Best Accuracy: 69.23077, Best Loss: 0.072855188 at epoch 79
Time Elasped: 00:01:23
========= Epoch 92 =========
6/12: Matthews 0.44023, Accuracy: 65.38462, Loss: 0.066445025
12/12: Matthews 0.44023, Accuracy: 65.38462, Loss: 0.066423916
 
Best Matthews: 0.47544, Best Accuracy: 69.23077, Best Loss: 0.072855188 at epoch 79
Time Elasped: 00:01:24
========= Epoch 93 =========
6/12: Matthews 0.44023, Accuracy: 65.38462, Loss: 0.067050012
12/12: Matthews 0.44023, Accuracy: 65.38462, Loss: 0.067174242
 
Best Matthews: 0.47544, Best Accuracy: 69.23077, Best Loss: 0.072855188 at epoch 79
Time Elasped: 00:01:24
========= Epoch 94 =========
6/12: Matthews 0.44023, Accuracy: 65.38462, Loss: 0.067607449
12/12: Matthews 0.44023, Accuracy: 65.38462, Loss: 0.068473147
 
Best Matthews: 0.47544, Best Accuracy: 69.23077, Best Loss: 0.072855188 at epoch 79
Time Elasped: 00:01:25
========= Epoch 95 =========
6/12: Matthews 0.47544, Accuracy: 69.23077, Loss: 0.069562261
12/12: Matthews 0.47544, Accuracy: 69.23077, Loss: 0.068749602
 
Best Matthews: 0.47544, Best Accuracy: 69.23077, Best Loss: 0.072855188 at epoch 79
Time Elasped: 00:01:25
========= Epoch 96 =========
6/12: Matthews 0.47544, Accuracy: 69.23077, Loss: 0.067970867
12/12: Matthews 0.47544, Accuracy: 69.23077, Loss: 0.066236679
 
Best Matthews: 0.47544, Best Accuracy: 69.23077, Best Loss: 0.072855188 at epoch 79
Time Elasped: 00:01:26
========= Epoch 97 =========
6/12: Matthews 0.47544, Accuracy: 69.23077, Loss: 0.066430216
12/12: Matthews 0.47544, Accuracy: 69.23077, Loss: 0.066152453
 
Best Matthews: 0.47544, Best Accuracy: 69.23077, Best Loss: 0.072855188 at epoch 79
Time Elasped: 00:01:27
========= Epoch 98 =========
6/12: Matthews 0.47544, Accuracy: 69.23077, Loss: 0.066481379
12/12: Matthews 0.47544, Accuracy: 69.23077, Loss: 0.065655690
 
Best Matthews: 0.47544, Best Accuracy: 69.23077, Best Loss: 0.072855188 at epoch 79
Time Elasped: 00:01:27
========= Epoch 99 =========
6/12: Matthews 0.47544, Accuracy: 69.23077, Loss: 0.064672443
12/12: Matthews 0.42356, Accuracy: 63.46154, Loss: 0.063925326
 
Best Matthews: 0.47544, Best Accuracy: 69.23077, Best Loss: 0.072855188 at epoch 79
Time Elasped: 00:01:28
========= Epoch 100 =========
Early Stopping activated
 
Best Matthews: 0.47544, Best Accuracy: 69.23077, Best Loss: 0.072855188 at epoch 79
Time Elasped: 00:01:30
Test Set:
0/0: Matthews 0.34372, Accuracy: 72.64957, Loss: 0.010714262
