Namespace(batch_size=32, buffer_size=1, by_source=False, crop_pad_length=30, data='./acceptability_corpus/verb_classes/dative', data_type='discriminator', dropout=0.2, embedding='glove.6B.300d', embedding_path='/scratch/asw462/models/elmo_encoder/elmo.emb', embedding_size=217, encoder_num_layers=2, encoder_path='/scratch/asw462/models/elmo_encoder/elmo.pth', encoding_size=528, encoding_type='lstm_pooling_classifier', epochs=1000, evaluate_train=False, experiment_name='experiment_linear_classifier_h_171_l_3_lr_0.0000_e_217_do_0.2', glove=False, gpu=True, hidden_size=171, imbalance=True, learning_rate=2e-05, lm_path=None, logs_dir='/scratch/asw462/logs/verb_classes/dative', max_pool=False, model='linear_classifier', num_layers=3, output_dir='/scratch/asw462/logs/verb_classes/outputs/dative', patience=20, preprocess_tokenizer='space', prints_per_stage=1, resume=True, resume_file=None, save_loc='/scratch/asw462/models/verb_classes/dative', seed=1111, should_not_log=False, should_not_lowercase=False, should_not_preprocess_data=False, stages_per_epoch=2, train_embeddings=False, train_evaluate_interval=10, vocab_file='/scratch/asw462/data/vocab_100k.tsv')
======== General =======
Model: linear_classifier
GPU: True
Experiment Name: experiment_linear_classifier_h_171_l_3_lr_0.0000_e_217_do_0.2
Save location: /scratch/asw462/models/verb_classes/dative
Logs dir: /scratch/asw462/logs/verb_classes/dative
Timestamp: 2018/08/01 20:08:49
 
======== Data =======
Training set: 358 examples
Validation set: 52 examples
Test set: 234 examples
 
======= Parameters =======
Learning Rate: 0.000020
Batch Size: 32
Epochs: 1000
Patience: 20
Stages per Epoch: 2
Embedding: 100004 x 217
Number of layers: 3
Hidden Size: 171
Encoder Size: 528
Resume: True
 
======= Model =======
LinearClassifierWithEncoder(
  (model): LinearClassifier(
    (dropout): Dropout(p=0.2)
    (enc2h): Linear(in_features=1056, out_features=171, bias=True)
    (h20): Linear(in_features=171, out_features=1, bias=True)
    (sigmoid): Sigmoid()
    (tanh): Tanh()
    (softmax): Softmax()
  )
  (encoder): LSTMPoolingClassifierWithELMo(
    (elmo): ELMOClassifier(
      (lm): LSTMLanguageModel(
        (dropout): Dropout(p=0.2)
        (embedding): Embedding(100003, 217)
        (lstm): LSTM(217, 891, num_layers=2, dropout=0.2)
        (fc): Linear(in_features=891, out_features=100003, bias=True)
      )
      (lstms): ModuleList(
        (0): LSTM(217, 891, batch_first=True)
        (1): LSTM(891, 891, batch_first=True)
      )
      (dropout): Dropout(p=0.2)
      (linear_comb): Linear(in_features=2, out_features=1, bias=True)
      (fc1): Linear(in_features=891, out_features=528, bias=True)
      (relu): ReLU()
      (out): Linear(in_features=528, out_features=1, bias=True)
      (sigmoid): Sigmoid()
    )
    (pooling_classifier): LSTMPoolingClassifier(
      (ih2h): LSTM(891, 528, num_layers=3, batch_first=True, dropout=0.2, bidirectional=True)
      (pool2o): Linear(in_features=1056, out_features=1, bias=True)
      (sigmoid): Sigmoid()
      (softmax): Softmax()
      (dropout): Dropout(p=0.2)
    )
  )
)
 
========= Epoch 1 =========
6/12: Matthews 0.03045, Accuracy: 42.30769, Loss: 0.129214470
12/12: Matthews 0.16523, Accuracy: 28.84615, Loss: 0.127937244
 
Best Matthews: 0.16523, Best Accuracy: 28.84615, Best Loss: 0.127937244 at epoch 1
Time Elasped: 00:00:09
========= Epoch 2 =========
6/12: Matthews 0.00000, Accuracy: 17.30769, Loss: 0.126722886
12/12: Matthews 0.00000, Accuracy: 17.30769, Loss: 0.125789817
 
Best Matthews: 0.16523, Best Accuracy: 28.84615, Best Loss: 0.127937244 at epoch 1
Time Elasped: 00:00:11
========= Epoch 3 =========
6/12: Matthews 0.00000, Accuracy: 17.30769, Loss: 0.125279087
12/12: Matthews 0.00000, Accuracy: 17.30769, Loss: 0.124934765
 
Best Matthews: 0.16523, Best Accuracy: 28.84615, Best Loss: 0.127937244 at epoch 1
Time Elasped: 00:00:13
========= Epoch 4 =========
6/12: Matthews 0.00000, Accuracy: 17.30769, Loss: 0.124785900
12/12: Matthews 0.00000, Accuracy: 17.30769, Loss: 0.124579705
 
Best Matthews: 0.16523, Best Accuracy: 28.84615, Best Loss: 0.127937244 at epoch 1
Time Elasped: 00:00:15
========= Epoch 5 =========
6/12: Matthews 0.00000, Accuracy: 17.30769, Loss: 0.124435526
12/12: Matthews 0.00000, Accuracy: 17.30769, Loss: 0.124345064
 
Best Matthews: 0.16523, Best Accuracy: 28.84615, Best Loss: 0.127937244 at epoch 1
Time Elasped: 00:00:17
========= Epoch 6 =========
6/12: Matthews 0.00000, Accuracy: 17.30769, Loss: 0.124466658
12/12: Matthews 0.00000, Accuracy: 17.30769, Loss: 0.124537871
 
Best Matthews: 0.16523, Best Accuracy: 28.84615, Best Loss: 0.127937244 at epoch 1
Time Elasped: 00:00:19
========= Epoch 7 =========
6/12: Matthews 0.00000, Accuracy: 17.30769, Loss: 0.124676319
12/12: Matthews 0.00000, Accuracy: 17.30769, Loss: 0.124923614
 
Best Matthews: 0.16523, Best Accuracy: 28.84615, Best Loss: 0.127937244 at epoch 1
Time Elasped: 00:00:20
========= Epoch 8 =========
6/12: Matthews 0.00000, Accuracy: 17.30769, Loss: 0.125149965
12/12: Matthews 0.00000, Accuracy: 17.30769, Loss: 0.125378059
 
Best Matthews: 0.16523, Best Accuracy: 28.84615, Best Loss: 0.127937244 at epoch 1
Time Elasped: 00:00:22
========= Epoch 9 =========
6/12: Matthews 0.00000, Accuracy: 17.30769, Loss: 0.125758079
12/12: Matthews 0.00000, Accuracy: 17.30769, Loss: 0.126235760
 
Best Matthews: 0.16523, Best Accuracy: 28.84615, Best Loss: 0.127937244 at epoch 1
Time Elasped: 00:00:24
========= Epoch 10 =========
6/12: Matthews 0.00000, Accuracy: 17.30769, Loss: 0.126645858
12/12: Matthews 0.00000, Accuracy: 17.30769, Loss: 0.126814916
 
Best Matthews: 0.16523, Best Accuracy: 28.84615, Best Loss: 0.127937244 at epoch 1
Time Elasped: 00:00:26
========= Epoch 11 =========
6/12: Matthews 0.00000, Accuracy: 17.30769, Loss: 0.126574590
12/12: Matthews 0.00000, Accuracy: 17.30769, Loss: 0.126585520
 
Best Matthews: 0.16523, Best Accuracy: 28.84615, Best Loss: 0.127937244 at epoch 1
Time Elasped: 00:00:28
========= Epoch 12 =========
6/12: Matthews 0.00000, Accuracy: 17.30769, Loss: 0.126628958
12/12: Matthews 0.00000, Accuracy: 17.30769, Loss: 0.126515462
 
Best Matthews: 0.16523, Best Accuracy: 28.84615, Best Loss: 0.127937244 at epoch 1
Time Elasped: 00:00:30
========= Epoch 13 =========
6/12: Matthews 0.00000, Accuracy: 17.30769, Loss: 0.126070353
12/12: Matthews 0.00000, Accuracy: 17.30769, Loss: 0.125926091
 
Best Matthews: 0.16523, Best Accuracy: 28.84615, Best Loss: 0.127937244 at epoch 1
Time Elasped: 00:00:32
========= Epoch 14 =========
6/12: Matthews 0.00000, Accuracy: 17.30769, Loss: 0.125832613
12/12: Matthews 0.06406, Accuracy: 19.23077, Loss: 0.125736053
 
Best Matthews: 0.16523, Best Accuracy: 28.84615, Best Loss: 0.127937244 at epoch 1
Time Elasped: 00:00:34
========= Epoch 15 =========
6/12: Matthews 0.09150, Accuracy: 21.15385, Loss: 0.125763948
12/12: Matthews 0.09150, Accuracy: 21.15385, Loss: 0.125443183
 
Best Matthews: 0.16523, Best Accuracy: 28.84615, Best Loss: 0.127937244 at epoch 1
Time Elasped: 00:00:35
========= Epoch 16 =========
6/12: Matthews 0.00000, Accuracy: 17.30769, Loss: 0.124544703
12/12: Matthews 0.00000, Accuracy: 17.30769, Loss: 0.124277784
 
Best Matthews: 0.16523, Best Accuracy: 28.84615, Best Loss: 0.127937244 at epoch 1
Time Elasped: 00:00:37
========= Epoch 17 =========
6/12: Matthews 0.06406, Accuracy: 19.23077, Loss: 0.124149304
12/12: Matthews 0.09150, Accuracy: 21.15385, Loss: 0.124328723
 
Best Matthews: 0.16523, Best Accuracy: 28.84615, Best Loss: 0.127937244 at epoch 1
Time Elasped: 00:00:39
========= Epoch 18 =========
6/12: Matthews 0.09150, Accuracy: 21.15385, Loss: 0.124285184
12/12: Matthews 0.09150, Accuracy: 21.15385, Loss: 0.124222040
 
Best Matthews: 0.16523, Best Accuracy: 28.84615, Best Loss: 0.127937244 at epoch 1
Time Elasped: 00:00:41
========= Epoch 19 =========
6/12: Matthews 0.11320, Accuracy: 23.07692, Loss: 0.124008839
12/12: Matthews 0.11320, Accuracy: 23.07692, Loss: 0.124018321
 
Best Matthews: 0.16523, Best Accuracy: 28.84615, Best Loss: 0.127937244 at epoch 1
Time Elasped: 00:00:43
========= Epoch 20 =========
6/12: Matthews 0.11320, Accuracy: 23.07692, Loss: 0.123803414
12/12: Matthews 0.11320, Accuracy: 23.07692, Loss: 0.123682389
 
Best Matthews: 0.16523, Best Accuracy: 28.84615, Best Loss: 0.127937244 at epoch 1
Time Elasped: 00:00:45
========= Epoch 21 =========
6/12: Matthews 0.13207, Accuracy: 25.00000, Loss: 0.123910308
12/12: Matthews 0.13207, Accuracy: 25.00000, Loss: 0.123975094
 
Best Matthews: 0.16523, Best Accuracy: 28.84615, Best Loss: 0.127937244 at epoch 1
Time Elasped: 00:00:47
========= Epoch 22 =========
Early Stopping activated
 
Best Matthews: 0.16523, Best Accuracy: 28.84615, Best Loss: 0.127937244 at epoch 1
Time Elasped: 00:00:49
Test Set:
0/0: Matthews 0.21237, Accuracy: 35.04274, Loss: 0.014824291
