Namespace(batch_size=32, buffer_size=1, by_source=False, crop_pad_length=30, data='./acceptability_corpus/verb_classes/dative', data_type='discriminator', dropout=0.5, embedding='glove.6B.300d', embedding_path='/scratch/asw462/models/elmo_encoder/elmo.emb', embedding_size=217, encoder_num_layers=2, encoder_path='/scratch/asw462/models/elmo_encoder/elmo.pth', encoding_size=528, encoding_type='lstm_pooling_classifier', epochs=1000, evaluate_train=False, experiment_name='experiment_linear_classifier_h_148_l_2_lr_0.0000_e_217_do_0.5', glove=False, gpu=True, hidden_size=148, imbalance=True, learning_rate=2e-05, lm_path=None, logs_dir='/scratch/asw462/logs/verb_classes/dative', max_pool=False, model='linear_classifier', num_layers=2, output_dir='/scratch/asw462/logs/verb_classes/outputs/dative', patience=20, preprocess_tokenizer='space', prints_per_stage=1, resume=True, resume_file=None, save_loc='/scratch/asw462/models/verb_classes/dative', seed=1111, should_not_log=False, should_not_lowercase=False, should_not_preprocess_data=False, stages_per_epoch=2, train_embeddings=False, train_evaluate_interval=10, vocab_file='/scratch/asw462/data/vocab_100k.tsv')
======== General =======
Model: linear_classifier
GPU: True
Experiment Name: experiment_linear_classifier_h_148_l_2_lr_0.0000_e_217_do_0.5
Save location: /scratch/asw462/models/verb_classes/dative
Logs dir: /scratch/asw462/logs/verb_classes/dative
Timestamp: 2018/08/01 20:08:49
 
======== Data =======
Training set: 358 examples
Validation set: 52 examples
Test set: 234 examples
 
======= Parameters =======
Learning Rate: 0.000020
Batch Size: 32
Epochs: 1000
Patience: 20
Stages per Epoch: 2
Embedding: 100004 x 217
Number of layers: 2
Hidden Size: 148
Encoder Size: 528
Resume: True
 
======= Model =======
LinearClassifierWithEncoder(
  (model): LinearClassifier(
    (dropout): Dropout(p=0.5)
    (enc2h): Linear(in_features=1056, out_features=148, bias=True)
    (h20): Linear(in_features=148, out_features=1, bias=True)
    (sigmoid): Sigmoid()
    (tanh): Tanh()
    (softmax): Softmax()
  )
  (encoder): LSTMPoolingClassifierWithELMo(
    (elmo): ELMOClassifier(
      (lm): LSTMLanguageModel(
        (dropout): Dropout(p=0.2)
        (embedding): Embedding(100003, 217)
        (lstm): LSTM(217, 891, num_layers=2, dropout=0.2)
        (fc): Linear(in_features=891, out_features=100003, bias=True)
      )
      (lstms): ModuleList(
        (0): LSTM(217, 891, batch_first=True)
        (1): LSTM(891, 891, batch_first=True)
      )
      (dropout): Dropout(p=0.2)
      (linear_comb): Linear(in_features=2, out_features=1, bias=True)
      (fc1): Linear(in_features=891, out_features=528, bias=True)
      (relu): ReLU()
      (out): Linear(in_features=528, out_features=1, bias=True)
      (sigmoid): Sigmoid()
    )
    (pooling_classifier): LSTMPoolingClassifier(
      (ih2h): LSTM(891, 528, num_layers=3, batch_first=True, dropout=0.2, bidirectional=True)
      (pool2o): Linear(in_features=1056, out_features=1, bias=True)
      (sigmoid): Sigmoid()
      (softmax): Softmax()
      (dropout): Dropout(p=0.2)
    )
  )
)
 
========= Epoch 1 =========
6/12: Matthews 0.55065, Accuracy: 86.53846, Loss: 0.125913217
12/12: Matthews 0.45225, Accuracy: 73.07692, Loss: 0.124999431
 
Best Matthews: 0.55065, Best Accuracy: 86.53846, Best Loss: 0.125913217 at epoch 1
Time Elasped: 00:00:07
========= Epoch 2 =========
6/12: Matthews 0.36168, Accuracy: 55.76923, Loss: 0.124339691
12/12: Matthews 0.22324, Accuracy: 36.53846, Loss: 0.123704892
 
Best Matthews: 0.55065, Best Accuracy: 86.53846, Best Loss: 0.125913217 at epoch 1
Time Elasped: 00:00:07
========= Epoch 3 =========
6/12: Matthews 0.14922, Accuracy: 26.92308, Loss: 0.123181059
12/12: Matthews 0.09150, Accuracy: 21.15385, Loss: 0.122749274
 
Best Matthews: 0.55065, Best Accuracy: 86.53846, Best Loss: 0.125913217 at epoch 1
Time Elasped: 00:00:08
========= Epoch 4 =========
6/12: Matthews 0.09150, Accuracy: 21.15385, Loss: 0.122283853
12/12: Matthews 0.06406, Accuracy: 19.23077, Loss: 0.122010598
 
Best Matthews: 0.55065, Best Accuracy: 86.53846, Best Loss: 0.125913217 at epoch 1
Time Elasped: 00:00:09
========= Epoch 5 =========
6/12: Matthews 0.06406, Accuracy: 19.23077, Loss: 0.121798699
12/12: Matthews 0.00000, Accuracy: 17.30769, Loss: 0.121641508
 
Best Matthews: 0.55065, Best Accuracy: 86.53846, Best Loss: 0.125913217 at epoch 1
Time Elasped: 00:00:09
========= Epoch 6 =========
6/12: Matthews 0.00000, Accuracy: 17.30769, Loss: 0.121724688
12/12: Matthews 0.00000, Accuracy: 17.30769, Loss: 0.121664176
 
Best Matthews: 0.55065, Best Accuracy: 86.53846, Best Loss: 0.125913217 at epoch 1
Time Elasped: 00:00:10
========= Epoch 7 =========
6/12: Matthews 0.00000, Accuracy: 17.30769, Loss: 0.121296782
12/12: Matthews 0.00000, Accuracy: 17.30769, Loss: 0.121121783
 
Best Matthews: 0.55065, Best Accuracy: 86.53846, Best Loss: 0.125913217 at epoch 1
Time Elasped: 00:00:11
========= Epoch 8 =========
6/12: Matthews 0.00000, Accuracy: 17.30769, Loss: 0.120864281
12/12: Matthews 0.00000, Accuracy: 17.30769, Loss: 0.120842805
 
Best Matthews: 0.55065, Best Accuracy: 86.53846, Best Loss: 0.125913217 at epoch 1
Time Elasped: 00:00:12
========= Epoch 9 =========
6/12: Matthews 0.00000, Accuracy: 17.30769, Loss: 0.121138939
12/12: Matthews 0.00000, Accuracy: 17.30769, Loss: 0.121234655
 
Best Matthews: 0.55065, Best Accuracy: 86.53846, Best Loss: 0.125913217 at epoch 1
Time Elasped: 00:00:12
========= Epoch 10 =========
6/12: Matthews 0.00000, Accuracy: 17.30769, Loss: 0.121372379
12/12: Matthews 0.00000, Accuracy: 17.30769, Loss: 0.121427197
 
Best Matthews: 0.55065, Best Accuracy: 86.53846, Best Loss: 0.125913217 at epoch 1
Time Elasped: 00:00:13
========= Epoch 11 =========
6/12: Matthews 0.00000, Accuracy: 17.30769, Loss: 0.121459640
12/12: Matthews 0.00000, Accuracy: 17.30769, Loss: 0.121471112
 
Best Matthews: 0.55065, Best Accuracy: 86.53846, Best Loss: 0.125913217 at epoch 1
Time Elasped: 00:00:14
========= Epoch 12 =========
6/12: Matthews 0.00000, Accuracy: 17.30769, Loss: 0.121480025
12/12: Matthews 0.00000, Accuracy: 17.30769, Loss: 0.121673602
 
Best Matthews: 0.55065, Best Accuracy: 86.53846, Best Loss: 0.125913217 at epoch 1
Time Elasped: 00:00:14
========= Epoch 13 =========
6/12: Matthews 0.00000, Accuracy: 17.30769, Loss: 0.121949233
12/12: Matthews 0.00000, Accuracy: 17.30769, Loss: 0.122174520
 
Best Matthews: 0.55065, Best Accuracy: 86.53846, Best Loss: 0.125913217 at epoch 1
Time Elasped: 00:00:15
========= Epoch 14 =========
6/12: Matthews 0.00000, Accuracy: 17.30769, Loss: 0.122323632
12/12: Matthews 0.00000, Accuracy: 17.30769, Loss: 0.122585260
 
Best Matthews: 0.55065, Best Accuracy: 86.53846, Best Loss: 0.125913217 at epoch 1
Time Elasped: 00:00:16
========= Epoch 15 =========
6/12: Matthews 0.06406, Accuracy: 19.23077, Loss: 0.122820873
12/12: Matthews 0.06406, Accuracy: 19.23077, Loss: 0.122945620
 
Best Matthews: 0.55065, Best Accuracy: 86.53846, Best Loss: 0.125913217 at epoch 1
Time Elasped: 00:00:16
========= Epoch 16 =========
6/12: Matthews 0.00000, Accuracy: 17.30769, Loss: 0.122700600
12/12: Matthews 0.00000, Accuracy: 17.30769, Loss: 0.122622912
 
Best Matthews: 0.55065, Best Accuracy: 86.53846, Best Loss: 0.125913217 at epoch 1
Time Elasped: 00:00:17
========= Epoch 17 =========
6/12: Matthews 0.09150, Accuracy: 21.15385, Loss: 0.122745413
12/12: Matthews 0.09150, Accuracy: 21.15385, Loss: 0.122886034
 
Best Matthews: 0.55065, Best Accuracy: 86.53846, Best Loss: 0.125913217 at epoch 1
Time Elasped: 00:00:18
========= Epoch 18 =========
6/12: Matthews 0.09150, Accuracy: 21.15385, Loss: 0.123140977
12/12: Matthews 0.09150, Accuracy: 21.15385, Loss: 0.123266862
 
Best Matthews: 0.55065, Best Accuracy: 86.53846, Best Loss: 0.125913217 at epoch 1
Time Elasped: 00:00:19
========= Epoch 19 =========
6/12: Matthews 0.13207, Accuracy: 25.00000, Loss: 0.123495139
12/12: Matthews 0.13207, Accuracy: 25.00000, Loss: 0.123410995
 
Best Matthews: 0.55065, Best Accuracy: 86.53846, Best Loss: 0.125913217 at epoch 1
Time Elasped: 00:00:19
========= Epoch 20 =========
6/12: Matthews 0.11320, Accuracy: 23.07692, Loss: 0.123045243
12/12: Matthews 0.11320, Accuracy: 23.07692, Loss: 0.122933663
 
Best Matthews: 0.55065, Best Accuracy: 86.53846, Best Loss: 0.125913217 at epoch 1
Time Elasped: 00:00:20
========= Epoch 21 =========
6/12: Matthews 0.09150, Accuracy: 21.15385, Loss: 0.122815426
12/12: Matthews 0.09150, Accuracy: 21.15385, Loss: 0.122606186
 
Best Matthews: 0.55065, Best Accuracy: 86.53846, Best Loss: 0.125913217 at epoch 1
Time Elasped: 00:00:21
========= Epoch 22 =========
Early Stopping activated
 
Best Matthews: 0.55065, Best Accuracy: 86.53846, Best Loss: 0.125913217 at epoch 1
Time Elasped: 00:00:23
Test Set:
0/0: Matthews 0.20178, Accuracy: 70.94017, Loss: 0.014691301
