Namespace(batch_size=32, buffer_size=1, by_source=False, crop_pad_length=30, data='./acceptability_corpus/verb_classes_cola/there', data_type='discriminator', dropout=0.2, embedding='glove.6B.300d', embedding_path='/scratch/asw462/models/elmo_encoder/elmo.emb', embedding_size=217, encoder_num_layers=2, encoder_path='/scratch/asw462/models/elmo_encoder/elmo.pth', encoding_size=528, encoding_type='lstm_pooling_classifier', epochs=1000, evaluate_train=False, experiment_name='experiment_linear_classifier_h_122_l_3_lr_0.0000_e_217_do_0.2', glove=False, gpu=True, hidden_size=122, imbalance=True, learning_rate=2e-05, lm_path=None, logs_dir='/scratch/asw462/logs/verb_classes_cola/there', max_pool=False, model='linear_classifier', num_layers=3, output_dir='/scratch/asw462/logs/verb_classes_cola/outputs/there', patience=20, preprocess_tokenizer='space', prints_per_stage=1, resume=True, resume_file=None, save_loc='/scratch/asw462/models/verb_classes_cola/there', seed=1111, should_not_log=False, should_not_lowercase=False, should_not_preprocess_data=False, stages_per_epoch=2, train_embeddings=False, train_evaluate_interval=10, vocab_file='/scratch/asw462/data/vocab_100k.tsv')
======== General =======
Model: linear_classifier
GPU: True
Experiment Name: experiment_linear_classifier_h_122_l_3_lr_0.0000_e_217_do_0.2
Save location: /scratch/asw462/models/verb_classes_cola/there
Logs dir: /scratch/asw462/logs/verb_classes_cola/there
Timestamp: 2018/08/01 22:13:23
 
======== Data =======
Training set: 11603 examples
Validation set: 192 examples
Test set: 680 examples
 
======= Parameters =======
Learning Rate: 0.000020
Batch Size: 32
Epochs: 1000
Patience: 20
Stages per Epoch: 2
Embedding: 100004 x 217
Number of layers: 3
Hidden Size: 122
Encoder Size: 528
Resume: True
 
======= Model =======
LinearClassifierWithEncoder(
  (model): LinearClassifier(
    (dropout): Dropout(p=0.2)
    (enc2h): Linear(in_features=1056, out_features=122, bias=True)
    (h20): Linear(in_features=122, out_features=1, bias=True)
    (sigmoid): Sigmoid()
    (tanh): Tanh()
    (softmax): Softmax()
  )
  (encoder): LSTMPoolingClassifierWithELMo(
    (elmo): ELMOClassifier(
      (lm): LSTMLanguageModel(
        (dropout): Dropout(p=0.2)
        (embedding): Embedding(100003, 217)
        (lstm): LSTM(217, 891, num_layers=2, dropout=0.2)
        (fc): Linear(in_features=891, out_features=100003, bias=True)
      )
      (lstms): ModuleList(
        (0): LSTM(217, 891, batch_first=True)
        (1): LSTM(891, 891, batch_first=True)
      )
      (dropout): Dropout(p=0.2)
      (linear_comb): Linear(in_features=2, out_features=1, bias=True)
      (fc1): Linear(in_features=891, out_features=528, bias=True)
      (relu): ReLU()
      (out): Linear(in_features=528, out_features=1, bias=True)
      (sigmoid): Sigmoid()
    )
    (pooling_classifier): LSTMPoolingClassifier(
      (ih2h): LSTM(891, 528, num_layers=3, batch_first=True, dropout=0.2, bidirectional=True)
      (pool2o): Linear(in_features=1056, out_features=1, bias=True)
      (sigmoid): Sigmoid()
      (softmax): Softmax()
      (dropout): Dropout(p=0.2)
    )
  )
)
 
========= Epoch 1 =========
181/363: Matthews 0.30835, Accuracy: 59.89583, Loss: 0.049172953
362/363: Matthews 0.30835, Accuracy: 59.89583, Loss: 0.046425511
 
Best Matthews: 0.30835, Best Accuracy: 59.89583, Best Loss: 0.049172953 at epoch 1
Time Elasped: 00:00:23
========= Epoch 2 =========
181/363: Matthews 0.33069, Accuracy: 60.41667, Loss: 0.043898920
362/363: Matthews 0.33069, Accuracy: 60.41667, Loss: 0.043468634
 
Best Matthews: 0.33069, Best Accuracy: 60.41667, Best Loss: 0.043898920 at epoch 2
Time Elasped: 00:00:41
========= Epoch 3 =========
181/363: Matthews 0.37103, Accuracy: 60.93750, Loss: 0.041355528
362/363: Matthews 0.41640, Accuracy: 61.97917, Loss: 0.040129567
 
Best Matthews: 0.41640, Best Accuracy: 61.97917, Best Loss: 0.040129567 at epoch 3
Time Elasped: 00:01:00
========= Epoch 4 =========
181/363: Matthews 0.41640, Accuracy: 61.97917, Loss: 0.039695561
362/363: Matthews 0.41640, Accuracy: 61.97917, Loss: 0.038987008
 
Best Matthews: 0.41640, Best Accuracy: 61.97917, Best Loss: 0.040129567 at epoch 3
Time Elasped: 00:01:16
========= Epoch 5 =========
181/363: Matthews 0.42083, Accuracy: 62.50000, Loss: 0.038059553
362/363: Matthews 0.41640, Accuracy: 61.97917, Loss: 0.036578034
 
Best Matthews: 0.42083, Best Accuracy: 62.50000, Best Loss: 0.038059553 at epoch 5
Time Elasped: 00:01:33
========= Epoch 6 =========
181/363: Matthews 0.42083, Accuracy: 62.50000, Loss: 0.035676286
362/363: Matthews 0.42083, Accuracy: 62.50000, Loss: 0.035627437
 
Best Matthews: 0.42083, Best Accuracy: 62.50000, Best Loss: 0.038059553 at epoch 5
Time Elasped: 00:01:50
========= Epoch 7 =========
181/363: Matthews 0.42083, Accuracy: 62.50000, Loss: 0.035460760
362/363: Matthews 0.42083, Accuracy: 62.50000, Loss: 0.034734574
 
Best Matthews: 0.42083, Best Accuracy: 62.50000, Best Loss: 0.038059553 at epoch 5
Time Elasped: 00:02:06
========= Epoch 8 =========
181/363: Matthews 0.42083, Accuracy: 62.50000, Loss: 0.034049734
362/363: Matthews 0.41640, Accuracy: 61.97917, Loss: 0.033074622
 
Best Matthews: 0.42083, Best Accuracy: 62.50000, Best Loss: 0.038059553 at epoch 5
Time Elasped: 00:02:22
========= Epoch 9 =========
181/363: Matthews 0.42978, Accuracy: 63.54167, Loss: 0.034266571
362/363: Matthews 0.42529, Accuracy: 63.02083, Loss: 0.033171924
 
Best Matthews: 0.42978, Best Accuracy: 63.54167, Best Loss: 0.034266571 at epoch 9
Time Elasped: 00:02:39
========= Epoch 10 =========
181/363: Matthews 0.42529, Accuracy: 63.02083, Loss: 0.032493795
362/363: Matthews 0.42083, Accuracy: 62.50000, Loss: 0.031602278
 
Best Matthews: 0.42978, Best Accuracy: 63.54167, Best Loss: 0.034266571 at epoch 9
Time Elasped: 00:02:55
========= Epoch 11 =========
181/363: Matthews 0.41640, Accuracy: 61.97917, Loss: 0.031041145
362/363: Matthews 0.42529, Accuracy: 63.02083, Loss: 0.031576311
 
Best Matthews: 0.42978, Best Accuracy: 63.54167, Best Loss: 0.034266571 at epoch 9
Time Elasped: 00:03:11
========= Epoch 12 =========
181/363: Matthews 0.42529, Accuracy: 63.02083, Loss: 0.031187465
362/363: Matthews 0.42083, Accuracy: 62.50000, Loss: 0.030586993
 
Best Matthews: 0.42978, Best Accuracy: 63.54167, Best Loss: 0.034266571 at epoch 9
Time Elasped: 00:03:27
========= Epoch 13 =========
181/363: Matthews 0.42083, Accuracy: 62.50000, Loss: 0.030382400
362/363: Matthews 0.41201, Accuracy: 61.45833, Loss: 0.029129229
 
Best Matthews: 0.42978, Best Accuracy: 63.54167, Best Loss: 0.034266571 at epoch 9
Time Elasped: 00:03:44
========= Epoch 14 =========
181/363: Matthews 0.42529, Accuracy: 63.02083, Loss: 0.030101051
362/363: Matthews 0.41201, Accuracy: 61.45833, Loss: 0.029235013
 
Best Matthews: 0.42978, Best Accuracy: 63.54167, Best Loss: 0.034266571 at epoch 9
Time Elasped: 00:04:00
========= Epoch 15 =========
181/363: Matthews 0.42083, Accuracy: 62.50000, Loss: 0.029507500
362/363: Matthews 0.41201, Accuracy: 61.45833, Loss: 0.028619791
 
Best Matthews: 0.42978, Best Accuracy: 63.54167, Best Loss: 0.034266571 at epoch 9
Time Elasped: 00:04:16
========= Epoch 16 =========
181/363: Matthews 0.42083, Accuracy: 62.50000, Loss: 0.029247704
362/363: Matthews 0.41640, Accuracy: 61.97917, Loss: 0.028664793
 
Best Matthews: 0.42978, Best Accuracy: 63.54167, Best Loss: 0.034266571 at epoch 9
Time Elasped: 00:04:32
========= Epoch 17 =========
181/363: Matthews 0.41640, Accuracy: 61.97917, Loss: 0.028340742
362/363: Matthews 0.42083, Accuracy: 62.50000, Loss: 0.028924704
 
Best Matthews: 0.42978, Best Accuracy: 63.54167, Best Loss: 0.034266571 at epoch 9
Time Elasped: 00:04:48
========= Epoch 18 =========
181/363: Matthews 0.41640, Accuracy: 61.97917, Loss: 0.027995057
362/363: Matthews 0.43432, Accuracy: 64.06250, Loss: 0.029416574
 
Best Matthews: 0.43432, Best Accuracy: 64.06250, Best Loss: 0.029416574 at epoch 18
Time Elasped: 00:05:06
========= Epoch 19 =========
181/363: Matthews 0.41640, Accuracy: 61.97917, Loss: 0.028141325
362/363: Matthews 0.41640, Accuracy: 61.97917, Loss: 0.028069829
 
Best Matthews: 0.43432, Best Accuracy: 64.06250, Best Loss: 0.029416574 at epoch 18
Time Elasped: 00:05:22
========= Epoch 20 =========
181/363: Matthews 0.41640, Accuracy: 61.97917, Loss: 0.027798782
362/363: Matthews 0.41640, Accuracy: 61.97917, Loss: 0.027378005
 
Best Matthews: 0.43432, Best Accuracy: 64.06250, Best Loss: 0.029416574 at epoch 18
Time Elasped: 00:05:38
========= Epoch 21 =========
181/363: Matthews 0.42529, Accuracy: 63.02083, Loss: 0.027632078
362/363: Matthews 0.41640, Accuracy: 61.97917, Loss: 0.027656297
 
Best Matthews: 0.43432, Best Accuracy: 64.06250, Best Loss: 0.029416574 at epoch 18
Time Elasped: 00:05:54
========= Epoch 22 =========
181/363: Matthews 0.42529, Accuracy: 63.02083, Loss: 0.027693704
362/363: Matthews 0.40333, Accuracy: 60.41667, Loss: 0.026400787
 
Best Matthews: 0.43432, Best Accuracy: 64.06250, Best Loss: 0.029416574 at epoch 18
Time Elasped: 00:06:10
========= Epoch 23 =========
181/363: Matthews 0.41640, Accuracy: 61.97917, Loss: 0.027180711
362/363: Matthews 0.42529, Accuracy: 63.02083, Loss: 0.027558108
 
Best Matthews: 0.43432, Best Accuracy: 64.06250, Best Loss: 0.029416574 at epoch 18
Time Elasped: 00:06:26
========= Epoch 24 =========
181/363: Matthews 0.42529, Accuracy: 63.02083, Loss: 0.027228934
362/363: Matthews 0.42529, Accuracy: 63.02083, Loss: 0.027298299
 
Best Matthews: 0.43432, Best Accuracy: 64.06250, Best Loss: 0.029416574 at epoch 18
Time Elasped: 00:06:42
========= Epoch 25 =========
181/363: Matthews 0.42978, Accuracy: 63.54167, Loss: 0.028158841
362/363: Matthews 0.41640, Accuracy: 61.97917, Loss: 0.026409263
 
Best Matthews: 0.43432, Best Accuracy: 64.06250, Best Loss: 0.029416574 at epoch 18
Time Elasped: 00:06:58
========= Epoch 26 =========
181/363: Matthews 0.42529, Accuracy: 63.02083, Loss: 0.026844348
362/363: Matthews 0.42529, Accuracy: 63.02083, Loss: 0.026344647
 
Best Matthews: 0.43432, Best Accuracy: 64.06250, Best Loss: 0.029416574 at epoch 18
Time Elasped: 00:07:14
========= Epoch 27 =========
181/363: Matthews 0.42529, Accuracy: 63.02083, Loss: 0.027055882
362/363: Matthews 0.42529, Accuracy: 63.02083, Loss: 0.026459595
 
Best Matthews: 0.43432, Best Accuracy: 64.06250, Best Loss: 0.029416574 at epoch 18
Time Elasped: 00:07:31
========= Epoch 28 =========
181/363: Matthews 0.42529, Accuracy: 63.02083, Loss: 0.027115112
362/363: Matthews 0.41640, Accuracy: 61.97917, Loss: 0.026216562
 
Best Matthews: 0.43432, Best Accuracy: 64.06250, Best Loss: 0.029416574 at epoch 18
Time Elasped: 00:07:47
========= Epoch 29 =========
181/363: Matthews 0.41640, Accuracy: 61.97917, Loss: 0.025943021
362/363: Matthews 0.41201, Accuracy: 61.45833, Loss: 0.025815065
 
Best Matthews: 0.43432, Best Accuracy: 64.06250, Best Loss: 0.029416574 at epoch 18
Time Elasped: 00:08:03
========= Epoch 30 =========
181/363: Matthews 0.41201, Accuracy: 61.45833, Loss: 0.026237143
362/363: Matthews 0.41640, Accuracy: 61.97917, Loss: 0.026159023
 
Best Matthews: 0.43432, Best Accuracy: 64.06250, Best Loss: 0.029416574 at epoch 18
Time Elasped: 00:08:19
========= Epoch 31 =========
181/363: Matthews 0.42083, Accuracy: 62.50000, Loss: 0.026530678
362/363: Matthews 0.41201, Accuracy: 61.45833, Loss: 0.025694475
 
Best Matthews: 0.43432, Best Accuracy: 64.06250, Best Loss: 0.029416574 at epoch 18
Time Elasped: 00:08:35
========= Epoch 32 =========
181/363: Matthews 0.41201, Accuracy: 61.45833, Loss: 0.025486862
362/363: Matthews 0.42529, Accuracy: 63.02083, Loss: 0.026644930
 
Best Matthews: 0.43432, Best Accuracy: 64.06250, Best Loss: 0.029416574 at epoch 18
Time Elasped: 00:08:51
========= Epoch 33 =========
181/363: Matthews 0.40766, Accuracy: 60.93750, Loss: 0.025169447
362/363: Matthews 0.41640, Accuracy: 61.97917, Loss: 0.026228736
 
Best Matthews: 0.43432, Best Accuracy: 64.06250, Best Loss: 0.029416574 at epoch 18
Time Elasped: 00:09:07
========= Epoch 34 =========
181/363: Matthews 0.40766, Accuracy: 60.93750, Loss: 0.025097643
362/363: Matthews 0.40766, Accuracy: 60.93750, Loss: 0.025365611
 
Best Matthews: 0.43432, Best Accuracy: 64.06250, Best Loss: 0.029416574 at epoch 18
Time Elasped: 00:09:23
========= Epoch 35 =========
181/363: Matthews 0.41640, Accuracy: 61.97917, Loss: 0.026305815
362/363: Matthews 0.41201, Accuracy: 61.45833, Loss: 0.025458579
 
Best Matthews: 0.43432, Best Accuracy: 64.06250, Best Loss: 0.029416574 at epoch 18
Time Elasped: 00:09:39
========= Epoch 36 =========
181/363: Matthews 0.42083, Accuracy: 62.50000, Loss: 0.026037589
362/363: Matthews 0.42529, Accuracy: 63.02083, Loss: 0.026494925
 
Best Matthews: 0.43432, Best Accuracy: 64.06250, Best Loss: 0.029416574 at epoch 18
Time Elasped: 00:09:56
========= Epoch 37 =========
181/363: Matthews 0.42083, Accuracy: 62.50000, Loss: 0.026043321
362/363: Matthews 0.40766, Accuracy: 60.93750, Loss: 0.025226201
 
Best Matthews: 0.43432, Best Accuracy: 64.06250, Best Loss: 0.029416574 at epoch 18
Time Elasped: 00:10:12
========= Epoch 38 =========
181/363: Matthews 0.42083, Accuracy: 62.50000, Loss: 0.026271433
362/363: Matthews 0.42083, Accuracy: 62.50000, Loss: 0.025857933
 
Best Matthews: 0.43432, Best Accuracy: 64.06250, Best Loss: 0.029416574 at epoch 18
Time Elasped: 00:10:28
========= Epoch 39 =========
Early Stopping activated
 
Best Matthews: 0.43432, Best Accuracy: 64.06250, Best Loss: 0.029416574 at epoch 18
Time Elasped: 00:10:38
Test Set:
0/0: Matthews 0.50515, Accuracy: 70.44118, Loss: 0.002015423
