Namespace(batch_size=32, buffer_size=1, by_source=False, crop_pad_length=30, data='./acceptability_corpus/verb_classes_cola/there', data_type='discriminator', dropout=0.5, embedding='glove.6B.300d', embedding_path='/scratch/asw462/models/elmo_encoder/elmo.emb', embedding_size=217, encoder_num_layers=2, encoder_path='/scratch/asw462/models/elmo_encoder/elmo.pth', encoding_size=528, encoding_type='lstm_pooling_classifier', epochs=1000, evaluate_train=False, experiment_name='experiment_linear_classifier_h_89_l_2_lr_0.0000_e_217_do_0.5', glove=False, gpu=True, hidden_size=89, imbalance=True, learning_rate=2e-05, lm_path=None, logs_dir='/scratch/asw462/logs/verb_classes_cola/there', max_pool=False, model='linear_classifier', num_layers=2, output_dir='/scratch/asw462/logs/verb_classes_cola/outputs/there', patience=20, preprocess_tokenizer='space', prints_per_stage=1, resume=True, resume_file=None, save_loc='/scratch/asw462/models/verb_classes_cola/there', seed=1111, should_not_log=False, should_not_lowercase=False, should_not_preprocess_data=False, stages_per_epoch=2, train_embeddings=False, train_evaluate_interval=10, vocab_file='/scratch/asw462/data/vocab_100k.tsv')
======== General =======
Model: linear_classifier
GPU: True
Experiment Name: experiment_linear_classifier_h_89_l_2_lr_0.0000_e_217_do_0.5
Save location: /scratch/asw462/models/verb_classes_cola/there
Logs dir: /scratch/asw462/logs/verb_classes_cola/there
Timestamp: 2018/08/01 22:24:34
 
======== Data =======
Training set: 11603 examples
Validation set: 192 examples
Test set: 680 examples
 
======= Parameters =======
Learning Rate: 0.000020
Batch Size: 32
Epochs: 1000
Patience: 20
Stages per Epoch: 2
Embedding: 100004 x 217
Number of layers: 2
Hidden Size: 89
Encoder Size: 528
Resume: True
 
======= Model =======
LinearClassifierWithEncoder(
  (model): LinearClassifier(
    (dropout): Dropout(p=0.5)
    (enc2h): Linear(in_features=1056, out_features=89, bias=True)
    (h20): Linear(in_features=89, out_features=1, bias=True)
    (sigmoid): Sigmoid()
    (tanh): Tanh()
    (softmax): Softmax()
  )
  (encoder): LSTMPoolingClassifierWithELMo(
    (elmo): ELMOClassifier(
      (lm): LSTMLanguageModel(
        (dropout): Dropout(p=0.2)
        (embedding): Embedding(100003, 217)
        (lstm): LSTM(217, 891, num_layers=2, dropout=0.2)
        (fc): Linear(in_features=891, out_features=100003, bias=True)
      )
      (lstms): ModuleList(
        (0): LSTM(217, 891, batch_first=True)
        (1): LSTM(891, 891, batch_first=True)
      )
      (dropout): Dropout(p=0.2)
      (linear_comb): Linear(in_features=2, out_features=1, bias=True)
      (fc1): Linear(in_features=891, out_features=528, bias=True)
      (relu): ReLU()
      (out): Linear(in_features=528, out_features=1, bias=True)
      (sigmoid): Sigmoid()
    )
    (pooling_classifier): LSTMPoolingClassifier(
      (ih2h): LSTM(891, 528, num_layers=3, batch_first=True, dropout=0.2, bidirectional=True)
      (pool2o): Linear(in_features=1056, out_features=1, bias=True)
      (sigmoid): Sigmoid()
      (softmax): Softmax()
      (dropout): Dropout(p=0.2)
    )
  )
)
 
========= Epoch 1 =========
181/363: Matthews 0.29600, Accuracy: 65.62500, Loss: 0.051810582
362/363: Matthews 0.30050, Accuracy: 60.93750, Loss: 0.047584906
 
Best Matthews: 0.30050, Best Accuracy: 60.93750, Best Loss: 0.047584906 at epoch 1
Time Elasped: 00:00:26
========= Epoch 2 =========
181/363: Matthews 0.31309, Accuracy: 60.41667, Loss: 0.045116787
362/363: Matthews 0.32602, Accuracy: 59.89583, Loss: 0.043698619
 
Best Matthews: 0.32602, Best Accuracy: 59.89583, Best Loss: 0.043698619 at epoch 2
Time Elasped: 00:00:48
========= Epoch 3 =========
181/363: Matthews 0.32138, Accuracy: 59.37500, Loss: 0.042025357
362/363: Matthews 0.33069, Accuracy: 60.41667, Loss: 0.041603252
 
Best Matthews: 0.33069, Best Accuracy: 60.41667, Best Loss: 0.041603252 at epoch 3
Time Elasped: 00:01:08
========= Epoch 4 =========
181/363: Matthews 0.37103, Accuracy: 60.93750, Loss: 0.040111800
362/363: Matthews 0.37558, Accuracy: 61.45833, Loss: 0.039510747
 
Best Matthews: 0.37558, Best Accuracy: 61.45833, Best Loss: 0.039510747 at epoch 4
Time Elasped: 00:01:29
========= Epoch 5 =========
181/363: Matthews 0.37558, Accuracy: 61.45833, Loss: 0.038995820
362/363: Matthews 0.37558, Accuracy: 61.45833, Loss: 0.038787867
 
Best Matthews: 0.37558, Best Accuracy: 61.45833, Best Loss: 0.039510747 at epoch 4
Time Elasped: 00:01:47
========= Epoch 6 =========
181/363: Matthews 0.39904, Accuracy: 59.89583, Loss: 0.037158976
362/363: Matthews 0.42529, Accuracy: 63.02083, Loss: 0.037653158
 
Best Matthews: 0.42529, Best Accuracy: 63.02083, Best Loss: 0.037653158 at epoch 6
Time Elasped: 00:02:09
========= Epoch 7 =========
181/363: Matthews 0.42083, Accuracy: 62.50000, Loss: 0.036590335
362/363: Matthews 0.42529, Accuracy: 63.02083, Loss: 0.035952876
 
Best Matthews: 0.42529, Best Accuracy: 63.02083, Best Loss: 0.037653158 at epoch 6
Time Elasped: 00:02:27
========= Epoch 8 =========
181/363: Matthews 0.41640, Accuracy: 61.97917, Loss: 0.035002023
362/363: Matthews 0.41640, Accuracy: 61.97917, Loss: 0.035134417
 
Best Matthews: 0.42529, Best Accuracy: 63.02083, Best Loss: 0.037653158 at epoch 6
Time Elasped: 00:02:45
========= Epoch 9 =========
181/363: Matthews 0.42529, Accuracy: 63.02083, Loss: 0.036006654
362/363: Matthews 0.41640, Accuracy: 61.97917, Loss: 0.034208059
 
Best Matthews: 0.42529, Best Accuracy: 63.02083, Best Loss: 0.037653158 at epoch 6
Time Elasped: 00:03:04
========= Epoch 10 =========
181/363: Matthews 0.41640, Accuracy: 61.97917, Loss: 0.034075593
362/363: Matthews 0.43432, Accuracy: 64.06250, Loss: 0.034797462
 
Best Matthews: 0.43432, Best Accuracy: 64.06250, Best Loss: 0.034797462 at epoch 10
Time Elasped: 00:03:24
========= Epoch 11 =========
181/363: Matthews 0.42083, Accuracy: 62.50000, Loss: 0.033400461
362/363: Matthews 0.41640, Accuracy: 61.97917, Loss: 0.032803322
 
Best Matthews: 0.43432, Best Accuracy: 64.06250, Best Loss: 0.034797462 at epoch 10
Time Elasped: 00:03:42
========= Epoch 12 =========
181/363: Matthews 0.41640, Accuracy: 61.97917, Loss: 0.033024371
362/363: Matthews 0.41640, Accuracy: 61.97917, Loss: 0.032403409
 
Best Matthews: 0.43432, Best Accuracy: 64.06250, Best Loss: 0.034797462 at epoch 10
Time Elasped: 00:04:00
========= Epoch 13 =========
181/363: Matthews 0.41640, Accuracy: 61.97917, Loss: 0.031856810
362/363: Matthews 0.42083, Accuracy: 62.50000, Loss: 0.032123034
 
Best Matthews: 0.43432, Best Accuracy: 64.06250, Best Loss: 0.034797462 at epoch 10
Time Elasped: 00:04:19
========= Epoch 14 =========
181/363: Matthews 0.42978, Accuracy: 63.54167, Loss: 0.032026832
362/363: Matthews 0.41201, Accuracy: 61.45833, Loss: 0.030505190
 
Best Matthews: 0.43432, Best Accuracy: 64.06250, Best Loss: 0.034797462 at epoch 10
Time Elasped: 00:04:37
========= Epoch 15 =========
181/363: Matthews 0.41640, Accuracy: 61.97917, Loss: 0.030636619
362/363: Matthews 0.42083, Accuracy: 62.50000, Loss: 0.030995158
 
Best Matthews: 0.43432, Best Accuracy: 64.06250, Best Loss: 0.034797462 at epoch 10
Time Elasped: 00:04:56
========= Epoch 16 =========
181/363: Matthews 0.41640, Accuracy: 61.97917, Loss: 0.030388946
362/363: Matthews 0.41640, Accuracy: 61.97917, Loss: 0.030315349
 
Best Matthews: 0.43432, Best Accuracy: 64.06250, Best Loss: 0.034797462 at epoch 10
Time Elasped: 00:05:14
========= Epoch 17 =========
181/363: Matthews 0.42083, Accuracy: 62.50000, Loss: 0.030336301
362/363: Matthews 0.41640, Accuracy: 61.97917, Loss: 0.029933694
 
Best Matthews: 0.43432, Best Accuracy: 64.06250, Best Loss: 0.034797462 at epoch 10
Time Elasped: 00:05:32
========= Epoch 18 =========
181/363: Matthews 0.42978, Accuracy: 63.54167, Loss: 0.030221676
362/363: Matthews 0.41640, Accuracy: 61.97917, Loss: 0.029580412
 
Best Matthews: 0.43432, Best Accuracy: 64.06250, Best Loss: 0.034797462 at epoch 10
Time Elasped: 00:05:51
========= Epoch 19 =========
181/363: Matthews 0.41201, Accuracy: 61.45833, Loss: 0.028748979
362/363: Matthews 0.43432, Accuracy: 64.06250, Loss: 0.030197459
 
Best Matthews: 0.43432, Best Accuracy: 64.06250, Best Loss: 0.034797462 at epoch 10
Time Elasped: 00:06:09
========= Epoch 20 =========
181/363: Matthews 0.42529, Accuracy: 63.02083, Loss: 0.029551432
362/363: Matthews 0.41201, Accuracy: 61.45833, Loss: 0.028492098
 
Best Matthews: 0.43432, Best Accuracy: 64.06250, Best Loss: 0.034797462 at epoch 10
Time Elasped: 00:06:27
========= Epoch 21 =========
181/363: Matthews 0.41640, Accuracy: 61.97917, Loss: 0.028495977
362/363: Matthews 0.42083, Accuracy: 62.50000, Loss: 0.028972000
 
Best Matthews: 0.43432, Best Accuracy: 64.06250, Best Loss: 0.034797462 at epoch 10
Time Elasped: 00:06:46
========= Epoch 22 =========
181/363: Matthews 0.41640, Accuracy: 61.97917, Loss: 0.028586040
362/363: Matthews 0.42083, Accuracy: 62.50000, Loss: 0.028504578
 
Best Matthews: 0.43432, Best Accuracy: 64.06250, Best Loss: 0.034797462 at epoch 10
Time Elasped: 00:07:04
========= Epoch 23 =========
181/363: Matthews 0.42083, Accuracy: 62.50000, Loss: 0.028015547
362/363: Matthews 0.42978, Accuracy: 63.54167, Loss: 0.028822872
 
Best Matthews: 0.43432, Best Accuracy: 64.06250, Best Loss: 0.034797462 at epoch 10
Time Elasped: 00:07:23
========= Epoch 24 =========
181/363: Matthews 0.42978, Accuracy: 63.54167, Loss: 0.028320844
362/363: Matthews 0.42083, Accuracy: 62.50000, Loss: 0.028113323
 
Best Matthews: 0.43432, Best Accuracy: 64.06250, Best Loss: 0.034797462 at epoch 10
Time Elasped: 00:07:41
========= Epoch 25 =========
181/363: Matthews 0.42529, Accuracy: 63.02083, Loss: 0.027979568
362/363: Matthews 0.42978, Accuracy: 63.54167, Loss: 0.028427603
 
Best Matthews: 0.43432, Best Accuracy: 64.06250, Best Loss: 0.034797462 at epoch 10
Time Elasped: 00:07:59
========= Epoch 26 =========
181/363: Matthews 0.42978, Accuracy: 63.54167, Loss: 0.028082992
362/363: Matthews 0.42978, Accuracy: 63.54167, Loss: 0.027868241
 
Best Matthews: 0.43432, Best Accuracy: 64.06250, Best Loss: 0.034797462 at epoch 10
Time Elasped: 00:08:18
========= Epoch 27 =========
181/363: Matthews 0.42083, Accuracy: 62.50000, Loss: 0.027849992
362/363: Matthews 0.42083, Accuracy: 62.50000, Loss: 0.027085046
 
Best Matthews: 0.43432, Best Accuracy: 64.06250, Best Loss: 0.034797462 at epoch 10
Time Elasped: 00:08:36
========= Epoch 28 =========
181/363: Matthews 0.42978, Accuracy: 63.54167, Loss: 0.027685041
362/363: Matthews 0.42083, Accuracy: 62.50000, Loss: 0.027218076
 
Best Matthews: 0.43432, Best Accuracy: 64.06250, Best Loss: 0.034797462 at epoch 10
Time Elasped: 00:08:54
========= Epoch 29 =========
181/363: Matthews 0.41640, Accuracy: 61.97917, Loss: 0.026994859
362/363: Matthews 0.42978, Accuracy: 63.54167, Loss: 0.027727132
 
Best Matthews: 0.43432, Best Accuracy: 64.06250, Best Loss: 0.034797462 at epoch 10
Time Elasped: 00:09:13
========= Epoch 30 =========
181/363: Matthews 0.42529, Accuracy: 63.02083, Loss: 0.027026437
362/363: Matthews 0.42978, Accuracy: 63.54167, Loss: 0.027206207
 
Best Matthews: 0.43432, Best Accuracy: 64.06250, Best Loss: 0.034797462 at epoch 10
Time Elasped: 00:09:31
========= Epoch 31 =========
Early Stopping activated
 
Best Matthews: 0.43432, Best Accuracy: 64.06250, Best Loss: 0.034797462 at epoch 10
Time Elasped: 00:09:42
Test Set:
0/0: Matthews 0.50133, Accuracy: 71.17647, Loss: 0.002200314
