Namespace(batch_size=32, buffer_size=1, by_source=False, crop_pad_length=30, data='./acceptability_corpus/verb_classes_cola/there', data_type='discriminator', dropout=0.5, embedding='glove.6B.300d', embedding_path='/scratch/asw462/models/elmo_encoder/elmo.emb', embedding_size=217, encoder_num_layers=2, encoder_path='/scratch/asw462/models/elmo_encoder/elmo.pth', encoding_size=528, encoding_type='lstm_pooling_classifier', epochs=1000, evaluate_train=False, experiment_name='experiment_linear_classifier_h_183_l_2_lr_0.0000_e_217_do_0.5', glove=False, gpu=True, hidden_size=183, imbalance=True, learning_rate=4e-05, lm_path=None, logs_dir='/scratch/asw462/logs/verb_classes_cola/there', max_pool=False, model='linear_classifier', num_layers=2, output_dir='/scratch/asw462/logs/verb_classes_cola/outputs/there', patience=20, preprocess_tokenizer='space', prints_per_stage=1, resume=True, resume_file=None, save_loc='/scratch/asw462/models/verb_classes_cola/there', seed=1111, should_not_log=False, should_not_lowercase=False, should_not_preprocess_data=False, stages_per_epoch=2, train_embeddings=False, train_evaluate_interval=10, vocab_file='/scratch/asw462/data/vocab_100k.tsv')
======== General =======
Model: linear_classifier
GPU: True
Experiment Name: experiment_linear_classifier_h_183_l_2_lr_0.0000_e_217_do_0.5
Save location: /scratch/asw462/models/verb_classes_cola/there
Logs dir: /scratch/asw462/logs/verb_classes_cola/there
Timestamp: 2018/08/01 22:12:19
 
======== Data =======
Training set: 11603 examples
Validation set: 192 examples
Test set: 680 examples
 
======= Parameters =======
Learning Rate: 0.000040
Batch Size: 32
Epochs: 1000
Patience: 20
Stages per Epoch: 2
Embedding: 100004 x 217
Number of layers: 2
Hidden Size: 183
Encoder Size: 528
Resume: True
 
======= Model =======
LinearClassifierWithEncoder(
  (model): LinearClassifier(
    (dropout): Dropout(p=0.5)
    (enc2h): Linear(in_features=1056, out_features=183, bias=True)
    (h20): Linear(in_features=183, out_features=1, bias=True)
    (sigmoid): Sigmoid()
    (tanh): Tanh()
    (softmax): Softmax()
  )
  (encoder): LSTMPoolingClassifierWithELMo(
    (elmo): ELMOClassifier(
      (lm): LSTMLanguageModel(
        (dropout): Dropout(p=0.2)
        (embedding): Embedding(100003, 217)
        (lstm): LSTM(217, 891, num_layers=2, dropout=0.2)
        (fc): Linear(in_features=891, out_features=100003, bias=True)
      )
      (lstms): ModuleList(
        (0): LSTM(217, 891, batch_first=True)
        (1): LSTM(891, 891, batch_first=True)
      )
      (dropout): Dropout(p=0.2)
      (linear_comb): Linear(in_features=2, out_features=1, bias=True)
      (fc1): Linear(in_features=891, out_features=528, bias=True)
      (relu): ReLU()
      (out): Linear(in_features=528, out_features=1, bias=True)
      (sigmoid): Sigmoid()
    )
    (pooling_classifier): LSTMPoolingClassifier(
      (ih2h): LSTM(891, 528, num_layers=3, batch_first=True, dropout=0.2, bidirectional=True)
      (pool2o): Linear(in_features=1056, out_features=1, bias=True)
      (sigmoid): Sigmoid()
      (softmax): Softmax()
      (dropout): Dropout(p=0.2)
    )
  )
)
 
========= Epoch 1 =========
181/363: Matthews 0.33235, Accuracy: 62.50000, Loss: 0.045598576
362/363: Matthews 0.33538, Accuracy: 60.93750, Loss: 0.042747815
 
Best Matthews: 0.33538, Best Accuracy: 60.93750, Best Loss: 0.042747815 at epoch 1
Time Elasped: 00:00:24
========= Epoch 2 =========
181/363: Matthews 0.37558, Accuracy: 61.45833, Loss: 0.040431266
362/363: Matthews 0.39367, Accuracy: 61.45833, Loss: 0.037266836
 
Best Matthews: 0.39367, Best Accuracy: 61.45833, Best Loss: 0.037266836 at epoch 2
Time Elasped: 00:00:43
========= Epoch 3 =========
181/363: Matthews 0.40766, Accuracy: 60.93750, Loss: 0.034124489
362/363: Matthews 0.42083, Accuracy: 62.50000, Loss: 0.034589405
 
Best Matthews: 0.42083, Best Accuracy: 62.50000, Best Loss: 0.034589405 at epoch 3
Time Elasped: 00:01:03
========= Epoch 4 =========
181/363: Matthews 0.41201, Accuracy: 61.45833, Loss: 0.032022720
362/363: Matthews 0.41640, Accuracy: 61.97917, Loss: 0.032092238
 
Best Matthews: 0.42083, Best Accuracy: 62.50000, Best Loss: 0.034589405 at epoch 3
Time Elasped: 00:01:19
========= Epoch 5 =========
181/363: Matthews 0.42083, Accuracy: 62.50000, Loss: 0.031454357
362/363: Matthews 0.41640, Accuracy: 61.97917, Loss: 0.030696700
 
Best Matthews: 0.42083, Best Accuracy: 62.50000, Best Loss: 0.034589405 at epoch 3
Time Elasped: 00:01:36
========= Epoch 6 =========
181/363: Matthews 0.42529, Accuracy: 63.02083, Loss: 0.030348415
362/363: Matthews 0.41640, Accuracy: 61.97917, Loss: 0.029357821
 
Best Matthews: 0.42529, Best Accuracy: 63.02083, Best Loss: 0.030348415 at epoch 6
Time Elasped: 00:01:54
========= Epoch 7 =========
181/363: Matthews 0.43432, Accuracy: 64.06250, Loss: 0.029768613
362/363: Matthews 0.42083, Accuracy: 62.50000, Loss: 0.028426468
 
Best Matthews: 0.43432, Best Accuracy: 64.06250, Best Loss: 0.029768613 at epoch 7
Time Elasped: 00:02:12
========= Epoch 8 =========
181/363: Matthews 0.42978, Accuracy: 63.54167, Loss: 0.028230210
362/363: Matthews 0.42083, Accuracy: 62.50000, Loss: 0.027533760
 
Best Matthews: 0.43432, Best Accuracy: 64.06250, Best Loss: 0.029768613 at epoch 7
Time Elasped: 00:02:28
========= Epoch 9 =========
181/363: Matthews 0.42529, Accuracy: 63.02083, Loss: 0.027838719
362/363: Matthews 0.43432, Accuracy: 64.06250, Loss: 0.028624706
 
Best Matthews: 0.43432, Best Accuracy: 64.06250, Best Loss: 0.029768613 at epoch 7
Time Elasped: 00:02:45
========= Epoch 10 =========
181/363: Matthews 0.41201, Accuracy: 61.45833, Loss: 0.026734933
362/363: Matthews 0.42978, Accuracy: 63.54167, Loss: 0.027273712
 
Best Matthews: 0.43432, Best Accuracy: 64.06250, Best Loss: 0.029768613 at epoch 7
Time Elasped: 00:03:01
========= Epoch 11 =========
181/363: Matthews 0.41640, Accuracy: 61.97917, Loss: 0.027017725
362/363: Matthews 0.41201, Accuracy: 61.45833, Loss: 0.025683145
 
Best Matthews: 0.43432, Best Accuracy: 64.06250, Best Loss: 0.029768613 at epoch 7
Time Elasped: 00:03:18
========= Epoch 12 =========
181/363: Matthews 0.42978, Accuracy: 63.54167, Loss: 0.026315021
362/363: Matthews 0.40766, Accuracy: 60.93750, Loss: 0.024646558
 
Best Matthews: 0.43432, Best Accuracy: 64.06250, Best Loss: 0.029768613 at epoch 7
Time Elasped: 00:03:34
========= Epoch 13 =========
181/363: Matthews 0.41640, Accuracy: 61.97917, Loss: 0.024918288
362/363: Matthews 0.41640, Accuracy: 61.97917, Loss: 0.025268242
 
Best Matthews: 0.43432, Best Accuracy: 64.06250, Best Loss: 0.029768613 at epoch 7
Time Elasped: 00:03:51
========= Epoch 14 =========
181/363: Matthews 0.43432, Accuracy: 64.06250, Loss: 0.025567775
362/363: Matthews 0.42978, Accuracy: 63.54167, Loss: 0.025692855
 
Best Matthews: 0.43432, Best Accuracy: 64.06250, Best Loss: 0.029768613 at epoch 7
Time Elasped: 00:04:07
========= Epoch 15 =========
181/363: Matthews 0.42978, Accuracy: 63.54167, Loss: 0.025587698
362/363: Matthews 0.41640, Accuracy: 61.97917, Loss: 0.024971329
 
Best Matthews: 0.43432, Best Accuracy: 64.06250, Best Loss: 0.029768613 at epoch 7
Time Elasped: 00:04:24
========= Epoch 16 =========
181/363: Matthews 0.42978, Accuracy: 63.54167, Loss: 0.026210591
362/363: Matthews 0.40766, Accuracy: 60.93750, Loss: 0.024356261
 
Best Matthews: 0.43432, Best Accuracy: 64.06250, Best Loss: 0.029768613 at epoch 7
Time Elasped: 00:04:40
========= Epoch 17 =========
181/363: Matthews 0.42083, Accuracy: 62.50000, Loss: 0.025197571
362/363: Matthews 0.40333, Accuracy: 60.41667, Loss: 0.023736109
 
Best Matthews: 0.43432, Best Accuracy: 64.06250, Best Loss: 0.029768613 at epoch 7
Time Elasped: 00:04:57
========= Epoch 18 =========
181/363: Matthews 0.40333, Accuracy: 60.41667, Loss: 0.023551233
362/363: Matthews 0.43889, Accuracy: 64.58333, Loss: 0.026734119
 
Best Matthews: 0.43889, Best Accuracy: 64.58333, Best Loss: 0.026734119 at epoch 18
Time Elasped: 00:05:14
========= Epoch 19 =========
181/363: Matthews 0.41640, Accuracy: 61.97917, Loss: 0.024799332
362/363: Matthews 0.42978, Accuracy: 63.54167, Loss: 0.025786420
 
Best Matthews: 0.43889, Best Accuracy: 64.58333, Best Loss: 0.026734119 at epoch 18
Time Elasped: 00:05:31
========= Epoch 20 =========
181/363: Matthews 0.42083, Accuracy: 62.50000, Loss: 0.023759772
362/363: Matthews 0.41640, Accuracy: 61.97917, Loss: 0.023814119
 
Best Matthews: 0.43889, Best Accuracy: 64.58333, Best Loss: 0.026734119 at epoch 18
Time Elasped: 00:05:47
========= Epoch 21 =========
181/363: Matthews 0.42978, Accuracy: 63.54167, Loss: 0.025248043
362/363: Matthews 0.42978, Accuracy: 63.54167, Loss: 0.025067930
 
Best Matthews: 0.43889, Best Accuracy: 64.58333, Best Loss: 0.026734119 at epoch 18
Time Elasped: 00:06:04
========= Epoch 22 =========
181/363: Matthews 0.41640, Accuracy: 61.97917, Loss: 0.023538431
362/363: Matthews 0.41640, Accuracy: 61.97917, Loss: 0.023534906
 
Best Matthews: 0.43889, Best Accuracy: 64.58333, Best Loss: 0.026734119 at epoch 18
Time Elasped: 00:06:20
========= Epoch 23 =========
181/363: Matthews 0.41201, Accuracy: 61.45833, Loss: 0.023139740
362/363: Matthews 0.40333, Accuracy: 60.41667, Loss: 0.022269818
 
Best Matthews: 0.43889, Best Accuracy: 64.58333, Best Loss: 0.026734119 at epoch 18
Time Elasped: 00:06:37
========= Epoch 24 =========
181/363: Matthews 0.42978, Accuracy: 63.54167, Loss: 0.024278596
362/363: Matthews 0.42083, Accuracy: 62.50000, Loss: 0.023124613
 
Best Matthews: 0.43889, Best Accuracy: 64.58333, Best Loss: 0.026734119 at epoch 18
Time Elasped: 00:06:53
========= Epoch 25 =========
181/363: Matthews 0.42083, Accuracy: 62.50000, Loss: 0.023683848
362/363: Matthews 0.41640, Accuracy: 61.97917, Loss: 0.023008130
 
Best Matthews: 0.43889, Best Accuracy: 64.58333, Best Loss: 0.026734119 at epoch 18
Time Elasped: 00:07:10
========= Epoch 26 =========
181/363: Matthews 0.42083, Accuracy: 62.50000, Loss: 0.023144923
362/363: Matthews 0.41201, Accuracy: 61.45833, Loss: 0.022848750
 
Best Matthews: 0.43889, Best Accuracy: 64.58333, Best Loss: 0.026734119 at epoch 18
Time Elasped: 00:07:26
========= Epoch 27 =========
181/363: Matthews 0.42529, Accuracy: 63.02083, Loss: 0.023009690
362/363: Matthews 0.42083, Accuracy: 62.50000, Loss: 0.023508504
 
Best Matthews: 0.43889, Best Accuracy: 64.58333, Best Loss: 0.026734119 at epoch 18
Time Elasped: 00:07:43
========= Epoch 28 =========
181/363: Matthews 0.43889, Accuracy: 64.58333, Loss: 0.024922505
362/363: Matthews 0.42083, Accuracy: 62.50000, Loss: 0.022974504
 
Best Matthews: 0.43889, Best Accuracy: 64.58333, Best Loss: 0.026734119 at epoch 18
Time Elasped: 00:07:59
========= Epoch 29 =========
181/363: Matthews 0.42529, Accuracy: 63.02083, Loss: 0.023731033
362/363: Matthews 0.43889, Accuracy: 64.58333, Loss: 0.024429848
 
Best Matthews: 0.43889, Best Accuracy: 64.58333, Best Loss: 0.026734119 at epoch 18
Time Elasped: 00:08:16
========= Epoch 30 =========
181/363: Matthews 0.41640, Accuracy: 61.97917, Loss: 0.022604113
362/363: Matthews 0.42529, Accuracy: 63.02083, Loss: 0.023675849
 
Best Matthews: 0.43889, Best Accuracy: 64.58333, Best Loss: 0.026734119 at epoch 18
Time Elasped: 00:08:32
========= Epoch 31 =========
181/363: Matthews 0.42529, Accuracy: 63.02083, Loss: 0.023314402
362/363: Matthews 0.42529, Accuracy: 63.02083, Loss: 0.023594208
 
Best Matthews: 0.43889, Best Accuracy: 64.58333, Best Loss: 0.026734119 at epoch 18
Time Elasped: 00:08:49
========= Epoch 32 =========
181/363: Matthews 0.42529, Accuracy: 63.02083, Loss: 0.023916264
362/363: Matthews 0.42083, Accuracy: 62.50000, Loss: 0.023259250
 
Best Matthews: 0.43889, Best Accuracy: 64.58333, Best Loss: 0.026734119 at epoch 18
Time Elasped: 00:09:05
========= Epoch 33 =========
181/363: Matthews 0.39478, Accuracy: 59.37500, Loss: 0.020973548
362/363: Matthews 0.42083, Accuracy: 62.50000, Loss: 0.023191447
 
Best Matthews: 0.43889, Best Accuracy: 64.58333, Best Loss: 0.026734119 at epoch 18
Time Elasped: 00:09:22
========= Epoch 34 =========
181/363: Matthews 0.42529, Accuracy: 63.02083, Loss: 0.023359448
362/363: Matthews 0.42083, Accuracy: 62.50000, Loss: 0.022907098
 
Best Matthews: 0.43889, Best Accuracy: 64.58333, Best Loss: 0.026734119 at epoch 18
Time Elasped: 00:09:38
========= Epoch 35 =========
181/363: Matthews 0.41201, Accuracy: 61.45833, Loss: 0.022050867
362/363: Matthews 0.42083, Accuracy: 62.50000, Loss: 0.023424258
 
Best Matthews: 0.43889, Best Accuracy: 64.58333, Best Loss: 0.026734119 at epoch 18
Time Elasped: 00:09:55
========= Epoch 36 =========
181/363: Matthews 0.43889, Accuracy: 64.58333, Loss: 0.024759392
362/363: Matthews 0.43889, Accuracy: 64.58333, Loss: 0.024839317
 
Best Matthews: 0.43889, Best Accuracy: 64.58333, Best Loss: 0.026734119 at epoch 18
Time Elasped: 00:10:11
========= Epoch 37 =========
181/363: Matthews 0.41201, Accuracy: 61.45833, Loss: 0.022990401
362/363: Matthews 0.41648, Accuracy: 64.06250, Loss: 0.025228843
 
Best Matthews: 0.43889, Best Accuracy: 64.58333, Best Loss: 0.026734119 at epoch 18
Time Elasped: 00:10:28
========= Epoch 38 =========
181/363: Matthews 0.42083, Accuracy: 62.50000, Loss: 0.023697684
362/363: Matthews 0.42529, Accuracy: 63.02083, Loss: 0.023079862
 
Best Matthews: 0.43889, Best Accuracy: 64.58333, Best Loss: 0.026734119 at epoch 18
Time Elasped: 00:10:44
========= Epoch 39 =========
Early Stopping activated
 
Best Matthews: 0.43889, Best Accuracy: 64.58333, Best Loss: 0.026734119 at epoch 18
Time Elasped: 00:10:54
Test Set:
0/0: Matthews 0.51862, Accuracy: 72.05882, Loss: 0.001909558
