Namespace(batch_size=32, buffer_size=1, by_source=False, crop_pad_length=30, data='./acceptability_corpus/verb_classes_cola/there', data_type='discriminator', dropout=0.2, embedding='glove.6B.300d', embedding_path='/scratch/asw462/models/elmo_encoder/elmo.emb', embedding_size=217, encoder_num_layers=2, encoder_path='/scratch/asw462/models/elmo_encoder/elmo.pth', encoding_size=528, encoding_type='lstm_pooling_classifier', epochs=1000, evaluate_train=False, experiment_name='experiment_linear_classifier_h_123_l_3_lr_0.0001_e_217_do_0.2', glove=False, gpu=True, hidden_size=123, imbalance=True, learning_rate=8e-05, lm_path=None, logs_dir='/scratch/asw462/logs/verb_classes_cola/there', max_pool=False, model='linear_classifier', num_layers=3, output_dir='/scratch/asw462/logs/verb_classes_cola/outputs/there', patience=20, preprocess_tokenizer='space', prints_per_stage=1, resume=True, resume_file=None, save_loc='/scratch/asw462/models/verb_classes_cola/there', seed=1111, should_not_log=False, should_not_lowercase=False, should_not_preprocess_data=False, stages_per_epoch=2, train_embeddings=False, train_evaluate_interval=10, vocab_file='/scratch/asw462/data/vocab_100k.tsv')
======== General =======
Model: linear_classifier
GPU: True
Experiment Name: experiment_linear_classifier_h_123_l_3_lr_0.0001_e_217_do_0.2
Save location: /scratch/asw462/models/verb_classes_cola/there
Logs dir: /scratch/asw462/logs/verb_classes_cola/there
Timestamp: 2018/08/01 22:19:25
 
======== Data =======
Training set: 11603 examples
Validation set: 192 examples
Test set: 680 examples
 
======= Parameters =======
Learning Rate: 0.000080
Batch Size: 32
Epochs: 1000
Patience: 20
Stages per Epoch: 2
Embedding: 100004 x 217
Number of layers: 3
Hidden Size: 123
Encoder Size: 528
Resume: True
 
======= Model =======
LinearClassifierWithEncoder(
  (model): LinearClassifier(
    (dropout): Dropout(p=0.2)
    (enc2h): Linear(in_features=1056, out_features=123, bias=True)
    (h20): Linear(in_features=123, out_features=1, bias=True)
    (sigmoid): Sigmoid()
    (tanh): Tanh()
    (softmax): Softmax()
  )
  (encoder): LSTMPoolingClassifierWithELMo(
    (elmo): ELMOClassifier(
      (lm): LSTMLanguageModel(
        (dropout): Dropout(p=0.2)
        (embedding): Embedding(100003, 217)
        (lstm): LSTM(217, 891, num_layers=2, dropout=0.2)
        (fc): Linear(in_features=891, out_features=100003, bias=True)
      )
      (lstms): ModuleList(
        (0): LSTM(217, 891, batch_first=True)
        (1): LSTM(891, 891, batch_first=True)
      )
      (dropout): Dropout(p=0.2)
      (linear_comb): Linear(in_features=2, out_features=1, bias=True)
      (fc1): Linear(in_features=891, out_features=528, bias=True)
      (relu): ReLU()
      (out): Linear(in_features=528, out_features=1, bias=True)
      (sigmoid): Sigmoid()
    )
    (pooling_classifier): LSTMPoolingClassifier(
      (ih2h): LSTM(891, 528, num_layers=3, batch_first=True, dropout=0.2, bidirectional=True)
      (pool2o): Linear(in_features=1056, out_features=1, bias=True)
      (sigmoid): Sigmoid()
      (softmax): Softmax()
      (dropout): Dropout(p=0.2)
    )
  )
)
 
========= Epoch 1 =========
181/363: Matthews 0.30835, Accuracy: 59.89583, Loss: 0.042414467
362/363: Matthews 0.39816, Accuracy: 61.97917, Loss: 0.038307021
 
Best Matthews: 0.39816, Best Accuracy: 61.97917, Best Loss: 0.038307021 at epoch 1
Time Elasped: 00:00:28
========= Epoch 2 =========
181/363: Matthews 0.41201, Accuracy: 61.45833, Loss: 0.034922719
362/363: Matthews 0.42083, Accuracy: 62.50000, Loss: 0.033169190
 
Best Matthews: 0.42083, Best Accuracy: 62.50000, Best Loss: 0.033169190 at epoch 2
Time Elasped: 00:00:52
========= Epoch 3 =========
181/363: Matthews 0.41640, Accuracy: 61.97917, Loss: 0.033512319
362/363: Matthews 0.42529, Accuracy: 63.02083, Loss: 0.031151424
 
Best Matthews: 0.42529, Best Accuracy: 63.02083, Best Loss: 0.031151424 at epoch 3
Time Elasped: 00:01:11
========= Epoch 4 =========
181/363: Matthews 0.40333, Accuracy: 60.41667, Loss: 0.028383769
362/363: Matthews 0.42083, Accuracy: 62.50000, Loss: 0.029485042
 
Best Matthews: 0.42529, Best Accuracy: 63.02083, Best Loss: 0.031151424 at epoch 3
Time Elasped: 00:01:29
========= Epoch 5 =========
181/363: Matthews 0.42978, Accuracy: 63.54167, Loss: 0.030736715
362/363: Matthews 0.42529, Accuracy: 63.02083, Loss: 0.028811239
 
Best Matthews: 0.42978, Best Accuracy: 63.54167, Best Loss: 0.030736715 at epoch 5
Time Elasped: 00:01:49
========= Epoch 6 =========
181/363: Matthews 0.42083, Accuracy: 62.50000, Loss: 0.028413157
362/363: Matthews 0.40766, Accuracy: 60.93750, Loss: 0.027000745
 
Best Matthews: 0.42978, Best Accuracy: 63.54167, Best Loss: 0.030736715 at epoch 5
Time Elasped: 00:02:07
========= Epoch 7 =========
181/363: Matthews 0.42978, Accuracy: 63.54167, Loss: 0.030174288
362/363: Matthews 0.41201, Accuracy: 61.45833, Loss: 0.027226940
 
Best Matthews: 0.42978, Best Accuracy: 63.54167, Best Loss: 0.030736715 at epoch 5
Time Elasped: 00:02:25
========= Epoch 8 =========
181/363: Matthews 0.42978, Accuracy: 63.54167, Loss: 0.027534847
362/363: Matthews 0.41201, Accuracy: 61.45833, Loss: 0.026357810
 
Best Matthews: 0.42978, Best Accuracy: 63.54167, Best Loss: 0.030736715 at epoch 5
Time Elasped: 00:02:44
========= Epoch 9 =========
181/363: Matthews 0.42529, Accuracy: 63.02083, Loss: 0.026350444
362/363: Matthews 0.42978, Accuracy: 63.54167, Loss: 0.027759286
 
Best Matthews: 0.42978, Best Accuracy: 63.54167, Best Loss: 0.030736715 at epoch 5
Time Elasped: 00:03:02
========= Epoch 10 =========
181/363: Matthews 0.42978, Accuracy: 63.54167, Loss: 0.026617284
362/363: Matthews 0.41201, Accuracy: 61.45833, Loss: 0.026125133
 
Best Matthews: 0.42978, Best Accuracy: 63.54167, Best Loss: 0.030736715 at epoch 5
Time Elasped: 00:03:20
========= Epoch 11 =========
181/363: Matthews 0.42529, Accuracy: 63.02083, Loss: 0.026837637
362/363: Matthews 0.41201, Accuracy: 61.45833, Loss: 0.025270251
 
Best Matthews: 0.42978, Best Accuracy: 63.54167, Best Loss: 0.030736715 at epoch 5
Time Elasped: 00:03:38
========= Epoch 12 =========
181/363: Matthews 0.41648, Accuracy: 64.06250, Loss: 0.026692085
362/363: Matthews 0.42978, Accuracy: 63.54167, Loss: 0.025109403
 
Best Matthews: 0.42978, Best Accuracy: 63.54167, Best Loss: 0.030736715 at epoch 5
Time Elasped: 00:03:56
========= Epoch 13 =========
181/363: Matthews 0.40268, Accuracy: 62.50000, Loss: 0.025865565
362/363: Matthews 0.42529, Accuracy: 63.02083, Loss: 0.025857608
 
Best Matthews: 0.42978, Best Accuracy: 63.54167, Best Loss: 0.030736715 at epoch 5
Time Elasped: 00:04:15
========= Epoch 14 =========
181/363: Matthews 0.42529, Accuracy: 63.02083, Loss: 0.024498867
362/363: Matthews 0.41640, Accuracy: 61.97917, Loss: 0.024195408
 
Best Matthews: 0.42978, Best Accuracy: 63.54167, Best Loss: 0.030736715 at epoch 5
Time Elasped: 00:04:33
========= Epoch 15 =========
181/363: Matthews 0.41201, Accuracy: 61.45833, Loss: 0.022949241
362/363: Matthews 0.41640, Accuracy: 61.97917, Loss: 0.024236401
 
Best Matthews: 0.42978, Best Accuracy: 63.54167, Best Loss: 0.030736715 at epoch 5
Time Elasped: 00:04:51
========= Epoch 16 =========
181/363: Matthews 0.40724, Accuracy: 63.02083, Loss: 0.025382936
362/363: Matthews 0.42978, Accuracy: 63.54167, Loss: 0.024881492
 
Best Matthews: 0.42978, Best Accuracy: 63.54167, Best Loss: 0.030736715 at epoch 5
Time Elasped: 00:05:09
========= Epoch 17 =========
181/363: Matthews 0.41201, Accuracy: 61.45833, Loss: 0.023171420
362/363: Matthews 0.42083, Accuracy: 62.50000, Loss: 0.022478357
 
Best Matthews: 0.42978, Best Accuracy: 63.54167, Best Loss: 0.030736715 at epoch 5
Time Elasped: 00:05:27
========= Epoch 18 =========
181/363: Matthews 0.42115, Accuracy: 64.58333, Loss: 0.026534170
362/363: Matthews 0.42083, Accuracy: 62.50000, Loss: 0.023017200
 
Best Matthews: 0.42978, Best Accuracy: 63.54167, Best Loss: 0.030736715 at epoch 5
Time Elasped: 00:05:46
========= Epoch 19 =========
181/363: Matthews 0.41640, Accuracy: 61.97917, Loss: 0.022727142
362/363: Matthews 0.41201, Accuracy: 61.45833, Loss: 0.023742830
 
Best Matthews: 0.42978, Best Accuracy: 63.54167, Best Loss: 0.030736715 at epoch 5
Time Elasped: 00:06:04
========= Epoch 20 =========
181/363: Matthews 0.42115, Accuracy: 64.58333, Loss: 0.024908458
362/363: Matthews 0.42978, Accuracy: 63.54167, Loss: 0.024493198
 
Best Matthews: 0.42978, Best Accuracy: 63.54167, Best Loss: 0.030736715 at epoch 5
Time Elasped: 00:06:22
========= Epoch 21 =========
181/363: Matthews 0.42529, Accuracy: 63.02083, Loss: 0.023644927
362/363: Matthews 0.40766, Accuracy: 60.93750, Loss: 0.022570739
 
Best Matthews: 0.42978, Best Accuracy: 63.54167, Best Loss: 0.030736715 at epoch 5
Time Elasped: 00:06:40
========= Epoch 22 =========
181/363: Matthews 0.42529, Accuracy: 63.02083, Loss: 0.023633562
362/363: Matthews 0.43889, Accuracy: 64.58333, Loss: 0.024752806
 
Best Matthews: 0.43889, Best Accuracy: 64.58333, Best Loss: 0.024752806 at epoch 22
Time Elasped: 00:07:01
========= Epoch 23 =========
181/363: Matthews 0.42529, Accuracy: 63.02083, Loss: 0.023994314
362/363: Matthews 0.42529, Accuracy: 63.02083, Loss: 0.023026052
 
Best Matthews: 0.43889, Best Accuracy: 64.58333, Best Loss: 0.024752806 at epoch 22
Time Elasped: 00:07:19
========= Epoch 24 =========
181/363: Matthews 0.42529, Accuracy: 63.02083, Loss: 0.022463873
362/363: Matthews 0.41640, Accuracy: 61.97917, Loss: 0.023048028
 
Best Matthews: 0.43889, Best Accuracy: 64.58333, Best Loss: 0.024752806 at epoch 22
Time Elasped: 00:07:37
========= Epoch 25 =========
181/363: Matthews 0.43432, Accuracy: 64.06250, Loss: 0.023593903
362/363: Matthews 0.42083, Accuracy: 62.50000, Loss: 0.022578175
 
Best Matthews: 0.43889, Best Accuracy: 64.58333, Best Loss: 0.024752806 at epoch 22
Time Elasped: 00:07:55
========= Epoch 26 =========
181/363: Matthews 0.40724, Accuracy: 63.02083, Loss: 0.024109294
362/363: Matthews 0.41648, Accuracy: 64.06250, Loss: 0.024919212
 
Best Matthews: 0.43889, Best Accuracy: 64.58333, Best Loss: 0.024752806 at epoch 22
Time Elasped: 00:08:13
========= Epoch 27 =========
181/363: Matthews 0.42529, Accuracy: 63.02083, Loss: 0.023119152
362/363: Matthews 0.42083, Accuracy: 62.50000, Loss: 0.022722224
 
Best Matthews: 0.43889, Best Accuracy: 64.58333, Best Loss: 0.024752806 at epoch 22
Time Elasped: 00:08:32
========= Epoch 28 =========
181/363: Matthews 0.41201, Accuracy: 61.45833, Loss: 0.021137049
362/363: Matthews 0.42083, Accuracy: 62.50000, Loss: 0.022886639
 
Best Matthews: 0.43889, Best Accuracy: 64.58333, Best Loss: 0.024752806 at epoch 22
Time Elasped: 00:08:50
========= Epoch 29 =========
181/363: Matthews 0.41201, Accuracy: 61.45833, Loss: 0.022954625
362/363: Matthews 0.42978, Accuracy: 63.54167, Loss: 0.022790343
 
Best Matthews: 0.43889, Best Accuracy: 64.58333, Best Loss: 0.024752806 at epoch 22
Time Elasped: 00:09:08
========= Epoch 30 =========
181/363: Matthews 0.42978, Accuracy: 63.54167, Loss: 0.023881741
362/363: Matthews 0.42083, Accuracy: 62.50000, Loss: 0.022951787
 
Best Matthews: 0.43889, Best Accuracy: 64.58333, Best Loss: 0.024752806 at epoch 22
Time Elasped: 00:09:26
========= Epoch 31 =========
181/363: Matthews 0.41201, Accuracy: 61.45833, Loss: 0.021577649
362/363: Matthews 0.41201, Accuracy: 61.45833, Loss: 0.022531251
 
Best Matthews: 0.43889, Best Accuracy: 64.58333, Best Loss: 0.024752806 at epoch 22
Time Elasped: 00:09:44
========= Epoch 32 =========
181/363: Matthews 0.42978, Accuracy: 63.54167, Loss: 0.023679927
362/363: Matthews 0.42529, Accuracy: 63.02083, Loss: 0.023196762
 
Best Matthews: 0.43889, Best Accuracy: 64.58333, Best Loss: 0.024752806 at epoch 22
Time Elasped: 00:10:03
========= Epoch 33 =========
181/363: Matthews 0.42083, Accuracy: 62.50000, Loss: 0.022030001
362/363: Matthews 0.41201, Accuracy: 61.45833, Loss: 0.023076132
 
Best Matthews: 0.43889, Best Accuracy: 64.58333, Best Loss: 0.024752806 at epoch 22
Time Elasped: 00:10:21
========= Epoch 34 =========
181/363: Matthews 0.42083, Accuracy: 62.50000, Loss: 0.023296778
362/363: Matthews 0.43432, Accuracy: 64.06250, Loss: 0.024490312
 
Best Matthews: 0.43889, Best Accuracy: 64.58333, Best Loss: 0.024752806 at epoch 22
Time Elasped: 00:10:39
========= Epoch 35 =========
181/363: Matthews 0.41201, Accuracy: 61.45833, Loss: 0.020204790
362/363: Matthews 0.41201, Accuracy: 61.45833, Loss: 0.021324920
 
Best Matthews: 0.43889, Best Accuracy: 64.58333, Best Loss: 0.024752806 at epoch 22
Time Elasped: 00:10:57
========= Epoch 36 =========
181/363: Matthews 0.42083, Accuracy: 62.50000, Loss: 0.023659167
362/363: Matthews 0.41201, Accuracy: 61.45833, Loss: 0.021580666
 
Best Matthews: 0.43889, Best Accuracy: 64.58333, Best Loss: 0.024752806 at epoch 22
Time Elasped: 00:11:15
========= Epoch 37 =========
181/363: Matthews 0.42529, Accuracy: 63.02083, Loss: 0.023940782
362/363: Matthews 0.41640, Accuracy: 61.97917, Loss: 0.022740016
 
Best Matthews: 0.43889, Best Accuracy: 64.58333, Best Loss: 0.024752806 at epoch 22
Time Elasped: 00:11:34
========= Epoch 38 =========
181/363: Matthews 0.41640, Accuracy: 61.97917, Loss: 0.022317062
362/363: Matthews 0.41201, Accuracy: 61.45833, Loss: 0.021915471
 
Best Matthews: 0.43889, Best Accuracy: 64.58333, Best Loss: 0.024752806 at epoch 22
Time Elasped: 00:11:52
========= Epoch 39 =========
181/363: Matthews 0.42529, Accuracy: 63.02083, Loss: 0.023454162
362/363: Matthews 0.41640, Accuracy: 61.97917, Loss: 0.021407788
 
Best Matthews: 0.43889, Best Accuracy: 64.58333, Best Loss: 0.024752806 at epoch 22
Time Elasped: 00:12:10
========= Epoch 40 =========
181/363: Matthews 0.42529, Accuracy: 63.02083, Loss: 0.021847059
362/363: Matthews 0.41640, Accuracy: 61.97917, Loss: 0.021061470
 
Best Matthews: 0.43889, Best Accuracy: 64.58333, Best Loss: 0.024752806 at epoch 22
Time Elasped: 00:12:28
========= Epoch 41 =========
181/363: Matthews 0.42529, Accuracy: 63.02083, Loss: 0.021664989
362/363: Matthews 0.42978, Accuracy: 63.54167, Loss: 0.022415633
 
Best Matthews: 0.43889, Best Accuracy: 64.58333, Best Loss: 0.024752806 at epoch 22
Time Elasped: 00:12:46
========= Epoch 42 =========
181/363: Matthews 0.42587, Accuracy: 65.10417, Loss: 0.024348468
362/363: Matthews 0.41640, Accuracy: 61.97917, Loss: 0.021780580
 
Best Matthews: 0.43889, Best Accuracy: 64.58333, Best Loss: 0.024752806 at epoch 22
Time Elasped: 00:13:05
========= Epoch 43 =========
Early Stopping activated
 
Best Matthews: 0.43889, Best Accuracy: 64.58333, Best Loss: 0.024752806 at epoch 22
Time Elasped: 00:13:16
Test Set:
0/0: Matthews 0.52185, Accuracy: 72.35294, Loss: 0.001813911
