Namespace(batch_size=32, buffer_size=1, by_source=False, crop_pad_length=30, data='./acceptability_corpus/verb_classes_cola/there', data_type='discriminator', dropout=0.2, embedding='glove.6B.300d', embedding_path='/scratch/asw462/models/elmo_encoder/elmo.emb', embedding_size=217, encoder_num_layers=2, encoder_path='/scratch/asw462/models/elmo_encoder/elmo.pth', encoding_size=528, encoding_type='lstm_pooling_classifier', epochs=1000, evaluate_train=False, experiment_name='experiment_linear_classifier_h_57_l_4_lr_0.0001_e_217_do_0.2', glove=False, gpu=True, hidden_size=57, imbalance=True, learning_rate=9e-05, lm_path=None, logs_dir='/scratch/asw462/logs/verb_classes_cola/there', max_pool=False, model='linear_classifier', num_layers=4, output_dir='/scratch/asw462/logs/verb_classes_cola/outputs/there', patience=20, preprocess_tokenizer='space', prints_per_stage=1, resume=True, resume_file=None, save_loc='/scratch/asw462/models/verb_classes_cola/there', seed=1111, should_not_log=False, should_not_lowercase=False, should_not_preprocess_data=False, stages_per_epoch=2, train_embeddings=False, train_evaluate_interval=10, vocab_file='/scratch/asw462/data/vocab_100k.tsv')
======== General =======
Model: linear_classifier
GPU: True
Experiment Name: experiment_linear_classifier_h_57_l_4_lr_0.0001_e_217_do_0.2
Save location: /scratch/asw462/models/verb_classes_cola/there
Logs dir: /scratch/asw462/logs/verb_classes_cola/there
Timestamp: 2018/08/01 22:25:45
 
======== Data =======
Training set: 11603 examples
Validation set: 192 examples
Test set: 680 examples
 
======= Parameters =======
Learning Rate: 0.000090
Batch Size: 32
Epochs: 1000
Patience: 20
Stages per Epoch: 2
Embedding: 100004 x 217
Number of layers: 4
Hidden Size: 57
Encoder Size: 528
Resume: True
 
======= Model =======
LinearClassifierWithEncoder(
  (model): LinearClassifier(
    (dropout): Dropout(p=0.2)
    (enc2h): Linear(in_features=1056, out_features=57, bias=True)
    (h20): Linear(in_features=57, out_features=1, bias=True)
    (sigmoid): Sigmoid()
    (tanh): Tanh()
    (softmax): Softmax()
  )
  (encoder): LSTMPoolingClassifierWithELMo(
    (elmo): ELMOClassifier(
      (lm): LSTMLanguageModel(
        (dropout): Dropout(p=0.2)
        (embedding): Embedding(100003, 217)
        (lstm): LSTM(217, 891, num_layers=2, dropout=0.2)
        (fc): Linear(in_features=891, out_features=100003, bias=True)
      )
      (lstms): ModuleList(
        (0): LSTM(217, 891, batch_first=True)
        (1): LSTM(891, 891, batch_first=True)
      )
      (dropout): Dropout(p=0.2)
      (linear_comb): Linear(in_features=2, out_features=1, bias=True)
      (fc1): Linear(in_features=891, out_features=528, bias=True)
      (relu): ReLU()
      (out): Linear(in_features=528, out_features=1, bias=True)
      (sigmoid): Sigmoid()
    )
    (pooling_classifier): LSTMPoolingClassifier(
      (ih2h): LSTM(891, 528, num_layers=3, batch_first=True, dropout=0.2, bidirectional=True)
      (pool2o): Linear(in_features=1056, out_features=1, bias=True)
      (sigmoid): Sigmoid()
      (softmax): Softmax()
      (dropout): Dropout(p=0.2)
    )
  )
)
 
========= Epoch 1 =========
181/363: Matthews 0.37168, Accuracy: 58.85417, Loss: 0.041912849
362/363: Matthews 0.34010, Accuracy: 61.45833, Loss: 0.042594115
 
Best Matthews: 0.37168, Best Accuracy: 58.85417, Best Loss: 0.041912849 at epoch 1
Time Elasped: 00:00:24
========= Epoch 2 =========
181/363: Matthews 0.41201, Accuracy: 61.45833, Loss: 0.037302608
362/363: Matthews 0.40333, Accuracy: 60.41667, Loss: 0.033046899
 
Best Matthews: 0.41201, Best Accuracy: 61.45833, Best Loss: 0.037302608 at epoch 2
Time Elasped: 00:00:44
========= Epoch 3 =========
181/363: Matthews 0.42083, Accuracy: 62.50000, Loss: 0.033653696
362/363: Matthews 0.41201, Accuracy: 61.45833, Loss: 0.030971522
 
Best Matthews: 0.42083, Best Accuracy: 62.50000, Best Loss: 0.033653696 at epoch 3
Time Elasped: 00:01:04
========= Epoch 4 =========
181/363: Matthews 0.41201, Accuracy: 61.45833, Loss: 0.031091623
362/363: Matthews 0.42529, Accuracy: 63.02083, Loss: 0.029854064
 
Best Matthews: 0.42529, Best Accuracy: 63.02083, Best Loss: 0.029854064 at epoch 4
Time Elasped: 00:01:23
========= Epoch 5 =========
181/363: Matthews 0.42529, Accuracy: 63.02083, Loss: 0.029614411
362/363: Matthews 0.42083, Accuracy: 62.50000, Loss: 0.028756494
 
Best Matthews: 0.42529, Best Accuracy: 63.02083, Best Loss: 0.029854064 at epoch 4
Time Elasped: 00:01:41
========= Epoch 6 =========
181/363: Matthews 0.42529, Accuracy: 63.02083, Loss: 0.027618289
362/363: Matthews 0.42978, Accuracy: 63.54167, Loss: 0.028800880
 
Best Matthews: 0.42978, Best Accuracy: 63.54167, Best Loss: 0.028800880 at epoch 6
Time Elasped: 00:02:01
========= Epoch 7 =========
181/363: Matthews 0.41640, Accuracy: 61.97917, Loss: 0.026156972
362/363: Matthews 0.41640, Accuracy: 61.97917, Loss: 0.026400412
 
Best Matthews: 0.42978, Best Accuracy: 63.54167, Best Loss: 0.028800880 at epoch 6
Time Elasped: 00:02:19
========= Epoch 8 =========
181/363: Matthews 0.42083, Accuracy: 62.50000, Loss: 0.026580219
362/363: Matthews 0.42978, Accuracy: 63.54167, Loss: 0.027152310
 
Best Matthews: 0.42978, Best Accuracy: 63.54167, Best Loss: 0.028800880 at epoch 6
Time Elasped: 00:02:37
========= Epoch 9 =========
181/363: Matthews 0.42529, Accuracy: 63.02083, Loss: 0.027248835
362/363: Matthews 0.40766, Accuracy: 60.93750, Loss: 0.025446946
 
Best Matthews: 0.42978, Best Accuracy: 63.54167, Best Loss: 0.028800880 at epoch 6
Time Elasped: 00:02:55
========= Epoch 10 =========
181/363: Matthews 0.41640, Accuracy: 61.97917, Loss: 0.026894813
362/363: Matthews 0.42083, Accuracy: 62.50000, Loss: 0.025218825
 
Best Matthews: 0.42978, Best Accuracy: 63.54167, Best Loss: 0.028800880 at epoch 6
Time Elasped: 00:03:13
========= Epoch 11 =========
181/363: Matthews 0.42083, Accuracy: 62.50000, Loss: 0.025523956
362/363: Matthews 0.40766, Accuracy: 60.93750, Loss: 0.024488551
 
Best Matthews: 0.42978, Best Accuracy: 63.54167, Best Loss: 0.028800880 at epoch 6
Time Elasped: 00:03:32
========= Epoch 12 =========
181/363: Matthews 0.42978, Accuracy: 63.54167, Loss: 0.025712286
362/363: Matthews 0.42978, Accuracy: 63.54167, Loss: 0.026288773
 
Best Matthews: 0.42978, Best Accuracy: 63.54167, Best Loss: 0.028800880 at epoch 6
Time Elasped: 00:03:50
========= Epoch 13 =========
181/363: Matthews 0.42083, Accuracy: 62.50000, Loss: 0.025739804
362/363: Matthews 0.42083, Accuracy: 62.50000, Loss: 0.025352895
 
Best Matthews: 0.42978, Best Accuracy: 63.54167, Best Loss: 0.028800880 at epoch 6
Time Elasped: 00:04:08
========= Epoch 14 =========
181/363: Matthews 0.42978, Accuracy: 63.54167, Loss: 0.025723040
362/363: Matthews 0.41640, Accuracy: 61.97917, Loss: 0.024567013
 
Best Matthews: 0.42978, Best Accuracy: 63.54167, Best Loss: 0.028800880 at epoch 6
Time Elasped: 00:04:26
========= Epoch 15 =========
181/363: Matthews 0.41201, Accuracy: 61.45833, Loss: 0.024071231
362/363: Matthews 0.41184, Accuracy: 63.54167, Loss: 0.026524618
 
Best Matthews: 0.42978, Best Accuracy: 63.54167, Best Loss: 0.028800880 at epoch 6
Time Elasped: 00:04:44
========= Epoch 16 =========
181/363: Matthews 0.42083, Accuracy: 62.50000, Loss: 0.025518795
362/363: Matthews 0.42978, Accuracy: 63.54167, Loss: 0.026671390
 
Best Matthews: 0.42978, Best Accuracy: 63.54167, Best Loss: 0.028800880 at epoch 6
Time Elasped: 00:05:02
========= Epoch 17 =========
181/363: Matthews 0.42529, Accuracy: 63.02083, Loss: 0.026556825
362/363: Matthews 0.41201, Accuracy: 61.45833, Loss: 0.023906022
 
Best Matthews: 0.42978, Best Accuracy: 63.54167, Best Loss: 0.028800880 at epoch 6
Time Elasped: 00:05:20
========= Epoch 18 =========
181/363: Matthews 0.42529, Accuracy: 63.02083, Loss: 0.025631420
362/363: Matthews 0.40766, Accuracy: 60.93750, Loss: 0.023773556
 
Best Matthews: 0.42978, Best Accuracy: 63.54167, Best Loss: 0.028800880 at epoch 6
Time Elasped: 00:05:38
========= Epoch 19 =========
181/363: Matthews 0.42083, Accuracy: 62.50000, Loss: 0.025379767
362/363: Matthews 0.41640, Accuracy: 61.97917, Loss: 0.024253701
 
Best Matthews: 0.42978, Best Accuracy: 63.54167, Best Loss: 0.028800880 at epoch 6
Time Elasped: 00:05:57
========= Epoch 20 =========
181/363: Matthews 0.41640, Accuracy: 61.97917, Loss: 0.024209524
362/363: Matthews 0.41201, Accuracy: 61.45833, Loss: 0.024271001
 
Best Matthews: 0.42978, Best Accuracy: 63.54167, Best Loss: 0.028800880 at epoch 6
Time Elasped: 00:06:15
========= Epoch 21 =========
181/363: Matthews 0.42083, Accuracy: 62.50000, Loss: 0.023511733
362/363: Matthews 0.40766, Accuracy: 60.93750, Loss: 0.023739119
 
Best Matthews: 0.42978, Best Accuracy: 63.54167, Best Loss: 0.028800880 at epoch 6
Time Elasped: 00:06:33
========= Epoch 22 =========
181/363: Matthews 0.41640, Accuracy: 61.97917, Loss: 0.023700339
362/363: Matthews 0.42978, Accuracy: 63.54167, Loss: 0.025235645
 
Best Matthews: 0.42978, Best Accuracy: 63.54167, Best Loss: 0.028800880 at epoch 6
Time Elasped: 00:06:51
========= Epoch 23 =========
181/363: Matthews 0.42115, Accuracy: 64.58333, Loss: 0.026334576
362/363: Matthews 0.40766, Accuracy: 60.93750, Loss: 0.023303501
 
Best Matthews: 0.42978, Best Accuracy: 63.54167, Best Loss: 0.028800880 at epoch 6
Time Elasped: 00:07:09
========= Epoch 24 =========
181/363: Matthews 0.43432, Accuracy: 64.06250, Loss: 0.025776945
362/363: Matthews 0.42083, Accuracy: 62.50000, Loss: 0.023767148
 
Best Matthews: 0.43432, Best Accuracy: 64.06250, Best Loss: 0.025776945 at epoch 24
Time Elasped: 00:07:29
========= Epoch 25 =========
181/363: Matthews 0.40766, Accuracy: 60.93750, Loss: 0.023676048
362/363: Matthews 0.40268, Accuracy: 62.50000, Loss: 0.025364863
 
Best Matthews: 0.43432, Best Accuracy: 64.06250, Best Loss: 0.025776945 at epoch 24
Time Elasped: 00:07:47
========= Epoch 26 =========
181/363: Matthews 0.40766, Accuracy: 60.93750, Loss: 0.022799119
362/363: Matthews 0.42978, Accuracy: 63.54167, Loss: 0.025550192
 
Best Matthews: 0.43432, Best Accuracy: 64.06250, Best Loss: 0.025776945 at epoch 24
Time Elasped: 00:08:05
========= Epoch 27 =========
181/363: Matthews 0.41640, Accuracy: 61.97917, Loss: 0.023889216
362/363: Matthews 0.42083, Accuracy: 62.50000, Loss: 0.024122109
 
Best Matthews: 0.43432, Best Accuracy: 64.06250, Best Loss: 0.025776945 at epoch 24
Time Elasped: 00:08:23
========= Epoch 28 =========
181/363: Matthews 0.44351, Accuracy: 65.10417, Loss: 0.026111017
362/363: Matthews 0.41640, Accuracy: 61.97917, Loss: 0.024218842
 
Best Matthews: 0.44351, Best Accuracy: 65.10417, Best Loss: 0.026111017 at epoch 28
Time Elasped: 00:08:43
========= Epoch 29 =========
181/363: Matthews 0.41640, Accuracy: 61.97917, Loss: 0.023559675
362/363: Matthews 0.41201, Accuracy: 61.45833, Loss: 0.023782069
 
Best Matthews: 0.44351, Best Accuracy: 65.10417, Best Loss: 0.026111017 at epoch 28
Time Elasped: 00:09:01
========= Epoch 30 =========
181/363: Matthews 0.41201, Accuracy: 61.45833, Loss: 0.023616453
362/363: Matthews 0.41640, Accuracy: 61.97917, Loss: 0.022848276
 
Best Matthews: 0.44351, Best Accuracy: 65.10417, Best Loss: 0.026111017 at epoch 28
Time Elasped: 00:09:19
========= Epoch 31 =========
181/363: Matthews 0.41201, Accuracy: 61.45833, Loss: 0.021887355
362/363: Matthews 0.41201, Accuracy: 61.45833, Loss: 0.022347127
 
Best Matthews: 0.44351, Best Accuracy: 65.10417, Best Loss: 0.026111017 at epoch 28
Time Elasped: 00:09:37
========= Epoch 32 =========
181/363: Matthews 0.43889, Accuracy: 64.58333, Loss: 0.024205099
362/363: Matthews 0.43889, Accuracy: 64.58333, Loss: 0.023811435
 
Best Matthews: 0.44351, Best Accuracy: 65.10417, Best Loss: 0.026111017 at epoch 28
Time Elasped: 00:09:55
========= Epoch 33 =========
181/363: Matthews 0.43432, Accuracy: 64.06250, Loss: 0.023980478
362/363: Matthews 0.42529, Accuracy: 63.02083, Loss: 0.023281160
 
Best Matthews: 0.44351, Best Accuracy: 65.10417, Best Loss: 0.026111017 at epoch 28
Time Elasped: 00:10:13
========= Epoch 34 =========
181/363: Matthews 0.41201, Accuracy: 61.45833, Loss: 0.021761544
362/363: Matthews 0.40766, Accuracy: 60.93750, Loss: 0.021521531
 
Best Matthews: 0.44351, Best Accuracy: 65.10417, Best Loss: 0.026111017 at epoch 28
Time Elasped: 00:10:31
========= Epoch 35 =========
181/363: Matthews 0.43432, Accuracy: 64.06250, Loss: 0.024364702
362/363: Matthews 0.42978, Accuracy: 63.54167, Loss: 0.023867947
 
Best Matthews: 0.44351, Best Accuracy: 65.10417, Best Loss: 0.026111017 at epoch 28
Time Elasped: 00:10:50
========= Epoch 36 =========
181/363: Matthews 0.42529, Accuracy: 63.02083, Loss: 0.022642503
362/363: Matthews 0.41201, Accuracy: 61.45833, Loss: 0.023115858
 
Best Matthews: 0.44351, Best Accuracy: 65.10417, Best Loss: 0.026111017 at epoch 28
Time Elasped: 00:11:08
========= Epoch 37 =========
181/363: Matthews 0.42529, Accuracy: 63.02083, Loss: 0.023517976
362/363: Matthews 0.40724, Accuracy: 63.02083, Loss: 0.024100711
 
Best Matthews: 0.44351, Best Accuracy: 65.10417, Best Loss: 0.026111017 at epoch 28
Time Elasped: 00:11:26
========= Epoch 38 =========
181/363: Matthews 0.40724, Accuracy: 63.02083, Loss: 0.023604212
362/363: Matthews 0.41201, Accuracy: 61.45833, Loss: 0.022549170
 
Best Matthews: 0.44351, Best Accuracy: 65.10417, Best Loss: 0.026111017 at epoch 28
Time Elasped: 00:11:44
========= Epoch 39 =========
181/363: Matthews 0.42529, Accuracy: 63.02083, Loss: 0.023011866
362/363: Matthews 0.42587, Accuracy: 65.10417, Loss: 0.025533840
 
Best Matthews: 0.44351, Best Accuracy: 65.10417, Best Loss: 0.026111017 at epoch 28
Time Elasped: 00:12:02
========= Epoch 40 =========
181/363: Matthews 0.42978, Accuracy: 63.54167, Loss: 0.023364497
362/363: Matthews 0.42978, Accuracy: 63.54167, Loss: 0.023798784
 
Best Matthews: 0.44351, Best Accuracy: 65.10417, Best Loss: 0.026111017 at epoch 28
Time Elasped: 00:12:20
========= Epoch 41 =========
181/363: Matthews 0.43063, Accuracy: 65.62500, Loss: 0.026310727
362/363: Matthews 0.43432, Accuracy: 64.06250, Loss: 0.022601207
 
Best Matthews: 0.44351, Best Accuracy: 65.10417, Best Loss: 0.026111017 at epoch 28
Time Elasped: 00:12:38
========= Epoch 42 =========
181/363: Matthews 0.43063, Accuracy: 65.62500, Loss: 0.025325755
362/363: Matthews 0.43432, Accuracy: 64.06250, Loss: 0.022768925
 
Best Matthews: 0.44351, Best Accuracy: 65.10417, Best Loss: 0.026111017 at epoch 28
Time Elasped: 00:12:56
========= Epoch 43 =========
181/363: Matthews 0.43432, Accuracy: 64.06250, Loss: 0.023419832
362/363: Matthews 0.41648, Accuracy: 64.06250, Loss: 0.024248267
 
Best Matthews: 0.44351, Best Accuracy: 65.10417, Best Loss: 0.026111017 at epoch 28
Time Elasped: 00:13:15
========= Epoch 44 =========
181/363: Matthews 0.41640, Accuracy: 61.97917, Loss: 0.021634604
362/363: Matthews 0.42978, Accuracy: 63.54167, Loss: 0.022589033
 
Best Matthews: 0.44351, Best Accuracy: 65.10417, Best Loss: 0.026111017 at epoch 28
Time Elasped: 00:13:33
========= Epoch 45 =========
181/363: Matthews 0.41648, Accuracy: 64.06250, Loss: 0.024485245
362/363: Matthews 0.42083, Accuracy: 62.50000, Loss: 0.021229657
 
Best Matthews: 0.44351, Best Accuracy: 65.10417, Best Loss: 0.026111017 at epoch 28
Time Elasped: 00:13:51
========= Epoch 46 =========
181/363: Matthews 0.41640, Accuracy: 61.97917, Loss: 0.020438996
362/363: Matthews 0.40724, Accuracy: 63.02083, Loss: 0.023218349
 
Best Matthews: 0.44351, Best Accuracy: 65.10417, Best Loss: 0.026111017 at epoch 28
Time Elasped: 00:14:09
========= Epoch 47 =========
181/363: Matthews 0.43889, Accuracy: 64.58333, Loss: 0.022698840
362/363: Matthews 0.43432, Accuracy: 64.06250, Loss: 0.023134314
 
Best Matthews: 0.44351, Best Accuracy: 65.10417, Best Loss: 0.026111017 at epoch 28
Time Elasped: 00:14:27
========= Epoch 48 =========
181/363: Matthews 0.42529, Accuracy: 63.02083, Loss: 0.022855490
362/363: Matthews 0.41201, Accuracy: 61.45833, Loss: 0.022020755
 
Best Matthews: 0.44351, Best Accuracy: 65.10417, Best Loss: 0.026111017 at epoch 28
Time Elasped: 00:14:45
========= Epoch 49 =========
Early Stopping activated
 
Best Matthews: 0.44351, Best Accuracy: 65.10417, Best Loss: 0.026111017 at epoch 28
Time Elasped: 00:14:56
Test Set:
0/0: Matthews 0.51862, Accuracy: 72.05882, Loss: 0.002038897
