Namespace(batch_size=32, buffer_size=1, by_source=False, crop_pad_length=30, data='./acceptability_corpus/verb_classes_cola/there', data_type='discriminator', dropout=0.2, embedding='glove.6B.300d', embedding_path='/scratch/asw462/models/elmo_encoder/elmo.emb', embedding_size=217, encoder_num_layers=2, encoder_path='/scratch/asw462/models/elmo_encoder/elmo.pth', encoding_size=528, encoding_type='lstm_pooling_classifier', epochs=1000, evaluate_train=False, experiment_name='experiment_linear_classifier_h_156_l_3_lr_0.0000_e_217_do_0.2', glove=False, gpu=True, hidden_size=156, imbalance=True, learning_rate=2e-05, lm_path=None, logs_dir='/scratch/asw462/logs/verb_classes_cola/there', max_pool=False, model='linear_classifier', num_layers=3, output_dir='/scratch/asw462/logs/verb_classes_cola/outputs/there', patience=20, preprocess_tokenizer='space', prints_per_stage=1, resume=True, resume_file=None, save_loc='/scratch/asw462/models/verb_classes_cola/there', seed=1111, should_not_log=False, should_not_lowercase=False, should_not_preprocess_data=False, stages_per_epoch=2, train_embeddings=False, train_evaluate_interval=10, vocab_file='/scratch/asw462/data/vocab_100k.tsv')
======== General =======
Model: linear_classifier
GPU: True
Experiment Name: experiment_linear_classifier_h_156_l_3_lr_0.0000_e_217_do_0.2
Save location: /scratch/asw462/models/verb_classes_cola/there
Logs dir: /scratch/asw462/logs/verb_classes_cola/there
Timestamp: 2018/08/01 22:15:06
 
======== Data =======
Training set: 11603 examples
Validation set: 192 examples
Test set: 680 examples
 
======= Parameters =======
Learning Rate: 0.000020
Batch Size: 32
Epochs: 1000
Patience: 20
Stages per Epoch: 2
Embedding: 100004 x 217
Number of layers: 3
Hidden Size: 156
Encoder Size: 528
Resume: True
 
======= Model =======
LinearClassifierWithEncoder(
  (model): LinearClassifier(
    (dropout): Dropout(p=0.2)
    (enc2h): Linear(in_features=1056, out_features=156, bias=True)
    (h20): Linear(in_features=156, out_features=1, bias=True)
    (sigmoid): Sigmoid()
    (tanh): Tanh()
    (softmax): Softmax()
  )
  (encoder): LSTMPoolingClassifierWithELMo(
    (elmo): ELMOClassifier(
      (lm): LSTMLanguageModel(
        (dropout): Dropout(p=0.2)
        (embedding): Embedding(100003, 217)
        (lstm): LSTM(217, 891, num_layers=2, dropout=0.2)
        (fc): Linear(in_features=891, out_features=100003, bias=True)
      )
      (lstms): ModuleList(
        (0): LSTM(217, 891, batch_first=True)
        (1): LSTM(891, 891, batch_first=True)
      )
      (dropout): Dropout(p=0.2)
      (linear_comb): Linear(in_features=2, out_features=1, bias=True)
      (fc1): Linear(in_features=891, out_features=528, bias=True)
      (relu): ReLU()
      (out): Linear(in_features=528, out_features=1, bias=True)
      (sigmoid): Sigmoid()
    )
    (pooling_classifier): LSTMPoolingClassifier(
      (ih2h): LSTM(891, 528, num_layers=3, batch_first=True, dropout=0.2, bidirectional=True)
      (pool2o): Linear(in_features=1056, out_features=1, bias=True)
      (sigmoid): Sigmoid()
      (softmax): Softmax()
      (dropout): Dropout(p=0.2)
    )
  )
)
 
========= Epoch 1 =========
181/363: Matthews 0.31309, Accuracy: 60.41667, Loss: 0.048318654
362/363: Matthews 0.31786, Accuracy: 60.93750, Loss: 0.045737992
 
Best Matthews: 0.31786, Best Accuracy: 60.93750, Best Loss: 0.045737992 at epoch 1
Time Elasped: 00:00:26
========= Epoch 2 =========
181/363: Matthews 0.35310, Accuracy: 60.93750, Loss: 0.042787090
362/363: Matthews 0.39367, Accuracy: 61.45833, Loss: 0.041368817
 
Best Matthews: 0.39367, Best Accuracy: 61.45833, Best Loss: 0.041368817 at epoch 2
Time Elasped: 00:00:47
========= Epoch 3 =========
181/363: Matthews 0.41640, Accuracy: 61.97917, Loss: 0.040314684
362/363: Matthews 0.41640, Accuracy: 61.97917, Loss: 0.038586222
 
Best Matthews: 0.41640, Best Accuracy: 61.97917, Best Loss: 0.040314684 at epoch 3
Time Elasped: 00:01:07
========= Epoch 4 =========
181/363: Matthews 0.42083, Accuracy: 62.50000, Loss: 0.038663494
362/363: Matthews 0.41201, Accuracy: 61.45833, Loss: 0.036528404
 
Best Matthews: 0.42083, Best Accuracy: 62.50000, Best Loss: 0.038663494 at epoch 4
Time Elasped: 00:01:27
========= Epoch 5 =========
181/363: Matthews 0.41640, Accuracy: 61.97917, Loss: 0.036331857
362/363: Matthews 0.42529, Accuracy: 63.02083, Loss: 0.035938894
 
Best Matthews: 0.42529, Best Accuracy: 63.02083, Best Loss: 0.035938894 at epoch 5
Time Elasped: 00:01:47
========= Epoch 6 =========
181/363: Matthews 0.42083, Accuracy: 62.50000, Loss: 0.035393968
362/363: Matthews 0.42529, Accuracy: 63.02083, Loss: 0.034336145
 
Best Matthews: 0.42529, Best Accuracy: 63.02083, Best Loss: 0.035938894 at epoch 5
Time Elasped: 00:02:05
========= Epoch 7 =========
181/363: Matthews 0.42529, Accuracy: 63.02083, Loss: 0.034579024
362/363: Matthews 0.42083, Accuracy: 62.50000, Loss: 0.032940554
 
Best Matthews: 0.42529, Best Accuracy: 63.02083, Best Loss: 0.035938894 at epoch 5
Time Elasped: 00:02:23
========= Epoch 8 =========
181/363: Matthews 0.42529, Accuracy: 63.02083, Loss: 0.033691436
362/363: Matthews 0.41201, Accuracy: 61.45833, Loss: 0.031469112
 
Best Matthews: 0.42529, Best Accuracy: 63.02083, Best Loss: 0.035938894 at epoch 5
Time Elasped: 00:02:41
========= Epoch 9 =========
181/363: Matthews 0.42083, Accuracy: 62.50000, Loss: 0.031773033
362/363: Matthews 0.42978, Accuracy: 63.54167, Loss: 0.032594293
 
Best Matthews: 0.42978, Best Accuracy: 63.54167, Best Loss: 0.032594293 at epoch 9
Time Elasped: 00:03:01
========= Epoch 10 =========
181/363: Matthews 0.40766, Accuracy: 60.93750, Loss: 0.030879244
362/363: Matthews 0.41201, Accuracy: 61.45833, Loss: 0.029766053
 
Best Matthews: 0.42978, Best Accuracy: 63.54167, Best Loss: 0.032594293 at epoch 9
Time Elasped: 00:03:19
========= Epoch 11 =========
181/363: Matthews 0.42978, Accuracy: 63.54167, Loss: 0.030778031
362/363: Matthews 0.42083, Accuracy: 62.50000, Loss: 0.030175731
 
Best Matthews: 0.42978, Best Accuracy: 63.54167, Best Loss: 0.032594293 at epoch 9
Time Elasped: 00:03:37
========= Epoch 12 =========
181/363: Matthews 0.41640, Accuracy: 61.97917, Loss: 0.029921795
362/363: Matthews 0.41201, Accuracy: 61.45833, Loss: 0.029187935
 
Best Matthews: 0.42978, Best Accuracy: 63.54167, Best Loss: 0.032594293 at epoch 9
Time Elasped: 00:03:56
========= Epoch 13 =========
181/363: Matthews 0.43432, Accuracy: 64.06250, Loss: 0.030045157
362/363: Matthews 0.41201, Accuracy: 61.45833, Loss: 0.028654821
 
Best Matthews: 0.43432, Best Accuracy: 64.06250, Best Loss: 0.030045157 at epoch 13
Time Elasped: 00:04:15
========= Epoch 14 =========
181/363: Matthews 0.42529, Accuracy: 63.02083, Loss: 0.029189373
362/363: Matthews 0.41640, Accuracy: 61.97917, Loss: 0.028395819
 
Best Matthews: 0.43432, Best Accuracy: 64.06250, Best Loss: 0.030045157 at epoch 13
Time Elasped: 00:04:34
========= Epoch 15 =========
181/363: Matthews 0.41640, Accuracy: 61.97917, Loss: 0.028261349
362/363: Matthews 0.42083, Accuracy: 62.50000, Loss: 0.028132980
 
Best Matthews: 0.43432, Best Accuracy: 64.06250, Best Loss: 0.030045157 at epoch 13
Time Elasped: 00:04:52
========= Epoch 16 =========
181/363: Matthews 0.41640, Accuracy: 61.97917, Loss: 0.027836452
362/363: Matthews 0.42529, Accuracy: 63.02083, Loss: 0.027942436
 
Best Matthews: 0.43432, Best Accuracy: 64.06250, Best Loss: 0.030045157 at epoch 13
Time Elasped: 00:05:10
========= Epoch 17 =========
181/363: Matthews 0.43432, Accuracy: 64.06250, Loss: 0.028415769
362/363: Matthews 0.40766, Accuracy: 60.93750, Loss: 0.026382916
 
Best Matthews: 0.43432, Best Accuracy: 64.06250, Best Loss: 0.030045157 at epoch 13
Time Elasped: 00:05:28
========= Epoch 18 =========
181/363: Matthews 0.40766, Accuracy: 60.93750, Loss: 0.026701334
362/363: Matthews 0.43432, Accuracy: 64.06250, Loss: 0.028134060
 
Best Matthews: 0.43432, Best Accuracy: 64.06250, Best Loss: 0.030045157 at epoch 13
Time Elasped: 00:05:46
========= Epoch 19 =========
181/363: Matthews 0.43432, Accuracy: 64.06250, Loss: 0.027831892
362/363: Matthews 0.41640, Accuracy: 61.97917, Loss: 0.026789683
 
Best Matthews: 0.43432, Best Accuracy: 64.06250, Best Loss: 0.030045157 at epoch 13
Time Elasped: 00:06:04
========= Epoch 20 =========
181/363: Matthews 0.42529, Accuracy: 63.02083, Loss: 0.026940688
362/363: Matthews 0.43432, Accuracy: 64.06250, Loss: 0.027760928
 
Best Matthews: 0.43432, Best Accuracy: 64.06250, Best Loss: 0.030045157 at epoch 13
Time Elasped: 00:06:23
========= Epoch 21 =========
181/363: Matthews 0.41640, Accuracy: 61.97917, Loss: 0.026465332
362/363: Matthews 0.43432, Accuracy: 64.06250, Loss: 0.027599176
 
Best Matthews: 0.43432, Best Accuracy: 64.06250, Best Loss: 0.030045157 at epoch 13
Time Elasped: 00:06:41
========= Epoch 22 =========
181/363: Matthews 0.42083, Accuracy: 62.50000, Loss: 0.026667352
362/363: Matthews 0.43432, Accuracy: 64.06250, Loss: 0.028300305
 
Best Matthews: 0.43432, Best Accuracy: 64.06250, Best Loss: 0.030045157 at epoch 13
Time Elasped: 00:06:59
========= Epoch 23 =========
181/363: Matthews 0.42529, Accuracy: 63.02083, Loss: 0.026566669
362/363: Matthews 0.42083, Accuracy: 62.50000, Loss: 0.026855210
 
Best Matthews: 0.43432, Best Accuracy: 64.06250, Best Loss: 0.030045157 at epoch 13
Time Elasped: 00:07:17
========= Epoch 24 =========
181/363: Matthews 0.42083, Accuracy: 62.50000, Loss: 0.026643497
362/363: Matthews 0.40766, Accuracy: 60.93750, Loss: 0.025871980
 
Best Matthews: 0.43432, Best Accuracy: 64.06250, Best Loss: 0.030045157 at epoch 13
Time Elasped: 00:07:35
========= Epoch 25 =========
181/363: Matthews 0.42083, Accuracy: 62.50000, Loss: 0.026638856
362/363: Matthews 0.42083, Accuracy: 62.50000, Loss: 0.026485217
 
Best Matthews: 0.43432, Best Accuracy: 64.06250, Best Loss: 0.030045157 at epoch 13
Time Elasped: 00:07:54
========= Epoch 26 =========
181/363: Matthews 0.42978, Accuracy: 63.54167, Loss: 0.026912903
362/363: Matthews 0.40766, Accuracy: 60.93750, Loss: 0.025171158
 
Best Matthews: 0.43432, Best Accuracy: 64.06250, Best Loss: 0.030045157 at epoch 13
Time Elasped: 00:08:12
========= Epoch 27 =========
181/363: Matthews 0.41640, Accuracy: 61.97917, Loss: 0.025494347
362/363: Matthews 0.42083, Accuracy: 62.50000, Loss: 0.026201447
 
Best Matthews: 0.43432, Best Accuracy: 64.06250, Best Loss: 0.030045157 at epoch 13
Time Elasped: 00:08:30
========= Epoch 28 =========
181/363: Matthews 0.41640, Accuracy: 61.97917, Loss: 0.025736789
362/363: Matthews 0.42978, Accuracy: 63.54167, Loss: 0.026806042
 
Best Matthews: 0.43432, Best Accuracy: 64.06250, Best Loss: 0.030045157 at epoch 13
Time Elasped: 00:08:48
========= Epoch 29 =========
181/363: Matthews 0.42529, Accuracy: 63.02083, Loss: 0.025982673
362/363: Matthews 0.41201, Accuracy: 61.45833, Loss: 0.024620632
 
Best Matthews: 0.43432, Best Accuracy: 64.06250, Best Loss: 0.030045157 at epoch 13
Time Elasped: 00:09:06
========= Epoch 30 =========
181/363: Matthews 0.41640, Accuracy: 61.97917, Loss: 0.024999633
362/363: Matthews 0.42083, Accuracy: 62.50000, Loss: 0.025398746
 
Best Matthews: 0.43432, Best Accuracy: 64.06250, Best Loss: 0.030045157 at epoch 13
Time Elasped: 00:09:25
========= Epoch 31 =========
181/363: Matthews 0.42978, Accuracy: 63.54167, Loss: 0.026268626
362/363: Matthews 0.42083, Accuracy: 62.50000, Loss: 0.025463934
 
Best Matthews: 0.43432, Best Accuracy: 64.06250, Best Loss: 0.030045157 at epoch 13
Time Elasped: 00:09:43
========= Epoch 32 =========
181/363: Matthews 0.41640, Accuracy: 61.97917, Loss: 0.024600483
362/363: Matthews 0.42978, Accuracy: 63.54167, Loss: 0.025407739
 
Best Matthews: 0.43432, Best Accuracy: 64.06250, Best Loss: 0.030045157 at epoch 13
Time Elasped: 00:10:01
========= Epoch 33 =========
181/363: Matthews 0.42083, Accuracy: 62.50000, Loss: 0.025047104
362/363: Matthews 0.41640, Accuracy: 61.97917, Loss: 0.025198047
 
Best Matthews: 0.43432, Best Accuracy: 64.06250, Best Loss: 0.030045157 at epoch 13
Time Elasped: 00:10:19
========= Epoch 34 =========
Early Stopping activated
 
Best Matthews: 0.43432, Best Accuracy: 64.06250, Best Loss: 0.030045157 at epoch 13
Time Elasped: 00:10:30
Test Set:
0/0: Matthews 0.50121, Accuracy: 70.44118, Loss: 0.002087072
