Namespace(batch_size=32, buffer_size=1, by_source=False, crop_pad_length=30, data='./acceptability_corpus/verb_classes_cola/there', data_type='discriminator', dropout=0.2, embedding='glove.6B.300d', embedding_path='/scratch/asw462/models/elmo_encoder/elmo.emb', embedding_size=217, encoder_num_layers=2, encoder_path='/scratch/asw462/models/elmo_encoder/elmo.pth', encoding_size=528, encoding_type='lstm_pooling_classifier', epochs=1000, evaluate_train=False, experiment_name='experiment_linear_classifier_h_64_l_3_lr_0.0000_e_217_do_0.2', glove=False, gpu=True, hidden_size=64, imbalance=True, learning_rate=4e-05, lm_path=None, logs_dir='/scratch/asw462/logs/verb_classes_cola/there', max_pool=False, model='linear_classifier', num_layers=3, output_dir='/scratch/asw462/logs/verb_classes_cola/outputs/there', patience=20, preprocess_tokenizer='space', prints_per_stage=1, resume=True, resume_file=None, save_loc='/scratch/asw462/models/verb_classes_cola/there', seed=1111, should_not_log=False, should_not_lowercase=False, should_not_preprocess_data=False, stages_per_epoch=2, train_embeddings=False, train_evaluate_interval=10, vocab_file='/scratch/asw462/data/vocab_100k.tsv')
======== General =======
Model: linear_classifier
GPU: True
Experiment Name: experiment_linear_classifier_h_64_l_3_lr_0.0000_e_217_do_0.2
Save location: /scratch/asw462/models/verb_classes_cola/there
Logs dir: /scratch/asw462/logs/verb_classes_cola/there
Timestamp: 2018/08/01 22:20:02
 
======== Data =======
Training set: 11603 examples
Validation set: 192 examples
Test set: 680 examples
 
======= Parameters =======
Learning Rate: 0.000040
Batch Size: 32
Epochs: 1000
Patience: 20
Stages per Epoch: 2
Embedding: 100004 x 217
Number of layers: 3
Hidden Size: 64
Encoder Size: 528
Resume: True
 
======= Model =======
LinearClassifierWithEncoder(
  (model): LinearClassifier(
    (dropout): Dropout(p=0.2)
    (enc2h): Linear(in_features=1056, out_features=64, bias=True)
    (h20): Linear(in_features=64, out_features=1, bias=True)
    (sigmoid): Sigmoid()
    (tanh): Tanh()
    (softmax): Softmax()
  )
  (encoder): LSTMPoolingClassifierWithELMo(
    (elmo): ELMOClassifier(
      (lm): LSTMLanguageModel(
        (dropout): Dropout(p=0.2)
        (embedding): Embedding(100003, 217)
        (lstm): LSTM(217, 891, num_layers=2, dropout=0.2)
        (fc): Linear(in_features=891, out_features=100003, bias=True)
      )
      (lstms): ModuleList(
        (0): LSTM(217, 891, batch_first=True)
        (1): LSTM(891, 891, batch_first=True)
      )
      (dropout): Dropout(p=0.2)
      (linear_comb): Linear(in_features=2, out_features=1, bias=True)
      (fc1): Linear(in_features=891, out_features=528, bias=True)
      (relu): ReLU()
      (out): Linear(in_features=528, out_features=1, bias=True)
      (sigmoid): Sigmoid()
    )
    (pooling_classifier): LSTMPoolingClassifier(
      (ih2h): LSTM(891, 528, num_layers=3, batch_first=True, dropout=0.2, bidirectional=True)
      (pool2o): Linear(in_features=1056, out_features=1, bias=True)
      (sigmoid): Sigmoid()
      (softmax): Softmax()
      (dropout): Dropout(p=0.2)
    )
  )
)
 
========= Epoch 1 =========
181/363: Matthews 0.37602, Accuracy: 59.37500, Loss: 0.045777798
362/363: Matthews 0.35755, Accuracy: 59.37500, Loss: 0.042260190
 
Best Matthews: 0.37602, Best Accuracy: 59.37500, Best Loss: 0.045777798 at epoch 1
Time Elasped: 00:00:24
========= Epoch 2 =========
181/363: Matthews 0.38017, Accuracy: 61.97917, Loss: 0.042067637
362/363: Matthews 0.38017, Accuracy: 61.97917, Loss: 0.040437112
 
Best Matthews: 0.38017, Best Accuracy: 61.97917, Best Loss: 0.042067637 at epoch 2
Time Elasped: 00:00:44
========= Epoch 3 =========
181/363: Matthews 0.37558, Accuracy: 61.45833, Loss: 0.039520378
362/363: Matthews 0.42083, Accuracy: 62.50000, Loss: 0.038076878
 
Best Matthews: 0.42083, Best Accuracy: 62.50000, Best Loss: 0.038076878 at epoch 3
Time Elasped: 00:01:04
========= Epoch 4 =========
181/363: Matthews 0.41201, Accuracy: 61.45833, Loss: 0.035806450
362/363: Matthews 0.41201, Accuracy: 61.45833, Loss: 0.034112481
 
Best Matthews: 0.42083, Best Accuracy: 62.50000, Best Loss: 0.038076878 at epoch 3
Time Elasped: 00:01:22
========= Epoch 5 =========
181/363: Matthews 0.41640, Accuracy: 61.97917, Loss: 0.034422445
362/363: Matthews 0.41640, Accuracy: 61.97917, Loss: 0.033752168
 
Best Matthews: 0.42083, Best Accuracy: 62.50000, Best Loss: 0.038076878 at epoch 3
Time Elasped: 00:01:40
========= Epoch 6 =========
181/363: Matthews 0.41201, Accuracy: 61.45833, Loss: 0.032226756
362/363: Matthews 0.41201, Accuracy: 61.45833, Loss: 0.031936606
 
Best Matthews: 0.42083, Best Accuracy: 62.50000, Best Loss: 0.038076878 at epoch 3
Time Elasped: 00:01:58
========= Epoch 7 =========
181/363: Matthews 0.42083, Accuracy: 62.50000, Loss: 0.032530566
362/363: Matthews 0.41201, Accuracy: 61.45833, Loss: 0.030389647
 
Best Matthews: 0.42083, Best Accuracy: 62.50000, Best Loss: 0.038076878 at epoch 3
Time Elasped: 00:02:16
========= Epoch 8 =========
181/363: Matthews 0.41201, Accuracy: 61.45833, Loss: 0.031163901
362/363: Matthews 0.41201, Accuracy: 61.45833, Loss: 0.029147421
 
Best Matthews: 0.42083, Best Accuracy: 62.50000, Best Loss: 0.038076878 at epoch 3
Time Elasped: 00:02:34
========= Epoch 9 =========
181/363: Matthews 0.41201, Accuracy: 61.45833, Loss: 0.029641348
362/363: Matthews 0.42083, Accuracy: 62.50000, Loss: 0.029471715
 
Best Matthews: 0.42083, Best Accuracy: 62.50000, Best Loss: 0.038076878 at epoch 3
Time Elasped: 00:02:53
========= Epoch 10 =========
181/363: Matthews 0.41201, Accuracy: 61.45833, Loss: 0.029180740
362/363: Matthews 0.41640, Accuracy: 61.97917, Loss: 0.028449714
 
Best Matthews: 0.42083, Best Accuracy: 62.50000, Best Loss: 0.038076878 at epoch 3
Time Elasped: 00:03:11
========= Epoch 11 =========
181/363: Matthews 0.40333, Accuracy: 60.41667, Loss: 0.026860361
362/363: Matthews 0.43432, Accuracy: 64.06250, Loss: 0.028920499
 
Best Matthews: 0.43432, Best Accuracy: 64.06250, Best Loss: 0.028920499 at epoch 11
Time Elasped: 00:03:31
========= Epoch 12 =========
181/363: Matthews 0.41201, Accuracy: 61.45833, Loss: 0.027429499
362/363: Matthews 0.41640, Accuracy: 61.97917, Loss: 0.027438484
 
Best Matthews: 0.43432, Best Accuracy: 64.06250, Best Loss: 0.028920499 at epoch 11
Time Elasped: 00:03:49
========= Epoch 13 =========
181/363: Matthews 0.42978, Accuracy: 63.54167, Loss: 0.027282606
362/363: Matthews 0.42083, Accuracy: 62.50000, Loss: 0.027625774
 
Best Matthews: 0.43432, Best Accuracy: 64.06250, Best Loss: 0.028920499 at epoch 11
Time Elasped: 00:04:07
========= Epoch 14 =========
181/363: Matthews 0.40766, Accuracy: 60.93750, Loss: 0.026322419
362/363: Matthews 0.40766, Accuracy: 60.93750, Loss: 0.026591236
 
Best Matthews: 0.43432, Best Accuracy: 64.06250, Best Loss: 0.028920499 at epoch 11
Time Elasped: 00:04:25
========= Epoch 15 =========
181/363: Matthews 0.40333, Accuracy: 60.41667, Loss: 0.026549267
362/363: Matthews 0.40766, Accuracy: 60.93750, Loss: 0.026356071
 
Best Matthews: 0.43432, Best Accuracy: 64.06250, Best Loss: 0.028920499 at epoch 11
Time Elasped: 00:04:43
========= Epoch 16 =========
181/363: Matthews 0.41640, Accuracy: 61.97917, Loss: 0.026953799
362/363: Matthews 0.42978, Accuracy: 63.54167, Loss: 0.028284567
 
Best Matthews: 0.43432, Best Accuracy: 64.06250, Best Loss: 0.028920499 at epoch 11
Time Elasped: 00:05:01
========= Epoch 17 =========
181/363: Matthews 0.41640, Accuracy: 61.97917, Loss: 0.026541126
362/363: Matthews 0.40333, Accuracy: 60.41667, Loss: 0.026250367
 
Best Matthews: 0.43432, Best Accuracy: 64.06250, Best Loss: 0.028920499 at epoch 11
Time Elasped: 00:05:20
========= Epoch 18 =========
181/363: Matthews 0.41201, Accuracy: 61.45833, Loss: 0.026178191
362/363: Matthews 0.42529, Accuracy: 63.02083, Loss: 0.026746795
 
Best Matthews: 0.43432, Best Accuracy: 64.06250, Best Loss: 0.028920499 at epoch 11
Time Elasped: 00:05:38
========= Epoch 19 =========
181/363: Matthews 0.42529, Accuracy: 63.02083, Loss: 0.026493286
362/363: Matthews 0.41201, Accuracy: 61.45833, Loss: 0.025602527
 
Best Matthews: 0.43432, Best Accuracy: 64.06250, Best Loss: 0.028920499 at epoch 11
Time Elasped: 00:05:56
========= Epoch 20 =========
181/363: Matthews 0.40333, Accuracy: 60.41667, Loss: 0.025133277
362/363: Matthews 0.41640, Accuracy: 61.97917, Loss: 0.026128384
 
Best Matthews: 0.43432, Best Accuracy: 64.06250, Best Loss: 0.028920499 at epoch 11
Time Elasped: 00:06:14
========= Epoch 21 =========
181/363: Matthews 0.41640, Accuracy: 61.97917, Loss: 0.026100084
362/363: Matthews 0.40766, Accuracy: 60.93750, Loss: 0.024851426
 
Best Matthews: 0.43432, Best Accuracy: 64.06250, Best Loss: 0.028920499 at epoch 11
Time Elasped: 00:06:32
========= Epoch 22 =========
181/363: Matthews 0.40766, Accuracy: 60.93750, Loss: 0.025694643
362/363: Matthews 0.42529, Accuracy: 63.02083, Loss: 0.026392594
 
Best Matthews: 0.43432, Best Accuracy: 64.06250, Best Loss: 0.028920499 at epoch 11
Time Elasped: 00:06:51
========= Epoch 23 =========
181/363: Matthews 0.41640, Accuracy: 61.97917, Loss: 0.025648850
362/363: Matthews 0.42529, Accuracy: 63.02083, Loss: 0.026024697
 
Best Matthews: 0.43432, Best Accuracy: 64.06250, Best Loss: 0.028920499 at epoch 11
Time Elasped: 00:07:09
========= Epoch 24 =========
181/363: Matthews 0.42083, Accuracy: 62.50000, Loss: 0.025724972
362/363: Matthews 0.41201, Accuracy: 61.45833, Loss: 0.024933507
 
Best Matthews: 0.43432, Best Accuracy: 64.06250, Best Loss: 0.028920499 at epoch 11
Time Elasped: 00:07:27
========= Epoch 25 =========
181/363: Matthews 0.42529, Accuracy: 63.02083, Loss: 0.026013412
362/363: Matthews 0.40766, Accuracy: 60.93750, Loss: 0.024909961
 
Best Matthews: 0.43432, Best Accuracy: 64.06250, Best Loss: 0.028920499 at epoch 11
Time Elasped: 00:07:45
========= Epoch 26 =========
181/363: Matthews 0.40766, Accuracy: 60.93750, Loss: 0.024556441
362/363: Matthews 0.41640, Accuracy: 61.97917, Loss: 0.025500049
 
Best Matthews: 0.43432, Best Accuracy: 64.06250, Best Loss: 0.028920499 at epoch 11
Time Elasped: 00:08:03
========= Epoch 27 =========
181/363: Matthews 0.41201, Accuracy: 61.45833, Loss: 0.024788658
362/363: Matthews 0.42529, Accuracy: 63.02083, Loss: 0.026323222
 
Best Matthews: 0.43432, Best Accuracy: 64.06250, Best Loss: 0.028920499 at epoch 11
Time Elasped: 00:08:22
========= Epoch 28 =========
181/363: Matthews 0.42083, Accuracy: 62.50000, Loss: 0.025317719
362/363: Matthews 0.42083, Accuracy: 62.50000, Loss: 0.025104697
 
Best Matthews: 0.43432, Best Accuracy: 64.06250, Best Loss: 0.028920499 at epoch 11
Time Elasped: 00:08:40
========= Epoch 29 =========
181/363: Matthews 0.42083, Accuracy: 62.50000, Loss: 0.024517111
362/363: Matthews 0.40766, Accuracy: 60.93750, Loss: 0.024460827
 
Best Matthews: 0.43432, Best Accuracy: 64.06250, Best Loss: 0.028920499 at epoch 11
Time Elasped: 00:08:58
========= Epoch 30 =========
181/363: Matthews 0.41640, Accuracy: 61.97917, Loss: 0.025241139
362/363: Matthews 0.40766, Accuracy: 60.93750, Loss: 0.024738160
 
Best Matthews: 0.43432, Best Accuracy: 64.06250, Best Loss: 0.028920499 at epoch 11
Time Elasped: 00:09:16
========= Epoch 31 =========
181/363: Matthews 0.42083, Accuracy: 62.50000, Loss: 0.025319214
362/363: Matthews 0.43432, Accuracy: 64.06250, Loss: 0.025948018
 
Best Matthews: 0.43432, Best Accuracy: 64.06250, Best Loss: 0.028920499 at epoch 11
Time Elasped: 00:09:34
========= Epoch 32 =========
Early Stopping activated
 
Best Matthews: 0.43432, Best Accuracy: 64.06250, Best Loss: 0.028920499 at epoch 11
Time Elasped: 00:09:45
Test Set:
0/0: Matthews 0.50670, Accuracy: 70.58824, Loss: 0.002036291
