Namespace(batch_size=32, buffer_size=1, by_source=False, crop_pad_length=30, data='./acceptability_corpus/verb_classes_cola/there', data_type='discriminator', dropout=0.5, embedding='glove.6B.300d', embedding_path='/scratch/asw462/models/elmo_encoder/elmo.emb', embedding_size=217, encoder_num_layers=2, encoder_path='/scratch/asw462/models/elmo_encoder/elmo.pth', encoding_size=528, encoding_type='lstm_pooling_classifier', epochs=1000, evaluate_train=False, experiment_name='experiment_linear_classifier_h_104_l_4_lr_0.0000_e_217_do_0.5', glove=False, gpu=True, hidden_size=104, imbalance=True, learning_rate=2e-05, lm_path=None, logs_dir='/scratch/asw462/logs/verb_classes_cola/there', max_pool=False, model='linear_classifier', num_layers=4, output_dir='/scratch/asw462/logs/verb_classes_cola/outputs/there', patience=20, preprocess_tokenizer='space', prints_per_stage=1, resume=True, resume_file=None, save_loc='/scratch/asw462/models/verb_classes_cola/there', seed=1111, should_not_log=False, should_not_lowercase=False, should_not_preprocess_data=False, stages_per_epoch=2, train_embeddings=False, train_evaluate_interval=10, vocab_file='/scratch/asw462/data/vocab_100k.tsv')
======== General =======
Model: linear_classifier
GPU: True
Experiment Name: experiment_linear_classifier_h_104_l_4_lr_0.0000_e_217_do_0.5
Save location: /scratch/asw462/models/verb_classes_cola/there
Logs dir: /scratch/asw462/logs/verb_classes_cola/there
Timestamp: 2018/08/01 22:23:52
 
======== Data =======
Training set: 11603 examples
Validation set: 192 examples
Test set: 680 examples
 
======= Parameters =======
Learning Rate: 0.000020
Batch Size: 32
Epochs: 1000
Patience: 20
Stages per Epoch: 2
Embedding: 100004 x 217
Number of layers: 4
Hidden Size: 104
Encoder Size: 528
Resume: True
 
======= Model =======
LinearClassifierWithEncoder(
  (model): LinearClassifier(
    (dropout): Dropout(p=0.5)
    (enc2h): Linear(in_features=1056, out_features=104, bias=True)
    (h20): Linear(in_features=104, out_features=1, bias=True)
    (sigmoid): Sigmoid()
    (tanh): Tanh()
    (softmax): Softmax()
  )
  (encoder): LSTMPoolingClassifierWithELMo(
    (elmo): ELMOClassifier(
      (lm): LSTMLanguageModel(
        (dropout): Dropout(p=0.2)
        (embedding): Embedding(100003, 217)
        (lstm): LSTM(217, 891, num_layers=2, dropout=0.2)
        (fc): Linear(in_features=891, out_features=100003, bias=True)
      )
      (lstms): ModuleList(
        (0): LSTM(217, 891, batch_first=True)
        (1): LSTM(891, 891, batch_first=True)
      )
      (dropout): Dropout(p=0.2)
      (linear_comb): Linear(in_features=2, out_features=1, bias=True)
      (fc1): Linear(in_features=891, out_features=528, bias=True)
      (relu): ReLU()
      (out): Linear(in_features=528, out_features=1, bias=True)
      (sigmoid): Sigmoid()
    )
    (pooling_classifier): LSTMPoolingClassifier(
      (ih2h): LSTM(891, 528, num_layers=3, batch_first=True, dropout=0.2, bidirectional=True)
      (pool2o): Linear(in_features=1056, out_features=1, bias=True)
      (sigmoid): Sigmoid()
      (softmax): Softmax()
      (dropout): Dropout(p=0.2)
    )
  )
)
 
========= Epoch 1 =========
181/363: Matthews 0.34965, Accuracy: 62.50000, Loss: 0.049665799
362/363: Matthews 0.32749, Accuracy: 61.97917, Loss: 0.046567539
 
Best Matthews: 0.34965, Best Accuracy: 62.50000, Best Loss: 0.049665799 at epoch 1
Time Elasped: 00:00:25
========= Epoch 2 =========
181/363: Matthews 0.32138, Accuracy: 59.37500, Loss: 0.043537547
362/363: Matthews 0.33538, Accuracy: 60.93750, Loss: 0.043163141
 
Best Matthews: 0.34965, Best Accuracy: 62.50000, Best Loss: 0.049665799 at epoch 1
Time Elasped: 00:00:43
========= Epoch 3 =========
181/363: Matthews 0.37558, Accuracy: 61.45833, Loss: 0.041563104
362/363: Matthews 0.37558, Accuracy: 61.45833, Loss: 0.040352633
 
Best Matthews: 0.37558, Best Accuracy: 61.45833, Best Loss: 0.041563104 at epoch 3
Time Elasped: 00:01:03
========= Epoch 4 =========
181/363: Matthews 0.39816, Accuracy: 61.97917, Loss: 0.039619595
362/363: Matthews 0.39816, Accuracy: 61.97917, Loss: 0.038885030
 
Best Matthews: 0.39816, Best Accuracy: 61.97917, Best Loss: 0.039619595 at epoch 4
Time Elasped: 00:01:23
========= Epoch 5 =========
181/363: Matthews 0.41201, Accuracy: 61.45833, Loss: 0.037838459
362/363: Matthews 0.41640, Accuracy: 61.97917, Loss: 0.037281409
 
Best Matthews: 0.41640, Best Accuracy: 61.97917, Best Loss: 0.037281409 at epoch 5
Time Elasped: 00:01:44
========= Epoch 6 =========
181/363: Matthews 0.41201, Accuracy: 61.45833, Loss: 0.036290358
362/363: Matthews 0.41640, Accuracy: 61.97917, Loss: 0.036097631
 
Best Matthews: 0.41640, Best Accuracy: 61.97917, Best Loss: 0.037281409 at epoch 5
Time Elasped: 00:02:03
========= Epoch 7 =========
181/363: Matthews 0.41640, Accuracy: 61.97917, Loss: 0.035502200
362/363: Matthews 0.42083, Accuracy: 62.50000, Loss: 0.035577352
 
Best Matthews: 0.42083, Best Accuracy: 62.50000, Best Loss: 0.035577352 at epoch 7
Time Elasped: 00:02:23
========= Epoch 8 =========
181/363: Matthews 0.41640, Accuracy: 61.97917, Loss: 0.034450417
362/363: Matthews 0.42083, Accuracy: 62.50000, Loss: 0.034416646
 
Best Matthews: 0.42083, Best Accuracy: 62.50000, Best Loss: 0.035577352 at epoch 7
Time Elasped: 00:02:41
========= Epoch 9 =========
181/363: Matthews 0.42083, Accuracy: 62.50000, Loss: 0.034000101
362/363: Matthews 0.41201, Accuracy: 61.45833, Loss: 0.032879765
 
Best Matthews: 0.42083, Best Accuracy: 62.50000, Best Loss: 0.035577352 at epoch 7
Time Elasped: 00:02:59
========= Epoch 10 =========
181/363: Matthews 0.42529, Accuracy: 63.02083, Loss: 0.033245573
362/363: Matthews 0.42529, Accuracy: 63.02083, Loss: 0.033182363
 
Best Matthews: 0.42529, Best Accuracy: 63.02083, Best Loss: 0.033245573 at epoch 10
Time Elasped: 00:03:19
========= Epoch 11 =========
181/363: Matthews 0.42529, Accuracy: 63.02083, Loss: 0.032576765
362/363: Matthews 0.42529, Accuracy: 63.02083, Loss: 0.032250933
 
Best Matthews: 0.42529, Best Accuracy: 63.02083, Best Loss: 0.033245573 at epoch 10
Time Elasped: 00:03:37
========= Epoch 12 =========
181/363: Matthews 0.42529, Accuracy: 63.02083, Loss: 0.032210417
362/363: Matthews 0.41640, Accuracy: 61.97917, Loss: 0.031091059
 
Best Matthews: 0.42529, Best Accuracy: 63.02083, Best Loss: 0.033245573 at epoch 10
Time Elasped: 00:03:55
========= Epoch 13 =========
181/363: Matthews 0.42529, Accuracy: 63.02083, Loss: 0.031189732
362/363: Matthews 0.41640, Accuracy: 61.97917, Loss: 0.030722380
 
Best Matthews: 0.42529, Best Accuracy: 63.02083, Best Loss: 0.033245573 at epoch 10
Time Elasped: 00:04:13
========= Epoch 14 =========
181/363: Matthews 0.42978, Accuracy: 63.54167, Loss: 0.031538988
362/363: Matthews 0.41640, Accuracy: 61.97917, Loss: 0.029989352
 
Best Matthews: 0.42978, Best Accuracy: 63.54167, Best Loss: 0.031538988 at epoch 14
Time Elasped: 00:04:33
========= Epoch 15 =========
181/363: Matthews 0.42529, Accuracy: 63.02083, Loss: 0.030468032
362/363: Matthews 0.41201, Accuracy: 61.45833, Loss: 0.029553545
 
Best Matthews: 0.42978, Best Accuracy: 63.54167, Best Loss: 0.031538988 at epoch 14
Time Elasped: 00:04:51
========= Epoch 16 =========
181/363: Matthews 0.42083, Accuracy: 62.50000, Loss: 0.029595152
362/363: Matthews 0.42529, Accuracy: 63.02083, Loss: 0.029629961
 
Best Matthews: 0.42978, Best Accuracy: 63.54167, Best Loss: 0.031538988 at epoch 14
Time Elasped: 00:05:10
========= Epoch 17 =========
181/363: Matthews 0.43432, Accuracy: 64.06250, Loss: 0.030134236
362/363: Matthews 0.42529, Accuracy: 63.02083, Loss: 0.029043933
 
Best Matthews: 0.43432, Best Accuracy: 64.06250, Best Loss: 0.030134236 at epoch 17
Time Elasped: 00:05:29
========= Epoch 18 =========
181/363: Matthews 0.42529, Accuracy: 63.02083, Loss: 0.029376989
362/363: Matthews 0.41640, Accuracy: 61.97917, Loss: 0.028512205
 
Best Matthews: 0.43432, Best Accuracy: 64.06250, Best Loss: 0.030134236 at epoch 17
Time Elasped: 00:05:48
========= Epoch 19 =========
181/363: Matthews 0.42978, Accuracy: 63.54167, Loss: 0.028861719
362/363: Matthews 0.42978, Accuracy: 63.54167, Loss: 0.028667351
 
Best Matthews: 0.43432, Best Accuracy: 64.06250, Best Loss: 0.030134236 at epoch 17
Time Elasped: 00:06:06
========= Epoch 20 =========
181/363: Matthews 0.43432, Accuracy: 64.06250, Loss: 0.029098511
362/363: Matthews 0.41640, Accuracy: 61.97917, Loss: 0.028074880
 
Best Matthews: 0.43432, Best Accuracy: 64.06250, Best Loss: 0.030134236 at epoch 17
Time Elasped: 00:06:24
========= Epoch 21 =========
181/363: Matthews 0.43432, Accuracy: 64.06250, Loss: 0.028415325
362/363: Matthews 0.41201, Accuracy: 61.45833, Loss: 0.027257204
 
Best Matthews: 0.43432, Best Accuracy: 64.06250, Best Loss: 0.030134236 at epoch 17
Time Elasped: 00:06:42
========= Epoch 22 =========
181/363: Matthews 0.43432, Accuracy: 64.06250, Loss: 0.028108942
362/363: Matthews 0.43432, Accuracy: 64.06250, Loss: 0.027868412
 
Best Matthews: 0.43432, Best Accuracy: 64.06250, Best Loss: 0.030134236 at epoch 17
Time Elasped: 00:07:00
========= Epoch 23 =========
181/363: Matthews 0.43432, Accuracy: 64.06250, Loss: 0.028172414
362/363: Matthews 0.42529, Accuracy: 63.02083, Loss: 0.027347570
 
Best Matthews: 0.43432, Best Accuracy: 64.06250, Best Loss: 0.030134236 at epoch 17
Time Elasped: 00:07:19
========= Epoch 24 =========
181/363: Matthews 0.42529, Accuracy: 63.02083, Loss: 0.027112678
362/363: Matthews 0.42978, Accuracy: 63.54167, Loss: 0.027331417
 
Best Matthews: 0.43432, Best Accuracy: 64.06250, Best Loss: 0.030134236 at epoch 17
Time Elasped: 00:07:37
========= Epoch 25 =========
181/363: Matthews 0.42083, Accuracy: 62.50000, Loss: 0.026634976
362/363: Matthews 0.42978, Accuracy: 63.54167, Loss: 0.027130683
 
Best Matthews: 0.43432, Best Accuracy: 64.06250, Best Loss: 0.030134236 at epoch 17
Time Elasped: 00:07:55
========= Epoch 26 =========
181/363: Matthews 0.42083, Accuracy: 62.50000, Loss: 0.026377934
362/363: Matthews 0.42978, Accuracy: 63.54167, Loss: 0.026798338
 
Best Matthews: 0.43432, Best Accuracy: 64.06250, Best Loss: 0.030134236 at epoch 17
Time Elasped: 00:08:13
========= Epoch 27 =========
181/363: Matthews 0.42083, Accuracy: 62.50000, Loss: 0.026618498
362/363: Matthews 0.42978, Accuracy: 63.54167, Loss: 0.027072795
 
Best Matthews: 0.43432, Best Accuracy: 64.06250, Best Loss: 0.030134236 at epoch 17
Time Elasped: 00:08:32
========= Epoch 28 =========
181/363: Matthews 0.42083, Accuracy: 62.50000, Loss: 0.026347071
362/363: Matthews 0.42083, Accuracy: 62.50000, Loss: 0.026123871
 
Best Matthews: 0.43432, Best Accuracy: 64.06250, Best Loss: 0.030134236 at epoch 17
Time Elasped: 00:08:50
========= Epoch 29 =========
181/363: Matthews 0.42978, Accuracy: 63.54167, Loss: 0.026584392
362/363: Matthews 0.42083, Accuracy: 62.50000, Loss: 0.025982827
 
Best Matthews: 0.43432, Best Accuracy: 64.06250, Best Loss: 0.030134236 at epoch 17
Time Elasped: 00:09:08
========= Epoch 30 =========
181/363: Matthews 0.42978, Accuracy: 63.54167, Loss: 0.026411454
362/363: Matthews 0.42978, Accuracy: 63.54167, Loss: 0.026056876
 
Best Matthews: 0.43432, Best Accuracy: 64.06250, Best Loss: 0.030134236 at epoch 17
Time Elasped: 00:09:26
========= Epoch 31 =========
181/363: Matthews 0.42083, Accuracy: 62.50000, Loss: 0.025416975
362/363: Matthews 0.42978, Accuracy: 63.54167, Loss: 0.025881646
 
Best Matthews: 0.43432, Best Accuracy: 64.06250, Best Loss: 0.030134236 at epoch 17
Time Elasped: 00:09:44
========= Epoch 32 =========
181/363: Matthews 0.41640, Accuracy: 61.97917, Loss: 0.025128057
362/363: Matthews 0.41201, Accuracy: 61.45833, Loss: 0.024815636
 
Best Matthews: 0.43432, Best Accuracy: 64.06250, Best Loss: 0.030134236 at epoch 17
Time Elasped: 00:10:03
========= Epoch 33 =========
181/363: Matthews 0.42083, Accuracy: 62.50000, Loss: 0.025247025
362/363: Matthews 0.42978, Accuracy: 63.54167, Loss: 0.025832181
 
Best Matthews: 0.43432, Best Accuracy: 64.06250, Best Loss: 0.030134236 at epoch 17
Time Elasped: 00:10:21
========= Epoch 34 =========
181/363: Matthews 0.42083, Accuracy: 62.50000, Loss: 0.025047014
362/363: Matthews 0.42083, Accuracy: 62.50000, Loss: 0.025282060
 
Best Matthews: 0.43432, Best Accuracy: 64.06250, Best Loss: 0.030134236 at epoch 17
Time Elasped: 00:10:39
========= Epoch 35 =========
181/363: Matthews 0.42978, Accuracy: 63.54167, Loss: 0.025541584
362/363: Matthews 0.41640, Accuracy: 61.97917, Loss: 0.024241644
 
Best Matthews: 0.43432, Best Accuracy: 64.06250, Best Loss: 0.030134236 at epoch 17
Time Elasped: 00:10:57
========= Epoch 36 =========
181/363: Matthews 0.42083, Accuracy: 62.50000, Loss: 0.024910465
362/363: Matthews 0.42083, Accuracy: 62.50000, Loss: 0.024960712
 
Best Matthews: 0.43432, Best Accuracy: 64.06250, Best Loss: 0.030134236 at epoch 17
Time Elasped: 00:11:16
========= Epoch 37 =========
181/363: Matthews 0.41640, Accuracy: 61.97917, Loss: 0.024542592
362/363: Matthews 0.42083, Accuracy: 62.50000, Loss: 0.024880596
 
Best Matthews: 0.43432, Best Accuracy: 64.06250, Best Loss: 0.030134236 at epoch 17
Time Elasped: 00:11:34
========= Epoch 38 =========
Early Stopping activated
 
Best Matthews: 0.43432, Best Accuracy: 64.06250, Best Loss: 0.030134236 at epoch 17
Time Elasped: 00:11:45
Test Set:
0/0: Matthews 0.49729, Accuracy: 70.44118, Loss: 0.001989754
