Namespace(batch_size=32, buffer_size=1, by_source=False, crop_pad_length=30, data='./acceptability_corpus/verb_classes_cola/there', data_type='discriminator', dropout=0.5, embedding='glove.6B.300d', embedding_path='/scratch/asw462/models/elmo_encoder/elmo.emb', embedding_size=217, encoder_num_layers=2, encoder_path='/scratch/asw462/models/elmo_encoder/elmo.pth', encoding_size=528, encoding_type='lstm_pooling_classifier', epochs=1000, evaluate_train=False, experiment_name='experiment_linear_classifier_h_111_l_4_lr_0.0000_e_217_do_0.5', glove=False, gpu=True, hidden_size=111, imbalance=True, learning_rate=1e-05, lm_path=None, logs_dir='/scratch/asw462/logs/verb_classes_cola/there', max_pool=False, model='linear_classifier', num_layers=4, output_dir='/scratch/asw462/logs/verb_classes_cola/outputs/there', patience=20, preprocess_tokenizer='space', prints_per_stage=1, resume=True, resume_file=None, save_loc='/scratch/asw462/models/verb_classes_cola/there', seed=1111, should_not_log=False, should_not_lowercase=False, should_not_preprocess_data=False, stages_per_epoch=2, train_embeddings=False, train_evaluate_interval=10, vocab_file='/scratch/asw462/data/vocab_100k.tsv')
======== General =======
Model: linear_classifier
GPU: True
Experiment Name: experiment_linear_classifier_h_111_l_4_lr_0.0000_e_217_do_0.5
Save location: /scratch/asw462/models/verb_classes_cola/there
Logs dir: /scratch/asw462/logs/verb_classes_cola/there
Timestamp: 2018/08/01 22:15:07
 
======== Data =======
Training set: 11603 examples
Validation set: 192 examples
Test set: 680 examples
 
======= Parameters =======
Learning Rate: 0.000010
Batch Size: 32
Epochs: 1000
Patience: 20
Stages per Epoch: 2
Embedding: 100004 x 217
Number of layers: 4
Hidden Size: 111
Encoder Size: 528
Resume: True
 
======= Model =======
LinearClassifierWithEncoder(
  (model): LinearClassifier(
    (dropout): Dropout(p=0.5)
    (enc2h): Linear(in_features=1056, out_features=111, bias=True)
    (h20): Linear(in_features=111, out_features=1, bias=True)
    (sigmoid): Sigmoid()
    (tanh): Tanh()
    (softmax): Softmax()
  )
  (encoder): LSTMPoolingClassifierWithELMo(
    (elmo): ELMOClassifier(
      (lm): LSTMLanguageModel(
        (dropout): Dropout(p=0.2)
        (embedding): Embedding(100003, 217)
        (lstm): LSTM(217, 891, num_layers=2, dropout=0.2)
        (fc): Linear(in_features=891, out_features=100003, bias=True)
      )
      (lstms): ModuleList(
        (0): LSTM(217, 891, batch_first=True)
        (1): LSTM(891, 891, batch_first=True)
      )
      (dropout): Dropout(p=0.2)
      (linear_comb): Linear(in_features=2, out_features=1, bias=True)
      (fc1): Linear(in_features=891, out_features=528, bias=True)
      (relu): ReLU()
      (out): Linear(in_features=528, out_features=1, bias=True)
      (sigmoid): Sigmoid()
    )
    (pooling_classifier): LSTMPoolingClassifier(
      (ih2h): LSTM(891, 528, num_layers=3, batch_first=True, dropout=0.2, bidirectional=True)
      (pool2o): Linear(in_features=1056, out_features=1, bias=True)
      (sigmoid): Sigmoid()
      (softmax): Softmax()
      (dropout): Dropout(p=0.2)
    )
  )
)
 
========= Epoch 1 =========
181/363: Matthews 0.26361, Accuracy: 67.18750, Loss: 0.055277427
362/363: Matthews 0.26962, Accuracy: 63.02083, Loss: 0.051734999
 
Best Matthews: 0.26962, Best Accuracy: 63.02083, Best Loss: 0.051734999 at epoch 1
Time Elasped: 00:00:25
========= Epoch 2 =========
181/363: Matthews 0.29819, Accuracy: 62.50000, Loss: 0.049552917
362/363: Matthews 0.31521, Accuracy: 62.50000, Loss: 0.048080573
 
Best Matthews: 0.31521, Best Accuracy: 62.50000, Best Loss: 0.048080573 at epoch 2
Time Elasped: 00:00:45
========= Epoch 3 =========
181/363: Matthews 0.29566, Accuracy: 60.41667, Loss: 0.046427126
362/363: Matthews 0.31786, Accuracy: 60.93750, Loss: 0.045307492
 
Best Matthews: 0.31786, Best Accuracy: 60.93750, Best Loss: 0.045307492 at epoch 3
Time Elasped: 00:01:04
========= Epoch 4 =========
181/363: Matthews 0.31786, Accuracy: 60.93750, Loss: 0.044922193
362/363: Matthews 0.31309, Accuracy: 60.41667, Loss: 0.043892538
 
Best Matthews: 0.31786, Best Accuracy: 60.93750, Best Loss: 0.045307492 at epoch 3
Time Elasped: 00:01:22
========= Epoch 5 =========
181/363: Matthews 0.34848, Accuracy: 60.41667, Loss: 0.042724947
362/363: Matthews 0.31309, Accuracy: 60.41667, Loss: 0.042982956
 
Best Matthews: 0.34848, Best Accuracy: 60.41667, Best Loss: 0.042724947 at epoch 5
Time Elasped: 00:01:41
========= Epoch 6 =========
181/363: Matthews 0.37103, Accuracy: 60.93750, Loss: 0.041615297
362/363: Matthews 0.35310, Accuracy: 60.93750, Loss: 0.041613000
 
Best Matthews: 0.37103, Best Accuracy: 60.93750, Best Loss: 0.041615297 at epoch 6
Time Elasped: 00:02:00
========= Epoch 7 =========
181/363: Matthews 0.37558, Accuracy: 61.45833, Loss: 0.041005624
362/363: Matthews 0.39367, Accuracy: 61.45833, Loss: 0.040315876
 
Best Matthews: 0.39367, Best Accuracy: 61.45833, Best Loss: 0.040315876 at epoch 7
Time Elasped: 00:02:21
========= Epoch 8 =========
181/363: Matthews 0.39367, Accuracy: 61.45833, Loss: 0.040099104
362/363: Matthews 0.39816, Accuracy: 61.97917, Loss: 0.039604073
 
Best Matthews: 0.39816, Best Accuracy: 61.97917, Best Loss: 0.039604073 at epoch 8
Time Elasped: 00:02:40
========= Epoch 9 =========
181/363: Matthews 0.39816, Accuracy: 61.97917, Loss: 0.039431602
362/363: Matthews 0.41640, Accuracy: 61.97917, Loss: 0.038471706
 
Best Matthews: 0.41640, Best Accuracy: 61.97917, Best Loss: 0.038471706 at epoch 9
Time Elasped: 00:02:59
========= Epoch 10 =========
181/363: Matthews 0.39816, Accuracy: 61.97917, Loss: 0.038622213
362/363: Matthews 0.41640, Accuracy: 61.97917, Loss: 0.038090346
 
Best Matthews: 0.41640, Best Accuracy: 61.97917, Best Loss: 0.038471706 at epoch 9
Time Elasped: 00:03:17
========= Epoch 11 =========
181/363: Matthews 0.41640, Accuracy: 61.97917, Loss: 0.037772139
362/363: Matthews 0.42083, Accuracy: 62.50000, Loss: 0.037743916
 
Best Matthews: 0.42083, Best Accuracy: 62.50000, Best Loss: 0.037743916 at epoch 11
Time Elasped: 00:03:36
========= Epoch 12 =========
181/363: Matthews 0.41201, Accuracy: 61.45833, Loss: 0.037064557
362/363: Matthews 0.39816, Accuracy: 61.97917, Loss: 0.037350704
 
Best Matthews: 0.42083, Best Accuracy: 62.50000, Best Loss: 0.037743916 at epoch 11
Time Elasped: 00:03:53
========= Epoch 13 =========
181/363: Matthews 0.41201, Accuracy: 61.45833, Loss: 0.036499615
362/363: Matthews 0.41640, Accuracy: 61.97917, Loss: 0.036486283
 
Best Matthews: 0.42083, Best Accuracy: 62.50000, Best Loss: 0.037743916 at epoch 11
Time Elasped: 00:04:10
========= Epoch 14 =========
181/363: Matthews 0.41201, Accuracy: 61.45833, Loss: 0.035894841
362/363: Matthews 0.42529, Accuracy: 63.02083, Loss: 0.036378036
 
Best Matthews: 0.42529, Best Accuracy: 63.02083, Best Loss: 0.036378036 at epoch 14
Time Elasped: 00:04:30
========= Epoch 15 =========
181/363: Matthews 0.42083, Accuracy: 62.50000, Loss: 0.035888722
362/363: Matthews 0.42083, Accuracy: 62.50000, Loss: 0.035564706
 
Best Matthews: 0.42529, Best Accuracy: 63.02083, Best Loss: 0.036378036 at epoch 14
Time Elasped: 00:04:47
========= Epoch 16 =========
181/363: Matthews 0.42083, Accuracy: 62.50000, Loss: 0.035668239
362/363: Matthews 0.42083, Accuracy: 62.50000, Loss: 0.034953741
 
Best Matthews: 0.42529, Best Accuracy: 63.02083, Best Loss: 0.036378036 at epoch 14
Time Elasped: 00:05:04
========= Epoch 17 =========
181/363: Matthews 0.41640, Accuracy: 61.97917, Loss: 0.034335951
362/363: Matthews 0.42083, Accuracy: 62.50000, Loss: 0.034731992
 
Best Matthews: 0.42529, Best Accuracy: 63.02083, Best Loss: 0.036378036 at epoch 14
Time Elasped: 00:05:22
========= Epoch 18 =========
181/363: Matthews 0.42083, Accuracy: 62.50000, Loss: 0.034563795
362/363: Matthews 0.41640, Accuracy: 61.97917, Loss: 0.033961721
 
Best Matthews: 0.42529, Best Accuracy: 63.02083, Best Loss: 0.036378036 at epoch 14
Time Elasped: 00:05:39
========= Epoch 19 =========
181/363: Matthews 0.41640, Accuracy: 61.97917, Loss: 0.033713306
362/363: Matthews 0.41640, Accuracy: 61.97917, Loss: 0.033685153
 
Best Matthews: 0.42529, Best Accuracy: 63.02083, Best Loss: 0.036378036 at epoch 14
Time Elasped: 00:05:57
========= Epoch 20 =========
181/363: Matthews 0.41640, Accuracy: 61.97917, Loss: 0.033365764
362/363: Matthews 0.41640, Accuracy: 61.97917, Loss: 0.033076537
 
Best Matthews: 0.42529, Best Accuracy: 63.02083, Best Loss: 0.036378036 at epoch 14
Time Elasped: 00:06:14
========= Epoch 21 =========
181/363: Matthews 0.41640, Accuracy: 61.97917, Loss: 0.033110221
362/363: Matthews 0.42529, Accuracy: 63.02083, Loss: 0.033423508
 
Best Matthews: 0.42529, Best Accuracy: 63.02083, Best Loss: 0.036378036 at epoch 14
Time Elasped: 00:06:31
========= Epoch 22 =========
181/363: Matthews 0.42529, Accuracy: 63.02083, Loss: 0.033656110
362/363: Matthews 0.41640, Accuracy: 61.97917, Loss: 0.032709067
 
Best Matthews: 0.42529, Best Accuracy: 63.02083, Best Loss: 0.036378036 at epoch 14
Time Elasped: 00:06:49
========= Epoch 23 =========
181/363: Matthews 0.41201, Accuracy: 61.45833, Loss: 0.032097245
362/363: Matthews 0.42529, Accuracy: 63.02083, Loss: 0.032909624
 
Best Matthews: 0.42529, Best Accuracy: 63.02083, Best Loss: 0.036378036 at epoch 14
Time Elasped: 00:07:06
========= Epoch 24 =========
181/363: Matthews 0.41640, Accuracy: 61.97917, Loss: 0.032388526
362/363: Matthews 0.41640, Accuracy: 61.97917, Loss: 0.032216772
 
Best Matthews: 0.42529, Best Accuracy: 63.02083, Best Loss: 0.036378036 at epoch 14
Time Elasped: 00:07:24
========= Epoch 25 =========
181/363: Matthews 0.42529, Accuracy: 63.02083, Loss: 0.032264615
362/363: Matthews 0.41640, Accuracy: 61.97917, Loss: 0.031741324
 
Best Matthews: 0.42529, Best Accuracy: 63.02083, Best Loss: 0.036378036 at epoch 14
Time Elasped: 00:07:41
========= Epoch 26 =========
181/363: Matthews 0.41640, Accuracy: 61.97917, Loss: 0.031680986
362/363: Matthews 0.42083, Accuracy: 62.50000, Loss: 0.031708265
 
Best Matthews: 0.42529, Best Accuracy: 63.02083, Best Loss: 0.036378036 at epoch 14
Time Elasped: 00:07:58
========= Epoch 27 =========
181/363: Matthews 0.42529, Accuracy: 63.02083, Loss: 0.031520118
362/363: Matthews 0.41640, Accuracy: 61.97917, Loss: 0.031051574
 
Best Matthews: 0.42529, Best Accuracy: 63.02083, Best Loss: 0.036378036 at epoch 14
Time Elasped: 00:08:16
========= Epoch 28 =========
181/363: Matthews 0.42083, Accuracy: 62.50000, Loss: 0.031349987
362/363: Matthews 0.41640, Accuracy: 61.97917, Loss: 0.031194789
 
Best Matthews: 0.42529, Best Accuracy: 63.02083, Best Loss: 0.036378036 at epoch 14
Time Elasped: 00:08:33
========= Epoch 29 =========
181/363: Matthews 0.41640, Accuracy: 61.97917, Loss: 0.030766437
362/363: Matthews 0.42529, Accuracy: 63.02083, Loss: 0.031013111
 
Best Matthews: 0.42529, Best Accuracy: 63.02083, Best Loss: 0.036378036 at epoch 14
Time Elasped: 00:08:51
========= Epoch 30 =========
181/363: Matthews 0.42529, Accuracy: 63.02083, Loss: 0.031023219
362/363: Matthews 0.41640, Accuracy: 61.97917, Loss: 0.030481085
 
Best Matthews: 0.42529, Best Accuracy: 63.02083, Best Loss: 0.036378036 at epoch 14
Time Elasped: 00:09:08
========= Epoch 31 =========
181/363: Matthews 0.41640, Accuracy: 61.97917, Loss: 0.030094837
362/363: Matthews 0.42978, Accuracy: 63.54167, Loss: 0.030653457
 
Best Matthews: 0.42978, Best Accuracy: 63.54167, Best Loss: 0.030653457 at epoch 31
Time Elasped: 00:09:27
========= Epoch 32 =========
181/363: Matthews 0.41640, Accuracy: 61.97917, Loss: 0.030148419
362/363: Matthews 0.41640, Accuracy: 61.97917, Loss: 0.030023493
 
Best Matthews: 0.42978, Best Accuracy: 63.54167, Best Loss: 0.030653457 at epoch 31
Time Elasped: 00:09:44
========= Epoch 33 =========
181/363: Matthews 0.42083, Accuracy: 62.50000, Loss: 0.030121547
362/363: Matthews 0.41640, Accuracy: 61.97917, Loss: 0.029667025
 
Best Matthews: 0.42978, Best Accuracy: 63.54167, Best Loss: 0.030653457 at epoch 31
Time Elasped: 00:10:02
========= Epoch 34 =========
181/363: Matthews 0.41640, Accuracy: 61.97917, Loss: 0.029816975
362/363: Matthews 0.42529, Accuracy: 63.02083, Loss: 0.030010832
 
Best Matthews: 0.42978, Best Accuracy: 63.54167, Best Loss: 0.030653457 at epoch 31
Time Elasped: 00:10:19
========= Epoch 35 =========
181/363: Matthews 0.42083, Accuracy: 62.50000, Loss: 0.029619043
362/363: Matthews 0.42083, Accuracy: 62.50000, Loss: 0.029755915
 
Best Matthews: 0.42978, Best Accuracy: 63.54167, Best Loss: 0.030653457 at epoch 31
Time Elasped: 00:10:37
========= Epoch 36 =========
181/363: Matthews 0.42083, Accuracy: 62.50000, Loss: 0.029421300
362/363: Matthews 0.42083, Accuracy: 62.50000, Loss: 0.029314811
 
Best Matthews: 0.42978, Best Accuracy: 63.54167, Best Loss: 0.030653457 at epoch 31
Time Elasped: 00:10:54
========= Epoch 37 =========
181/363: Matthews 0.42083, Accuracy: 62.50000, Loss: 0.029374259
362/363: Matthews 0.42083, Accuracy: 62.50000, Loss: 0.028939342
 
Best Matthews: 0.42978, Best Accuracy: 63.54167, Best Loss: 0.030653457 at epoch 31
Time Elasped: 00:11:11
========= Epoch 38 =========
181/363: Matthews 0.42083, Accuracy: 62.50000, Loss: 0.028931747
362/363: Matthews 0.42529, Accuracy: 63.02083, Loss: 0.029295909
 
Best Matthews: 0.42978, Best Accuracy: 63.54167, Best Loss: 0.030653457 at epoch 31
Time Elasped: 00:11:29
========= Epoch 39 =========
181/363: Matthews 0.42083, Accuracy: 62.50000, Loss: 0.028658355
362/363: Matthews 0.42083, Accuracy: 62.50000, Loss: 0.028560127
 
Best Matthews: 0.42978, Best Accuracy: 63.54167, Best Loss: 0.030653457 at epoch 31
Time Elasped: 00:11:46
========= Epoch 40 =========
181/363: Matthews 0.42083, Accuracy: 62.50000, Loss: 0.029002773
362/363: Matthews 0.42083, Accuracy: 62.50000, Loss: 0.028655690
 
Best Matthews: 0.42978, Best Accuracy: 63.54167, Best Loss: 0.030653457 at epoch 31
Time Elasped: 00:12:04
========= Epoch 41 =========
181/363: Matthews 0.42083, Accuracy: 62.50000, Loss: 0.028375119
362/363: Matthews 0.42083, Accuracy: 62.50000, Loss: 0.028690914
 
Best Matthews: 0.42978, Best Accuracy: 63.54167, Best Loss: 0.030653457 at epoch 31
Time Elasped: 00:12:21
========= Epoch 42 =========
181/363: Matthews 0.42083, Accuracy: 62.50000, Loss: 0.028227612
362/363: Matthews 0.42083, Accuracy: 62.50000, Loss: 0.028331444
 
Best Matthews: 0.42978, Best Accuracy: 63.54167, Best Loss: 0.030653457 at epoch 31
Time Elasped: 00:12:39
========= Epoch 43 =========
181/363: Matthews 0.42529, Accuracy: 63.02083, Loss: 0.028566569
362/363: Matthews 0.42083, Accuracy: 62.50000, Loss: 0.028158600
 
Best Matthews: 0.42978, Best Accuracy: 63.54167, Best Loss: 0.030653457 at epoch 31
Time Elasped: 00:12:56
========= Epoch 44 =========
181/363: Matthews 0.42083, Accuracy: 62.50000, Loss: 0.028088371
362/363: Matthews 0.42083, Accuracy: 62.50000, Loss: 0.027935237
 
Best Matthews: 0.42978, Best Accuracy: 63.54167, Best Loss: 0.030653457 at epoch 31
Time Elasped: 00:13:13
========= Epoch 45 =========
181/363: Matthews 0.42083, Accuracy: 62.50000, Loss: 0.028233610
362/363: Matthews 0.42083, Accuracy: 62.50000, Loss: 0.027891117
 
Best Matthews: 0.42978, Best Accuracy: 63.54167, Best Loss: 0.030653457 at epoch 31
Time Elasped: 00:13:31
========= Epoch 46 =========
181/363: Matthews 0.42083, Accuracy: 62.50000, Loss: 0.028112687
362/363: Matthews 0.42083, Accuracy: 62.50000, Loss: 0.027675574
 
Best Matthews: 0.42978, Best Accuracy: 63.54167, Best Loss: 0.030653457 at epoch 31
Time Elasped: 00:13:48
========= Epoch 47 =========
181/363: Matthews 0.42083, Accuracy: 62.50000, Loss: 0.027534214
362/363: Matthews 0.42083, Accuracy: 62.50000, Loss: 0.027816226
 
Best Matthews: 0.42978, Best Accuracy: 63.54167, Best Loss: 0.030653457 at epoch 31
Time Elasped: 00:14:06
========= Epoch 48 =========
181/363: Matthews 0.42083, Accuracy: 62.50000, Loss: 0.027914648
362/363: Matthews 0.42083, Accuracy: 62.50000, Loss: 0.027416716
 
Best Matthews: 0.42978, Best Accuracy: 63.54167, Best Loss: 0.030653457 at epoch 31
Time Elasped: 00:14:23
========= Epoch 49 =========
181/363: Matthews 0.42083, Accuracy: 62.50000, Loss: 0.027461492
362/363: Matthews 0.42083, Accuracy: 62.50000, Loss: 0.027684753
 
Best Matthews: 0.42978, Best Accuracy: 63.54167, Best Loss: 0.030653457 at epoch 31
Time Elasped: 00:14:41
========= Epoch 50 =========
181/363: Matthews 0.42083, Accuracy: 62.50000, Loss: 0.027603999
362/363: Matthews 0.42083, Accuracy: 62.50000, Loss: 0.027070468
 
Best Matthews: 0.42978, Best Accuracy: 63.54167, Best Loss: 0.030653457 at epoch 31
Time Elasped: 00:14:58
========= Epoch 51 =========
181/363: Matthews 0.42083, Accuracy: 62.50000, Loss: 0.026937947
362/363: Matthews 0.42083, Accuracy: 62.50000, Loss: 0.027437756
 
Best Matthews: 0.42978, Best Accuracy: 63.54167, Best Loss: 0.030653457 at epoch 31
Time Elasped: 00:15:15
========= Epoch 52 =========
Early Stopping activated
 
Best Matthews: 0.42978, Best Accuracy: 63.54167, Best Loss: 0.030653457 at epoch 31
Time Elasped: 00:15:26
Test Set:
0/0: Matthews 0.50670, Accuracy: 70.58824, Loss: 0.002051645
